[2023-11-23T05:41:47.887+0000] {taskinstance.py:1165} INFO - Dependencies all met for <TaskInstance: rand_user.process_user manual__2023-11-23T05:39:34.674809+00:00 [queued]>
[2023-11-23T05:41:47.905+0000] {taskinstance.py:1165} INFO - Dependencies all met for <TaskInstance: rand_user.process_user manual__2023-11-23T05:39:34.674809+00:00 [queued]>
[2023-11-23T05:41:47.906+0000] {taskinstance.py:1362} INFO - 
--------------------------------------------------------------------------------
[2023-11-23T05:41:47.906+0000] {taskinstance.py:1363} INFO - Starting attempt 1 of 3
[2023-11-23T05:41:47.906+0000] {taskinstance.py:1364} INFO - 
--------------------------------------------------------------------------------
[2023-11-23T05:41:47.930+0000] {taskinstance.py:1383} INFO - Executing <Task(PythonOperator): process_user> on 2023-11-23 05:39:34.674809+00:00
[2023-11-23T05:41:47.939+0000] {standard_task_runner.py:55} INFO - Started process 4553 to run task
[2023-11-23T05:41:47.945+0000] {standard_task_runner.py:82} INFO - Running: ['***', 'tasks', 'run', 'rand_user', 'process_user', 'manual__2023-11-23T05:39:34.674809+00:00', '--job-id', '407', '--raw', '--subdir', 'DAGS_FOLDER/predictions.py', '--cfg-path', '/tmp/tmpuegbulye']
[2023-11-23T05:41:47.948+0000] {standard_task_runner.py:83} INFO - Job 407: Subtask process_user
[2023-11-23T05:41:48.033+0000] {task_command.py:376} INFO - Running <TaskInstance: rand_user.process_user manual__2023-11-23T05:39:34.674809+00:00 [running]> on host f71f95879a41
[2023-11-23T05:41:48.124+0000] {taskinstance.py:1592} INFO - Exporting the following env vars:
AIRFLOW_CTX_DAG_OWNER=Gaurav
AIRFLOW_CTX_DAG_ID=rand_user
AIRFLOW_CTX_TASK_ID=process_user
AIRFLOW_CTX_EXECUTION_DATE=2023-11-23T05:39:34.674809+00:00
AIRFLOW_CTX_TRY_NUMBER=1
AIRFLOW_CTX_DAG_RUN_ID=manual__2023-11-23T05:39:34.674809+00:00
[2023-11-23T05:41:48.153+0000] {python.py:177} INFO - Done. Returned value was: None
[2023-11-23T05:41:48.168+0000] {taskinstance.py:1406} INFO - Marking task as SUCCESS. dag_id=rand_user, task_id=process_user, execution_date=20231123T053934, start_date=20231123T054147, end_date=20231123T054148
[2023-11-23T05:41:48.195+0000] {local_task_job.py:164} INFO - Task exited with return code 0
[2023-11-23T05:41:48.234+0000] {local_task_job.py:273} INFO - 1 downstream tasks scheduled from follow-on schedule check
