[2023-11-22T10:19:33.700+0000] {taskinstance.py:1165} INFO - Dependencies all met for <TaskInstance: Data_transfer.extract_user manual__2023-11-22T10:19:27.558989+00:00 [queued]>
[2023-11-22T10:19:33.722+0000] {taskinstance.py:1165} INFO - Dependencies all met for <TaskInstance: Data_transfer.extract_user manual__2023-11-22T10:19:27.558989+00:00 [queued]>
[2023-11-22T10:19:33.723+0000] {taskinstance.py:1362} INFO - 
--------------------------------------------------------------------------------
[2023-11-22T10:19:33.723+0000] {taskinstance.py:1363} INFO - Starting attempt 1 of 3
[2023-11-22T10:19:33.724+0000] {taskinstance.py:1364} INFO - 
--------------------------------------------------------------------------------
[2023-11-22T10:19:33.748+0000] {taskinstance.py:1383} INFO - Executing <Task(SimpleHttpOperator): extract_user> on 2023-11-22 10:19:27.558989+00:00
[2023-11-22T10:19:33.757+0000] {standard_task_runner.py:55} INFO - Started process 6888 to run task
[2023-11-22T10:19:33.764+0000] {standard_task_runner.py:82} INFO - Running: ['***', 'tasks', 'run', 'Data_transfer', 'extract_user', 'manual__2023-11-22T10:19:27.558989+00:00', '--job-id', '184', '--raw', '--subdir', 'DAGS_FOLDER/data_transfer.py', '--cfg-path', '/tmp/tmpdum06_nm']
[2023-11-22T10:19:33.767+0000] {standard_task_runner.py:83} INFO - Job 184: Subtask extract_user
[2023-11-22T10:19:33.893+0000] {task_command.py:376} INFO - Running <TaskInstance: Data_transfer.extract_user manual__2023-11-22T10:19:27.558989+00:00 [running]> on host f71f95879a41
[2023-11-22T10:19:34.004+0000] {taskinstance.py:1592} INFO - Exporting the following env vars:
AIRFLOW_CTX_DAG_OWNER=Gaurav
AIRFLOW_CTX_DAG_ID=Data_transfer
AIRFLOW_CTX_TASK_ID=extract_user
AIRFLOW_CTX_EXECUTION_DATE=2023-11-22T10:19:27.558989+00:00
AIRFLOW_CTX_TRY_NUMBER=1
AIRFLOW_CTX_DAG_RUN_ID=manual__2023-11-22T10:19:27.558989+00:00
[2023-11-22T10:19:34.005+0000] {http.py:121} INFO - Calling HTTP method
[2023-11-22T10:19:34.021+0000] {base.py:71} INFO - Using connection ID 'rand_user_api' for task execution.
[2023-11-22T10:19:34.024+0000] {http.py:148} INFO - Sending 'GET' to url: https://randomuser.me/api/
[2023-11-22T10:19:34.429+0000] {http.py:125} INFO - {"results":[{"gender":"female","name":{"title":"Mrs","first":"Katarina","last":"Divac"},"location":{"street":{"number":7524,"name":"Kapetana Deroka"},"city":"Smederevo","state":"Kosovo-Pomoravlje","country":"Serbia","postcode":84293,"coordinates":{"latitude":"56.1780","longitude":"36.6771"},"timezone":{"offset":"+4:30","description":"Kabul"}},"email":"katarina.divac@example.com","login":{"uuid":"625ac5c3-dd96-4812-8af2-7c8418a11b84","username":"blackladybug776","password":"weston","salt":"YLxHfktM","md5":"1b03e586e017c2a2793c187982d643d9","sha1":"a165e5ada0415fb3c4a14011d4e946a2573f2c28","sha256":"7e4cdea92069ebd792acc88ba479ecfcc726ca8ebb5a26c0b30ca33ca3316b0f"},"dob":{"date":"1975-05-05T01:11:24.769Z","age":48},"registered":{"date":"2007-11-25T00:16:05.195Z","age":15},"phone":"026-1065-221","cell":"069-5740-925","id":{"name":"SID","value":"863779418"},"picture":{"large":"https://randomuser.me/api/portraits/women/6.jpg","medium":"https://randomuser.me/api/portraits/med/women/6.jpg","thumbnail":"https://randomuser.me/api/portraits/thumb/women/6.jpg"},"nat":"RS"}],"info":{"seed":"3846c58002503dd5","results":1,"page":1,"version":"1.4"}}
[2023-11-22T10:19:34.479+0000] {taskinstance.py:1406} INFO - Marking task as SUCCESS. dag_id=Data_transfer, task_id=extract_user, execution_date=20231122T101927, start_date=20231122T101933, end_date=20231122T101934
[2023-11-22T10:19:34.550+0000] {local_task_job.py:164} INFO - Task exited with return code 0
[2023-11-22T10:19:34.599+0000] {local_task_job.py:273} INFO - 1 downstream tasks scheduled from follow-on schedule check
