[2023-11-08T05:14:29.467+0000] {processor.py:154} INFO - Started process (PID=64) to work on /home/airflow/.local/lib/python3.7/site-packages/airflow/example_dags/example_python_operator.py
[2023-11-08T05:14:29.469+0000] {processor.py:756} INFO - Processing file /home/airflow/.local/lib/python3.7/site-packages/airflow/example_dags/example_python_operator.py for tasks to queue
[2023-11-08T05:14:29.471+0000] {logging_mixin.py:120} INFO - [2023-11-08T05:14:29.470+0000] {dagbag.py:537} INFO - Filling up the DagBag from /home/airflow/.local/lib/python3.7/site-packages/airflow/example_dags/example_python_operator.py
[2023-11-08T05:14:29.495+0000] {logging_mixin.py:120} INFO - [2023-11-08T05:14:29.495+0000] {taskmixin.py:205} WARNING - Dependency <Task(_PythonDecoratedOperator): print_the_context>, log_sql_query already registered for DAG: example_python_operator
[2023-11-08T05:14:29.496+0000] {logging_mixin.py:120} INFO - [2023-11-08T05:14:29.495+0000] {taskmixin.py:205} WARNING - Dependency <Task(_PythonDecoratedOperator): log_sql_query>, print_the_context already registered for DAG: example_python_operator
[2023-11-08T05:14:29.497+0000] {logging_mixin.py:120} INFO - [2023-11-08T05:14:29.497+0000] {taskmixin.py:205} WARNING - Dependency <Task(_PythonDecoratedOperator): print_the_context>, log_sql_query already registered for DAG: example_python_operator
[2023-11-08T05:14:29.498+0000] {logging_mixin.py:120} INFO - [2023-11-08T05:14:29.498+0000] {taskmixin.py:205} WARNING - Dependency <Task(_PythonDecoratedOperator): log_sql_query>, print_the_context already registered for DAG: example_python_operator
[2023-11-08T05:14:29.500+0000] {logging_mixin.py:120} INFO - [2023-11-08T05:14:29.499+0000] {taskmixin.py:205} WARNING - Dependency <Task(_PythonDecoratedOperator): print_the_context>, log_sql_query already registered for DAG: example_python_operator
[2023-11-08T05:14:29.500+0000] {logging_mixin.py:120} INFO - [2023-11-08T05:14:29.500+0000] {taskmixin.py:205} WARNING - Dependency <Task(_PythonDecoratedOperator): log_sql_query>, print_the_context already registered for DAG: example_python_operator
[2023-11-08T05:14:29.502+0000] {logging_mixin.py:120} INFO - [2023-11-08T05:14:29.502+0000] {taskmixin.py:205} WARNING - Dependency <Task(_PythonDecoratedOperator): print_the_context>, log_sql_query already registered for DAG: example_python_operator
[2023-11-08T05:14:29.502+0000] {logging_mixin.py:120} INFO - [2023-11-08T05:14:29.502+0000] {taskmixin.py:205} WARNING - Dependency <Task(_PythonDecoratedOperator): log_sql_query>, print_the_context already registered for DAG: example_python_operator
[2023-11-08T05:14:29.516+0000] {processor.py:766} INFO - DAG(s) dict_keys(['example_python_operator']) retrieved from /home/airflow/.local/lib/python3.7/site-packages/airflow/example_dags/example_python_operator.py
[2023-11-08T05:14:29.712+0000] {logging_mixin.py:120} INFO - [2023-11-08T05:14:29.712+0000] {manager.py:507} INFO - Created Permission View: can read on DAG:example_python_operator
[2023-11-08T05:14:29.729+0000] {logging_mixin.py:120} INFO - [2023-11-08T05:14:29.728+0000] {manager.py:507} INFO - Created Permission View: can edit on DAG:example_python_operator
[2023-11-08T05:14:29.741+0000] {logging_mixin.py:120} INFO - [2023-11-08T05:14:29.741+0000] {manager.py:507} INFO - Created Permission View: can delete on DAG:example_python_operator
[2023-11-08T05:14:29.742+0000] {logging_mixin.py:120} INFO - [2023-11-08T05:14:29.742+0000] {dag.py:2585} INFO - Sync 1 DAGs
[2023-11-08T05:14:29.770+0000] {logging_mixin.py:120} INFO - [2023-11-08T05:14:29.770+0000] {dag.py:2606} INFO - Creating ORM DAG for example_python_operator
[2023-11-08T05:14:29.790+0000] {logging_mixin.py:120} INFO - [2023-11-08T05:14:29.790+0000] {dag.py:3340} INFO - Setting next_dagrun for example_python_operator to None, run_after=None
[2023-11-08T05:14:29.813+0000] {processor.py:176} INFO - Processing /home/airflow/.local/lib/python3.7/site-packages/airflow/example_dags/example_python_operator.py took 0.350 seconds
[2023-11-08T05:15:00.028+0000] {processor.py:154} INFO - Started process (PID=127) to work on /home/airflow/.local/lib/python3.7/site-packages/airflow/example_dags/example_python_operator.py
[2023-11-08T05:15:00.031+0000] {processor.py:756} INFO - Processing file /home/airflow/.local/lib/python3.7/site-packages/airflow/example_dags/example_python_operator.py for tasks to queue
[2023-11-08T05:15:00.033+0000] {logging_mixin.py:120} INFO - [2023-11-08T05:15:00.033+0000] {dagbag.py:537} INFO - Filling up the DagBag from /home/airflow/.local/lib/python3.7/site-packages/airflow/example_dags/example_python_operator.py
[2023-11-08T05:15:00.073+0000] {logging_mixin.py:120} INFO - [2023-11-08T05:15:00.072+0000] {taskmixin.py:205} WARNING - Dependency <Task(_PythonDecoratedOperator): print_the_context>, log_sql_query already registered for DAG: example_python_operator
[2023-11-08T05:15:00.073+0000] {logging_mixin.py:120} INFO - [2023-11-08T05:15:00.073+0000] {taskmixin.py:205} WARNING - Dependency <Task(_PythonDecoratedOperator): log_sql_query>, print_the_context already registered for DAG: example_python_operator
[2023-11-08T05:15:00.076+0000] {logging_mixin.py:120} INFO - [2023-11-08T05:15:00.075+0000] {taskmixin.py:205} WARNING - Dependency <Task(_PythonDecoratedOperator): print_the_context>, log_sql_query already registered for DAG: example_python_operator
[2023-11-08T05:15:00.077+0000] {logging_mixin.py:120} INFO - [2023-11-08T05:15:00.076+0000] {taskmixin.py:205} WARNING - Dependency <Task(_PythonDecoratedOperator): log_sql_query>, print_the_context already registered for DAG: example_python_operator
[2023-11-08T05:15:00.079+0000] {logging_mixin.py:120} INFO - [2023-11-08T05:15:00.079+0000] {taskmixin.py:205} WARNING - Dependency <Task(_PythonDecoratedOperator): print_the_context>, log_sql_query already registered for DAG: example_python_operator
[2023-11-08T05:15:00.080+0000] {logging_mixin.py:120} INFO - [2023-11-08T05:15:00.080+0000] {taskmixin.py:205} WARNING - Dependency <Task(_PythonDecoratedOperator): log_sql_query>, print_the_context already registered for DAG: example_python_operator
[2023-11-08T05:15:00.082+0000] {logging_mixin.py:120} INFO - [2023-11-08T05:15:00.082+0000] {taskmixin.py:205} WARNING - Dependency <Task(_PythonDecoratedOperator): print_the_context>, log_sql_query already registered for DAG: example_python_operator
[2023-11-08T05:15:00.083+0000] {logging_mixin.py:120} INFO - [2023-11-08T05:15:00.082+0000] {taskmixin.py:205} WARNING - Dependency <Task(_PythonDecoratedOperator): log_sql_query>, print_the_context already registered for DAG: example_python_operator
[2023-11-08T05:15:00.100+0000] {processor.py:766} INFO - DAG(s) dict_keys(['example_python_operator']) retrieved from /home/airflow/.local/lib/python3.7/site-packages/airflow/example_dags/example_python_operator.py
[2023-11-08T05:15:00.184+0000] {logging_mixin.py:120} INFO - [2023-11-08T05:15:00.184+0000] {dag.py:2585} INFO - Sync 1 DAGs
[2023-11-08T05:15:00.227+0000] {logging_mixin.py:120} INFO - [2023-11-08T05:15:00.227+0000] {dag.py:3340} INFO - Setting next_dagrun for example_python_operator to None, run_after=None
[2023-11-08T05:15:00.254+0000] {processor.py:176} INFO - Processing /home/airflow/.local/lib/python3.7/site-packages/airflow/example_dags/example_python_operator.py took 0.230 seconds
[2023-11-08T05:15:30.507+0000] {processor.py:154} INFO - Started process (PID=182) to work on /home/airflow/.local/lib/python3.7/site-packages/airflow/example_dags/example_python_operator.py
[2023-11-08T05:15:30.508+0000] {processor.py:756} INFO - Processing file /home/airflow/.local/lib/python3.7/site-packages/airflow/example_dags/example_python_operator.py for tasks to queue
[2023-11-08T05:15:30.510+0000] {logging_mixin.py:120} INFO - [2023-11-08T05:15:30.509+0000] {dagbag.py:537} INFO - Filling up the DagBag from /home/airflow/.local/lib/python3.7/site-packages/airflow/example_dags/example_python_operator.py
[2023-11-08T05:15:30.528+0000] {logging_mixin.py:120} INFO - [2023-11-08T05:15:30.528+0000] {taskmixin.py:205} WARNING - Dependency <Task(_PythonDecoratedOperator): print_the_context>, log_sql_query already registered for DAG: example_python_operator
[2023-11-08T05:15:30.529+0000] {logging_mixin.py:120} INFO - [2023-11-08T05:15:30.529+0000] {taskmixin.py:205} WARNING - Dependency <Task(_PythonDecoratedOperator): log_sql_query>, print_the_context already registered for DAG: example_python_operator
[2023-11-08T05:15:30.531+0000] {logging_mixin.py:120} INFO - [2023-11-08T05:15:30.530+0000] {taskmixin.py:205} WARNING - Dependency <Task(_PythonDecoratedOperator): print_the_context>, log_sql_query already registered for DAG: example_python_operator
[2023-11-08T05:15:30.531+0000] {logging_mixin.py:120} INFO - [2023-11-08T05:15:30.531+0000] {taskmixin.py:205} WARNING - Dependency <Task(_PythonDecoratedOperator): log_sql_query>, print_the_context already registered for DAG: example_python_operator
[2023-11-08T05:15:30.532+0000] {logging_mixin.py:120} INFO - [2023-11-08T05:15:30.532+0000] {taskmixin.py:205} WARNING - Dependency <Task(_PythonDecoratedOperator): print_the_context>, log_sql_query already registered for DAG: example_python_operator
[2023-11-08T05:15:30.533+0000] {logging_mixin.py:120} INFO - [2023-11-08T05:15:30.532+0000] {taskmixin.py:205} WARNING - Dependency <Task(_PythonDecoratedOperator): log_sql_query>, print_the_context already registered for DAG: example_python_operator
[2023-11-08T05:15:30.534+0000] {logging_mixin.py:120} INFO - [2023-11-08T05:15:30.534+0000] {taskmixin.py:205} WARNING - Dependency <Task(_PythonDecoratedOperator): print_the_context>, log_sql_query already registered for DAG: example_python_operator
[2023-11-08T05:15:30.535+0000] {logging_mixin.py:120} INFO - [2023-11-08T05:15:30.534+0000] {taskmixin.py:205} WARNING - Dependency <Task(_PythonDecoratedOperator): log_sql_query>, print_the_context already registered for DAG: example_python_operator
[2023-11-08T05:15:30.544+0000] {processor.py:766} INFO - DAG(s) dict_keys(['example_python_operator']) retrieved from /home/airflow/.local/lib/python3.7/site-packages/airflow/example_dags/example_python_operator.py
[2023-11-08T05:15:30.586+0000] {logging_mixin.py:120} INFO - [2023-11-08T05:15:30.586+0000] {dag.py:2585} INFO - Sync 1 DAGs
[2023-11-08T05:15:30.611+0000] {logging_mixin.py:120} INFO - [2023-11-08T05:15:30.611+0000] {dag.py:3340} INFO - Setting next_dagrun for example_python_operator to None, run_after=None
[2023-11-08T05:15:30.629+0000] {processor.py:176} INFO - Processing /home/airflow/.local/lib/python3.7/site-packages/airflow/example_dags/example_python_operator.py took 0.126 seconds
[2023-11-08T05:16:01.272+0000] {processor.py:154} INFO - Started process (PID=245) to work on /home/airflow/.local/lib/python3.7/site-packages/airflow/example_dags/example_python_operator.py
[2023-11-08T05:16:01.274+0000] {processor.py:756} INFO - Processing file /home/airflow/.local/lib/python3.7/site-packages/airflow/example_dags/example_python_operator.py for tasks to queue
[2023-11-08T05:16:01.275+0000] {logging_mixin.py:120} INFO - [2023-11-08T05:16:01.275+0000] {dagbag.py:537} INFO - Filling up the DagBag from /home/airflow/.local/lib/python3.7/site-packages/airflow/example_dags/example_python_operator.py
[2023-11-08T05:16:01.296+0000] {logging_mixin.py:120} INFO - [2023-11-08T05:16:01.296+0000] {taskmixin.py:205} WARNING - Dependency <Task(_PythonDecoratedOperator): print_the_context>, log_sql_query already registered for DAG: example_python_operator
[2023-11-08T05:16:01.297+0000] {logging_mixin.py:120} INFO - [2023-11-08T05:16:01.296+0000] {taskmixin.py:205} WARNING - Dependency <Task(_PythonDecoratedOperator): log_sql_query>, print_the_context already registered for DAG: example_python_operator
[2023-11-08T05:16:01.299+0000] {logging_mixin.py:120} INFO - [2023-11-08T05:16:01.299+0000] {taskmixin.py:205} WARNING - Dependency <Task(_PythonDecoratedOperator): print_the_context>, log_sql_query already registered for DAG: example_python_operator
[2023-11-08T05:16:01.299+0000] {logging_mixin.py:120} INFO - [2023-11-08T05:16:01.299+0000] {taskmixin.py:205} WARNING - Dependency <Task(_PythonDecoratedOperator): log_sql_query>, print_the_context already registered for DAG: example_python_operator
[2023-11-08T05:16:01.301+0000] {logging_mixin.py:120} INFO - [2023-11-08T05:16:01.301+0000] {taskmixin.py:205} WARNING - Dependency <Task(_PythonDecoratedOperator): print_the_context>, log_sql_query already registered for DAG: example_python_operator
[2023-11-08T05:16:01.301+0000] {logging_mixin.py:120} INFO - [2023-11-08T05:16:01.301+0000] {taskmixin.py:205} WARNING - Dependency <Task(_PythonDecoratedOperator): log_sql_query>, print_the_context already registered for DAG: example_python_operator
[2023-11-08T05:16:01.303+0000] {logging_mixin.py:120} INFO - [2023-11-08T05:16:01.303+0000] {taskmixin.py:205} WARNING - Dependency <Task(_PythonDecoratedOperator): print_the_context>, log_sql_query already registered for DAG: example_python_operator
[2023-11-08T05:16:01.304+0000] {logging_mixin.py:120} INFO - [2023-11-08T05:16:01.303+0000] {taskmixin.py:205} WARNING - Dependency <Task(_PythonDecoratedOperator): log_sql_query>, print_the_context already registered for DAG: example_python_operator
[2023-11-08T05:16:01.314+0000] {processor.py:766} INFO - DAG(s) dict_keys(['example_python_operator']) retrieved from /home/airflow/.local/lib/python3.7/site-packages/airflow/example_dags/example_python_operator.py
[2023-11-08T05:16:01.368+0000] {logging_mixin.py:120} INFO - [2023-11-08T05:16:01.368+0000] {dag.py:2585} INFO - Sync 1 DAGs
[2023-11-08T05:16:01.408+0000] {logging_mixin.py:120} INFO - [2023-11-08T05:16:01.407+0000] {dag.py:3340} INFO - Setting next_dagrun for example_python_operator to None, run_after=None
[2023-11-08T05:16:01.444+0000] {processor.py:176} INFO - Processing /home/airflow/.local/lib/python3.7/site-packages/airflow/example_dags/example_python_operator.py took 0.177 seconds
