[2023-11-08T05:14:28.889+0000] {processor.py:154} INFO - Started process (PID=61) to work on /home/airflow/.local/lib/python3.7/site-packages/airflow/example_dags/example_bash_operator.py
[2023-11-08T05:14:28.891+0000] {processor.py:756} INFO - Processing file /home/airflow/.local/lib/python3.7/site-packages/airflow/example_dags/example_bash_operator.py for tasks to queue
[2023-11-08T05:14:28.893+0000] {logging_mixin.py:120} INFO - [2023-11-08T05:14:28.892+0000] {dagbag.py:537} INFO - Filling up the DagBag from /home/airflow/.local/lib/python3.7/site-packages/airflow/example_dags/example_bash_operator.py
[2023-11-08T05:14:28.933+0000] {processor.py:766} INFO - DAG(s) dict_keys(['example_bash_operator']) retrieved from /home/airflow/.local/lib/python3.7/site-packages/airflow/example_dags/example_bash_operator.py
[2023-11-08T05:14:29.141+0000] {logging_mixin.py:120} INFO - [2023-11-08T05:14:29.141+0000] {manager.py:507} INFO - Created Permission View: can read on DAG:example_bash_operator
[2023-11-08T05:14:29.159+0000] {logging_mixin.py:120} INFO - [2023-11-08T05:14:29.158+0000] {manager.py:507} INFO - Created Permission View: can edit on DAG:example_bash_operator
[2023-11-08T05:14:29.175+0000] {logging_mixin.py:120} INFO - [2023-11-08T05:14:29.174+0000] {manager.py:507} INFO - Created Permission View: can delete on DAG:example_bash_operator
[2023-11-08T05:14:29.175+0000] {logging_mixin.py:120} INFO - [2023-11-08T05:14:29.175+0000] {dag.py:2585} INFO - Sync 1 DAGs
[2023-11-08T05:14:29.199+0000] {logging_mixin.py:120} INFO - [2023-11-08T05:14:29.199+0000] {dag.py:2606} INFO - Creating ORM DAG for example_bash_operator
[2023-11-08T05:14:29.219+0000] {logging_mixin.py:120} INFO - [2023-11-08T05:14:29.219+0000] {dag.py:3340} INFO - Setting next_dagrun for example_bash_operator to 2023-11-07T00:00:00+00:00, run_after=2023-11-08T00:00:00+00:00
[2023-11-08T05:14:29.251+0000] {processor.py:176} INFO - Processing /home/airflow/.local/lib/python3.7/site-packages/airflow/example_dags/example_bash_operator.py took 0.366 seconds
[2023-11-08T05:14:59.586+0000] {processor.py:154} INFO - Started process (PID=124) to work on /home/airflow/.local/lib/python3.7/site-packages/airflow/example_dags/example_bash_operator.py
[2023-11-08T05:14:59.588+0000] {processor.py:756} INFO - Processing file /home/airflow/.local/lib/python3.7/site-packages/airflow/example_dags/example_bash_operator.py for tasks to queue
[2023-11-08T05:14:59.590+0000] {logging_mixin.py:120} INFO - [2023-11-08T05:14:59.590+0000] {dagbag.py:537} INFO - Filling up the DagBag from /home/airflow/.local/lib/python3.7/site-packages/airflow/example_dags/example_bash_operator.py
[2023-11-08T05:14:59.633+0000] {processor.py:766} INFO - DAG(s) dict_keys(['example_bash_operator']) retrieved from /home/airflow/.local/lib/python3.7/site-packages/airflow/example_dags/example_bash_operator.py
[2023-11-08T05:14:59.708+0000] {logging_mixin.py:120} INFO - [2023-11-08T05:14:59.708+0000] {dag.py:2585} INFO - Sync 1 DAGs
[2023-11-08T05:14:59.763+0000] {logging_mixin.py:120} INFO - [2023-11-08T05:14:59.762+0000] {dag.py:3340} INFO - Setting next_dagrun for example_bash_operator to 2023-11-07T00:00:00+00:00, run_after=2023-11-08T00:00:00+00:00
[2023-11-08T05:14:59.804+0000] {processor.py:176} INFO - Processing /home/airflow/.local/lib/python3.7/site-packages/airflow/example_dags/example_bash_operator.py took 0.225 seconds
[2023-11-08T05:15:30.192+0000] {processor.py:154} INFO - Started process (PID=179) to work on /home/airflow/.local/lib/python3.7/site-packages/airflow/example_dags/example_bash_operator.py
[2023-11-08T05:15:30.193+0000] {processor.py:756} INFO - Processing file /home/airflow/.local/lib/python3.7/site-packages/airflow/example_dags/example_bash_operator.py for tasks to queue
[2023-11-08T05:15:30.194+0000] {logging_mixin.py:120} INFO - [2023-11-08T05:15:30.194+0000] {dagbag.py:537} INFO - Filling up the DagBag from /home/airflow/.local/lib/python3.7/site-packages/airflow/example_dags/example_bash_operator.py
[2023-11-08T05:15:30.221+0000] {processor.py:766} INFO - DAG(s) dict_keys(['example_bash_operator']) retrieved from /home/airflow/.local/lib/python3.7/site-packages/airflow/example_dags/example_bash_operator.py
[2023-11-08T05:15:30.274+0000] {logging_mixin.py:120} INFO - [2023-11-08T05:15:30.274+0000] {dag.py:2585} INFO - Sync 1 DAGs
[2023-11-08T05:15:30.307+0000] {logging_mixin.py:120} INFO - [2023-11-08T05:15:30.307+0000] {dag.py:3340} INFO - Setting next_dagrun for example_bash_operator to 2023-11-07T00:00:00+00:00, run_after=2023-11-08T00:00:00+00:00
[2023-11-08T05:15:30.331+0000] {processor.py:176} INFO - Processing /home/airflow/.local/lib/python3.7/site-packages/airflow/example_dags/example_bash_operator.py took 0.144 seconds
[2023-11-08T05:16:00.863+0000] {processor.py:154} INFO - Started process (PID=242) to work on /home/airflow/.local/lib/python3.7/site-packages/airflow/example_dags/example_bash_operator.py
[2023-11-08T05:16:00.865+0000] {processor.py:756} INFO - Processing file /home/airflow/.local/lib/python3.7/site-packages/airflow/example_dags/example_bash_operator.py for tasks to queue
[2023-11-08T05:16:00.867+0000] {logging_mixin.py:120} INFO - [2023-11-08T05:16:00.866+0000] {dagbag.py:537} INFO - Filling up the DagBag from /home/airflow/.local/lib/python3.7/site-packages/airflow/example_dags/example_bash_operator.py
[2023-11-08T05:16:00.918+0000] {processor.py:766} INFO - DAG(s) dict_keys(['example_bash_operator']) retrieved from /home/airflow/.local/lib/python3.7/site-packages/airflow/example_dags/example_bash_operator.py
[2023-11-08T05:16:01.008+0000] {logging_mixin.py:120} INFO - [2023-11-08T05:16:01.008+0000] {dag.py:2585} INFO - Sync 1 DAGs
[2023-11-08T05:16:01.046+0000] {logging_mixin.py:120} INFO - [2023-11-08T05:16:01.046+0000] {dag.py:3340} INFO - Setting next_dagrun for example_bash_operator to 2023-11-07T00:00:00+00:00, run_after=2023-11-08T00:00:00+00:00
[2023-11-08T05:16:01.073+0000] {processor.py:176} INFO - Processing /home/airflow/.local/lib/python3.7/site-packages/airflow/example_dags/example_bash_operator.py took 0.216 seconds
