[2023-11-08T05:14:32.245+0000] {processor.py:154} INFO - Started process (PID=74) to work on /home/airflow/.local/lib/python3.7/site-packages/airflow/example_dags/example_branch_operator.py
[2023-11-08T05:14:32.247+0000] {processor.py:756} INFO - Processing file /home/airflow/.local/lib/python3.7/site-packages/airflow/example_dags/example_branch_operator.py for tasks to queue
[2023-11-08T05:14:32.249+0000] {logging_mixin.py:120} INFO - [2023-11-08T05:14:32.248+0000] {dagbag.py:537} INFO - Filling up the DagBag from /home/airflow/.local/lib/python3.7/site-packages/airflow/example_dags/example_branch_operator.py
[2023-11-08T05:14:32.291+0000] {processor.py:766} INFO - DAG(s) dict_keys(['example_branch_operator']) retrieved from /home/airflow/.local/lib/python3.7/site-packages/airflow/example_dags/example_branch_operator.py
[2023-11-08T05:14:32.557+0000] {logging_mixin.py:120} INFO - [2023-11-08T05:14:32.557+0000] {manager.py:507} INFO - Created Permission View: can read on DAG:example_branch_operator
[2023-11-08T05:14:32.573+0000] {logging_mixin.py:120} INFO - [2023-11-08T05:14:32.573+0000] {manager.py:507} INFO - Created Permission View: can edit on DAG:example_branch_operator
[2023-11-08T05:14:32.586+0000] {logging_mixin.py:120} INFO - [2023-11-08T05:14:32.586+0000] {manager.py:507} INFO - Created Permission View: can delete on DAG:example_branch_operator
[2023-11-08T05:14:32.586+0000] {logging_mixin.py:120} INFO - [2023-11-08T05:14:32.586+0000] {dag.py:2585} INFO - Sync 1 DAGs
[2023-11-08T05:14:32.615+0000] {logging_mixin.py:120} INFO - [2023-11-08T05:14:32.615+0000] {dag.py:2606} INFO - Creating ORM DAG for example_branch_operator
[2023-11-08T05:14:32.645+0000] {logging_mixin.py:120} INFO - [2023-11-08T05:14:32.645+0000] {dag.py:3340} INFO - Setting next_dagrun for example_branch_operator to 2023-11-07T00:00:00+00:00, run_after=2023-11-08T00:00:00+00:00
[2023-11-08T05:14:32.689+0000] {processor.py:176} INFO - Processing /home/airflow/.local/lib/python3.7/site-packages/airflow/example_dags/example_branch_operator.py took 0.451 seconds
[2023-11-08T05:15:02.978+0000] {processor.py:154} INFO - Started process (PID=137) to work on /home/airflow/.local/lib/python3.7/site-packages/airflow/example_dags/example_branch_operator.py
[2023-11-08T05:15:02.979+0000] {processor.py:756} INFO - Processing file /home/airflow/.local/lib/python3.7/site-packages/airflow/example_dags/example_branch_operator.py for tasks to queue
[2023-11-08T05:15:02.980+0000] {logging_mixin.py:120} INFO - [2023-11-08T05:15:02.980+0000] {dagbag.py:537} INFO - Filling up the DagBag from /home/airflow/.local/lib/python3.7/site-packages/airflow/example_dags/example_branch_operator.py
[2023-11-08T05:15:03.007+0000] {processor.py:766} INFO - DAG(s) dict_keys(['example_branch_operator']) retrieved from /home/airflow/.local/lib/python3.7/site-packages/airflow/example_dags/example_branch_operator.py
[2023-11-08T05:15:03.064+0000] {logging_mixin.py:120} INFO - [2023-11-08T05:15:03.064+0000] {dag.py:2585} INFO - Sync 1 DAGs
[2023-11-08T05:15:03.112+0000] {logging_mixin.py:120} INFO - [2023-11-08T05:15:03.112+0000] {dag.py:3340} INFO - Setting next_dagrun for example_branch_operator to 2023-11-07T00:00:00+00:00, run_after=2023-11-08T00:00:00+00:00
[2023-11-08T05:15:03.141+0000] {processor.py:176} INFO - Processing /home/airflow/.local/lib/python3.7/site-packages/airflow/example_dags/example_branch_operator.py took 0.166 seconds
[2023-11-08T05:15:33.509+0000] {processor.py:154} INFO - Started process (PID=201) to work on /home/airflow/.local/lib/python3.7/site-packages/airflow/example_dags/example_branch_operator.py
[2023-11-08T05:15:33.510+0000] {processor.py:756} INFO - Processing file /home/airflow/.local/lib/python3.7/site-packages/airflow/example_dags/example_branch_operator.py for tasks to queue
[2023-11-08T05:15:33.512+0000] {logging_mixin.py:120} INFO - [2023-11-08T05:15:33.512+0000] {dagbag.py:537} INFO - Filling up the DagBag from /home/airflow/.local/lib/python3.7/site-packages/airflow/example_dags/example_branch_operator.py
[2023-11-08T05:15:33.538+0000] {processor.py:766} INFO - DAG(s) dict_keys(['example_branch_operator']) retrieved from /home/airflow/.local/lib/python3.7/site-packages/airflow/example_dags/example_branch_operator.py
[2023-11-08T05:15:33.594+0000] {logging_mixin.py:120} INFO - [2023-11-08T05:15:33.594+0000] {dag.py:2585} INFO - Sync 1 DAGs
[2023-11-08T05:15:33.635+0000] {logging_mixin.py:120} INFO - [2023-11-08T05:15:33.634+0000] {dag.py:3340} INFO - Setting next_dagrun for example_branch_operator to 2023-11-07T00:00:00+00:00, run_after=2023-11-08T00:00:00+00:00
[2023-11-08T05:15:33.657+0000] {processor.py:176} INFO - Processing /home/airflow/.local/lib/python3.7/site-packages/airflow/example_dags/example_branch_operator.py took 0.154 seconds
[2023-11-08T05:16:04.339+0000] {processor.py:154} INFO - Started process (PID=255) to work on /home/airflow/.local/lib/python3.7/site-packages/airflow/example_dags/example_branch_operator.py
[2023-11-08T05:16:04.340+0000] {processor.py:756} INFO - Processing file /home/airflow/.local/lib/python3.7/site-packages/airflow/example_dags/example_branch_operator.py for tasks to queue
[2023-11-08T05:16:04.341+0000] {logging_mixin.py:120} INFO - [2023-11-08T05:16:04.341+0000] {dagbag.py:537} INFO - Filling up the DagBag from /home/airflow/.local/lib/python3.7/site-packages/airflow/example_dags/example_branch_operator.py
[2023-11-08T05:16:04.367+0000] {processor.py:766} INFO - DAG(s) dict_keys(['example_branch_operator']) retrieved from /home/airflow/.local/lib/python3.7/site-packages/airflow/example_dags/example_branch_operator.py
[2023-11-08T05:16:04.428+0000] {logging_mixin.py:120} INFO - [2023-11-08T05:16:04.428+0000] {dag.py:2585} INFO - Sync 1 DAGs
[2023-11-08T05:16:04.459+0000] {logging_mixin.py:120} INFO - [2023-11-08T05:16:04.459+0000] {dag.py:3340} INFO - Setting next_dagrun for example_branch_operator to 2023-11-07T00:00:00+00:00, run_after=2023-11-08T00:00:00+00:00
[2023-11-08T05:16:04.483+0000] {processor.py:176} INFO - Processing /home/airflow/.local/lib/python3.7/site-packages/airflow/example_dags/example_branch_operator.py took 0.148 seconds
