[2023-11-08T05:14:28.528+0000] {processor.py:154} INFO - Started process (PID=59) to work on /home/airflow/.local/lib/python3.7/site-packages/airflow/example_dags/example_branch_operator_decorator.py
[2023-11-08T05:14:28.530+0000] {processor.py:756} INFO - Processing file /home/airflow/.local/lib/python3.7/site-packages/airflow/example_dags/example_branch_operator_decorator.py for tasks to queue
[2023-11-08T05:14:28.532+0000] {logging_mixin.py:120} INFO - [2023-11-08T05:14:28.532+0000] {dagbag.py:537} INFO - Filling up the DagBag from /home/airflow/.local/lib/python3.7/site-packages/airflow/example_dags/example_branch_operator_decorator.py
[2023-11-08T05:14:28.579+0000] {processor.py:766} INFO - DAG(s) dict_keys(['example_branch_python_operator_decorator']) retrieved from /home/airflow/.local/lib/python3.7/site-packages/airflow/example_dags/example_branch_operator_decorator.py
[2023-11-08T05:14:28.768+0000] {logging_mixin.py:120} INFO - [2023-11-08T05:14:28.768+0000] {manager.py:507} INFO - Created Permission View: can read on DAG:example_branch_python_operator_decorator
[2023-11-08T05:14:28.780+0000] {logging_mixin.py:120} INFO - [2023-11-08T05:14:28.780+0000] {manager.py:507} INFO - Created Permission View: can edit on DAG:example_branch_python_operator_decorator
[2023-11-08T05:14:28.789+0000] {logging_mixin.py:120} INFO - [2023-11-08T05:14:28.789+0000] {manager.py:507} INFO - Created Permission View: can delete on DAG:example_branch_python_operator_decorator
[2023-11-08T05:14:28.790+0000] {logging_mixin.py:120} INFO - [2023-11-08T05:14:28.790+0000] {dag.py:2585} INFO - Sync 1 DAGs
[2023-11-08T05:14:28.813+0000] {logging_mixin.py:120} INFO - [2023-11-08T05:14:28.813+0000] {dag.py:2606} INFO - Creating ORM DAG for example_branch_python_operator_decorator
[2023-11-08T05:14:28.833+0000] {logging_mixin.py:120} INFO - [2023-11-08T05:14:28.833+0000] {dag.py:3340} INFO - Setting next_dagrun for example_branch_python_operator_decorator to 2023-11-07T00:00:00+00:00, run_after=2023-11-08T00:00:00+00:00
[2023-11-08T05:14:28.860+0000] {processor.py:176} INFO - Processing /home/airflow/.local/lib/python3.7/site-packages/airflow/example_dags/example_branch_operator_decorator.py took 0.339 seconds
[2023-11-08T05:14:59.353+0000] {processor.py:154} INFO - Started process (PID=122) to work on /home/airflow/.local/lib/python3.7/site-packages/airflow/example_dags/example_branch_operator_decorator.py
[2023-11-08T05:14:59.354+0000] {processor.py:756} INFO - Processing file /home/airflow/.local/lib/python3.7/site-packages/airflow/example_dags/example_branch_operator_decorator.py for tasks to queue
[2023-11-08T05:14:59.356+0000] {logging_mixin.py:120} INFO - [2023-11-08T05:14:59.355+0000] {dagbag.py:537} INFO - Filling up the DagBag from /home/airflow/.local/lib/python3.7/site-packages/airflow/example_dags/example_branch_operator_decorator.py
[2023-11-08T05:14:59.398+0000] {processor.py:766} INFO - DAG(s) dict_keys(['example_branch_python_operator_decorator']) retrieved from /home/airflow/.local/lib/python3.7/site-packages/airflow/example_dags/example_branch_operator_decorator.py
[2023-11-08T05:14:59.446+0000] {logging_mixin.py:120} INFO - [2023-11-08T05:14:59.446+0000] {dag.py:2585} INFO - Sync 1 DAGs
[2023-11-08T05:14:59.493+0000] {logging_mixin.py:120} INFO - [2023-11-08T05:14:59.493+0000] {dag.py:3340} INFO - Setting next_dagrun for example_branch_python_operator_decorator to 2023-11-07T00:00:00+00:00, run_after=2023-11-08T00:00:00+00:00
[2023-11-08T05:14:59.536+0000] {processor.py:176} INFO - Processing /home/airflow/.local/lib/python3.7/site-packages/airflow/example_dags/example_branch_operator_decorator.py took 0.187 seconds
[2023-11-08T05:15:30.028+0000] {processor.py:154} INFO - Started process (PID=177) to work on /home/airflow/.local/lib/python3.7/site-packages/airflow/example_dags/example_branch_operator_decorator.py
[2023-11-08T05:15:30.029+0000] {processor.py:756} INFO - Processing file /home/airflow/.local/lib/python3.7/site-packages/airflow/example_dags/example_branch_operator_decorator.py for tasks to queue
[2023-11-08T05:15:30.031+0000] {logging_mixin.py:120} INFO - [2023-11-08T05:15:30.030+0000] {dagbag.py:537} INFO - Filling up the DagBag from /home/airflow/.local/lib/python3.7/site-packages/airflow/example_dags/example_branch_operator_decorator.py
[2023-11-08T05:15:30.063+0000] {processor.py:766} INFO - DAG(s) dict_keys(['example_branch_python_operator_decorator']) retrieved from /home/airflow/.local/lib/python3.7/site-packages/airflow/example_dags/example_branch_operator_decorator.py
[2023-11-08T05:15:30.109+0000] {logging_mixin.py:120} INFO - [2023-11-08T05:15:30.109+0000] {dag.py:2585} INFO - Sync 1 DAGs
[2023-11-08T05:15:30.141+0000] {logging_mixin.py:120} INFO - [2023-11-08T05:15:30.141+0000] {dag.py:3340} INFO - Setting next_dagrun for example_branch_python_operator_decorator to 2023-11-07T00:00:00+00:00, run_after=2023-11-08T00:00:00+00:00
[2023-11-08T05:15:30.166+0000] {processor.py:176} INFO - Processing /home/airflow/.local/lib/python3.7/site-packages/airflow/example_dags/example_branch_operator_decorator.py took 0.141 seconds
[2023-11-08T05:16:00.601+0000] {processor.py:154} INFO - Started process (PID=240) to work on /home/airflow/.local/lib/python3.7/site-packages/airflow/example_dags/example_branch_operator_decorator.py
[2023-11-08T05:16:00.603+0000] {processor.py:756} INFO - Processing file /home/airflow/.local/lib/python3.7/site-packages/airflow/example_dags/example_branch_operator_decorator.py for tasks to queue
[2023-11-08T05:16:00.605+0000] {logging_mixin.py:120} INFO - [2023-11-08T05:16:00.605+0000] {dagbag.py:537} INFO - Filling up the DagBag from /home/airflow/.local/lib/python3.7/site-packages/airflow/example_dags/example_branch_operator_decorator.py
[2023-11-08T05:16:00.655+0000] {processor.py:766} INFO - DAG(s) dict_keys(['example_branch_python_operator_decorator']) retrieved from /home/airflow/.local/lib/python3.7/site-packages/airflow/example_dags/example_branch_operator_decorator.py
[2023-11-08T05:16:00.729+0000] {logging_mixin.py:120} INFO - [2023-11-08T05:16:00.728+0000] {dag.py:2585} INFO - Sync 1 DAGs
[2023-11-08T05:16:00.793+0000] {logging_mixin.py:120} INFO - [2023-11-08T05:16:00.793+0000] {dag.py:3340} INFO - Setting next_dagrun for example_branch_python_operator_decorator to 2023-11-07T00:00:00+00:00, run_after=2023-11-08T00:00:00+00:00
[2023-11-08T05:16:00.828+0000] {processor.py:176} INFO - Processing /home/airflow/.local/lib/python3.7/site-packages/airflow/example_dags/example_branch_operator_decorator.py took 0.233 seconds
