[2023-11-08T05:14:28.007+0000] {processor.py:154} INFO - Started process (PID=57) to work on /home/airflow/.local/lib/python3.7/site-packages/airflow/example_dags/example_latest_only_with_trigger.py
[2023-11-08T05:14:28.009+0000] {processor.py:756} INFO - Processing file /home/airflow/.local/lib/python3.7/site-packages/airflow/example_dags/example_latest_only_with_trigger.py for tasks to queue
[2023-11-08T05:14:28.012+0000] {logging_mixin.py:120} INFO - [2023-11-08T05:14:28.012+0000] {dagbag.py:537} INFO - Filling up the DagBag from /home/airflow/.local/lib/python3.7/site-packages/airflow/example_dags/example_latest_only_with_trigger.py
[2023-11-08T05:14:28.087+0000] {processor.py:766} INFO - DAG(s) dict_keys(['latest_only_with_trigger']) retrieved from /home/airflow/.local/lib/python3.7/site-packages/airflow/example_dags/example_latest_only_with_trigger.py
[2023-11-08T05:14:28.366+0000] {logging_mixin.py:120} INFO - [2023-11-08T05:14:28.366+0000] {manager.py:507} INFO - Created Permission View: can read on DAG:latest_only_with_trigger
[2023-11-08T05:14:28.380+0000] {logging_mixin.py:120} INFO - [2023-11-08T05:14:28.379+0000] {manager.py:507} INFO - Created Permission View: can edit on DAG:latest_only_with_trigger
[2023-11-08T05:14:28.394+0000] {logging_mixin.py:120} INFO - [2023-11-08T05:14:28.393+0000] {manager.py:507} INFO - Created Permission View: can delete on DAG:latest_only_with_trigger
[2023-11-08T05:14:28.395+0000] {logging_mixin.py:120} INFO - [2023-11-08T05:14:28.395+0000] {dag.py:2585} INFO - Sync 1 DAGs
[2023-11-08T05:14:28.425+0000] {logging_mixin.py:120} INFO - [2023-11-08T05:14:28.424+0000] {dag.py:2606} INFO - Creating ORM DAG for latest_only_with_trigger
[2023-11-08T05:14:28.453+0000] {logging_mixin.py:120} INFO - [2023-11-08T05:14:28.453+0000] {dag.py:3340} INFO - Setting next_dagrun for latest_only_with_trigger to 2023-11-08T01:14:28.452587+00:00, run_after=2023-11-08T05:14:28.452587+00:00
[2023-11-08T05:14:28.491+0000] {processor.py:176} INFO - Processing /home/airflow/.local/lib/python3.7/site-packages/airflow/example_dags/example_latest_only_with_trigger.py took 0.490 seconds
[2023-11-08T05:14:59.122+0000] {processor.py:154} INFO - Started process (PID=120) to work on /home/airflow/.local/lib/python3.7/site-packages/airflow/example_dags/example_latest_only_with_trigger.py
[2023-11-08T05:14:59.124+0000] {processor.py:756} INFO - Processing file /home/airflow/.local/lib/python3.7/site-packages/airflow/example_dags/example_latest_only_with_trigger.py for tasks to queue
[2023-11-08T05:14:59.126+0000] {logging_mixin.py:120} INFO - [2023-11-08T05:14:59.126+0000] {dagbag.py:537} INFO - Filling up the DagBag from /home/airflow/.local/lib/python3.7/site-packages/airflow/example_dags/example_latest_only_with_trigger.py
[2023-11-08T05:14:59.151+0000] {processor.py:766} INFO - DAG(s) dict_keys(['latest_only_with_trigger']) retrieved from /home/airflow/.local/lib/python3.7/site-packages/airflow/example_dags/example_latest_only_with_trigger.py
[2023-11-08T05:14:59.218+0000] {logging_mixin.py:120} INFO - [2023-11-08T05:14:59.218+0000] {dag.py:2585} INFO - Sync 1 DAGs
[2023-11-08T05:14:59.265+0000] {logging_mixin.py:120} INFO - [2023-11-08T05:14:59.265+0000] {dag.py:3340} INFO - Setting next_dagrun for latest_only_with_trigger to 2023-11-08T01:14:59.264926+00:00, run_after=2023-11-08T05:14:59.264926+00:00
[2023-11-08T05:14:59.299+0000] {processor.py:176} INFO - Processing /home/airflow/.local/lib/python3.7/site-packages/airflow/example_dags/example_latest_only_with_trigger.py took 0.185 seconds
[2023-11-08T05:15:29.855+0000] {processor.py:154} INFO - Started process (PID=175) to work on /home/airflow/.local/lib/python3.7/site-packages/airflow/example_dags/example_latest_only_with_trigger.py
[2023-11-08T05:15:29.856+0000] {processor.py:756} INFO - Processing file /home/airflow/.local/lib/python3.7/site-packages/airflow/example_dags/example_latest_only_with_trigger.py for tasks to queue
[2023-11-08T05:15:29.858+0000] {logging_mixin.py:120} INFO - [2023-11-08T05:15:29.858+0000] {dagbag.py:537} INFO - Filling up the DagBag from /home/airflow/.local/lib/python3.7/site-packages/airflow/example_dags/example_latest_only_with_trigger.py
[2023-11-08T05:15:29.878+0000] {processor.py:766} INFO - DAG(s) dict_keys(['latest_only_with_trigger']) retrieved from /home/airflow/.local/lib/python3.7/site-packages/airflow/example_dags/example_latest_only_with_trigger.py
[2023-11-08T05:15:29.929+0000] {logging_mixin.py:120} INFO - [2023-11-08T05:15:29.928+0000] {dag.py:2585} INFO - Sync 1 DAGs
[2023-11-08T05:15:29.964+0000] {logging_mixin.py:120} INFO - [2023-11-08T05:15:29.964+0000] {dag.py:3340} INFO - Setting next_dagrun for latest_only_with_trigger to 2023-11-08T01:15:29.963823+00:00, run_after=2023-11-08T05:15:29.963823+00:00
[2023-11-08T05:15:29.986+0000] {processor.py:176} INFO - Processing /home/airflow/.local/lib/python3.7/site-packages/airflow/example_dags/example_latest_only_with_trigger.py took 0.135 seconds
[2023-11-08T05:16:00.334+0000] {processor.py:154} INFO - Started process (PID=238) to work on /home/airflow/.local/lib/python3.7/site-packages/airflow/example_dags/example_latest_only_with_trigger.py
[2023-11-08T05:16:00.335+0000] {processor.py:756} INFO - Processing file /home/airflow/.local/lib/python3.7/site-packages/airflow/example_dags/example_latest_only_with_trigger.py for tasks to queue
[2023-11-08T05:16:00.336+0000] {logging_mixin.py:120} INFO - [2023-11-08T05:16:00.336+0000] {dagbag.py:537} INFO - Filling up the DagBag from /home/airflow/.local/lib/python3.7/site-packages/airflow/example_dags/example_latest_only_with_trigger.py
[2023-11-08T05:16:00.357+0000] {processor.py:766} INFO - DAG(s) dict_keys(['latest_only_with_trigger']) retrieved from /home/airflow/.local/lib/python3.7/site-packages/airflow/example_dags/example_latest_only_with_trigger.py
[2023-11-08T05:16:00.423+0000] {logging_mixin.py:120} INFO - [2023-11-08T05:16:00.423+0000] {dag.py:2585} INFO - Sync 1 DAGs
[2023-11-08T05:16:00.477+0000] {logging_mixin.py:120} INFO - [2023-11-08T05:16:00.477+0000] {dag.py:3340} INFO - Setting next_dagrun for latest_only_with_trigger to 2023-11-08T01:16:00.476962+00:00, run_after=2023-11-08T05:16:00.476962+00:00
[2023-11-08T05:16:00.524+0000] {processor.py:176} INFO - Processing /home/airflow/.local/lib/python3.7/site-packages/airflow/example_dags/example_latest_only_with_trigger.py took 0.195 seconds
