[2023-11-08T05:14:27.093+0000] {processor.py:154} INFO - Started process (PID=54) to work on /home/airflow/.local/lib/python3.7/site-packages/airflow/example_dags/example_external_task_marker_dag.py
[2023-11-08T05:14:27.096+0000] {processor.py:756} INFO - Processing file /home/airflow/.local/lib/python3.7/site-packages/airflow/example_dags/example_external_task_marker_dag.py for tasks to queue
[2023-11-08T05:14:27.098+0000] {logging_mixin.py:120} INFO - [2023-11-08T05:14:27.097+0000] {dagbag.py:537} INFO - Filling up the DagBag from /home/airflow/.local/lib/python3.7/site-packages/airflow/example_dags/example_external_task_marker_dag.py
[2023-11-08T05:14:27.150+0000] {processor.py:766} INFO - DAG(s) dict_keys(['example_external_task_marker_child', 'example_external_task_marker_parent']) retrieved from /home/airflow/.local/lib/python3.7/site-packages/airflow/example_dags/example_external_task_marker_dag.py
[2023-11-08T05:14:27.755+0000] {logging_mixin.py:120} INFO - [2023-11-08T05:14:27.754+0000] {manager.py:507} INFO - Created Permission View: can read on DAG:example_external_task_marker_child
[2023-11-08T05:14:27.770+0000] {logging_mixin.py:120} INFO - [2023-11-08T05:14:27.770+0000] {manager.py:507} INFO - Created Permission View: can edit on DAG:example_external_task_marker_child
[2023-11-08T05:14:27.782+0000] {logging_mixin.py:120} INFO - [2023-11-08T05:14:27.782+0000] {manager.py:507} INFO - Created Permission View: can delete on DAG:example_external_task_marker_child
[2023-11-08T05:14:27.801+0000] {logging_mixin.py:120} INFO - [2023-11-08T05:14:27.801+0000] {manager.py:507} INFO - Created Permission View: can read on DAG:example_external_task_marker_parent
[2023-11-08T05:14:27.815+0000] {logging_mixin.py:120} INFO - [2023-11-08T05:14:27.815+0000] {manager.py:507} INFO - Created Permission View: can edit on DAG:example_external_task_marker_parent
[2023-11-08T05:14:27.833+0000] {logging_mixin.py:120} INFO - [2023-11-08T05:14:27.833+0000] {manager.py:507} INFO - Created Permission View: can delete on DAG:example_external_task_marker_parent
[2023-11-08T05:14:27.834+0000] {logging_mixin.py:120} INFO - [2023-11-08T05:14:27.834+0000] {dag.py:2585} INFO - Sync 2 DAGs
[2023-11-08T05:14:27.872+0000] {logging_mixin.py:120} INFO - [2023-11-08T05:14:27.872+0000] {dag.py:2606} INFO - Creating ORM DAG for example_external_task_marker_parent
[2023-11-08T05:14:27.874+0000] {logging_mixin.py:120} INFO - [2023-11-08T05:14:27.873+0000] {dag.py:2606} INFO - Creating ORM DAG for example_external_task_marker_child
[2023-11-08T05:14:27.901+0000] {logging_mixin.py:120} INFO - [2023-11-08T05:14:27.901+0000] {dag.py:3340} INFO - Setting next_dagrun for example_external_task_marker_child to None, run_after=None
[2023-11-08T05:14:27.903+0000] {logging_mixin.py:120} INFO - [2023-11-08T05:14:27.903+0000] {dag.py:3340} INFO - Setting next_dagrun for example_external_task_marker_parent to None, run_after=None
[2023-11-08T05:14:27.964+0000] {processor.py:176} INFO - Processing /home/airflow/.local/lib/python3.7/site-packages/airflow/example_dags/example_external_task_marker_dag.py took 0.878 seconds
[2023-11-08T05:14:58.803+0000] {processor.py:154} INFO - Started process (PID=118) to work on /home/airflow/.local/lib/python3.7/site-packages/airflow/example_dags/example_external_task_marker_dag.py
[2023-11-08T05:14:58.807+0000] {processor.py:756} INFO - Processing file /home/airflow/.local/lib/python3.7/site-packages/airflow/example_dags/example_external_task_marker_dag.py for tasks to queue
[2023-11-08T05:14:58.809+0000] {logging_mixin.py:120} INFO - [2023-11-08T05:14:58.809+0000] {dagbag.py:537} INFO - Filling up the DagBag from /home/airflow/.local/lib/python3.7/site-packages/airflow/example_dags/example_external_task_marker_dag.py
[2023-11-08T05:14:58.843+0000] {processor.py:766} INFO - DAG(s) dict_keys(['example_external_task_marker_child', 'example_external_task_marker_parent']) retrieved from /home/airflow/.local/lib/python3.7/site-packages/airflow/example_dags/example_external_task_marker_dag.py
[2023-11-08T05:14:59.235+0000] {logging_mixin.py:120} INFO - [2023-11-08T05:14:59.235+0000] {dag.py:2585} INFO - Sync 2 DAGs
[2023-11-08T05:14:59.284+0000] {logging_mixin.py:120} INFO - [2023-11-08T05:14:59.283+0000] {dag.py:3340} INFO - Setting next_dagrun for example_external_task_marker_child to None, run_after=None
[2023-11-08T05:14:59.290+0000] {logging_mixin.py:120} INFO - [2023-11-08T05:14:59.290+0000] {dag.py:3340} INFO - Setting next_dagrun for example_external_task_marker_parent to None, run_after=None
[2023-11-08T05:14:59.319+0000] {processor.py:176} INFO - Processing /home/airflow/.local/lib/python3.7/site-packages/airflow/example_dags/example_external_task_marker_dag.py took 0.522 seconds
[2023-11-08T05:15:29.697+0000] {processor.py:154} INFO - Started process (PID=173) to work on /home/airflow/.local/lib/python3.7/site-packages/airflow/example_dags/example_external_task_marker_dag.py
[2023-11-08T05:15:29.698+0000] {processor.py:756} INFO - Processing file /home/airflow/.local/lib/python3.7/site-packages/airflow/example_dags/example_external_task_marker_dag.py for tasks to queue
[2023-11-08T05:15:29.699+0000] {logging_mixin.py:120} INFO - [2023-11-08T05:15:29.699+0000] {dagbag.py:537} INFO - Filling up the DagBag from /home/airflow/.local/lib/python3.7/site-packages/airflow/example_dags/example_external_task_marker_dag.py
[2023-11-08T05:15:29.717+0000] {processor.py:766} INFO - DAG(s) dict_keys(['example_external_task_marker_child', 'example_external_task_marker_parent']) retrieved from /home/airflow/.local/lib/python3.7/site-packages/airflow/example_dags/example_external_task_marker_dag.py
[2023-11-08T05:15:29.945+0000] {logging_mixin.py:120} INFO - [2023-11-08T05:15:29.945+0000] {dag.py:2585} INFO - Sync 2 DAGs
[2023-11-08T05:15:29.976+0000] {logging_mixin.py:120} INFO - [2023-11-08T05:15:29.975+0000] {dag.py:3340} INFO - Setting next_dagrun for example_external_task_marker_child to None, run_after=None
[2023-11-08T05:15:29.982+0000] {logging_mixin.py:120} INFO - [2023-11-08T05:15:29.981+0000] {dag.py:3340} INFO - Setting next_dagrun for example_external_task_marker_parent to None, run_after=None
[2023-11-08T05:15:30.001+0000] {processor.py:176} INFO - Processing /home/airflow/.local/lib/python3.7/site-packages/airflow/example_dags/example_external_task_marker_dag.py took 0.308 seconds
[2023-11-08T05:16:00.117+0000] {processor.py:154} INFO - Started process (PID=236) to work on /home/airflow/.local/lib/python3.7/site-packages/airflow/example_dags/example_external_task_marker_dag.py
[2023-11-08T05:16:00.119+0000] {processor.py:756} INFO - Processing file /home/airflow/.local/lib/python3.7/site-packages/airflow/example_dags/example_external_task_marker_dag.py for tasks to queue
[2023-11-08T05:16:00.122+0000] {logging_mixin.py:120} INFO - [2023-11-08T05:16:00.121+0000] {dagbag.py:537} INFO - Filling up the DagBag from /home/airflow/.local/lib/python3.7/site-packages/airflow/example_dags/example_external_task_marker_dag.py
[2023-11-08T05:16:00.155+0000] {processor.py:766} INFO - DAG(s) dict_keys(['example_external_task_marker_child', 'example_external_task_marker_parent']) retrieved from /home/airflow/.local/lib/python3.7/site-packages/airflow/example_dags/example_external_task_marker_dag.py
[2023-11-08T05:16:00.451+0000] {logging_mixin.py:120} INFO - [2023-11-08T05:16:00.451+0000] {dag.py:2585} INFO - Sync 2 DAGs
[2023-11-08T05:16:00.503+0000] {logging_mixin.py:120} INFO - [2023-11-08T05:16:00.503+0000] {dag.py:3340} INFO - Setting next_dagrun for example_external_task_marker_child to None, run_after=None
[2023-11-08T05:16:00.511+0000] {logging_mixin.py:120} INFO - [2023-11-08T05:16:00.511+0000] {dag.py:3340} INFO - Setting next_dagrun for example_external_task_marker_parent to None, run_after=None
[2023-11-08T05:16:00.556+0000] {processor.py:176} INFO - Processing /home/airflow/.local/lib/python3.7/site-packages/airflow/example_dags/example_external_task_marker_dag.py took 0.443 seconds
