[2023-11-08T05:14:27.633+0000] {processor.py:154} INFO - Started process (PID=56) to work on /home/airflow/.local/lib/python3.7/site-packages/airflow/example_dags/example_nested_branch_dag.py
[2023-11-08T05:14:27.634+0000] {processor.py:756} INFO - Processing file /home/airflow/.local/lib/python3.7/site-packages/airflow/example_dags/example_nested_branch_dag.py for tasks to queue
[2023-11-08T05:14:27.636+0000] {logging_mixin.py:120} INFO - [2023-11-08T05:14:27.636+0000] {dagbag.py:537} INFO - Filling up the DagBag from /home/airflow/.local/lib/python3.7/site-packages/airflow/example_dags/example_nested_branch_dag.py
[2023-11-08T05:14:27.685+0000] {processor.py:766} INFO - DAG(s) dict_keys(['example_nested_branch_dag']) retrieved from /home/airflow/.local/lib/python3.7/site-packages/airflow/example_dags/example_nested_branch_dag.py
[2023-11-08T05:14:27.959+0000] {logging_mixin.py:120} INFO - [2023-11-08T05:14:27.958+0000] {manager.py:507} INFO - Created Permission View: can read on DAG:example_nested_branch_dag
[2023-11-08T05:14:27.989+0000] {logging_mixin.py:120} INFO - [2023-11-08T05:14:27.989+0000] {manager.py:507} INFO - Created Permission View: can edit on DAG:example_nested_branch_dag
[2023-11-08T05:14:28.020+0000] {logging_mixin.py:120} INFO - [2023-11-08T05:14:28.020+0000] {manager.py:507} INFO - Created Permission View: can delete on DAG:example_nested_branch_dag
[2023-11-08T05:14:28.022+0000] {logging_mixin.py:120} INFO - [2023-11-08T05:14:28.021+0000] {dag.py:2585} INFO - Sync 1 DAGs
[2023-11-08T05:14:28.090+0000] {logging_mixin.py:120} INFO - [2023-11-08T05:14:28.089+0000] {dag.py:2606} INFO - Creating ORM DAG for example_nested_branch_dag
[2023-11-08T05:14:28.126+0000] {logging_mixin.py:120} INFO - [2023-11-08T05:14:28.126+0000] {dag.py:3340} INFO - Setting next_dagrun for example_nested_branch_dag to 2023-11-07T00:00:00+00:00, run_after=2023-11-08T00:00:00+00:00
[2023-11-08T05:14:28.178+0000] {processor.py:176} INFO - Processing /home/airflow/.local/lib/python3.7/site-packages/airflow/example_dags/example_nested_branch_dag.py took 0.551 seconds
[2023-11-08T05:14:58.817+0000] {processor.py:154} INFO - Started process (PID=119) to work on /home/airflow/.local/lib/python3.7/site-packages/airflow/example_dags/example_nested_branch_dag.py
[2023-11-08T05:14:58.820+0000] {processor.py:756} INFO - Processing file /home/airflow/.local/lib/python3.7/site-packages/airflow/example_dags/example_nested_branch_dag.py for tasks to queue
[2023-11-08T05:14:58.822+0000] {logging_mixin.py:120} INFO - [2023-11-08T05:14:58.822+0000] {dagbag.py:537} INFO - Filling up the DagBag from /home/airflow/.local/lib/python3.7/site-packages/airflow/example_dags/example_nested_branch_dag.py
[2023-11-08T05:14:58.876+0000] {processor.py:766} INFO - DAG(s) dict_keys(['example_nested_branch_dag']) retrieved from /home/airflow/.local/lib/python3.7/site-packages/airflow/example_dags/example_nested_branch_dag.py
[2023-11-08T05:14:58.966+0000] {logging_mixin.py:120} INFO - [2023-11-08T05:14:58.966+0000] {dag.py:2585} INFO - Sync 1 DAGs
[2023-11-08T05:14:59.030+0000] {logging_mixin.py:120} INFO - [2023-11-08T05:14:59.030+0000] {dag.py:3340} INFO - Setting next_dagrun for example_nested_branch_dag to 2023-11-07T00:00:00+00:00, run_after=2023-11-08T00:00:00+00:00
[2023-11-08T05:14:59.084+0000] {processor.py:176} INFO - Processing /home/airflow/.local/lib/python3.7/site-packages/airflow/example_dags/example_nested_branch_dag.py took 0.274 seconds
[2023-11-08T05:15:29.702+0000] {processor.py:154} INFO - Started process (PID=174) to work on /home/airflow/.local/lib/python3.7/site-packages/airflow/example_dags/example_nested_branch_dag.py
[2023-11-08T05:15:29.703+0000] {processor.py:756} INFO - Processing file /home/airflow/.local/lib/python3.7/site-packages/airflow/example_dags/example_nested_branch_dag.py for tasks to queue
[2023-11-08T05:15:29.704+0000] {logging_mixin.py:120} INFO - [2023-11-08T05:15:29.704+0000] {dagbag.py:537} INFO - Filling up the DagBag from /home/airflow/.local/lib/python3.7/site-packages/airflow/example_dags/example_nested_branch_dag.py
[2023-11-08T05:15:29.732+0000] {processor.py:766} INFO - DAG(s) dict_keys(['example_nested_branch_dag']) retrieved from /home/airflow/.local/lib/python3.7/site-packages/airflow/example_dags/example_nested_branch_dag.py
[2023-11-08T05:15:29.776+0000] {logging_mixin.py:120} INFO - [2023-11-08T05:15:29.776+0000] {dag.py:2585} INFO - Sync 1 DAGs
[2023-11-08T05:15:29.809+0000] {logging_mixin.py:120} INFO - [2023-11-08T05:15:29.808+0000] {dag.py:3340} INFO - Setting next_dagrun for example_nested_branch_dag to 2023-11-07T00:00:00+00:00, run_after=2023-11-08T00:00:00+00:00
[2023-11-08T05:15:29.832+0000] {processor.py:176} INFO - Processing /home/airflow/.local/lib/python3.7/site-packages/airflow/example_dags/example_nested_branch_dag.py took 0.135 seconds
[2023-11-08T05:16:00.127+0000] {processor.py:154} INFO - Started process (PID=237) to work on /home/airflow/.local/lib/python3.7/site-packages/airflow/example_dags/example_nested_branch_dag.py
[2023-11-08T05:16:00.129+0000] {processor.py:756} INFO - Processing file /home/airflow/.local/lib/python3.7/site-packages/airflow/example_dags/example_nested_branch_dag.py for tasks to queue
[2023-11-08T05:16:00.130+0000] {logging_mixin.py:120} INFO - [2023-11-08T05:16:00.130+0000] {dagbag.py:537} INFO - Filling up the DagBag from /home/airflow/.local/lib/python3.7/site-packages/airflow/example_dags/example_nested_branch_dag.py
[2023-11-08T05:16:00.165+0000] {processor.py:766} INFO - DAG(s) dict_keys(['example_nested_branch_dag']) retrieved from /home/airflow/.local/lib/python3.7/site-packages/airflow/example_dags/example_nested_branch_dag.py
[2023-11-08T05:16:00.221+0000] {logging_mixin.py:120} INFO - [2023-11-08T05:16:00.221+0000] {dag.py:2585} INFO - Sync 1 DAGs
[2023-11-08T05:16:00.262+0000] {logging_mixin.py:120} INFO - [2023-11-08T05:16:00.262+0000] {dag.py:3340} INFO - Setting next_dagrun for example_nested_branch_dag to 2023-11-07T00:00:00+00:00, run_after=2023-11-08T00:00:00+00:00
[2023-11-08T05:16:00.305+0000] {processor.py:176} INFO - Processing /home/airflow/.local/lib/python3.7/site-packages/airflow/example_dags/example_nested_branch_dag.py took 0.184 seconds
