[2023-11-08T05:14:31.056+0000] {processor.py:154} INFO - Started process (PID=71) to work on /home/airflow/.local/lib/python3.7/site-packages/airflow/example_dags/example_time_delta_sensor_async.py
[2023-11-08T05:14:31.057+0000] {processor.py:756} INFO - Processing file /home/airflow/.local/lib/python3.7/site-packages/airflow/example_dags/example_time_delta_sensor_async.py for tasks to queue
[2023-11-08T05:14:31.060+0000] {logging_mixin.py:120} INFO - [2023-11-08T05:14:31.059+0000] {dagbag.py:537} INFO - Filling up the DagBag from /home/airflow/.local/lib/python3.7/site-packages/airflow/example_dags/example_time_delta_sensor_async.py
[2023-11-08T05:14:31.091+0000] {processor.py:766} INFO - DAG(s) dict_keys(['example_time_delta_sensor_async']) retrieved from /home/airflow/.local/lib/python3.7/site-packages/airflow/example_dags/example_time_delta_sensor_async.py
[2023-11-08T05:14:31.803+0000] {logging_mixin.py:120} INFO - [2023-11-08T05:14:31.802+0000] {manager.py:507} INFO - Created Permission View: can read on DAG:example_time_delta_sensor_async
[2023-11-08T05:14:31.826+0000] {logging_mixin.py:120} INFO - [2023-11-08T05:14:31.825+0000] {manager.py:507} INFO - Created Permission View: can edit on DAG:example_time_delta_sensor_async
[2023-11-08T05:14:31.839+0000] {logging_mixin.py:120} INFO - [2023-11-08T05:14:31.839+0000] {manager.py:507} INFO - Created Permission View: can delete on DAG:example_time_delta_sensor_async
[2023-11-08T05:14:31.840+0000] {logging_mixin.py:120} INFO - [2023-11-08T05:14:31.840+0000] {dag.py:2585} INFO - Sync 1 DAGs
[2023-11-08T05:14:31.867+0000] {logging_mixin.py:120} INFO - [2023-11-08T05:14:31.866+0000] {dag.py:2606} INFO - Creating ORM DAG for example_time_delta_sensor_async
[2023-11-08T05:14:31.888+0000] {logging_mixin.py:120} INFO - [2023-11-08T05:14:31.888+0000] {dag.py:3340} INFO - Setting next_dagrun for example_time_delta_sensor_async to None, run_after=None
[2023-11-08T05:14:31.920+0000] {processor.py:176} INFO - Processing /home/airflow/.local/lib/python3.7/site-packages/airflow/example_dags/example_time_delta_sensor_async.py took 0.870 seconds
[2023-11-08T05:15:02.653+0000] {processor.py:154} INFO - Started process (PID=134) to work on /home/airflow/.local/lib/python3.7/site-packages/airflow/example_dags/example_time_delta_sensor_async.py
[2023-11-08T05:15:02.654+0000] {processor.py:756} INFO - Processing file /home/airflow/.local/lib/python3.7/site-packages/airflow/example_dags/example_time_delta_sensor_async.py for tasks to queue
[2023-11-08T05:15:02.656+0000] {logging_mixin.py:120} INFO - [2023-11-08T05:15:02.655+0000] {dagbag.py:537} INFO - Filling up the DagBag from /home/airflow/.local/lib/python3.7/site-packages/airflow/example_dags/example_time_delta_sensor_async.py
[2023-11-08T05:15:02.673+0000] {processor.py:766} INFO - DAG(s) dict_keys(['example_time_delta_sensor_async']) retrieved from /home/airflow/.local/lib/python3.7/site-packages/airflow/example_dags/example_time_delta_sensor_async.py
[2023-11-08T05:15:02.891+0000] {logging_mixin.py:120} INFO - [2023-11-08T05:15:02.891+0000] {dag.py:2585} INFO - Sync 1 DAGs
[2023-11-08T05:15:02.926+0000] {logging_mixin.py:120} INFO - [2023-11-08T05:15:02.926+0000] {dag.py:3340} INFO - Setting next_dagrun for example_time_delta_sensor_async to None, run_after=None
[2023-11-08T05:15:02.950+0000] {processor.py:176} INFO - Processing /home/airflow/.local/lib/python3.7/site-packages/airflow/example_dags/example_time_delta_sensor_async.py took 0.301 seconds
[2023-11-08T05:15:33.128+0000] {processor.py:154} INFO - Started process (PID=198) to work on /home/airflow/.local/lib/python3.7/site-packages/airflow/example_dags/example_time_delta_sensor_async.py
[2023-11-08T05:15:33.129+0000] {processor.py:756} INFO - Processing file /home/airflow/.local/lib/python3.7/site-packages/airflow/example_dags/example_time_delta_sensor_async.py for tasks to queue
[2023-11-08T05:15:33.131+0000] {logging_mixin.py:120} INFO - [2023-11-08T05:15:33.130+0000] {dagbag.py:537} INFO - Filling up the DagBag from /home/airflow/.local/lib/python3.7/site-packages/airflow/example_dags/example_time_delta_sensor_async.py
[2023-11-08T05:15:33.149+0000] {processor.py:766} INFO - DAG(s) dict_keys(['example_time_delta_sensor_async']) retrieved from /home/airflow/.local/lib/python3.7/site-packages/airflow/example_dags/example_time_delta_sensor_async.py
[2023-11-08T05:15:33.421+0000] {logging_mixin.py:120} INFO - [2023-11-08T05:15:33.421+0000] {dag.py:2585} INFO - Sync 1 DAGs
[2023-11-08T05:15:33.448+0000] {logging_mixin.py:120} INFO - [2023-11-08T05:15:33.448+0000] {dag.py:3340} INFO - Setting next_dagrun for example_time_delta_sensor_async to None, run_after=None
[2023-11-08T05:15:33.477+0000] {processor.py:176} INFO - Processing /home/airflow/.local/lib/python3.7/site-packages/airflow/example_dags/example_time_delta_sensor_async.py took 0.352 seconds
[2023-11-08T05:16:03.999+0000] {processor.py:154} INFO - Started process (PID=252) to work on /home/airflow/.local/lib/python3.7/site-packages/airflow/example_dags/example_time_delta_sensor_async.py
[2023-11-08T05:16:04.001+0000] {processor.py:756} INFO - Processing file /home/airflow/.local/lib/python3.7/site-packages/airflow/example_dags/example_time_delta_sensor_async.py for tasks to queue
[2023-11-08T05:16:04.002+0000] {logging_mixin.py:120} INFO - [2023-11-08T05:16:04.002+0000] {dagbag.py:537} INFO - Filling up the DagBag from /home/airflow/.local/lib/python3.7/site-packages/airflow/example_dags/example_time_delta_sensor_async.py
[2023-11-08T05:16:04.022+0000] {processor.py:766} INFO - DAG(s) dict_keys(['example_time_delta_sensor_async']) retrieved from /home/airflow/.local/lib/python3.7/site-packages/airflow/example_dags/example_time_delta_sensor_async.py
[2023-11-08T05:16:04.260+0000] {logging_mixin.py:120} INFO - [2023-11-08T05:16:04.259+0000] {dag.py:2585} INFO - Sync 1 DAGs
[2023-11-08T05:16:04.290+0000] {logging_mixin.py:120} INFO - [2023-11-08T05:16:04.290+0000] {dag.py:3340} INFO - Setting next_dagrun for example_time_delta_sensor_async to None, run_after=None
[2023-11-08T05:16:04.314+0000] {processor.py:176} INFO - Processing /home/airflow/.local/lib/python3.7/site-packages/airflow/example_dags/example_time_delta_sensor_async.py took 0.320 seconds
