[2023-11-08T05:14:32.860+0000] {processor.py:154} INFO - Started process (PID=77) to work on /home/airflow/.local/lib/python3.7/site-packages/airflow/example_dags/example_branch_day_of_week_operator.py
[2023-11-08T05:14:32.862+0000] {processor.py:756} INFO - Processing file /home/airflow/.local/lib/python3.7/site-packages/airflow/example_dags/example_branch_day_of_week_operator.py for tasks to queue
[2023-11-08T05:14:32.865+0000] {logging_mixin.py:120} INFO - [2023-11-08T05:14:32.864+0000] {dagbag.py:537} INFO - Filling up the DagBag from /home/airflow/.local/lib/python3.7/site-packages/airflow/example_dags/example_branch_day_of_week_operator.py
[2023-11-08T05:14:32.902+0000] {processor.py:766} INFO - DAG(s) dict_keys(['example_weekday_branch_operator']) retrieved from /home/airflow/.local/lib/python3.7/site-packages/airflow/example_dags/example_branch_day_of_week_operator.py
[2023-11-08T05:14:33.136+0000] {logging_mixin.py:120} INFO - [2023-11-08T05:14:33.136+0000] {manager.py:507} INFO - Created Permission View: can read on DAG:example_weekday_branch_operator
[2023-11-08T05:14:33.154+0000] {logging_mixin.py:120} INFO - [2023-11-08T05:14:33.154+0000] {manager.py:507} INFO - Created Permission View: can edit on DAG:example_weekday_branch_operator
[2023-11-08T05:14:33.167+0000] {logging_mixin.py:120} INFO - [2023-11-08T05:14:33.166+0000] {manager.py:507} INFO - Created Permission View: can delete on DAG:example_weekday_branch_operator
[2023-11-08T05:14:33.168+0000] {logging_mixin.py:120} INFO - [2023-11-08T05:14:33.167+0000] {dag.py:2585} INFO - Sync 1 DAGs
[2023-11-08T05:14:33.198+0000] {logging_mixin.py:120} INFO - [2023-11-08T05:14:33.197+0000] {dag.py:2606} INFO - Creating ORM DAG for example_weekday_branch_operator
[2023-11-08T05:14:33.220+0000] {logging_mixin.py:120} INFO - [2023-11-08T05:14:33.220+0000] {dag.py:3340} INFO - Setting next_dagrun for example_weekday_branch_operator to 2023-11-07T00:00:00+00:00, run_after=2023-11-08T00:00:00+00:00
[2023-11-08T05:14:33.256+0000] {processor.py:176} INFO - Processing /home/airflow/.local/lib/python3.7/site-packages/airflow/example_dags/example_branch_day_of_week_operator.py took 0.402 seconds
[2023-11-08T05:15:03.342+0000] {processor.py:154} INFO - Started process (PID=140) to work on /home/airflow/.local/lib/python3.7/site-packages/airflow/example_dags/example_branch_day_of_week_operator.py
[2023-11-08T05:15:03.343+0000] {processor.py:756} INFO - Processing file /home/airflow/.local/lib/python3.7/site-packages/airflow/example_dags/example_branch_day_of_week_operator.py for tasks to queue
[2023-11-08T05:15:03.344+0000] {logging_mixin.py:120} INFO - [2023-11-08T05:15:03.344+0000] {dagbag.py:537} INFO - Filling up the DagBag from /home/airflow/.local/lib/python3.7/site-packages/airflow/example_dags/example_branch_day_of_week_operator.py
[2023-11-08T05:15:03.363+0000] {processor.py:766} INFO - DAG(s) dict_keys(['example_weekday_branch_operator']) retrieved from /home/airflow/.local/lib/python3.7/site-packages/airflow/example_dags/example_branch_day_of_week_operator.py
[2023-11-08T05:15:03.410+0000] {logging_mixin.py:120} INFO - [2023-11-08T05:15:03.409+0000] {dag.py:2585} INFO - Sync 1 DAGs
[2023-11-08T05:15:03.439+0000] {logging_mixin.py:120} INFO - [2023-11-08T05:15:03.439+0000] {dag.py:3340} INFO - Setting next_dagrun for example_weekday_branch_operator to 2023-11-07T00:00:00+00:00, run_after=2023-11-08T00:00:00+00:00
[2023-11-08T05:15:03.460+0000] {processor.py:176} INFO - Processing /home/airflow/.local/lib/python3.7/site-packages/airflow/example_dags/example_branch_day_of_week_operator.py took 0.121 seconds
[2023-11-08T05:15:33.721+0000] {processor.py:154} INFO - Started process (PID=204) to work on /home/airflow/.local/lib/python3.7/site-packages/airflow/example_dags/example_branch_day_of_week_operator.py
[2023-11-08T05:15:33.722+0000] {processor.py:756} INFO - Processing file /home/airflow/.local/lib/python3.7/site-packages/airflow/example_dags/example_branch_day_of_week_operator.py for tasks to queue
[2023-11-08T05:15:33.724+0000] {logging_mixin.py:120} INFO - [2023-11-08T05:15:33.723+0000] {dagbag.py:537} INFO - Filling up the DagBag from /home/airflow/.local/lib/python3.7/site-packages/airflow/example_dags/example_branch_day_of_week_operator.py
[2023-11-08T05:15:33.744+0000] {processor.py:766} INFO - DAG(s) dict_keys(['example_weekday_branch_operator']) retrieved from /home/airflow/.local/lib/python3.7/site-packages/airflow/example_dags/example_branch_day_of_week_operator.py
[2023-11-08T05:15:33.795+0000] {logging_mixin.py:120} INFO - [2023-11-08T05:15:33.795+0000] {dag.py:2585} INFO - Sync 1 DAGs
[2023-11-08T05:15:33.835+0000] {logging_mixin.py:120} INFO - [2023-11-08T05:15:33.835+0000] {dag.py:3340} INFO - Setting next_dagrun for example_weekday_branch_operator to 2023-11-07T00:00:00+00:00, run_after=2023-11-08T00:00:00+00:00
[2023-11-08T05:15:33.856+0000] {processor.py:176} INFO - Processing /home/airflow/.local/lib/python3.7/site-packages/airflow/example_dags/example_branch_day_of_week_operator.py took 0.138 seconds
[2023-11-08T05:16:04.561+0000] {processor.py:154} INFO - Started process (PID=258) to work on /home/airflow/.local/lib/python3.7/site-packages/airflow/example_dags/example_branch_day_of_week_operator.py
[2023-11-08T05:16:04.562+0000] {processor.py:756} INFO - Processing file /home/airflow/.local/lib/python3.7/site-packages/airflow/example_dags/example_branch_day_of_week_operator.py for tasks to queue
[2023-11-08T05:16:04.563+0000] {logging_mixin.py:120} INFO - [2023-11-08T05:16:04.563+0000] {dagbag.py:537} INFO - Filling up the DagBag from /home/airflow/.local/lib/python3.7/site-packages/airflow/example_dags/example_branch_day_of_week_operator.py
[2023-11-08T05:16:04.589+0000] {processor.py:766} INFO - DAG(s) dict_keys(['example_weekday_branch_operator']) retrieved from /home/airflow/.local/lib/python3.7/site-packages/airflow/example_dags/example_branch_day_of_week_operator.py
[2023-11-08T05:16:04.645+0000] {logging_mixin.py:120} INFO - [2023-11-08T05:16:04.644+0000] {dag.py:2585} INFO - Sync 1 DAGs
[2023-11-08T05:16:04.676+0000] {logging_mixin.py:120} INFO - [2023-11-08T05:16:04.676+0000] {dag.py:3340} INFO - Setting next_dagrun for example_weekday_branch_operator to 2023-11-07T00:00:00+00:00, run_after=2023-11-08T00:00:00+00:00
[2023-11-08T05:16:04.696+0000] {processor.py:176} INFO - Processing /home/airflow/.local/lib/python3.7/site-packages/airflow/example_dags/example_branch_day_of_week_operator.py took 0.139 seconds
