[2023-11-08T05:14:29.847+0000] {processor.py:154} INFO - Started process (PID=66) to work on /home/airflow/.local/lib/python3.7/site-packages/airflow/example_dags/example_kubernetes_executor.py
[2023-11-08T05:14:29.850+0000] {processor.py:756} INFO - Processing file /home/airflow/.local/lib/python3.7/site-packages/airflow/example_dags/example_kubernetes_executor.py for tasks to queue
[2023-11-08T05:14:29.852+0000] {logging_mixin.py:120} INFO - [2023-11-08T05:14:29.851+0000] {dagbag.py:537} INFO - Filling up the DagBag from /home/airflow/.local/lib/python3.7/site-packages/airflow/example_dags/example_kubernetes_executor.py
[2023-11-08T05:14:29.911+0000] {processor.py:766} INFO - DAG(s) dict_keys(['example_kubernetes_executor']) retrieved from /home/airflow/.local/lib/python3.7/site-packages/airflow/example_dags/example_kubernetes_executor.py
[2023-11-08T05:14:30.199+0000] {logging_mixin.py:120} INFO - [2023-11-08T05:14:30.199+0000] {manager.py:507} INFO - Created Permission View: can read on DAG:example_kubernetes_executor
[2023-11-08T05:14:30.225+0000] {logging_mixin.py:120} INFO - [2023-11-08T05:14:30.225+0000] {manager.py:507} INFO - Created Permission View: can edit on DAG:example_kubernetes_executor
[2023-11-08T05:14:30.248+0000] {logging_mixin.py:120} INFO - [2023-11-08T05:14:30.247+0000] {manager.py:507} INFO - Created Permission View: can delete on DAG:example_kubernetes_executor
[2023-11-08T05:14:30.250+0000] {logging_mixin.py:120} INFO - [2023-11-08T05:14:30.250+0000] {dag.py:2585} INFO - Sync 1 DAGs
[2023-11-08T05:14:30.282+0000] {logging_mixin.py:120} INFO - [2023-11-08T05:14:30.281+0000] {dag.py:2606} INFO - Creating ORM DAG for example_kubernetes_executor
[2023-11-08T05:14:30.308+0000] {logging_mixin.py:120} INFO - [2023-11-08T05:14:30.308+0000] {dag.py:3340} INFO - Setting next_dagrun for example_kubernetes_executor to None, run_after=None
[2023-11-08T05:14:30.349+0000] {processor.py:176} INFO - Processing /home/airflow/.local/lib/python3.7/site-packages/airflow/example_dags/example_kubernetes_executor.py took 0.508 seconds
[2023-11-08T05:15:01.285+0000] {processor.py:154} INFO - Started process (PID=129) to work on /home/airflow/.local/lib/python3.7/site-packages/airflow/example_dags/example_kubernetes_executor.py
[2023-11-08T05:15:01.287+0000] {processor.py:756} INFO - Processing file /home/airflow/.local/lib/python3.7/site-packages/airflow/example_dags/example_kubernetes_executor.py for tasks to queue
[2023-11-08T05:15:01.289+0000] {logging_mixin.py:120} INFO - [2023-11-08T05:15:01.288+0000] {dagbag.py:537} INFO - Filling up the DagBag from /home/airflow/.local/lib/python3.7/site-packages/airflow/example_dags/example_kubernetes_executor.py
[2023-11-08T05:15:01.344+0000] {processor.py:766} INFO - DAG(s) dict_keys(['example_kubernetes_executor']) retrieved from /home/airflow/.local/lib/python3.7/site-packages/airflow/example_dags/example_kubernetes_executor.py
[2023-11-08T05:15:01.411+0000] {logging_mixin.py:120} INFO - [2023-11-08T05:15:01.411+0000] {dag.py:2585} INFO - Sync 1 DAGs
[2023-11-08T05:15:01.448+0000] {logging_mixin.py:120} INFO - [2023-11-08T05:15:01.448+0000] {dag.py:3340} INFO - Setting next_dagrun for example_kubernetes_executor to None, run_after=None
[2023-11-08T05:15:01.477+0000] {processor.py:176} INFO - Processing /home/airflow/.local/lib/python3.7/site-packages/airflow/example_dags/example_kubernetes_executor.py took 0.195 seconds
[2023-11-08T05:15:31.658+0000] {processor.py:154} INFO - Started process (PID=184) to work on /home/airflow/.local/lib/python3.7/site-packages/airflow/example_dags/example_kubernetes_executor.py
[2023-11-08T05:15:31.660+0000] {processor.py:756} INFO - Processing file /home/airflow/.local/lib/python3.7/site-packages/airflow/example_dags/example_kubernetes_executor.py for tasks to queue
[2023-11-08T05:15:31.661+0000] {logging_mixin.py:120} INFO - [2023-11-08T05:15:31.661+0000] {dagbag.py:537} INFO - Filling up the DagBag from /home/airflow/.local/lib/python3.7/site-packages/airflow/example_dags/example_kubernetes_executor.py
[2023-11-08T05:15:31.699+0000] {processor.py:766} INFO - DAG(s) dict_keys(['example_kubernetes_executor']) retrieved from /home/airflow/.local/lib/python3.7/site-packages/airflow/example_dags/example_kubernetes_executor.py
[2023-11-08T05:15:31.745+0000] {logging_mixin.py:120} INFO - [2023-11-08T05:15:31.745+0000] {dag.py:2585} INFO - Sync 1 DAGs
[2023-11-08T05:15:31.776+0000] {logging_mixin.py:120} INFO - [2023-11-08T05:15:31.775+0000] {dag.py:3340} INFO - Setting next_dagrun for example_kubernetes_executor to None, run_after=None
[2023-11-08T05:15:31.805+0000] {processor.py:176} INFO - Processing /home/airflow/.local/lib/python3.7/site-packages/airflow/example_dags/example_kubernetes_executor.py took 0.150 seconds
[2023-11-08T05:16:02.473+0000] {processor.py:154} INFO - Started process (PID=247) to work on /home/airflow/.local/lib/python3.7/site-packages/airflow/example_dags/example_kubernetes_executor.py
[2023-11-08T05:16:02.474+0000] {processor.py:756} INFO - Processing file /home/airflow/.local/lib/python3.7/site-packages/airflow/example_dags/example_kubernetes_executor.py for tasks to queue
[2023-11-08T05:16:02.476+0000] {logging_mixin.py:120} INFO - [2023-11-08T05:16:02.475+0000] {dagbag.py:537} INFO - Filling up the DagBag from /home/airflow/.local/lib/python3.7/site-packages/airflow/example_dags/example_kubernetes_executor.py
[2023-11-08T05:16:02.520+0000] {processor.py:766} INFO - DAG(s) dict_keys(['example_kubernetes_executor']) retrieved from /home/airflow/.local/lib/python3.7/site-packages/airflow/example_dags/example_kubernetes_executor.py
[2023-11-08T05:16:02.572+0000] {logging_mixin.py:120} INFO - [2023-11-08T05:16:02.571+0000] {dag.py:2585} INFO - Sync 1 DAGs
[2023-11-08T05:16:02.603+0000] {logging_mixin.py:120} INFO - [2023-11-08T05:16:02.603+0000] {dag.py:3340} INFO - Setting next_dagrun for example_kubernetes_executor to None, run_after=None
[2023-11-08T05:16:02.628+0000] {processor.py:176} INFO - Processing /home/airflow/.local/lib/python3.7/site-packages/airflow/example_dags/example_kubernetes_executor.py took 0.159 seconds
