[2023-11-08T05:14:29.043+0000] {processor.py:154} INFO - Started process (PID=62) to work on /home/airflow/.local/lib/python3.7/site-packages/airflow/example_dags/example_branch_datetime_operator.py
[2023-11-08T05:14:29.045+0000] {processor.py:756} INFO - Processing file /home/airflow/.local/lib/python3.7/site-packages/airflow/example_dags/example_branch_datetime_operator.py for tasks to queue
[2023-11-08T05:14:29.047+0000] {logging_mixin.py:120} INFO - [2023-11-08T05:14:29.046+0000] {dagbag.py:537} INFO - Filling up the DagBag from /home/airflow/.local/lib/python3.7/site-packages/airflow/example_dags/example_branch_datetime_operator.py
[2023-11-08T05:14:29.078+0000] {processor.py:766} INFO - DAG(s) dict_keys(['example_branch_datetime_operator', 'example_branch_datetime_operator_3', 'example_branch_datetime_operator_2']) retrieved from /home/airflow/.local/lib/python3.7/site-packages/airflow/example_dags/example_branch_datetime_operator.py
[2023-11-08T05:14:29.268+0000] {logging_mixin.py:120} INFO - [2023-11-08T05:14:29.268+0000] {manager.py:507} INFO - Created Permission View: can read on DAG:example_branch_datetime_operator
[2023-11-08T05:14:29.281+0000] {logging_mixin.py:120} INFO - [2023-11-08T05:14:29.281+0000] {manager.py:507} INFO - Created Permission View: can edit on DAG:example_branch_datetime_operator
[2023-11-08T05:14:29.290+0000] {logging_mixin.py:120} INFO - [2023-11-08T05:14:29.290+0000] {manager.py:507} INFO - Created Permission View: can delete on DAG:example_branch_datetime_operator
[2023-11-08T05:14:29.307+0000] {logging_mixin.py:120} INFO - [2023-11-08T05:14:29.307+0000] {manager.py:507} INFO - Created Permission View: can read on DAG:example_branch_datetime_operator_3
[2023-11-08T05:14:29.317+0000] {logging_mixin.py:120} INFO - [2023-11-08T05:14:29.317+0000] {manager.py:507} INFO - Created Permission View: can edit on DAG:example_branch_datetime_operator_3
[2023-11-08T05:14:29.327+0000] {logging_mixin.py:120} INFO - [2023-11-08T05:14:29.327+0000] {manager.py:507} INFO - Created Permission View: can delete on DAG:example_branch_datetime_operator_3
[2023-11-08T05:14:29.343+0000] {logging_mixin.py:120} INFO - [2023-11-08T05:14:29.342+0000] {manager.py:507} INFO - Created Permission View: can read on DAG:example_branch_datetime_operator_2
[2023-11-08T05:14:29.354+0000] {logging_mixin.py:120} INFO - [2023-11-08T05:14:29.353+0000] {manager.py:507} INFO - Created Permission View: can edit on DAG:example_branch_datetime_operator_2
[2023-11-08T05:14:29.362+0000] {logging_mixin.py:120} INFO - [2023-11-08T05:14:29.361+0000] {manager.py:507} INFO - Created Permission View: can delete on DAG:example_branch_datetime_operator_2
[2023-11-08T05:14:29.362+0000] {logging_mixin.py:120} INFO - [2023-11-08T05:14:29.362+0000] {dag.py:2585} INFO - Sync 3 DAGs
[2023-11-08T05:14:29.377+0000] {logging_mixin.py:120} INFO - [2023-11-08T05:14:29.377+0000] {dag.py:2606} INFO - Creating ORM DAG for example_branch_datetime_operator
[2023-11-08T05:14:29.378+0000] {logging_mixin.py:120} INFO - [2023-11-08T05:14:29.378+0000] {dag.py:2606} INFO - Creating ORM DAG for example_branch_datetime_operator_3
[2023-11-08T05:14:29.379+0000] {logging_mixin.py:120} INFO - [2023-11-08T05:14:29.379+0000] {dag.py:2606} INFO - Creating ORM DAG for example_branch_datetime_operator_2
[2023-11-08T05:14:29.398+0000] {logging_mixin.py:120} INFO - [2023-11-08T05:14:29.398+0000] {dag.py:3340} INFO - Setting next_dagrun for example_branch_datetime_operator to 2023-11-07T00:00:00+00:00, run_after=2023-11-08T00:00:00+00:00
[2023-11-08T05:14:29.402+0000] {logging_mixin.py:120} INFO - [2023-11-08T05:14:29.401+0000] {dag.py:3340} INFO - Setting next_dagrun for example_branch_datetime_operator_2 to 2023-11-07T00:00:00+00:00, run_after=2023-11-08T00:00:00+00:00
[2023-11-08T05:14:29.405+0000] {logging_mixin.py:120} INFO - [2023-11-08T05:14:29.405+0000] {dag.py:3340} INFO - Setting next_dagrun for example_branch_datetime_operator_3 to 2023-11-07T00:00:00+00:00, run_after=2023-11-08T00:00:00+00:00
[2023-11-08T05:14:29.438+0000] {processor.py:176} INFO - Processing /home/airflow/.local/lib/python3.7/site-packages/airflow/example_dags/example_branch_datetime_operator.py took 0.399 seconds
[2023-11-08T05:14:59.767+0000] {processor.py:154} INFO - Started process (PID=125) to work on /home/airflow/.local/lib/python3.7/site-packages/airflow/example_dags/example_branch_datetime_operator.py
[2023-11-08T05:14:59.770+0000] {processor.py:756} INFO - Processing file /home/airflow/.local/lib/python3.7/site-packages/airflow/example_dags/example_branch_datetime_operator.py for tasks to queue
[2023-11-08T05:14:59.774+0000] {logging_mixin.py:120} INFO - [2023-11-08T05:14:59.774+0000] {dagbag.py:537} INFO - Filling up the DagBag from /home/airflow/.local/lib/python3.7/site-packages/airflow/example_dags/example_branch_datetime_operator.py
[2023-11-08T05:14:59.815+0000] {processor.py:766} INFO - DAG(s) dict_keys(['example_branch_datetime_operator_3', 'example_branch_datetime_operator_2', 'example_branch_datetime_operator']) retrieved from /home/airflow/.local/lib/python3.7/site-packages/airflow/example_dags/example_branch_datetime_operator.py
[2023-11-08T05:14:59.896+0000] {logging_mixin.py:120} INFO - [2023-11-08T05:14:59.896+0000] {dag.py:2585} INFO - Sync 3 DAGs
[2023-11-08T05:14:59.950+0000] {logging_mixin.py:120} INFO - [2023-11-08T05:14:59.950+0000] {dag.py:3340} INFO - Setting next_dagrun for example_branch_datetime_operator to 2023-11-07T00:00:00+00:00, run_after=2023-11-08T00:00:00+00:00
[2023-11-08T05:14:59.960+0000] {logging_mixin.py:120} INFO - [2023-11-08T05:14:59.960+0000] {dag.py:3340} INFO - Setting next_dagrun for example_branch_datetime_operator_2 to 2023-11-07T00:00:00+00:00, run_after=2023-11-08T00:00:00+00:00
[2023-11-08T05:14:59.965+0000] {logging_mixin.py:120} INFO - [2023-11-08T05:14:59.965+0000] {dag.py:3340} INFO - Setting next_dagrun for example_branch_datetime_operator_3 to 2023-11-07T00:00:00+00:00, run_after=2023-11-08T00:00:00+00:00
[2023-11-08T05:14:59.995+0000] {processor.py:176} INFO - Processing /home/airflow/.local/lib/python3.7/site-packages/airflow/example_dags/example_branch_datetime_operator.py took 0.235 seconds
[2023-11-08T05:15:30.327+0000] {processor.py:154} INFO - Started process (PID=180) to work on /home/airflow/.local/lib/python3.7/site-packages/airflow/example_dags/example_branch_datetime_operator.py
[2023-11-08T05:15:30.328+0000] {processor.py:756} INFO - Processing file /home/airflow/.local/lib/python3.7/site-packages/airflow/example_dags/example_branch_datetime_operator.py for tasks to queue
[2023-11-08T05:15:30.329+0000] {logging_mixin.py:120} INFO - [2023-11-08T05:15:30.329+0000] {dagbag.py:537} INFO - Filling up the DagBag from /home/airflow/.local/lib/python3.7/site-packages/airflow/example_dags/example_branch_datetime_operator.py
[2023-11-08T05:15:30.362+0000] {processor.py:766} INFO - DAG(s) dict_keys(['example_branch_datetime_operator_2', 'example_branch_datetime_operator', 'example_branch_datetime_operator_3']) retrieved from /home/airflow/.local/lib/python3.7/site-packages/airflow/example_dags/example_branch_datetime_operator.py
[2023-11-08T05:15:30.421+0000] {logging_mixin.py:120} INFO - [2023-11-08T05:15:30.421+0000] {dag.py:2585} INFO - Sync 3 DAGs
[2023-11-08T05:15:30.454+0000] {logging_mixin.py:120} INFO - [2023-11-08T05:15:30.454+0000] {dag.py:3340} INFO - Setting next_dagrun for example_branch_datetime_operator to 2023-11-07T00:00:00+00:00, run_after=2023-11-08T00:00:00+00:00
[2023-11-08T05:15:30.462+0000] {logging_mixin.py:120} INFO - [2023-11-08T05:15:30.462+0000] {dag.py:3340} INFO - Setting next_dagrun for example_branch_datetime_operator_2 to 2023-11-07T00:00:00+00:00, run_after=2023-11-08T00:00:00+00:00
[2023-11-08T05:15:30.466+0000] {logging_mixin.py:120} INFO - [2023-11-08T05:15:30.466+0000] {dag.py:3340} INFO - Setting next_dagrun for example_branch_datetime_operator_3 to 2023-11-07T00:00:00+00:00, run_after=2023-11-08T00:00:00+00:00
[2023-11-08T05:15:30.484+0000] {processor.py:176} INFO - Processing /home/airflow/.local/lib/python3.7/site-packages/airflow/example_dags/example_branch_datetime_operator.py took 0.162 seconds
[2023-11-08T05:16:01.089+0000] {processor.py:154} INFO - Started process (PID=243) to work on /home/airflow/.local/lib/python3.7/site-packages/airflow/example_dags/example_branch_datetime_operator.py
[2023-11-08T05:16:01.090+0000] {processor.py:756} INFO - Processing file /home/airflow/.local/lib/python3.7/site-packages/airflow/example_dags/example_branch_datetime_operator.py for tasks to queue
[2023-11-08T05:16:01.092+0000] {logging_mixin.py:120} INFO - [2023-11-08T05:16:01.091+0000] {dagbag.py:537} INFO - Filling up the DagBag from /home/airflow/.local/lib/python3.7/site-packages/airflow/example_dags/example_branch_datetime_operator.py
[2023-11-08T05:16:01.125+0000] {processor.py:766} INFO - DAG(s) dict_keys(['example_branch_datetime_operator', 'example_branch_datetime_operator_2', 'example_branch_datetime_operator_3']) retrieved from /home/airflow/.local/lib/python3.7/site-packages/airflow/example_dags/example_branch_datetime_operator.py
[2023-11-08T05:16:01.193+0000] {logging_mixin.py:120} INFO - [2023-11-08T05:16:01.192+0000] {dag.py:2585} INFO - Sync 3 DAGs
[2023-11-08T05:16:01.230+0000] {logging_mixin.py:120} INFO - [2023-11-08T05:16:01.230+0000] {dag.py:3340} INFO - Setting next_dagrun for example_branch_datetime_operator to 2023-11-07T00:00:00+00:00, run_after=2023-11-08T00:00:00+00:00
[2023-11-08T05:16:01.236+0000] {logging_mixin.py:120} INFO - [2023-11-08T05:16:01.236+0000] {dag.py:3340} INFO - Setting next_dagrun for example_branch_datetime_operator_2 to 2023-11-07T00:00:00+00:00, run_after=2023-11-08T00:00:00+00:00
[2023-11-08T05:16:01.240+0000] {logging_mixin.py:120} INFO - [2023-11-08T05:16:01.240+0000] {dag.py:3340} INFO - Setting next_dagrun for example_branch_datetime_operator_3 to 2023-11-07T00:00:00+00:00, run_after=2023-11-08T00:00:00+00:00
[2023-11-08T05:16:01.268+0000] {processor.py:176} INFO - Processing /home/airflow/.local/lib/python3.7/site-packages/airflow/example_dags/example_branch_datetime_operator.py took 0.184 seconds
