[2023-11-08T05:14:30.808+0000] {processor.py:154} INFO - Started process (PID=70) to work on /home/airflow/.local/lib/python3.7/site-packages/airflow/example_dags/example_skip_dag.py
[2023-11-08T05:14:30.810+0000] {processor.py:756} INFO - Processing file /home/airflow/.local/lib/python3.7/site-packages/airflow/example_dags/example_skip_dag.py for tasks to queue
[2023-11-08T05:14:30.812+0000] {logging_mixin.py:120} INFO - [2023-11-08T05:14:30.811+0000] {dagbag.py:537} INFO - Filling up the DagBag from /home/airflow/.local/lib/python3.7/site-packages/airflow/example_dags/example_skip_dag.py
[2023-11-08T05:14:30.894+0000] {processor.py:766} INFO - DAG(s) dict_keys(['example_skip_dag']) retrieved from /home/airflow/.local/lib/python3.7/site-packages/airflow/example_dags/example_skip_dag.py
[2023-11-08T05:14:31.301+0000] {logging_mixin.py:120} INFO - [2023-11-08T05:14:31.301+0000] {manager.py:507} INFO - Created Permission View: can read on DAG:example_skip_dag
[2023-11-08T05:14:31.320+0000] {logging_mixin.py:120} INFO - [2023-11-08T05:14:31.319+0000] {manager.py:507} INFO - Created Permission View: can edit on DAG:example_skip_dag
[2023-11-08T05:14:31.333+0000] {logging_mixin.py:120} INFO - [2023-11-08T05:14:31.333+0000] {manager.py:507} INFO - Created Permission View: can delete on DAG:example_skip_dag
[2023-11-08T05:14:31.334+0000] {logging_mixin.py:120} INFO - [2023-11-08T05:14:31.334+0000] {dag.py:2585} INFO - Sync 1 DAGs
[2023-11-08T05:14:31.364+0000] {logging_mixin.py:120} INFO - [2023-11-08T05:14:31.364+0000] {dag.py:2606} INFO - Creating ORM DAG for example_skip_dag
[2023-11-08T05:14:31.389+0000] {logging_mixin.py:120} INFO - [2023-11-08T05:14:31.389+0000] {dag.py:3340} INFO - Setting next_dagrun for example_skip_dag to 2023-11-07T05:14:31.388745+00:00, run_after=2023-11-08T05:14:31.388745+00:00
[2023-11-08T05:14:31.426+0000] {processor.py:176} INFO - Processing /home/airflow/.local/lib/python3.7/site-packages/airflow/example_dags/example_skip_dag.py took 0.624 seconds
[2023-11-08T05:15:01.645+0000] {processor.py:154} INFO - Started process (PID=133) to work on /home/airflow/.local/lib/python3.7/site-packages/airflow/example_dags/example_skip_dag.py
[2023-11-08T05:15:01.646+0000] {processor.py:756} INFO - Processing file /home/airflow/.local/lib/python3.7/site-packages/airflow/example_dags/example_skip_dag.py for tasks to queue
[2023-11-08T05:15:01.648+0000] {logging_mixin.py:120} INFO - [2023-11-08T05:15:01.647+0000] {dagbag.py:537} INFO - Filling up the DagBag from /home/airflow/.local/lib/python3.7/site-packages/airflow/example_dags/example_skip_dag.py
[2023-11-08T05:15:01.667+0000] {processor.py:766} INFO - DAG(s) dict_keys(['example_skip_dag']) retrieved from /home/airflow/.local/lib/python3.7/site-packages/airflow/example_dags/example_skip_dag.py
[2023-11-08T05:15:01.714+0000] {logging_mixin.py:120} INFO - [2023-11-08T05:15:01.714+0000] {dag.py:2585} INFO - Sync 1 DAGs
[2023-11-08T05:15:01.741+0000] {logging_mixin.py:120} INFO - [2023-11-08T05:15:01.741+0000] {dag.py:3340} INFO - Setting next_dagrun for example_skip_dag to 2023-11-07T05:15:01.741091+00:00, run_after=2023-11-08T05:15:01.741091+00:00
[2023-11-08T05:15:01.763+0000] {processor.py:176} INFO - Processing /home/airflow/.local/lib/python3.7/site-packages/airflow/example_dags/example_skip_dag.py took 0.122 seconds
[2023-11-08T05:15:32.120+0000] {processor.py:154} INFO - Started process (PID=195) to work on /home/airflow/.local/lib/python3.7/site-packages/airflow/example_dags/example_skip_dag.py
[2023-11-08T05:15:32.122+0000] {processor.py:756} INFO - Processing file /home/airflow/.local/lib/python3.7/site-packages/airflow/example_dags/example_skip_dag.py for tasks to queue
[2023-11-08T05:15:32.123+0000] {logging_mixin.py:120} INFO - [2023-11-08T05:15:32.123+0000] {dagbag.py:537} INFO - Filling up the DagBag from /home/airflow/.local/lib/python3.7/site-packages/airflow/example_dags/example_skip_dag.py
[2023-11-08T05:15:32.140+0000] {processor.py:766} INFO - DAG(s) dict_keys(['example_skip_dag']) retrieved from /home/airflow/.local/lib/python3.7/site-packages/airflow/example_dags/example_skip_dag.py
[2023-11-08T05:15:32.190+0000] {logging_mixin.py:120} INFO - [2023-11-08T05:15:32.189+0000] {dag.py:2585} INFO - Sync 1 DAGs
[2023-11-08T05:15:32.222+0000] {logging_mixin.py:120} INFO - [2023-11-08T05:15:32.222+0000] {dag.py:3340} INFO - Setting next_dagrun for example_skip_dag to 2023-11-07T05:15:32.222109+00:00, run_after=2023-11-08T05:15:32.222109+00:00
[2023-11-08T05:15:32.250+0000] {processor.py:176} INFO - Processing /home/airflow/.local/lib/python3.7/site-packages/airflow/example_dags/example_skip_dag.py took 0.134 seconds
[2023-11-08T05:16:02.812+0000] {processor.py:154} INFO - Started process (PID=251) to work on /home/airflow/.local/lib/python3.7/site-packages/airflow/example_dags/example_skip_dag.py
[2023-11-08T05:16:02.814+0000] {processor.py:756} INFO - Processing file /home/airflow/.local/lib/python3.7/site-packages/airflow/example_dags/example_skip_dag.py for tasks to queue
[2023-11-08T05:16:02.815+0000] {logging_mixin.py:120} INFO - [2023-11-08T05:16:02.815+0000] {dagbag.py:537} INFO - Filling up the DagBag from /home/airflow/.local/lib/python3.7/site-packages/airflow/example_dags/example_skip_dag.py
[2023-11-08T05:16:02.842+0000] {processor.py:766} INFO - DAG(s) dict_keys(['example_skip_dag']) retrieved from /home/airflow/.local/lib/python3.7/site-packages/airflow/example_dags/example_skip_dag.py
[2023-11-08T05:16:02.908+0000] {logging_mixin.py:120} INFO - [2023-11-08T05:16:02.908+0000] {dag.py:2585} INFO - Sync 1 DAGs
[2023-11-08T05:16:02.939+0000] {logging_mixin.py:120} INFO - [2023-11-08T05:16:02.939+0000] {dag.py:3340} INFO - Setting next_dagrun for example_skip_dag to 2023-11-07T05:16:02.939347+00:00, run_after=2023-11-08T05:16:02.939347+00:00
[2023-11-08T05:16:02.966+0000] {processor.py:176} INFO - Processing /home/airflow/.local/lib/python3.7/site-packages/airflow/example_dags/example_skip_dag.py took 0.160 seconds
