[2023-11-08T05:14:30.389+0000] {processor.py:154} INFO - Started process (PID=68) to work on /home/airflow/.local/lib/python3.7/site-packages/airflow/example_dags/example_task_group.py
[2023-11-08T05:14:30.391+0000] {processor.py:756} INFO - Processing file /home/airflow/.local/lib/python3.7/site-packages/airflow/example_dags/example_task_group.py for tasks to queue
[2023-11-08T05:14:30.393+0000] {logging_mixin.py:120} INFO - [2023-11-08T05:14:30.392+0000] {dagbag.py:537} INFO - Filling up the DagBag from /home/airflow/.local/lib/python3.7/site-packages/airflow/example_dags/example_task_group.py
[2023-11-08T05:14:30.428+0000] {processor.py:766} INFO - DAG(s) dict_keys(['example_task_group']) retrieved from /home/airflow/.local/lib/python3.7/site-packages/airflow/example_dags/example_task_group.py
[2023-11-08T05:14:30.654+0000] {logging_mixin.py:120} INFO - [2023-11-08T05:14:30.654+0000] {manager.py:507} INFO - Created Permission View: can read on DAG:example_task_group
[2023-11-08T05:14:30.670+0000] {logging_mixin.py:120} INFO - [2023-11-08T05:14:30.669+0000] {manager.py:507} INFO - Created Permission View: can edit on DAG:example_task_group
[2023-11-08T05:14:30.682+0000] {logging_mixin.py:120} INFO - [2023-11-08T05:14:30.682+0000] {manager.py:507} INFO - Created Permission View: can delete on DAG:example_task_group
[2023-11-08T05:14:30.683+0000] {logging_mixin.py:120} INFO - [2023-11-08T05:14:30.682+0000] {dag.py:2585} INFO - Sync 1 DAGs
[2023-11-08T05:14:30.708+0000] {logging_mixin.py:120} INFO - [2023-11-08T05:14:30.708+0000] {dag.py:2606} INFO - Creating ORM DAG for example_task_group
[2023-11-08T05:14:30.732+0000] {logging_mixin.py:120} INFO - [2023-11-08T05:14:30.731+0000] {dag.py:3340} INFO - Setting next_dagrun for example_task_group to 2023-11-07T05:14:30.731366+00:00, run_after=2023-11-08T05:14:30.731366+00:00
[2023-11-08T05:14:30.770+0000] {processor.py:176} INFO - Processing /home/airflow/.local/lib/python3.7/site-packages/airflow/example_dags/example_task_group.py took 0.387 seconds
[2023-11-08T05:15:01.489+0000] {processor.py:154} INFO - Started process (PID=131) to work on /home/airflow/.local/lib/python3.7/site-packages/airflow/example_dags/example_task_group.py
[2023-11-08T05:15:01.490+0000] {processor.py:756} INFO - Processing file /home/airflow/.local/lib/python3.7/site-packages/airflow/example_dags/example_task_group.py for tasks to queue
[2023-11-08T05:15:01.493+0000] {logging_mixin.py:120} INFO - [2023-11-08T05:15:01.492+0000] {dagbag.py:537} INFO - Filling up the DagBag from /home/airflow/.local/lib/python3.7/site-packages/airflow/example_dags/example_task_group.py
[2023-11-08T05:15:01.517+0000] {processor.py:766} INFO - DAG(s) dict_keys(['example_task_group']) retrieved from /home/airflow/.local/lib/python3.7/site-packages/airflow/example_dags/example_task_group.py
[2023-11-08T05:15:01.565+0000] {logging_mixin.py:120} INFO - [2023-11-08T05:15:01.565+0000] {dag.py:2585} INFO - Sync 1 DAGs
[2023-11-08T05:15:01.596+0000] {logging_mixin.py:120} INFO - [2023-11-08T05:15:01.596+0000] {dag.py:3340} INFO - Setting next_dagrun for example_task_group to 2023-11-07T05:15:01.596107+00:00, run_after=2023-11-08T05:15:01.596107+00:00
[2023-11-08T05:15:01.620+0000] {processor.py:176} INFO - Processing /home/airflow/.local/lib/python3.7/site-packages/airflow/example_dags/example_task_group.py took 0.136 seconds
[2023-11-08T05:15:31.826+0000] {processor.py:154} INFO - Started process (PID=186) to work on /home/airflow/.local/lib/python3.7/site-packages/airflow/example_dags/example_task_group.py
[2023-11-08T05:15:31.827+0000] {processor.py:756} INFO - Processing file /home/airflow/.local/lib/python3.7/site-packages/airflow/example_dags/example_task_group.py for tasks to queue
[2023-11-08T05:15:31.828+0000] {logging_mixin.py:120} INFO - [2023-11-08T05:15:31.828+0000] {dagbag.py:537} INFO - Filling up the DagBag from /home/airflow/.local/lib/python3.7/site-packages/airflow/example_dags/example_task_group.py
[2023-11-08T05:15:31.845+0000] {processor.py:766} INFO - DAG(s) dict_keys(['example_task_group']) retrieved from /home/airflow/.local/lib/python3.7/site-packages/airflow/example_dags/example_task_group.py
[2023-11-08T05:15:31.888+0000] {logging_mixin.py:120} INFO - [2023-11-08T05:15:31.888+0000] {dag.py:2585} INFO - Sync 1 DAGs
[2023-11-08T05:15:31.928+0000] {logging_mixin.py:120} INFO - [2023-11-08T05:15:31.928+0000] {dag.py:3340} INFO - Setting next_dagrun for example_task_group to 2023-11-07T05:15:31.928256+00:00, run_after=2023-11-08T05:15:31.928256+00:00
[2023-11-08T05:15:31.949+0000] {processor.py:176} INFO - Processing /home/airflow/.local/lib/python3.7/site-packages/airflow/example_dags/example_task_group.py took 0.128 seconds
[2023-11-08T05:16:02.649+0000] {processor.py:154} INFO - Started process (PID=249) to work on /home/airflow/.local/lib/python3.7/site-packages/airflow/example_dags/example_task_group.py
[2023-11-08T05:16:02.650+0000] {processor.py:756} INFO - Processing file /home/airflow/.local/lib/python3.7/site-packages/airflow/example_dags/example_task_group.py for tasks to queue
[2023-11-08T05:16:02.651+0000] {logging_mixin.py:120} INFO - [2023-11-08T05:16:02.651+0000] {dagbag.py:537} INFO - Filling up the DagBag from /home/airflow/.local/lib/python3.7/site-packages/airflow/example_dags/example_task_group.py
[2023-11-08T05:16:02.673+0000] {processor.py:766} INFO - DAG(s) dict_keys(['example_task_group']) retrieved from /home/airflow/.local/lib/python3.7/site-packages/airflow/example_dags/example_task_group.py
[2023-11-08T05:16:02.725+0000] {logging_mixin.py:120} INFO - [2023-11-08T05:16:02.725+0000] {dag.py:2585} INFO - Sync 1 DAGs
[2023-11-08T05:16:02.756+0000] {logging_mixin.py:120} INFO - [2023-11-08T05:16:02.756+0000] {dag.py:3340} INFO - Setting next_dagrun for example_task_group to 2023-11-07T05:16:02.755734+00:00, run_after=2023-11-08T05:16:02.755734+00:00
[2023-11-08T05:16:02.779+0000] {processor.py:176} INFO - Processing /home/airflow/.local/lib/python3.7/site-packages/airflow/example_dags/example_task_group.py took 0.134 seconds
