[2023-11-08T05:14:31.954+0000] {processor.py:154} INFO - Started process (PID=73) to work on /home/airflow/.local/lib/python3.7/site-packages/airflow/example_dags/example_xcomargs.py
[2023-11-08T05:14:31.955+0000] {processor.py:756} INFO - Processing file /home/airflow/.local/lib/python3.7/site-packages/airflow/example_dags/example_xcomargs.py for tasks to queue
[2023-11-08T05:14:31.957+0000] {logging_mixin.py:120} INFO - [2023-11-08T05:14:31.957+0000] {dagbag.py:537} INFO - Filling up the DagBag from /home/airflow/.local/lib/python3.7/site-packages/airflow/example_dags/example_xcomargs.py
[2023-11-08T05:14:32.001+0000] {processor.py:766} INFO - DAG(s) dict_keys(['example_xcom_args', 'example_xcom_args_with_operators']) retrieved from /home/airflow/.local/lib/python3.7/site-packages/airflow/example_dags/example_xcomargs.py
[2023-11-08T05:14:32.202+0000] {logging_mixin.py:120} INFO - [2023-11-08T05:14:32.202+0000] {manager.py:507} INFO - Created Permission View: can read on DAG:example_xcom_args
[2023-11-08T05:14:32.217+0000] {logging_mixin.py:120} INFO - [2023-11-08T05:14:32.217+0000] {manager.py:507} INFO - Created Permission View: can edit on DAG:example_xcom_args
[2023-11-08T05:14:32.230+0000] {logging_mixin.py:120} INFO - [2023-11-08T05:14:32.229+0000] {manager.py:507} INFO - Created Permission View: can delete on DAG:example_xcom_args
[2023-11-08T05:14:32.258+0000] {logging_mixin.py:120} INFO - [2023-11-08T05:14:32.258+0000] {manager.py:507} INFO - Created Permission View: can read on DAG:example_xcom_args_with_operators
[2023-11-08T05:14:32.275+0000] {logging_mixin.py:120} INFO - [2023-11-08T05:14:32.275+0000] {manager.py:507} INFO - Created Permission View: can edit on DAG:example_xcom_args_with_operators
[2023-11-08T05:14:32.288+0000] {logging_mixin.py:120} INFO - [2023-11-08T05:14:32.288+0000] {manager.py:507} INFO - Created Permission View: can delete on DAG:example_xcom_args_with_operators
[2023-11-08T05:14:32.290+0000] {logging_mixin.py:120} INFO - [2023-11-08T05:14:32.290+0000] {dag.py:2585} INFO - Sync 2 DAGs
[2023-11-08T05:14:32.323+0000] {logging_mixin.py:120} INFO - [2023-11-08T05:14:32.323+0000] {dag.py:2606} INFO - Creating ORM DAG for example_xcom_args
[2023-11-08T05:14:32.325+0000] {logging_mixin.py:120} INFO - [2023-11-08T05:14:32.324+0000] {dag.py:2606} INFO - Creating ORM DAG for example_xcom_args_with_operators
[2023-11-08T05:14:32.351+0000] {logging_mixin.py:120} INFO - [2023-11-08T05:14:32.351+0000] {dag.py:3340} INFO - Setting next_dagrun for example_xcom_args to None, run_after=None
[2023-11-08T05:14:32.353+0000] {logging_mixin.py:120} INFO - [2023-11-08T05:14:32.353+0000] {dag.py:3340} INFO - Setting next_dagrun for example_xcom_args_with_operators to None, run_after=None
[2023-11-08T05:14:32.388+0000] {processor.py:176} INFO - Processing /home/airflow/.local/lib/python3.7/site-packages/airflow/example_dags/example_xcomargs.py took 0.440 seconds
[2023-11-08T05:15:02.852+0000] {processor.py:154} INFO - Started process (PID=136) to work on /home/airflow/.local/lib/python3.7/site-packages/airflow/example_dags/example_xcomargs.py
[2023-11-08T05:15:02.853+0000] {processor.py:756} INFO - Processing file /home/airflow/.local/lib/python3.7/site-packages/airflow/example_dags/example_xcomargs.py for tasks to queue
[2023-11-08T05:15:02.855+0000] {logging_mixin.py:120} INFO - [2023-11-08T05:15:02.855+0000] {dagbag.py:537} INFO - Filling up the DagBag from /home/airflow/.local/lib/python3.7/site-packages/airflow/example_dags/example_xcomargs.py
[2023-11-08T05:15:02.894+0000] {processor.py:766} INFO - DAG(s) dict_keys(['example_xcom_args', 'example_xcom_args_with_operators']) retrieved from /home/airflow/.local/lib/python3.7/site-packages/airflow/example_dags/example_xcomargs.py
[2023-11-08T05:15:02.950+0000] {logging_mixin.py:120} INFO - [2023-11-08T05:15:02.950+0000] {dag.py:2585} INFO - Sync 2 DAGs
[2023-11-08T05:15:02.987+0000] {logging_mixin.py:120} INFO - [2023-11-08T05:15:02.987+0000] {dag.py:3340} INFO - Setting next_dagrun for example_xcom_args to None, run_after=None
[2023-11-08T05:15:02.993+0000] {logging_mixin.py:120} INFO - [2023-11-08T05:15:02.993+0000] {dag.py:3340} INFO - Setting next_dagrun for example_xcom_args_with_operators to None, run_after=None
[2023-11-08T05:15:03.014+0000] {processor.py:176} INFO - Processing /home/airflow/.local/lib/python3.7/site-packages/airflow/example_dags/example_xcomargs.py took 0.166 seconds
[2023-11-08T05:15:33.371+0000] {processor.py:154} INFO - Started process (PID=200) to work on /home/airflow/.local/lib/python3.7/site-packages/airflow/example_dags/example_xcomargs.py
[2023-11-08T05:15:33.372+0000] {processor.py:756} INFO - Processing file /home/airflow/.local/lib/python3.7/site-packages/airflow/example_dags/example_xcomargs.py for tasks to queue
[2023-11-08T05:15:33.374+0000] {logging_mixin.py:120} INFO - [2023-11-08T05:15:33.374+0000] {dagbag.py:537} INFO - Filling up the DagBag from /home/airflow/.local/lib/python3.7/site-packages/airflow/example_dags/example_xcomargs.py
[2023-11-08T05:15:33.405+0000] {processor.py:766} INFO - DAG(s) dict_keys(['example_xcom_args_with_operators', 'example_xcom_args']) retrieved from /home/airflow/.local/lib/python3.7/site-packages/airflow/example_dags/example_xcomargs.py
[2023-11-08T05:15:33.462+0000] {logging_mixin.py:120} INFO - [2023-11-08T05:15:33.462+0000] {dag.py:2585} INFO - Sync 2 DAGs
[2023-11-08T05:15:33.508+0000] {logging_mixin.py:120} INFO - [2023-11-08T05:15:33.508+0000] {dag.py:3340} INFO - Setting next_dagrun for example_xcom_args to None, run_after=None
[2023-11-08T05:15:33.516+0000] {logging_mixin.py:120} INFO - [2023-11-08T05:15:33.515+0000] {dag.py:3340} INFO - Setting next_dagrun for example_xcom_args_with_operators to None, run_after=None
[2023-11-08T05:15:33.535+0000] {processor.py:176} INFO - Processing /home/airflow/.local/lib/python3.7/site-packages/airflow/example_dags/example_xcomargs.py took 0.168 seconds
[2023-11-08T05:16:04.224+0000] {processor.py:154} INFO - Started process (PID=254) to work on /home/airflow/.local/lib/python3.7/site-packages/airflow/example_dags/example_xcomargs.py
[2023-11-08T05:16:04.225+0000] {processor.py:756} INFO - Processing file /home/airflow/.local/lib/python3.7/site-packages/airflow/example_dags/example_xcomargs.py for tasks to queue
[2023-11-08T05:16:04.226+0000] {logging_mixin.py:120} INFO - [2023-11-08T05:16:04.226+0000] {dagbag.py:537} INFO - Filling up the DagBag from /home/airflow/.local/lib/python3.7/site-packages/airflow/example_dags/example_xcomargs.py
[2023-11-08T05:16:04.252+0000] {processor.py:766} INFO - DAG(s) dict_keys(['example_xcom_args', 'example_xcom_args_with_operators']) retrieved from /home/airflow/.local/lib/python3.7/site-packages/airflow/example_dags/example_xcomargs.py
[2023-11-08T05:16:04.306+0000] {logging_mixin.py:120} INFO - [2023-11-08T05:16:04.306+0000] {dag.py:2585} INFO - Sync 2 DAGs
[2023-11-08T05:16:04.341+0000] {logging_mixin.py:120} INFO - [2023-11-08T05:16:04.341+0000] {dag.py:3340} INFO - Setting next_dagrun for example_xcom_args to None, run_after=None
[2023-11-08T05:16:04.347+0000] {logging_mixin.py:120} INFO - [2023-11-08T05:16:04.347+0000] {dag.py:3340} INFO - Setting next_dagrun for example_xcom_args_with_operators to None, run_after=None
[2023-11-08T05:16:04.371+0000] {processor.py:176} INFO - Processing /home/airflow/.local/lib/python3.7/site-packages/airflow/example_dags/example_xcomargs.py took 0.150 seconds
