[2023-11-08T05:14:30.033+0000] {processor.py:154} INFO - Started process (PID=67) to work on /home/airflow/.local/lib/python3.7/site-packages/airflow/example_dags/example_xcom.py
[2023-11-08T05:14:30.038+0000] {processor.py:756} INFO - Processing file /home/airflow/.local/lib/python3.7/site-packages/airflow/example_dags/example_xcom.py for tasks to queue
[2023-11-08T05:14:30.041+0000] {logging_mixin.py:120} INFO - [2023-11-08T05:14:30.041+0000] {dagbag.py:537} INFO - Filling up the DagBag from /home/airflow/.local/lib/python3.7/site-packages/airflow/example_dags/example_xcom.py
[2023-11-08T05:14:30.103+0000] {processor.py:766} INFO - DAG(s) dict_keys(['example_xcom']) retrieved from /home/airflow/.local/lib/python3.7/site-packages/airflow/example_dags/example_xcom.py
[2023-11-08T05:14:30.344+0000] {logging_mixin.py:120} INFO - [2023-11-08T05:14:30.344+0000] {manager.py:507} INFO - Created Permission View: can read on DAG:example_xcom
[2023-11-08T05:14:30.360+0000] {logging_mixin.py:120} INFO - [2023-11-08T05:14:30.360+0000] {manager.py:507} INFO - Created Permission View: can edit on DAG:example_xcom
[2023-11-08T05:14:30.372+0000] {logging_mixin.py:120} INFO - [2023-11-08T05:14:30.371+0000] {manager.py:507} INFO - Created Permission View: can delete on DAG:example_xcom
[2023-11-08T05:14:30.373+0000] {logging_mixin.py:120} INFO - [2023-11-08T05:14:30.372+0000] {dag.py:2585} INFO - Sync 1 DAGs
[2023-11-08T05:14:30.397+0000] {logging_mixin.py:120} INFO - [2023-11-08T05:14:30.396+0000] {dag.py:2606} INFO - Creating ORM DAG for example_xcom
[2023-11-08T05:14:30.413+0000] {logging_mixin.py:120} INFO - [2023-11-08T05:14:30.413+0000] {dag.py:3340} INFO - Setting next_dagrun for example_xcom to 2021-01-01T00:00:00+00:00, run_after=2021-01-01T00:00:00+00:00
[2023-11-08T05:14:30.442+0000] {processor.py:176} INFO - Processing /home/airflow/.local/lib/python3.7/site-packages/airflow/example_dags/example_xcom.py took 0.416 seconds
[2023-11-08T05:15:01.292+0000] {processor.py:154} INFO - Started process (PID=130) to work on /home/airflow/.local/lib/python3.7/site-packages/airflow/example_dags/example_xcom.py
[2023-11-08T05:15:01.294+0000] {processor.py:756} INFO - Processing file /home/airflow/.local/lib/python3.7/site-packages/airflow/example_dags/example_xcom.py for tasks to queue
[2023-11-08T05:15:01.295+0000] {logging_mixin.py:120} INFO - [2023-11-08T05:15:01.295+0000] {dagbag.py:537} INFO - Filling up the DagBag from /home/airflow/.local/lib/python3.7/site-packages/airflow/example_dags/example_xcom.py
[2023-11-08T05:15:01.337+0000] {processor.py:766} INFO - DAG(s) dict_keys(['example_xcom']) retrieved from /home/airflow/.local/lib/python3.7/site-packages/airflow/example_dags/example_xcom.py
[2023-11-08T05:15:01.404+0000] {logging_mixin.py:120} INFO - [2023-11-08T05:15:01.404+0000] {dag.py:2585} INFO - Sync 1 DAGs
[2023-11-08T05:15:01.438+0000] {logging_mixin.py:120} INFO - [2023-11-08T05:15:01.438+0000] {dag.py:3340} INFO - Setting next_dagrun for example_xcom to 2021-01-01T00:00:00+00:00, run_after=2021-01-01T00:00:00+00:00
[2023-11-08T05:15:01.464+0000] {processor.py:176} INFO - Processing /home/airflow/.local/lib/python3.7/site-packages/airflow/example_dags/example_xcom.py took 0.177 seconds
[2023-11-08T05:15:31.667+0000] {processor.py:154} INFO - Started process (PID=185) to work on /home/airflow/.local/lib/python3.7/site-packages/airflow/example_dags/example_xcom.py
[2023-11-08T05:15:31.668+0000] {processor.py:756} INFO - Processing file /home/airflow/.local/lib/python3.7/site-packages/airflow/example_dags/example_xcom.py for tasks to queue
[2023-11-08T05:15:31.669+0000] {logging_mixin.py:120} INFO - [2023-11-08T05:15:31.669+0000] {dagbag.py:537} INFO - Filling up the DagBag from /home/airflow/.local/lib/python3.7/site-packages/airflow/example_dags/example_xcom.py
[2023-11-08T05:15:31.694+0000] {processor.py:766} INFO - DAG(s) dict_keys(['example_xcom']) retrieved from /home/airflow/.local/lib/python3.7/site-packages/airflow/example_dags/example_xcom.py
[2023-11-08T05:15:31.740+0000] {logging_mixin.py:120} INFO - [2023-11-08T05:15:31.740+0000] {dag.py:2585} INFO - Sync 1 DAGs
[2023-11-08T05:15:31.769+0000] {logging_mixin.py:120} INFO - [2023-11-08T05:15:31.769+0000] {dag.py:3340} INFO - Setting next_dagrun for example_xcom to 2021-01-01T00:00:00+00:00, run_after=2021-01-01T00:00:00+00:00
[2023-11-08T05:15:31.802+0000] {processor.py:176} INFO - Processing /home/airflow/.local/lib/python3.7/site-packages/airflow/example_dags/example_xcom.py took 0.142 seconds
[2023-11-08T05:16:02.477+0000] {processor.py:154} INFO - Started process (PID=248) to work on /home/airflow/.local/lib/python3.7/site-packages/airflow/example_dags/example_xcom.py
[2023-11-08T05:16:02.478+0000] {processor.py:756} INFO - Processing file /home/airflow/.local/lib/python3.7/site-packages/airflow/example_dags/example_xcom.py for tasks to queue
[2023-11-08T05:16:02.479+0000] {logging_mixin.py:120} INFO - [2023-11-08T05:16:02.479+0000] {dagbag.py:537} INFO - Filling up the DagBag from /home/airflow/.local/lib/python3.7/site-packages/airflow/example_dags/example_xcom.py
[2023-11-08T05:16:02.511+0000] {processor.py:766} INFO - DAG(s) dict_keys(['example_xcom']) retrieved from /home/airflow/.local/lib/python3.7/site-packages/airflow/example_dags/example_xcom.py
[2023-11-08T05:16:02.562+0000] {logging_mixin.py:120} INFO - [2023-11-08T05:16:02.561+0000] {dag.py:2585} INFO - Sync 1 DAGs
[2023-11-08T05:16:02.593+0000] {logging_mixin.py:120} INFO - [2023-11-08T05:16:02.593+0000] {dag.py:3340} INFO - Setting next_dagrun for example_xcom to 2021-01-01T00:00:00+00:00, run_after=2021-01-01T00:00:00+00:00
[2023-11-08T05:16:02.627+0000] {processor.py:176} INFO - Processing /home/airflow/.local/lib/python3.7/site-packages/airflow/example_dags/example_xcom.py took 0.154 seconds
