[2023-11-08T05:14:33.295+0000] {processor.py:154} INFO - Started process (PID=79) to work on /home/airflow/.local/lib/python3.7/site-packages/airflow/example_dags/example_short_circuit_decorator.py
[2023-11-08T05:14:33.297+0000] {processor.py:756} INFO - Processing file /home/airflow/.local/lib/python3.7/site-packages/airflow/example_dags/example_short_circuit_decorator.py for tasks to queue
[2023-11-08T05:14:33.298+0000] {logging_mixin.py:120} INFO - [2023-11-08T05:14:33.298+0000] {dagbag.py:537} INFO - Filling up the DagBag from /home/airflow/.local/lib/python3.7/site-packages/airflow/example_dags/example_short_circuit_decorator.py
[2023-11-08T05:14:33.349+0000] {processor.py:766} INFO - DAG(s) dict_keys(['example_short_circuit_decorator']) retrieved from /home/airflow/.local/lib/python3.7/site-packages/airflow/example_dags/example_short_circuit_decorator.py
[2023-11-08T05:14:33.563+0000] {logging_mixin.py:120} INFO - [2023-11-08T05:14:33.563+0000] {manager.py:507} INFO - Created Permission View: can read on DAG:example_short_circuit_decorator
[2023-11-08T05:14:33.581+0000] {logging_mixin.py:120} INFO - [2023-11-08T05:14:33.581+0000] {manager.py:507} INFO - Created Permission View: can edit on DAG:example_short_circuit_decorator
[2023-11-08T05:14:33.592+0000] {logging_mixin.py:120} INFO - [2023-11-08T05:14:33.592+0000] {manager.py:507} INFO - Created Permission View: can delete on DAG:example_short_circuit_decorator
[2023-11-08T05:14:33.593+0000] {logging_mixin.py:120} INFO - [2023-11-08T05:14:33.592+0000] {dag.py:2585} INFO - Sync 1 DAGs
[2023-11-08T05:14:33.621+0000] {logging_mixin.py:120} INFO - [2023-11-08T05:14:33.621+0000] {dag.py:2606} INFO - Creating ORM DAG for example_short_circuit_decorator
[2023-11-08T05:14:33.646+0000] {logging_mixin.py:120} INFO - [2023-11-08T05:14:33.646+0000] {dag.py:3340} INFO - Setting next_dagrun for example_short_circuit_decorator to 2023-11-07T05:14:33.645872+00:00, run_after=2023-11-08T05:14:33.645872+00:00
[2023-11-08T05:14:33.681+0000] {processor.py:176} INFO - Processing /home/airflow/.local/lib/python3.7/site-packages/airflow/example_dags/example_short_circuit_decorator.py took 0.393 seconds
[2023-11-08T05:15:04.358+0000] {processor.py:154} INFO - Started process (PID=142) to work on /home/airflow/.local/lib/python3.7/site-packages/airflow/example_dags/example_short_circuit_decorator.py
[2023-11-08T05:15:04.359+0000] {processor.py:756} INFO - Processing file /home/airflow/.local/lib/python3.7/site-packages/airflow/example_dags/example_short_circuit_decorator.py for tasks to queue
[2023-11-08T05:15:04.360+0000] {logging_mixin.py:120} INFO - [2023-11-08T05:15:04.360+0000] {dagbag.py:537} INFO - Filling up the DagBag from /home/airflow/.local/lib/python3.7/site-packages/airflow/example_dags/example_short_circuit_decorator.py
[2023-11-08T05:15:04.394+0000] {processor.py:766} INFO - DAG(s) dict_keys(['example_short_circuit_decorator']) retrieved from /home/airflow/.local/lib/python3.7/site-packages/airflow/example_dags/example_short_circuit_decorator.py
[2023-11-08T05:15:04.445+0000] {logging_mixin.py:120} INFO - [2023-11-08T05:15:04.445+0000] {dag.py:2585} INFO - Sync 1 DAGs
[2023-11-08T05:15:04.478+0000] {logging_mixin.py:120} INFO - [2023-11-08T05:15:04.477+0000] {dag.py:3340} INFO - Setting next_dagrun for example_short_circuit_decorator to 2023-11-07T05:15:04.477441+00:00, run_after=2023-11-08T05:15:04.477441+00:00
[2023-11-08T05:15:04.502+0000] {processor.py:176} INFO - Processing /home/airflow/.local/lib/python3.7/site-packages/airflow/example_dags/example_short_circuit_decorator.py took 0.150 seconds
[2023-11-08T05:15:34.854+0000] {processor.py:154} INFO - Started process (PID=206) to work on /home/airflow/.local/lib/python3.7/site-packages/airflow/example_dags/example_short_circuit_decorator.py
[2023-11-08T05:15:34.855+0000] {processor.py:756} INFO - Processing file /home/airflow/.local/lib/python3.7/site-packages/airflow/example_dags/example_short_circuit_decorator.py for tasks to queue
[2023-11-08T05:15:34.857+0000] {logging_mixin.py:120} INFO - [2023-11-08T05:15:34.857+0000] {dagbag.py:537} INFO - Filling up the DagBag from /home/airflow/.local/lib/python3.7/site-packages/airflow/example_dags/example_short_circuit_decorator.py
[2023-11-08T05:15:34.891+0000] {processor.py:766} INFO - DAG(s) dict_keys(['example_short_circuit_decorator']) retrieved from /home/airflow/.local/lib/python3.7/site-packages/airflow/example_dags/example_short_circuit_decorator.py
[2023-11-08T05:15:34.940+0000] {logging_mixin.py:120} INFO - [2023-11-08T05:15:34.939+0000] {dag.py:2585} INFO - Sync 1 DAGs
[2023-11-08T05:15:34.975+0000] {logging_mixin.py:120} INFO - [2023-11-08T05:15:34.975+0000] {dag.py:3340} INFO - Setting next_dagrun for example_short_circuit_decorator to 2023-11-07T05:15:34.975492+00:00, run_after=2023-11-08T05:15:34.975492+00:00
[2023-11-08T05:15:35.000+0000] {processor.py:176} INFO - Processing /home/airflow/.local/lib/python3.7/site-packages/airflow/example_dags/example_short_circuit_decorator.py took 0.150 seconds
[2023-11-08T05:16:05.689+0000] {processor.py:154} INFO - Started process (PID=260) to work on /home/airflow/.local/lib/python3.7/site-packages/airflow/example_dags/example_short_circuit_decorator.py
[2023-11-08T05:16:05.690+0000] {processor.py:756} INFO - Processing file /home/airflow/.local/lib/python3.7/site-packages/airflow/example_dags/example_short_circuit_decorator.py for tasks to queue
[2023-11-08T05:16:05.691+0000] {logging_mixin.py:120} INFO - [2023-11-08T05:16:05.691+0000] {dagbag.py:537} INFO - Filling up the DagBag from /home/airflow/.local/lib/python3.7/site-packages/airflow/example_dags/example_short_circuit_decorator.py
[2023-11-08T05:16:05.734+0000] {processor.py:766} INFO - DAG(s) dict_keys(['example_short_circuit_decorator']) retrieved from /home/airflow/.local/lib/python3.7/site-packages/airflow/example_dags/example_short_circuit_decorator.py
[2023-11-08T05:16:05.804+0000] {logging_mixin.py:120} INFO - [2023-11-08T05:16:05.804+0000] {dag.py:2585} INFO - Sync 1 DAGs
[2023-11-08T05:16:05.843+0000] {logging_mixin.py:120} INFO - [2023-11-08T05:16:05.842+0000] {dag.py:3340} INFO - Setting next_dagrun for example_short_circuit_decorator to 2023-11-07T05:16:05.842529+00:00, run_after=2023-11-08T05:16:05.842529+00:00
[2023-11-08T05:16:05.869+0000] {processor.py:176} INFO - Processing /home/airflow/.local/lib/python3.7/site-packages/airflow/example_dags/example_short_circuit_decorator.py took 0.186 seconds
