[2023-11-08T05:14:27.121+0000] {processor.py:154} INFO - Started process (PID=55) to work on /home/airflow/.local/lib/python3.7/site-packages/airflow/example_dags/example_short_circuit_operator.py
[2023-11-08T05:14:27.123+0000] {processor.py:756} INFO - Processing file /home/airflow/.local/lib/python3.7/site-packages/airflow/example_dags/example_short_circuit_operator.py for tasks to queue
[2023-11-08T05:14:27.124+0000] {logging_mixin.py:120} INFO - [2023-11-08T05:14:27.124+0000] {dagbag.py:537} INFO - Filling up the DagBag from /home/airflow/.local/lib/python3.7/site-packages/airflow/example_dags/example_short_circuit_operator.py
[2023-11-08T05:14:27.183+0000] {processor.py:766} INFO - DAG(s) dict_keys(['example_short_circuit_operator']) retrieved from /home/airflow/.local/lib/python3.7/site-packages/airflow/example_dags/example_short_circuit_operator.py
[2023-11-08T05:14:27.476+0000] {logging_mixin.py:120} INFO - [2023-11-08T05:14:27.476+0000] {manager.py:507} INFO - Created Permission View: can read on DAG:example_short_circuit_operator
[2023-11-08T05:14:27.498+0000] {logging_mixin.py:120} INFO - [2023-11-08T05:14:27.498+0000] {manager.py:507} INFO - Created Permission View: can edit on DAG:example_short_circuit_operator
[2023-11-08T05:14:27.517+0000] {logging_mixin.py:120} INFO - [2023-11-08T05:14:27.517+0000] {manager.py:507} INFO - Created Permission View: can delete on DAG:example_short_circuit_operator
[2023-11-08T05:14:27.518+0000] {logging_mixin.py:120} INFO - [2023-11-08T05:14:27.518+0000] {dag.py:2585} INFO - Sync 1 DAGs
[2023-11-08T05:14:27.545+0000] {logging_mixin.py:120} INFO - [2023-11-08T05:14:27.545+0000] {dag.py:2606} INFO - Creating ORM DAG for example_short_circuit_operator
[2023-11-08T05:14:27.565+0000] {logging_mixin.py:120} INFO - [2023-11-08T05:14:27.564+0000] {dag.py:3340} INFO - Setting next_dagrun for example_short_circuit_operator to 2023-11-07T05:14:27.564656+00:00, run_after=2023-11-08T05:14:27.564656+00:00
[2023-11-08T05:14:27.597+0000] {processor.py:176} INFO - Processing /home/airflow/.local/lib/python3.7/site-packages/airflow/example_dags/example_short_circuit_operator.py took 0.482 seconds
[2023-11-08T05:14:57.790+0000] {processor.py:154} INFO - Started process (PID=108) to work on /home/airflow/.local/lib/python3.7/site-packages/airflow/example_dags/example_short_circuit_operator.py
[2023-11-08T05:14:57.792+0000] {processor.py:756} INFO - Processing file /home/airflow/.local/lib/python3.7/site-packages/airflow/example_dags/example_short_circuit_operator.py for tasks to queue
[2023-11-08T05:14:57.794+0000] {logging_mixin.py:120} INFO - [2023-11-08T05:14:57.794+0000] {dagbag.py:537} INFO - Filling up the DagBag from /home/airflow/.local/lib/python3.7/site-packages/airflow/example_dags/example_short_circuit_operator.py
[2023-11-08T05:14:57.817+0000] {processor.py:766} INFO - DAG(s) dict_keys(['example_short_circuit_operator']) retrieved from /home/airflow/.local/lib/python3.7/site-packages/airflow/example_dags/example_short_circuit_operator.py
[2023-11-08T05:14:57.877+0000] {logging_mixin.py:120} INFO - [2023-11-08T05:14:57.877+0000] {dag.py:2585} INFO - Sync 1 DAGs
[2023-11-08T05:14:57.912+0000] {logging_mixin.py:120} INFO - [2023-11-08T05:14:57.912+0000] {dag.py:3340} INFO - Setting next_dagrun for example_short_circuit_operator to 2023-11-07T05:14:57.912233+00:00, run_after=2023-11-08T05:14:57.912233+00:00
[2023-11-08T05:14:57.942+0000] {processor.py:176} INFO - Processing /home/airflow/.local/lib/python3.7/site-packages/airflow/example_dags/example_short_circuit_operator.py took 0.155 seconds
[2023-11-08T05:15:28.549+0000] {processor.py:154} INFO - Started process (PID=172) to work on /home/airflow/.local/lib/python3.7/site-packages/airflow/example_dags/example_short_circuit_operator.py
[2023-11-08T05:15:28.550+0000] {processor.py:756} INFO - Processing file /home/airflow/.local/lib/python3.7/site-packages/airflow/example_dags/example_short_circuit_operator.py for tasks to queue
[2023-11-08T05:15:28.552+0000] {logging_mixin.py:120} INFO - [2023-11-08T05:15:28.551+0000] {dagbag.py:537} INFO - Filling up the DagBag from /home/airflow/.local/lib/python3.7/site-packages/airflow/example_dags/example_short_circuit_operator.py
[2023-11-08T05:15:28.573+0000] {processor.py:766} INFO - DAG(s) dict_keys(['example_short_circuit_operator']) retrieved from /home/airflow/.local/lib/python3.7/site-packages/airflow/example_dags/example_short_circuit_operator.py
[2023-11-08T05:15:28.615+0000] {logging_mixin.py:120} INFO - [2023-11-08T05:15:28.615+0000] {dag.py:2585} INFO - Sync 1 DAGs
[2023-11-08T05:15:28.643+0000] {logging_mixin.py:120} INFO - [2023-11-08T05:15:28.643+0000] {dag.py:3340} INFO - Setting next_dagrun for example_short_circuit_operator to 2023-11-07T05:15:28.643370+00:00, run_after=2023-11-08T05:15:28.643370+00:00
[2023-11-08T05:15:28.668+0000] {processor.py:176} INFO - Processing /home/airflow/.local/lib/python3.7/site-packages/airflow/example_dags/example_short_circuit_operator.py took 0.122 seconds
[2023-11-08T05:15:58.904+0000] {processor.py:154} INFO - Started process (PID=235) to work on /home/airflow/.local/lib/python3.7/site-packages/airflow/example_dags/example_short_circuit_operator.py
[2023-11-08T05:15:58.905+0000] {processor.py:756} INFO - Processing file /home/airflow/.local/lib/python3.7/site-packages/airflow/example_dags/example_short_circuit_operator.py for tasks to queue
[2023-11-08T05:15:58.907+0000] {logging_mixin.py:120} INFO - [2023-11-08T05:15:58.907+0000] {dagbag.py:537} INFO - Filling up the DagBag from /home/airflow/.local/lib/python3.7/site-packages/airflow/example_dags/example_short_circuit_operator.py
[2023-11-08T05:15:58.941+0000] {processor.py:766} INFO - DAG(s) dict_keys(['example_short_circuit_operator']) retrieved from /home/airflow/.local/lib/python3.7/site-packages/airflow/example_dags/example_short_circuit_operator.py
[2023-11-08T05:15:59.002+0000] {logging_mixin.py:120} INFO - [2023-11-08T05:15:59.001+0000] {dag.py:2585} INFO - Sync 1 DAGs
[2023-11-08T05:15:59.048+0000] {logging_mixin.py:120} INFO - [2023-11-08T05:15:59.048+0000] {dag.py:3340} INFO - Setting next_dagrun for example_short_circuit_operator to 2023-11-07T05:15:59.047363+00:00, run_after=2023-11-08T05:15:59.047363+00:00
[2023-11-08T05:15:59.087+0000] {processor.py:176} INFO - Processing /home/airflow/.local/lib/python3.7/site-packages/airflow/example_dags/example_short_circuit_operator.py took 0.189 seconds
[2023-11-08T05:16:29.956+0000] {processor.py:154} INFO - Started process (PID=296) to work on /home/airflow/.local/lib/python3.7/site-packages/airflow/example_dags/example_short_circuit_operator.py
[2023-11-08T05:16:29.957+0000] {processor.py:756} INFO - Processing file /home/airflow/.local/lib/python3.7/site-packages/airflow/example_dags/example_short_circuit_operator.py for tasks to queue
[2023-11-08T05:16:29.959+0000] {logging_mixin.py:120} INFO - [2023-11-08T05:16:29.959+0000] {dagbag.py:537} INFO - Filling up the DagBag from /home/airflow/.local/lib/python3.7/site-packages/airflow/example_dags/example_short_circuit_operator.py
[2023-11-08T05:16:30.004+0000] {processor.py:766} INFO - DAG(s) dict_keys(['example_short_circuit_operator']) retrieved from /home/airflow/.local/lib/python3.7/site-packages/airflow/example_dags/example_short_circuit_operator.py
[2023-11-08T05:16:30.079+0000] {logging_mixin.py:120} INFO - [2023-11-08T05:16:30.079+0000] {dag.py:2585} INFO - Sync 1 DAGs
[2023-11-08T05:16:30.130+0000] {logging_mixin.py:120} INFO - [2023-11-08T05:16:30.129+0000] {dag.py:3340} INFO - Setting next_dagrun for example_short_circuit_operator to 2023-11-07T05:16:30.129305+00:00, run_after=2023-11-08T05:16:30.129305+00:00
[2023-11-08T05:16:30.167+0000] {processor.py:176} INFO - Processing /home/airflow/.local/lib/python3.7/site-packages/airflow/example_dags/example_short_circuit_operator.py took 0.219 seconds
