[2023-11-08T05:14:32.428+0000] {processor.py:154} INFO - Started process (PID=75) to work on /home/airflow/.local/lib/python3.7/site-packages/airflow/example_dags/tutorial.py
[2023-11-08T05:14:32.430+0000] {processor.py:756} INFO - Processing file /home/airflow/.local/lib/python3.7/site-packages/airflow/example_dags/tutorial.py for tasks to queue
[2023-11-08T05:14:32.432+0000] {logging_mixin.py:120} INFO - [2023-11-08T05:14:32.432+0000] {dagbag.py:537} INFO - Filling up the DagBag from /home/airflow/.local/lib/python3.7/site-packages/airflow/example_dags/tutorial.py
[2023-11-08T05:14:32.462+0000] {processor.py:766} INFO - DAG(s) dict_keys(['tutorial']) retrieved from /home/airflow/.local/lib/python3.7/site-packages/airflow/example_dags/tutorial.py
[2023-11-08T05:14:32.706+0000] {logging_mixin.py:120} INFO - [2023-11-08T05:14:32.706+0000] {manager.py:507} INFO - Created Permission View: can read on DAG:tutorial
[2023-11-08T05:14:32.726+0000] {logging_mixin.py:120} INFO - [2023-11-08T05:14:32.726+0000] {manager.py:507} INFO - Created Permission View: can edit on DAG:tutorial
[2023-11-08T05:14:32.740+0000] {logging_mixin.py:120} INFO - [2023-11-08T05:14:32.739+0000] {manager.py:507} INFO - Created Permission View: can delete on DAG:tutorial
[2023-11-08T05:14:32.740+0000] {logging_mixin.py:120} INFO - [2023-11-08T05:14:32.740+0000] {dag.py:2585} INFO - Sync 1 DAGs
[2023-11-08T05:14:32.767+0000] {logging_mixin.py:120} INFO - [2023-11-08T05:14:32.767+0000] {dag.py:2606} INFO - Creating ORM DAG for tutorial
[2023-11-08T05:14:32.789+0000] {logging_mixin.py:120} INFO - [2023-11-08T05:14:32.789+0000] {dag.py:3340} INFO - Setting next_dagrun for tutorial to 2023-11-07T05:14:32.789129+00:00, run_after=2023-11-08T05:14:32.789129+00:00
[2023-11-08T05:14:32.819+0000] {processor.py:176} INFO - Processing /home/airflow/.local/lib/python3.7/site-packages/airflow/example_dags/tutorial.py took 0.398 seconds
[2023-11-08T05:15:03.041+0000] {processor.py:154} INFO - Started process (PID=138) to work on /home/airflow/.local/lib/python3.7/site-packages/airflow/example_dags/tutorial.py
[2023-11-08T05:15:03.042+0000] {processor.py:756} INFO - Processing file /home/airflow/.local/lib/python3.7/site-packages/airflow/example_dags/tutorial.py for tasks to queue
[2023-11-08T05:15:03.043+0000] {logging_mixin.py:120} INFO - [2023-11-08T05:15:03.043+0000] {dagbag.py:537} INFO - Filling up the DagBag from /home/airflow/.local/lib/python3.7/site-packages/airflow/example_dags/tutorial.py
[2023-11-08T05:15:03.068+0000] {processor.py:766} INFO - DAG(s) dict_keys(['tutorial']) retrieved from /home/airflow/.local/lib/python3.7/site-packages/airflow/example_dags/tutorial.py
[2023-11-08T05:15:03.131+0000] {logging_mixin.py:120} INFO - [2023-11-08T05:15:03.130+0000] {dag.py:2585} INFO - Sync 1 DAGs
[2023-11-08T05:15:03.170+0000] {logging_mixin.py:120} INFO - [2023-11-08T05:15:03.170+0000] {dag.py:3340} INFO - Setting next_dagrun for tutorial to 2023-11-07T05:15:03.169877+00:00, run_after=2023-11-08T05:15:03.169877+00:00
[2023-11-08T05:15:03.194+0000] {processor.py:176} INFO - Processing /home/airflow/.local/lib/python3.7/site-packages/airflow/example_dags/tutorial.py took 0.158 seconds
[2023-11-08T05:15:33.560+0000] {processor.py:154} INFO - Started process (PID=202) to work on /home/airflow/.local/lib/python3.7/site-packages/airflow/example_dags/tutorial.py
[2023-11-08T05:15:33.562+0000] {processor.py:756} INFO - Processing file /home/airflow/.local/lib/python3.7/site-packages/airflow/example_dags/tutorial.py for tasks to queue
[2023-11-08T05:15:33.563+0000] {logging_mixin.py:120} INFO - [2023-11-08T05:15:33.563+0000] {dagbag.py:537} INFO - Filling up the DagBag from /home/airflow/.local/lib/python3.7/site-packages/airflow/example_dags/tutorial.py
[2023-11-08T05:15:33.586+0000] {processor.py:766} INFO - DAG(s) dict_keys(['tutorial']) retrieved from /home/airflow/.local/lib/python3.7/site-packages/airflow/example_dags/tutorial.py
[2023-11-08T05:15:33.643+0000] {logging_mixin.py:120} INFO - [2023-11-08T05:15:33.643+0000] {dag.py:2585} INFO - Sync 1 DAGs
[2023-11-08T05:15:33.672+0000] {logging_mixin.py:120} INFO - [2023-11-08T05:15:33.672+0000] {dag.py:3340} INFO - Setting next_dagrun for tutorial to 2023-11-07T05:15:33.672094+00:00, run_after=2023-11-08T05:15:33.672094+00:00
[2023-11-08T05:15:33.698+0000] {processor.py:176} INFO - Processing /home/airflow/.local/lib/python3.7/site-packages/airflow/example_dags/tutorial.py took 0.141 seconds
[2023-11-08T05:16:04.402+0000] {processor.py:154} INFO - Started process (PID=256) to work on /home/airflow/.local/lib/python3.7/site-packages/airflow/example_dags/tutorial.py
[2023-11-08T05:16:04.403+0000] {processor.py:756} INFO - Processing file /home/airflow/.local/lib/python3.7/site-packages/airflow/example_dags/tutorial.py for tasks to queue
[2023-11-08T05:16:04.405+0000] {logging_mixin.py:120} INFO - [2023-11-08T05:16:04.404+0000] {dagbag.py:537} INFO - Filling up the DagBag from /home/airflow/.local/lib/python3.7/site-packages/airflow/example_dags/tutorial.py
[2023-11-08T05:16:04.424+0000] {processor.py:766} INFO - DAG(s) dict_keys(['tutorial']) retrieved from /home/airflow/.local/lib/python3.7/site-packages/airflow/example_dags/tutorial.py
[2023-11-08T05:16:04.472+0000] {logging_mixin.py:120} INFO - [2023-11-08T05:16:04.471+0000] {dag.py:2585} INFO - Sync 1 DAGs
[2023-11-08T05:16:04.509+0000] {logging_mixin.py:120} INFO - [2023-11-08T05:16:04.509+0000] {dag.py:3340} INFO - Setting next_dagrun for tutorial to 2023-11-07T05:16:04.508559+00:00, run_after=2023-11-08T05:16:04.508559+00:00
[2023-11-08T05:16:04.537+0000] {processor.py:176} INFO - Processing /home/airflow/.local/lib/python3.7/site-packages/airflow/example_dags/tutorial.py took 0.139 seconds
