[2023-11-23T06:46:24.714+0000] {taskinstance.py:1165} INFO - Dependencies all met for <TaskInstance: rand_user.extract_user manual__2023-11-23T06:46:17.884518+00:00 [queued]>
[2023-11-23T06:46:24.732+0000] {taskinstance.py:1165} INFO - Dependencies all met for <TaskInstance: rand_user.extract_user manual__2023-11-23T06:46:17.884518+00:00 [queued]>
[2023-11-23T06:46:24.733+0000] {taskinstance.py:1362} INFO - 
--------------------------------------------------------------------------------
[2023-11-23T06:46:24.733+0000] {taskinstance.py:1363} INFO - Starting attempt 1 of 3
[2023-11-23T06:46:24.733+0000] {taskinstance.py:1364} INFO - 
--------------------------------------------------------------------------------
[2023-11-23T06:46:24.753+0000] {taskinstance.py:1383} INFO - Executing <Task(SimpleHttpOperator): extract_user> on 2023-11-23 06:46:17.884518+00:00
[2023-11-23T06:46:24.761+0000] {standard_task_runner.py:55} INFO - Started process 8005 to run task
[2023-11-23T06:46:24.766+0000] {standard_task_runner.py:82} INFO - Running: ['***', 'tasks', 'run', 'rand_user', 'extract_user', 'manual__2023-11-23T06:46:17.884518+00:00', '--job-id', '553', '--raw', '--subdir', 'DAGS_FOLDER/predictions.py', '--cfg-path', '/tmp/tmpsqc_gyay']
[2023-11-23T06:46:24.769+0000] {standard_task_runner.py:83} INFO - Job 553: Subtask extract_user
[2023-11-23T06:46:24.834+0000] {task_command.py:376} INFO - Running <TaskInstance: rand_user.extract_user manual__2023-11-23T06:46:17.884518+00:00 [running]> on host f71f95879a41
[2023-11-23T06:46:24.903+0000] {taskinstance.py:1592} INFO - Exporting the following env vars:
AIRFLOW_CTX_DAG_OWNER=Gaurav
AIRFLOW_CTX_DAG_ID=rand_user
AIRFLOW_CTX_TASK_ID=extract_user
AIRFLOW_CTX_EXECUTION_DATE=2023-11-23T06:46:17.884518+00:00
AIRFLOW_CTX_TRY_NUMBER=1
AIRFLOW_CTX_DAG_RUN_ID=manual__2023-11-23T06:46:17.884518+00:00
[2023-11-23T06:46:24.904+0000] {http.py:121} INFO - Calling HTTP method
[2023-11-23T06:46:24.914+0000] {base.py:71} INFO - Using connection ID 'rand_user_api' for task execution.
[2023-11-23T06:46:24.916+0000] {http.py:148} INFO - Sending 'GET' to url: https://randomuser.me/api/
[2023-11-23T06:46:25.477+0000] {http.py:125} INFO - {"results":[{"gender":"male","name":{"title":"Mr","first":"Hunter","last":"Brown"},"location":{"street":{"number":4711,"name":"Victoria Ave"},"city":"Radisson","state":"Nova Scotia","country":"Canada","postcode":"N2T 9O6","coordinates":{"latitude":"-64.8249","longitude":"-85.2101"},"timezone":{"offset":"+7:00","description":"Bangkok, Hanoi, Jakarta"}},"email":"hunter.brown@example.com","login":{"uuid":"62d7ea7e-475f-4b7d-81a3-75dad7472c1b","username":"redelephant537","password":"adonis","salt":"qBu0RB2c","md5":"7b97a289ee5dd185d31fc5ba9b0e2a3d","sha1":"24885b99afb3e4bcb14026d56c8d2f247e0e06eb","sha256":"f5864636e904745874909424f430d7146506913c95173b903418e5669b8b6ace"},"dob":{"date":"1963-09-07T14:28:43.459Z","age":60},"registered":{"date":"2018-09-18T10:49:41.597Z","age":5},"phone":"V42 M18-0749","cell":"T09 A62-6741","id":{"name":"SIN","value":"854099629"},"picture":{"large":"https://randomuser.me/api/portraits/men/64.jpg","medium":"https://randomuser.me/api/portraits/med/men/64.jpg","thumbnail":"https://randomuser.me/api/portraits/thumb/men/64.jpg"},"nat":"CA"}],"info":{"seed":"2f4a1224ad198fd5","results":1,"page":1,"version":"1.4"}}
[2023-11-23T06:46:25.520+0000] {taskinstance.py:1406} INFO - Marking task as SUCCESS. dag_id=rand_user, task_id=extract_user, execution_date=20231123T064617, start_date=20231123T064624, end_date=20231123T064625
[2023-11-23T06:46:25.579+0000] {local_task_job.py:164} INFO - Task exited with return code 0
[2023-11-23T06:46:25.624+0000] {local_task_job.py:273} INFO - 1 downstream tasks scheduled from follow-on schedule check
