[2023-11-21T12:00:32.810+0000] {processor.py:154} INFO - Started process (PID=46) to work on /opt/airflow/dags/predictions.py
[2023-11-21T12:00:32.814+0000] {processor.py:756} INFO - Processing file /opt/airflow/dags/predictions.py for tasks to queue
[2023-11-21T12:00:32.817+0000] {logging_mixin.py:120} INFO - [2023-11-21T12:00:32.816+0000] {dagbag.py:537} INFO - Filling up the DagBag from /opt/airflow/dags/predictions.py
[2023-11-21T12:00:33.984+0000] {processor.py:766} INFO - DAG(s) dict_keys(['rand_user']) retrieved from /opt/airflow/dags/predictions.py
[2023-11-21T12:00:34.473+0000] {logging_mixin.py:120} INFO - [2023-11-21T12:00:34.472+0000] {dag.py:2585} INFO - Sync 1 DAGs
[2023-11-21T12:00:34.538+0000] {logging_mixin.py:120} INFO - [2023-11-21T12:00:34.537+0000] {dag.py:3340} INFO - Setting next_dagrun for rand_user to 2023-11-21T00:00:00+00:00, run_after=2023-11-22T00:00:00+00:00
[2023-11-21T12:00:34.578+0000] {processor.py:176} INFO - Processing /opt/airflow/dags/predictions.py took 1.783 seconds
[2023-11-21T12:01:04.794+0000] {processor.py:154} INFO - Started process (PID=75) to work on /opt/airflow/dags/predictions.py
[2023-11-21T12:01:04.796+0000] {processor.py:756} INFO - Processing file /opt/airflow/dags/predictions.py for tasks to queue
[2023-11-21T12:01:04.798+0000] {logging_mixin.py:120} INFO - [2023-11-21T12:01:04.798+0000] {dagbag.py:537} INFO - Filling up the DagBag from /opt/airflow/dags/predictions.py
[2023-11-21T12:01:05.267+0000] {processor.py:766} INFO - DAG(s) dict_keys(['rand_user']) retrieved from /opt/airflow/dags/predictions.py
[2023-11-21T12:01:05.569+0000] {logging_mixin.py:120} INFO - [2023-11-21T12:01:05.569+0000] {dag.py:2585} INFO - Sync 1 DAGs
[2023-11-21T12:01:05.613+0000] {logging_mixin.py:120} INFO - [2023-11-21T12:01:05.613+0000] {dag.py:3340} INFO - Setting next_dagrun for rand_user to 2023-11-21T00:00:00+00:00, run_after=2023-11-22T00:00:00+00:00
[2023-11-21T12:01:05.645+0000] {processor.py:176} INFO - Processing /opt/airflow/dags/predictions.py took 0.857 seconds
[2023-11-21T12:01:35.857+0000] {processor.py:154} INFO - Started process (PID=95) to work on /opt/airflow/dags/predictions.py
[2023-11-21T12:01:35.859+0000] {processor.py:756} INFO - Processing file /opt/airflow/dags/predictions.py for tasks to queue
[2023-11-21T12:01:35.861+0000] {logging_mixin.py:120} INFO - [2023-11-21T12:01:35.860+0000] {dagbag.py:537} INFO - Filling up the DagBag from /opt/airflow/dags/predictions.py
[2023-11-21T12:01:36.494+0000] {processor.py:766} INFO - DAG(s) dict_keys(['rand_user']) retrieved from /opt/airflow/dags/predictions.py
[2023-11-21T12:01:37.119+0000] {logging_mixin.py:120} INFO - [2023-11-21T12:01:37.118+0000] {dag.py:2585} INFO - Sync 1 DAGs
[2023-11-21T12:01:37.192+0000] {logging_mixin.py:120} INFO - [2023-11-21T12:01:37.191+0000] {dag.py:3340} INFO - Setting next_dagrun for rand_user to 2023-11-21T00:00:00+00:00, run_after=2023-11-22T00:00:00+00:00
[2023-11-21T12:01:37.243+0000] {processor.py:176} INFO - Processing /opt/airflow/dags/predictions.py took 1.392 seconds
[2023-11-21T12:02:07.317+0000] {processor.py:154} INFO - Started process (PID=124) to work on /opt/airflow/dags/predictions.py
[2023-11-21T12:02:07.318+0000] {processor.py:756} INFO - Processing file /opt/airflow/dags/predictions.py for tasks to queue
[2023-11-21T12:02:07.320+0000] {logging_mixin.py:120} INFO - [2023-11-21T12:02:07.320+0000] {dagbag.py:537} INFO - Filling up the DagBag from /opt/airflow/dags/predictions.py
[2023-11-21T12:02:07.782+0000] {processor.py:766} INFO - DAG(s) dict_keys(['rand_user']) retrieved from /opt/airflow/dags/predictions.py
[2023-11-21T12:02:08.069+0000] {logging_mixin.py:120} INFO - [2023-11-21T12:02:08.069+0000] {dag.py:2585} INFO - Sync 1 DAGs
[2023-11-21T12:02:08.115+0000] {logging_mixin.py:120} INFO - [2023-11-21T12:02:08.115+0000] {dag.py:3340} INFO - Setting next_dagrun for rand_user to 2023-11-21T00:00:00+00:00, run_after=2023-11-22T00:00:00+00:00
[2023-11-21T12:02:08.146+0000] {processor.py:176} INFO - Processing /opt/airflow/dags/predictions.py took 0.835 seconds
[2023-11-21T12:02:38.335+0000] {processor.py:154} INFO - Started process (PID=153) to work on /opt/airflow/dags/predictions.py
[2023-11-21T12:02:38.337+0000] {processor.py:756} INFO - Processing file /opt/airflow/dags/predictions.py for tasks to queue
[2023-11-21T12:02:38.340+0000] {logging_mixin.py:120} INFO - [2023-11-21T12:02:38.339+0000] {dagbag.py:537} INFO - Filling up the DagBag from /opt/airflow/dags/predictions.py
[2023-11-21T12:02:38.956+0000] {processor.py:766} INFO - DAG(s) dict_keys(['rand_user']) retrieved from /opt/airflow/dags/predictions.py
[2023-11-21T12:02:39.325+0000] {logging_mixin.py:120} INFO - [2023-11-21T12:02:39.325+0000] {dag.py:2585} INFO - Sync 1 DAGs
[2023-11-21T12:02:39.372+0000] {logging_mixin.py:120} INFO - [2023-11-21T12:02:39.372+0000] {dag.py:3340} INFO - Setting next_dagrun for rand_user to 2023-11-21T00:00:00+00:00, run_after=2023-11-22T00:00:00+00:00
[2023-11-21T12:02:39.415+0000] {processor.py:176} INFO - Processing /opt/airflow/dags/predictions.py took 1.086 seconds
[2023-11-21T12:03:09.523+0000] {processor.py:154} INFO - Started process (PID=173) to work on /opt/airflow/dags/predictions.py
[2023-11-21T12:03:09.525+0000] {processor.py:756} INFO - Processing file /opt/airflow/dags/predictions.py for tasks to queue
[2023-11-21T12:03:09.527+0000] {logging_mixin.py:120} INFO - [2023-11-21T12:03:09.527+0000] {dagbag.py:537} INFO - Filling up the DagBag from /opt/airflow/dags/predictions.py
[2023-11-21T12:03:10.255+0000] {processor.py:766} INFO - DAG(s) dict_keys(['rand_user']) retrieved from /opt/airflow/dags/predictions.py
[2023-11-21T12:03:10.848+0000] {logging_mixin.py:120} INFO - [2023-11-21T12:03:10.847+0000] {dag.py:2585} INFO - Sync 1 DAGs
[2023-11-21T12:03:10.932+0000] {logging_mixin.py:120} INFO - [2023-11-21T12:03:10.931+0000] {dag.py:3340} INFO - Setting next_dagrun for rand_user to 2023-11-21T00:00:00+00:00, run_after=2023-11-22T00:00:00+00:00
[2023-11-21T12:03:10.977+0000] {processor.py:176} INFO - Processing /opt/airflow/dags/predictions.py took 1.459 seconds
[2023-11-21T12:03:41.284+0000] {processor.py:154} INFO - Started process (PID=193) to work on /opt/airflow/dags/predictions.py
[2023-11-21T12:03:41.286+0000] {processor.py:756} INFO - Processing file /opt/airflow/dags/predictions.py for tasks to queue
[2023-11-21T12:03:41.290+0000] {logging_mixin.py:120} INFO - [2023-11-21T12:03:41.289+0000] {dagbag.py:537} INFO - Filling up the DagBag from /opt/airflow/dags/predictions.py
[2023-11-21T12:03:42.127+0000] {processor.py:766} INFO - DAG(s) dict_keys(['rand_user']) retrieved from /opt/airflow/dags/predictions.py
[2023-11-21T12:03:42.755+0000] {logging_mixin.py:120} INFO - [2023-11-21T12:03:42.754+0000] {dag.py:2585} INFO - Sync 1 DAGs
[2023-11-21T12:03:42.841+0000] {logging_mixin.py:120} INFO - [2023-11-21T12:03:42.841+0000] {dag.py:3340} INFO - Setting next_dagrun for rand_user to 2023-11-21T00:00:00+00:00, run_after=2023-11-22T00:00:00+00:00
[2023-11-21T12:03:42.936+0000] {processor.py:176} INFO - Processing /opt/airflow/dags/predictions.py took 1.661 seconds
[2023-11-21T12:04:13.179+0000] {processor.py:154} INFO - Started process (PID=222) to work on /opt/airflow/dags/predictions.py
[2023-11-21T12:04:13.181+0000] {processor.py:756} INFO - Processing file /opt/airflow/dags/predictions.py for tasks to queue
[2023-11-21T12:04:13.186+0000] {logging_mixin.py:120} INFO - [2023-11-21T12:04:13.185+0000] {dagbag.py:537} INFO - Filling up the DagBag from /opt/airflow/dags/predictions.py
[2023-11-21T12:04:13.941+0000] {processor.py:766} INFO - DAG(s) dict_keys(['rand_user']) retrieved from /opt/airflow/dags/predictions.py
[2023-11-21T12:04:14.291+0000] {logging_mixin.py:120} INFO - [2023-11-21T12:04:14.290+0000] {dag.py:2585} INFO - Sync 1 DAGs
[2023-11-21T12:04:14.339+0000] {logging_mixin.py:120} INFO - [2023-11-21T12:04:14.339+0000] {dag.py:3340} INFO - Setting next_dagrun for rand_user to 2023-11-21T00:00:00+00:00, run_after=2023-11-22T00:00:00+00:00
[2023-11-21T12:04:14.385+0000] {processor.py:176} INFO - Processing /opt/airflow/dags/predictions.py took 1.215 seconds
[2023-11-21T12:04:44.485+0000] {processor.py:154} INFO - Started process (PID=242) to work on /opt/airflow/dags/predictions.py
[2023-11-21T12:04:44.487+0000] {processor.py:756} INFO - Processing file /opt/airflow/dags/predictions.py for tasks to queue
[2023-11-21T12:04:44.491+0000] {logging_mixin.py:120} INFO - [2023-11-21T12:04:44.491+0000] {dagbag.py:537} INFO - Filling up the DagBag from /opt/airflow/dags/predictions.py
[2023-11-21T12:04:45.168+0000] {processor.py:766} INFO - DAG(s) dict_keys(['rand_user']) retrieved from /opt/airflow/dags/predictions.py
[2023-11-21T12:04:45.663+0000] {logging_mixin.py:120} INFO - [2023-11-21T12:04:45.662+0000] {dag.py:2585} INFO - Sync 1 DAGs
[2023-11-21T12:04:45.715+0000] {logging_mixin.py:120} INFO - [2023-11-21T12:04:45.715+0000] {dag.py:3340} INFO - Setting next_dagrun for rand_user to 2023-11-21T00:00:00+00:00, run_after=2023-11-22T00:00:00+00:00
[2023-11-21T12:04:45.750+0000] {processor.py:176} INFO - Processing /opt/airflow/dags/predictions.py took 1.271 seconds
[2023-11-21T12:05:15.935+0000] {processor.py:154} INFO - Started process (PID=271) to work on /opt/airflow/dags/predictions.py
[2023-11-21T12:05:15.936+0000] {processor.py:756} INFO - Processing file /opt/airflow/dags/predictions.py for tasks to queue
[2023-11-21T12:05:15.939+0000] {logging_mixin.py:120} INFO - [2023-11-21T12:05:15.938+0000] {dagbag.py:537} INFO - Filling up the DagBag from /opt/airflow/dags/predictions.py
[2023-11-21T12:05:16.551+0000] {processor.py:766} INFO - DAG(s) dict_keys(['rand_user']) retrieved from /opt/airflow/dags/predictions.py
[2023-11-21T12:05:17.036+0000] {logging_mixin.py:120} INFO - [2023-11-21T12:05:17.035+0000] {dag.py:2585} INFO - Sync 1 DAGs
[2023-11-21T12:05:17.100+0000] {logging_mixin.py:120} INFO - [2023-11-21T12:05:17.100+0000] {dag.py:3340} INFO - Setting next_dagrun for rand_user to 2023-11-21T00:00:00+00:00, run_after=2023-11-22T00:00:00+00:00
[2023-11-21T12:05:17.150+0000] {processor.py:176} INFO - Processing /opt/airflow/dags/predictions.py took 1.224 seconds
[2023-11-21T12:05:47.344+0000] {processor.py:154} INFO - Started process (PID=291) to work on /opt/airflow/dags/predictions.py
[2023-11-21T12:05:47.347+0000] {processor.py:756} INFO - Processing file /opt/airflow/dags/predictions.py for tasks to queue
[2023-11-21T12:05:47.349+0000] {logging_mixin.py:120} INFO - [2023-11-21T12:05:47.349+0000] {dagbag.py:537} INFO - Filling up the DagBag from /opt/airflow/dags/predictions.py
[2023-11-21T12:05:48.082+0000] {processor.py:766} INFO - DAG(s) dict_keys(['rand_user']) retrieved from /opt/airflow/dags/predictions.py
[2023-11-21T12:05:48.421+0000] {logging_mixin.py:120} INFO - [2023-11-21T12:05:48.421+0000] {dag.py:2585} INFO - Sync 1 DAGs
[2023-11-21T12:05:48.485+0000] {logging_mixin.py:120} INFO - [2023-11-21T12:05:48.485+0000] {dag.py:3340} INFO - Setting next_dagrun for rand_user to 2023-11-21T00:00:00+00:00, run_after=2023-11-22T00:00:00+00:00
[2023-11-21T12:05:48.538+0000] {processor.py:176} INFO - Processing /opt/airflow/dags/predictions.py took 1.202 seconds
[2023-11-21T12:06:18.718+0000] {processor.py:154} INFO - Started process (PID=320) to work on /opt/airflow/dags/predictions.py
[2023-11-21T12:06:18.720+0000] {processor.py:756} INFO - Processing file /opt/airflow/dags/predictions.py for tasks to queue
[2023-11-21T12:06:18.724+0000] {logging_mixin.py:120} INFO - [2023-11-21T12:06:18.724+0000] {dagbag.py:537} INFO - Filling up the DagBag from /opt/airflow/dags/predictions.py
[2023-11-21T12:06:19.225+0000] {processor.py:766} INFO - DAG(s) dict_keys(['rand_user']) retrieved from /opt/airflow/dags/predictions.py
[2023-11-21T12:06:19.561+0000] {logging_mixin.py:120} INFO - [2023-11-21T12:06:19.560+0000] {dag.py:2585} INFO - Sync 1 DAGs
[2023-11-21T12:06:19.616+0000] {logging_mixin.py:120} INFO - [2023-11-21T12:06:19.616+0000] {dag.py:3340} INFO - Setting next_dagrun for rand_user to 2023-11-21T00:00:00+00:00, run_after=2023-11-22T00:00:00+00:00
[2023-11-21T12:06:19.664+0000] {processor.py:176} INFO - Processing /opt/airflow/dags/predictions.py took 0.954 seconds
[2023-11-21T12:06:49.848+0000] {processor.py:154} INFO - Started process (PID=340) to work on /opt/airflow/dags/predictions.py
[2023-11-21T12:06:49.850+0000] {processor.py:756} INFO - Processing file /opt/airflow/dags/predictions.py for tasks to queue
[2023-11-21T12:06:49.855+0000] {logging_mixin.py:120} INFO - [2023-11-21T12:06:49.854+0000] {dagbag.py:537} INFO - Filling up the DagBag from /opt/airflow/dags/predictions.py
[2023-11-21T12:06:50.391+0000] {processor.py:766} INFO - DAG(s) dict_keys(['rand_user']) retrieved from /opt/airflow/dags/predictions.py
[2023-11-21T12:06:50.711+0000] {logging_mixin.py:120} INFO - [2023-11-21T12:06:50.710+0000] {dag.py:2585} INFO - Sync 1 DAGs
[2023-11-21T12:06:50.770+0000] {logging_mixin.py:120} INFO - [2023-11-21T12:06:50.769+0000] {dag.py:3340} INFO - Setting next_dagrun for rand_user to 2023-11-21T00:00:00+00:00, run_after=2023-11-22T00:00:00+00:00
[2023-11-21T12:06:50.802+0000] {processor.py:176} INFO - Processing /opt/airflow/dags/predictions.py took 0.961 seconds
[2023-11-21T12:08:55.792+0000] {processor.py:154} INFO - Started process (PID=45) to work on /opt/airflow/dags/predictions.py
[2023-11-21T12:08:55.795+0000] {processor.py:756} INFO - Processing file /opt/airflow/dags/predictions.py for tasks to queue
[2023-11-21T12:08:55.798+0000] {logging_mixin.py:120} INFO - [2023-11-21T12:08:55.797+0000] {dagbag.py:537} INFO - Filling up the DagBag from /opt/airflow/dags/predictions.py
[2023-11-21T12:08:56.951+0000] {processor.py:766} INFO - DAG(s) dict_keys(['rand_user']) retrieved from /opt/airflow/dags/predictions.py
[2023-11-21T12:08:57.377+0000] {logging_mixin.py:120} INFO - [2023-11-21T12:08:57.376+0000] {dag.py:2585} INFO - Sync 1 DAGs
[2023-11-21T12:08:57.446+0000] {logging_mixin.py:120} INFO - [2023-11-21T12:08:57.446+0000] {dag.py:3340} INFO - Setting next_dagrun for rand_user to 2023-11-21T00:00:00+00:00, run_after=2023-11-22T00:00:00+00:00
[2023-11-21T12:08:57.491+0000] {processor.py:176} INFO - Processing /opt/airflow/dags/predictions.py took 1.708 seconds
[2023-11-21T12:09:27.832+0000] {processor.py:154} INFO - Started process (PID=65) to work on /opt/airflow/dags/predictions.py
[2023-11-21T12:09:27.836+0000] {processor.py:756} INFO - Processing file /opt/airflow/dags/predictions.py for tasks to queue
[2023-11-21T12:09:27.844+0000] {logging_mixin.py:120} INFO - [2023-11-21T12:09:27.844+0000] {dagbag.py:537} INFO - Filling up the DagBag from /opt/airflow/dags/predictions.py
[2023-11-21T12:09:28.935+0000] {processor.py:766} INFO - DAG(s) dict_keys(['rand_user']) retrieved from /opt/airflow/dags/predictions.py
[2023-11-21T12:09:29.567+0000] {logging_mixin.py:120} INFO - [2023-11-21T12:09:29.566+0000] {dag.py:2585} INFO - Sync 1 DAGs
[2023-11-21T12:09:29.641+0000] {logging_mixin.py:120} INFO - [2023-11-21T12:09:29.640+0000] {dag.py:3340} INFO - Setting next_dagrun for rand_user to 2023-11-21T00:00:00+00:00, run_after=2023-11-22T00:00:00+00:00
[2023-11-21T12:09:29.706+0000] {processor.py:176} INFO - Processing /opt/airflow/dags/predictions.py took 1.884 seconds
[2023-11-21T12:09:59.920+0000] {processor.py:154} INFO - Started process (PID=95) to work on /opt/airflow/dags/predictions.py
[2023-11-21T12:09:59.922+0000] {processor.py:756} INFO - Processing file /opt/airflow/dags/predictions.py for tasks to queue
[2023-11-21T12:09:59.924+0000] {logging_mixin.py:120} INFO - [2023-11-21T12:09:59.924+0000] {dagbag.py:537} INFO - Filling up the DagBag from /opt/airflow/dags/predictions.py
[2023-11-21T12:10:00.562+0000] {processor.py:766} INFO - DAG(s) dict_keys(['rand_user']) retrieved from /opt/airflow/dags/predictions.py
[2023-11-21T12:10:00.926+0000] {logging_mixin.py:120} INFO - [2023-11-21T12:10:00.925+0000] {dag.py:2585} INFO - Sync 1 DAGs
[2023-11-21T12:10:01.009+0000] {logging_mixin.py:120} INFO - [2023-11-21T12:10:01.008+0000] {dag.py:3340} INFO - Setting next_dagrun for rand_user to 2023-11-21T00:00:00+00:00, run_after=2023-11-22T00:00:00+00:00
[2023-11-21T12:10:01.073+0000] {processor.py:176} INFO - Processing /opt/airflow/dags/predictions.py took 1.158 seconds
[2023-11-21T12:10:31.262+0000] {processor.py:154} INFO - Started process (PID=115) to work on /opt/airflow/dags/predictions.py
[2023-11-21T12:10:31.264+0000] {processor.py:756} INFO - Processing file /opt/airflow/dags/predictions.py for tasks to queue
[2023-11-21T12:10:31.266+0000] {logging_mixin.py:120} INFO - [2023-11-21T12:10:31.266+0000] {dagbag.py:537} INFO - Filling up the DagBag from /opt/airflow/dags/predictions.py
[2023-11-21T12:10:31.775+0000] {processor.py:766} INFO - DAG(s) dict_keys(['rand_user']) retrieved from /opt/airflow/dags/predictions.py
[2023-11-21T12:10:32.080+0000] {logging_mixin.py:120} INFO - [2023-11-21T12:10:32.079+0000] {dag.py:2585} INFO - Sync 1 DAGs
[2023-11-21T12:10:32.130+0000] {logging_mixin.py:120} INFO - [2023-11-21T12:10:32.130+0000] {dag.py:3340} INFO - Setting next_dagrun for rand_user to 2023-11-21T00:00:00+00:00, run_after=2023-11-22T00:00:00+00:00
[2023-11-21T12:10:32.163+0000] {processor.py:176} INFO - Processing /opt/airflow/dags/predictions.py took 0.907 seconds
[2023-11-21T12:11:02.281+0000] {processor.py:154} INFO - Started process (PID=144) to work on /opt/airflow/dags/predictions.py
[2023-11-21T12:11:02.284+0000] {processor.py:756} INFO - Processing file /opt/airflow/dags/predictions.py for tasks to queue
[2023-11-21T12:11:02.287+0000] {logging_mixin.py:120} INFO - [2023-11-21T12:11:02.287+0000] {dagbag.py:537} INFO - Filling up the DagBag from /opt/airflow/dags/predictions.py
[2023-11-21T12:11:03.435+0000] {processor.py:766} INFO - DAG(s) dict_keys(['rand_user']) retrieved from /opt/airflow/dags/predictions.py
[2023-11-21T12:11:03.810+0000] {logging_mixin.py:120} INFO - [2023-11-21T12:11:03.810+0000] {dag.py:2585} INFO - Sync 1 DAGs
[2023-11-21T12:11:03.916+0000] {logging_mixin.py:120} INFO - [2023-11-21T12:11:03.915+0000] {dag.py:3340} INFO - Setting next_dagrun for rand_user to 2023-11-21T00:00:00+00:00, run_after=2023-11-22T00:00:00+00:00
[2023-11-21T12:11:03.972+0000] {processor.py:176} INFO - Processing /opt/airflow/dags/predictions.py took 1.700 seconds
[2023-11-21T12:11:34.211+0000] {processor.py:154} INFO - Started process (PID=164) to work on /opt/airflow/dags/predictions.py
[2023-11-21T12:11:34.217+0000] {processor.py:756} INFO - Processing file /opt/airflow/dags/predictions.py for tasks to queue
[2023-11-21T12:11:34.223+0000] {logging_mixin.py:120} INFO - [2023-11-21T12:11:34.222+0000] {dagbag.py:537} INFO - Filling up the DagBag from /opt/airflow/dags/predictions.py
[2023-11-21T12:11:35.890+0000] {processor.py:766} INFO - DAG(s) dict_keys(['rand_user']) retrieved from /opt/airflow/dags/predictions.py
[2023-11-21T12:11:36.343+0000] {logging_mixin.py:120} INFO - [2023-11-21T12:11:36.342+0000] {dag.py:2585} INFO - Sync 1 DAGs
[2023-11-21T12:11:36.403+0000] {logging_mixin.py:120} INFO - [2023-11-21T12:11:36.402+0000] {dag.py:3340} INFO - Setting next_dagrun for rand_user to 2023-11-21T00:00:00+00:00, run_after=2023-11-22T00:00:00+00:00
[2023-11-21T12:11:36.454+0000] {processor.py:176} INFO - Processing /opt/airflow/dags/predictions.py took 2.269 seconds
[2023-11-21T12:12:06.627+0000] {processor.py:154} INFO - Started process (PID=194) to work on /opt/airflow/dags/predictions.py
[2023-11-21T12:12:06.629+0000] {processor.py:756} INFO - Processing file /opt/airflow/dags/predictions.py for tasks to queue
[2023-11-21T12:12:06.631+0000] {logging_mixin.py:120} INFO - [2023-11-21T12:12:06.631+0000] {dagbag.py:537} INFO - Filling up the DagBag from /opt/airflow/dags/predictions.py
[2023-11-21T12:12:07.098+0000] {processor.py:766} INFO - DAG(s) dict_keys(['rand_user']) retrieved from /opt/airflow/dags/predictions.py
[2023-11-21T12:12:07.375+0000] {logging_mixin.py:120} INFO - [2023-11-21T12:12:07.374+0000] {dag.py:2585} INFO - Sync 1 DAGs
[2023-11-21T12:12:07.421+0000] {logging_mixin.py:120} INFO - [2023-11-21T12:12:07.420+0000] {dag.py:3340} INFO - Setting next_dagrun for rand_user to 2023-11-21T00:00:00+00:00, run_after=2023-11-22T00:00:00+00:00
[2023-11-21T12:12:07.449+0000] {processor.py:176} INFO - Processing /opt/airflow/dags/predictions.py took 0.828 seconds
[2023-11-21T12:12:37.506+0000] {processor.py:154} INFO - Started process (PID=223) to work on /opt/airflow/dags/predictions.py
[2023-11-21T12:12:37.509+0000] {processor.py:756} INFO - Processing file /opt/airflow/dags/predictions.py for tasks to queue
[2023-11-21T12:12:37.511+0000] {logging_mixin.py:120} INFO - [2023-11-21T12:12:37.511+0000] {dagbag.py:537} INFO - Filling up the DagBag from /opt/airflow/dags/predictions.py
[2023-11-21T12:12:38.033+0000] {processor.py:766} INFO - DAG(s) dict_keys(['rand_user']) retrieved from /opt/airflow/dags/predictions.py
[2023-11-21T12:12:38.328+0000] {logging_mixin.py:120} INFO - [2023-11-21T12:12:38.328+0000] {dag.py:2585} INFO - Sync 1 DAGs
[2023-11-21T12:12:38.379+0000] {logging_mixin.py:120} INFO - [2023-11-21T12:12:38.379+0000] {dag.py:3340} INFO - Setting next_dagrun for rand_user to 2023-11-21T00:00:00+00:00, run_after=2023-11-22T00:00:00+00:00
[2023-11-21T12:12:38.424+0000] {processor.py:176} INFO - Processing /opt/airflow/dags/predictions.py took 0.926 seconds
[2023-11-21T12:13:08.617+0000] {processor.py:154} INFO - Started process (PID=243) to work on /opt/airflow/dags/predictions.py
[2023-11-21T12:13:08.619+0000] {processor.py:756} INFO - Processing file /opt/airflow/dags/predictions.py for tasks to queue
[2023-11-21T12:13:08.621+0000] {logging_mixin.py:120} INFO - [2023-11-21T12:13:08.621+0000] {dagbag.py:537} INFO - Filling up the DagBag from /opt/airflow/dags/predictions.py
[2023-11-21T12:13:09.139+0000] {processor.py:766} INFO - DAG(s) dict_keys(['rand_user']) retrieved from /opt/airflow/dags/predictions.py
[2023-11-21T12:13:09.444+0000] {logging_mixin.py:120} INFO - [2023-11-21T12:13:09.444+0000] {dag.py:2585} INFO - Sync 1 DAGs
[2023-11-21T12:13:09.489+0000] {logging_mixin.py:120} INFO - [2023-11-21T12:13:09.489+0000] {dag.py:3340} INFO - Setting next_dagrun for rand_user to 2023-11-21T00:00:00+00:00, run_after=2023-11-22T00:00:00+00:00
[2023-11-21T12:13:09.523+0000] {processor.py:176} INFO - Processing /opt/airflow/dags/predictions.py took 0.913 seconds
[2023-11-21T12:13:39.718+0000] {processor.py:154} INFO - Started process (PID=272) to work on /opt/airflow/dags/predictions.py
[2023-11-21T12:13:39.719+0000] {processor.py:756} INFO - Processing file /opt/airflow/dags/predictions.py for tasks to queue
[2023-11-21T12:13:39.722+0000] {logging_mixin.py:120} INFO - [2023-11-21T12:13:39.722+0000] {dagbag.py:537} INFO - Filling up the DagBag from /opt/airflow/dags/predictions.py
[2023-11-21T12:13:40.200+0000] {processor.py:766} INFO - DAG(s) dict_keys(['rand_user']) retrieved from /opt/airflow/dags/predictions.py
[2023-11-21T12:13:40.529+0000] {logging_mixin.py:120} INFO - [2023-11-21T12:13:40.528+0000] {dag.py:2585} INFO - Sync 1 DAGs
[2023-11-21T12:13:40.587+0000] {logging_mixin.py:120} INFO - [2023-11-21T12:13:40.587+0000] {dag.py:3340} INFO - Setting next_dagrun for rand_user to 2023-11-21T00:00:00+00:00, run_after=2023-11-22T00:00:00+00:00
[2023-11-21T12:13:40.627+0000] {processor.py:176} INFO - Processing /opt/airflow/dags/predictions.py took 0.917 seconds
[2023-11-21T12:14:10.833+0000] {processor.py:154} INFO - Started process (PID=292) to work on /opt/airflow/dags/predictions.py
[2023-11-21T12:14:10.835+0000] {processor.py:756} INFO - Processing file /opt/airflow/dags/predictions.py for tasks to queue
[2023-11-21T12:14:10.837+0000] {logging_mixin.py:120} INFO - [2023-11-21T12:14:10.836+0000] {dagbag.py:537} INFO - Filling up the DagBag from /opt/airflow/dags/predictions.py
[2023-11-21T12:14:11.315+0000] {processor.py:766} INFO - DAG(s) dict_keys(['rand_user']) retrieved from /opt/airflow/dags/predictions.py
[2023-11-21T12:14:11.599+0000] {logging_mixin.py:120} INFO - [2023-11-21T12:14:11.598+0000] {dag.py:2585} INFO - Sync 1 DAGs
[2023-11-21T12:14:11.644+0000] {logging_mixin.py:120} INFO - [2023-11-21T12:14:11.644+0000] {dag.py:3340} INFO - Setting next_dagrun for rand_user to 2023-11-21T00:00:00+00:00, run_after=2023-11-22T00:00:00+00:00
[2023-11-21T12:14:11.691+0000] {processor.py:176} INFO - Processing /opt/airflow/dags/predictions.py took 0.864 seconds
[2023-11-21T12:14:41.875+0000] {processor.py:154} INFO - Started process (PID=321) to work on /opt/airflow/dags/predictions.py
[2023-11-21T12:14:41.878+0000] {processor.py:756} INFO - Processing file /opt/airflow/dags/predictions.py for tasks to queue
[2023-11-21T12:14:41.882+0000] {logging_mixin.py:120} INFO - [2023-11-21T12:14:41.882+0000] {dagbag.py:537} INFO - Filling up the DagBag from /opt/airflow/dags/predictions.py
[2023-11-21T12:14:42.434+0000] {processor.py:766} INFO - DAG(s) dict_keys(['rand_user']) retrieved from /opt/airflow/dags/predictions.py
[2023-11-21T12:14:42.767+0000] {logging_mixin.py:120} INFO - [2023-11-21T12:14:42.766+0000] {dag.py:2585} INFO - Sync 1 DAGs
[2023-11-21T12:14:42.813+0000] {logging_mixin.py:120} INFO - [2023-11-21T12:14:42.813+0000] {dag.py:3340} INFO - Setting next_dagrun for rand_user to 2023-11-21T00:00:00+00:00, run_after=2023-11-22T00:00:00+00:00
[2023-11-21T12:14:42.855+0000] {processor.py:176} INFO - Processing /opt/airflow/dags/predictions.py took 0.987 seconds
[2023-11-21T12:15:13.033+0000] {processor.py:154} INFO - Started process (PID=341) to work on /opt/airflow/dags/predictions.py
[2023-11-21T12:15:13.035+0000] {processor.py:756} INFO - Processing file /opt/airflow/dags/predictions.py for tasks to queue
[2023-11-21T12:15:13.037+0000] {logging_mixin.py:120} INFO - [2023-11-21T12:15:13.037+0000] {dagbag.py:537} INFO - Filling up the DagBag from /opt/airflow/dags/predictions.py
[2023-11-21T12:15:13.504+0000] {processor.py:766} INFO - DAG(s) dict_keys(['rand_user']) retrieved from /opt/airflow/dags/predictions.py
[2023-11-21T12:15:13.810+0000] {logging_mixin.py:120} INFO - [2023-11-21T12:15:13.810+0000] {dag.py:2585} INFO - Sync 1 DAGs
[2023-11-21T12:15:13.859+0000] {logging_mixin.py:120} INFO - [2023-11-21T12:15:13.859+0000] {dag.py:3340} INFO - Setting next_dagrun for rand_user to 2023-11-21T00:00:00+00:00, run_after=2023-11-22T00:00:00+00:00
[2023-11-21T12:15:13.906+0000] {processor.py:176} INFO - Processing /opt/airflow/dags/predictions.py took 0.878 seconds
[2023-11-21T12:15:44.098+0000] {processor.py:154} INFO - Started process (PID=370) to work on /opt/airflow/dags/predictions.py
[2023-11-21T12:15:44.100+0000] {processor.py:756} INFO - Processing file /opt/airflow/dags/predictions.py for tasks to queue
[2023-11-21T12:15:44.102+0000] {logging_mixin.py:120} INFO - [2023-11-21T12:15:44.102+0000] {dagbag.py:537} INFO - Filling up the DagBag from /opt/airflow/dags/predictions.py
[2023-11-21T12:15:44.570+0000] {processor.py:766} INFO - DAG(s) dict_keys(['rand_user']) retrieved from /opt/airflow/dags/predictions.py
[2023-11-21T12:15:44.873+0000] {logging_mixin.py:120} INFO - [2023-11-21T12:15:44.873+0000] {dag.py:2585} INFO - Sync 1 DAGs
[2023-11-21T12:15:44.919+0000] {logging_mixin.py:120} INFO - [2023-11-21T12:15:44.919+0000] {dag.py:3340} INFO - Setting next_dagrun for rand_user to 2023-11-21T00:00:00+00:00, run_after=2023-11-22T00:00:00+00:00
[2023-11-21T12:15:44.962+0000] {processor.py:176} INFO - Processing /opt/airflow/dags/predictions.py took 0.870 seconds
[2023-11-21T12:16:15.150+0000] {processor.py:154} INFO - Started process (PID=399) to work on /opt/airflow/dags/predictions.py
[2023-11-21T12:16:15.152+0000] {processor.py:756} INFO - Processing file /opt/airflow/dags/predictions.py for tasks to queue
[2023-11-21T12:16:15.155+0000] {logging_mixin.py:120} INFO - [2023-11-21T12:16:15.155+0000] {dagbag.py:537} INFO - Filling up the DagBag from /opt/airflow/dags/predictions.py
[2023-11-21T12:16:15.659+0000] {processor.py:766} INFO - DAG(s) dict_keys(['rand_user']) retrieved from /opt/airflow/dags/predictions.py
[2023-11-21T12:16:15.964+0000] {logging_mixin.py:120} INFO - [2023-11-21T12:16:15.964+0000] {dag.py:2585} INFO - Sync 1 DAGs
[2023-11-21T12:16:16.012+0000] {logging_mixin.py:120} INFO - [2023-11-21T12:16:16.011+0000] {dag.py:3340} INFO - Setting next_dagrun for rand_user to 2023-11-21T00:00:00+00:00, run_after=2023-11-22T00:00:00+00:00
[2023-11-21T12:16:16.044+0000] {processor.py:176} INFO - Processing /opt/airflow/dags/predictions.py took 0.899 seconds
[2023-11-21T12:16:46.234+0000] {processor.py:154} INFO - Started process (PID=419) to work on /opt/airflow/dags/predictions.py
[2023-11-21T12:16:46.235+0000] {processor.py:756} INFO - Processing file /opt/airflow/dags/predictions.py for tasks to queue
[2023-11-21T12:16:46.238+0000] {logging_mixin.py:120} INFO - [2023-11-21T12:16:46.237+0000] {dagbag.py:537} INFO - Filling up the DagBag from /opt/airflow/dags/predictions.py
[2023-11-21T12:16:46.723+0000] {processor.py:766} INFO - DAG(s) dict_keys(['rand_user']) retrieved from /opt/airflow/dags/predictions.py
[2023-11-21T12:16:47.007+0000] {logging_mixin.py:120} INFO - [2023-11-21T12:16:47.006+0000] {dag.py:2585} INFO - Sync 1 DAGs
[2023-11-21T12:16:47.056+0000] {logging_mixin.py:120} INFO - [2023-11-21T12:16:47.055+0000] {dag.py:3340} INFO - Setting next_dagrun for rand_user to 2023-11-21T00:00:00+00:00, run_after=2023-11-22T00:00:00+00:00
[2023-11-21T12:16:47.100+0000] {processor.py:176} INFO - Processing /opt/airflow/dags/predictions.py took 0.871 seconds
[2023-11-21T12:17:17.295+0000] {processor.py:154} INFO - Started process (PID=448) to work on /opt/airflow/dags/predictions.py
[2023-11-21T12:17:17.296+0000] {processor.py:756} INFO - Processing file /opt/airflow/dags/predictions.py for tasks to queue
[2023-11-21T12:17:17.299+0000] {logging_mixin.py:120} INFO - [2023-11-21T12:17:17.299+0000] {dagbag.py:537} INFO - Filling up the DagBag from /opt/airflow/dags/predictions.py
[2023-11-21T12:17:17.811+0000] {processor.py:766} INFO - DAG(s) dict_keys(['rand_user']) retrieved from /opt/airflow/dags/predictions.py
[2023-11-21T12:17:18.141+0000] {logging_mixin.py:120} INFO - [2023-11-21T12:17:18.140+0000] {dag.py:2585} INFO - Sync 1 DAGs
[2023-11-21T12:17:18.195+0000] {logging_mixin.py:120} INFO - [2023-11-21T12:17:18.194+0000] {dag.py:3340} INFO - Setting next_dagrun for rand_user to 2023-11-21T00:00:00+00:00, run_after=2023-11-22T00:00:00+00:00
[2023-11-21T12:17:18.234+0000] {processor.py:176} INFO - Processing /opt/airflow/dags/predictions.py took 0.946 seconds
[2023-11-21T12:17:48.431+0000] {processor.py:154} INFO - Started process (PID=468) to work on /opt/airflow/dags/predictions.py
[2023-11-21T12:17:48.433+0000] {processor.py:756} INFO - Processing file /opt/airflow/dags/predictions.py for tasks to queue
[2023-11-21T12:17:48.435+0000] {logging_mixin.py:120} INFO - [2023-11-21T12:17:48.434+0000] {dagbag.py:537} INFO - Filling up the DagBag from /opt/airflow/dags/predictions.py
[2023-11-21T12:17:48.920+0000] {processor.py:766} INFO - DAG(s) dict_keys(['rand_user']) retrieved from /opt/airflow/dags/predictions.py
[2023-11-21T12:17:49.208+0000] {logging_mixin.py:120} INFO - [2023-11-21T12:17:49.207+0000] {dag.py:2585} INFO - Sync 1 DAGs
[2023-11-21T12:17:49.256+0000] {logging_mixin.py:120} INFO - [2023-11-21T12:17:49.256+0000] {dag.py:3340} INFO - Setting next_dagrun for rand_user to 2023-11-21T00:00:00+00:00, run_after=2023-11-22T00:00:00+00:00
[2023-11-21T12:17:49.309+0000] {processor.py:176} INFO - Processing /opt/airflow/dags/predictions.py took 0.885 seconds
[2023-11-21T12:18:19.497+0000] {processor.py:154} INFO - Started process (PID=497) to work on /opt/airflow/dags/predictions.py
[2023-11-21T12:18:19.499+0000] {processor.py:756} INFO - Processing file /opt/airflow/dags/predictions.py for tasks to queue
[2023-11-21T12:18:19.502+0000] {logging_mixin.py:120} INFO - [2023-11-21T12:18:19.502+0000] {dagbag.py:537} INFO - Filling up the DagBag from /opt/airflow/dags/predictions.py
[2023-11-21T12:18:20.170+0000] {processor.py:766} INFO - DAG(s) dict_keys(['rand_user']) retrieved from /opt/airflow/dags/predictions.py
[2023-11-21T12:18:20.501+0000] {logging_mixin.py:120} INFO - [2023-11-21T12:18:20.501+0000] {dag.py:2585} INFO - Sync 1 DAGs
[2023-11-21T12:18:20.558+0000] {logging_mixin.py:120} INFO - [2023-11-21T12:18:20.558+0000] {dag.py:3340} INFO - Setting next_dagrun for rand_user to 2023-11-21T00:00:00+00:00, run_after=2023-11-22T00:00:00+00:00
[2023-11-21T12:18:20.606+0000] {processor.py:176} INFO - Processing /opt/airflow/dags/predictions.py took 1.115 seconds
[2023-11-21T12:18:50.662+0000] {processor.py:154} INFO - Started process (PID=526) to work on /opt/airflow/dags/predictions.py
[2023-11-21T12:18:50.665+0000] {processor.py:756} INFO - Processing file /opt/airflow/dags/predictions.py for tasks to queue
[2023-11-21T12:18:50.667+0000] {logging_mixin.py:120} INFO - [2023-11-21T12:18:50.666+0000] {dagbag.py:537} INFO - Filling up the DagBag from /opt/airflow/dags/predictions.py
[2023-11-21T12:18:51.151+0000] {processor.py:766} INFO - DAG(s) dict_keys(['rand_user']) retrieved from /opt/airflow/dags/predictions.py
[2023-11-21T12:18:51.478+0000] {logging_mixin.py:120} INFO - [2023-11-21T12:18:51.477+0000] {dag.py:2585} INFO - Sync 1 DAGs
[2023-11-21T12:18:51.549+0000] {logging_mixin.py:120} INFO - [2023-11-21T12:18:51.549+0000] {dag.py:3340} INFO - Setting next_dagrun for rand_user to 2023-11-21T00:00:00+00:00, run_after=2023-11-22T00:00:00+00:00
[2023-11-21T12:18:51.603+0000] {processor.py:176} INFO - Processing /opt/airflow/dags/predictions.py took 0.948 seconds
[2023-11-21T12:19:21.795+0000] {processor.py:154} INFO - Started process (PID=551) to work on /opt/airflow/dags/predictions.py
[2023-11-21T12:19:21.796+0000] {processor.py:756} INFO - Processing file /opt/airflow/dags/predictions.py for tasks to queue
[2023-11-21T12:19:21.799+0000] {logging_mixin.py:120} INFO - [2023-11-21T12:19:21.798+0000] {dagbag.py:537} INFO - Filling up the DagBag from /opt/airflow/dags/predictions.py
[2023-11-21T12:19:22.263+0000] {processor.py:766} INFO - DAG(s) dict_keys(['rand_user']) retrieved from /opt/airflow/dags/predictions.py
[2023-11-21T12:19:22.545+0000] {logging_mixin.py:120} INFO - [2023-11-21T12:19:22.545+0000] {dag.py:2585} INFO - Sync 1 DAGs
[2023-11-21T12:19:22.613+0000] {logging_mixin.py:120} INFO - [2023-11-21T12:19:22.612+0000] {dag.py:3340} INFO - Setting next_dagrun for rand_user to 2023-11-21T00:00:00+00:00, run_after=2023-11-22T00:00:00+00:00
[2023-11-21T12:19:22.650+0000] {processor.py:176} INFO - Processing /opt/airflow/dags/predictions.py took 0.860 seconds
[2023-11-21T12:19:52.843+0000] {processor.py:154} INFO - Started process (PID=580) to work on /opt/airflow/dags/predictions.py
[2023-11-21T12:19:52.844+0000] {processor.py:756} INFO - Processing file /opt/airflow/dags/predictions.py for tasks to queue
[2023-11-21T12:19:52.847+0000] {logging_mixin.py:120} INFO - [2023-11-21T12:19:52.846+0000] {dagbag.py:537} INFO - Filling up the DagBag from /opt/airflow/dags/predictions.py
[2023-11-21T12:19:53.387+0000] {processor.py:766} INFO - DAG(s) dict_keys(['rand_user']) retrieved from /opt/airflow/dags/predictions.py
[2023-11-21T12:19:53.816+0000] {logging_mixin.py:120} INFO - [2023-11-21T12:19:53.815+0000] {dag.py:2585} INFO - Sync 1 DAGs
[2023-11-21T12:19:53.879+0000] {logging_mixin.py:120} INFO - [2023-11-21T12:19:53.879+0000] {dag.py:3340} INFO - Setting next_dagrun for rand_user to 2023-11-21T00:00:00+00:00, run_after=2023-11-22T00:00:00+00:00
[2023-11-21T12:19:53.929+0000] {processor.py:176} INFO - Processing /opt/airflow/dags/predictions.py took 1.091 seconds
[2023-11-21T12:20:24.026+0000] {processor.py:154} INFO - Started process (PID=604) to work on /opt/airflow/dags/predictions.py
[2023-11-21T12:20:24.028+0000] {processor.py:756} INFO - Processing file /opt/airflow/dags/predictions.py for tasks to queue
[2023-11-21T12:20:24.031+0000] {logging_mixin.py:120} INFO - [2023-11-21T12:20:24.031+0000] {dagbag.py:537} INFO - Filling up the DagBag from /opt/airflow/dags/predictions.py
[2023-11-21T12:20:24.497+0000] {processor.py:766} INFO - DAG(s) dict_keys(['rand_user']) retrieved from /opt/airflow/dags/predictions.py
[2023-11-21T12:20:24.786+0000] {logging_mixin.py:120} INFO - [2023-11-21T12:20:24.785+0000] {dag.py:2585} INFO - Sync 1 DAGs
[2023-11-21T12:20:24.834+0000] {logging_mixin.py:120} INFO - [2023-11-21T12:20:24.834+0000] {dag.py:3340} INFO - Setting next_dagrun for rand_user to 2023-11-21T00:00:00+00:00, run_after=2023-11-22T00:00:00+00:00
[2023-11-21T12:20:24.875+0000] {processor.py:176} INFO - Processing /opt/airflow/dags/predictions.py took 0.855 seconds
[2023-11-21T12:20:55.070+0000] {processor.py:154} INFO - Started process (PID=633) to work on /opt/airflow/dags/predictions.py
[2023-11-21T12:20:55.073+0000] {processor.py:756} INFO - Processing file /opt/airflow/dags/predictions.py for tasks to queue
[2023-11-21T12:20:55.075+0000] {logging_mixin.py:120} INFO - [2023-11-21T12:20:55.074+0000] {dagbag.py:537} INFO - Filling up the DagBag from /opt/airflow/dags/predictions.py
[2023-11-21T12:20:55.548+0000] {processor.py:766} INFO - DAG(s) dict_keys(['rand_user']) retrieved from /opt/airflow/dags/predictions.py
[2023-11-21T12:20:55.844+0000] {logging_mixin.py:120} INFO - [2023-11-21T12:20:55.844+0000] {dag.py:2585} INFO - Sync 1 DAGs
[2023-11-21T12:20:55.898+0000] {logging_mixin.py:120} INFO - [2023-11-21T12:20:55.897+0000] {dag.py:3340} INFO - Setting next_dagrun for rand_user to 2023-11-21T00:00:00+00:00, run_after=2023-11-22T00:00:00+00:00
[2023-11-21T12:20:55.930+0000] {processor.py:176} INFO - Processing /opt/airflow/dags/predictions.py took 0.867 seconds
[2023-11-21T12:21:26.117+0000] {processor.py:154} INFO - Started process (PID=658) to work on /opt/airflow/dags/predictions.py
[2023-11-21T12:21:26.119+0000] {processor.py:756} INFO - Processing file /opt/airflow/dags/predictions.py for tasks to queue
[2023-11-21T12:21:26.121+0000] {logging_mixin.py:120} INFO - [2023-11-21T12:21:26.120+0000] {dagbag.py:537} INFO - Filling up the DagBag from /opt/airflow/dags/predictions.py
[2023-11-21T12:21:26.589+0000] {processor.py:766} INFO - DAG(s) dict_keys(['rand_user']) retrieved from /opt/airflow/dags/predictions.py
[2023-11-21T12:21:26.875+0000] {logging_mixin.py:120} INFO - [2023-11-21T12:21:26.874+0000] {dag.py:2585} INFO - Sync 1 DAGs
[2023-11-21T12:21:26.924+0000] {logging_mixin.py:120} INFO - [2023-11-21T12:21:26.923+0000] {dag.py:3340} INFO - Setting next_dagrun for rand_user to 2023-11-21T00:00:00+00:00, run_after=2023-11-22T00:00:00+00:00
[2023-11-21T12:21:26.969+0000] {processor.py:176} INFO - Processing /opt/airflow/dags/predictions.py took 0.858 seconds
[2023-11-21T12:21:57.155+0000] {processor.py:154} INFO - Started process (PID=687) to work on /opt/airflow/dags/predictions.py
[2023-11-21T12:21:57.156+0000] {processor.py:756} INFO - Processing file /opt/airflow/dags/predictions.py for tasks to queue
[2023-11-21T12:21:57.158+0000] {logging_mixin.py:120} INFO - [2023-11-21T12:21:57.158+0000] {dagbag.py:537} INFO - Filling up the DagBag from /opt/airflow/dags/predictions.py
[2023-11-21T12:21:57.641+0000] {processor.py:766} INFO - DAG(s) dict_keys(['rand_user']) retrieved from /opt/airflow/dags/predictions.py
[2023-11-21T12:21:57.918+0000] {logging_mixin.py:120} INFO - [2023-11-21T12:21:57.918+0000] {dag.py:2585} INFO - Sync 1 DAGs
[2023-11-21T12:21:57.965+0000] {logging_mixin.py:120} INFO - [2023-11-21T12:21:57.965+0000] {dag.py:3340} INFO - Setting next_dagrun for rand_user to 2023-11-21T00:00:00+00:00, run_after=2023-11-22T00:00:00+00:00
[2023-11-21T12:21:58.007+0000] {processor.py:176} INFO - Processing /opt/airflow/dags/predictions.py took 0.858 seconds
[2023-11-21T12:22:28.190+0000] {processor.py:154} INFO - Started process (PID=716) to work on /opt/airflow/dags/predictions.py
[2023-11-21T12:22:28.192+0000] {processor.py:756} INFO - Processing file /opt/airflow/dags/predictions.py for tasks to queue
[2023-11-21T12:22:28.194+0000] {logging_mixin.py:120} INFO - [2023-11-21T12:22:28.193+0000] {dagbag.py:537} INFO - Filling up the DagBag from /opt/airflow/dags/predictions.py
[2023-11-21T12:22:28.714+0000] {processor.py:766} INFO - DAG(s) dict_keys(['rand_user']) retrieved from /opt/airflow/dags/predictions.py
[2023-11-21T12:22:29.078+0000] {logging_mixin.py:120} INFO - [2023-11-21T12:22:29.077+0000] {dag.py:2585} INFO - Sync 1 DAGs
[2023-11-21T12:22:29.129+0000] {logging_mixin.py:120} INFO - [2023-11-21T12:22:29.129+0000] {dag.py:3340} INFO - Setting next_dagrun for rand_user to 2023-11-21T00:00:00+00:00, run_after=2023-11-22T00:00:00+00:00
[2023-11-21T12:22:29.162+0000] {processor.py:176} INFO - Processing /opt/airflow/dags/predictions.py took 0.978 seconds
[2023-11-21T12:22:59.348+0000] {processor.py:154} INFO - Started process (PID=736) to work on /opt/airflow/dags/predictions.py
[2023-11-21T12:22:59.350+0000] {processor.py:756} INFO - Processing file /opt/airflow/dags/predictions.py for tasks to queue
[2023-11-21T12:22:59.352+0000] {logging_mixin.py:120} INFO - [2023-11-21T12:22:59.352+0000] {dagbag.py:537} INFO - Filling up the DagBag from /opt/airflow/dags/predictions.py
[2023-11-21T12:22:59.828+0000] {processor.py:766} INFO - DAG(s) dict_keys(['rand_user']) retrieved from /opt/airflow/dags/predictions.py
[2023-11-21T12:23:00.120+0000] {logging_mixin.py:120} INFO - [2023-11-21T12:23:00.120+0000] {dag.py:2585} INFO - Sync 1 DAGs
[2023-11-21T12:23:00.166+0000] {logging_mixin.py:120} INFO - [2023-11-21T12:23:00.165+0000] {dag.py:3340} INFO - Setting next_dagrun for rand_user to 2023-11-21T00:00:00+00:00, run_after=2023-11-22T00:00:00+00:00
[2023-11-21T12:23:00.208+0000] {processor.py:176} INFO - Processing /opt/airflow/dags/predictions.py took 0.866 seconds
[2023-11-21T12:23:30.381+0000] {processor.py:154} INFO - Started process (PID=765) to work on /opt/airflow/dags/predictions.py
[2023-11-21T12:23:30.383+0000] {processor.py:756} INFO - Processing file /opt/airflow/dags/predictions.py for tasks to queue
[2023-11-21T12:23:30.386+0000] {logging_mixin.py:120} INFO - [2023-11-21T12:23:30.385+0000] {dagbag.py:537} INFO - Filling up the DagBag from /opt/airflow/dags/predictions.py
[2023-11-21T12:23:30.853+0000] {processor.py:766} INFO - DAG(s) dict_keys(['rand_user']) retrieved from /opt/airflow/dags/predictions.py
[2023-11-21T12:23:31.144+0000] {logging_mixin.py:120} INFO - [2023-11-21T12:23:31.144+0000] {dag.py:2585} INFO - Sync 1 DAGs
[2023-11-21T12:23:31.206+0000] {logging_mixin.py:120} INFO - [2023-11-21T12:23:31.205+0000] {dag.py:3340} INFO - Setting next_dagrun for rand_user to 2023-11-21T00:00:00+00:00, run_after=2023-11-22T00:00:00+00:00
[2023-11-21T12:23:31.244+0000] {processor.py:176} INFO - Processing /opt/airflow/dags/predictions.py took 0.870 seconds
[2023-11-21T12:24:01.415+0000] {processor.py:154} INFO - Started process (PID=785) to work on /opt/airflow/dags/predictions.py
[2023-11-21T12:24:01.417+0000] {processor.py:756} INFO - Processing file /opt/airflow/dags/predictions.py for tasks to queue
[2023-11-21T12:24:01.419+0000] {logging_mixin.py:120} INFO - [2023-11-21T12:24:01.419+0000] {dagbag.py:537} INFO - Filling up the DagBag from /opt/airflow/dags/predictions.py
[2023-11-21T12:24:01.952+0000] {processor.py:766} INFO - DAG(s) dict_keys(['rand_user']) retrieved from /opt/airflow/dags/predictions.py
[2023-11-21T12:24:02.275+0000] {logging_mixin.py:120} INFO - [2023-11-21T12:24:02.275+0000] {dag.py:2585} INFO - Sync 1 DAGs
[2023-11-21T12:24:02.324+0000] {logging_mixin.py:120} INFO - [2023-11-21T12:24:02.324+0000] {dag.py:3340} INFO - Setting next_dagrun for rand_user to 2023-11-21T00:00:00+00:00, run_after=2023-11-22T00:00:00+00:00
[2023-11-21T12:24:02.368+0000] {processor.py:176} INFO - Processing /opt/airflow/dags/predictions.py took 0.959 seconds
[2023-11-21T12:24:32.552+0000] {processor.py:154} INFO - Started process (PID=813) to work on /opt/airflow/dags/predictions.py
[2023-11-21T12:24:32.554+0000] {processor.py:756} INFO - Processing file /opt/airflow/dags/predictions.py for tasks to queue
[2023-11-21T12:24:32.556+0000] {logging_mixin.py:120} INFO - [2023-11-21T12:24:32.556+0000] {dagbag.py:537} INFO - Filling up the DagBag from /opt/airflow/dags/predictions.py
[2023-11-21T12:24:33.050+0000] {processor.py:766} INFO - DAG(s) dict_keys(['rand_user']) retrieved from /opt/airflow/dags/predictions.py
[2023-11-21T12:24:33.356+0000] {logging_mixin.py:120} INFO - [2023-11-21T12:24:33.356+0000] {dag.py:2585} INFO - Sync 1 DAGs
[2023-11-21T12:24:33.409+0000] {logging_mixin.py:120} INFO - [2023-11-21T12:24:33.408+0000] {dag.py:3340} INFO - Setting next_dagrun for rand_user to 2023-11-21T00:00:00+00:00, run_after=2023-11-22T00:00:00+00:00
[2023-11-21T12:24:33.455+0000] {processor.py:176} INFO - Processing /opt/airflow/dags/predictions.py took 0.909 seconds
[2023-11-21T12:25:03.622+0000] {processor.py:154} INFO - Started process (PID=840) to work on /opt/airflow/dags/predictions.py
[2023-11-21T12:25:03.624+0000] {processor.py:756} INFO - Processing file /opt/airflow/dags/predictions.py for tasks to queue
[2023-11-21T12:25:03.626+0000] {logging_mixin.py:120} INFO - [2023-11-21T12:25:03.626+0000] {dagbag.py:537} INFO - Filling up the DagBag from /opt/airflow/dags/predictions.py
[2023-11-21T12:25:04.139+0000] {processor.py:766} INFO - DAG(s) dict_keys(['rand_user']) retrieved from /opt/airflow/dags/predictions.py
[2023-11-21T12:25:04.549+0000] {logging_mixin.py:120} INFO - [2023-11-21T12:25:04.547+0000] {dag.py:2585} INFO - Sync 1 DAGs
[2023-11-21T12:25:04.626+0000] {logging_mixin.py:120} INFO - [2023-11-21T12:25:04.626+0000] {dag.py:3340} INFO - Setting next_dagrun for rand_user to 2023-11-21T00:00:00+00:00, run_after=2023-11-22T00:00:00+00:00
[2023-11-21T12:25:04.680+0000] {processor.py:176} INFO - Processing /opt/airflow/dags/predictions.py took 1.063 seconds
[2023-11-21T12:25:34.787+0000] {processor.py:154} INFO - Started process (PID=862) to work on /opt/airflow/dags/predictions.py
[2023-11-21T12:25:34.789+0000] {processor.py:756} INFO - Processing file /opt/airflow/dags/predictions.py for tasks to queue
[2023-11-21T12:25:34.791+0000] {logging_mixin.py:120} INFO - [2023-11-21T12:25:34.791+0000] {dagbag.py:537} INFO - Filling up the DagBag from /opt/airflow/dags/predictions.py
[2023-11-21T12:25:35.291+0000] {processor.py:766} INFO - DAG(s) dict_keys(['rand_user']) retrieved from /opt/airflow/dags/predictions.py
[2023-11-21T12:25:35.580+0000] {logging_mixin.py:120} INFO - [2023-11-21T12:25:35.579+0000] {dag.py:2585} INFO - Sync 1 DAGs
[2023-11-21T12:25:35.627+0000] {logging_mixin.py:120} INFO - [2023-11-21T12:25:35.627+0000] {dag.py:3340} INFO - Setting next_dagrun for rand_user to 2023-11-21T00:00:00+00:00, run_after=2023-11-22T00:00:00+00:00
[2023-11-21T12:25:35.656+0000] {processor.py:176} INFO - Processing /opt/airflow/dags/predictions.py took 0.875 seconds
[2023-11-21T12:26:05.857+0000] {processor.py:154} INFO - Started process (PID=890) to work on /opt/airflow/dags/predictions.py
[2023-11-21T12:26:05.859+0000] {processor.py:756} INFO - Processing file /opt/airflow/dags/predictions.py for tasks to queue
[2023-11-21T12:26:05.861+0000] {logging_mixin.py:120} INFO - [2023-11-21T12:26:05.861+0000] {dagbag.py:537} INFO - Filling up the DagBag from /opt/airflow/dags/predictions.py
[2023-11-21T12:26:06.360+0000] {processor.py:766} INFO - DAG(s) dict_keys(['rand_user']) retrieved from /opt/airflow/dags/predictions.py
[2023-11-21T12:26:06.642+0000] {logging_mixin.py:120} INFO - [2023-11-21T12:26:06.642+0000] {dag.py:2585} INFO - Sync 1 DAGs
[2023-11-21T12:26:06.685+0000] {logging_mixin.py:120} INFO - [2023-11-21T12:26:06.685+0000] {dag.py:3340} INFO - Setting next_dagrun for rand_user to 2023-11-21T00:00:00+00:00, run_after=2023-11-22T00:00:00+00:00
[2023-11-21T12:26:06.727+0000] {processor.py:176} INFO - Processing /opt/airflow/dags/predictions.py took 0.876 seconds
[2023-11-21T12:26:36.911+0000] {processor.py:154} INFO - Started process (PID=910) to work on /opt/airflow/dags/predictions.py
[2023-11-21T12:26:36.913+0000] {processor.py:756} INFO - Processing file /opt/airflow/dags/predictions.py for tasks to queue
[2023-11-21T12:26:36.915+0000] {logging_mixin.py:120} INFO - [2023-11-21T12:26:36.915+0000] {dagbag.py:537} INFO - Filling up the DagBag from /opt/airflow/dags/predictions.py
[2023-11-21T12:26:37.365+0000] {processor.py:766} INFO - DAG(s) dict_keys(['rand_user']) retrieved from /opt/airflow/dags/predictions.py
[2023-11-21T12:26:37.639+0000] {logging_mixin.py:120} INFO - [2023-11-21T12:26:37.638+0000] {dag.py:2585} INFO - Sync 1 DAGs
[2023-11-21T12:26:37.682+0000] {logging_mixin.py:120} INFO - [2023-11-21T12:26:37.682+0000] {dag.py:3340} INFO - Setting next_dagrun for rand_user to 2023-11-21T00:00:00+00:00, run_after=2023-11-22T00:00:00+00:00
[2023-11-21T12:26:37.723+0000] {processor.py:176} INFO - Processing /opt/airflow/dags/predictions.py took 0.817 seconds
[2023-11-21T12:27:07.907+0000] {processor.py:154} INFO - Started process (PID=939) to work on /opt/airflow/dags/predictions.py
[2023-11-21T12:27:07.909+0000] {processor.py:756} INFO - Processing file /opt/airflow/dags/predictions.py for tasks to queue
[2023-11-21T12:27:07.911+0000] {logging_mixin.py:120} INFO - [2023-11-21T12:27:07.911+0000] {dagbag.py:537} INFO - Filling up the DagBag from /opt/airflow/dags/predictions.py
[2023-11-21T12:27:08.412+0000] {processor.py:766} INFO - DAG(s) dict_keys(['rand_user']) retrieved from /opt/airflow/dags/predictions.py
[2023-11-21T12:27:08.698+0000] {logging_mixin.py:120} INFO - [2023-11-21T12:27:08.698+0000] {dag.py:2585} INFO - Sync 1 DAGs
[2023-11-21T12:27:08.744+0000] {logging_mixin.py:120} INFO - [2023-11-21T12:27:08.744+0000] {dag.py:3340} INFO - Setting next_dagrun for rand_user to 2023-11-21T00:00:00+00:00, run_after=2023-11-22T00:00:00+00:00
[2023-11-21T12:27:08.774+0000] {processor.py:176} INFO - Processing /opt/airflow/dags/predictions.py took 0.874 seconds
[2023-11-21T12:27:38.960+0000] {processor.py:154} INFO - Started process (PID=959) to work on /opt/airflow/dags/predictions.py
[2023-11-21T12:27:38.962+0000] {processor.py:756} INFO - Processing file /opt/airflow/dags/predictions.py for tasks to queue
[2023-11-21T12:27:38.964+0000] {logging_mixin.py:120} INFO - [2023-11-21T12:27:38.963+0000] {dagbag.py:537} INFO - Filling up the DagBag from /opt/airflow/dags/predictions.py
[2023-11-21T12:27:39.430+0000] {processor.py:766} INFO - DAG(s) dict_keys(['rand_user']) retrieved from /opt/airflow/dags/predictions.py
[2023-11-21T12:27:39.706+0000] {logging_mixin.py:120} INFO - [2023-11-21T12:27:39.706+0000] {dag.py:2585} INFO - Sync 1 DAGs
[2023-11-21T12:27:39.754+0000] {logging_mixin.py:120} INFO - [2023-11-21T12:27:39.754+0000] {dag.py:3340} INFO - Setting next_dagrun for rand_user to 2023-11-21T00:00:00+00:00, run_after=2023-11-22T00:00:00+00:00
[2023-11-21T12:27:39.783+0000] {processor.py:176} INFO - Processing /opt/airflow/dags/predictions.py took 0.828 seconds
[2023-11-21T12:28:09.952+0000] {processor.py:154} INFO - Started process (PID=988) to work on /opt/airflow/dags/predictions.py
[2023-11-21T12:28:09.954+0000] {processor.py:756} INFO - Processing file /opt/airflow/dags/predictions.py for tasks to queue
[2023-11-21T12:28:09.956+0000] {logging_mixin.py:120} INFO - [2023-11-21T12:28:09.956+0000] {dagbag.py:537} INFO - Filling up the DagBag from /opt/airflow/dags/predictions.py
[2023-11-21T12:28:10.436+0000] {processor.py:766} INFO - DAG(s) dict_keys(['rand_user']) retrieved from /opt/airflow/dags/predictions.py
[2023-11-21T12:28:10.718+0000] {logging_mixin.py:120} INFO - [2023-11-21T12:28:10.718+0000] {dag.py:2585} INFO - Sync 1 DAGs
[2023-11-21T12:28:10.780+0000] {logging_mixin.py:120} INFO - [2023-11-21T12:28:10.779+0000] {dag.py:3340} INFO - Setting next_dagrun for rand_user to 2023-11-21T00:00:00+00:00, run_after=2023-11-22T00:00:00+00:00
[2023-11-21T12:28:10.811+0000] {processor.py:176} INFO - Processing /opt/airflow/dags/predictions.py took 0.865 seconds
[2023-11-21T12:28:40.974+0000] {processor.py:154} INFO - Started process (PID=1017) to work on /opt/airflow/dags/predictions.py
[2023-11-21T12:28:40.975+0000] {processor.py:756} INFO - Processing file /opt/airflow/dags/predictions.py for tasks to queue
[2023-11-21T12:28:40.978+0000] {logging_mixin.py:120} INFO - [2023-11-21T12:28:40.977+0000] {dagbag.py:537} INFO - Filling up the DagBag from /opt/airflow/dags/predictions.py
[2023-11-21T12:28:41.469+0000] {processor.py:766} INFO - DAG(s) dict_keys(['rand_user']) retrieved from /opt/airflow/dags/predictions.py
[2023-11-21T12:28:41.772+0000] {logging_mixin.py:120} INFO - [2023-11-21T12:28:41.772+0000] {dag.py:2585} INFO - Sync 1 DAGs
[2023-11-21T12:28:41.822+0000] {logging_mixin.py:120} INFO - [2023-11-21T12:28:41.822+0000] {dag.py:3340} INFO - Setting next_dagrun for rand_user to 2023-11-21T00:00:00+00:00, run_after=2023-11-22T00:00:00+00:00
[2023-11-21T12:28:41.868+0000] {processor.py:176} INFO - Processing /opt/airflow/dags/predictions.py took 0.899 seconds
[2023-11-21T12:29:12.042+0000] {processor.py:154} INFO - Started process (PID=1037) to work on /opt/airflow/dags/predictions.py
[2023-11-21T12:29:12.044+0000] {processor.py:756} INFO - Processing file /opt/airflow/dags/predictions.py for tasks to queue
[2023-11-21T12:29:12.046+0000] {logging_mixin.py:120} INFO - [2023-11-21T12:29:12.046+0000] {dagbag.py:537} INFO - Filling up the DagBag from /opt/airflow/dags/predictions.py
[2023-11-21T12:29:12.522+0000] {processor.py:766} INFO - DAG(s) dict_keys(['rand_user']) retrieved from /opt/airflow/dags/predictions.py
[2023-11-21T12:29:12.827+0000] {logging_mixin.py:120} INFO - [2023-11-21T12:29:12.827+0000] {dag.py:2585} INFO - Sync 1 DAGs
[2023-11-21T12:29:12.873+0000] {logging_mixin.py:120} INFO - [2023-11-21T12:29:12.872+0000] {dag.py:3340} INFO - Setting next_dagrun for rand_user to 2023-11-21T00:00:00+00:00, run_after=2023-11-22T00:00:00+00:00
[2023-11-21T12:29:12.914+0000] {processor.py:176} INFO - Processing /opt/airflow/dags/predictions.py took 0.878 seconds
[2023-11-21T12:29:43.027+0000] {processor.py:154} INFO - Started process (PID=1066) to work on /opt/airflow/dags/predictions.py
[2023-11-21T12:29:43.028+0000] {processor.py:756} INFO - Processing file /opt/airflow/dags/predictions.py for tasks to queue
[2023-11-21T12:29:43.030+0000] {logging_mixin.py:120} INFO - [2023-11-21T12:29:43.030+0000] {dagbag.py:537} INFO - Filling up the DagBag from /opt/airflow/dags/predictions.py
[2023-11-21T12:29:43.486+0000] {processor.py:766} INFO - DAG(s) dict_keys(['rand_user']) retrieved from /opt/airflow/dags/predictions.py
[2023-11-21T12:29:43.768+0000] {logging_mixin.py:120} INFO - [2023-11-21T12:29:43.767+0000] {dag.py:2585} INFO - Sync 1 DAGs
[2023-11-21T12:29:43.812+0000] {logging_mixin.py:120} INFO - [2023-11-21T12:29:43.812+0000] {dag.py:3340} INFO - Setting next_dagrun for rand_user to 2023-11-21T00:00:00+00:00, run_after=2023-11-22T00:00:00+00:00
[2023-11-21T12:29:43.853+0000] {processor.py:176} INFO - Processing /opt/airflow/dags/predictions.py took 0.833 seconds
[2023-11-21T12:30:14.046+0000] {processor.py:154} INFO - Started process (PID=1086) to work on /opt/airflow/dags/predictions.py
[2023-11-21T12:30:14.047+0000] {processor.py:756} INFO - Processing file /opt/airflow/dags/predictions.py for tasks to queue
[2023-11-21T12:30:14.050+0000] {logging_mixin.py:120} INFO - [2023-11-21T12:30:14.050+0000] {dagbag.py:537} INFO - Filling up the DagBag from /opt/airflow/dags/predictions.py
[2023-11-21T12:30:14.597+0000] {processor.py:766} INFO - DAG(s) dict_keys(['rand_user']) retrieved from /opt/airflow/dags/predictions.py
[2023-11-21T12:30:14.933+0000] {logging_mixin.py:120} INFO - [2023-11-21T12:30:14.933+0000] {dag.py:2585} INFO - Sync 1 DAGs
[2023-11-21T12:30:14.983+0000] {logging_mixin.py:120} INFO - [2023-11-21T12:30:14.983+0000] {dag.py:3340} INFO - Setting next_dagrun for rand_user to 2023-11-21T00:00:00+00:00, run_after=2023-11-22T00:00:00+00:00
[2023-11-21T12:30:15.025+0000] {processor.py:176} INFO - Processing /opt/airflow/dags/predictions.py took 0.986 seconds
[2023-11-21T12:30:45.211+0000] {processor.py:154} INFO - Started process (PID=1115) to work on /opt/airflow/dags/predictions.py
[2023-11-21T12:30:45.213+0000] {processor.py:756} INFO - Processing file /opt/airflow/dags/predictions.py for tasks to queue
[2023-11-21T12:30:45.215+0000] {logging_mixin.py:120} INFO - [2023-11-21T12:30:45.215+0000] {dagbag.py:537} INFO - Filling up the DagBag from /opt/airflow/dags/predictions.py
[2023-11-21T12:30:45.684+0000] {processor.py:766} INFO - DAG(s) dict_keys(['rand_user']) retrieved from /opt/airflow/dags/predictions.py
[2023-11-21T12:30:45.975+0000] {logging_mixin.py:120} INFO - [2023-11-21T12:30:45.975+0000] {dag.py:2585} INFO - Sync 1 DAGs
[2023-11-21T12:30:46.028+0000] {logging_mixin.py:120} INFO - [2023-11-21T12:30:46.027+0000] {dag.py:3340} INFO - Setting next_dagrun for rand_user to 2023-11-21T00:00:00+00:00, run_after=2023-11-22T00:00:00+00:00
[2023-11-21T12:30:46.072+0000] {processor.py:176} INFO - Processing /opt/airflow/dags/predictions.py took 0.868 seconds
[2023-11-21T12:31:16.259+0000] {processor.py:154} INFO - Started process (PID=1144) to work on /opt/airflow/dags/predictions.py
[2023-11-21T12:31:16.262+0000] {processor.py:756} INFO - Processing file /opt/airflow/dags/predictions.py for tasks to queue
[2023-11-21T12:31:16.264+0000] {logging_mixin.py:120} INFO - [2023-11-21T12:31:16.263+0000] {dagbag.py:537} INFO - Filling up the DagBag from /opt/airflow/dags/predictions.py
[2023-11-21T12:31:16.807+0000] {processor.py:766} INFO - DAG(s) dict_keys(['rand_user']) retrieved from /opt/airflow/dags/predictions.py
[2023-11-21T12:31:17.129+0000] {logging_mixin.py:120} INFO - [2023-11-21T12:31:17.129+0000] {dag.py:2585} INFO - Sync 1 DAGs
[2023-11-21T12:31:17.181+0000] {logging_mixin.py:120} INFO - [2023-11-21T12:31:17.181+0000] {dag.py:3340} INFO - Setting next_dagrun for rand_user to 2023-11-21T00:00:00+00:00, run_after=2023-11-22T00:00:00+00:00
[2023-11-21T12:31:17.217+0000] {processor.py:176} INFO - Processing /opt/airflow/dags/predictions.py took 0.963 seconds
[2023-11-21T12:31:47.408+0000] {processor.py:154} INFO - Started process (PID=1164) to work on /opt/airflow/dags/predictions.py
[2023-11-21T12:31:47.409+0000] {processor.py:756} INFO - Processing file /opt/airflow/dags/predictions.py for tasks to queue
[2023-11-21T12:31:47.412+0000] {logging_mixin.py:120} INFO - [2023-11-21T12:31:47.411+0000] {dagbag.py:537} INFO - Filling up the DagBag from /opt/airflow/dags/predictions.py
[2023-11-21T12:31:47.898+0000] {processor.py:766} INFO - DAG(s) dict_keys(['rand_user']) retrieved from /opt/airflow/dags/predictions.py
[2023-11-21T12:31:48.189+0000] {logging_mixin.py:120} INFO - [2023-11-21T12:31:48.189+0000] {dag.py:2585} INFO - Sync 1 DAGs
[2023-11-21T12:31:48.236+0000] {logging_mixin.py:120} INFO - [2023-11-21T12:31:48.236+0000] {dag.py:3340} INFO - Setting next_dagrun for rand_user to 2023-11-21T00:00:00+00:00, run_after=2023-11-22T00:00:00+00:00
[2023-11-21T12:31:48.277+0000] {processor.py:176} INFO - Processing /opt/airflow/dags/predictions.py took 0.875 seconds
[2023-11-21T12:32:18.491+0000] {processor.py:154} INFO - Started process (PID=1193) to work on /opt/airflow/dags/predictions.py
[2023-11-21T12:32:18.492+0000] {processor.py:756} INFO - Processing file /opt/airflow/dags/predictions.py for tasks to queue
[2023-11-21T12:32:18.494+0000] {logging_mixin.py:120} INFO - [2023-11-21T12:32:18.494+0000] {dagbag.py:537} INFO - Filling up the DagBag from /opt/airflow/dags/predictions.py
[2023-11-21T12:32:18.988+0000] {processor.py:766} INFO - DAG(s) dict_keys(['rand_user']) retrieved from /opt/airflow/dags/predictions.py
[2023-11-21T12:32:19.274+0000] {logging_mixin.py:120} INFO - [2023-11-21T12:32:19.273+0000] {dag.py:2585} INFO - Sync 1 DAGs
[2023-11-21T12:32:19.321+0000] {logging_mixin.py:120} INFO - [2023-11-21T12:32:19.321+0000] {dag.py:3340} INFO - Setting next_dagrun for rand_user to 2023-11-21T00:00:00+00:00, run_after=2023-11-22T00:00:00+00:00
[2023-11-21T12:32:19.353+0000] {processor.py:176} INFO - Processing /opt/airflow/dags/predictions.py took 0.868 seconds
[2023-11-21T12:32:49.537+0000] {processor.py:154} INFO - Started process (PID=1213) to work on /opt/airflow/dags/predictions.py
[2023-11-21T12:32:49.539+0000] {processor.py:756} INFO - Processing file /opt/airflow/dags/predictions.py for tasks to queue
[2023-11-21T12:32:49.541+0000] {logging_mixin.py:120} INFO - [2023-11-21T12:32:49.541+0000] {dagbag.py:537} INFO - Filling up the DagBag from /opt/airflow/dags/predictions.py
[2023-11-21T12:32:50.022+0000] {processor.py:766} INFO - DAG(s) dict_keys(['rand_user']) retrieved from /opt/airflow/dags/predictions.py
[2023-11-21T12:32:50.323+0000] {logging_mixin.py:120} INFO - [2023-11-21T12:32:50.322+0000] {dag.py:2585} INFO - Sync 1 DAGs
[2023-11-21T12:32:50.380+0000] {logging_mixin.py:120} INFO - [2023-11-21T12:32:50.380+0000] {dag.py:3340} INFO - Setting next_dagrun for rand_user to 2023-11-21T00:00:00+00:00, run_after=2023-11-22T00:00:00+00:00
[2023-11-21T12:32:50.415+0000] {processor.py:176} INFO - Processing /opt/airflow/dags/predictions.py took 0.883 seconds
[2023-11-21T12:33:20.605+0000] {processor.py:154} INFO - Started process (PID=1242) to work on /opt/airflow/dags/predictions.py
[2023-11-21T12:33:20.607+0000] {processor.py:756} INFO - Processing file /opt/airflow/dags/predictions.py for tasks to queue
[2023-11-21T12:33:20.609+0000] {logging_mixin.py:120} INFO - [2023-11-21T12:33:20.609+0000] {dagbag.py:537} INFO - Filling up the DagBag from /opt/airflow/dags/predictions.py
[2023-11-21T12:33:21.111+0000] {processor.py:766} INFO - DAG(s) dict_keys(['rand_user']) retrieved from /opt/airflow/dags/predictions.py
[2023-11-21T12:33:21.400+0000] {logging_mixin.py:120} INFO - [2023-11-21T12:33:21.400+0000] {dag.py:2585} INFO - Sync 1 DAGs
[2023-11-21T12:33:21.451+0000] {logging_mixin.py:120} INFO - [2023-11-21T12:33:21.451+0000] {dag.py:3340} INFO - Setting next_dagrun for rand_user to 2023-11-21T00:00:00+00:00, run_after=2023-11-22T00:00:00+00:00
[2023-11-21T12:33:21.483+0000] {processor.py:176} INFO - Processing /opt/airflow/dags/predictions.py took 0.885 seconds
[2023-11-21T12:33:51.663+0000] {processor.py:154} INFO - Started process (PID=1262) to work on /opt/airflow/dags/predictions.py
[2023-11-21T12:33:51.665+0000] {processor.py:756} INFO - Processing file /opt/airflow/dags/predictions.py for tasks to queue
[2023-11-21T12:33:51.667+0000] {logging_mixin.py:120} INFO - [2023-11-21T12:33:51.667+0000] {dagbag.py:537} INFO - Filling up the DagBag from /opt/airflow/dags/predictions.py
[2023-11-21T12:33:52.207+0000] {processor.py:766} INFO - DAG(s) dict_keys(['rand_user']) retrieved from /opt/airflow/dags/predictions.py
[2023-11-21T12:33:52.526+0000] {logging_mixin.py:120} INFO - [2023-11-21T12:33:52.525+0000] {dag.py:2585} INFO - Sync 1 DAGs
[2023-11-21T12:33:52.577+0000] {logging_mixin.py:120} INFO - [2023-11-21T12:33:52.577+0000] {dag.py:3340} INFO - Setting next_dagrun for rand_user to 2023-11-21T00:00:00+00:00, run_after=2023-11-22T00:00:00+00:00
[2023-11-21T12:33:52.613+0000] {processor.py:176} INFO - Processing /opt/airflow/dags/predictions.py took 0.956 seconds
[2023-11-21T12:34:22.810+0000] {processor.py:154} INFO - Started process (PID=1291) to work on /opt/airflow/dags/predictions.py
[2023-11-21T12:34:22.813+0000] {processor.py:756} INFO - Processing file /opt/airflow/dags/predictions.py for tasks to queue
[2023-11-21T12:34:22.815+0000] {logging_mixin.py:120} INFO - [2023-11-21T12:34:22.815+0000] {dagbag.py:537} INFO - Filling up the DagBag from /opt/airflow/dags/predictions.py
[2023-11-21T12:34:23.358+0000] {processor.py:766} INFO - DAG(s) dict_keys(['rand_user']) retrieved from /opt/airflow/dags/predictions.py
[2023-11-21T12:34:23.719+0000] {logging_mixin.py:120} INFO - [2023-11-21T12:34:23.718+0000] {dag.py:2585} INFO - Sync 1 DAGs
[2023-11-21T12:34:23.769+0000] {logging_mixin.py:120} INFO - [2023-11-21T12:34:23.769+0000] {dag.py:3340} INFO - Setting next_dagrun for rand_user to 2023-11-21T00:00:00+00:00, run_after=2023-11-22T00:00:00+00:00
[2023-11-21T12:34:23.813+0000] {processor.py:176} INFO - Processing /opt/airflow/dags/predictions.py took 1.008 seconds
[2023-11-21T12:34:53.992+0000] {processor.py:154} INFO - Started process (PID=1320) to work on /opt/airflow/dags/predictions.py
[2023-11-21T12:34:53.994+0000] {processor.py:756} INFO - Processing file /opt/airflow/dags/predictions.py for tasks to queue
[2023-11-21T12:34:53.996+0000] {logging_mixin.py:120} INFO - [2023-11-21T12:34:53.995+0000] {dagbag.py:537} INFO - Filling up the DagBag from /opt/airflow/dags/predictions.py
[2023-11-21T12:34:54.606+0000] {processor.py:766} INFO - DAG(s) dict_keys(['rand_user']) retrieved from /opt/airflow/dags/predictions.py
[2023-11-21T12:34:55.050+0000] {logging_mixin.py:120} INFO - [2023-11-21T12:34:55.049+0000] {dag.py:2585} INFO - Sync 1 DAGs
[2023-11-21T12:34:55.110+0000] {logging_mixin.py:120} INFO - [2023-11-21T12:34:55.110+0000] {dag.py:3340} INFO - Setting next_dagrun for rand_user to 2023-11-21T00:00:00+00:00, run_after=2023-11-22T00:00:00+00:00
[2023-11-21T12:34:55.156+0000] {processor.py:176} INFO - Processing /opt/airflow/dags/predictions.py took 1.170 seconds
[2023-11-21T12:35:25.342+0000] {processor.py:154} INFO - Started process (PID=1340) to work on /opt/airflow/dags/predictions.py
[2023-11-21T12:35:25.344+0000] {processor.py:756} INFO - Processing file /opt/airflow/dags/predictions.py for tasks to queue
[2023-11-21T12:35:25.346+0000] {logging_mixin.py:120} INFO - [2023-11-21T12:35:25.345+0000] {dagbag.py:537} INFO - Filling up the DagBag from /opt/airflow/dags/predictions.py
[2023-11-21T12:35:25.854+0000] {processor.py:766} INFO - DAG(s) dict_keys(['rand_user']) retrieved from /opt/airflow/dags/predictions.py
[2023-11-21T12:35:26.162+0000] {logging_mixin.py:120} INFO - [2023-11-21T12:35:26.161+0000] {dag.py:2585} INFO - Sync 1 DAGs
[2023-11-21T12:35:26.208+0000] {logging_mixin.py:120} INFO - [2023-11-21T12:35:26.208+0000] {dag.py:3340} INFO - Setting next_dagrun for rand_user to 2023-11-21T00:00:00+00:00, run_after=2023-11-22T00:00:00+00:00
[2023-11-21T12:35:26.251+0000] {processor.py:176} INFO - Processing /opt/airflow/dags/predictions.py took 0.915 seconds
[2023-11-21T12:35:56.331+0000] {processor.py:154} INFO - Started process (PID=1369) to work on /opt/airflow/dags/predictions.py
[2023-11-21T12:35:56.333+0000] {processor.py:756} INFO - Processing file /opt/airflow/dags/predictions.py for tasks to queue
[2023-11-21T12:35:56.335+0000] {logging_mixin.py:120} INFO - [2023-11-21T12:35:56.335+0000] {dagbag.py:537} INFO - Filling up the DagBag from /opt/airflow/dags/predictions.py
[2023-11-21T12:35:56.829+0000] {processor.py:766} INFO - DAG(s) dict_keys(['rand_user']) retrieved from /opt/airflow/dags/predictions.py
[2023-11-21T12:35:57.162+0000] {logging_mixin.py:120} INFO - [2023-11-21T12:35:57.161+0000] {dag.py:2585} INFO - Sync 1 DAGs
[2023-11-21T12:35:57.211+0000] {logging_mixin.py:120} INFO - [2023-11-21T12:35:57.211+0000] {dag.py:3340} INFO - Setting next_dagrun for rand_user to 2023-11-21T00:00:00+00:00, run_after=2023-11-22T00:00:00+00:00
[2023-11-21T12:35:57.256+0000] {processor.py:176} INFO - Processing /opt/airflow/dags/predictions.py took 0.931 seconds
[2023-11-21T12:36:27.450+0000] {processor.py:154} INFO - Started process (PID=1389) to work on /opt/airflow/dags/predictions.py
[2023-11-21T12:36:27.451+0000] {processor.py:756} INFO - Processing file /opt/airflow/dags/predictions.py for tasks to queue
[2023-11-21T12:36:27.454+0000] {logging_mixin.py:120} INFO - [2023-11-21T12:36:27.453+0000] {dagbag.py:537} INFO - Filling up the DagBag from /opt/airflow/dags/predictions.py
[2023-11-21T12:36:27.931+0000] {processor.py:766} INFO - DAG(s) dict_keys(['rand_user']) retrieved from /opt/airflow/dags/predictions.py
[2023-11-21T12:36:28.228+0000] {logging_mixin.py:120} INFO - [2023-11-21T12:36:28.227+0000] {dag.py:2585} INFO - Sync 1 DAGs
[2023-11-21T12:36:28.277+0000] {logging_mixin.py:120} INFO - [2023-11-21T12:36:28.277+0000] {dag.py:3340} INFO - Setting next_dagrun for rand_user to 2023-11-21T00:00:00+00:00, run_after=2023-11-22T00:00:00+00:00
[2023-11-21T12:36:28.319+0000] {processor.py:176} INFO - Processing /opt/airflow/dags/predictions.py took 0.875 seconds
[2023-11-21T12:36:58.504+0000] {processor.py:154} INFO - Started process (PID=1418) to work on /opt/airflow/dags/predictions.py
[2023-11-21T12:36:58.506+0000] {processor.py:756} INFO - Processing file /opt/airflow/dags/predictions.py for tasks to queue
[2023-11-21T12:36:58.508+0000] {logging_mixin.py:120} INFO - [2023-11-21T12:36:58.507+0000] {dagbag.py:537} INFO - Filling up the DagBag from /opt/airflow/dags/predictions.py
[2023-11-21T12:36:58.982+0000] {processor.py:766} INFO - DAG(s) dict_keys(['rand_user']) retrieved from /opt/airflow/dags/predictions.py
[2023-11-21T12:36:59.297+0000] {logging_mixin.py:120} INFO - [2023-11-21T12:36:59.296+0000] {dag.py:2585} INFO - Sync 1 DAGs
[2023-11-21T12:36:59.353+0000] {logging_mixin.py:120} INFO - [2023-11-21T12:36:59.353+0000] {dag.py:3340} INFO - Setting next_dagrun for rand_user to 2023-11-21T00:00:00+00:00, run_after=2023-11-22T00:00:00+00:00
[2023-11-21T12:36:59.388+0000] {processor.py:176} INFO - Processing /opt/airflow/dags/predictions.py took 0.890 seconds
[2023-11-21T12:37:29.573+0000] {processor.py:154} INFO - Started process (PID=1438) to work on /opt/airflow/dags/predictions.py
[2023-11-21T12:37:29.575+0000] {processor.py:756} INFO - Processing file /opt/airflow/dags/predictions.py for tasks to queue
[2023-11-21T12:37:29.577+0000] {logging_mixin.py:120} INFO - [2023-11-21T12:37:29.577+0000] {dagbag.py:537} INFO - Filling up the DagBag from /opt/airflow/dags/predictions.py
[2023-11-21T12:37:30.060+0000] {processor.py:766} INFO - DAG(s) dict_keys(['rand_user']) retrieved from /opt/airflow/dags/predictions.py
[2023-11-21T12:37:30.357+0000] {logging_mixin.py:120} INFO - [2023-11-21T12:37:30.356+0000] {dag.py:2585} INFO - Sync 1 DAGs
[2023-11-21T12:37:30.404+0000] {logging_mixin.py:120} INFO - [2023-11-21T12:37:30.404+0000] {dag.py:3340} INFO - Setting next_dagrun for rand_user to 2023-11-21T00:00:00+00:00, run_after=2023-11-22T00:00:00+00:00
[2023-11-21T12:37:30.435+0000] {processor.py:176} INFO - Processing /opt/airflow/dags/predictions.py took 0.867 seconds
[2023-11-21T12:38:00.632+0000] {processor.py:154} INFO - Started process (PID=1467) to work on /opt/airflow/dags/predictions.py
[2023-11-21T12:38:00.633+0000] {processor.py:756} INFO - Processing file /opt/airflow/dags/predictions.py for tasks to queue
[2023-11-21T12:38:00.635+0000] {logging_mixin.py:120} INFO - [2023-11-21T12:38:00.635+0000] {dagbag.py:537} INFO - Filling up the DagBag from /opt/airflow/dags/predictions.py
[2023-11-21T12:38:01.098+0000] {processor.py:766} INFO - DAG(s) dict_keys(['rand_user']) retrieved from /opt/airflow/dags/predictions.py
[2023-11-21T12:38:01.415+0000] {logging_mixin.py:120} INFO - [2023-11-21T12:38:01.414+0000] {dag.py:2585} INFO - Sync 1 DAGs
[2023-11-21T12:38:01.462+0000] {logging_mixin.py:120} INFO - [2023-11-21T12:38:01.462+0000] {dag.py:3340} INFO - Setting next_dagrun for rand_user to 2023-11-21T00:00:00+00:00, run_after=2023-11-22T00:00:00+00:00
[2023-11-21T12:38:01.495+0000] {processor.py:176} INFO - Processing /opt/airflow/dags/predictions.py took 0.868 seconds
[2023-11-21T12:38:31.680+0000] {processor.py:154} INFO - Started process (PID=1496) to work on /opt/airflow/dags/predictions.py
[2023-11-21T12:38:31.682+0000] {processor.py:756} INFO - Processing file /opt/airflow/dags/predictions.py for tasks to queue
[2023-11-21T12:38:31.685+0000] {logging_mixin.py:120} INFO - [2023-11-21T12:38:31.685+0000] {dagbag.py:537} INFO - Filling up the DagBag from /opt/airflow/dags/predictions.py
[2023-11-21T12:38:32.180+0000] {processor.py:766} INFO - DAG(s) dict_keys(['rand_user']) retrieved from /opt/airflow/dags/predictions.py
[2023-11-21T12:38:32.483+0000] {logging_mixin.py:120} INFO - [2023-11-21T12:38:32.482+0000] {dag.py:2585} INFO - Sync 1 DAGs
[2023-11-21T12:38:32.534+0000] {logging_mixin.py:120} INFO - [2023-11-21T12:38:32.534+0000] {dag.py:3340} INFO - Setting next_dagrun for rand_user to 2023-11-21T00:00:00+00:00, run_after=2023-11-22T00:00:00+00:00
[2023-11-21T12:38:32.575+0000] {processor.py:176} INFO - Processing /opt/airflow/dags/predictions.py took 0.901 seconds
[2023-11-21T12:39:02.760+0000] {processor.py:154} INFO - Started process (PID=1516) to work on /opt/airflow/dags/predictions.py
[2023-11-21T12:39:02.761+0000] {processor.py:756} INFO - Processing file /opt/airflow/dags/predictions.py for tasks to queue
[2023-11-21T12:39:02.764+0000] {logging_mixin.py:120} INFO - [2023-11-21T12:39:02.763+0000] {dagbag.py:537} INFO - Filling up the DagBag from /opt/airflow/dags/predictions.py
[2023-11-21T12:39:03.252+0000] {processor.py:766} INFO - DAG(s) dict_keys(['rand_user']) retrieved from /opt/airflow/dags/predictions.py
[2023-11-21T12:39:03.552+0000] {logging_mixin.py:120} INFO - [2023-11-21T12:39:03.551+0000] {dag.py:2585} INFO - Sync 1 DAGs
[2023-11-21T12:39:03.597+0000] {logging_mixin.py:120} INFO - [2023-11-21T12:39:03.597+0000] {dag.py:3340} INFO - Setting next_dagrun for rand_user to 2023-11-21T00:00:00+00:00, run_after=2023-11-22T00:00:00+00:00
[2023-11-21T12:39:03.637+0000] {processor.py:176} INFO - Processing /opt/airflow/dags/predictions.py took 0.883 seconds
