[2023-11-23T06:28:56.776+0000] {taskinstance.py:1165} INFO - Dependencies all met for <TaskInstance: rand_user.is_api_available manual__2023-11-23T06:28:54.578568+00:00 [queued]>
[2023-11-23T06:28:56.791+0000] {taskinstance.py:1165} INFO - Dependencies all met for <TaskInstance: rand_user.is_api_available manual__2023-11-23T06:28:54.578568+00:00 [queued]>
[2023-11-23T06:28:56.792+0000] {taskinstance.py:1362} INFO - 
--------------------------------------------------------------------------------
[2023-11-23T06:28:56.792+0000] {taskinstance.py:1363} INFO - Starting attempt 1 of 3
[2023-11-23T06:28:56.792+0000] {taskinstance.py:1364} INFO - 
--------------------------------------------------------------------------------
[2023-11-23T06:28:56.830+0000] {taskinstance.py:1383} INFO - Executing <Task(HttpSensor): is_api_available> on 2023-11-23 06:28:54.578568+00:00
[2023-11-23T06:28:56.852+0000] {standard_task_runner.py:55} INFO - Started process 7002 to run task
[2023-11-23T06:28:56.872+0000] {standard_task_runner.py:82} INFO - Running: ['***', 'tasks', 'run', 'rand_user', 'is_api_available', 'manual__2023-11-23T06:28:54.578568+00:00', '--job-id', '485', '--raw', '--subdir', 'DAGS_FOLDER/predictions.py', '--cfg-path', '/tmp/tmp43_gnhsx']
[2023-11-23T06:28:56.881+0000] {standard_task_runner.py:83} INFO - Job 485: Subtask is_api_available
[2023-11-23T06:28:57.220+0000] {task_command.py:376} INFO - Running <TaskInstance: rand_user.is_api_available manual__2023-11-23T06:28:54.578568+00:00 [running]> on host f71f95879a41
[2023-11-23T06:28:57.646+0000] {taskinstance.py:1592} INFO - Exporting the following env vars:
AIRFLOW_CTX_DAG_OWNER=Gaurav
AIRFLOW_CTX_DAG_ID=rand_user
AIRFLOW_CTX_TASK_ID=is_api_available
AIRFLOW_CTX_EXECUTION_DATE=2023-11-23T06:28:54.578568+00:00
AIRFLOW_CTX_TRY_NUMBER=1
AIRFLOW_CTX_DAG_RUN_ID=manual__2023-11-23T06:28:54.578568+00:00
[2023-11-23T06:28:57.652+0000] {http.py:120} INFO - Poking: api/
[2023-11-23T06:28:57.699+0000] {base.py:71} INFO - Using connection ID 'rand_user_api' for task execution.
[2023-11-23T06:28:57.708+0000] {http.py:148} INFO - Sending 'GET' to url: https://randomuser.me/api/
[2023-11-23T06:28:58.335+0000] {base.py:213} INFO - Success criteria met. Exiting.
[2023-11-23T06:28:58.395+0000] {taskinstance.py:1406} INFO - Marking task as SUCCESS. dag_id=rand_user, task_id=is_api_available, execution_date=20231123T062854, start_date=20231123T062856, end_date=20231123T062858
[2023-11-23T06:28:58.488+0000] {local_task_job.py:164} INFO - Task exited with return code 0
[2023-11-23T06:28:58.696+0000] {local_task_job.py:273} INFO - 1 downstream tasks scheduled from follow-on schedule check
