[2023-11-10T05:10:45.478+0000] {taskinstance.py:1165} INFO - Dependencies all met for <TaskInstance: US_population.is_api_available manual__2023-11-10T05:10:41.320479+00:00 [queued]>
[2023-11-10T05:10:45.496+0000] {taskinstance.py:1165} INFO - Dependencies all met for <TaskInstance: US_population.is_api_available manual__2023-11-10T05:10:41.320479+00:00 [queued]>
[2023-11-10T05:10:45.497+0000] {taskinstance.py:1362} INFO - 
--------------------------------------------------------------------------------
[2023-11-10T05:10:45.497+0000] {taskinstance.py:1363} INFO - Starting attempt 1 of 3
[2023-11-10T05:10:45.498+0000] {taskinstance.py:1364} INFO - 
--------------------------------------------------------------------------------
[2023-11-10T05:10:45.526+0000] {taskinstance.py:1383} INFO - Executing <Task(HttpSensor): is_api_available> on 2023-11-10 05:10:41.320479+00:00
[2023-11-10T05:10:45.536+0000] {standard_task_runner.py:55} INFO - Started process 2608 to run task
[2023-11-10T05:10:45.544+0000] {standard_task_runner.py:82} INFO - Running: ['***', 'tasks', 'run', 'US_population', 'is_api_available', 'manual__2023-11-10T05:10:41.320479+00:00', '--job-id', '107', '--raw', '--subdir', 'DAGS_FOLDER/predictions.py', '--cfg-path', '/tmp/tmpuu88m797']
[2023-11-10T05:10:45.548+0000] {standard_task_runner.py:83} INFO - Job 107: Subtask is_api_available
[2023-11-10T05:10:45.658+0000] {task_command.py:376} INFO - Running <TaskInstance: US_population.is_api_available manual__2023-11-10T05:10:41.320479+00:00 [running]> on host 91f7624ceef9
[2023-11-10T05:10:45.784+0000] {taskinstance.py:1592} INFO - Exporting the following env vars:
AIRFLOW_CTX_DAG_OWNER=Gaurav
AIRFLOW_CTX_DAG_ID=US_population
AIRFLOW_CTX_TASK_ID=is_api_available
AIRFLOW_CTX_EXECUTION_DATE=2023-11-10T05:10:41.320479+00:00
AIRFLOW_CTX_TRY_NUMBER=1
AIRFLOW_CTX_DAG_RUN_ID=manual__2023-11-10T05:10:41.320479+00:00
[2023-11-10T05:10:45.786+0000] {http.py:120} INFO - Poking: api/
[2023-11-10T05:10:45.802+0000] {base.py:71} INFO - Using connection ID 'us_population_API' for task execution.
[2023-11-10T05:10:45.805+0000] {http.py:148} INFO - Sending 'GET' to url: https://datausa.io/api/data?drilldowns=Nation&measures=Population/api/
[2023-11-10T05:10:47.145+0000] {base.py:213} INFO - Success criteria met. Exiting.
[2023-11-10T05:10:47.163+0000] {taskinstance.py:1406} INFO - Marking task as SUCCESS. dag_id=US_population, task_id=is_api_available, execution_date=20231110T051041, start_date=20231110T051045, end_date=20231110T051047
[2023-11-10T05:10:47.242+0000] {local_task_job.py:164} INFO - Task exited with return code 0
[2023-11-10T05:10:47.315+0000] {local_task_job.py:273} INFO - 1 downstream tasks scheduled from follow-on schedule check
