[2023-11-10T11:40:30.948+0000] {taskinstance.py:1165} INFO - Dependencies all met for <TaskInstance: rand_user.process_user manual__2023-11-10T11:40:24.560849+00:00 [queued]>
[2023-11-10T11:40:30.963+0000] {taskinstance.py:1165} INFO - Dependencies all met for <TaskInstance: rand_user.process_user manual__2023-11-10T11:40:24.560849+00:00 [queued]>
[2023-11-10T11:40:30.964+0000] {taskinstance.py:1362} INFO - 
--------------------------------------------------------------------------------
[2023-11-10T11:40:30.964+0000] {taskinstance.py:1363} INFO - Starting attempt 1 of 3
[2023-11-10T11:40:30.965+0000] {taskinstance.py:1364} INFO - 
--------------------------------------------------------------------------------
[2023-11-10T11:40:30.986+0000] {taskinstance.py:1383} INFO - Executing <Task(PythonOperator): process_user> on 2023-11-10 11:40:24.560849+00:00
[2023-11-10T11:40:30.994+0000] {standard_task_runner.py:55} INFO - Started process 7108 to run task
[2023-11-10T11:40:30.999+0000] {standard_task_runner.py:82} INFO - Running: ['***', 'tasks', 'run', 'rand_user', 'process_user', 'manual__2023-11-10T11:40:24.560849+00:00', '--job-id', '242', '--raw', '--subdir', 'DAGS_FOLDER/predictions.py', '--cfg-path', '/tmp/tmpx4wcgb89']
[2023-11-10T11:40:31.001+0000] {standard_task_runner.py:83} INFO - Job 242: Subtask process_user
[2023-11-10T11:40:31.072+0000] {task_command.py:376} INFO - Running <TaskInstance: rand_user.process_user manual__2023-11-10T11:40:24.560849+00:00 [running]> on host 91f7624ceef9
[2023-11-10T11:40:31.149+0000] {taskinstance.py:1592} INFO - Exporting the following env vars:
AIRFLOW_CTX_DAG_OWNER=Gaurav
AIRFLOW_CTX_DAG_ID=rand_user
AIRFLOW_CTX_TASK_ID=process_user
AIRFLOW_CTX_EXECUTION_DATE=2023-11-10T11:40:24.560849+00:00
AIRFLOW_CTX_TRY_NUMBER=1
AIRFLOW_CTX_DAG_RUN_ID=manual__2023-11-10T11:40:24.560849+00:00
[2023-11-10T11:40:31.169+0000] {python.py:177} INFO - Done. Returned value was: None
[2023-11-10T11:40:31.180+0000] {taskinstance.py:1406} INFO - Marking task as SUCCESS. dag_id=rand_user, task_id=process_user, execution_date=20231110T114024, start_date=20231110T114030, end_date=20231110T114031
[2023-11-10T11:40:31.210+0000] {local_task_job.py:164} INFO - Task exited with return code 0
[2023-11-10T11:40:31.241+0000] {local_task_job.py:273} INFO - 1 downstream tasks scheduled from follow-on schedule check
