[2023-11-22T06:32:25.830+0000] {taskinstance.py:1165} INFO - Dependencies all met for <TaskInstance: rand_user.store_user manual__2023-11-22T06:30:09.809758+00:00 [queued]>
[2023-11-22T06:32:25.848+0000] {taskinstance.py:1165} INFO - Dependencies all met for <TaskInstance: rand_user.store_user manual__2023-11-22T06:30:09.809758+00:00 [queued]>
[2023-11-22T06:32:25.849+0000] {taskinstance.py:1362} INFO - 
--------------------------------------------------------------------------------
[2023-11-22T06:32:25.849+0000] {taskinstance.py:1363} INFO - Starting attempt 3 of 3
[2023-11-22T06:32:25.849+0000] {taskinstance.py:1364} INFO - 
--------------------------------------------------------------------------------
[2023-11-22T06:32:25.875+0000] {taskinstance.py:1383} INFO - Executing <Task(PythonOperator): store_user> on 2023-11-22 06:30:09.809758+00:00
[2023-11-22T06:32:25.885+0000] {standard_task_runner.py:55} INFO - Started process 951 to run task
[2023-11-22T06:32:25.893+0000] {standard_task_runner.py:82} INFO - Running: ['***', 'tasks', 'run', 'rand_user', 'store_user', 'manual__2023-11-22T06:30:09.809758+00:00', '--job-id', '30', '--raw', '--subdir', 'DAGS_FOLDER/predictions.py', '--cfg-path', '/tmp/tmpv0itzslc']
[2023-11-22T06:32:25.897+0000] {standard_task_runner.py:83} INFO - Job 30: Subtask store_user
[2023-11-22T06:32:26.015+0000] {task_command.py:376} INFO - Running <TaskInstance: rand_user.store_user manual__2023-11-22T06:30:09.809758+00:00 [running]> on host e4a6f7cdd654
[2023-11-22T06:32:26.138+0000] {taskinstance.py:1592} INFO - Exporting the following env vars:
AIRFLOW_CTX_DAG_OWNER=Gaurav
AIRFLOW_CTX_DAG_ID=rand_user
AIRFLOW_CTX_TASK_ID=store_user
AIRFLOW_CTX_EXECUTION_DATE=2023-11-22T06:30:09.809758+00:00
AIRFLOW_CTX_TRY_NUMBER=3
AIRFLOW_CTX_DAG_RUN_ID=manual__2023-11-22T06:30:09.809758+00:00
[2023-11-22T06:32:26.140+0000] {postgres.py:129} INFO - Running copy expert: COPY rand_users FROM stdin WITH DELIMITER as ',', filename: /tmp/processed_user.csv
[2023-11-22T06:32:26.155+0000] {base.py:71} INFO - Using connection ID 'source_db_***' for task execution.
[2023-11-22T06:32:26.167+0000] {taskinstance.py:1851} ERROR - Task failed with exception
Traceback (most recent call last):
  File "/home/airflow/.local/lib/python3.7/site-packages/airflow/operators/python.py", line 175, in execute
    return_value = self.execute_callable()
  File "/home/airflow/.local/lib/python3.7/site-packages/airflow/operators/python.py", line 193, in execute_callable
    return self.python_callable(*self.op_args, **self.op_kwargs)
  File "/opt/airflow/dags/predictions.py", line 39, in _store_user
    filename='/tmp/processed_user.csv'
  File "/home/airflow/.local/lib/python3.7/site-packages/airflow/providers/postgres/hooks/postgres.py", line 137, in copy_expert
    cur.copy_expert(sql, file)
psycopg2.errors.BadCopyFileFormat: missing data for column "age"
CONTEXT:  COPY rand_users, line 1: "male,Mr,Eino,Halla,Finland,bigsnake944,mykids,eino.halla@example.com,44"

[2023-11-22T06:32:26.182+0000] {taskinstance.py:1406} INFO - Marking task as FAILED. dag_id=rand_user, task_id=store_user, execution_date=20231122T063009, start_date=20231122T063225, end_date=20231122T063226
[2023-11-22T06:32:26.200+0000] {standard_task_runner.py:105} ERROR - Failed to execute job 30 for task store_user (missing data for column "age"
CONTEXT:  COPY rand_users, line 1: "male,Mr,Eino,Halla,Finland,bigsnake944,mykids,eino.halla@example.com,44"
; 951)
[2023-11-22T06:32:26.223+0000] {local_task_job.py:164} INFO - Task exited with return code 1
[2023-11-22T06:32:26.268+0000] {local_task_job.py:273} INFO - 0 downstream tasks scheduled from follow-on schedule check
