[2023-11-13T10:13:49.796+0000] {taskinstance.py:1165} INFO - Dependencies all met for <TaskInstance: rand_user.upload_data_source manual__2023-11-13T10:13:38.870919+00:00 [queued]>
[2023-11-13T10:13:49.807+0000] {taskinstance.py:1165} INFO - Dependencies all met for <TaskInstance: rand_user.upload_data_source manual__2023-11-13T10:13:38.870919+00:00 [queued]>
[2023-11-13T10:13:49.808+0000] {taskinstance.py:1362} INFO - 
--------------------------------------------------------------------------------
[2023-11-13T10:13:49.808+0000] {taskinstance.py:1363} INFO - Starting attempt 1 of 3
[2023-11-13T10:13:49.808+0000] {taskinstance.py:1364} INFO - 
--------------------------------------------------------------------------------
[2023-11-13T10:13:49.825+0000] {taskinstance.py:1383} INFO - Executing <Task(GenericTransfer): upload_data_source> on 2023-11-13 10:13:38.870919+00:00
[2023-11-13T10:13:49.832+0000] {standard_task_runner.py:55} INFO - Started process 1560 to run task
[2023-11-13T10:13:49.836+0000] {standard_task_runner.py:82} INFO - Running: ['***', 'tasks', 'run', 'rand_user', 'upload_data_source', 'manual__2023-11-13T10:13:38.870919+00:00', '--job-id', '386', '--raw', '--subdir', 'DAGS_FOLDER/predictions.py', '--cfg-path', '/tmp/tmpupckhegc']
[2023-11-13T10:13:49.838+0000] {standard_task_runner.py:83} INFO - Job 386: Subtask upload_data_source
[2023-11-13T10:13:49.904+0000] {task_command.py:376} INFO - Running <TaskInstance: rand_user.upload_data_source manual__2023-11-13T10:13:38.870919+00:00 [running]> on host 91f7624ceef9
[2023-11-13T10:13:49.981+0000] {taskinstance.py:1592} INFO - Exporting the following env vars:
AIRFLOW_CTX_DAG_OWNER=Gaurav
AIRFLOW_CTX_DAG_ID=rand_user
AIRFLOW_CTX_TASK_ID=upload_data_source
AIRFLOW_CTX_EXECUTION_DATE=2023-11-13T10:13:38.870919+00:00
AIRFLOW_CTX_TRY_NUMBER=1
AIRFLOW_CTX_DAG_RUN_ID=manual__2023-11-13T10:13:38.870919+00:00
[2023-11-13T10:13:49.991+0000] {base.py:71} INFO - Using connection ID 'postgres' for task execution.
[2023-11-13T10:13:50.183+0000] {base.py:71} INFO - Using connection ID 'source_db_***' for task execution.
[2023-11-13T10:13:50.396+0000] {generic_transfer.py:76} INFO - Extracting data from postgres
[2023-11-13T10:13:50.397+0000] {generic_transfer.py:77} INFO - Executing: 
 SELECT * FROM rand_users
[2023-11-13T10:13:50.405+0000] {base.py:71} INFO - Using connection ID 'postgres' for task execution.
[2023-11-13T10:13:50.410+0000] {generic_transfer.py:94} INFO - Running preoperator
[2023-11-13T10:13:50.411+0000] {generic_transfer.py:95} INFO - TRUNCATE TABLE rand_users
[2023-11-13T10:13:50.419+0000] {base.py:71} INFO - Using connection ID 'source_db_***' for task execution.
[2023-11-13T10:13:50.426+0000] {sql.py:315} INFO - Running statement: TRUNCATE TABLE rand_users, parameters: None
[2023-11-13T10:13:50.440+0000] {generic_transfer.py:104} INFO - Inserting rows into source_db_***
[2023-11-13T10:13:50.448+0000] {base.py:71} INFO - Using connection ID 'source_db_***' for task execution.
[2023-11-13T10:13:50.476+0000] {sql.py:415} INFO - Done loading. Loaded a total of 24 rows
[2023-11-13T10:13:50.488+0000] {taskinstance.py:1406} INFO - Marking task as SUCCESS. dag_id=rand_user, task_id=upload_data_source, execution_date=20231113T101338, start_date=20231113T101349, end_date=20231113T101350
[2023-11-13T10:13:50.528+0000] {local_task_job.py:164} INFO - Task exited with return code 0
[2023-11-13T10:13:50.557+0000] {local_task_job.py:273} INFO - 1 downstream tasks scheduled from follow-on schedule check
