[2023-11-13T11:11:30.730+0000] {taskinstance.py:1165} INFO - Dependencies all met for <TaskInstance: rand_user.store_user manual__2023-11-13T11:11:23.436609+00:00 [queued]>
[2023-11-13T11:11:30.745+0000] {taskinstance.py:1165} INFO - Dependencies all met for <TaskInstance: rand_user.store_user manual__2023-11-13T11:11:23.436609+00:00 [queued]>
[2023-11-13T11:11:30.745+0000] {taskinstance.py:1362} INFO - 
--------------------------------------------------------------------------------
[2023-11-13T11:11:30.746+0000] {taskinstance.py:1363} INFO - Starting attempt 1 of 3
[2023-11-13T11:11:30.746+0000] {taskinstance.py:1364} INFO - 
--------------------------------------------------------------------------------
[2023-11-13T11:11:30.765+0000] {taskinstance.py:1383} INFO - Executing <Task(PythonOperator): store_user> on 2023-11-13 11:11:23.436609+00:00
[2023-11-13T11:11:30.773+0000] {standard_task_runner.py:55} INFO - Started process 4341 to run task
[2023-11-13T11:11:30.778+0000] {standard_task_runner.py:82} INFO - Running: ['***', 'tasks', 'run', 'rand_user', 'store_user', 'manual__2023-11-13T11:11:23.436609+00:00', '--job-id', '400', '--raw', '--subdir', 'DAGS_FOLDER/predictions.py', '--cfg-path', '/tmp/tmpu__efr1x']
[2023-11-13T11:11:30.781+0000] {standard_task_runner.py:83} INFO - Job 400: Subtask store_user
[2023-11-13T11:11:30.851+0000] {task_command.py:376} INFO - Running <TaskInstance: rand_user.store_user manual__2023-11-13T11:11:23.436609+00:00 [running]> on host 91f7624ceef9
[2023-11-13T11:11:30.929+0000] {taskinstance.py:1592} INFO - Exporting the following env vars:
AIRFLOW_CTX_DAG_OWNER=Gaurav
AIRFLOW_CTX_DAG_ID=rand_user
AIRFLOW_CTX_TASK_ID=store_user
AIRFLOW_CTX_EXECUTION_DATE=2023-11-13T11:11:23.436609+00:00
AIRFLOW_CTX_TRY_NUMBER=1
AIRFLOW_CTX_DAG_RUN_ID=manual__2023-11-13T11:11:23.436609+00:00
[2023-11-13T11:11:30.931+0000] {postgres.py:129} INFO - Running copy expert: COPY rand_users FROM stdin WITH DELIMITER as ',', filename: /tmp/processed_user.csv
[2023-11-13T11:11:30.943+0000] {base.py:71} INFO - Using connection ID 'postgres' for task execution.
[2023-11-13T11:11:30.951+0000] {python.py:177} INFO - Done. Returned value was: None
[2023-11-13T11:11:30.963+0000] {taskinstance.py:1406} INFO - Marking task as SUCCESS. dag_id=rand_user, task_id=store_user, execution_date=20231113T111123, start_date=20231113T111130, end_date=20231113T111130
[2023-11-13T11:11:30.989+0000] {local_task_job.py:164} INFO - Task exited with return code 0
[2023-11-13T11:11:31.021+0000] {local_task_job.py:273} INFO - 1 downstream tasks scheduled from follow-on schedule check
