[2023-11-23T05:26:56.111+0000] {taskinstance.py:1165} INFO - Dependencies all met for <TaskInstance: rand_user.process_user manual__2023-11-23T05:26:47.923275+00:00 [queued]>
[2023-11-23T05:26:56.122+0000] {taskinstance.py:1165} INFO - Dependencies all met for <TaskInstance: rand_user.process_user manual__2023-11-23T05:26:47.923275+00:00 [queued]>
[2023-11-23T05:26:56.123+0000] {taskinstance.py:1362} INFO - 
--------------------------------------------------------------------------------
[2023-11-23T05:26:56.123+0000] {taskinstance.py:1363} INFO - Starting attempt 1 of 3
[2023-11-23T05:26:56.123+0000] {taskinstance.py:1364} INFO - 
--------------------------------------------------------------------------------
[2023-11-23T05:26:56.139+0000] {taskinstance.py:1383} INFO - Executing <Task(PythonOperator): process_user> on 2023-11-23 05:26:47.923275+00:00
[2023-11-23T05:26:56.145+0000] {standard_task_runner.py:55} INFO - Started process 3756 to run task
[2023-11-23T05:26:56.150+0000] {standard_task_runner.py:82} INFO - Running: ['***', 'tasks', 'run', 'rand_user', 'process_user', 'manual__2023-11-23T05:26:47.923275+00:00', '--job-id', '372', '--raw', '--subdir', 'DAGS_FOLDER/predictions.py', '--cfg-path', '/tmp/tmp2os05fou']
[2023-11-23T05:26:56.152+0000] {standard_task_runner.py:83} INFO - Job 372: Subtask process_user
[2023-11-23T05:26:56.217+0000] {task_command.py:376} INFO - Running <TaskInstance: rand_user.process_user manual__2023-11-23T05:26:47.923275+00:00 [running]> on host f71f95879a41
[2023-11-23T05:26:56.290+0000] {taskinstance.py:1592} INFO - Exporting the following env vars:
AIRFLOW_CTX_DAG_OWNER=Gaurav
AIRFLOW_CTX_DAG_ID=rand_user
AIRFLOW_CTX_TASK_ID=process_user
AIRFLOW_CTX_EXECUTION_DATE=2023-11-23T05:26:47.923275+00:00
AIRFLOW_CTX_TRY_NUMBER=1
AIRFLOW_CTX_DAG_RUN_ID=manual__2023-11-23T05:26:47.923275+00:00
[2023-11-23T05:26:56.309+0000] {python.py:177} INFO - Done. Returned value was: None
[2023-11-23T05:26:56.319+0000] {taskinstance.py:1406} INFO - Marking task as SUCCESS. dag_id=rand_user, task_id=process_user, execution_date=20231123T052647, start_date=20231123T052656, end_date=20231123T052656
[2023-11-23T05:26:56.360+0000] {local_task_job.py:164} INFO - Task exited with return code 0
[2023-11-23T05:26:56.395+0000] {local_task_job.py:273} INFO - 1 downstream tasks scheduled from follow-on schedule check
