[2023-11-23T04:27:45.974+0000] {taskinstance.py:1165} INFO - Dependencies all met for <TaskInstance: rand_user.extract_user manual__2023-11-23T04:27:41.562486+00:00 [queued]>
[2023-11-23T04:27:45.989+0000] {taskinstance.py:1165} INFO - Dependencies all met for <TaskInstance: rand_user.extract_user manual__2023-11-23T04:27:41.562486+00:00 [queued]>
[2023-11-23T04:27:45.990+0000] {taskinstance.py:1362} INFO - 
--------------------------------------------------------------------------------
[2023-11-23T04:27:45.990+0000] {taskinstance.py:1363} INFO - Starting attempt 1 of 3
[2023-11-23T04:27:45.991+0000] {taskinstance.py:1364} INFO - 
--------------------------------------------------------------------------------
[2023-11-23T04:27:46.011+0000] {taskinstance.py:1383} INFO - Executing <Task(SimpleHttpOperator): extract_user> on 2023-11-23 04:27:41.562486+00:00
[2023-11-23T04:27:46.019+0000] {standard_task_runner.py:55} INFO - Started process 684 to run task
[2023-11-23T04:27:46.024+0000] {standard_task_runner.py:82} INFO - Running: ['***', 'tasks', 'run', 'rand_user', 'extract_user', 'manual__2023-11-23T04:27:41.562486+00:00', '--job-id', '275', '--raw', '--subdir', 'DAGS_FOLDER/predictions.py', '--cfg-path', '/tmp/tmp_dqh7wil']
[2023-11-23T04:27:46.026+0000] {standard_task_runner.py:83} INFO - Job 275: Subtask extract_user
[2023-11-23T04:27:46.094+0000] {task_command.py:376} INFO - Running <TaskInstance: rand_user.extract_user manual__2023-11-23T04:27:41.562486+00:00 [running]> on host f71f95879a41
[2023-11-23T04:27:46.168+0000] {taskinstance.py:1592} INFO - Exporting the following env vars:
AIRFLOW_CTX_DAG_OWNER=Gaurav
AIRFLOW_CTX_DAG_ID=rand_user
AIRFLOW_CTX_TASK_ID=extract_user
AIRFLOW_CTX_EXECUTION_DATE=2023-11-23T04:27:41.562486+00:00
AIRFLOW_CTX_TRY_NUMBER=1
AIRFLOW_CTX_DAG_RUN_ID=manual__2023-11-23T04:27:41.562486+00:00
[2023-11-23T04:27:46.169+0000] {http.py:121} INFO - Calling HTTP method
[2023-11-23T04:27:46.181+0000] {base.py:71} INFO - Using connection ID 'rand_user_api' for task execution.
[2023-11-23T04:27:46.183+0000] {http.py:148} INFO - Sending 'GET' to url: https://randomuser.me/api/
[2023-11-23T04:27:46.585+0000] {http.py:125} INFO - {"results":[{"gender":"female","name":{"title":"Mrs","first":"Ananya","last":"Bhardwaj"},"location":{"street":{"number":4210,"name":"Rani No Hajiro"},"city":"Dhanbad","state":"Punjab","country":"India","postcode":45629,"coordinates":{"latitude":"11.0141","longitude":"11.7699"},"timezone":{"offset":"-12:00","description":"Eniwetok, Kwajalein"}},"email":"ananya.bhardwaj@example.com","login":{"uuid":"12506b4c-675f-4b19-95be-39000f818a47","username":"whiteduck623","password":"pigeon","salt":"Cu0RhKZu","md5":"c3e7402db30f1231da245670291c4886","sha1":"79ed26f01811cb78de0414808867cfb866dc9a4d","sha256":"a455ec0ad18d5c0208bd87e777b5a120de78cc75c8e1b3c72d888144163aa49a"},"dob":{"date":"1947-11-24T18:59:36.738Z","age":75},"registered":{"date":"2003-05-31T18:53:50.040Z","age":20},"phone":"9515624409","cell":"9453936223","id":{"name":"UIDAI","value":"309243361871"},"picture":{"large":"https://randomuser.me/api/portraits/women/3.jpg","medium":"https://randomuser.me/api/portraits/med/women/3.jpg","thumbnail":"https://randomuser.me/api/portraits/thumb/women/3.jpg"},"nat":"IN"}],"info":{"seed":"455c0ee03a643316","results":1,"page":1,"version":"1.4"}}
[2023-11-23T04:27:46.629+0000] {taskinstance.py:1406} INFO - Marking task as SUCCESS. dag_id=rand_user, task_id=extract_user, execution_date=20231123T042741, start_date=20231123T042745, end_date=20231123T042746
[2023-11-23T04:27:46.676+0000] {local_task_job.py:164} INFO - Task exited with return code 0
[2023-11-23T04:27:46.721+0000] {local_task_job.py:273} INFO - 1 downstream tasks scheduled from follow-on schedule check
