[2023-11-22T05:29:23.289+0000] {taskinstance.py:1165} INFO - Dependencies all met for <TaskInstance: rand_user.extract_user manual__2023-11-22T05:29:16.163503+00:00 [queued]>
[2023-11-22T05:29:23.313+0000] {taskinstance.py:1165} INFO - Dependencies all met for <TaskInstance: rand_user.extract_user manual__2023-11-22T05:29:16.163503+00:00 [queued]>
[2023-11-22T05:29:23.314+0000] {taskinstance.py:1362} INFO - 
--------------------------------------------------------------------------------
[2023-11-22T05:29:23.315+0000] {taskinstance.py:1363} INFO - Starting attempt 1 of 3
[2023-11-22T05:29:23.316+0000] {taskinstance.py:1364} INFO - 
--------------------------------------------------------------------------------
[2023-11-22T05:29:23.341+0000] {taskinstance.py:1383} INFO - Executing <Task(SimpleHttpOperator): extract_user> on 2023-11-22 05:29:16.163503+00:00
[2023-11-22T05:29:23.352+0000] {standard_task_runner.py:55} INFO - Started process 5463 to run task
[2023-11-22T05:29:23.360+0000] {standard_task_runner.py:82} INFO - Running: ['***', 'tasks', 'run', 'rand_user', 'extract_user', 'manual__2023-11-22T05:29:16.163503+00:00', '--job-id', '676', '--raw', '--subdir', 'DAGS_FOLDER/predictions.py', '--cfg-path', '/tmp/tmp2a4eac_9']
[2023-11-22T05:29:23.364+0000] {standard_task_runner.py:83} INFO - Job 676: Subtask extract_user
[2023-11-22T05:29:23.482+0000] {task_command.py:376} INFO - Running <TaskInstance: rand_user.extract_user manual__2023-11-22T05:29:16.163503+00:00 [running]> on host 91f7624ceef9
[2023-11-22T05:29:23.635+0000] {taskinstance.py:1592} INFO - Exporting the following env vars:
AIRFLOW_CTX_DAG_OWNER=Gaurav
AIRFLOW_CTX_DAG_ID=rand_user
AIRFLOW_CTX_TASK_ID=extract_user
AIRFLOW_CTX_EXECUTION_DATE=2023-11-22T05:29:16.163503+00:00
AIRFLOW_CTX_TRY_NUMBER=1
AIRFLOW_CTX_DAG_RUN_ID=manual__2023-11-22T05:29:16.163503+00:00
[2023-11-22T05:29:23.638+0000] {http.py:121} INFO - Calling HTTP method
[2023-11-22T05:29:23.663+0000] {base.py:71} INFO - Using connection ID 'rand_user' for task execution.
[2023-11-22T05:29:23.667+0000] {http.py:148} INFO - Sending 'GET' to url: https://randomuser.me/api/
[2023-11-22T05:29:24.099+0000] {http.py:125} INFO - {"results":[{"gender":"female","name":{"title":"Ms","first":"Olimpiada","last":"Bilas"},"location":{"street":{"number":4007,"name":"Gruzecka"},"city":"Radehiv","state":"Hersonska","country":"Ukraine","postcode":48255,"coordinates":{"latitude":"79.5595","longitude":"49.2280"},"timezone":{"offset":"-1:00","description":"Azores, Cape Verde Islands"}},"email":"olimpiada.bilas@example.com","login":{"uuid":"91c664bd-66dd-444d-b1e3-f82a2cc9eb04","username":"bluezebra552","password":"tyrone","salt":"y11rqYnf","md5":"116323e1eb9ce03efa2004f2e0faf416","sha1":"49a4fbaa70cb0ca5c7e119f2a61ddc29ec0a4642","sha256":"42d63b8f48f2fb488c23e1d78c7316fd3193b54a6886c2891ef3bee58a087894"},"dob":{"date":"1955-02-18T06:08:37.189Z","age":68},"registered":{"date":"2015-08-29T21:59:43.119Z","age":8},"phone":"(098) U68-7030","cell":"(097) Y20-2352","id":{"name":"","value":null},"picture":{"large":"https://randomuser.me/api/portraits/women/13.jpg","medium":"https://randomuser.me/api/portraits/med/women/13.jpg","thumbnail":"https://randomuser.me/api/portraits/thumb/women/13.jpg"},"nat":"UA"}],"info":{"seed":"9aa20d520e090f17","results":1,"page":1,"version":"1.4"}}
[2023-11-22T05:29:24.152+0000] {taskinstance.py:1406} INFO - Marking task as SUCCESS. dag_id=rand_user, task_id=extract_user, execution_date=20231122T052916, start_date=20231122T052923, end_date=20231122T052924
[2023-11-22T05:29:24.213+0000] {local_task_job.py:164} INFO - Task exited with return code 0
[2023-11-22T05:29:24.272+0000] {local_task_job.py:273} INFO - 1 downstream tasks scheduled from follow-on schedule check
