[2023-11-19T05:59:05.970+0000] {taskinstance.py:1165} INFO - Dependencies all met for <TaskInstance: rand_user.Create_table scheduled__2023-11-18T00:00:00+00:00 [queued]>
[2023-11-19T05:59:05.992+0000] {taskinstance.py:1165} INFO - Dependencies all met for <TaskInstance: rand_user.Create_table scheduled__2023-11-18T00:00:00+00:00 [queued]>
[2023-11-19T05:59:05.993+0000] {taskinstance.py:1362} INFO - 
--------------------------------------------------------------------------------
[2023-11-19T05:59:05.993+0000] {taskinstance.py:1363} INFO - Starting attempt 1 of 3
[2023-11-19T05:59:05.994+0000] {taskinstance.py:1364} INFO - 
--------------------------------------------------------------------------------
[2023-11-19T05:59:06.028+0000] {taskinstance.py:1383} INFO - Executing <Task(PostgresOperator): Create_table> on 2023-11-18 00:00:00+00:00
[2023-11-19T05:59:06.041+0000] {standard_task_runner.py:55} INFO - Started process 68 to run task
[2023-11-19T05:59:06.052+0000] {standard_task_runner.py:82} INFO - Running: ['***', 'tasks', 'run', 'rand_user', 'Create_table', 'scheduled__2023-11-18T00:00:00+00:00', '--job-id', '515', '--raw', '--subdir', 'DAGS_FOLDER/predictions.py', '--cfg-path', '/tmp/tmptba0jvtq']
[2023-11-19T05:59:06.056+0000] {standard_task_runner.py:83} INFO - Job 515: Subtask Create_table
[2023-11-19T05:59:06.228+0000] {task_command.py:376} INFO - Running <TaskInstance: rand_user.Create_table scheduled__2023-11-18T00:00:00+00:00 [running]> on host 91f7624ceef9
[2023-11-19T05:59:06.410+0000] {taskinstance.py:1592} INFO - Exporting the following env vars:
AIRFLOW_CTX_DAG_OWNER=Gaurav
AIRFLOW_CTX_DAG_ID=rand_user
AIRFLOW_CTX_TASK_ID=Create_table
AIRFLOW_CTX_EXECUTION_DATE=2023-11-18T00:00:00+00:00
AIRFLOW_CTX_TRY_NUMBER=1
AIRFLOW_CTX_DAG_RUN_ID=scheduled__2023-11-18T00:00:00+00:00
[2023-11-19T05:59:06.436+0000] {base.py:71} INFO - Using connection ID 'source_db_***' for task execution.
[2023-11-19T06:00:38.395+0000] {taskinstance.py:1851} ERROR - Task failed with exception
Traceback (most recent call last):
  File "/home/airflow/.local/lib/python3.7/site-packages/airflow/providers/postgres/operators/postgres.py", line 94, in execute
    self.hook.run(self.sql, self.autocommit, parameters=self.parameters)
  File "/home/airflow/.local/lib/python3.7/site-packages/airflow/providers/common/sql/hooks/sql.py", line 288, in run
    with closing(self.get_conn()) as conn:
  File "/home/airflow/.local/lib/python3.7/site-packages/airflow/providers/postgres/hooks/postgres.py", line 115, in get_conn
    self.conn = psycopg2.connect(**conn_args)
  File "/home/airflow/.local/lib/python3.7/site-packages/psycopg2/__init__.py", line 122, in connect
    conn = _connect(dsn, connection_factory=connection_factory, **kwasync)
psycopg2.OperationalError: connection to server at "10.226.80.35", port 5445 failed: Connection refused
	Is the server running on that host and accepting TCP/IP connections?

[2023-11-19T06:00:38.424+0000] {taskinstance.py:1406} INFO - Marking task as UP_FOR_RETRY. dag_id=rand_user, task_id=Create_table, execution_date=20231118T000000, start_date=20231119T055905, end_date=20231119T060038
[2023-11-19T06:00:38.452+0000] {standard_task_runner.py:105} ERROR - Failed to execute job 515 for task Create_table (connection to server at "10.226.80.35", port 5445 failed: Connection refused
	Is the server running on that host and accepting TCP/IP connections?
; 68)
[2023-11-19T06:00:38.493+0000] {local_task_job.py:164} INFO - Task exited with return code 1
[2023-11-19T06:00:38.558+0000] {local_task_job.py:273} INFO - 0 downstream tasks scheduled from follow-on schedule check
