[2023-11-13T10:03:01.533+0000] {taskinstance.py:1165} INFO - Dependencies all met for <TaskInstance: rand_user.is_api_available manual__2023-11-13T10:02:58.087869+00:00 [queued]>
[2023-11-13T10:03:01.549+0000] {taskinstance.py:1165} INFO - Dependencies all met for <TaskInstance: rand_user.is_api_available manual__2023-11-13T10:02:58.087869+00:00 [queued]>
[2023-11-13T10:03:01.550+0000] {taskinstance.py:1362} INFO - 
--------------------------------------------------------------------------------
[2023-11-13T10:03:01.550+0000] {taskinstance.py:1363} INFO - Starting attempt 1 of 3
[2023-11-13T10:03:01.550+0000] {taskinstance.py:1364} INFO - 
--------------------------------------------------------------------------------
[2023-11-13T10:03:01.572+0000] {taskinstance.py:1383} INFO - Executing <Task(HttpSensor): is_api_available> on 2023-11-13 10:02:58.087869+00:00
[2023-11-13T10:03:01.579+0000] {standard_task_runner.py:55} INFO - Started process 972 to run task
[2023-11-13T10:03:01.585+0000] {standard_task_runner.py:82} INFO - Running: ['***', 'tasks', 'run', 'rand_user', 'is_api_available', 'manual__2023-11-13T10:02:58.087869+00:00', '--job-id', '361', '--raw', '--subdir', 'DAGS_FOLDER/predictions.py', '--cfg-path', '/tmp/tmp16dr4rzt']
[2023-11-13T10:03:01.588+0000] {standard_task_runner.py:83} INFO - Job 361: Subtask is_api_available
[2023-11-13T10:03:01.659+0000] {task_command.py:376} INFO - Running <TaskInstance: rand_user.is_api_available manual__2023-11-13T10:02:58.087869+00:00 [running]> on host 91f7624ceef9
[2023-11-13T10:03:01.761+0000] {taskinstance.py:1592} INFO - Exporting the following env vars:
AIRFLOW_CTX_DAG_OWNER=Gaurav
AIRFLOW_CTX_DAG_ID=rand_user
AIRFLOW_CTX_TASK_ID=is_api_available
AIRFLOW_CTX_EXECUTION_DATE=2023-11-13T10:02:58.087869+00:00
AIRFLOW_CTX_TRY_NUMBER=1
AIRFLOW_CTX_DAG_RUN_ID=manual__2023-11-13T10:02:58.087869+00:00
[2023-11-13T10:03:01.762+0000] {http.py:120} INFO - Poking: api/
[2023-11-13T10:03:01.775+0000] {base.py:71} INFO - Using connection ID 'rand_user' for task execution.
[2023-11-13T10:03:01.777+0000] {http.py:148} INFO - Sending 'GET' to url: https://randomuser.me/api/
[2023-11-13T10:03:02.317+0000] {base.py:213} INFO - Success criteria met. Exiting.
[2023-11-13T10:03:02.338+0000] {taskinstance.py:1406} INFO - Marking task as SUCCESS. dag_id=rand_user, task_id=is_api_available, execution_date=20231113T100258, start_date=20231113T100301, end_date=20231113T100302
[2023-11-13T10:03:02.398+0000] {local_task_job.py:164} INFO - Task exited with return code 0
[2023-11-13T10:03:02.482+0000] {local_task_job.py:273} INFO - 1 downstream tasks scheduled from follow-on schedule check
