[2023-11-10T05:10:51.157+0000] {taskinstance.py:1165} INFO - Dependencies all met for <TaskInstance: US_population.process_user manual__2023-11-10T05:10:41.320479+00:00 [queued]>
[2023-11-10T05:10:51.183+0000] {taskinstance.py:1165} INFO - Dependencies all met for <TaskInstance: US_population.process_user manual__2023-11-10T05:10:41.320479+00:00 [queued]>
[2023-11-10T05:10:51.184+0000] {taskinstance.py:1362} INFO - 
--------------------------------------------------------------------------------
[2023-11-10T05:10:51.184+0000] {taskinstance.py:1363} INFO - Starting attempt 1 of 3
[2023-11-10T05:10:51.184+0000] {taskinstance.py:1364} INFO - 
--------------------------------------------------------------------------------
[2023-11-10T05:10:51.222+0000] {taskinstance.py:1383} INFO - Executing <Task(PythonOperator): process_user> on 2023-11-10 05:10:41.320479+00:00
[2023-11-10T05:10:51.232+0000] {standard_task_runner.py:55} INFO - Started process 2623 to run task
[2023-11-10T05:10:51.240+0000] {standard_task_runner.py:82} INFO - Running: ['***', 'tasks', 'run', 'US_population', 'process_user', 'manual__2023-11-10T05:10:41.320479+00:00', '--job-id', '109', '--raw', '--subdir', 'DAGS_FOLDER/predictions.py', '--cfg-path', '/tmp/tmpw29_sw65']
[2023-11-10T05:10:51.244+0000] {standard_task_runner.py:83} INFO - Job 109: Subtask process_user
[2023-11-10T05:10:51.361+0000] {task_command.py:376} INFO - Running <TaskInstance: US_population.process_user manual__2023-11-10T05:10:41.320479+00:00 [running]> on host 91f7624ceef9
[2023-11-10T05:10:51.489+0000] {taskinstance.py:1592} INFO - Exporting the following env vars:
AIRFLOW_CTX_DAG_OWNER=Gaurav
AIRFLOW_CTX_DAG_ID=US_population
AIRFLOW_CTX_TASK_ID=process_user
AIRFLOW_CTX_EXECUTION_DATE=2023-11-10T05:10:41.320479+00:00
AIRFLOW_CTX_TRY_NUMBER=1
AIRFLOW_CTX_DAG_RUN_ID=manual__2023-11-10T05:10:41.320479+00:00
[2023-11-10T05:10:51.514+0000] {logging_mixin.py:120} INFO - printing the uper data {'data': [], 'source': []}
[2023-11-10T05:10:51.514+0000] {python.py:177} INFO - Done. Returned value was: None
[2023-11-10T05:10:51.531+0000] {taskinstance.py:1406} INFO - Marking task as SUCCESS. dag_id=US_population, task_id=process_user, execution_date=20231110T051041, start_date=20231110T051051, end_date=20231110T051051
[2023-11-10T05:10:51.570+0000] {local_task_job.py:164} INFO - Task exited with return code 0
[2023-11-10T05:10:51.607+0000] {local_task_job.py:273} INFO - 1 downstream tasks scheduled from follow-on schedule check
