[2023-11-23T04:48:08.780+0000] {taskinstance.py:1165} INFO - Dependencies all met for <TaskInstance: Data_transfer.extract_user scheduled__2023-11-23T04:18:04.853042+00:00 [queued]>
[2023-11-23T04:48:08.792+0000] {taskinstance.py:1165} INFO - Dependencies all met for <TaskInstance: Data_transfer.extract_user scheduled__2023-11-23T04:18:04.853042+00:00 [queued]>
[2023-11-23T04:48:08.792+0000] {taskinstance.py:1362} INFO - 
--------------------------------------------------------------------------------
[2023-11-23T04:48:08.793+0000] {taskinstance.py:1363} INFO - Starting attempt 1 of 3
[2023-11-23T04:48:08.793+0000] {taskinstance.py:1364} INFO - 
--------------------------------------------------------------------------------
[2023-11-23T04:48:08.808+0000] {taskinstance.py:1383} INFO - Executing <Task(SimpleHttpOperator): extract_user> on 2023-11-23 04:18:04.853042+00:00
[2023-11-23T04:48:08.815+0000] {standard_task_runner.py:55} INFO - Started process 1707 to run task
[2023-11-23T04:48:08.820+0000] {standard_task_runner.py:82} INFO - Running: ['***', 'tasks', 'run', 'Data_transfer', 'extract_user', 'scheduled__2023-11-23T04:18:04.853042+00:00', '--job-id', '295', '--raw', '--subdir', 'DAGS_FOLDER/data_transfer.py', '--cfg-path', '/tmp/tmp4f31c_tw']
[2023-11-23T04:48:08.822+0000] {standard_task_runner.py:83} INFO - Job 295: Subtask extract_user
[2023-11-23T04:48:08.890+0000] {task_command.py:376} INFO - Running <TaskInstance: Data_transfer.extract_user scheduled__2023-11-23T04:18:04.853042+00:00 [running]> on host f71f95879a41
[2023-11-23T04:48:08.967+0000] {taskinstance.py:1592} INFO - Exporting the following env vars:
AIRFLOW_CTX_DAG_OWNER=Gaurav
AIRFLOW_CTX_DAG_ID=Data_transfer
AIRFLOW_CTX_TASK_ID=extract_user
AIRFLOW_CTX_EXECUTION_DATE=2023-11-23T04:18:04.853042+00:00
AIRFLOW_CTX_TRY_NUMBER=1
AIRFLOW_CTX_DAG_RUN_ID=scheduled__2023-11-23T04:18:04.853042+00:00
[2023-11-23T04:48:08.968+0000] {http.py:121} INFO - Calling HTTP method
[2023-11-23T04:48:08.978+0000] {base.py:71} INFO - Using connection ID 'rand_user_api' for task execution.
[2023-11-23T04:48:08.980+0000] {http.py:148} INFO - Sending 'GET' to url: https://randomuser.me/api/
[2023-11-23T04:48:09.395+0000] {http.py:125} INFO - {"results":[{"gender":"female","name":{"title":"Mrs","first":"Amelia","last":"Walker"},"location":{"street":{"number":7938,"name":"White Swan Road"},"city":"Hastings","state":"Hawke'S Bay","country":"New Zealand","postcode":54554,"coordinates":{"latitude":"53.0173","longitude":"117.5880"},"timezone":{"offset":"+6:00","description":"Almaty, Dhaka, Colombo"}},"email":"amelia.walker@example.com","login":{"uuid":"1c6ccf54-7448-4a0f-8b55-58844551b5a6","username":"goldenfrog568","password":"flight","salt":"pqFNa8HU","md5":"1d3a379c215879ce7f7a51992926bd64","sha1":"509eeb3118f258be0bad1d11d9e0c9cc6f950615","sha256":"5637a082b708c20ed4343bb664e055a582179945cb9d515c65bef59f3c7338ea"},"dob":{"date":"1973-07-31T14:03:13.984Z","age":50},"registered":{"date":"2008-05-03T20:53:16.785Z","age":15},"phone":"(330)-736-4256","cell":"(416)-719-6443","id":{"name":"","value":null},"picture":{"large":"https://randomuser.me/api/portraits/women/26.jpg","medium":"https://randomuser.me/api/portraits/med/women/26.jpg","thumbnail":"https://randomuser.me/api/portraits/thumb/women/26.jpg"},"nat":"NZ"}],"info":{"seed":"fcf7fbd73f8686d7","results":1,"page":1,"version":"1.4"}}
[2023-11-23T04:48:09.424+0000] {taskinstance.py:1406} INFO - Marking task as SUCCESS. dag_id=Data_transfer, task_id=extract_user, execution_date=20231123T041804, start_date=20231123T044808, end_date=20231123T044809
[2023-11-23T04:48:09.472+0000] {local_task_job.py:164} INFO - Task exited with return code 0
[2023-11-23T04:48:09.504+0000] {local_task_job.py:273} INFO - 1 downstream tasks scheduled from follow-on schedule check
