[2023-11-23T06:38:00.630+0000] {taskinstance.py:1165} INFO - Dependencies all met for <TaskInstance: rand_user.extract_user manual__2023-11-23T06:37:54.055470+00:00 [queued]>
[2023-11-23T06:38:00.644+0000] {taskinstance.py:1165} INFO - Dependencies all met for <TaskInstance: rand_user.extract_user manual__2023-11-23T06:37:54.055470+00:00 [queued]>
[2023-11-23T06:38:00.645+0000] {taskinstance.py:1362} INFO - 
--------------------------------------------------------------------------------
[2023-11-23T06:38:00.645+0000] {taskinstance.py:1363} INFO - Starting attempt 1 of 3
[2023-11-23T06:38:00.645+0000] {taskinstance.py:1364} INFO - 
--------------------------------------------------------------------------------
[2023-11-23T06:38:00.666+0000] {taskinstance.py:1383} INFO - Executing <Task(SimpleHttpOperator): extract_user> on 2023-11-23 06:37:54.055470+00:00
[2023-11-23T06:38:00.674+0000] {standard_task_runner.py:55} INFO - Started process 7511 to run task
[2023-11-23T06:38:00.679+0000] {standard_task_runner.py:82} INFO - Running: ['***', 'tasks', 'run', 'rand_user', 'extract_user', 'manual__2023-11-23T06:37:54.055470+00:00', '--job-id', '513', '--raw', '--subdir', 'DAGS_FOLDER/predictions.py', '--cfg-path', '/tmp/tmpriqu5x9w']
[2023-11-23T06:38:00.682+0000] {standard_task_runner.py:83} INFO - Job 513: Subtask extract_user
[2023-11-23T06:38:00.766+0000] {task_command.py:376} INFO - Running <TaskInstance: rand_user.extract_user manual__2023-11-23T06:37:54.055470+00:00 [running]> on host f71f95879a41
[2023-11-23T06:38:00.863+0000] {taskinstance.py:1592} INFO - Exporting the following env vars:
AIRFLOW_CTX_DAG_OWNER=Gaurav
AIRFLOW_CTX_DAG_ID=rand_user
AIRFLOW_CTX_TASK_ID=extract_user
AIRFLOW_CTX_EXECUTION_DATE=2023-11-23T06:37:54.055470+00:00
AIRFLOW_CTX_TRY_NUMBER=1
AIRFLOW_CTX_DAG_RUN_ID=manual__2023-11-23T06:37:54.055470+00:00
[2023-11-23T06:38:00.864+0000] {http.py:121} INFO - Calling HTTP method
[2023-11-23T06:38:00.876+0000] {base.py:71} INFO - Using connection ID 'rand_user_api' for task execution.
[2023-11-23T06:38:00.878+0000] {http.py:148} INFO - Sending 'GET' to url: https://randomuser.me/api/
[2023-11-23T06:38:01.416+0000] {http.py:125} INFO - {"results":[{"gender":"female","name":{"title":"Ms","first":"Molly","last":"Snyder"},"location":{"street":{"number":6523,"name":"Park Avenue"},"city":"Aberdeen","state":"Somerset","country":"United Kingdom","postcode":"DT5 0RY","coordinates":{"latitude":"-5.7995","longitude":"44.2541"},"timezone":{"offset":"-10:00","description":"Hawaii"}},"email":"molly.snyder@example.com","login":{"uuid":"bde1a90c-621d-439a-9fb2-ff854f3ca0b0","username":"blackwolf989","password":"playboy2","salt":"kf2mLOw9","md5":"7626e6a2afd93144770a5a18024b96da","sha1":"2f01750f2d0ac8a547a0c4859ce0e7cce9bb7a4a","sha256":"f9c029c3a62ab61eb9f8be9630caa1fe3d4ba8172d7cf79a4b5ae4a5ea3d370f"},"dob":{"date":"1975-08-03T04:17:12.120Z","age":48},"registered":{"date":"2009-04-24T22:49:41.070Z","age":14},"phone":"017687 87801","cell":"07485 429274","id":{"name":"NINO","value":"HN 81 90 08 X"},"picture":{"large":"https://randomuser.me/api/portraits/women/26.jpg","medium":"https://randomuser.me/api/portraits/med/women/26.jpg","thumbnail":"https://randomuser.me/api/portraits/thumb/women/26.jpg"},"nat":"GB"}],"info":{"seed":"5bb50b6143e76275","results":1,"page":1,"version":"1.4"}}
[2023-11-23T06:38:01.464+0000] {taskinstance.py:1406} INFO - Marking task as SUCCESS. dag_id=rand_user, task_id=extract_user, execution_date=20231123T063754, start_date=20231123T063800, end_date=20231123T063801
[2023-11-23T06:38:01.532+0000] {local_task_job.py:164} INFO - Task exited with return code 0
[2023-11-23T06:38:01.604+0000] {local_task_job.py:273} INFO - 1 downstream tasks scheduled from follow-on schedule check
