[2023-11-10T04:17:18.515+0000] {taskinstance.py:1165} INFO - Dependencies all met for <TaskInstance: US_population.Create_table scheduled__2023-11-08T00:00:00+00:00 [queued]>
[2023-11-10T04:17:18.552+0000] {taskinstance.py:1165} INFO - Dependencies all met for <TaskInstance: US_population.Create_table scheduled__2023-11-08T00:00:00+00:00 [queued]>
[2023-11-10T04:17:18.552+0000] {taskinstance.py:1362} INFO - 
--------------------------------------------------------------------------------
[2023-11-10T04:17:18.553+0000] {taskinstance.py:1363} INFO - Starting attempt 1 of 3
[2023-11-10T04:17:18.553+0000] {taskinstance.py:1364} INFO - 
--------------------------------------------------------------------------------
[2023-11-10T04:17:18.581+0000] {taskinstance.py:1383} INFO - Executing <Task(PostgresOperator): Create_table> on 2023-11-08 00:00:00+00:00
[2023-11-10T04:17:18.596+0000] {standard_task_runner.py:55} INFO - Started process 67 to run task
[2023-11-10T04:17:18.602+0000] {standard_task_runner.py:82} INFO - Running: ['***', 'tasks', 'run', 'US_population', 'Create_table', 'scheduled__2023-11-08T00:00:00+00:00', '--job-id', '46', '--raw', '--subdir', 'DAGS_FOLDER/predictions.py', '--cfg-path', '/tmp/tmprzn6125t']
[2023-11-10T04:17:18.606+0000] {standard_task_runner.py:83} INFO - Job 46: Subtask Create_table
[2023-11-10T04:17:18.881+0000] {task_command.py:376} INFO - Running <TaskInstance: US_population.Create_table scheduled__2023-11-08T00:00:00+00:00 [running]> on host 91f7624ceef9
[2023-11-10T04:17:19.010+0000] {taskinstance.py:1592} INFO - Exporting the following env vars:
AIRFLOW_CTX_DAG_OWNER=Gaurav
AIRFLOW_CTX_DAG_ID=US_population
AIRFLOW_CTX_TASK_ID=Create_table
AIRFLOW_CTX_EXECUTION_DATE=2023-11-08T00:00:00+00:00
AIRFLOW_CTX_TRY_NUMBER=1
AIRFLOW_CTX_DAG_RUN_ID=scheduled__2023-11-08T00:00:00+00:00
[2023-11-10T04:17:19.022+0000] {base.py:71} INFO - Using connection ID 'postgres' for task execution.
[2023-11-10T04:17:19.029+0000] {sql.py:315} INFO - Running statement: 
        CREATE TABLE IF NOT EXISTS US_population (
        ID_Nation TEXT NOT NULL,
        Nation TEXT NOT NULL,
        ID_Year int NOT NULL,
        year TEXT NOT NULL,
        Population BIGINT NOT NULL,
        Slug_Nation TEXT NOT NULL
        )
        , parameters: None
[2023-11-10T04:17:19.031+0000] {postgres.py:96} INFO - NOTICE:  relation "us_population" already exists, skipping

[2023-11-10T04:17:19.044+0000] {taskinstance.py:1406} INFO - Marking task as SUCCESS. dag_id=US_population, task_id=Create_table, execution_date=20231108T000000, start_date=20231110T041718, end_date=20231110T041719
[2023-11-10T04:17:19.095+0000] {local_task_job.py:164} INFO - Task exited with return code 0
[2023-11-10T04:17:19.127+0000] {local_task_job.py:273} INFO - 1 downstream tasks scheduled from follow-on schedule check
