[2023-11-23T05:18:10.360+0000] {taskinstance.py:1165} INFO - Dependencies all met for <TaskInstance: Data_transfer.extract_user scheduled__2023-11-23T04:48:04.853042+00:00 [queued]>
[2023-11-23T05:18:10.373+0000] {taskinstance.py:1165} INFO - Dependencies all met for <TaskInstance: Data_transfer.extract_user scheduled__2023-11-23T04:48:04.853042+00:00 [queued]>
[2023-11-23T05:18:10.374+0000] {taskinstance.py:1362} INFO - 
--------------------------------------------------------------------------------
[2023-11-23T05:18:10.374+0000] {taskinstance.py:1363} INFO - Starting attempt 1 of 3
[2023-11-23T05:18:10.375+0000] {taskinstance.py:1364} INFO - 
--------------------------------------------------------------------------------
[2023-11-23T05:18:10.391+0000] {taskinstance.py:1383} INFO - Executing <Task(SimpleHttpOperator): extract_user> on 2023-11-23 04:48:04.853042+00:00
[2023-11-23T05:18:10.397+0000] {standard_task_runner.py:55} INFO - Started process 3254 to run task
[2023-11-23T05:18:10.401+0000] {standard_task_runner.py:82} INFO - Running: ['***', 'tasks', 'run', 'Data_transfer', 'extract_user', 'scheduled__2023-11-23T04:48:04.853042+00:00', '--job-id', '340', '--raw', '--subdir', 'DAGS_FOLDER/data_transfer.py', '--cfg-path', '/tmp/tmpie5yazzm']
[2023-11-23T05:18:10.404+0000] {standard_task_runner.py:83} INFO - Job 340: Subtask extract_user
[2023-11-23T05:18:10.479+0000] {task_command.py:376} INFO - Running <TaskInstance: Data_transfer.extract_user scheduled__2023-11-23T04:48:04.853042+00:00 [running]> on host f71f95879a41
[2023-11-23T05:18:10.560+0000] {taskinstance.py:1592} INFO - Exporting the following env vars:
AIRFLOW_CTX_DAG_OWNER=Gaurav
AIRFLOW_CTX_DAG_ID=Data_transfer
AIRFLOW_CTX_TASK_ID=extract_user
AIRFLOW_CTX_EXECUTION_DATE=2023-11-23T04:48:04.853042+00:00
AIRFLOW_CTX_TRY_NUMBER=1
AIRFLOW_CTX_DAG_RUN_ID=scheduled__2023-11-23T04:48:04.853042+00:00
[2023-11-23T05:18:10.561+0000] {http.py:121} INFO - Calling HTTP method
[2023-11-23T05:18:10.573+0000] {base.py:71} INFO - Using connection ID 'rand_user_api' for task execution.
[2023-11-23T05:18:10.575+0000] {http.py:148} INFO - Sending 'GET' to url: https://randomuser.me/api/
[2023-11-23T05:18:11.027+0000] {http.py:125} INFO - {"results":[{"gender":"female","name":{"title":"Ms","first":"Layla","last":"Wang"},"location":{"street":{"number":3538,"name":"Flaxmere Ave"},"city":"Christchurch","state":"Taranaki","country":"New Zealand","postcode":23969,"coordinates":{"latitude":"48.8756","longitude":"85.6773"},"timezone":{"offset":"-1:00","description":"Azores, Cape Verde Islands"}},"email":"layla.wang@example.com","login":{"uuid":"8dc6541b-2607-467b-b089-f3bea5391a3b","username":"organicwolf269","password":"lionel","salt":"zaBzCT7d","md5":"64b2f9e637abfad1c669339fe143f235","sha1":"3b657627340c8cbf832c7d72afeec24731ef4e13","sha256":"1e23686f250bc0f754a1cc8fa5d76732c49a5b6e6bc18c1f0678b1d9e5a2474c"},"dob":{"date":"1984-03-29T00:59:13.456Z","age":39},"registered":{"date":"2019-12-25T16:29:08.935Z","age":3},"phone":"(325)-162-7855","cell":"(682)-595-1177","id":{"name":"","value":null},"picture":{"large":"https://randomuser.me/api/portraits/women/64.jpg","medium":"https://randomuser.me/api/portraits/med/women/64.jpg","thumbnail":"https://randomuser.me/api/portraits/thumb/women/64.jpg"},"nat":"NZ"}],"info":{"seed":"626e6214b8979aae","results":1,"page":1,"version":"1.4"}}
[2023-11-23T05:18:11.065+0000] {taskinstance.py:1406} INFO - Marking task as SUCCESS. dag_id=Data_transfer, task_id=extract_user, execution_date=20231123T044804, start_date=20231123T051810, end_date=20231123T051811
[2023-11-23T05:18:11.095+0000] {local_task_job.py:164} INFO - Task exited with return code 0
[2023-11-23T05:18:11.128+0000] {local_task_job.py:273} INFO - 1 downstream tasks scheduled from follow-on schedule check
