[2023-11-23T04:38:17.270+0000] {taskinstance.py:1165} INFO - Dependencies all met for <TaskInstance: rand_user.process_user manual__2023-11-23T04:38:11.209362+00:00 [queued]>
[2023-11-23T04:38:17.283+0000] {taskinstance.py:1165} INFO - Dependencies all met for <TaskInstance: rand_user.process_user manual__2023-11-23T04:38:11.209362+00:00 [queued]>
[2023-11-23T04:38:17.283+0000] {taskinstance.py:1362} INFO - 
--------------------------------------------------------------------------------
[2023-11-23T04:38:17.283+0000] {taskinstance.py:1363} INFO - Starting attempt 1 of 3
[2023-11-23T04:38:17.284+0000] {taskinstance.py:1364} INFO - 
--------------------------------------------------------------------------------
[2023-11-23T04:38:17.301+0000] {taskinstance.py:1383} INFO - Executing <Task(PythonOperator): process_user> on 2023-11-23 04:38:11.209362+00:00
[2023-11-23T04:38:17.307+0000] {standard_task_runner.py:55} INFO - Started process 1200 to run task
[2023-11-23T04:38:17.312+0000] {standard_task_runner.py:82} INFO - Running: ['***', 'tasks', 'run', 'rand_user', 'process_user', 'manual__2023-11-23T04:38:11.209362+00:00', '--job-id', '282', '--raw', '--subdir', 'DAGS_FOLDER/predictions.py', '--cfg-path', '/tmp/tmptso047rv']
[2023-11-23T04:38:17.315+0000] {standard_task_runner.py:83} INFO - Job 282: Subtask process_user
[2023-11-23T04:38:17.390+0000] {task_command.py:376} INFO - Running <TaskInstance: rand_user.process_user manual__2023-11-23T04:38:11.209362+00:00 [running]> on host f71f95879a41
[2023-11-23T04:38:17.471+0000] {taskinstance.py:1592} INFO - Exporting the following env vars:
AIRFLOW_CTX_DAG_OWNER=Gaurav
AIRFLOW_CTX_DAG_ID=rand_user
AIRFLOW_CTX_TASK_ID=process_user
AIRFLOW_CTX_EXECUTION_DATE=2023-11-23T04:38:11.209362+00:00
AIRFLOW_CTX_TRY_NUMBER=1
AIRFLOW_CTX_DAG_RUN_ID=manual__2023-11-23T04:38:11.209362+00:00
[2023-11-23T04:38:17.492+0000] {python.py:177} INFO - Done. Returned value was: None
[2023-11-23T04:38:17.504+0000] {taskinstance.py:1406} INFO - Marking task as SUCCESS. dag_id=rand_user, task_id=process_user, execution_date=20231123T043811, start_date=20231123T043817, end_date=20231123T043817
[2023-11-23T04:38:17.563+0000] {local_task_job.py:164} INFO - Task exited with return code 0
[2023-11-23T04:38:17.594+0000] {local_task_job.py:273} INFO - 1 downstream tasks scheduled from follow-on schedule check
