[2023-11-22T09:20:58.965+0000] {taskinstance.py:1165} INFO - Dependencies all met for <TaskInstance: rand_user.extract_user scheduled__2023-11-22T08:50:52.017865+00:00 [queued]>
[2023-11-22T09:20:58.982+0000] {taskinstance.py:1165} INFO - Dependencies all met for <TaskInstance: rand_user.extract_user scheduled__2023-11-22T08:50:52.017865+00:00 [queued]>
[2023-11-22T09:20:58.983+0000] {taskinstance.py:1362} INFO - 
--------------------------------------------------------------------------------
[2023-11-22T09:20:58.983+0000] {taskinstance.py:1363} INFO - Starting attempt 1 of 3
[2023-11-22T09:20:58.983+0000] {taskinstance.py:1364} INFO - 
--------------------------------------------------------------------------------
[2023-11-22T09:20:59.003+0000] {taskinstance.py:1383} INFO - Executing <Task(SimpleHttpOperator): extract_user> on 2023-11-22 08:50:52.017865+00:00
[2023-11-22T09:20:59.011+0000] {standard_task_runner.py:55} INFO - Started process 3819 to run task
[2023-11-22T09:20:59.016+0000] {standard_task_runner.py:82} INFO - Running: ['***', 'tasks', 'run', 'rand_user', 'extract_user', 'scheduled__2023-11-22T08:50:52.017865+00:00', '--job-id', '66', '--raw', '--subdir', 'DAGS_FOLDER/predictions.py', '--cfg-path', '/tmp/tmpyg2y_xd1']
[2023-11-22T09:20:59.019+0000] {standard_task_runner.py:83} INFO - Job 66: Subtask extract_user
[2023-11-22T09:20:59.101+0000] {task_command.py:376} INFO - Running <TaskInstance: rand_user.extract_user scheduled__2023-11-22T08:50:52.017865+00:00 [running]> on host f71f95879a41
[2023-11-22T09:20:59.195+0000] {taskinstance.py:1592} INFO - Exporting the following env vars:
AIRFLOW_CTX_DAG_OWNER=Gaurav
AIRFLOW_CTX_DAG_ID=rand_user
AIRFLOW_CTX_TASK_ID=extract_user
AIRFLOW_CTX_EXECUTION_DATE=2023-11-22T08:50:52.017865+00:00
AIRFLOW_CTX_TRY_NUMBER=1
AIRFLOW_CTX_DAG_RUN_ID=scheduled__2023-11-22T08:50:52.017865+00:00
[2023-11-22T09:20:59.196+0000] {http.py:121} INFO - Calling HTTP method
[2023-11-22T09:20:59.208+0000] {base.py:71} INFO - Using connection ID 'rand_user_api' for task execution.
[2023-11-22T09:20:59.211+0000] {http.py:148} INFO - Sending 'GET' to url: https://randomuser.me/api/
[2023-11-22T09:20:59.622+0000] {http.py:125} INFO - {"results":[{"gender":"female","name":{"title":"Ms","first":"Inmaculada","last":"Diaz"},"location":{"street":{"number":1755,"name":"Paseo de Zorrilla"},"city":"Móstoles","state":"Melilla","country":"Spain","postcode":92226,"coordinates":{"latitude":"-34.5757","longitude":"22.4435"},"timezone":{"offset":"-9:00","description":"Alaska"}},"email":"inmaculada.diaz@example.com","login":{"uuid":"63b22f9c-eb1c-47b6-8597-622a3062f0b7","username":"heavygorilla239","password":"marius","salt":"ReVDRycw","md5":"ad682a4385df77356df218b6ae32d60d","sha1":"49997fb7cd9b110fe19c9e14502def64abed0660","sha256":"9423cd65b176f0d67dcb7e442a4d9e6b6fdca904cf8cc0d5a5b78f2cf776717c"},"dob":{"date":"1954-12-03T21:24:22.703Z","age":68},"registered":{"date":"2015-01-12T09:40:55.058Z","age":8},"phone":"904-190-746","cell":"621-945-131","id":{"name":"DNI","value":"47854648-O"},"picture":{"large":"https://randomuser.me/api/portraits/women/23.jpg","medium":"https://randomuser.me/api/portraits/med/women/23.jpg","thumbnail":"https://randomuser.me/api/portraits/thumb/women/23.jpg"},"nat":"ES"}],"info":{"seed":"9b2c885fec9e9d5f","results":1,"page":1,"version":"1.4"}}
[2023-11-22T09:20:59.648+0000] {taskinstance.py:1406} INFO - Marking task as SUCCESS. dag_id=rand_user, task_id=extract_user, execution_date=20231122T085052, start_date=20231122T092058, end_date=20231122T092059
[2023-11-22T09:20:59.669+0000] {local_task_job.py:164} INFO - Task exited with return code 0
[2023-11-22T09:20:59.703+0000] {local_task_job.py:273} INFO - 1 downstream tasks scheduled from follow-on schedule check
