[2023-11-22T10:10:29.705+0000] {taskinstance.py:1165} INFO - Dependencies all met for <TaskInstance: Data_transfer.extract_user scheduled__2023-11-22T09:40:23.870064+00:00 [queued]>
[2023-11-22T10:10:29.720+0000] {taskinstance.py:1165} INFO - Dependencies all met for <TaskInstance: Data_transfer.extract_user scheduled__2023-11-22T09:40:23.870064+00:00 [queued]>
[2023-11-22T10:10:29.720+0000] {taskinstance.py:1362} INFO - 
--------------------------------------------------------------------------------
[2023-11-22T10:10:29.721+0000] {taskinstance.py:1363} INFO - Starting attempt 1 of 3
[2023-11-22T10:10:29.721+0000] {taskinstance.py:1364} INFO - 
--------------------------------------------------------------------------------
[2023-11-22T10:10:29.738+0000] {taskinstance.py:1383} INFO - Executing <Task(SimpleHttpOperator): extract_user> on 2023-11-22 09:40:23.870064+00:00
[2023-11-22T10:10:29.745+0000] {standard_task_runner.py:55} INFO - Started process 6424 to run task
[2023-11-22T10:10:29.750+0000] {standard_task_runner.py:82} INFO - Running: ['***', 'tasks', 'run', 'Data_transfer', 'extract_user', 'scheduled__2023-11-22T09:40:23.870064+00:00', '--job-id', '167', '--raw', '--subdir', 'DAGS_FOLDER/data_transfer.py', '--cfg-path', '/tmp/tmp0j4o7z6p']
[2023-11-22T10:10:29.752+0000] {standard_task_runner.py:83} INFO - Job 167: Subtask extract_user
[2023-11-22T10:10:29.834+0000] {task_command.py:376} INFO - Running <TaskInstance: Data_transfer.extract_user scheduled__2023-11-22T09:40:23.870064+00:00 [running]> on host f71f95879a41
[2023-11-22T10:10:29.924+0000] {taskinstance.py:1592} INFO - Exporting the following env vars:
AIRFLOW_CTX_DAG_OWNER=Gaurav
AIRFLOW_CTX_DAG_ID=Data_transfer
AIRFLOW_CTX_TASK_ID=extract_user
AIRFLOW_CTX_EXECUTION_DATE=2023-11-22T09:40:23.870064+00:00
AIRFLOW_CTX_TRY_NUMBER=1
AIRFLOW_CTX_DAG_RUN_ID=scheduled__2023-11-22T09:40:23.870064+00:00
[2023-11-22T10:10:29.925+0000] {http.py:121} INFO - Calling HTTP method
[2023-11-22T10:10:29.936+0000] {base.py:71} INFO - Using connection ID 'rand_user_api' for task execution.
[2023-11-22T10:10:29.938+0000] {http.py:148} INFO - Sending 'GET' to url: https://randomuser.me/api/
[2023-11-22T10:10:30.377+0000] {http.py:125} INFO - {"results":[{"gender":"male","name":{"title":"Mr","first":"Topias","last":"Kilpela"},"location":{"street":{"number":6600,"name":"Nordenskiöldinkatu"},"city":"Joutsa","state":"Southern Savonia","country":"Finland","postcode":91916,"coordinates":{"latitude":"-25.7640","longitude":"-55.0256"},"timezone":{"offset":"-1:00","description":"Azores, Cape Verde Islands"}},"email":"topias.kilpela@example.com","login":{"uuid":"e46a73de-331a-410e-99d6-8e56cb9e140e","username":"ticklishgoose578","password":"mike123","salt":"nnhOgd6M","md5":"d540cdae2ea1f65077f04f7c1884aa64","sha1":"617d8d651d49eef7e90bb4f60e37d110bee1dd12","sha256":"369747dd07190c56a4e38d3b265cb231d7365acf2b0a43687ebafd980bcb87ef"},"dob":{"date":"1995-07-24T23:23:35.732Z","age":28},"registered":{"date":"2009-05-04T11:46:45.557Z","age":14},"phone":"08-769-020","cell":"049-116-82-17","id":{"name":"HETU","value":"NaNNA437undefined"},"picture":{"large":"https://randomuser.me/api/portraits/men/40.jpg","medium":"https://randomuser.me/api/portraits/med/men/40.jpg","thumbnail":"https://randomuser.me/api/portraits/thumb/men/40.jpg"},"nat":"FI"}],"info":{"seed":"6a1e8fb42060a8fb","results":1,"page":1,"version":"1.4"}}
[2023-11-22T10:10:30.408+0000] {taskinstance.py:1406} INFO - Marking task as SUCCESS. dag_id=Data_transfer, task_id=extract_user, execution_date=20231122T094023, start_date=20231122T101029, end_date=20231122T101030
[2023-11-22T10:10:30.442+0000] {local_task_job.py:164} INFO - Task exited with return code 0
[2023-11-22T10:10:30.477+0000] {local_task_job.py:273} INFO - 1 downstream tasks scheduled from follow-on schedule check
