[2023-11-23T05:27:59.313+0000] {taskinstance.py:1165} INFO - Dependencies all met for <TaskInstance: rand_user.store_user manual__2023-11-23T05:26:47.923275+00:00 [queued]>
[2023-11-23T05:27:59.331+0000] {taskinstance.py:1165} INFO - Dependencies all met for <TaskInstance: rand_user.store_user manual__2023-11-23T05:26:47.923275+00:00 [queued]>
[2023-11-23T05:27:59.331+0000] {taskinstance.py:1362} INFO - 
--------------------------------------------------------------------------------
[2023-11-23T05:27:59.332+0000] {taskinstance.py:1363} INFO - Starting attempt 2 of 3
[2023-11-23T05:27:59.332+0000] {taskinstance.py:1364} INFO - 
--------------------------------------------------------------------------------
[2023-11-23T05:27:59.356+0000] {taskinstance.py:1383} INFO - Executing <Task(PythonOperator): store_user> on 2023-11-23 05:26:47.923275+00:00
[2023-11-23T05:27:59.365+0000] {standard_task_runner.py:55} INFO - Started process 3815 to run task
[2023-11-23T05:27:59.370+0000] {standard_task_runner.py:82} INFO - Running: ['***', 'tasks', 'run', 'rand_user', 'store_user', 'manual__2023-11-23T05:26:47.923275+00:00', '--job-id', '374', '--raw', '--subdir', 'DAGS_FOLDER/predictions.py', '--cfg-path', '/tmp/tmpyzj9r0bi']
[2023-11-23T05:27:59.373+0000] {standard_task_runner.py:83} INFO - Job 374: Subtask store_user
[2023-11-23T05:27:59.464+0000] {task_command.py:376} INFO - Running <TaskInstance: rand_user.store_user manual__2023-11-23T05:26:47.923275+00:00 [running]> on host f71f95879a41
[2023-11-23T05:27:59.560+0000] {taskinstance.py:1592} INFO - Exporting the following env vars:
AIRFLOW_CTX_DAG_OWNER=Gaurav
AIRFLOW_CTX_DAG_ID=rand_user
AIRFLOW_CTX_TASK_ID=store_user
AIRFLOW_CTX_EXECUTION_DATE=2023-11-23T05:26:47.923275+00:00
AIRFLOW_CTX_TRY_NUMBER=2
AIRFLOW_CTX_DAG_RUN_ID=manual__2023-11-23T05:26:47.923275+00:00
[2023-11-23T05:27:59.562+0000] {postgres.py:129} INFO - Running copy expert: COPY rand_users FROM stdin WITH DELIMITER as ',', filename: /tmp/processed_user.csv
[2023-11-23T05:27:59.574+0000] {base.py:71} INFO - Using connection ID 'source_db_***' for task execution.
[2023-11-23T05:27:59.584+0000] {taskinstance.py:1851} ERROR - Task failed with exception
Traceback (most recent call last):
  File "/home/airflow/.local/lib/python3.7/site-packages/airflow/operators/python.py", line 175, in execute
    return_value = self.execute_callable()
  File "/home/airflow/.local/lib/python3.7/site-packages/airflow/operators/python.py", line 193, in execute_callable
    return self.python_callable(*self.op_args, **self.op_kwargs)
  File "/opt/airflow/dags/predictions.py", line 40, in _store_user
    filename='/tmp/processed_user.csv'
  File "/home/airflow/.local/lib/python3.7/site-packages/airflow/providers/postgres/hooks/postgres.py", line 137, in copy_expert
    cur.copy_expert(sql, file)
psycopg2.errors.BadCopyFileFormat: extra data after last expected column
CONTEXT:  COPY rand_users, line 1: "86d50d82-eda5-4ab2-9ea6-8cb652a1618f,male,Mr,Joey,Hopkins,Ireland,purplegorilla590,tekken,joey.hopki..."

[2023-11-23T05:27:59.598+0000] {taskinstance.py:1406} INFO - Marking task as UP_FOR_RETRY. dag_id=rand_user, task_id=store_user, execution_date=20231123T052647, start_date=20231123T052759, end_date=20231123T052759
[2023-11-23T05:27:59.615+0000] {standard_task_runner.py:105} ERROR - Failed to execute job 374 for task store_user (extra data after last expected column
CONTEXT:  COPY rand_users, line 1: "86d50d82-eda5-4ab2-9ea6-8cb652a1618f,male,Mr,Joey,Hopkins,Ireland,purplegorilla590,tekken,joey.hopki..."
; 3815)
[2023-11-23T05:27:59.662+0000] {local_task_job.py:164} INFO - Task exited with return code 1
[2023-11-23T05:27:59.706+0000] {local_task_job.py:273} INFO - 0 downstream tasks scheduled from follow-on schedule check
