[2023-11-23T06:36:53.026+0000] {taskinstance.py:1165} INFO - Dependencies all met for <TaskInstance: rand_user.process_user scheduled__2023-11-23T06:21:44.757059+00:00 [queued]>
[2023-11-23T06:36:53.037+0000] {taskinstance.py:1165} INFO - Dependencies all met for <TaskInstance: rand_user.process_user scheduled__2023-11-23T06:21:44.757059+00:00 [queued]>
[2023-11-23T06:36:53.037+0000] {taskinstance.py:1362} INFO - 
--------------------------------------------------------------------------------
[2023-11-23T06:36:53.037+0000] {taskinstance.py:1363} INFO - Starting attempt 1 of 3
[2023-11-23T06:36:53.038+0000] {taskinstance.py:1364} INFO - 
--------------------------------------------------------------------------------
[2023-11-23T06:36:53.052+0000] {taskinstance.py:1383} INFO - Executing <Task(PythonOperator): process_user> on 2023-11-23 06:21:44.757059+00:00
[2023-11-23T06:36:53.058+0000] {standard_task_runner.py:55} INFO - Started process 7437 to run task
[2023-11-23T06:36:53.062+0000] {standard_task_runner.py:82} INFO - Running: ['***', 'tasks', 'run', 'rand_user', 'process_user', 'scheduled__2023-11-23T06:21:44.757059+00:00', '--job-id', '507', '--raw', '--subdir', 'DAGS_FOLDER/predictions.py', '--cfg-path', '/tmp/tmpuj3rrylf']
[2023-11-23T06:36:53.065+0000] {standard_task_runner.py:83} INFO - Job 507: Subtask process_user
[2023-11-23T06:36:53.143+0000] {task_command.py:376} INFO - Running <TaskInstance: rand_user.process_user scheduled__2023-11-23T06:21:44.757059+00:00 [running]> on host f71f95879a41
[2023-11-23T06:36:53.224+0000] {taskinstance.py:1592} INFO - Exporting the following env vars:
AIRFLOW_CTX_DAG_OWNER=Gaurav
AIRFLOW_CTX_DAG_ID=rand_user
AIRFLOW_CTX_TASK_ID=process_user
AIRFLOW_CTX_EXECUTION_DATE=2023-11-23T06:21:44.757059+00:00
AIRFLOW_CTX_TRY_NUMBER=1
AIRFLOW_CTX_DAG_RUN_ID=scheduled__2023-11-23T06:21:44.757059+00:00
[2023-11-23T06:36:53.240+0000] {logging_mixin.py:120} INFO - printing the user-data {'results': [{'gender': 'female', 'name': {'title': 'Mrs', 'first': 'Idske', 'last': 'Plat'}, 'location': {'street': {'number': 2873, 'name': 'Hildo Kropplein'}, 'city': 'Hulsberg', 'state': 'Overijssel', 'country': 'Netherlands', 'postcode': '5092 VR', 'coordinates': {'latitude': '32.1879', 'longitude': '71.1457'}, 'timezone': {'offset': '-11:00', 'description': 'Midway Island, Samoa'}}, 'email': 'idske.plat@example.com', 'login': {'uuid': '68904b6b-cf3f-4ec5-89e9-a86865cca5c9', 'username': 'purplemouse571', 'password': 'ttttt', 'salt': '0n76WvrI', 'md5': '086ac9b6c4b748b698f9bc13428dd147', 'sha1': '87d3cd65dc902d0de76d7130c22dc08d743357b0', 'sha256': 'bc79bd053f085b1710e89d98cde688c9d9025f5bcaff3350be1c9d365422d186'}, 'dob': {'date': '1967-10-10T10:31:07.843Z', 'age': 56}, 'registered': {'date': '2012-07-06T11:57:36.701Z', 'age': 11}, 'phone': '(0704) 159699', 'cell': '(06) 68983784', 'id': {'name': 'BSN', 'value': '50557773'}, 'picture': {'large': 'https://randomuser.me/api/portraits/women/42.jpg', 'medium': 'https://randomuser.me/api/portraits/med/women/42.jpg', 'thumbnail': 'https://randomuser.me/api/portraits/thumb/women/42.jpg'}, 'nat': 'NL'}], 'info': {'seed': 'fc89c603096b2b30', 'results': 1, 'page': 1, 'version': '1.4'}}
[2023-11-23T06:36:53.248+0000] {python.py:177} INFO - Done. Returned value was: None
[2023-11-23T06:36:53.260+0000] {taskinstance.py:1406} INFO - Marking task as SUCCESS. dag_id=rand_user, task_id=process_user, execution_date=20231123T062144, start_date=20231123T063653, end_date=20231123T063653
[2023-11-23T06:36:53.314+0000] {local_task_job.py:164} INFO - Task exited with return code 0
[2023-11-23T06:36:53.345+0000] {local_task_job.py:273} INFO - 1 downstream tasks scheduled from follow-on schedule check
