[2023-11-23T06:59:02.507+0000] {taskinstance.py:1165} INFO - Dependencies all met for <TaskInstance: rand_user.is_api_available manual__2023-11-23T06:58:59.115866+00:00 [queued]>
[2023-11-23T06:59:02.519+0000] {taskinstance.py:1165} INFO - Dependencies all met for <TaskInstance: rand_user.is_api_available manual__2023-11-23T06:58:59.115866+00:00 [queued]>
[2023-11-23T06:59:02.520+0000] {taskinstance.py:1362} INFO - 
--------------------------------------------------------------------------------
[2023-11-23T06:59:02.520+0000] {taskinstance.py:1363} INFO - Starting attempt 1 of 3
[2023-11-23T06:59:02.520+0000] {taskinstance.py:1364} INFO - 
--------------------------------------------------------------------------------
[2023-11-23T06:59:02.537+0000] {taskinstance.py:1383} INFO - Executing <Task(HttpSensor): is_api_available> on 2023-11-23 06:58:59.115866+00:00
[2023-11-23T06:59:02.543+0000] {standard_task_runner.py:55} INFO - Started process 8685 to run task
[2023-11-23T06:59:02.548+0000] {standard_task_runner.py:82} INFO - Running: ['***', 'tasks', 'run', 'rand_user', 'is_api_available', 'manual__2023-11-23T06:58:59.115866+00:00', '--job-id', '582', '--raw', '--subdir', 'DAGS_FOLDER/predictions.py', '--cfg-path', '/tmp/tmp4tqub9mu']
[2023-11-23T06:59:02.550+0000] {standard_task_runner.py:83} INFO - Job 582: Subtask is_api_available
[2023-11-23T06:59:02.621+0000] {task_command.py:376} INFO - Running <TaskInstance: rand_user.is_api_available manual__2023-11-23T06:58:59.115866+00:00 [running]> on host f71f95879a41
[2023-11-23T06:59:02.695+0000] {taskinstance.py:1592} INFO - Exporting the following env vars:
AIRFLOW_CTX_DAG_OWNER=Gaurav
AIRFLOW_CTX_DAG_ID=rand_user
AIRFLOW_CTX_TASK_ID=is_api_available
AIRFLOW_CTX_EXECUTION_DATE=2023-11-23T06:58:59.115866+00:00
AIRFLOW_CTX_TRY_NUMBER=1
AIRFLOW_CTX_DAG_RUN_ID=manual__2023-11-23T06:58:59.115866+00:00
[2023-11-23T06:59:02.696+0000] {http.py:120} INFO - Poking: api/
[2023-11-23T06:59:02.707+0000] {base.py:71} INFO - Using connection ID 'rand_user_api' for task execution.
[2023-11-23T06:59:02.709+0000] {http.py:148} INFO - Sending 'GET' to url: https://randomuser.me/api/
[2023-11-23T06:59:03.264+0000] {base.py:213} INFO - Success criteria met. Exiting.
[2023-11-23T06:59:03.302+0000] {taskinstance.py:1406} INFO - Marking task as SUCCESS. dag_id=rand_user, task_id=is_api_available, execution_date=20231123T065859, start_date=20231123T065902, end_date=20231123T065903
[2023-11-23T06:59:03.361+0000] {local_task_job.py:164} INFO - Task exited with return code 0
[2023-11-23T06:59:03.403+0000] {local_task_job.py:273} INFO - 1 downstream tasks scheduled from follow-on schedule check
