[2023-11-23T05:21:39.242+0000] {taskinstance.py:1165} INFO - Dependencies all met for <TaskInstance: rand_user.upload_data_to_destination manual__2023-11-23T05:20:27.492967+00:00 [queued]>
[2023-11-23T05:21:39.259+0000] {taskinstance.py:1165} INFO - Dependencies all met for <TaskInstance: rand_user.upload_data_to_destination manual__2023-11-23T05:20:27.492967+00:00 [queued]>
[2023-11-23T05:21:39.260+0000] {taskinstance.py:1362} INFO - 
--------------------------------------------------------------------------------
[2023-11-23T05:21:39.260+0000] {taskinstance.py:1363} INFO - Starting attempt 2 of 3
[2023-11-23T05:21:39.261+0000] {taskinstance.py:1364} INFO - 
--------------------------------------------------------------------------------
[2023-11-23T05:21:39.279+0000] {taskinstance.py:1383} INFO - Executing <Task(GenericTransfer): upload_data_to_destination> on 2023-11-23 05:20:27.492967+00:00
[2023-11-23T05:21:39.287+0000] {standard_task_runner.py:55} INFO - Started process 3479 to run task
[2023-11-23T05:21:39.292+0000] {standard_task_runner.py:82} INFO - Running: ['***', 'tasks', 'run', 'rand_user', 'upload_data_to_destination', 'manual__2023-11-23T05:20:27.492967+00:00', '--job-id', '361', '--raw', '--subdir', 'DAGS_FOLDER/predictions.py', '--cfg-path', '/tmp/tmp54qy43yj']
[2023-11-23T05:21:39.294+0000] {standard_task_runner.py:83} INFO - Job 361: Subtask upload_data_to_destination
[2023-11-23T05:21:39.369+0000] {task_command.py:376} INFO - Running <TaskInstance: rand_user.upload_data_to_destination manual__2023-11-23T05:20:27.492967+00:00 [running]> on host f71f95879a41
[2023-11-23T05:21:39.453+0000] {taskinstance.py:1592} INFO - Exporting the following env vars:
AIRFLOW_CTX_DAG_OWNER=Gaurav
AIRFLOW_CTX_DAG_ID=rand_user
AIRFLOW_CTX_TASK_ID=upload_data_to_destination
AIRFLOW_CTX_EXECUTION_DATE=2023-11-23T05:20:27.492967+00:00
AIRFLOW_CTX_TRY_NUMBER=2
AIRFLOW_CTX_DAG_RUN_ID=manual__2023-11-23T05:20:27.492967+00:00
[2023-11-23T05:21:39.464+0000] {base.py:71} INFO - Using connection ID 'source_db_***' for task execution.
[2023-11-23T05:21:39.731+0000] {base.py:71} INFO - Using connection ID 'dest_conn_id' for task execution.
[2023-11-23T05:21:40.001+0000] {generic_transfer.py:76} INFO - Extracting data from source_db_***
[2023-11-23T05:21:40.001+0000] {generic_transfer.py:77} INFO - Executing: 
 SELECT * FROM rand_users
[2023-11-23T05:21:40.008+0000] {base.py:71} INFO - Using connection ID 'source_db_***' for task execution.
[2023-11-23T05:21:40.018+0000] {generic_transfer.py:104} INFO - Inserting rows into dest_conn_id
[2023-11-23T05:21:40.024+0000] {base.py:71} INFO - Using connection ID 'dest_conn_id' for task execution.
[2023-11-23T05:21:40.038+0000] {sql.py:415} INFO - Done loading. Loaded a total of 4 rows
[2023-11-23T05:21:40.048+0000] {taskinstance.py:1406} INFO - Marking task as SUCCESS. dag_id=rand_user, task_id=upload_data_to_destination, execution_date=20231123T052027, start_date=20231123T052139, end_date=20231123T052140
[2023-11-23T05:21:40.104+0000] {local_task_job.py:164} INFO - Task exited with return code 0
[2023-11-23T05:21:40.124+0000] {local_task_job.py:273} INFO - 0 downstream tasks scheduled from follow-on schedule check
