[2023-11-13T10:18:01.042+0000] {taskinstance.py:1165} INFO - Dependencies all met for <TaskInstance: rand_user.store_user manual__2023-11-13T10:17:52.685634+00:00 [queued]>
[2023-11-13T10:18:01.054+0000] {taskinstance.py:1165} INFO - Dependencies all met for <TaskInstance: rand_user.store_user manual__2023-11-13T10:17:52.685634+00:00 [queued]>
[2023-11-13T10:18:01.054+0000] {taskinstance.py:1362} INFO - 
--------------------------------------------------------------------------------
[2023-11-13T10:18:01.054+0000] {taskinstance.py:1363} INFO - Starting attempt 1 of 3
[2023-11-13T10:18:01.055+0000] {taskinstance.py:1364} INFO - 
--------------------------------------------------------------------------------
[2023-11-13T10:18:01.071+0000] {taskinstance.py:1383} INFO - Executing <Task(PythonOperator): store_user> on 2023-11-13 10:17:52.685634+00:00
[2023-11-13T10:18:01.077+0000] {standard_task_runner.py:55} INFO - Started process 1769 to run task
[2023-11-13T10:18:01.082+0000] {standard_task_runner.py:82} INFO - Running: ['***', 'tasks', 'run', 'rand_user', 'store_user', 'manual__2023-11-13T10:17:52.685634+00:00', '--job-id', '392', '--raw', '--subdir', 'DAGS_FOLDER/predictions.py', '--cfg-path', '/tmp/tmp1w08wkiy']
[2023-11-13T10:18:01.084+0000] {standard_task_runner.py:83} INFO - Job 392: Subtask store_user
[2023-11-13T10:18:01.150+0000] {task_command.py:376} INFO - Running <TaskInstance: rand_user.store_user manual__2023-11-13T10:17:52.685634+00:00 [running]> on host 91f7624ceef9
[2023-11-13T10:18:01.221+0000] {taskinstance.py:1592} INFO - Exporting the following env vars:
AIRFLOW_CTX_DAG_OWNER=Gaurav
AIRFLOW_CTX_DAG_ID=rand_user
AIRFLOW_CTX_TASK_ID=store_user
AIRFLOW_CTX_EXECUTION_DATE=2023-11-13T10:17:52.685634+00:00
AIRFLOW_CTX_TRY_NUMBER=1
AIRFLOW_CTX_DAG_RUN_ID=manual__2023-11-13T10:17:52.685634+00:00
[2023-11-13T10:18:01.223+0000] {postgres.py:129} INFO - Running copy expert: COPY rand_users FROM stdin WITH DELIMITER as ',', filename: /tmp/processed_user.csv
[2023-11-13T10:18:01.232+0000] {base.py:71} INFO - Using connection ID 'postgres' for task execution.
[2023-11-13T10:18:01.238+0000] {python.py:177} INFO - Done. Returned value was: None
[2023-11-13T10:18:01.248+0000] {taskinstance.py:1406} INFO - Marking task as SUCCESS. dag_id=rand_user, task_id=store_user, execution_date=20231113T101752, start_date=20231113T101801, end_date=20231113T101801
[2023-11-13T10:18:01.293+0000] {local_task_job.py:164} INFO - Task exited with return code 0
[2023-11-13T10:18:01.322+0000] {local_task_job.py:273} INFO - 1 downstream tasks scheduled from follow-on schedule check
