[2023-11-10T04:53:32.257+0000] {taskinstance.py:1165} INFO - Dependencies all met for <TaskInstance: US_population.extract_user manual__2023-11-10T04:53:27.535182+00:00 [queued]>
[2023-11-10T04:53:32.271+0000] {taskinstance.py:1165} INFO - Dependencies all met for <TaskInstance: US_population.extract_user manual__2023-11-10T04:53:27.535182+00:00 [queued]>
[2023-11-10T04:53:32.271+0000] {taskinstance.py:1362} INFO - 
--------------------------------------------------------------------------------
[2023-11-10T04:53:32.272+0000] {taskinstance.py:1363} INFO - Starting attempt 1 of 3
[2023-11-10T04:53:32.272+0000] {taskinstance.py:1364} INFO - 
--------------------------------------------------------------------------------
[2023-11-10T04:53:32.291+0000] {taskinstance.py:1383} INFO - Executing <Task(SimpleHttpOperator): extract_user> on 2023-11-10 04:53:27.535182+00:00
[2023-11-10T04:53:32.299+0000] {standard_task_runner.py:55} INFO - Started process 1956 to run task
[2023-11-10T04:53:32.304+0000] {standard_task_runner.py:82} INFO - Running: ['***', 'tasks', 'run', 'US_population', 'extract_user', 'manual__2023-11-10T04:53:27.535182+00:00', '--job-id', '103', '--raw', '--subdir', 'DAGS_FOLDER/predictions.py', '--cfg-path', '/tmp/tmppkgdr17j']
[2023-11-10T04:53:32.306+0000] {standard_task_runner.py:83} INFO - Job 103: Subtask extract_user
[2023-11-10T04:53:32.372+0000] {task_command.py:376} INFO - Running <TaskInstance: US_population.extract_user manual__2023-11-10T04:53:27.535182+00:00 [running]> on host 91f7624ceef9
[2023-11-10T04:53:32.444+0000] {taskinstance.py:1592} INFO - Exporting the following env vars:
AIRFLOW_CTX_DAG_OWNER=Gaurav
AIRFLOW_CTX_DAG_ID=US_population
AIRFLOW_CTX_TASK_ID=extract_user
AIRFLOW_CTX_EXECUTION_DATE=2023-11-10T04:53:27.535182+00:00
AIRFLOW_CTX_TRY_NUMBER=1
AIRFLOW_CTX_DAG_RUN_ID=manual__2023-11-10T04:53:27.535182+00:00
[2023-11-10T04:53:32.445+0000] {http.py:121} INFO - Calling HTTP method
[2023-11-10T04:53:32.458+0000] {base.py:71} INFO - Using connection ID 'us_population_API' for task execution.
[2023-11-10T04:53:32.460+0000] {http.py:148} INFO - Sending 'GET' to url: https://datausa.io/api/data?drilldowns=Nation&measures=Population/api/
[2023-11-10T04:53:33.590+0000] {http.py:125} INFO - {"data":[],"source":[]}
[2023-11-10T04:53:33.626+0000] {taskinstance.py:1406} INFO - Marking task as SUCCESS. dag_id=US_population, task_id=extract_user, execution_date=20231110T045327, start_date=20231110T045332, end_date=20231110T045333
[2023-11-10T04:53:33.680+0000] {local_task_job.py:164} INFO - Task exited with return code 0
[2023-11-10T04:53:33.713+0000] {local_task_job.py:273} INFO - 1 downstream tasks scheduled from follow-on schedule check
