[2023-11-23T06:18:19.831+0000] {taskinstance.py:1165} INFO - Dependencies all met for <TaskInstance: Data_transfer.upload_data_Destination scheduled__2023-11-23T05:48:04.853042+00:00 [queued]>
[2023-11-23T06:18:19.848+0000] {taskinstance.py:1165} INFO - Dependencies all met for <TaskInstance: Data_transfer.upload_data_Destination scheduled__2023-11-23T05:48:04.853042+00:00 [queued]>
[2023-11-23T06:18:19.849+0000] {taskinstance.py:1362} INFO - 
--------------------------------------------------------------------------------
[2023-11-23T06:18:19.849+0000] {taskinstance.py:1363} INFO - Starting attempt 1 of 3
[2023-11-23T06:18:19.850+0000] {taskinstance.py:1364} INFO - 
--------------------------------------------------------------------------------
[2023-11-23T06:18:19.872+0000] {taskinstance.py:1383} INFO - Executing <Task(GenericTransfer): upload_data_Destination> on 2023-11-23 05:48:04.853042+00:00
[2023-11-23T06:18:19.881+0000] {standard_task_runner.py:55} INFO - Started process 6453 to run task
[2023-11-23T06:18:19.887+0000] {standard_task_runner.py:82} INFO - Running: ['***', 'tasks', 'run', 'Data_transfer', 'upload_data_Destination', 'scheduled__2023-11-23T05:48:04.853042+00:00', '--job-id', '470', '--raw', '--subdir', 'DAGS_FOLDER/data_transfer.py', '--cfg-path', '/tmp/tmp41uasakp']
[2023-11-23T06:18:19.889+0000] {standard_task_runner.py:83} INFO - Job 470: Subtask upload_data_Destination
[2023-11-23T06:18:19.979+0000] {task_command.py:376} INFO - Running <TaskInstance: Data_transfer.upload_data_Destination scheduled__2023-11-23T05:48:04.853042+00:00 [running]> on host f71f95879a41
[2023-11-23T06:18:20.072+0000] {taskinstance.py:1592} INFO - Exporting the following env vars:
AIRFLOW_CTX_DAG_OWNER=Gaurav
AIRFLOW_CTX_DAG_ID=Data_transfer
AIRFLOW_CTX_TASK_ID=upload_data_Destination
AIRFLOW_CTX_EXECUTION_DATE=2023-11-23T05:48:04.853042+00:00
AIRFLOW_CTX_TRY_NUMBER=1
AIRFLOW_CTX_DAG_RUN_ID=scheduled__2023-11-23T05:48:04.853042+00:00
[2023-11-23T06:18:20.083+0000] {base.py:71} INFO - Using connection ID 'source_db_***' for task execution.
[2023-11-23T06:18:20.564+0000] {base.py:71} INFO - Using connection ID 'dest_conn_id' for task execution.
[2023-11-23T06:18:20.902+0000] {generic_transfer.py:76} INFO - Extracting data from source_db_***
[2023-11-23T06:18:20.903+0000] {generic_transfer.py:77} INFO - Executing: 
 SELECT * FROM source_table
[2023-11-23T06:18:20.913+0000] {base.py:71} INFO - Using connection ID 'source_db_***' for task execution.
[2023-11-23T06:18:20.924+0000] {generic_transfer.py:104} INFO - Inserting rows into dest_conn_id
[2023-11-23T06:18:20.933+0000] {base.py:71} INFO - Using connection ID 'dest_conn_id' for task execution.
[2023-11-23T06:18:20.942+0000] {sql.py:415} INFO - Done loading. Loaded a total of 0 rows
[2023-11-23T06:18:20.960+0000] {taskinstance.py:1406} INFO - Marking task as SUCCESS. dag_id=Data_transfer, task_id=upload_data_Destination, execution_date=20231123T054804, start_date=20231123T061819, end_date=20231123T061820
[2023-11-23T06:18:21.022+0000] {local_task_job.py:164} INFO - Task exited with return code 0
[2023-11-23T06:18:21.076+0000] {local_task_job.py:273} INFO - 0 downstream tasks scheduled from follow-on schedule check
