[2023-11-22T09:37:34.137+0000] {taskinstance.py:1165} INFO - Dependencies all met for <TaskInstance: Data_transfer.upload_data_source manual__2023-11-22T09:35:20.198471+00:00 [queued]>
[2023-11-22T09:37:34.150+0000] {taskinstance.py:1165} INFO - Dependencies all met for <TaskInstance: Data_transfer.upload_data_source manual__2023-11-22T09:35:20.198471+00:00 [queued]>
[2023-11-22T09:37:34.150+0000] {taskinstance.py:1362} INFO - 
--------------------------------------------------------------------------------
[2023-11-22T09:37:34.151+0000] {taskinstance.py:1363} INFO - Starting attempt 3 of 3
[2023-11-22T09:37:34.151+0000] {taskinstance.py:1364} INFO - 
--------------------------------------------------------------------------------
[2023-11-22T09:37:34.168+0000] {taskinstance.py:1383} INFO - Executing <Task(GenericTransfer): upload_data_source> on 2023-11-22 09:35:20.198471+00:00
[2023-11-22T09:37:34.175+0000] {standard_task_runner.py:55} INFO - Started process 4668 to run task
[2023-11-22T09:37:34.180+0000] {standard_task_runner.py:82} INFO - Running: ['***', 'tasks', 'run', 'Data_transfer', 'upload_data_source', 'manual__2023-11-22T09:35:20.198471+00:00', '--job-id', '91', '--raw', '--subdir', 'DAGS_FOLDER/data_transfer.py', '--cfg-path', '/tmp/tmpi0dg8rje']
[2023-11-22T09:37:34.182+0000] {standard_task_runner.py:83} INFO - Job 91: Subtask upload_data_source
[2023-11-22T09:37:34.255+0000] {task_command.py:376} INFO - Running <TaskInstance: Data_transfer.upload_data_source manual__2023-11-22T09:35:20.198471+00:00 [running]> on host f71f95879a41
[2023-11-22T09:37:34.325+0000] {taskinstance.py:1592} INFO - Exporting the following env vars:
AIRFLOW_CTX_DAG_OWNER=Gaurav
AIRFLOW_CTX_DAG_ID=Data_transfer
AIRFLOW_CTX_TASK_ID=upload_data_source
AIRFLOW_CTX_EXECUTION_DATE=2023-11-22T09:35:20.198471+00:00
AIRFLOW_CTX_TRY_NUMBER=3
AIRFLOW_CTX_DAG_RUN_ID=manual__2023-11-22T09:35:20.198471+00:00
[2023-11-22T09:37:34.336+0000] {base.py:71} INFO - Using connection ID 'postgres' for task execution.
[2023-11-22T09:37:34.566+0000] {base.py:71} INFO - Using connection ID 'source_db_***' for task execution.
[2023-11-22T09:37:34.808+0000] {generic_transfer.py:76} INFO - Extracting data from postgres
[2023-11-22T09:37:34.809+0000] {generic_transfer.py:77} INFO - Executing: 
 SELECT * FROM table1_users
[2023-11-22T09:37:34.819+0000] {base.py:71} INFO - Using connection ID 'postgres' for task execution.
[2023-11-22T09:37:34.824+0000] {generic_transfer.py:104} INFO - Inserting rows into source_db_***
[2023-11-22T09:37:34.834+0000] {base.py:71} INFO - Using connection ID 'source_db_***' for task execution.
[2023-11-22T09:37:34.844+0000] {taskinstance.py:1851} ERROR - Task failed with exception
Traceback (most recent call last):
  File "/home/airflow/.local/lib/python3.7/site-packages/airflow/operators/generic_transfer.py", line 105, in execute
    insert_rows(table=self.destination_table, rows=results, **self.insert_args)
  File "/home/airflow/.local/lib/python3.7/site-packages/airflow/providers/common/sql/hooks/sql.py", line 409, in insert_rows
    cur.execute(sql, values)
psycopg2.errors.UniqueViolation: duplicate key value violates unique constraint "table1_users_pkey"
DETAIL:  Key (uuid)=(3d0212e1-5baa-4430-b868-6cf0d49a9ee5) already exists.

[2023-11-22T09:37:34.854+0000] {taskinstance.py:1406} INFO - Marking task as FAILED. dag_id=Data_transfer, task_id=upload_data_source, execution_date=20231122T093520, start_date=20231122T093734, end_date=20231122T093734
[2023-11-22T09:37:34.881+0000] {standard_task_runner.py:105} ERROR - Failed to execute job 91 for task upload_data_source (duplicate key value violates unique constraint "table1_users_pkey"
DETAIL:  Key (uuid)=(3d0212e1-5baa-4430-b868-6cf0d49a9ee5) already exists.
; 4668)
[2023-11-22T09:37:34.913+0000] {local_task_job.py:164} INFO - Task exited with return code 1
[2023-11-22T09:37:34.932+0000] {local_task_job.py:273} INFO - 0 downstream tasks scheduled from follow-on schedule check
