[2023-11-14T09:20:31.879+0000] {taskinstance.py:1165} INFO - Dependencies all met for <TaskInstance: rand_user.upload_data_source scheduled__2023-11-13T00:00:00+00:00 [queued]>
[2023-11-14T09:20:31.892+0000] {taskinstance.py:1165} INFO - Dependencies all met for <TaskInstance: rand_user.upload_data_source scheduled__2023-11-13T00:00:00+00:00 [queued]>
[2023-11-14T09:20:31.893+0000] {taskinstance.py:1362} INFO - 
--------------------------------------------------------------------------------
[2023-11-14T09:20:31.893+0000] {taskinstance.py:1363} INFO - Starting attempt 1 of 3
[2023-11-14T09:20:31.894+0000] {taskinstance.py:1364} INFO - 
--------------------------------------------------------------------------------
[2023-11-14T09:20:31.911+0000] {taskinstance.py:1383} INFO - Executing <Task(GenericTransfer): upload_data_source> on 2023-11-13 00:00:00+00:00
[2023-11-14T09:20:31.920+0000] {standard_task_runner.py:55} INFO - Started process 91 to run task
[2023-11-14T09:20:31.926+0000] {standard_task_runner.py:82} INFO - Running: ['***', 'tasks', 'run', 'rand_user', 'upload_data_source', 'scheduled__2023-11-13T00:00:00+00:00', '--job-id', '420', '--raw', '--subdir', 'DAGS_FOLDER/predictions.py', '--cfg-path', '/tmp/tmprnq9vf5p']
[2023-11-14T09:20:31.929+0000] {standard_task_runner.py:83} INFO - Job 420: Subtask upload_data_source
[2023-11-14T09:20:32.042+0000] {task_command.py:376} INFO - Running <TaskInstance: rand_user.upload_data_source scheduled__2023-11-13T00:00:00+00:00 [running]> on host 91f7624ceef9
[2023-11-14T09:20:32.169+0000] {taskinstance.py:1592} INFO - Exporting the following env vars:
AIRFLOW_CTX_DAG_OWNER=Gaurav
AIRFLOW_CTX_DAG_ID=rand_user
AIRFLOW_CTX_TASK_ID=upload_data_source
AIRFLOW_CTX_EXECUTION_DATE=2023-11-13T00:00:00+00:00
AIRFLOW_CTX_TRY_NUMBER=1
AIRFLOW_CTX_DAG_RUN_ID=scheduled__2023-11-13T00:00:00+00:00
[2023-11-14T09:20:32.182+0000] {base.py:71} INFO - Using connection ID 'postgres' for task execution.
[2023-11-14T09:20:32.504+0000] {base.py:71} INFO - Using connection ID 'source_db_***' for task execution.
[2023-11-14T09:20:32.795+0000] {generic_transfer.py:76} INFO - Extracting data from postgres
[2023-11-14T09:20:32.795+0000] {generic_transfer.py:77} INFO - Executing: 
 SELECT * FROM rand_users
[2023-11-14T09:20:32.803+0000] {base.py:71} INFO - Using connection ID 'postgres' for task execution.
[2023-11-14T09:20:32.808+0000] {generic_transfer.py:94} INFO - Running preoperator
[2023-11-14T09:20:32.809+0000] {generic_transfer.py:95} INFO - TRUNCATE TABLE rand_users
[2023-11-14T09:20:32.816+0000] {base.py:71} INFO - Using connection ID 'source_db_***' for task execution.
[2023-11-14T09:20:32.830+0000] {sql.py:315} INFO - Running statement: TRUNCATE TABLE rand_users, parameters: None
[2023-11-14T09:20:32.961+0000] {generic_transfer.py:104} INFO - Inserting rows into source_db_***
[2023-11-14T09:20:32.968+0000] {base.py:71} INFO - Using connection ID 'source_db_***' for task execution.
[2023-11-14T09:20:32.999+0000] {sql.py:415} INFO - Done loading. Loaded a total of 28 rows
[2023-11-14T09:20:33.009+0000] {taskinstance.py:1406} INFO - Marking task as SUCCESS. dag_id=rand_user, task_id=upload_data_source, execution_date=20231113T000000, start_date=20231114T092031, end_date=20231114T092033
[2023-11-14T09:20:33.059+0000] {local_task_job.py:164} INFO - Task exited with return code 0
[2023-11-14T09:20:33.085+0000] {local_task_job.py:273} INFO - 1 downstream tasks scheduled from follow-on schedule check
