[2023-11-10T04:25:59.926+0000] {taskinstance.py:1165} INFO - Dependencies all met for <TaskInstance: US_population.process_user manual__2023-11-10T04:23:49.892257+00:00 [queued]>
[2023-11-10T04:25:59.939+0000] {taskinstance.py:1165} INFO - Dependencies all met for <TaskInstance: US_population.process_user manual__2023-11-10T04:23:49.892257+00:00 [queued]>
[2023-11-10T04:25:59.940+0000] {taskinstance.py:1362} INFO - 
--------------------------------------------------------------------------------
[2023-11-10T04:25:59.940+0000] {taskinstance.py:1363} INFO - Starting attempt 3 of 3
[2023-11-10T04:25:59.941+0000] {taskinstance.py:1364} INFO - 
--------------------------------------------------------------------------------
[2023-11-10T04:25:59.959+0000] {taskinstance.py:1383} INFO - Executing <Task(PythonOperator): process_user> on 2023-11-10 04:23:49.892257+00:00
[2023-11-10T04:25:59.965+0000] {standard_task_runner.py:55} INFO - Started process 531 to run task
[2023-11-10T04:25:59.970+0000] {standard_task_runner.py:82} INFO - Running: ['***', 'tasks', 'run', 'US_population', 'process_user', 'manual__2023-11-10T04:23:49.892257+00:00', '--job-id', '63', '--raw', '--subdir', 'DAGS_FOLDER/predictions.py', '--cfg-path', '/tmp/tmppihcl48i']
[2023-11-10T04:25:59.973+0000] {standard_task_runner.py:83} INFO - Job 63: Subtask process_user
[2023-11-10T04:26:00.033+0000] {task_command.py:376} INFO - Running <TaskInstance: US_population.process_user manual__2023-11-10T04:23:49.892257+00:00 [running]> on host 91f7624ceef9
[2023-11-10T04:26:00.097+0000] {taskinstance.py:1592} INFO - Exporting the following env vars:
AIRFLOW_CTX_DAG_OWNER=Gaurav
AIRFLOW_CTX_DAG_ID=US_population
AIRFLOW_CTX_TASK_ID=process_user
AIRFLOW_CTX_EXECUTION_DATE=2023-11-10T04:23:49.892257+00:00
AIRFLOW_CTX_TRY_NUMBER=3
AIRFLOW_CTX_DAG_RUN_ID=manual__2023-11-10T04:23:49.892257+00:00
[2023-11-10T04:26:00.109+0000] {taskinstance.py:1851} ERROR - Task failed with exception
Traceback (most recent call last):
  File "/home/airflow/.local/lib/python3.7/site-packages/airflow/operators/python.py", line 175, in execute
    return_value = self.execute_callable()
  File "/home/airflow/.local/lib/python3.7/site-packages/airflow/operators/python.py", line 193, in execute_callable
    return self.python_callable(*self.op_args, **self.op_kwargs)
  File "/opt/airflow/dags/predictions.py", line 32, in _process_user
    user = user_list[0]  # Assuming you're interested in the first element of the list
KeyError: 0
[2023-11-10T04:26:00.118+0000] {taskinstance.py:1406} INFO - Marking task as FAILED. dag_id=US_population, task_id=process_user, execution_date=20231110T042349, start_date=20231110T042559, end_date=20231110T042600
[2023-11-10T04:26:00.128+0000] {standard_task_runner.py:105} ERROR - Failed to execute job 63 for task process_user (0; 531)
[2023-11-10T04:26:00.141+0000] {local_task_job.py:164} INFO - Task exited with return code 1
[2023-11-10T04:26:00.167+0000] {local_task_job.py:273} INFO - 0 downstream tasks scheduled from follow-on schedule check
