[2023-11-10T04:24:58.198+0000] {taskinstance.py:1165} INFO - Dependencies all met for <TaskInstance: US_population.process_user manual__2023-11-10T04:23:49.892257+00:00 [queued]>
[2023-11-10T04:24:58.212+0000] {taskinstance.py:1165} INFO - Dependencies all met for <TaskInstance: US_population.process_user manual__2023-11-10T04:23:49.892257+00:00 [queued]>
[2023-11-10T04:24:58.212+0000] {taskinstance.py:1362} INFO - 
--------------------------------------------------------------------------------
[2023-11-10T04:24:58.213+0000] {taskinstance.py:1363} INFO - Starting attempt 2 of 3
[2023-11-10T04:24:58.213+0000] {taskinstance.py:1364} INFO - 
--------------------------------------------------------------------------------
[2023-11-10T04:24:58.241+0000] {taskinstance.py:1383} INFO - Executing <Task(PythonOperator): process_user> on 2023-11-10 04:23:49.892257+00:00
[2023-11-10T04:24:58.247+0000] {standard_task_runner.py:55} INFO - Started process 483 to run task
[2023-11-10T04:24:58.252+0000] {standard_task_runner.py:82} INFO - Running: ['***', 'tasks', 'run', 'US_population', 'process_user', 'manual__2023-11-10T04:23:49.892257+00:00', '--job-id', '62', '--raw', '--subdir', 'DAGS_FOLDER/predictions.py', '--cfg-path', '/tmp/tmpaljc2q41']
[2023-11-10T04:24:58.255+0000] {standard_task_runner.py:83} INFO - Job 62: Subtask process_user
[2023-11-10T04:24:58.317+0000] {task_command.py:376} INFO - Running <TaskInstance: US_population.process_user manual__2023-11-10T04:23:49.892257+00:00 [running]> on host 91f7624ceef9
[2023-11-10T04:24:58.382+0000] {taskinstance.py:1592} INFO - Exporting the following env vars:
AIRFLOW_CTX_DAG_OWNER=Gaurav
AIRFLOW_CTX_DAG_ID=US_population
AIRFLOW_CTX_TASK_ID=process_user
AIRFLOW_CTX_EXECUTION_DATE=2023-11-10T04:23:49.892257+00:00
AIRFLOW_CTX_TRY_NUMBER=2
AIRFLOW_CTX_DAG_RUN_ID=manual__2023-11-10T04:23:49.892257+00:00
[2023-11-10T04:24:58.394+0000] {taskinstance.py:1851} ERROR - Task failed with exception
Traceback (most recent call last):
  File "/home/airflow/.local/lib/python3.7/site-packages/airflow/operators/python.py", line 175, in execute
    return_value = self.execute_callable()
  File "/home/airflow/.local/lib/python3.7/site-packages/airflow/operators/python.py", line 193, in execute_callable
    return self.python_callable(*self.op_args, **self.op_kwargs)
  File "/opt/airflow/dags/predictions.py", line 32, in _process_user
    user = user_list[0]  # Assuming you're interested in the first element of the list
KeyError: 0
[2023-11-10T04:24:58.403+0000] {taskinstance.py:1406} INFO - Marking task as UP_FOR_RETRY. dag_id=US_population, task_id=process_user, execution_date=20231110T042349, start_date=20231110T042458, end_date=20231110T042458
[2023-11-10T04:24:58.416+0000] {standard_task_runner.py:105} ERROR - Failed to execute job 62 for task process_user (0; 483)
[2023-11-10T04:24:58.463+0000] {local_task_job.py:164} INFO - Task exited with return code 1
[2023-11-10T04:24:58.491+0000] {local_task_job.py:273} INFO - 0 downstream tasks scheduled from follow-on schedule check
