[2023-11-10T04:31:00.576+0000] {taskinstance.py:1165} INFO - Dependencies all met for <TaskInstance: US_population.extract_user manual__2023-11-10T04:30:55.118621+00:00 [queued]>
[2023-11-10T04:31:00.593+0000] {taskinstance.py:1165} INFO - Dependencies all met for <TaskInstance: US_population.extract_user manual__2023-11-10T04:30:55.118621+00:00 [queued]>
[2023-11-10T04:31:00.594+0000] {taskinstance.py:1362} INFO - 
--------------------------------------------------------------------------------
[2023-11-10T04:31:00.594+0000] {taskinstance.py:1363} INFO - Starting attempt 1 of 3
[2023-11-10T04:31:00.594+0000] {taskinstance.py:1364} INFO - 
--------------------------------------------------------------------------------
[2023-11-10T04:31:00.613+0000] {taskinstance.py:1383} INFO - Executing <Task(SimpleHttpOperator): extract_user> on 2023-11-10 04:30:55.118621+00:00
[2023-11-10T04:31:00.620+0000] {standard_task_runner.py:55} INFO - Started process 795 to run task
[2023-11-10T04:31:00.625+0000] {standard_task_runner.py:82} INFO - Running: ['***', 'tasks', 'run', 'US_population', 'extract_user', 'manual__2023-11-10T04:30:55.118621+00:00', '--job-id', '70', '--raw', '--subdir', 'DAGS_FOLDER/predictions.py', '--cfg-path', '/tmp/tmp3odjor7l']
[2023-11-10T04:31:00.627+0000] {standard_task_runner.py:83} INFO - Job 70: Subtask extract_user
[2023-11-10T04:31:00.697+0000] {task_command.py:376} INFO - Running <TaskInstance: US_population.extract_user manual__2023-11-10T04:30:55.118621+00:00 [running]> on host 91f7624ceef9
[2023-11-10T04:31:00.812+0000] {taskinstance.py:1592} INFO - Exporting the following env vars:
AIRFLOW_CTX_DAG_OWNER=Gaurav
AIRFLOW_CTX_DAG_ID=US_population
AIRFLOW_CTX_TASK_ID=extract_user
AIRFLOW_CTX_EXECUTION_DATE=2023-11-10T04:30:55.118621+00:00
AIRFLOW_CTX_TRY_NUMBER=1
AIRFLOW_CTX_DAG_RUN_ID=manual__2023-11-10T04:30:55.118621+00:00
[2023-11-10T04:31:00.814+0000] {http.py:121} INFO - Calling HTTP method
[2023-11-10T04:31:00.830+0000] {base.py:71} INFO - Using connection ID 'us_population_API' for task execution.
[2023-11-10T04:31:00.832+0000] {http.py:148} INFO - Sending 'GET' to url: https://datausa.io/api/data?drilldowns=Nation&measures=Population/api/
[2023-11-10T04:31:01.236+0000] {http.py:125} INFO - {"data":[],"source":[]}
[2023-11-10T04:31:01.262+0000] {taskinstance.py:1406} INFO - Marking task as SUCCESS. dag_id=US_population, task_id=extract_user, execution_date=20231110T043055, start_date=20231110T043100, end_date=20231110T043101
[2023-11-10T04:31:01.317+0000] {local_task_job.py:164} INFO - Task exited with return code 0
[2023-11-10T04:31:01.347+0000] {local_task_job.py:273} INFO - 1 downstream tasks scheduled from follow-on schedule check
