[2023-11-23T08:26:56.693+0000] {taskinstance.py:1165} INFO - Dependencies all met for <TaskInstance: Data_transfer.upload_man_data_to_destination manual__2023-11-23T08:26:55.388430+00:00 [queued]>
[2023-11-23T08:26:56.707+0000] {taskinstance.py:1165} INFO - Dependencies all met for <TaskInstance: Data_transfer.upload_man_data_to_destination manual__2023-11-23T08:26:55.388430+00:00 [queued]>
[2023-11-23T08:26:56.708+0000] {taskinstance.py:1362} INFO - 
--------------------------------------------------------------------------------
[2023-11-23T08:26:56.708+0000] {taskinstance.py:1363} INFO - Starting attempt 1 of 3
[2023-11-23T08:26:56.709+0000] {taskinstance.py:1364} INFO - 
--------------------------------------------------------------------------------
[2023-11-23T08:26:56.733+0000] {taskinstance.py:1383} INFO - Executing <Task(GenericTransfer): upload_man_data_to_destination> on 2023-11-23 08:26:55.388430+00:00
[2023-11-23T08:26:56.740+0000] {standard_task_runner.py:55} INFO - Started process 10909 to run task
[2023-11-23T08:26:56.747+0000] {standard_task_runner.py:82} INFO - Running: ['***', 'tasks', 'run', 'Data_transfer', 'upload_man_data_to_destination', 'manual__2023-11-23T08:26:55.388430+00:00', '--job-id', '675', '--raw', '--subdir', 'DAGS_FOLDER/data_transfer.py', '--cfg-path', '/tmp/tmploot1poy']
[2023-11-23T08:26:56.750+0000] {standard_task_runner.py:83} INFO - Job 675: Subtask upload_man_data_to_destination
[2023-11-23T08:26:56.836+0000] {task_command.py:376} INFO - Running <TaskInstance: Data_transfer.upload_man_data_to_destination manual__2023-11-23T08:26:55.388430+00:00 [running]> on host f71f95879a41
[2023-11-23T08:26:56.921+0000] {taskinstance.py:1592} INFO - Exporting the following env vars:
AIRFLOW_CTX_DAG_OWNER=Gaurav
AIRFLOW_CTX_DAG_ID=Data_transfer
AIRFLOW_CTX_TASK_ID=upload_man_data_to_destination
AIRFLOW_CTX_EXECUTION_DATE=2023-11-23T08:26:55.388430+00:00
AIRFLOW_CTX_TRY_NUMBER=1
AIRFLOW_CTX_DAG_RUN_ID=manual__2023-11-23T08:26:55.388430+00:00
[2023-11-23T08:26:56.933+0000] {base.py:71} INFO - Using connection ID 'source_db_***' for task execution.
[2023-11-23T08:26:57.174+0000] {base.py:71} INFO - Using connection ID 'dest_conn_id' for task execution.
[2023-11-23T08:26:57.415+0000] {generic_transfer.py:76} INFO - Extracting data from source_db_***
[2023-11-23T08:26:57.416+0000] {generic_transfer.py:77} INFO - Executing: 
 SELECT * FROM ***_source_users
[2023-11-23T08:26:57.422+0000] {base.py:71} INFO - Using connection ID 'source_db_***' for task execution.
[2023-11-23T08:26:57.442+0000] {generic_transfer.py:104} INFO - Inserting rows into dest_conn_id
[2023-11-23T08:26:57.449+0000] {base.py:71} INFO - Using connection ID 'dest_conn_id' for task execution.
[2023-11-23T08:26:57.455+0000] {sql.py:415} INFO - Done loading. Loaded a total of 0 rows
[2023-11-23T08:26:57.466+0000] {taskinstance.py:1406} INFO - Marking task as SUCCESS. dag_id=Data_transfer, task_id=upload_man_data_to_destination, execution_date=20231123T082655, start_date=20231123T082656, end_date=20231123T082657
[2023-11-23T08:26:57.518+0000] {local_task_job.py:164} INFO - Task exited with return code 0
[2023-11-23T08:26:57.537+0000] {local_task_job.py:273} INFO - 0 downstream tasks scheduled from follow-on schedule check
