[2023-11-23T05:18:07.219+0000] {taskinstance.py:1165} INFO - Dependencies all met for <TaskInstance: Data_transfer.is_api_available scheduled__2023-11-23T04:48:04.853042+00:00 [queued]>
[2023-11-23T05:18:07.234+0000] {taskinstance.py:1165} INFO - Dependencies all met for <TaskInstance: Data_transfer.is_api_available scheduled__2023-11-23T04:48:04.853042+00:00 [queued]>
[2023-11-23T05:18:07.235+0000] {taskinstance.py:1362} INFO - 
--------------------------------------------------------------------------------
[2023-11-23T05:18:07.236+0000] {taskinstance.py:1363} INFO - Starting attempt 1 of 3
[2023-11-23T05:18:07.236+0000] {taskinstance.py:1364} INFO - 
--------------------------------------------------------------------------------
[2023-11-23T05:18:07.260+0000] {taskinstance.py:1383} INFO - Executing <Task(HttpSensor): is_api_available> on 2023-11-23 04:48:04.853042+00:00
[2023-11-23T05:18:07.270+0000] {standard_task_runner.py:55} INFO - Started process 3251 to run task
[2023-11-23T05:18:07.275+0000] {standard_task_runner.py:82} INFO - Running: ['***', 'tasks', 'run', 'Data_transfer', 'is_api_available', 'scheduled__2023-11-23T04:48:04.853042+00:00', '--job-id', '339', '--raw', '--subdir', 'DAGS_FOLDER/data_transfer.py', '--cfg-path', '/tmp/tmp35uswtr7']
[2023-11-23T05:18:07.277+0000] {standard_task_runner.py:83} INFO - Job 339: Subtask is_api_available
[2023-11-23T05:18:07.367+0000] {task_command.py:376} INFO - Running <TaskInstance: Data_transfer.is_api_available scheduled__2023-11-23T04:48:04.853042+00:00 [running]> on host f71f95879a41
[2023-11-23T05:18:07.457+0000] {taskinstance.py:1592} INFO - Exporting the following env vars:
AIRFLOW_CTX_DAG_OWNER=Gaurav
AIRFLOW_CTX_DAG_ID=Data_transfer
AIRFLOW_CTX_TASK_ID=is_api_available
AIRFLOW_CTX_EXECUTION_DATE=2023-11-23T04:48:04.853042+00:00
AIRFLOW_CTX_TRY_NUMBER=1
AIRFLOW_CTX_DAG_RUN_ID=scheduled__2023-11-23T04:48:04.853042+00:00
[2023-11-23T05:18:07.459+0000] {http.py:120} INFO - Poking: api/
[2023-11-23T05:18:07.470+0000] {base.py:71} INFO - Using connection ID 'rand_user_api' for task execution.
[2023-11-23T05:18:07.472+0000] {http.py:148} INFO - Sending 'GET' to url: https://randomuser.me/api/
[2023-11-23T05:18:08.660+0000] {base.py:213} INFO - Success criteria met. Exiting.
[2023-11-23T05:18:08.683+0000] {taskinstance.py:1406} INFO - Marking task as SUCCESS. dag_id=Data_transfer, task_id=is_api_available, execution_date=20231123T044804, start_date=20231123T051807, end_date=20231123T051808
[2023-11-23T05:18:08.731+0000] {local_task_job.py:164} INFO - Task exited with return code 0
[2023-11-23T05:18:08.780+0000] {local_task_job.py:273} INFO - 1 downstream tasks scheduled from follow-on schedule check
