[2023-11-23T06:40:05.354+0000] {taskinstance.py:1165} INFO - Dependencies all met for <TaskInstance: rand_user.extract_user manual__2023-11-23T06:39:58.470449+00:00 [queued]>
[2023-11-23T06:40:05.465+0000] {taskinstance.py:1165} INFO - Dependencies all met for <TaskInstance: rand_user.extract_user manual__2023-11-23T06:39:58.470449+00:00 [queued]>
[2023-11-23T06:40:05.468+0000] {taskinstance.py:1362} INFO - 
--------------------------------------------------------------------------------
[2023-11-23T06:40:05.471+0000] {taskinstance.py:1363} INFO - Starting attempt 1 of 3
[2023-11-23T06:40:05.477+0000] {taskinstance.py:1364} INFO - 
--------------------------------------------------------------------------------
[2023-11-23T06:40:05.617+0000] {taskinstance.py:1383} INFO - Executing <Task(SimpleHttpOperator): extract_user> on 2023-11-23 06:39:58.470449+00:00
[2023-11-23T06:40:05.662+0000] {standard_task_runner.py:55} INFO - Started process 7649 to run task
[2023-11-23T06:40:05.677+0000] {standard_task_runner.py:82} INFO - Running: ['***', 'tasks', 'run', 'rand_user', 'extract_user', 'manual__2023-11-23T06:39:58.470449+00:00', '--job-id', '527', '--raw', '--subdir', 'DAGS_FOLDER/predictions.py', '--cfg-path', '/tmp/tmp2zzfgl_s']
[2023-11-23T06:40:05.694+0000] {standard_task_runner.py:83} INFO - Job 527: Subtask extract_user
[2023-11-23T06:40:06.163+0000] {task_command.py:376} INFO - Running <TaskInstance: rand_user.extract_user manual__2023-11-23T06:39:58.470449+00:00 [running]> on host f71f95879a41
[2023-11-23T06:40:06.723+0000] {taskinstance.py:1592} INFO - Exporting the following env vars:
AIRFLOW_CTX_DAG_OWNER=Gaurav
AIRFLOW_CTX_DAG_ID=rand_user
AIRFLOW_CTX_TASK_ID=extract_user
AIRFLOW_CTX_EXECUTION_DATE=2023-11-23T06:39:58.470449+00:00
AIRFLOW_CTX_TRY_NUMBER=1
AIRFLOW_CTX_DAG_RUN_ID=manual__2023-11-23T06:39:58.470449+00:00
[2023-11-23T06:40:06.728+0000] {http.py:121} INFO - Calling HTTP method
[2023-11-23T06:40:06.806+0000] {base.py:71} INFO - Using connection ID 'rand_user_api' for task execution.
[2023-11-23T06:40:06.816+0000] {http.py:148} INFO - Sending 'GET' to url: https://randomuser.me/api/
[2023-11-23T06:40:07.442+0000] {http.py:125} INFO - {"results":[{"gender":"male","name":{"title":"Mr","first":"Emile","last":"Chow"},"location":{"street":{"number":8190,"name":"York St"},"city":"Stratford","state":"Manitoba","country":"Canada","postcode":"R7J 4M6","coordinates":{"latitude":"-66.8990","longitude":"-80.2368"},"timezone":{"offset":"0:00","description":"Western Europe Time, London, Lisbon, Casablanca"}},"email":"emile.chow@example.com","login":{"uuid":"527dfd2f-e105-4927-a28a-d697e1ddb678","username":"lazymouse851","password":"blaine","salt":"4fcvJkC5","md5":"41be8630eae12f08f03130970d886311","sha1":"993bfec10bb32b61b2130242993ac1488ed0b68f","sha256":"305d907a49d89fd0e1dcc7e357168ab2996b0fe53b83fd7ed9c3c221a8f1bfbd"},"dob":{"date":"1967-01-16T06:04:20.739Z","age":56},"registered":{"date":"2014-10-15T07:18:14.977Z","age":9},"phone":"X08 V73-4541","cell":"F93 Z86-4377","id":{"name":"SIN","value":"789258126"},"picture":{"large":"https://randomuser.me/api/portraits/men/49.jpg","medium":"https://randomuser.me/api/portraits/med/men/49.jpg","thumbnail":"https://randomuser.me/api/portraits/thumb/men/49.jpg"},"nat":"CA"}],"info":{"seed":"a2a7bda267dc003f","results":1,"page":1,"version":"1.4"}}
[2023-11-23T06:40:07.532+0000] {taskinstance.py:1406} INFO - Marking task as SUCCESS. dag_id=rand_user, task_id=extract_user, execution_date=20231123T063958, start_date=20231123T064005, end_date=20231123T064007
[2023-11-23T06:40:07.601+0000] {local_task_job.py:164} INFO - Task exited with return code 0
[2023-11-23T06:40:07.709+0000] {local_task_job.py:273} INFO - 1 downstream tasks scheduled from follow-on schedule check
