[2023-11-10T10:49:48.519+0000] {taskinstance.py:1165} INFO - Dependencies all met for <TaskInstance: rand_user.load_upload_data manual__2023-11-10T10:47:43.428413+00:00 [queued]>
[2023-11-10T10:49:48.535+0000] {taskinstance.py:1165} INFO - Dependencies all met for <TaskInstance: rand_user.load_upload_data manual__2023-11-10T10:47:43.428413+00:00 [queued]>
[2023-11-10T10:49:48.536+0000] {taskinstance.py:1362} INFO - 
--------------------------------------------------------------------------------
[2023-11-10T10:49:48.536+0000] {taskinstance.py:1363} INFO - Starting attempt 3 of 3
[2023-11-10T10:49:48.537+0000] {taskinstance.py:1364} INFO - 
--------------------------------------------------------------------------------
[2023-11-10T10:49:48.561+0000] {taskinstance.py:1383} INFO - Executing <Task(GenericTransfer): load_upload_data> on 2023-11-10 10:47:43.428413+00:00
[2023-11-10T10:49:48.568+0000] {standard_task_runner.py:55} INFO - Started process 4613 to run task
[2023-11-10T10:49:48.573+0000] {standard_task_runner.py:82} INFO - Running: ['***', 'tasks', 'run', 'rand_user', 'load_upload_data', 'manual__2023-11-10T10:47:43.428413+00:00', '--job-id', '182', '--raw', '--subdir', 'DAGS_FOLDER/predictions.py', '--cfg-path', '/tmp/tmpknipv2tu']
[2023-11-10T10:49:48.575+0000] {standard_task_runner.py:83} INFO - Job 182: Subtask load_upload_data
[2023-11-10T10:49:48.646+0000] {task_command.py:376} INFO - Running <TaskInstance: rand_user.load_upload_data manual__2023-11-10T10:47:43.428413+00:00 [running]> on host 91f7624ceef9
[2023-11-10T10:49:48.715+0000] {taskinstance.py:1592} INFO - Exporting the following env vars:
AIRFLOW_CTX_DAG_OWNER=Gaurav
AIRFLOW_CTX_DAG_ID=rand_user
AIRFLOW_CTX_TASK_ID=load_upload_data
AIRFLOW_CTX_EXECUTION_DATE=2023-11-10T10:47:43.428413+00:00
AIRFLOW_CTX_TRY_NUMBER=3
AIRFLOW_CTX_DAG_RUN_ID=manual__2023-11-10T10:47:43.428413+00:00
[2023-11-10T10:49:48.724+0000] {base.py:71} INFO - Using connection ID 'postgres' for task execution.
[2023-11-10T10:49:48.923+0000] {base.py:71} INFO - Using connection ID 'Destination_table' for task execution.
[2023-11-10T10:49:49.093+0000] {generic_transfer.py:76} INFO - Extracting data from postgres
[2023-11-10T10:49:49.094+0000] {generic_transfer.py:77} INFO - Executing: 
 select * from rand_users
[2023-11-10T10:49:49.101+0000] {base.py:71} INFO - Using connection ID 'postgres' for task execution.
[2023-11-10T10:49:49.106+0000] {generic_transfer.py:94} INFO - Running preoperator
[2023-11-10T10:49:49.107+0000] {generic_transfer.py:95} INFO - TRUNCATE TABLE rand_dest_users
[2023-11-10T10:49:49.113+0000] {base.py:71} INFO - Using connection ID 'Destination_table' for task execution.
[2023-11-10T10:49:49.117+0000] {sql.py:315} INFO - Running statement: TRUNCATE TABLE rand_dest_users, parameters: None
[2023-11-10T10:49:49.122+0000] {generic_transfer.py:104} INFO - Inserting rows into Destination_table
[2023-11-10T10:49:49.128+0000] {base.py:71} INFO - Using connection ID 'Destination_table' for task execution.
[2023-11-10T10:49:49.134+0000] {sql.py:415} INFO - Done loading. Loaded a total of 6 rows
[2023-11-10T10:49:49.145+0000] {taskinstance.py:1406} INFO - Marking task as SUCCESS. dag_id=rand_user, task_id=load_upload_data, execution_date=20231110T104743, start_date=20231110T104948, end_date=20231110T104949
[2023-11-10T10:49:49.185+0000] {local_task_job.py:164} INFO - Task exited with return code 0
[2023-11-10T10:49:49.210+0000] {local_task_job.py:273} INFO - 0 downstream tasks scheduled from follow-on schedule check
