[2023-11-10T10:47:44.825+0000] {taskinstance.py:1165} INFO - Dependencies all met for <TaskInstance: rand_user.load_upload_data manual__2023-11-10T10:47:43.428413+00:00 [queued]>
[2023-11-10T10:47:44.839+0000] {taskinstance.py:1165} INFO - Dependencies all met for <TaskInstance: rand_user.load_upload_data manual__2023-11-10T10:47:43.428413+00:00 [queued]>
[2023-11-10T10:47:44.839+0000] {taskinstance.py:1362} INFO - 
--------------------------------------------------------------------------------
[2023-11-10T10:47:44.839+0000] {taskinstance.py:1363} INFO - Starting attempt 1 of 3
[2023-11-10T10:47:44.840+0000] {taskinstance.py:1364} INFO - 
--------------------------------------------------------------------------------
[2023-11-10T10:47:44.860+0000] {taskinstance.py:1383} INFO - Executing <Task(GenericTransfer): load_upload_data> on 2023-11-10 10:47:43.428413+00:00
[2023-11-10T10:47:44.867+0000] {standard_task_runner.py:55} INFO - Started process 4468 to run task
[2023-11-10T10:47:44.873+0000] {standard_task_runner.py:82} INFO - Running: ['***', 'tasks', 'run', 'rand_user', 'load_upload_data', 'manual__2023-11-10T10:47:43.428413+00:00', '--job-id', '166', '--raw', '--subdir', 'DAGS_FOLDER/predictions.py', '--cfg-path', '/tmp/tmp1gtfeysb']
[2023-11-10T10:47:44.876+0000] {standard_task_runner.py:83} INFO - Job 166: Subtask load_upload_data
[2023-11-10T10:47:44.960+0000] {task_command.py:376} INFO - Running <TaskInstance: rand_user.load_upload_data manual__2023-11-10T10:47:43.428413+00:00 [running]> on host 91f7624ceef9
[2023-11-10T10:47:45.051+0000] {taskinstance.py:1592} INFO - Exporting the following env vars:
AIRFLOW_CTX_DAG_OWNER=Gaurav
AIRFLOW_CTX_DAG_ID=rand_user
AIRFLOW_CTX_TASK_ID=load_upload_data
AIRFLOW_CTX_EXECUTION_DATE=2023-11-10T10:47:43.428413+00:00
AIRFLOW_CTX_TRY_NUMBER=1
AIRFLOW_CTX_DAG_RUN_ID=manual__2023-11-10T10:47:43.428413+00:00
[2023-11-10T10:47:45.064+0000] {base.py:71} INFO - Using connection ID 'postgres' for task execution.
[2023-11-10T10:47:45.319+0000] {base.py:71} INFO - Using connection ID 'Destination_table' for task execution.
[2023-11-10T10:47:45.506+0000] {generic_transfer.py:76} INFO - Extracting data from postgres
[2023-11-10T10:47:45.507+0000] {generic_transfer.py:77} INFO - Executing: 
 select * from rand_users
[2023-11-10T10:47:45.514+0000] {base.py:71} INFO - Using connection ID 'postgres' for task execution.
[2023-11-10T10:47:45.519+0000] {generic_transfer.py:94} INFO - Running preoperator
[2023-11-10T10:47:45.520+0000] {generic_transfer.py:95} INFO - TRUNCATE TABLE rand_dest_users
[2023-11-10T10:47:45.527+0000] {base.py:71} INFO - Using connection ID 'Destination_table' for task execution.
[2023-11-10T10:47:45.531+0000] {sql.py:315} INFO - Running statement: TRUNCATE TABLE rand_dest_users, parameters: None
[2023-11-10T10:47:45.533+0000] {taskinstance.py:1851} ERROR - Task failed with exception
Traceback (most recent call last):
  File "/home/airflow/.local/lib/python3.7/site-packages/airflow/operators/generic_transfer.py", line 96, in execute
    run(self.preoperator)
  File "/home/airflow/.local/lib/python3.7/site-packages/airflow/providers/common/sql/hooks/sql.py", line 295, in run
    self._run_command(cur, sql_statement, parameters)
  File "/home/airflow/.local/lib/python3.7/site-packages/airflow/providers/common/sql/hooks/sql.py", line 320, in _run_command
    cur.execute(sql_statement)
psycopg2.errors.UndefinedTable: relation "rand_dest_users" does not exist

[2023-11-10T10:47:45.542+0000] {taskinstance.py:1406} INFO - Marking task as UP_FOR_RETRY. dag_id=rand_user, task_id=load_upload_data, execution_date=20231110T104743, start_date=20231110T104744, end_date=20231110T104745
[2023-11-10T10:47:45.565+0000] {standard_task_runner.py:105} ERROR - Failed to execute job 166 for task load_upload_data (relation "rand_dest_users" does not exist
; 4468)
[2023-11-10T10:47:45.605+0000] {local_task_job.py:164} INFO - Task exited with return code 1
[2023-11-10T10:47:45.628+0000] {local_task_job.py:273} INFO - 0 downstream tasks scheduled from follow-on schedule check
