[2023-11-10T10:48:46.265+0000] {taskinstance.py:1165} INFO - Dependencies all met for <TaskInstance: rand_user.load_upload_data manual__2023-11-10T10:47:43.428413+00:00 [queued]>
[2023-11-10T10:48:46.277+0000] {taskinstance.py:1165} INFO - Dependencies all met for <TaskInstance: rand_user.load_upload_data manual__2023-11-10T10:47:43.428413+00:00 [queued]>
[2023-11-10T10:48:46.277+0000] {taskinstance.py:1362} INFO - 
--------------------------------------------------------------------------------
[2023-11-10T10:48:46.277+0000] {taskinstance.py:1363} INFO - Starting attempt 2 of 3
[2023-11-10T10:48:46.277+0000] {taskinstance.py:1364} INFO - 
--------------------------------------------------------------------------------
[2023-11-10T10:48:46.294+0000] {taskinstance.py:1383} INFO - Executing <Task(GenericTransfer): load_upload_data> on 2023-11-10 10:47:43.428413+00:00
[2023-11-10T10:48:46.300+0000] {standard_task_runner.py:55} INFO - Started process 4541 to run task
[2023-11-10T10:48:46.305+0000] {standard_task_runner.py:82} INFO - Running: ['***', 'tasks', 'run', 'rand_user', 'load_upload_data', 'manual__2023-11-10T10:47:43.428413+00:00', '--job-id', '173', '--raw', '--subdir', 'DAGS_FOLDER/predictions.py', '--cfg-path', '/tmp/tmp6v8h6g_d']
[2023-11-10T10:48:46.307+0000] {standard_task_runner.py:83} INFO - Job 173: Subtask load_upload_data
[2023-11-10T10:48:46.385+0000] {task_command.py:376} INFO - Running <TaskInstance: rand_user.load_upload_data manual__2023-11-10T10:47:43.428413+00:00 [running]> on host 91f7624ceef9
[2023-11-10T10:48:46.468+0000] {taskinstance.py:1592} INFO - Exporting the following env vars:
AIRFLOW_CTX_DAG_OWNER=Gaurav
AIRFLOW_CTX_DAG_ID=rand_user
AIRFLOW_CTX_TASK_ID=load_upload_data
AIRFLOW_CTX_EXECUTION_DATE=2023-11-10T10:47:43.428413+00:00
AIRFLOW_CTX_TRY_NUMBER=2
AIRFLOW_CTX_DAG_RUN_ID=manual__2023-11-10T10:47:43.428413+00:00
[2023-11-10T10:48:46.478+0000] {base.py:71} INFO - Using connection ID 'postgres' for task execution.
[2023-11-10T10:48:46.680+0000] {base.py:71} INFO - Using connection ID 'Destination_table' for task execution.
[2023-11-10T10:48:46.938+0000] {generic_transfer.py:76} INFO - Extracting data from postgres
[2023-11-10T10:48:46.939+0000] {generic_transfer.py:77} INFO - Executing: 
 select * from rand_users
[2023-11-10T10:48:46.947+0000] {base.py:71} INFO - Using connection ID 'postgres' for task execution.
[2023-11-10T10:48:46.952+0000] {generic_transfer.py:94} INFO - Running preoperator
[2023-11-10T10:48:46.952+0000] {generic_transfer.py:95} INFO - TRUNCATE TABLE rand_dest_users
[2023-11-10T10:48:46.959+0000] {base.py:71} INFO - Using connection ID 'Destination_table' for task execution.
[2023-11-10T10:48:46.963+0000] {sql.py:315} INFO - Running statement: TRUNCATE TABLE rand_dest_users, parameters: None
[2023-11-10T10:48:46.964+0000] {taskinstance.py:1851} ERROR - Task failed with exception
Traceback (most recent call last):
  File "/home/airflow/.local/lib/python3.7/site-packages/airflow/operators/generic_transfer.py", line 96, in execute
    run(self.preoperator)
  File "/home/airflow/.local/lib/python3.7/site-packages/airflow/providers/common/sql/hooks/sql.py", line 295, in run
    self._run_command(cur, sql_statement, parameters)
  File "/home/airflow/.local/lib/python3.7/site-packages/airflow/providers/common/sql/hooks/sql.py", line 320, in _run_command
    cur.execute(sql_statement)
psycopg2.errors.UndefinedTable: relation "rand_dest_users" does not exist

[2023-11-10T10:48:46.973+0000] {taskinstance.py:1406} INFO - Marking task as UP_FOR_RETRY. dag_id=rand_user, task_id=load_upload_data, execution_date=20231110T104743, start_date=20231110T104846, end_date=20231110T104846
[2023-11-10T10:48:46.996+0000] {standard_task_runner.py:105} ERROR - Failed to execute job 173 for task load_upload_data (relation "rand_dest_users" does not exist
; 4541)
[2023-11-10T10:48:47.037+0000] {local_task_job.py:164} INFO - Task exited with return code 1
[2023-11-10T10:48:47.057+0000] {local_task_job.py:273} INFO - 0 downstream tasks scheduled from follow-on schedule check
