[2023-11-10T10:40:49.946+0000] {taskinstance.py:1165} INFO - Dependencies all met for <TaskInstance: rand_user.load_upload_data manual__2023-11-10T10:39:46.058446+00:00 [queued]>
[2023-11-10T10:40:49.957+0000] {taskinstance.py:1165} INFO - Dependencies all met for <TaskInstance: rand_user.load_upload_data manual__2023-11-10T10:39:46.058446+00:00 [queued]>
[2023-11-10T10:40:49.958+0000] {taskinstance.py:1362} INFO - 
--------------------------------------------------------------------------------
[2023-11-10T10:40:49.958+0000] {taskinstance.py:1363} INFO - Starting attempt 2 of 3
[2023-11-10T10:40:49.959+0000] {taskinstance.py:1364} INFO - 
--------------------------------------------------------------------------------
[2023-11-10T10:40:49.979+0000] {taskinstance.py:1383} INFO - Executing <Task(GenericTransfer): load_upload_data> on 2023-11-10 10:39:46.058446+00:00
[2023-11-10T10:40:49.985+0000] {standard_task_runner.py:55} INFO - Started process 4132 to run task
[2023-11-10T10:40:49.989+0000] {standard_task_runner.py:82} INFO - Running: ['***', 'tasks', 'run', 'rand_user', 'load_upload_data', 'manual__2023-11-10T10:39:46.058446+00:00', '--job-id', '163', '--raw', '--subdir', 'DAGS_FOLDER/predictions.py', '--cfg-path', '/tmp/tmppztx1dfe']
[2023-11-10T10:40:49.992+0000] {standard_task_runner.py:83} INFO - Job 163: Subtask load_upload_data
[2023-11-10T10:40:50.056+0000] {task_command.py:376} INFO - Running <TaskInstance: rand_user.load_upload_data manual__2023-11-10T10:39:46.058446+00:00 [running]> on host 91f7624ceef9
[2023-11-10T10:40:50.124+0000] {taskinstance.py:1592} INFO - Exporting the following env vars:
AIRFLOW_CTX_DAG_OWNER=Gaurav
AIRFLOW_CTX_DAG_ID=rand_user
AIRFLOW_CTX_TASK_ID=load_upload_data
AIRFLOW_CTX_EXECUTION_DATE=2023-11-10T10:39:46.058446+00:00
AIRFLOW_CTX_TRY_NUMBER=2
AIRFLOW_CTX_DAG_RUN_ID=manual__2023-11-10T10:39:46.058446+00:00
[2023-11-10T10:40:50.133+0000] {base.py:71} INFO - Using connection ID 'postgres' for task execution.
[2023-11-10T10:40:50.327+0000] {base.py:71} INFO - Using connection ID 'Destination_table' for task execution.
[2023-11-10T10:40:50.501+0000] {generic_transfer.py:76} INFO - Extracting data from postgres
[2023-11-10T10:40:50.501+0000] {generic_transfer.py:77} INFO - Executing: 
 select * from rand_users
[2023-11-10T10:40:50.508+0000] {base.py:71} INFO - Using connection ID 'postgres' for task execution.
[2023-11-10T10:40:50.512+0000] {generic_transfer.py:94} INFO - Running preoperator
[2023-11-10T10:40:50.512+0000] {generic_transfer.py:95} INFO - TRUNCATE TABLE datamart.tags
[2023-11-10T10:40:50.519+0000] {base.py:71} INFO - Using connection ID 'Destination_table' for task execution.
[2023-11-10T10:40:50.523+0000] {sql.py:315} INFO - Running statement: TRUNCATE TABLE datamart.tags, parameters: None
[2023-11-10T10:40:50.524+0000] {taskinstance.py:1851} ERROR - Task failed with exception
Traceback (most recent call last):
  File "/home/airflow/.local/lib/python3.7/site-packages/airflow/operators/generic_transfer.py", line 96, in execute
    run(self.preoperator)
  File "/home/airflow/.local/lib/python3.7/site-packages/airflow/providers/common/sql/hooks/sql.py", line 295, in run
    self._run_command(cur, sql_statement, parameters)
  File "/home/airflow/.local/lib/python3.7/site-packages/airflow/providers/common/sql/hooks/sql.py", line 320, in _run_command
    cur.execute(sql_statement)
psycopg2.errors.InvalidSchemaName: schema "datamart" does not exist

[2023-11-10T10:40:50.533+0000] {taskinstance.py:1406} INFO - Marking task as UP_FOR_RETRY. dag_id=rand_user, task_id=load_upload_data, execution_date=20231110T103946, start_date=20231110T104049, end_date=20231110T104050
[2023-11-10T10:40:50.545+0000] {standard_task_runner.py:105} ERROR - Failed to execute job 163 for task load_upload_data (schema "datamart" does not exist
; 4132)
[2023-11-10T10:40:50.561+0000] {local_task_job.py:164} INFO - Task exited with return code 1
[2023-11-10T10:40:50.582+0000] {local_task_job.py:273} INFO - 0 downstream tasks scheduled from follow-on schedule check
