[2023-11-21T12:11:07.569+0000] {taskinstance.py:1165} INFO - Dependencies all met for <TaskInstance: rand_user.extract_user manual__2023-11-21T12:10:15.861401+00:00 [queued]>
[2023-11-21T12:11:07.589+0000] {taskinstance.py:1165} INFO - Dependencies all met for <TaskInstance: rand_user.extract_user manual__2023-11-21T12:10:15.861401+00:00 [queued]>
[2023-11-21T12:11:07.590+0000] {taskinstance.py:1362} INFO - 
--------------------------------------------------------------------------------
[2023-11-21T12:11:07.590+0000] {taskinstance.py:1363} INFO - Starting attempt 1 of 3
[2023-11-21T12:11:07.591+0000] {taskinstance.py:1364} INFO - 
--------------------------------------------------------------------------------
[2023-11-21T12:11:07.616+0000] {taskinstance.py:1383} INFO - Executing <Task(SimpleHttpOperator): extract_user> on 2023-11-21 12:10:15.861401+00:00
[2023-11-21T12:11:07.629+0000] {standard_task_runner.py:55} INFO - Started process 73 to run task
[2023-11-21T12:11:07.637+0000] {standard_task_runner.py:82} INFO - Running: ['***', 'tasks', 'run', 'rand_user', 'extract_user', 'manual__2023-11-21T12:10:15.861401+00:00', '--job-id', '527', '--raw', '--subdir', 'DAGS_FOLDER/predictions.py', '--cfg-path', '/tmp/tmpji6vacrn']
[2023-11-21T12:11:07.642+0000] {standard_task_runner.py:83} INFO - Job 527: Subtask extract_user
[2023-11-21T12:11:07.756+0000] {task_command.py:376} INFO - Running <TaskInstance: rand_user.extract_user manual__2023-11-21T12:10:15.861401+00:00 [running]> on host 91f7624ceef9
[2023-11-21T12:11:07.884+0000] {taskinstance.py:1592} INFO - Exporting the following env vars:
AIRFLOW_CTX_DAG_OWNER=Gaurav
AIRFLOW_CTX_DAG_ID=rand_user
AIRFLOW_CTX_TASK_ID=extract_user
AIRFLOW_CTX_EXECUTION_DATE=2023-11-21T12:10:15.861401+00:00
AIRFLOW_CTX_TRY_NUMBER=1
AIRFLOW_CTX_DAG_RUN_ID=manual__2023-11-21T12:10:15.861401+00:00
[2023-11-21T12:11:07.886+0000] {http.py:121} INFO - Calling HTTP method
[2023-11-21T12:11:07.904+0000] {base.py:71} INFO - Using connection ID 'rand_user' for task execution.
[2023-11-21T12:11:07.907+0000] {http.py:148} INFO - Sending 'GET' to url: https://randomuser.me/api/
[2023-11-21T12:11:09.083+0000] {http.py:125} INFO - {"results":[{"gender":"male","name":{"title":"Mr","first":"Randall","last":"Williams"},"location":{"street":{"number":4831,"name":"Mill Road"},"city":"Edenderry","state":"Fingal","country":"Ireland","postcode":60115,"coordinates":{"latitude":"0.1831","longitude":"-134.2866"},"timezone":{"offset":"-8:00","description":"Pacific Time (US & Canada)"}},"email":"randall.williams@example.com","login":{"uuid":"cf277548-0e58-48f3-9e45-e39f8e4ac52b","username":"crazygoose932","password":"swimmer","salt":"b6uGG8oK","md5":"2bc26de5bc10941a40c86ebbfaa0909f","sha1":"c9b5a87306e5bca1800c3a9f5e037a81710c0ef7","sha256":"d99733a450332cba0b7646065ac3d26aa6da4a6c369746740d5b78717c4c073f"},"dob":{"date":"1956-03-23T20:36:24.257Z","age":67},"registered":{"date":"2013-11-13T19:15:05.790Z","age":10},"phone":"041-826-7316","cell":"081-886-7301","id":{"name":"PPS","value":"5767969T"},"picture":{"large":"https://randomuser.me/api/portraits/men/97.jpg","medium":"https://randomuser.me/api/portraits/med/men/97.jpg","thumbnail":"https://randomuser.me/api/portraits/thumb/men/97.jpg"},"nat":"IE"}],"info":{"seed":"6d3516ac796ce1ab","results":1,"page":1,"version":"1.4"}}
[2023-11-21T12:11:09.125+0000] {taskinstance.py:1406} INFO - Marking task as SUCCESS. dag_id=rand_user, task_id=extract_user, execution_date=20231121T121015, start_date=20231121T121107, end_date=20231121T121109
[2023-11-21T12:11:09.173+0000] {local_task_job.py:164} INFO - Task exited with return code 0
[2023-11-21T12:11:09.222+0000] {local_task_job.py:273} INFO - 1 downstream tasks scheduled from follow-on schedule check
