[2023-11-23T05:41:39.055+0000] {taskinstance.py:1165} INFO - Dependencies all met for <TaskInstance: rand_user.is_api_available manual__2023-11-23T05:39:34.674809+00:00 [queued]>
[2023-11-23T05:41:39.073+0000] {taskinstance.py:1165} INFO - Dependencies all met for <TaskInstance: rand_user.is_api_available manual__2023-11-23T05:39:34.674809+00:00 [queued]>
[2023-11-23T05:41:39.074+0000] {taskinstance.py:1362} INFO - 
--------------------------------------------------------------------------------
[2023-11-23T05:41:39.074+0000] {taskinstance.py:1363} INFO - Starting attempt 1 of 3
[2023-11-23T05:41:39.074+0000] {taskinstance.py:1364} INFO - 
--------------------------------------------------------------------------------
[2023-11-23T05:41:39.096+0000] {taskinstance.py:1383} INFO - Executing <Task(HttpSensor): is_api_available> on 2023-11-23 05:39:34.674809+00:00
[2023-11-23T05:41:39.103+0000] {standard_task_runner.py:55} INFO - Started process 4547 to run task
[2023-11-23T05:41:39.108+0000] {standard_task_runner.py:82} INFO - Running: ['***', 'tasks', 'run', 'rand_user', 'is_api_available', 'manual__2023-11-23T05:39:34.674809+00:00', '--job-id', '405', '--raw', '--subdir', 'DAGS_FOLDER/predictions.py', '--cfg-path', '/tmp/tmpfng2lker']
[2023-11-23T05:41:39.111+0000] {standard_task_runner.py:83} INFO - Job 405: Subtask is_api_available
[2023-11-23T05:41:39.183+0000] {task_command.py:376} INFO - Running <TaskInstance: rand_user.is_api_available manual__2023-11-23T05:39:34.674809+00:00 [running]> on host f71f95879a41
[2023-11-23T05:41:39.266+0000] {taskinstance.py:1592} INFO - Exporting the following env vars:
AIRFLOW_CTX_DAG_OWNER=Gaurav
AIRFLOW_CTX_DAG_ID=rand_user
AIRFLOW_CTX_TASK_ID=is_api_available
AIRFLOW_CTX_EXECUTION_DATE=2023-11-23T05:39:34.674809+00:00
AIRFLOW_CTX_TRY_NUMBER=1
AIRFLOW_CTX_DAG_RUN_ID=manual__2023-11-23T05:39:34.674809+00:00
[2023-11-23T05:41:39.269+0000] {http.py:120} INFO - Poking: api/
[2023-11-23T05:41:39.281+0000] {base.py:71} INFO - Using connection ID 'rand_user_api' for task execution.
[2023-11-23T05:41:39.283+0000] {http.py:148} INFO - Sending 'GET' to url: https://randomuser.me/api/
[2023-11-23T05:41:44.781+0000] {base.py:213} INFO - Success criteria met. Exiting.
[2023-11-23T05:41:44.821+0000] {taskinstance.py:1406} INFO - Marking task as SUCCESS. dag_id=rand_user, task_id=is_api_available, execution_date=20231123T053934, start_date=20231123T054139, end_date=20231123T054144
[2023-11-23T05:41:44.876+0000] {local_task_job.py:164} INFO - Task exited with return code 0
[2023-11-23T05:41:44.926+0000] {local_task_job.py:273} INFO - 1 downstream tasks scheduled from follow-on schedule check
