[2023-11-23T04:39:48.476+0000] {taskinstance.py:1165} INFO - Dependencies all met for <TaskInstance: rand_user.extract_user manual__2023-11-23T04:39:43.519575+00:00 [queued]>
[2023-11-23T04:39:48.490+0000] {taskinstance.py:1165} INFO - Dependencies all met for <TaskInstance: rand_user.extract_user manual__2023-11-23T04:39:43.519575+00:00 [queued]>
[2023-11-23T04:39:48.491+0000] {taskinstance.py:1362} INFO - 
--------------------------------------------------------------------------------
[2023-11-23T04:39:48.491+0000] {taskinstance.py:1363} INFO - Starting attempt 1 of 3
[2023-11-23T04:39:48.491+0000] {taskinstance.py:1364} INFO - 
--------------------------------------------------------------------------------
[2023-11-23T04:39:48.509+0000] {taskinstance.py:1383} INFO - Executing <Task(SimpleHttpOperator): extract_user> on 2023-11-23 04:39:43.519575+00:00
[2023-11-23T04:39:48.515+0000] {standard_task_runner.py:55} INFO - Started process 1290 to run task
[2023-11-23T04:39:48.520+0000] {standard_task_runner.py:82} INFO - Running: ['***', 'tasks', 'run', 'rand_user', 'extract_user', 'manual__2023-11-23T04:39:43.519575+00:00', '--job-id', '288', '--raw', '--subdir', 'DAGS_FOLDER/predictions.py', '--cfg-path', '/tmp/tmp981lfqrh']
[2023-11-23T04:39:48.522+0000] {standard_task_runner.py:83} INFO - Job 288: Subtask extract_user
[2023-11-23T04:39:48.598+0000] {task_command.py:376} INFO - Running <TaskInstance: rand_user.extract_user manual__2023-11-23T04:39:43.519575+00:00 [running]> on host f71f95879a41
[2023-11-23T04:39:48.669+0000] {taskinstance.py:1592} INFO - Exporting the following env vars:
AIRFLOW_CTX_DAG_OWNER=Gaurav
AIRFLOW_CTX_DAG_ID=rand_user
AIRFLOW_CTX_TASK_ID=extract_user
AIRFLOW_CTX_EXECUTION_DATE=2023-11-23T04:39:43.519575+00:00
AIRFLOW_CTX_TRY_NUMBER=1
AIRFLOW_CTX_DAG_RUN_ID=manual__2023-11-23T04:39:43.519575+00:00
[2023-11-23T04:39:48.670+0000] {http.py:121} INFO - Calling HTTP method
[2023-11-23T04:39:48.680+0000] {base.py:71} INFO - Using connection ID 'rand_user_api' for task execution.
[2023-11-23T04:39:48.682+0000] {http.py:148} INFO - Sending 'GET' to url: https://randomuser.me/api/
[2023-11-23T04:39:49.101+0000] {http.py:125} INFO - {"results":[{"gender":"female","name":{"title":"Ms","first":"Ofelia","last":"Almonte"},"location":{"street":{"number":7250,"name":"Circuito Durango"},"city":"Buenavista Tomatlán","state":"Tamaulipas","country":"Mexico","postcode":19061,"coordinates":{"latitude":"25.6647","longitude":"63.8315"},"timezone":{"offset":"+4:30","description":"Kabul"}},"email":"ofelia.almonte@example.com","login":{"uuid":"c0fab51d-132f-426d-b804-82d90204fe24","username":"crazyleopard213","password":"987987","salt":"mi0iz3DH","md5":"c922f0bbdfd089d0d653d06b8810751f","sha1":"b8675cf94ccdcfdb34f0b76be140ff3c98bf7550","sha256":"540407f8bee5cb07abf5ed26b19bb66a7cc1aa6fd93f05ab32edf3d862714312"},"dob":{"date":"1992-06-07T17:29:50.618Z","age":31},"registered":{"date":"2014-06-02T23:17:42.246Z","age":9},"phone":"(610) 299 1292","cell":"(619) 246 3263","id":{"name":"NSS","value":"04 12 09 4746 1"},"picture":{"large":"https://randomuser.me/api/portraits/women/2.jpg","medium":"https://randomuser.me/api/portraits/med/women/2.jpg","thumbnail":"https://randomuser.me/api/portraits/thumb/women/2.jpg"},"nat":"MX"}],"info":{"seed":"381b2be8b0a26588","results":1,"page":1,"version":"1.4"}}
[2023-11-23T04:39:49.195+0000] {taskinstance.py:1406} INFO - Marking task as SUCCESS. dag_id=rand_user, task_id=extract_user, execution_date=20231123T043943, start_date=20231123T043948, end_date=20231123T043949
[2023-11-23T04:39:49.254+0000] {local_task_job.py:164} INFO - Task exited with return code 0
[2023-11-23T04:39:49.288+0000] {local_task_job.py:273} INFO - 1 downstream tasks scheduled from follow-on schedule check
