[2023-11-22T10:03:24.147+0000] {taskinstance.py:1165} INFO - Dependencies all met for <TaskInstance: Data_transfer.is_api_available manual__2023-11-22T10:03:21.414284+00:00 [queued]>
[2023-11-22T10:03:24.159+0000] {taskinstance.py:1165} INFO - Dependencies all met for <TaskInstance: Data_transfer.is_api_available manual__2023-11-22T10:03:21.414284+00:00 [queued]>
[2023-11-22T10:03:24.160+0000] {taskinstance.py:1362} INFO - 
--------------------------------------------------------------------------------
[2023-11-22T10:03:24.160+0000] {taskinstance.py:1363} INFO - Starting attempt 1 of 3
[2023-11-22T10:03:24.161+0000] {taskinstance.py:1364} INFO - 
--------------------------------------------------------------------------------
[2023-11-22T10:03:24.181+0000] {taskinstance.py:1383} INFO - Executing <Task(HttpSensor): is_api_available> on 2023-11-22 10:03:21.414284+00:00
[2023-11-22T10:03:24.189+0000] {standard_task_runner.py:55} INFO - Started process 5999 to run task
[2023-11-22T10:03:24.194+0000] {standard_task_runner.py:82} INFO - Running: ['***', 'tasks', 'run', 'Data_transfer', 'is_api_available', 'manual__2023-11-22T10:03:21.414284+00:00', '--job-id', '133', '--raw', '--subdir', 'DAGS_FOLDER/data_transfer.py', '--cfg-path', '/tmp/tmpl_9hpv24']
[2023-11-22T10:03:24.197+0000] {standard_task_runner.py:83} INFO - Job 133: Subtask is_api_available
[2023-11-22T10:03:24.285+0000] {task_command.py:376} INFO - Running <TaskInstance: Data_transfer.is_api_available manual__2023-11-22T10:03:21.414284+00:00 [running]> on host f71f95879a41
[2023-11-22T10:03:24.443+0000] {taskinstance.py:1592} INFO - Exporting the following env vars:
AIRFLOW_CTX_DAG_OWNER=Gaurav
AIRFLOW_CTX_DAG_ID=Data_transfer
AIRFLOW_CTX_TASK_ID=is_api_available
AIRFLOW_CTX_EXECUTION_DATE=2023-11-22T10:03:21.414284+00:00
AIRFLOW_CTX_TRY_NUMBER=1
AIRFLOW_CTX_DAG_RUN_ID=manual__2023-11-22T10:03:21.414284+00:00
[2023-11-22T10:03:24.445+0000] {http.py:120} INFO - Poking: api/
[2023-11-22T10:03:24.470+0000] {base.py:71} INFO - Using connection ID 'rand_user_api' for task execution.
[2023-11-22T10:03:24.474+0000] {http.py:148} INFO - Sending 'GET' to url: https://randomuser.me/api/
[2023-11-22T10:03:25.589+0000] {base.py:213} INFO - Success criteria met. Exiting.
[2023-11-22T10:03:25.600+0000] {taskinstance.py:1406} INFO - Marking task as SUCCESS. dag_id=Data_transfer, task_id=is_api_available, execution_date=20231122T100321, start_date=20231122T100324, end_date=20231122T100325
[2023-11-22T10:03:25.652+0000] {local_task_job.py:164} INFO - Task exited with return code 0
[2023-11-22T10:03:25.696+0000] {local_task_job.py:273} INFO - 1 downstream tasks scheduled from follow-on schedule check
