[2023-11-22T09:10:29.839+0000] {taskinstance.py:1165} INFO - Dependencies all met for <TaskInstance: Data_transfer.extract_user scheduled__2023-11-22T08:40:23.870064+00:00 [queued]>
[2023-11-22T09:10:29.858+0000] {taskinstance.py:1165} INFO - Dependencies all met for <TaskInstance: Data_transfer.extract_user scheduled__2023-11-22T08:40:23.870064+00:00 [queued]>
[2023-11-22T09:10:29.859+0000] {taskinstance.py:1362} INFO - 
--------------------------------------------------------------------------------
[2023-11-22T09:10:29.859+0000] {taskinstance.py:1363} INFO - Starting attempt 1 of 3
[2023-11-22T09:10:29.860+0000] {taskinstance.py:1364} INFO - 
--------------------------------------------------------------------------------
[2023-11-22T09:10:29.895+0000] {taskinstance.py:1383} INFO - Executing <Task(SimpleHttpOperator): extract_user> on 2023-11-22 08:40:23.870064+00:00
[2023-11-22T09:10:29.902+0000] {standard_task_runner.py:55} INFO - Started process 3257 to run task
[2023-11-22T09:10:29.908+0000] {standard_task_runner.py:82} INFO - Running: ['***', 'tasks', 'run', 'Data_transfer', 'extract_user', 'scheduled__2023-11-22T08:40:23.870064+00:00', '--job-id', '44', '--raw', '--subdir', 'DAGS_FOLDER/data_transfer.py', '--cfg-path', '/tmp/tmp76c4zkn5']
[2023-11-22T09:10:29.910+0000] {standard_task_runner.py:83} INFO - Job 44: Subtask extract_user
[2023-11-22T09:10:29.995+0000] {task_command.py:376} INFO - Running <TaskInstance: Data_transfer.extract_user scheduled__2023-11-22T08:40:23.870064+00:00 [running]> on host f71f95879a41
[2023-11-22T09:10:30.079+0000] {taskinstance.py:1592} INFO - Exporting the following env vars:
AIRFLOW_CTX_DAG_OWNER=Gaurav
AIRFLOW_CTX_DAG_ID=Data_transfer
AIRFLOW_CTX_TASK_ID=extract_user
AIRFLOW_CTX_EXECUTION_DATE=2023-11-22T08:40:23.870064+00:00
AIRFLOW_CTX_TRY_NUMBER=1
AIRFLOW_CTX_DAG_RUN_ID=scheduled__2023-11-22T08:40:23.870064+00:00
[2023-11-22T09:10:30.081+0000] {http.py:121} INFO - Calling HTTP method
[2023-11-22T09:10:30.091+0000] {base.py:71} INFO - Using connection ID 'rand_user_api' for task execution.
[2023-11-22T09:10:30.094+0000] {http.py:148} INFO - Sending 'GET' to url: https://randomuser.me/api/
[2023-11-22T09:10:30.488+0000] {http.py:125} INFO - {"results":[{"gender":"female","name":{"title":"Mrs","first":"Elizabeth","last":"Côté"},"location":{"street":{"number":3410,"name":"Dalhousie Ave"},"city":"Victoria","state":"Nunavut","country":"Canada","postcode":"C7L 1Q1","coordinates":{"latitude":"-68.7036","longitude":"52.6214"},"timezone":{"offset":"-9:00","description":"Alaska"}},"email":"elizabeth.cote@example.com","login":{"uuid":"539155e8-d538-4c10-8d2e-d4b6092613b2","username":"tinyswan365","password":"beech","salt":"wpIVedG2","md5":"c0b4314b689a6dc174a7228b3f715947","sha1":"9359f7935719e80335aa7b37417c9e70a8640397","sha256":"554c2c99b20dd25801424b726a5a24fb32671a11a7493537c648b7b8f1137014"},"dob":{"date":"1984-10-22T14:51:23.497Z","age":39},"registered":{"date":"2010-07-29T14:43:40.457Z","age":13},"phone":"O14 B27-1502","cell":"X23 H78-5985","id":{"name":"SIN","value":"394026793"},"picture":{"large":"https://randomuser.me/api/portraits/women/2.jpg","medium":"https://randomuser.me/api/portraits/med/women/2.jpg","thumbnail":"https://randomuser.me/api/portraits/thumb/women/2.jpg"},"nat":"CA"}],"info":{"seed":"5c0f7c58feac7ba7","results":1,"page":1,"version":"1.4"}}
[2023-11-22T09:10:30.523+0000] {taskinstance.py:1406} INFO - Marking task as SUCCESS. dag_id=Data_transfer, task_id=extract_user, execution_date=20231122T084023, start_date=20231122T091029, end_date=20231122T091030
[2023-11-22T09:10:30.560+0000] {local_task_job.py:164} INFO - Task exited with return code 0
[2023-11-22T09:10:30.604+0000] {local_task_job.py:273} INFO - 1 downstream tasks scheduled from follow-on schedule check
