[2023-11-22T05:52:56.826+0000] {taskinstance.py:1165} INFO - Dependencies all met for <TaskInstance: rand_user.is_api_available scheduled__2023-11-22T05:22:52.691912+00:00 [queued]>
[2023-11-22T05:52:56.845+0000] {taskinstance.py:1165} INFO - Dependencies all met for <TaskInstance: rand_user.is_api_available scheduled__2023-11-22T05:22:52.691912+00:00 [queued]>
[2023-11-22T05:52:56.846+0000] {taskinstance.py:1362} INFO - 
--------------------------------------------------------------------------------
[2023-11-22T05:52:56.846+0000] {taskinstance.py:1363} INFO - Starting attempt 1 of 3
[2023-11-22T05:52:56.847+0000] {taskinstance.py:1364} INFO - 
--------------------------------------------------------------------------------
[2023-11-22T05:52:56.869+0000] {taskinstance.py:1383} INFO - Executing <Task(HttpSensor): is_api_available> on 2023-11-22 05:22:52.691912+00:00
[2023-11-22T05:52:56.878+0000] {standard_task_runner.py:55} INFO - Started process 6621 to run task
[2023-11-22T05:52:56.885+0000] {standard_task_runner.py:82} INFO - Running: ['***', 'tasks', 'run', 'rand_user', 'is_api_available', 'scheduled__2023-11-22T05:22:52.691912+00:00', '--job-id', '749', '--raw', '--subdir', 'DAGS_FOLDER/predictions.py', '--cfg-path', '/tmp/tmp4mi56qfz']
[2023-11-22T05:52:56.889+0000] {standard_task_runner.py:83} INFO - Job 749: Subtask is_api_available
[2023-11-22T05:52:57.019+0000] {task_command.py:376} INFO - Running <TaskInstance: rand_user.is_api_available scheduled__2023-11-22T05:22:52.691912+00:00 [running]> on host 91f7624ceef9
[2023-11-22T05:52:57.183+0000] {taskinstance.py:1592} INFO - Exporting the following env vars:
AIRFLOW_CTX_DAG_OWNER=Gaurav
AIRFLOW_CTX_DAG_ID=rand_user
AIRFLOW_CTX_TASK_ID=is_api_available
AIRFLOW_CTX_EXECUTION_DATE=2023-11-22T05:22:52.691912+00:00
AIRFLOW_CTX_TRY_NUMBER=1
AIRFLOW_CTX_DAG_RUN_ID=scheduled__2023-11-22T05:22:52.691912+00:00
[2023-11-22T05:52:57.185+0000] {http.py:120} INFO - Poking: api/
[2023-11-22T05:52:57.209+0000] {base.py:71} INFO - Using connection ID 'rand_user' for task execution.
[2023-11-22T05:52:57.213+0000] {http.py:148} INFO - Sending 'GET' to url: https://randomuser.me/api/
[2023-11-22T05:52:57.635+0000] {base.py:213} INFO - Success criteria met. Exiting.
[2023-11-22T05:52:57.651+0000] {taskinstance.py:1406} INFO - Marking task as SUCCESS. dag_id=rand_user, task_id=is_api_available, execution_date=20231122T052252, start_date=20231122T055256, end_date=20231122T055257
[2023-11-22T05:52:57.698+0000] {local_task_job.py:164} INFO - Task exited with return code 0
[2023-11-22T05:52:57.759+0000] {local_task_job.py:273} INFO - 1 downstream tasks scheduled from follow-on schedule check
