[2023-11-22T05:26:02.744+0000] {taskinstance.py:1165} INFO - Dependencies all met for <TaskInstance: rand_user.process_user manual__2023-11-22T05:25:51.987352+00:00 [queued]>
[2023-11-22T05:26:02.763+0000] {taskinstance.py:1165} INFO - Dependencies all met for <TaskInstance: rand_user.process_user manual__2023-11-22T05:25:51.987352+00:00 [queued]>
[2023-11-22T05:26:02.763+0000] {taskinstance.py:1362} INFO - 
--------------------------------------------------------------------------------
[2023-11-22T05:26:02.764+0000] {taskinstance.py:1363} INFO - Starting attempt 1 of 3
[2023-11-22T05:26:02.765+0000] {taskinstance.py:1364} INFO - 
--------------------------------------------------------------------------------
[2023-11-22T05:26:02.789+0000] {taskinstance.py:1383} INFO - Executing <Task(PythonOperator): process_user> on 2023-11-22 05:25:51.987352+00:00
[2023-11-22T05:26:02.798+0000] {standard_task_runner.py:55} INFO - Started process 5273 to run task
[2023-11-22T05:26:02.806+0000] {standard_task_runner.py:82} INFO - Running: ['***', 'tasks', 'run', 'rand_user', 'process_user', 'manual__2023-11-22T05:25:51.987352+00:00', '--job-id', '660', '--raw', '--subdir', 'DAGS_FOLDER/predictions.py', '--cfg-path', '/tmp/tmp895muh4y']
[2023-11-22T05:26:02.809+0000] {standard_task_runner.py:83} INFO - Job 660: Subtask process_user
[2023-11-22T05:26:02.921+0000] {task_command.py:376} INFO - Running <TaskInstance: rand_user.process_user manual__2023-11-22T05:25:51.987352+00:00 [running]> on host 91f7624ceef9
[2023-11-22T05:26:03.059+0000] {taskinstance.py:1592} INFO - Exporting the following env vars:
AIRFLOW_CTX_DAG_OWNER=Gaurav
AIRFLOW_CTX_DAG_ID=rand_user
AIRFLOW_CTX_TASK_ID=process_user
AIRFLOW_CTX_EXECUTION_DATE=2023-11-22T05:25:51.987352+00:00
AIRFLOW_CTX_TRY_NUMBER=1
AIRFLOW_CTX_DAG_RUN_ID=manual__2023-11-22T05:25:51.987352+00:00
[2023-11-22T05:26:03.123+0000] {logging_mixin.py:120} INFO - Printing the DataFrame:                                    uuid title  ...                    email age
0  5f183ac0-5671-497b-8b66-6678fa607a04    Mr  ...  felix.young@example.com  57

[1 rows x 10 columns]
[2023-11-22T05:26:03.129+0000] {python.py:177} INFO - Done. Returned value was: None
[2023-11-22T05:26:03.146+0000] {taskinstance.py:1406} INFO - Marking task as SUCCESS. dag_id=rand_user, task_id=process_user, execution_date=20231122T052551, start_date=20231122T052602, end_date=20231122T052603
[2023-11-22T05:26:03.216+0000] {local_task_job.py:164} INFO - Task exited with return code 0
[2023-11-22T05:26:03.269+0000] {local_task_job.py:273} INFO - 1 downstream tasks scheduled from follow-on schedule check
