[2023-11-22T05:05:16.083+0000] {taskinstance.py:1165} INFO - Dependencies all met for <TaskInstance: rand_user.extract_user manual__2023-11-22T05:05:08.848057+00:00 [queued]>
[2023-11-22T05:05:16.106+0000] {taskinstance.py:1165} INFO - Dependencies all met for <TaskInstance: rand_user.extract_user manual__2023-11-22T05:05:08.848057+00:00 [queued]>
[2023-11-22T05:05:16.107+0000] {taskinstance.py:1362} INFO - 
--------------------------------------------------------------------------------
[2023-11-22T05:05:16.107+0000] {taskinstance.py:1363} INFO - Starting attempt 1 of 3
[2023-11-22T05:05:16.108+0000] {taskinstance.py:1364} INFO - 
--------------------------------------------------------------------------------
[2023-11-22T05:05:16.135+0000] {taskinstance.py:1383} INFO - Executing <Task(SimpleHttpOperator): extract_user> on 2023-11-22 05:05:08.848057+00:00
[2023-11-22T05:05:16.145+0000] {standard_task_runner.py:55} INFO - Started process 4189 to run task
[2023-11-22T05:05:16.152+0000] {standard_task_runner.py:82} INFO - Running: ['***', 'tasks', 'run', 'rand_user', 'extract_user', 'manual__2023-11-22T05:05:08.848057+00:00', '--job-id', '598', '--raw', '--subdir', 'DAGS_FOLDER/predictions.py', '--cfg-path', '/tmp/tmp5mamn_fo']
[2023-11-22T05:05:16.158+0000] {standard_task_runner.py:83} INFO - Job 598: Subtask extract_user
[2023-11-22T05:05:16.280+0000] {task_command.py:376} INFO - Running <TaskInstance: rand_user.extract_user manual__2023-11-22T05:05:08.848057+00:00 [running]> on host 91f7624ceef9
[2023-11-22T05:05:16.395+0000] {taskinstance.py:1592} INFO - Exporting the following env vars:
AIRFLOW_CTX_DAG_OWNER=Gaurav
AIRFLOW_CTX_DAG_ID=rand_user
AIRFLOW_CTX_TASK_ID=extract_user
AIRFLOW_CTX_EXECUTION_DATE=2023-11-22T05:05:08.848057+00:00
AIRFLOW_CTX_TRY_NUMBER=1
AIRFLOW_CTX_DAG_RUN_ID=manual__2023-11-22T05:05:08.848057+00:00
[2023-11-22T05:05:16.397+0000] {http.py:121} INFO - Calling HTTP method
[2023-11-22T05:05:16.414+0000] {base.py:71} INFO - Using connection ID 'rand_user' for task execution.
[2023-11-22T05:05:16.417+0000] {http.py:148} INFO - Sending 'GET' to url: https://randomuser.me/api/
[2023-11-22T05:05:17.514+0000] {http.py:125} INFO - {"results":[{"gender":"female","name":{"title":"Ms","first":"Suzanne","last":"Gardner"},"location":{"street":{"number":9138,"name":"Church Lane"},"city":"Bath","state":"County Fermanagh","country":"United Kingdom","postcode":"F86 6DS","coordinates":{"latitude":"-7.1071","longitude":"21.0819"},"timezone":{"offset":"-3:30","description":"Newfoundland"}},"email":"suzanne.gardner@example.com","login":{"uuid":"e4f5e103-7474-436d-b546-91ae5b79dac2","username":"happymeercat185","password":"darkman","salt":"sEplAYQu","md5":"9d4b70260158ff2639a254fa7035e907","sha1":"39b5f15dfcf8c4f0e16c4fff19fa54b71bd444fb","sha256":"2e24e100af0d7905e3ff32890da4b1541e3c93fe1640e1736f43282e36464f8f"},"dob":{"date":"1980-11-18T09:53:21.439Z","age":43},"registered":{"date":"2020-10-18T10:52:49.370Z","age":3},"phone":"01101 558056","cell":"07473 356333","id":{"name":"NINO","value":"MX 24 52 98 Q"},"picture":{"large":"https://randomuser.me/api/portraits/women/36.jpg","medium":"https://randomuser.me/api/portraits/med/women/36.jpg","thumbnail":"https://randomuser.me/api/portraits/thumb/women/36.jpg"},"nat":"GB"}],"info":{"seed":"e6ee1e1a115be2bc","results":1,"page":1,"version":"1.4"}}
[2023-11-22T05:05:17.569+0000] {taskinstance.py:1406} INFO - Marking task as SUCCESS. dag_id=rand_user, task_id=extract_user, execution_date=20231122T050508, start_date=20231122T050516, end_date=20231122T050517
[2023-11-22T05:05:17.649+0000] {local_task_job.py:164} INFO - Task exited with return code 0
[2023-11-22T05:05:17.798+0000] {local_task_job.py:273} INFO - 1 downstream tasks scheduled from follow-on schedule check
