[2023-11-22T09:39:22.101+0000] {taskinstance.py:1165} INFO - Dependencies all met for <TaskInstance: Data_transfer.upload_data_source manual__2023-11-22T09:37:08.854232+00:00 [queued]>
[2023-11-22T09:39:22.116+0000] {taskinstance.py:1165} INFO - Dependencies all met for <TaskInstance: Data_transfer.upload_data_source manual__2023-11-22T09:37:08.854232+00:00 [queued]>
[2023-11-22T09:39:22.117+0000] {taskinstance.py:1362} INFO - 
--------------------------------------------------------------------------------
[2023-11-22T09:39:22.117+0000] {taskinstance.py:1363} INFO - Starting attempt 3 of 3
[2023-11-22T09:39:22.118+0000] {taskinstance.py:1364} INFO - 
--------------------------------------------------------------------------------
[2023-11-22T09:39:22.137+0000] {taskinstance.py:1383} INFO - Executing <Task(GenericTransfer): upload_data_source> on 2023-11-22 09:37:08.854232+00:00
[2023-11-22T09:39:22.146+0000] {standard_task_runner.py:55} INFO - Started process 4770 to run task
[2023-11-22T09:39:22.152+0000] {standard_task_runner.py:82} INFO - Running: ['***', 'tasks', 'run', 'Data_transfer', 'upload_data_source', 'manual__2023-11-22T09:37:08.854232+00:00', '--job-id', '97', '--raw', '--subdir', 'DAGS_FOLDER/data_transfer.py', '--cfg-path', '/tmp/tmp8iqiaiy6']
[2023-11-22T09:39:22.155+0000] {standard_task_runner.py:83} INFO - Job 97: Subtask upload_data_source
[2023-11-22T09:39:22.229+0000] {task_command.py:376} INFO - Running <TaskInstance: Data_transfer.upload_data_source manual__2023-11-22T09:37:08.854232+00:00 [running]> on host f71f95879a41
[2023-11-22T09:39:22.323+0000] {taskinstance.py:1592} INFO - Exporting the following env vars:
AIRFLOW_CTX_DAG_OWNER=Gaurav
AIRFLOW_CTX_DAG_ID=Data_transfer
AIRFLOW_CTX_TASK_ID=upload_data_source
AIRFLOW_CTX_EXECUTION_DATE=2023-11-22T09:37:08.854232+00:00
AIRFLOW_CTX_TRY_NUMBER=3
AIRFLOW_CTX_DAG_RUN_ID=manual__2023-11-22T09:37:08.854232+00:00
[2023-11-22T09:39:22.336+0000] {base.py:71} INFO - Using connection ID 'postgres' for task execution.
[2023-11-22T09:39:22.610+0000] {base.py:71} INFO - Using connection ID 'source_db_***' for task execution.
[2023-11-22T09:39:22.801+0000] {generic_transfer.py:76} INFO - Extracting data from postgres
[2023-11-22T09:39:22.802+0000] {generic_transfer.py:77} INFO - Executing: 
 SELECT * FROM table1_users
[2023-11-22T09:39:22.810+0000] {base.py:71} INFO - Using connection ID 'postgres' for task execution.
[2023-11-22T09:39:22.816+0000] {generic_transfer.py:94} INFO - Running preoperator
[2023-11-22T09:39:22.817+0000] {generic_transfer.py:95} INFO - TRUNCATE TABLE table1_users
[2023-11-22T09:39:22.825+0000] {base.py:71} INFO - Using connection ID 'source_db_***' for task execution.
[2023-11-22T09:39:22.834+0000] {sql.py:315} INFO - Running statement: TRUNCATE TABLE table1_users, parameters: None
[2023-11-22T09:39:22.857+0000] {generic_transfer.py:104} INFO - Inserting rows into source_db_***
[2023-11-22T09:39:22.865+0000] {base.py:71} INFO - Using connection ID 'source_db_***' for task execution.
[2023-11-22T09:39:22.882+0000] {sql.py:415} INFO - Done loading. Loaded a total of 4 rows
[2023-11-22T09:39:22.895+0000] {taskinstance.py:1406} INFO - Marking task as SUCCESS. dag_id=Data_transfer, task_id=upload_data_source, execution_date=20231122T093708, start_date=20231122T093922, end_date=20231122T093922
[2023-11-22T09:39:22.964+0000] {local_task_job.py:164} INFO - Task exited with return code 0
[2023-11-22T09:39:22.988+0000] {local_task_job.py:273} INFO - 1 downstream tasks scheduled from follow-on schedule check
