[2023-11-22T04:15:57.464+0000] {taskinstance.py:1165} INFO - Dependencies all met for <TaskInstance: rand_user.upload_data_source scheduled__2023-11-22T03:45:42.629015+00:00 [queued]>
[2023-11-22T04:15:57.481+0000] {taskinstance.py:1165} INFO - Dependencies all met for <TaskInstance: rand_user.upload_data_source scheduled__2023-11-22T03:45:42.629015+00:00 [queued]>
[2023-11-22T04:15:57.481+0000] {taskinstance.py:1362} INFO - 
--------------------------------------------------------------------------------
[2023-11-22T04:15:57.482+0000] {taskinstance.py:1363} INFO - Starting attempt 1 of 3
[2023-11-22T04:15:57.482+0000] {taskinstance.py:1364} INFO - 
--------------------------------------------------------------------------------
[2023-11-22T04:15:57.504+0000] {taskinstance.py:1383} INFO - Executing <Task(GenericTransfer): upload_data_source> on 2023-11-22 03:45:42.629015+00:00
[2023-11-22T04:15:57.513+0000] {standard_task_runner.py:55} INFO - Started process 1906 to run task
[2023-11-22T04:15:57.521+0000] {standard_task_runner.py:82} INFO - Running: ['***', 'tasks', 'run', 'rand_user', 'upload_data_source', 'scheduled__2023-11-22T03:45:42.629015+00:00', '--job-id', '565', '--raw', '--subdir', 'DAGS_FOLDER/predictions.py', '--cfg-path', '/tmp/tmpd7ewt3ys']
[2023-11-22T04:15:57.524+0000] {standard_task_runner.py:83} INFO - Job 565: Subtask upload_data_source
[2023-11-22T04:15:57.622+0000] {task_command.py:376} INFO - Running <TaskInstance: rand_user.upload_data_source scheduled__2023-11-22T03:45:42.629015+00:00 [running]> on host 91f7624ceef9
[2023-11-22T04:15:57.742+0000] {taskinstance.py:1592} INFO - Exporting the following env vars:
AIRFLOW_CTX_DAG_OWNER=Gaurav
AIRFLOW_CTX_DAG_ID=rand_user
AIRFLOW_CTX_TASK_ID=upload_data_source
AIRFLOW_CTX_EXECUTION_DATE=2023-11-22T03:45:42.629015+00:00
AIRFLOW_CTX_TRY_NUMBER=1
AIRFLOW_CTX_DAG_RUN_ID=scheduled__2023-11-22T03:45:42.629015+00:00
[2023-11-22T04:15:57.757+0000] {base.py:71} INFO - Using connection ID 'postgres' for task execution.
[2023-11-22T04:15:58.085+0000] {base.py:71} INFO - Using connection ID 'source_db_***' for task execution.
[2023-11-22T04:15:58.388+0000] {generic_transfer.py:76} INFO - Extracting data from postgres
[2023-11-22T04:15:58.388+0000] {generic_transfer.py:77} INFO - Executing: 
 SELECT * FROM rand_users
[2023-11-22T04:15:58.398+0000] {base.py:71} INFO - Using connection ID 'postgres' for task execution.
[2023-11-22T04:15:58.405+0000] {generic_transfer.py:94} INFO - Running preoperator
[2023-11-22T04:15:58.406+0000] {generic_transfer.py:95} INFO - TRUNCATE TABLE rand_users
[2023-11-22T04:15:58.416+0000] {base.py:71} INFO - Using connection ID 'source_db_***' for task execution.
[2023-11-22T04:15:58.424+0000] {sql.py:315} INFO - Running statement: TRUNCATE TABLE rand_users, parameters: None
[2023-11-22T04:15:58.443+0000] {generic_transfer.py:104} INFO - Inserting rows into source_db_***
[2023-11-22T04:15:58.453+0000] {base.py:71} INFO - Using connection ID 'source_db_***' for task execution.
[2023-11-22T04:15:58.498+0000] {sql.py:415} INFO - Done loading. Loaded a total of 37 rows
[2023-11-22T04:15:58.513+0000] {taskinstance.py:1406} INFO - Marking task as SUCCESS. dag_id=rand_user, task_id=upload_data_source, execution_date=20231122T034542, start_date=20231122T041557, end_date=20231122T041558
[2023-11-22T04:15:58.574+0000] {local_task_job.py:164} INFO - Task exited with return code 0
[2023-11-22T04:15:58.615+0000] {local_task_job.py:273} INFO - 1 downstream tasks scheduled from follow-on schedule check
