[2023-11-14T10:41:39.963+0000] {taskinstance.py:1165} INFO - Dependencies all met for <TaskInstance: rand_user.extract_user manual__2023-11-14T10:41:35.499266+00:00 [queued]>
[2023-11-14T10:41:39.976+0000] {taskinstance.py:1165} INFO - Dependencies all met for <TaskInstance: rand_user.extract_user manual__2023-11-14T10:41:35.499266+00:00 [queued]>
[2023-11-14T10:41:39.976+0000] {taskinstance.py:1362} INFO - 
--------------------------------------------------------------------------------
[2023-11-14T10:41:39.977+0000] {taskinstance.py:1363} INFO - Starting attempt 1 of 3
[2023-11-14T10:41:39.977+0000] {taskinstance.py:1364} INFO - 
--------------------------------------------------------------------------------
[2023-11-14T10:41:39.994+0000] {taskinstance.py:1383} INFO - Executing <Task(SimpleHttpOperator): extract_user> on 2023-11-14 10:41:35.499266+00:00
[2023-11-14T10:41:39.999+0000] {standard_task_runner.py:55} INFO - Started process 4034 to run task
[2023-11-14T10:41:40.005+0000] {standard_task_runner.py:82} INFO - Running: ['***', 'tasks', 'run', 'rand_user', 'extract_user', 'manual__2023-11-14T10:41:35.499266+00:00', '--job-id', '456', '--raw', '--subdir', 'DAGS_FOLDER/predictions.py', '--cfg-path', '/tmp/tmp5yrxtayt']
[2023-11-14T10:41:40.007+0000] {standard_task_runner.py:83} INFO - Job 456: Subtask extract_user
[2023-11-14T10:41:40.071+0000] {task_command.py:376} INFO - Running <TaskInstance: rand_user.extract_user manual__2023-11-14T10:41:35.499266+00:00 [running]> on host 91f7624ceef9
[2023-11-14T10:41:40.166+0000] {taskinstance.py:1592} INFO - Exporting the following env vars:
AIRFLOW_CTX_DAG_OWNER=Gaurav
AIRFLOW_CTX_DAG_ID=rand_user
AIRFLOW_CTX_TASK_ID=extract_user
AIRFLOW_CTX_EXECUTION_DATE=2023-11-14T10:41:35.499266+00:00
AIRFLOW_CTX_TRY_NUMBER=1
AIRFLOW_CTX_DAG_RUN_ID=manual__2023-11-14T10:41:35.499266+00:00
[2023-11-14T10:41:40.167+0000] {http.py:121} INFO - Calling HTTP method
[2023-11-14T10:41:40.181+0000] {base.py:71} INFO - Using connection ID 'rand_user' for task execution.
[2023-11-14T10:41:40.183+0000] {http.py:148} INFO - Sending 'GET' to url: https://randomuser.me/api/
[2023-11-14T10:41:40.585+0000] {http.py:125} INFO - {"results":[{"gender":"male","name":{"title":"Mr","first":"Cesar","last":"Aguilar"},"location":{"street":{"number":1854,"name":"Calle de Alberto Aguilera"},"city":"Torrejón de Ardoz","state":"Cataluña","country":"Spain","postcode":76124,"coordinates":{"latitude":"-34.2773","longitude":"-47.0063"},"timezone":{"offset":"-9:00","description":"Alaska"}},"email":"cesar.aguilar@example.com","login":{"uuid":"30124d6b-7060-4893-90e4-7e602a896fc8","username":"tinyfish515","password":"1111","salt":"CbAdHMpe","md5":"3243de85ba32a7e389c7af456ae69e50","sha1":"93a33c20e34ac52c3e03f78f2b2c43b2b3cc7fba","sha256":"9bd6306a959182bc2808dd6c1f984b010e0fc0c0b54050eea845e502382d9037"},"dob":{"date":"1997-08-21T16:07:03.050Z","age":26},"registered":{"date":"2010-07-12T01:29:50.427Z","age":13},"phone":"916-554-975","cell":"667-923-617","id":{"name":"DNI","value":"44187139-S"},"picture":{"large":"https://randomuser.me/api/portraits/men/5.jpg","medium":"https://randomuser.me/api/portraits/med/men/5.jpg","thumbnail":"https://randomuser.me/api/portraits/thumb/men/5.jpg"},"nat":"ES"}],"info":{"seed":"a75c728a361dd153","results":1,"page":1,"version":"1.4"}}
[2023-11-14T10:41:40.621+0000] {taskinstance.py:1406} INFO - Marking task as SUCCESS. dag_id=rand_user, task_id=extract_user, execution_date=20231114T104135, start_date=20231114T104139, end_date=20231114T104140
[2023-11-14T10:41:40.657+0000] {local_task_job.py:164} INFO - Task exited with return code 0
[2023-11-14T10:41:40.692+0000] {local_task_job.py:273} INFO - 1 downstream tasks scheduled from follow-on schedule check
