[2023-11-22T06:27:03.871+0000] {taskinstance.py:1165} INFO - Dependencies all met for <TaskInstance: rand_user.extract_user manual__2023-11-22T06:25:56.045775+00:00 [queued]>
[2023-11-22T06:27:03.909+0000] {taskinstance.py:1165} INFO - Dependencies all met for <TaskInstance: rand_user.extract_user manual__2023-11-22T06:25:56.045775+00:00 [queued]>
[2023-11-22T06:27:03.910+0000] {taskinstance.py:1362} INFO - 
--------------------------------------------------------------------------------
[2023-11-22T06:27:03.912+0000] {taskinstance.py:1363} INFO - Starting attempt 1 of 3
[2023-11-22T06:27:03.912+0000] {taskinstance.py:1364} INFO - 
--------------------------------------------------------------------------------
[2023-11-22T06:27:03.954+0000] {taskinstance.py:1383} INFO - Executing <Task(SimpleHttpOperator): extract_user> on 2023-11-22 06:25:56.045775+00:00
[2023-11-22T06:27:03.973+0000] {standard_task_runner.py:55} INFO - Started process 669 to run task
[2023-11-22T06:27:03.985+0000] {standard_task_runner.py:82} INFO - Running: ['***', 'tasks', 'run', 'rand_user', 'extract_user', 'manual__2023-11-22T06:25:56.045775+00:00', '--job-id', '14', '--raw', '--subdir', 'DAGS_FOLDER/predictions.py', '--cfg-path', '/tmp/tmpo2s0jf02']
[2023-11-22T06:27:03.991+0000] {standard_task_runner.py:83} INFO - Job 14: Subtask extract_user
[2023-11-22T06:27:04.132+0000] {task_command.py:376} INFO - Running <TaskInstance: rand_user.extract_user manual__2023-11-22T06:25:56.045775+00:00 [running]> on host e4a6f7cdd654
[2023-11-22T06:27:04.313+0000] {taskinstance.py:1592} INFO - Exporting the following env vars:
AIRFLOW_CTX_DAG_OWNER=Gaurav
AIRFLOW_CTX_DAG_ID=rand_user
AIRFLOW_CTX_TASK_ID=extract_user
AIRFLOW_CTX_EXECUTION_DATE=2023-11-22T06:25:56.045775+00:00
AIRFLOW_CTX_TRY_NUMBER=1
AIRFLOW_CTX_DAG_RUN_ID=manual__2023-11-22T06:25:56.045775+00:00
[2023-11-22T06:27:04.315+0000] {http.py:121} INFO - Calling HTTP method
[2023-11-22T06:27:04.338+0000] {base.py:71} INFO - Using connection ID 'rand_user' for task execution.
[2023-11-22T06:27:04.342+0000] {http.py:148} INFO - Sending 'GET' to url: https://randomuser.me/api/
[2023-11-22T06:27:05.457+0000] {http.py:125} INFO - {"results":[{"gender":"female","name":{"title":"Mrs","first":"بیتا","last":"نكو نظر"},"location":{"street":{"number":8500,"name":"مقدس اردبیلی"},"city":"اراک","state":"همدان","country":"Iran","postcode":51968,"coordinates":{"latitude":"16.7162","longitude":"86.8732"},"timezone":{"offset":"+5:00","description":"Ekaterinburg, Islamabad, Karachi, Tashkent"}},"email":"byt.nkwnzr@example.com","login":{"uuid":"4b8ada0b-7620-4631-86a5-4d12d5b38383","username":"goldenelephant860","password":"peterson","salt":"yhcAnfWy","md5":"3d27d7878b002eb155c144d06aee1972","sha1":"b6d576b7f4ecb6254bc4976a1b95b319725c92f2","sha256":"6cf27ecc0215d88dac8701892041a19b8cea9a67a29b776bb9ebdbdd26b2bf5e"},"dob":{"date":"1949-03-01T09:55:33.726Z","age":74},"registered":{"date":"2005-04-11T17:19:13.232Z","age":18},"phone":"037-25252508","cell":"0901-869-3011","id":{"name":"","value":null},"picture":{"large":"https://randomuser.me/api/portraits/women/79.jpg","medium":"https://randomuser.me/api/portraits/med/women/79.jpg","thumbnail":"https://randomuser.me/api/portraits/thumb/women/79.jpg"},"nat":"IR"}],"info":{"seed":"074b139b9a81cf83","results":1,"page":1,"version":"1.4"}}
[2023-11-22T06:27:05.527+0000] {taskinstance.py:1406} INFO - Marking task as SUCCESS. dag_id=rand_user, task_id=extract_user, execution_date=20231122T062556, start_date=20231122T062703, end_date=20231122T062705
[2023-11-22T06:27:05.602+0000] {local_task_job.py:164} INFO - Task exited with return code 0
[2023-11-22T06:27:05.679+0000] {local_task_job.py:273} INFO - 1 downstream tasks scheduled from follow-on schedule check
