[2023-11-23T05:29:50.328+0000] {taskinstance.py:1165} INFO - Dependencies all met for <TaskInstance: rand_user.store_user manual__2023-11-23T05:29:41.205294+00:00 [queued]>
[2023-11-23T05:29:50.340+0000] {taskinstance.py:1165} INFO - Dependencies all met for <TaskInstance: rand_user.store_user manual__2023-11-23T05:29:41.205294+00:00 [queued]>
[2023-11-23T05:29:50.340+0000] {taskinstance.py:1362} INFO - 
--------------------------------------------------------------------------------
[2023-11-23T05:29:50.340+0000] {taskinstance.py:1363} INFO - Starting attempt 1 of 3
[2023-11-23T05:29:50.341+0000] {taskinstance.py:1364} INFO - 
--------------------------------------------------------------------------------
[2023-11-23T05:29:50.368+0000] {taskinstance.py:1383} INFO - Executing <Task(PythonOperator): store_user> on 2023-11-23 05:29:41.205294+00:00
[2023-11-23T05:29:50.380+0000] {standard_task_runner.py:55} INFO - Started process 3941 to run task
[2023-11-23T05:29:50.390+0000] {standard_task_runner.py:82} INFO - Running: ['***', 'tasks', 'run', 'rand_user', 'store_user', 'manual__2023-11-23T05:29:41.205294+00:00', '--job-id', '389', '--raw', '--subdir', 'DAGS_FOLDER/predictions.py', '--cfg-path', '/tmp/tmp7wk230j9']
[2023-11-23T05:29:50.395+0000] {standard_task_runner.py:83} INFO - Job 389: Subtask store_user
[2023-11-23T05:29:50.471+0000] {task_command.py:376} INFO - Running <TaskInstance: rand_user.store_user manual__2023-11-23T05:29:41.205294+00:00 [running]> on host f71f95879a41
[2023-11-23T05:29:50.539+0000] {taskinstance.py:1592} INFO - Exporting the following env vars:
AIRFLOW_CTX_DAG_OWNER=Gaurav
AIRFLOW_CTX_DAG_ID=rand_user
AIRFLOW_CTX_TASK_ID=store_user
AIRFLOW_CTX_EXECUTION_DATE=2023-11-23T05:29:41.205294+00:00
AIRFLOW_CTX_TRY_NUMBER=1
AIRFLOW_CTX_DAG_RUN_ID=manual__2023-11-23T05:29:41.205294+00:00
[2023-11-23T05:29:50.540+0000] {postgres.py:129} INFO - Running copy expert: COPY rand_users FROM stdin WITH DELIMITER as ',', filename: /tmp/processed_user.csv
[2023-11-23T05:29:50.550+0000] {base.py:71} INFO - Using connection ID 'source_db_***' for task execution.
[2023-11-23T05:29:50.608+0000] {taskinstance.py:1851} ERROR - Task failed with exception
Traceback (most recent call last):
  File "/home/airflow/.local/lib/python3.7/site-packages/airflow/operators/python.py", line 175, in execute
    return_value = self.execute_callable()
  File "/home/airflow/.local/lib/python3.7/site-packages/airflow/operators/python.py", line 193, in execute_callable
    return self.python_callable(*self.op_args, **self.op_kwargs)
  File "/opt/airflow/dags/predictions.py", line 40, in _store_user
    filename='/tmp/processed_user.csv'
  File "/home/airflow/.local/lib/python3.7/site-packages/airflow/providers/postgres/hooks/postgres.py", line 137, in copy_expert
    cur.copy_expert(sql, file)
psycopg2.errors.BadCopyFileFormat: missing data for column "age"
CONTEXT:  COPY rand_users, line 1: "male,Mr,Kuzman,Šijan,Serbia,purplegorilla495,their,kuzman.sijan@example.com,68"

[2023-11-23T05:29:50.639+0000] {taskinstance.py:1406} INFO - Marking task as UP_FOR_RETRY. dag_id=rand_user, task_id=store_user, execution_date=20231123T052941, start_date=20231123T052950, end_date=20231123T052950
[2023-11-23T05:29:50.669+0000] {standard_task_runner.py:105} ERROR - Failed to execute job 389 for task store_user (missing data for column "age"
CONTEXT:  COPY rand_users, line 1: "male,Mr,Kuzman,Šijan,Serbia,purplegorilla495,their,kuzman.sijan@example.com,68"
; 3941)
[2023-11-23T05:29:50.720+0000] {local_task_job.py:164} INFO - Task exited with return code 1
[2023-11-23T05:29:50.803+0000] {local_task_job.py:273} INFO - 0 downstream tasks scheduled from follow-on schedule check
