[2023-11-14T10:40:29.714+0000] {taskinstance.py:1165} INFO - Dependencies all met for <TaskInstance: rand_user.store_user manual__2023-11-14T10:40:20.530545+00:00 [queued]>
[2023-11-14T10:40:29.729+0000] {taskinstance.py:1165} INFO - Dependencies all met for <TaskInstance: rand_user.store_user manual__2023-11-14T10:40:20.530545+00:00 [queued]>
[2023-11-14T10:40:29.729+0000] {taskinstance.py:1362} INFO - 
--------------------------------------------------------------------------------
[2023-11-14T10:40:29.730+0000] {taskinstance.py:1363} INFO - Starting attempt 1 of 3
[2023-11-14T10:40:29.731+0000] {taskinstance.py:1364} INFO - 
--------------------------------------------------------------------------------
[2023-11-14T10:40:29.750+0000] {taskinstance.py:1383} INFO - Executing <Task(PythonOperator): store_user> on 2023-11-14 10:40:20.530545+00:00
[2023-11-14T10:40:29.760+0000] {standard_task_runner.py:55} INFO - Started process 3959 to run task
[2023-11-14T10:40:29.765+0000] {standard_task_runner.py:82} INFO - Running: ['***', 'tasks', 'run', 'rand_user', 'store_user', 'manual__2023-11-14T10:40:20.530545+00:00', '--job-id', '449', '--raw', '--subdir', 'DAGS_FOLDER/predictions.py', '--cfg-path', '/tmp/tmpa0is_yj6']
[2023-11-14T10:40:29.767+0000] {standard_task_runner.py:83} INFO - Job 449: Subtask store_user
[2023-11-14T10:40:29.837+0000] {task_command.py:376} INFO - Running <TaskInstance: rand_user.store_user manual__2023-11-14T10:40:20.530545+00:00 [running]> on host 91f7624ceef9
[2023-11-14T10:40:29.961+0000] {taskinstance.py:1592} INFO - Exporting the following env vars:
AIRFLOW_CTX_DAG_OWNER=Gaurav
AIRFLOW_CTX_DAG_ID=rand_user
AIRFLOW_CTX_TASK_ID=store_user
AIRFLOW_CTX_EXECUTION_DATE=2023-11-14T10:40:20.530545+00:00
AIRFLOW_CTX_TRY_NUMBER=1
AIRFLOW_CTX_DAG_RUN_ID=manual__2023-11-14T10:40:20.530545+00:00
[2023-11-14T10:40:29.963+0000] {postgres.py:129} INFO - Running copy expert: COPY rand_users FROM stdin WITH DELIMITER as ',', filename: /tmp/processed_user.csv
[2023-11-14T10:40:29.981+0000] {base.py:71} INFO - Using connection ID 'source_db_***' for task execution.
[2023-11-14T10:40:29.995+0000] {python.py:177} INFO - Done. Returned value was: None
[2023-11-14T10:40:30.011+0000] {taskinstance.py:1406} INFO - Marking task as SUCCESS. dag_id=rand_user, task_id=store_user, execution_date=20231114T104020, start_date=20231114T104029, end_date=20231114T104030
[2023-11-14T10:40:30.057+0000] {local_task_job.py:164} INFO - Task exited with return code 0
[2023-11-14T10:40:30.148+0000] {local_task_job.py:273} INFO - 1 downstream tasks scheduled from follow-on schedule check
