[2023-11-23T07:12:58.821+0000] {taskinstance.py:1165} INFO - Dependencies all met for <TaskInstance: rand_user.extract_user manual__2023-11-23T07:12:53.622090+00:00 [queued]>
[2023-11-23T07:12:58.835+0000] {taskinstance.py:1165} INFO - Dependencies all met for <TaskInstance: rand_user.extract_user manual__2023-11-23T07:12:53.622090+00:00 [queued]>
[2023-11-23T07:12:58.835+0000] {taskinstance.py:1362} INFO - 
--------------------------------------------------------------------------------
[2023-11-23T07:12:58.835+0000] {taskinstance.py:1363} INFO - Starting attempt 1 of 3
[2023-11-23T07:12:58.836+0000] {taskinstance.py:1364} INFO - 
--------------------------------------------------------------------------------
[2023-11-23T07:12:58.852+0000] {taskinstance.py:1383} INFO - Executing <Task(SimpleHttpOperator): extract_user> on 2023-11-23 07:12:53.622090+00:00
[2023-11-23T07:12:58.858+0000] {standard_task_runner.py:55} INFO - Started process 9451 to run task
[2023-11-23T07:12:58.862+0000] {standard_task_runner.py:82} INFO - Running: ['***', 'tasks', 'run', 'rand_user', 'extract_user', 'manual__2023-11-23T07:12:53.622090+00:00', '--job-id', '621', '--raw', '--subdir', 'DAGS_FOLDER/predictions.py', '--cfg-path', '/tmp/tmppqpoiz54']
[2023-11-23T07:12:58.864+0000] {standard_task_runner.py:83} INFO - Job 621: Subtask extract_user
[2023-11-23T07:12:58.929+0000] {task_command.py:376} INFO - Running <TaskInstance: rand_user.extract_user manual__2023-11-23T07:12:53.622090+00:00 [running]> on host f71f95879a41
[2023-11-23T07:12:59.000+0000] {taskinstance.py:1592} INFO - Exporting the following env vars:
AIRFLOW_CTX_DAG_OWNER=Gaurav
AIRFLOW_CTX_DAG_ID=rand_user
AIRFLOW_CTX_TASK_ID=extract_user
AIRFLOW_CTX_EXECUTION_DATE=2023-11-23T07:12:53.622090+00:00
AIRFLOW_CTX_TRY_NUMBER=1
AIRFLOW_CTX_DAG_RUN_ID=manual__2023-11-23T07:12:53.622090+00:00
[2023-11-23T07:12:59.001+0000] {http.py:121} INFO - Calling HTTP method
[2023-11-23T07:12:59.011+0000] {base.py:71} INFO - Using connection ID 'rand_user_api' for task execution.
[2023-11-23T07:12:59.013+0000] {http.py:148} INFO - Sending 'GET' to url: https://randomuser.me/api/
[2023-11-23T07:12:59.543+0000] {http.py:125} INFO - {"results":[{"gender":"male","name":{"title":"Mr","first":"Marcus","last":"Brataas"},"location":{"street":{"number":7794,"name":"Sportsveien"},"city":"Hommersåk","state":"Nord-Trøndelag","country":"Norway","postcode":"3034","coordinates":{"latitude":"41.9215","longitude":"-1.2980"},"timezone":{"offset":"+6:00","description":"Almaty, Dhaka, Colombo"}},"email":"marcus.brataas@example.com","login":{"uuid":"91ccc46e-4dc0-4501-86ca-6c4b05f6c454","username":"smallostrich449","password":"higgins","salt":"s2Xcwchd","md5":"6a162c27121f4829dad3f2615d3eb9f9","sha1":"0f077628a18266c8a86509fd103fcdedb5197e1d","sha256":"8d6e0a5e353828806c0bcf0a5dffaa5963d19e106a1783bb310e31c1f5a08926"},"dob":{"date":"1990-09-26T18:28:37.058Z","age":33},"registered":{"date":"2008-05-31T06:24:09.073Z","age":15},"phone":"23948332","cell":"43411832","id":{"name":"FN","value":"26099016964"},"picture":{"large":"https://randomuser.me/api/portraits/men/74.jpg","medium":"https://randomuser.me/api/portraits/med/men/74.jpg","thumbnail":"https://randomuser.me/api/portraits/thumb/men/74.jpg"},"nat":"NO"}],"info":{"seed":"9e3c6ecb77a5cd5d","results":1,"page":1,"version":"1.4"}}
[2023-11-23T07:12:59.604+0000] {taskinstance.py:1406} INFO - Marking task as SUCCESS. dag_id=rand_user, task_id=extract_user, execution_date=20231123T071253, start_date=20231123T071258, end_date=20231123T071259
[2023-11-23T07:12:59.636+0000] {local_task_job.py:164} INFO - Task exited with return code 0
[2023-11-23T07:12:59.674+0000] {local_task_job.py:273} INFO - 1 downstream tasks scheduled from follow-on schedule check
