[2023-11-22T09:12:32.675+0000] {taskinstance.py:1165} INFO - Dependencies all met for <TaskInstance: rand_user.Create_table scheduled__2023-11-22T08:42:15.488465+00:00 [queued]>
[2023-11-22T09:12:32.687+0000] {taskinstance.py:1165} INFO - Dependencies all met for <TaskInstance: rand_user.Create_table scheduled__2023-11-22T08:42:15.488465+00:00 [queued]>
[2023-11-22T09:12:32.688+0000] {taskinstance.py:1362} INFO - 
--------------------------------------------------------------------------------
[2023-11-22T09:12:32.689+0000] {taskinstance.py:1363} INFO - Starting attempt 1 of 3
[2023-11-22T09:12:32.689+0000] {taskinstance.py:1364} INFO - 
--------------------------------------------------------------------------------
[2023-11-22T09:12:32.711+0000] {taskinstance.py:1383} INFO - Executing <Task(PostgresOperator): Create_table> on 2023-11-22 08:42:15.488465+00:00
[2023-11-22T09:12:32.718+0000] {standard_task_runner.py:55} INFO - Started process 3371 to run task
[2023-11-22T09:12:32.722+0000] {standard_task_runner.py:82} INFO - Running: ['***', 'tasks', 'run', 'rand_user', 'Create_table', 'scheduled__2023-11-22T08:42:15.488465+00:00', '--job-id', '49', '--raw', '--subdir', 'DAGS_FOLDER/predictions.py', '--cfg-path', '/tmp/tmp4xbfeuz9']
[2023-11-22T09:12:32.725+0000] {standard_task_runner.py:83} INFO - Job 49: Subtask Create_table
[2023-11-22T09:12:32.811+0000] {task_command.py:376} INFO - Running <TaskInstance: rand_user.Create_table scheduled__2023-11-22T08:42:15.488465+00:00 [running]> on host f71f95879a41
[2023-11-22T09:12:32.898+0000] {taskinstance.py:1592} INFO - Exporting the following env vars:
AIRFLOW_CTX_DAG_OWNER=Gaurav
AIRFLOW_CTX_DAG_ID=rand_user
AIRFLOW_CTX_TASK_ID=Create_table
AIRFLOW_CTX_EXECUTION_DATE=2023-11-22T08:42:15.488465+00:00
AIRFLOW_CTX_TRY_NUMBER=1
AIRFLOW_CTX_DAG_RUN_ID=scheduled__2023-11-22T08:42:15.488465+00:00
[2023-11-22T09:12:32.910+0000] {base.py:71} INFO - Using connection ID 'source_db_***' for task execution.
[2023-11-22T09:12:32.919+0000] {sql.py:315} INFO - Running statement: 
        CREATE TABLE IF NOT EXISTS rand_users (
        gender TEXT NOT NULL,
        title TEXT NOT NULL,
        firstname TEXT NOT NULL,
        lastname TEXT NOT NULL,
        country TEXT NOT NULL,
        username TEXT NOT NULL,
        password TEXT NOT NULL,
        email TEXT NOT NULL,
        age INT NOT NULL
        )
        , parameters: None
[2023-11-22T09:12:33.549+0000] {taskinstance.py:1851} ERROR - Task failed with exception
Traceback (most recent call last):
  File "/home/airflow/.local/lib/python3.7/site-packages/airflow/providers/postgres/operators/postgres.py", line 94, in execute
    self.hook.run(self.sql, self.autocommit, parameters=self.parameters)
  File "/home/airflow/.local/lib/python3.7/site-packages/airflow/providers/common/sql/hooks/sql.py", line 295, in run
    self._run_command(cur, sql_statement, parameters)
  File "/home/airflow/.local/lib/python3.7/site-packages/airflow/providers/common/sql/hooks/sql.py", line 320, in _run_command
    cur.execute(sql_statement)
psycopg2.errors.UniqueViolation: duplicate key value violates unique constraint "pg_type_typname_nsp_index"
DETAIL:  Key (typname, typnamespace)=(rand_users, 2200) already exists.

[2023-11-22T09:12:33.560+0000] {taskinstance.py:1406} INFO - Marking task as UP_FOR_RETRY. dag_id=rand_user, task_id=Create_table, execution_date=20231122T084215, start_date=20231122T091232, end_date=20231122T091233
[2023-11-22T09:12:33.575+0000] {standard_task_runner.py:105} ERROR - Failed to execute job 49 for task Create_table (duplicate key value violates unique constraint "pg_type_typname_nsp_index"
DETAIL:  Key (typname, typnamespace)=(rand_users, 2200) already exists.
; 3371)
[2023-11-22T09:12:33.616+0000] {local_task_job.py:164} INFO - Task exited with return code 1
[2023-11-22T09:12:33.653+0000] {local_task_job.py:273} INFO - 0 downstream tasks scheduled from follow-on schedule check
