[2023-11-10T04:43:40.098+0000] {taskinstance.py:1165} INFO - Dependencies all met for <TaskInstance: US_population.is_api_available manual__2023-11-10T04:43:37.908025+00:00 [queued]>
[2023-11-10T04:43:40.109+0000] {taskinstance.py:1165} INFO - Dependencies all met for <TaskInstance: US_population.is_api_available manual__2023-11-10T04:43:37.908025+00:00 [queued]>
[2023-11-10T04:43:40.109+0000] {taskinstance.py:1362} INFO - 
--------------------------------------------------------------------------------
[2023-11-10T04:43:40.110+0000] {taskinstance.py:1363} INFO - Starting attempt 1 of 3
[2023-11-10T04:43:40.110+0000] {taskinstance.py:1364} INFO - 
--------------------------------------------------------------------------------
[2023-11-10T04:43:40.128+0000] {taskinstance.py:1383} INFO - Executing <Task(HttpSensor): is_api_available> on 2023-11-10 04:43:37.908025+00:00
[2023-11-10T04:43:40.135+0000] {standard_task_runner.py:55} INFO - Started process 1446 to run task
[2023-11-10T04:43:40.139+0000] {standard_task_runner.py:82} INFO - Running: ['***', 'tasks', 'run', 'US_population', 'is_api_available', 'manual__2023-11-10T04:43:37.908025+00:00', '--job-id', '89', '--raw', '--subdir', 'DAGS_FOLDER/predictions.py', '--cfg-path', '/tmp/tmpxheojn0s']
[2023-11-10T04:43:40.141+0000] {standard_task_runner.py:83} INFO - Job 89: Subtask is_api_available
[2023-11-10T04:43:40.215+0000] {task_command.py:376} INFO - Running <TaskInstance: US_population.is_api_available manual__2023-11-10T04:43:37.908025+00:00 [running]> on host 91f7624ceef9
[2023-11-10T04:43:40.341+0000] {taskinstance.py:1592} INFO - Exporting the following env vars:
AIRFLOW_CTX_DAG_OWNER=Gaurav
AIRFLOW_CTX_DAG_ID=US_population
AIRFLOW_CTX_TASK_ID=is_api_available
AIRFLOW_CTX_EXECUTION_DATE=2023-11-10T04:43:37.908025+00:00
AIRFLOW_CTX_TRY_NUMBER=1
AIRFLOW_CTX_DAG_RUN_ID=manual__2023-11-10T04:43:37.908025+00:00
[2023-11-10T04:43:40.343+0000] {http.py:120} INFO - Poking: api/
[2023-11-10T04:43:40.355+0000] {base.py:71} INFO - Using connection ID 'us_population_API' for task execution.
[2023-11-10T04:43:40.358+0000] {http.py:148} INFO - Sending 'GET' to url: https://datausa.io/api/data?drilldowns=Nation&measures=Population/api/
[2023-11-10T04:43:41.488+0000] {base.py:213} INFO - Success criteria met. Exiting.
[2023-11-10T04:43:41.500+0000] {taskinstance.py:1406} INFO - Marking task as SUCCESS. dag_id=US_population, task_id=is_api_available, execution_date=20231110T044337, start_date=20231110T044340, end_date=20231110T044341
[2023-11-10T04:43:41.554+0000] {local_task_job.py:164} INFO - Task exited with return code 0
[2023-11-10T04:43:41.593+0000] {local_task_job.py:273} INFO - 1 downstream tasks scheduled from follow-on schedule check
