[2023-11-10T10:47:48.812+0000] {taskinstance.py:1165} INFO - Dependencies all met for <TaskInstance: rand_user.extract_user manual__2023-11-10T10:47:43.428413+00:00 [queued]>
[2023-11-10T10:47:48.828+0000] {taskinstance.py:1165} INFO - Dependencies all met for <TaskInstance: rand_user.extract_user manual__2023-11-10T10:47:43.428413+00:00 [queued]>
[2023-11-10T10:47:48.829+0000] {taskinstance.py:1362} INFO - 
--------------------------------------------------------------------------------
[2023-11-10T10:47:48.829+0000] {taskinstance.py:1363} INFO - Starting attempt 1 of 3
[2023-11-10T10:47:48.830+0000] {taskinstance.py:1364} INFO - 
--------------------------------------------------------------------------------
[2023-11-10T10:47:48.846+0000] {taskinstance.py:1383} INFO - Executing <Task(SimpleHttpOperator): extract_user> on 2023-11-10 10:47:43.428413+00:00
[2023-11-10T10:47:48.853+0000] {standard_task_runner.py:55} INFO - Started process 4484 to run task
[2023-11-10T10:47:48.857+0000] {standard_task_runner.py:82} INFO - Running: ['***', 'tasks', 'run', 'rand_user', 'extract_user', 'manual__2023-11-10T10:47:43.428413+00:00', '--job-id', '169', '--raw', '--subdir', 'DAGS_FOLDER/predictions.py', '--cfg-path', '/tmp/tmp2muji809']
[2023-11-10T10:47:48.860+0000] {standard_task_runner.py:83} INFO - Job 169: Subtask extract_user
[2023-11-10T10:47:48.925+0000] {task_command.py:376} INFO - Running <TaskInstance: rand_user.extract_user manual__2023-11-10T10:47:43.428413+00:00 [running]> on host 91f7624ceef9
[2023-11-10T10:47:48.993+0000] {taskinstance.py:1592} INFO - Exporting the following env vars:
AIRFLOW_CTX_DAG_OWNER=Gaurav
AIRFLOW_CTX_DAG_ID=rand_user
AIRFLOW_CTX_TASK_ID=extract_user
AIRFLOW_CTX_EXECUTION_DATE=2023-11-10T10:47:43.428413+00:00
AIRFLOW_CTX_TRY_NUMBER=1
AIRFLOW_CTX_DAG_RUN_ID=manual__2023-11-10T10:47:43.428413+00:00
[2023-11-10T10:47:48.994+0000] {http.py:121} INFO - Calling HTTP method
[2023-11-10T10:47:49.003+0000] {base.py:71} INFO - Using connection ID 'rand_user' for task execution.
[2023-11-10T10:47:49.006+0000] {http.py:148} INFO - Sending 'GET' to url: https://randomuser.me/api/
[2023-11-10T10:47:49.910+0000] {http.py:125} INFO - {"results":[{"gender":"male","name":{"title":"Mr","first":"Seth","last":"Mcdonalid"},"location":{"street":{"number":5502,"name":"Mcclellan Rd"},"city":"Cape Coral","state":"Delaware","country":"United States","postcode":67622,"coordinates":{"latitude":"86.3782","longitude":"-172.3187"},"timezone":{"offset":"+7:00","description":"Bangkok, Hanoi, Jakarta"}},"email":"seth.mcdonalid@example.com","login":{"uuid":"d9d8722a-3b9d-46ed-bc34-7d6394a8b9d0","username":"brownfish517","password":"scream","salt":"nSKZA6Yo","md5":"9aca8ef47c7cde88a4d725dc178ab4aa","sha1":"484ea8604131d0910eb501e9f51cffe02eecc546","sha256":"522102e6a61a8a2432673d2b80251fa2eccbe69a6771da6ebc8fc8b0ddf902b1"},"dob":{"date":"1993-11-15T01:56:20.034Z","age":29},"registered":{"date":"2010-12-13T19:05:00.339Z","age":12},"phone":"(626) 675-8077","cell":"(228) 415-1824","id":{"name":"SSN","value":"571-54-2818"},"picture":{"large":"https://randomuser.me/api/portraits/men/22.jpg","medium":"https://randomuser.me/api/portraits/med/men/22.jpg","thumbnail":"https://randomuser.me/api/portraits/thumb/men/22.jpg"},"nat":"US"}],"info":{"seed":"87c41104ad4bd707","results":1,"page":1,"version":"1.4"}}
[2023-11-10T10:47:49.948+0000] {taskinstance.py:1406} INFO - Marking task as SUCCESS. dag_id=rand_user, task_id=extract_user, execution_date=20231110T104743, start_date=20231110T104748, end_date=20231110T104749
[2023-11-10T10:47:49.993+0000] {local_task_job.py:164} INFO - Task exited with return code 0
[2023-11-10T10:47:50.023+0000] {local_task_job.py:273} INFO - 1 downstream tasks scheduled from follow-on schedule check
