[2023-11-23T04:27:47.635+0000] {taskinstance.py:1165} INFO - Dependencies all met for <TaskInstance: rand_user.process_user manual__2023-11-23T04:27:41.562486+00:00 [queued]>
[2023-11-23T04:27:47.647+0000] {taskinstance.py:1165} INFO - Dependencies all met for <TaskInstance: rand_user.process_user manual__2023-11-23T04:27:41.562486+00:00 [queued]>
[2023-11-23T04:27:47.648+0000] {taskinstance.py:1362} INFO - 
--------------------------------------------------------------------------------
[2023-11-23T04:27:47.648+0000] {taskinstance.py:1363} INFO - Starting attempt 1 of 3
[2023-11-23T04:27:47.648+0000] {taskinstance.py:1364} INFO - 
--------------------------------------------------------------------------------
[2023-11-23T04:27:47.663+0000] {taskinstance.py:1383} INFO - Executing <Task(PythonOperator): process_user> on 2023-11-23 04:27:41.562486+00:00
[2023-11-23T04:27:47.669+0000] {standard_task_runner.py:55} INFO - Started process 687 to run task
[2023-11-23T04:27:47.675+0000] {standard_task_runner.py:82} INFO - Running: ['***', 'tasks', 'run', 'rand_user', 'process_user', 'manual__2023-11-23T04:27:41.562486+00:00', '--job-id', '276', '--raw', '--subdir', 'DAGS_FOLDER/predictions.py', '--cfg-path', '/tmp/tmpoblhbu4d']
[2023-11-23T04:27:47.677+0000] {standard_task_runner.py:83} INFO - Job 276: Subtask process_user
[2023-11-23T04:27:47.738+0000] {task_command.py:376} INFO - Running <TaskInstance: rand_user.process_user manual__2023-11-23T04:27:41.562486+00:00 [running]> on host f71f95879a41
[2023-11-23T04:27:47.808+0000] {taskinstance.py:1592} INFO - Exporting the following env vars:
AIRFLOW_CTX_DAG_OWNER=Gaurav
AIRFLOW_CTX_DAG_ID=rand_user
AIRFLOW_CTX_TASK_ID=process_user
AIRFLOW_CTX_EXECUTION_DATE=2023-11-23T04:27:41.562486+00:00
AIRFLOW_CTX_TRY_NUMBER=1
AIRFLOW_CTX_DAG_RUN_ID=manual__2023-11-23T04:27:41.562486+00:00
[2023-11-23T04:27:47.827+0000] {python.py:177} INFO - Done. Returned value was: None
[2023-11-23T04:27:47.837+0000] {taskinstance.py:1406} INFO - Marking task as SUCCESS. dag_id=rand_user, task_id=process_user, execution_date=20231123T042741, start_date=20231123T042747, end_date=20231123T042747
[2023-11-23T04:27:47.886+0000] {local_task_job.py:164} INFO - Task exited with return code 0
[2023-11-23T04:27:47.920+0000] {local_task_job.py:273} INFO - 1 downstream tasks scheduled from follow-on schedule check
