[2023-11-22T06:27:21.958+0000] {taskinstance.py:1165} INFO - Dependencies all met for <TaskInstance: rand_user.store_user manual__2023-11-22T06:24:08.969752+00:00 [queued]>
[2023-11-22T06:27:21.976+0000] {taskinstance.py:1165} INFO - Dependencies all met for <TaskInstance: rand_user.store_user manual__2023-11-22T06:24:08.969752+00:00 [queued]>
[2023-11-22T06:27:21.976+0000] {taskinstance.py:1362} INFO - 
--------------------------------------------------------------------------------
[2023-11-22T06:27:21.977+0000] {taskinstance.py:1363} INFO - Starting attempt 1 of 3
[2023-11-22T06:27:21.978+0000] {taskinstance.py:1364} INFO - 
--------------------------------------------------------------------------------
[2023-11-22T06:27:22.001+0000] {taskinstance.py:1383} INFO - Executing <Task(PythonOperator): store_user> on 2023-11-22 06:24:08.969752+00:00
[2023-11-22T06:27:22.014+0000] {standard_task_runner.py:55} INFO - Started process 693 to run task
[2023-11-22T06:27:22.021+0000] {standard_task_runner.py:82} INFO - Running: ['***', 'tasks', 'run', 'rand_user', 'store_user', 'manual__2023-11-22T06:24:08.969752+00:00', '--job-id', '19', '--raw', '--subdir', 'DAGS_FOLDER/predictions.py', '--cfg-path', '/tmp/tmpwpviyubb']
[2023-11-22T06:27:22.025+0000] {standard_task_runner.py:83} INFO - Job 19: Subtask store_user
[2023-11-22T06:27:22.131+0000] {task_command.py:376} INFO - Running <TaskInstance: rand_user.store_user manual__2023-11-22T06:24:08.969752+00:00 [running]> on host e4a6f7cdd654
[2023-11-22T06:27:22.263+0000] {taskinstance.py:1592} INFO - Exporting the following env vars:
AIRFLOW_CTX_DAG_OWNER=Gaurav
AIRFLOW_CTX_DAG_ID=rand_user
AIRFLOW_CTX_TASK_ID=store_user
AIRFLOW_CTX_EXECUTION_DATE=2023-11-22T06:24:08.969752+00:00
AIRFLOW_CTX_TRY_NUMBER=1
AIRFLOW_CTX_DAG_RUN_ID=manual__2023-11-22T06:24:08.969752+00:00
[2023-11-22T06:27:22.266+0000] {postgres.py:129} INFO - Running copy expert: COPY rand_users FROM stdin WITH DELIMITER as ',', filename: /tmp/processed_user.csv
[2023-11-22T06:27:22.283+0000] {base.py:71} INFO - Using connection ID 'postgres' for task execution.
[2023-11-22T06:27:22.292+0000] {taskinstance.py:1851} ERROR - Task failed with exception
Traceback (most recent call last):
  File "/home/airflow/.local/lib/python3.7/site-packages/airflow/operators/python.py", line 175, in execute
    return_value = self.execute_callable()
  File "/home/airflow/.local/lib/python3.7/site-packages/airflow/operators/python.py", line 193, in execute_callable
    return self.python_callable(*self.op_args, **self.op_kwargs)
  File "/opt/airflow/dags/predictions.py", line 39, in _store_user
    filename='/tmp/processed_user.csv'
  File "/home/airflow/.local/lib/python3.7/site-packages/airflow/providers/postgres/hooks/postgres.py", line 137, in copy_expert
    cur.copy_expert(sql, file)
psycopg2.errors.UndefinedTable: relation "rand_users" does not exist

[2023-11-22T06:27:22.309+0000] {taskinstance.py:1406} INFO - Marking task as UP_FOR_RETRY. dag_id=rand_user, task_id=store_user, execution_date=20231122T062408, start_date=20231122T062721, end_date=20231122T062722
[2023-11-22T06:27:22.329+0000] {standard_task_runner.py:105} ERROR - Failed to execute job 19 for task store_user (relation "rand_users" does not exist
; 693)
[2023-11-22T06:27:22.352+0000] {local_task_job.py:164} INFO - Task exited with return code 1
[2023-11-22T06:27:22.396+0000] {local_task_job.py:273} INFO - 0 downstream tasks scheduled from follow-on schedule check
