[2023-11-10T10:58:01.059+0000] {taskinstance.py:1165} INFO - Dependencies all met for <TaskInstance: rand_user.extract_user manual__2023-11-10T10:57:55.178793+00:00 [queued]>
[2023-11-10T10:58:01.080+0000] {taskinstance.py:1165} INFO - Dependencies all met for <TaskInstance: rand_user.extract_user manual__2023-11-10T10:57:55.178793+00:00 [queued]>
[2023-11-10T10:58:01.080+0000] {taskinstance.py:1362} INFO - 
--------------------------------------------------------------------------------
[2023-11-10T10:58:01.080+0000] {taskinstance.py:1363} INFO - Starting attempt 1 of 3
[2023-11-10T10:58:01.081+0000] {taskinstance.py:1364} INFO - 
--------------------------------------------------------------------------------
[2023-11-10T10:58:01.119+0000] {taskinstance.py:1383} INFO - Executing <Task(SimpleHttpOperator): extract_user> on 2023-11-10 10:57:55.178793+00:00
[2023-11-10T10:58:01.128+0000] {standard_task_runner.py:55} INFO - Started process 5057 to run task
[2023-11-10T10:58:01.135+0000] {standard_task_runner.py:82} INFO - Running: ['***', 'tasks', 'run', 'rand_user', 'extract_user', 'manual__2023-11-10T10:57:55.178793+00:00', '--job-id', '201', '--raw', '--subdir', 'DAGS_FOLDER/predictions.py', '--cfg-path', '/tmp/tmpdyv6x6bw']
[2023-11-10T10:58:01.139+0000] {standard_task_runner.py:83} INFO - Job 201: Subtask extract_user
[2023-11-10T10:58:01.258+0000] {task_command.py:376} INFO - Running <TaskInstance: rand_user.extract_user manual__2023-11-10T10:57:55.178793+00:00 [running]> on host 91f7624ceef9
[2023-11-10T10:58:01.359+0000] {taskinstance.py:1592} INFO - Exporting the following env vars:
AIRFLOW_CTX_DAG_OWNER=Gaurav
AIRFLOW_CTX_DAG_ID=rand_user
AIRFLOW_CTX_TASK_ID=extract_user
AIRFLOW_CTX_EXECUTION_DATE=2023-11-10T10:57:55.178793+00:00
AIRFLOW_CTX_TRY_NUMBER=1
AIRFLOW_CTX_DAG_RUN_ID=manual__2023-11-10T10:57:55.178793+00:00
[2023-11-10T10:58:01.360+0000] {http.py:121} INFO - Calling HTTP method
[2023-11-10T10:58:01.373+0000] {base.py:71} INFO - Using connection ID 'rand_user' for task execution.
[2023-11-10T10:58:01.375+0000] {http.py:148} INFO - Sending 'GET' to url: https://randomuser.me/api/
[2023-11-10T10:58:02.013+0000] {http.py:125} INFO - {"results":[{"gender":"female","name":{"title":"Mrs","first":"Verónica","last":"Santillán"},"location":{"street":{"number":5601,"name":"Diagonal Guanajuato"},"city":"Nopaltepec","state":"Quintana Roo","country":"Mexico","postcode":29151,"coordinates":{"latitude":"22.4799","longitude":"157.3945"},"timezone":{"offset":"+1:00","description":"Brussels, Copenhagen, Madrid, Paris"}},"email":"veronica.santillan@example.com","login":{"uuid":"fd87888b-33f7-4d95-924a-54a6e0f53f5e","username":"redgoose327","password":"designer","salt":"p0D1Lvhk","md5":"ec6ead6a7726c8a8afa9fde80d0cde94","sha1":"f1a32aeca92f45a8f4485b3eceb20d509f8601ba","sha256":"c2fa7ce189a3e46dba7946e60d3a0452e9ec0d35b082fcbf22be40a2c4291c79"},"dob":{"date":"1980-06-18T19:59:03.779Z","age":43},"registered":{"date":"2009-11-07T02:19:09.062Z","age":14},"phone":"(609) 329 3994","cell":"(640) 986 7569","id":{"name":"NSS","value":"55 80 10 3860 3"},"picture":{"large":"https://randomuser.me/api/portraits/women/88.jpg","medium":"https://randomuser.me/api/portraits/med/women/88.jpg","thumbnail":"https://randomuser.me/api/portraits/thumb/women/88.jpg"},"nat":"MX"}],"info":{"seed":"38c2082076d0efe9","results":1,"page":1,"version":"1.4"}}
[2023-11-10T10:58:02.059+0000] {taskinstance.py:1406} INFO - Marking task as SUCCESS. dag_id=rand_user, task_id=extract_user, execution_date=20231110T105755, start_date=20231110T105801, end_date=20231110T105802
[2023-11-10T10:58:02.108+0000] {local_task_job.py:164} INFO - Task exited with return code 0
[2023-11-10T10:58:02.162+0000] {local_task_job.py:273} INFO - 1 downstream tasks scheduled from follow-on schedule check
