[2023-11-23T04:49:48.171+0000] {taskinstance.py:1165} INFO - Dependencies all met for <TaskInstance: rand_user.extract_user manual__2023-11-23T04:49:42.186135+00:00 [queued]>
[2023-11-23T04:49:48.187+0000] {taskinstance.py:1165} INFO - Dependencies all met for <TaskInstance: rand_user.extract_user manual__2023-11-23T04:49:42.186135+00:00 [queued]>
[2023-11-23T04:49:48.187+0000] {taskinstance.py:1362} INFO - 
--------------------------------------------------------------------------------
[2023-11-23T04:49:48.187+0000] {taskinstance.py:1363} INFO - Starting attempt 1 of 3
[2023-11-23T04:49:48.188+0000] {taskinstance.py:1364} INFO - 
--------------------------------------------------------------------------------
[2023-11-23T04:49:48.214+0000] {taskinstance.py:1383} INFO - Executing <Task(SimpleHttpOperator): extract_user> on 2023-11-23 04:49:42.186135+00:00
[2023-11-23T04:49:48.220+0000] {standard_task_runner.py:55} INFO - Started process 1806 to run task
[2023-11-23T04:49:48.225+0000] {standard_task_runner.py:82} INFO - Running: ['***', 'tasks', 'run', 'rand_user', 'extract_user', 'manual__2023-11-23T04:49:42.186135+00:00', '--job-id', '304', '--raw', '--subdir', 'DAGS_FOLDER/predictions.py', '--cfg-path', '/tmp/tmphpx8gn53']
[2023-11-23T04:49:48.227+0000] {standard_task_runner.py:83} INFO - Job 304: Subtask extract_user
[2023-11-23T04:49:48.300+0000] {task_command.py:376} INFO - Running <TaskInstance: rand_user.extract_user manual__2023-11-23T04:49:42.186135+00:00 [running]> on host f71f95879a41
[2023-11-23T04:49:48.372+0000] {taskinstance.py:1592} INFO - Exporting the following env vars:
AIRFLOW_CTX_DAG_OWNER=Gaurav
AIRFLOW_CTX_DAG_ID=rand_user
AIRFLOW_CTX_TASK_ID=extract_user
AIRFLOW_CTX_EXECUTION_DATE=2023-11-23T04:49:42.186135+00:00
AIRFLOW_CTX_TRY_NUMBER=1
AIRFLOW_CTX_DAG_RUN_ID=manual__2023-11-23T04:49:42.186135+00:00
[2023-11-23T04:49:48.373+0000] {http.py:121} INFO - Calling HTTP method
[2023-11-23T04:49:48.384+0000] {base.py:71} INFO - Using connection ID 'rand_user_api' for task execution.
[2023-11-23T04:49:48.386+0000] {http.py:148} INFO - Sending 'GET' to url: https://randomuser.me/api/
[2023-11-23T04:49:49.498+0000] {http.py:125} INFO - {"results":[{"gender":"female","name":{"title":"Miss","first":"Eve","last":"Andre"},"location":{"street":{"number":2628,"name":"Montée Saint-Barthélémy"},"city":"Saint-Pierre","state":"Pas-de-Calais","country":"France","postcode":80114,"coordinates":{"latitude":"-21.4232","longitude":"31.2055"},"timezone":{"offset":"+6:00","description":"Almaty, Dhaka, Colombo"}},"email":"eve.andre@example.com","login":{"uuid":"604c43dc-c65a-46da-bb7f-b8257aafc165","username":"yellowpeacock565","password":"judy","salt":"zwOx2NDR","md5":"4b1a381e779bb94ef1d9d49402d455fa","sha1":"b14e52eea527c9109041107c55f215a5fee59165","sha256":"06c2e5e06a929ecbf1a596b85c34deaf5525d6a8b1254b2744d142f2c7f9b666"},"dob":{"date":"1953-04-28T14:22:42.113Z","age":70},"registered":{"date":"2008-11-02T04:29:34.782Z","age":15},"phone":"04-69-70-43-67","cell":"06-89-47-54-40","id":{"name":"INSEE","value":"2530338247164 03"},"picture":{"large":"https://randomuser.me/api/portraits/women/44.jpg","medium":"https://randomuser.me/api/portraits/med/women/44.jpg","thumbnail":"https://randomuser.me/api/portraits/thumb/women/44.jpg"},"nat":"FR"}],"info":{"seed":"f94ba6fdfe7799f2","results":1,"page":1,"version":"1.4"}}
[2023-11-23T04:49:49.576+0000] {taskinstance.py:1406} INFO - Marking task as SUCCESS. dag_id=rand_user, task_id=extract_user, execution_date=20231123T044942, start_date=20231123T044948, end_date=20231123T044949
[2023-11-23T04:49:49.604+0000] {local_task_job.py:164} INFO - Task exited with return code 0
[2023-11-23T04:49:49.634+0000] {local_task_job.py:273} INFO - 1 downstream tasks scheduled from follow-on schedule check
