[2023-11-10T04:53:34.885+0000] {taskinstance.py:1165} INFO - Dependencies all met for <TaskInstance: US_population.process_user manual__2023-11-10T04:53:27.535182+00:00 [queued]>
[2023-11-10T04:53:34.902+0000] {taskinstance.py:1165} INFO - Dependencies all met for <TaskInstance: US_population.process_user manual__2023-11-10T04:53:27.535182+00:00 [queued]>
[2023-11-10T04:53:34.902+0000] {taskinstance.py:1362} INFO - 
--------------------------------------------------------------------------------
[2023-11-10T04:53:34.903+0000] {taskinstance.py:1363} INFO - Starting attempt 1 of 3
[2023-11-10T04:53:34.903+0000] {taskinstance.py:1364} INFO - 
--------------------------------------------------------------------------------
[2023-11-10T04:53:34.924+0000] {taskinstance.py:1383} INFO - Executing <Task(PythonOperator): process_user> on 2023-11-10 04:53:27.535182+00:00
[2023-11-10T04:53:34.931+0000] {standard_task_runner.py:55} INFO - Started process 1959 to run task
[2023-11-10T04:53:34.938+0000] {standard_task_runner.py:82} INFO - Running: ['***', 'tasks', 'run', 'US_population', 'process_user', 'manual__2023-11-10T04:53:27.535182+00:00', '--job-id', '104', '--raw', '--subdir', 'DAGS_FOLDER/predictions.py', '--cfg-path', '/tmp/tmpzp_erxmk']
[2023-11-10T04:53:34.940+0000] {standard_task_runner.py:83} INFO - Job 104: Subtask process_user
[2023-11-10T04:53:35.021+0000] {task_command.py:376} INFO - Running <TaskInstance: US_population.process_user manual__2023-11-10T04:53:27.535182+00:00 [running]> on host 91f7624ceef9
[2023-11-10T04:53:35.112+0000] {taskinstance.py:1592} INFO - Exporting the following env vars:
AIRFLOW_CTX_DAG_OWNER=Gaurav
AIRFLOW_CTX_DAG_ID=US_population
AIRFLOW_CTX_TASK_ID=process_user
AIRFLOW_CTX_EXECUTION_DATE=2023-11-10T04:53:27.535182+00:00
AIRFLOW_CTX_TRY_NUMBER=1
AIRFLOW_CTX_DAG_RUN_ID=manual__2023-11-10T04:53:27.535182+00:00
[2023-11-10T04:53:35.132+0000] {logging_mixin.py:120} INFO - User data list is empty.
[2023-11-10T04:53:35.134+0000] {python.py:177} INFO - Done. Returned value was: None
[2023-11-10T04:53:35.156+0000] {taskinstance.py:1406} INFO - Marking task as SUCCESS. dag_id=US_population, task_id=process_user, execution_date=20231110T045327, start_date=20231110T045334, end_date=20231110T045335
[2023-11-10T04:53:35.188+0000] {local_task_job.py:164} INFO - Task exited with return code 0
[2023-11-10T04:53:35.237+0000] {local_task_job.py:273} INFO - 1 downstream tasks scheduled from follow-on schedule check
