[2023-11-22T06:51:12.342+0000] {taskinstance.py:1165} INFO - Dependencies all met for <TaskInstance: rand_user.is_api_available manual__2023-11-22T06:51:07.904081+00:00 [queued]>
[2023-11-22T06:51:12.359+0000] {taskinstance.py:1165} INFO - Dependencies all met for <TaskInstance: rand_user.is_api_available manual__2023-11-22T06:51:07.904081+00:00 [queued]>
[2023-11-22T06:51:12.360+0000] {taskinstance.py:1362} INFO - 
--------------------------------------------------------------------------------
[2023-11-22T06:51:12.361+0000] {taskinstance.py:1363} INFO - Starting attempt 1 of 3
[2023-11-22T06:51:12.362+0000] {taskinstance.py:1364} INFO - 
--------------------------------------------------------------------------------
[2023-11-22T06:51:12.388+0000] {taskinstance.py:1383} INFO - Executing <Task(HttpSensor): is_api_available> on 2023-11-22 06:51:07.904081+00:00
[2023-11-22T06:51:12.399+0000] {standard_task_runner.py:55} INFO - Started process 1889 to run task
[2023-11-22T06:51:12.406+0000] {standard_task_runner.py:82} INFO - Running: ['***', 'tasks', 'run', 'rand_user', 'is_api_available', 'manual__2023-11-22T06:51:07.904081+00:00', '--job-id', '70', '--raw', '--subdir', 'DAGS_FOLDER/predictions.py', '--cfg-path', '/tmp/tmp9_i09vcr']
[2023-11-22T06:51:12.410+0000] {standard_task_runner.py:83} INFO - Job 70: Subtask is_api_available
[2023-11-22T06:51:12.513+0000] {task_command.py:376} INFO - Running <TaskInstance: rand_user.is_api_available manual__2023-11-22T06:51:07.904081+00:00 [running]> on host e4a6f7cdd654
[2023-11-22T06:51:12.630+0000] {taskinstance.py:1592} INFO - Exporting the following env vars:
AIRFLOW_CTX_DAG_OWNER=Gaurav
AIRFLOW_CTX_DAG_ID=rand_user
AIRFLOW_CTX_TASK_ID=is_api_available
AIRFLOW_CTX_EXECUTION_DATE=2023-11-22T06:51:07.904081+00:00
AIRFLOW_CTX_TRY_NUMBER=1
AIRFLOW_CTX_DAG_RUN_ID=manual__2023-11-22T06:51:07.904081+00:00
[2023-11-22T06:51:12.631+0000] {http.py:120} INFO - Poking: api/
[2023-11-22T06:51:12.649+0000] {base.py:71} INFO - Using connection ID 'rand_user' for task execution.
[2023-11-22T06:51:12.652+0000] {http.py:148} INFO - Sending 'GET' to url: https://randomuser.me/api/
[2023-11-22T06:51:13.113+0000] {base.py:213} INFO - Success criteria met. Exiting.
[2023-11-22T06:51:13.130+0000] {taskinstance.py:1406} INFO - Marking task as SUCCESS. dag_id=rand_user, task_id=is_api_available, execution_date=20231122T065107, start_date=20231122T065112, end_date=20231122T065113
[2023-11-22T06:51:13.179+0000] {local_task_job.py:164} INFO - Task exited with return code 0
[2023-11-22T06:51:13.248+0000] {local_task_job.py:273} INFO - 1 downstream tasks scheduled from follow-on schedule check
