[2023-11-22T06:27:07.167+0000] {taskinstance.py:1165} INFO - Dependencies all met for <TaskInstance: rand_user.process_user manual__2023-11-22T06:25:56.045775+00:00 [queued]>
[2023-11-22T06:27:07.193+0000] {taskinstance.py:1165} INFO - Dependencies all met for <TaskInstance: rand_user.process_user manual__2023-11-22T06:25:56.045775+00:00 [queued]>
[2023-11-22T06:27:07.193+0000] {taskinstance.py:1362} INFO - 
--------------------------------------------------------------------------------
[2023-11-22T06:27:07.194+0000] {taskinstance.py:1363} INFO - Starting attempt 1 of 3
[2023-11-22T06:27:07.196+0000] {taskinstance.py:1364} INFO - 
--------------------------------------------------------------------------------
[2023-11-22T06:27:07.243+0000] {taskinstance.py:1383} INFO - Executing <Task(PythonOperator): process_user> on 2023-11-22 06:25:56.045775+00:00
[2023-11-22T06:27:07.254+0000] {standard_task_runner.py:55} INFO - Started process 672 to run task
[2023-11-22T06:27:07.261+0000] {standard_task_runner.py:82} INFO - Running: ['***', 'tasks', 'run', 'rand_user', 'process_user', 'manual__2023-11-22T06:25:56.045775+00:00', '--job-id', '15', '--raw', '--subdir', 'DAGS_FOLDER/predictions.py', '--cfg-path', '/tmp/tmp_su4z7g9']
[2023-11-22T06:27:07.264+0000] {standard_task_runner.py:83} INFO - Job 15: Subtask process_user
[2023-11-22T06:27:07.373+0000] {task_command.py:376} INFO - Running <TaskInstance: rand_user.process_user manual__2023-11-22T06:25:56.045775+00:00 [running]> on host e4a6f7cdd654
[2023-11-22T06:27:07.523+0000] {taskinstance.py:1592} INFO - Exporting the following env vars:
AIRFLOW_CTX_DAG_OWNER=Gaurav
AIRFLOW_CTX_DAG_ID=rand_user
AIRFLOW_CTX_TASK_ID=process_user
AIRFLOW_CTX_EXECUTION_DATE=2023-11-22T06:25:56.045775+00:00
AIRFLOW_CTX_TRY_NUMBER=1
AIRFLOW_CTX_DAG_RUN_ID=manual__2023-11-22T06:25:56.045775+00:00
[2023-11-22T06:27:07.573+0000] {python.py:177} INFO - Done. Returned value was: None
[2023-11-22T06:27:07.591+0000] {taskinstance.py:1406} INFO - Marking task as SUCCESS. dag_id=rand_user, task_id=process_user, execution_date=20231122T062556, start_date=20231122T062707, end_date=20231122T062707
[2023-11-22T06:27:07.632+0000] {local_task_job.py:164} INFO - Task exited with return code 0
[2023-11-22T06:27:07.689+0000] {local_task_job.py:273} INFO - 1 downstream tasks scheduled from follow-on schedule check
