[2023-11-21T12:11:16.778+0000] {taskinstance.py:1165} INFO - Dependencies all met for <TaskInstance: rand_user.upload_data_source manual__2023-11-21T12:10:15.861401+00:00 [queued]>
[2023-11-21T12:11:16.796+0000] {taskinstance.py:1165} INFO - Dependencies all met for <TaskInstance: rand_user.upload_data_source manual__2023-11-21T12:10:15.861401+00:00 [queued]>
[2023-11-21T12:11:16.796+0000] {taskinstance.py:1362} INFO - 
--------------------------------------------------------------------------------
[2023-11-21T12:11:16.797+0000] {taskinstance.py:1363} INFO - Starting attempt 1 of 3
[2023-11-21T12:11:16.797+0000] {taskinstance.py:1364} INFO - 
--------------------------------------------------------------------------------
[2023-11-21T12:11:16.820+0000] {taskinstance.py:1383} INFO - Executing <Task(GenericTransfer): upload_data_source> on 2023-11-21 12:10:15.861401+00:00
[2023-11-21T12:11:16.829+0000] {standard_task_runner.py:55} INFO - Started process 94 to run task
[2023-11-21T12:11:16.835+0000] {standard_task_runner.py:82} INFO - Running: ['***', 'tasks', 'run', 'rand_user', 'upload_data_source', 'manual__2023-11-21T12:10:15.861401+00:00', '--job-id', '531', '--raw', '--subdir', 'DAGS_FOLDER/predictions.py', '--cfg-path', '/tmp/tmp_c6k40dm']
[2023-11-21T12:11:16.838+0000] {standard_task_runner.py:83} INFO - Job 531: Subtask upload_data_source
[2023-11-21T12:11:16.938+0000] {task_command.py:376} INFO - Running <TaskInstance: rand_user.upload_data_source manual__2023-11-21T12:10:15.861401+00:00 [running]> on host 91f7624ceef9
[2023-11-21T12:11:17.057+0000] {taskinstance.py:1592} INFO - Exporting the following env vars:
AIRFLOW_CTX_DAG_OWNER=Gaurav
AIRFLOW_CTX_DAG_ID=rand_user
AIRFLOW_CTX_TASK_ID=upload_data_source
AIRFLOW_CTX_EXECUTION_DATE=2023-11-21T12:10:15.861401+00:00
AIRFLOW_CTX_TRY_NUMBER=1
AIRFLOW_CTX_DAG_RUN_ID=manual__2023-11-21T12:10:15.861401+00:00
[2023-11-21T12:11:17.072+0000] {base.py:71} INFO - Using connection ID 'postgres' for task execution.
[2023-11-21T12:11:17.464+0000] {base.py:71} INFO - Using connection ID 'source_db_***' for task execution.
[2023-11-21T12:11:17.809+0000] {generic_transfer.py:76} INFO - Extracting data from postgres
[2023-11-21T12:11:17.809+0000] {generic_transfer.py:77} INFO - Executing: 
 SELECT * FROM rand_users
[2023-11-21T12:11:17.820+0000] {base.py:71} INFO - Using connection ID 'postgres' for task execution.
[2023-11-21T12:11:17.828+0000] {generic_transfer.py:94} INFO - Running preoperator
[2023-11-21T12:11:17.828+0000] {generic_transfer.py:95} INFO - TRUNCATE TABLE rand_users
[2023-11-21T12:11:17.841+0000] {base.py:71} INFO - Using connection ID 'source_db_***' for task execution.
[2023-11-21T12:11:17.850+0000] {sql.py:315} INFO - Running statement: TRUNCATE TABLE rand_users, parameters: None
[2023-11-21T12:11:17.869+0000] {generic_transfer.py:104} INFO - Inserting rows into source_db_***
[2023-11-21T12:11:17.880+0000] {base.py:71} INFO - Using connection ID 'source_db_***' for task execution.
[2023-11-21T12:11:17.922+0000] {sql.py:415} INFO - Done loading. Loaded a total of 34 rows
[2023-11-21T12:11:17.939+0000] {taskinstance.py:1406} INFO - Marking task as SUCCESS. dag_id=rand_user, task_id=upload_data_source, execution_date=20231121T121015, start_date=20231121T121116, end_date=20231121T121117
[2023-11-21T12:11:18.009+0000] {local_task_job.py:164} INFO - Task exited with return code 0
[2023-11-21T12:11:18.047+0000] {local_task_job.py:273} INFO - 1 downstream tasks scheduled from follow-on schedule check
