[2023-11-22T10:16:09.844+0000] {taskinstance.py:1165} INFO - Dependencies all met for <TaskInstance: Data_transfer.is_api_available manual__2023-11-22T10:16:06.992462+00:00 [queued]>
[2023-11-22T10:16:09.856+0000] {taskinstance.py:1165} INFO - Dependencies all met for <TaskInstance: Data_transfer.is_api_available manual__2023-11-22T10:16:06.992462+00:00 [queued]>
[2023-11-22T10:16:09.857+0000] {taskinstance.py:1362} INFO - 
--------------------------------------------------------------------------------
[2023-11-22T10:16:09.857+0000] {taskinstance.py:1363} INFO - Starting attempt 1 of 3
[2023-11-22T10:16:09.857+0000] {taskinstance.py:1364} INFO - 
--------------------------------------------------------------------------------
[2023-11-22T10:16:09.874+0000] {taskinstance.py:1383} INFO - Executing <Task(HttpSensor): is_api_available> on 2023-11-22 10:16:06.992462+00:00
[2023-11-22T10:16:09.880+0000] {standard_task_runner.py:55} INFO - Started process 6705 to run task
[2023-11-22T10:16:09.885+0000] {standard_task_runner.py:82} INFO - Running: ['***', 'tasks', 'run', 'Data_transfer', 'is_api_available', 'manual__2023-11-22T10:16:06.992462+00:00', '--job-id', '174', '--raw', '--subdir', 'DAGS_FOLDER/data_transfer.py', '--cfg-path', '/tmp/tmpoa8sfoa8']
[2023-11-22T10:16:09.887+0000] {standard_task_runner.py:83} INFO - Job 174: Subtask is_api_available
[2023-11-22T10:16:09.957+0000] {task_command.py:376} INFO - Running <TaskInstance: Data_transfer.is_api_available manual__2023-11-22T10:16:06.992462+00:00 [running]> on host f71f95879a41
[2023-11-22T10:16:10.030+0000] {taskinstance.py:1592} INFO - Exporting the following env vars:
AIRFLOW_CTX_DAG_OWNER=Gaurav
AIRFLOW_CTX_DAG_ID=Data_transfer
AIRFLOW_CTX_TASK_ID=is_api_available
AIRFLOW_CTX_EXECUTION_DATE=2023-11-22T10:16:06.992462+00:00
AIRFLOW_CTX_TRY_NUMBER=1
AIRFLOW_CTX_DAG_RUN_ID=manual__2023-11-22T10:16:06.992462+00:00
[2023-11-22T10:16:10.031+0000] {http.py:120} INFO - Poking: api/
[2023-11-22T10:16:10.043+0000] {base.py:71} INFO - Using connection ID 'rand_user_api' for task execution.
[2023-11-22T10:16:10.045+0000] {http.py:148} INFO - Sending 'GET' to url: https://randomuser.me/api/
[2023-11-22T10:16:10.511+0000] {base.py:213} INFO - Success criteria met. Exiting.
[2023-11-22T10:16:10.529+0000] {taskinstance.py:1406} INFO - Marking task as SUCCESS. dag_id=Data_transfer, task_id=is_api_available, execution_date=20231122T101606, start_date=20231122T101609, end_date=20231122T101610
[2023-11-22T10:16:10.578+0000] {local_task_job.py:164} INFO - Task exited with return code 0
[2023-11-22T10:16:10.664+0000] {local_task_job.py:273} INFO - 1 downstream tasks scheduled from follow-on schedule check
