[2023-11-22T05:30:46.735+0000] {taskinstance.py:1165} INFO - Dependencies all met for <TaskInstance: rand_user.extract_user manual__2023-11-22T05:30:40.430513+00:00 [queued]>
[2023-11-22T05:30:46.763+0000] {taskinstance.py:1165} INFO - Dependencies all met for <TaskInstance: rand_user.extract_user manual__2023-11-22T05:30:40.430513+00:00 [queued]>
[2023-11-22T05:30:46.763+0000] {taskinstance.py:1362} INFO - 
--------------------------------------------------------------------------------
[2023-11-22T05:30:46.764+0000] {taskinstance.py:1363} INFO - Starting attempt 1 of 3
[2023-11-22T05:30:46.765+0000] {taskinstance.py:1364} INFO - 
--------------------------------------------------------------------------------
[2023-11-22T05:30:46.796+0000] {taskinstance.py:1383} INFO - Executing <Task(SimpleHttpOperator): extract_user> on 2023-11-22 05:30:40.430513+00:00
[2023-11-22T05:30:46.806+0000] {standard_task_runner.py:55} INFO - Started process 5550 to run task
[2023-11-22T05:30:46.814+0000] {standard_task_runner.py:82} INFO - Running: ['***', 'tasks', 'run', 'rand_user', 'extract_user', 'manual__2023-11-22T05:30:40.430513+00:00', '--job-id', '684', '--raw', '--subdir', 'DAGS_FOLDER/predictions.py', '--cfg-path', '/tmp/tmp79kjsxyp']
[2023-11-22T05:30:46.817+0000] {standard_task_runner.py:83} INFO - Job 684: Subtask extract_user
[2023-11-22T05:30:46.933+0000] {task_command.py:376} INFO - Running <TaskInstance: rand_user.extract_user manual__2023-11-22T05:30:40.430513+00:00 [running]> on host 91f7624ceef9
[2023-11-22T05:30:47.066+0000] {taskinstance.py:1592} INFO - Exporting the following env vars:
AIRFLOW_CTX_DAG_OWNER=Gaurav
AIRFLOW_CTX_DAG_ID=rand_user
AIRFLOW_CTX_TASK_ID=extract_user
AIRFLOW_CTX_EXECUTION_DATE=2023-11-22T05:30:40.430513+00:00
AIRFLOW_CTX_TRY_NUMBER=1
AIRFLOW_CTX_DAG_RUN_ID=manual__2023-11-22T05:30:40.430513+00:00
[2023-11-22T05:30:47.068+0000] {http.py:121} INFO - Calling HTTP method
[2023-11-22T05:30:47.084+0000] {base.py:71} INFO - Using connection ID 'rand_user' for task execution.
[2023-11-22T05:30:47.087+0000] {http.py:148} INFO - Sending 'GET' to url: https://randomuser.me/api/
[2023-11-22T05:30:47.519+0000] {http.py:125} INFO - {"results":[{"gender":"male","name":{"title":"Mr","first":"Pat","last":"Mcdonalid"},"location":{"street":{"number":7768,"name":"The Crescent"},"city":"Celbridge","state":"Leitrim","country":"Ireland","postcode":58338,"coordinates":{"latitude":"0.9249","longitude":"-38.9766"},"timezone":{"offset":"0:00","description":"Western Europe Time, London, Lisbon, Casablanca"}},"email":"pat.mcdonalid@example.com","login":{"uuid":"c97cd388-d6a5-4724-a6c8-11f161c5f358","username":"silverlion208","password":"greenbay","salt":"1yNvBkpy","md5":"f39107b8c9e809fe20dac4d2b087edec","sha1":"ee1253c2e42cc95fe2626f51a7162b73c2e428f3","sha256":"5cbf331659e13385289a2152245c22d8e6d1713a6a67c1af3cc2d47bfd994e49"},"dob":{"date":"1949-06-28T05:23:46.628Z","age":74},"registered":{"date":"2022-04-05T13:49:09.931Z","age":1},"phone":"031-073-9235","cell":"081-905-1110","id":{"name":"PPS","value":"0788502T"},"picture":{"large":"https://randomuser.me/api/portraits/men/9.jpg","medium":"https://randomuser.me/api/portraits/med/men/9.jpg","thumbnail":"https://randomuser.me/api/portraits/thumb/men/9.jpg"},"nat":"IE"}],"info":{"seed":"05115f097d5a7247","results":1,"page":1,"version":"1.4"}}
[2023-11-22T05:30:47.562+0000] {taskinstance.py:1406} INFO - Marking task as SUCCESS. dag_id=rand_user, task_id=extract_user, execution_date=20231122T053040, start_date=20231122T053046, end_date=20231122T053047
[2023-11-22T05:30:47.626+0000] {local_task_job.py:164} INFO - Task exited with return code 0
[2023-11-22T05:30:47.713+0000] {local_task_job.py:273} INFO - 1 downstream tasks scheduled from follow-on schedule check
