[2023-11-13T09:46:04.607+0000] {taskinstance.py:1165} INFO - Dependencies all met for <TaskInstance: rand_user.store_user scheduled__2023-11-11T00:00:00+00:00 [queued]>
[2023-11-13T09:46:04.621+0000] {taskinstance.py:1165} INFO - Dependencies all met for <TaskInstance: rand_user.store_user scheduled__2023-11-11T00:00:00+00:00 [queued]>
[2023-11-13T09:46:04.621+0000] {taskinstance.py:1362} INFO - 
--------------------------------------------------------------------------------
[2023-11-13T09:46:04.622+0000] {taskinstance.py:1363} INFO - Starting attempt 1 of 3
[2023-11-13T09:46:04.622+0000] {taskinstance.py:1364} INFO - 
--------------------------------------------------------------------------------
[2023-11-13T09:46:04.642+0000] {taskinstance.py:1383} INFO - Executing <Task(PythonOperator): store_user> on 2023-11-11 00:00:00+00:00
[2023-11-13T09:46:04.651+0000] {standard_task_runner.py:55} INFO - Started process 107 to run task
[2023-11-13T09:46:04.655+0000] {standard_task_runner.py:82} INFO - Running: ['***', 'tasks', 'run', 'rand_user', 'store_user', 'scheduled__2023-11-11T00:00:00+00:00', '--job-id', '343', '--raw', '--subdir', 'DAGS_FOLDER/predictions.py', '--cfg-path', '/tmp/tmpdf9bvvvu']
[2023-11-13T09:46:04.658+0000] {standard_task_runner.py:83} INFO - Job 343: Subtask store_user
[2023-11-13T09:46:04.750+0000] {task_command.py:376} INFO - Running <TaskInstance: rand_user.store_user scheduled__2023-11-11T00:00:00+00:00 [running]> on host 91f7624ceef9
[2023-11-13T09:46:04.880+0000] {taskinstance.py:1592} INFO - Exporting the following env vars:
AIRFLOW_CTX_DAG_OWNER=Gaurav
AIRFLOW_CTX_DAG_ID=rand_user
AIRFLOW_CTX_TASK_ID=store_user
AIRFLOW_CTX_EXECUTION_DATE=2023-11-11T00:00:00+00:00
AIRFLOW_CTX_TRY_NUMBER=1
AIRFLOW_CTX_DAG_RUN_ID=scheduled__2023-11-11T00:00:00+00:00
[2023-11-13T09:46:04.883+0000] {postgres.py:129} INFO - Running copy expert: COPY rand_users FROM stdin WITH DELIMITER as ',', filename: /tmp/processed_user.csv
[2023-11-13T09:46:04.896+0000] {base.py:71} INFO - Using connection ID 'postgres' for task execution.
[2023-11-13T09:46:04.904+0000] {python.py:177} INFO - Done. Returned value was: None
[2023-11-13T09:46:04.922+0000] {taskinstance.py:1406} INFO - Marking task as SUCCESS. dag_id=rand_user, task_id=store_user, execution_date=20231111T000000, start_date=20231113T094604, end_date=20231113T094604
[2023-11-13T09:46:04.947+0000] {local_task_job.py:164} INFO - Task exited with return code 0
[2023-11-13T09:46:04.980+0000] {local_task_job.py:273} INFO - 1 downstream tasks scheduled from follow-on schedule check
