[2023-11-22T09:10:34.718+0000] {taskinstance.py:1165} INFO - Dependencies all met for <TaskInstance: Data_transfer.upload_data_source scheduled__2023-11-22T08:40:23.870064+00:00 [queued]>
[2023-11-22T09:10:34.731+0000] {taskinstance.py:1165} INFO - Dependencies all met for <TaskInstance: Data_transfer.upload_data_source scheduled__2023-11-22T08:40:23.870064+00:00 [queued]>
[2023-11-22T09:10:34.731+0000] {taskinstance.py:1362} INFO - 
--------------------------------------------------------------------------------
[2023-11-22T09:10:34.731+0000] {taskinstance.py:1363} INFO - Starting attempt 1 of 3
[2023-11-22T09:10:34.732+0000] {taskinstance.py:1364} INFO - 
--------------------------------------------------------------------------------
[2023-11-22T09:10:34.750+0000] {taskinstance.py:1383} INFO - Executing <Task(GenericTransfer): upload_data_source> on 2023-11-22 08:40:23.870064+00:00
[2023-11-22T09:10:34.757+0000] {standard_task_runner.py:55} INFO - Started process 3275 to run task
[2023-11-22T09:10:34.763+0000] {standard_task_runner.py:82} INFO - Running: ['***', 'tasks', 'run', 'Data_transfer', 'upload_data_source', 'scheduled__2023-11-22T08:40:23.870064+00:00', '--job-id', '47', '--raw', '--subdir', 'DAGS_FOLDER/data_transfer.py', '--cfg-path', '/tmp/tmp8_gntmrp']
[2023-11-22T09:10:34.765+0000] {standard_task_runner.py:83} INFO - Job 47: Subtask upload_data_source
[2023-11-22T09:10:34.844+0000] {task_command.py:376} INFO - Running <TaskInstance: Data_transfer.upload_data_source scheduled__2023-11-22T08:40:23.870064+00:00 [running]> on host f71f95879a41
[2023-11-22T09:10:34.930+0000] {taskinstance.py:1592} INFO - Exporting the following env vars:
AIRFLOW_CTX_DAG_OWNER=Gaurav
AIRFLOW_CTX_DAG_ID=Data_transfer
AIRFLOW_CTX_TASK_ID=upload_data_source
AIRFLOW_CTX_EXECUTION_DATE=2023-11-22T08:40:23.870064+00:00
AIRFLOW_CTX_TRY_NUMBER=1
AIRFLOW_CTX_DAG_RUN_ID=scheduled__2023-11-22T08:40:23.870064+00:00
[2023-11-22T09:10:34.943+0000] {base.py:71} INFO - Using connection ID 'postgres' for task execution.
[2023-11-22T09:10:35.252+0000] {base.py:71} INFO - Using connection ID 'source_db_***' for task execution.
[2023-11-22T09:10:35.457+0000] {generic_transfer.py:76} INFO - Extracting data from postgres
[2023-11-22T09:10:35.457+0000] {generic_transfer.py:77} INFO - Executing: 
 SELECT * FROM table1_users
[2023-11-22T09:10:35.466+0000] {base.py:71} INFO - Using connection ID 'postgres' for task execution.
[2023-11-22T09:10:35.471+0000] {generic_transfer.py:94} INFO - Running preoperator
[2023-11-22T09:10:35.472+0000] {generic_transfer.py:95} INFO - TRUNCATE TABLE table1_users
[2023-11-22T09:10:35.480+0000] {base.py:71} INFO - Using connection ID 'source_db_***' for task execution.
[2023-11-22T09:10:35.487+0000] {sql.py:315} INFO - Running statement: TRUNCATE TABLE table1_users, parameters: None
[2023-11-22T09:10:35.507+0000] {generic_transfer.py:104} INFO - Inserting rows into source_db_***
[2023-11-22T09:10:35.514+0000] {base.py:71} INFO - Using connection ID 'source_db_***' for task execution.
[2023-11-22T09:10:35.523+0000] {sql.py:415} INFO - Done loading. Loaded a total of 0 rows
[2023-11-22T09:10:35.532+0000] {taskinstance.py:1406} INFO - Marking task as SUCCESS. dag_id=Data_transfer, task_id=upload_data_source, execution_date=20231122T084023, start_date=20231122T091034, end_date=20231122T091035
[2023-11-22T09:10:35.576+0000] {local_task_job.py:164} INFO - Task exited with return code 0
[2023-11-22T09:10:35.594+0000] {local_task_job.py:273} INFO - 0 downstream tasks scheduled from follow-on schedule check
