[2023-11-23T06:28:59.929+0000] {taskinstance.py:1165} INFO - Dependencies all met for <TaskInstance: rand_user.extract_user manual__2023-11-23T06:28:54.578568+00:00 [queued]>
[2023-11-23T06:28:59.947+0000] {taskinstance.py:1165} INFO - Dependencies all met for <TaskInstance: rand_user.extract_user manual__2023-11-23T06:28:54.578568+00:00 [queued]>
[2023-11-23T06:28:59.948+0000] {taskinstance.py:1362} INFO - 
--------------------------------------------------------------------------------
[2023-11-23T06:28:59.948+0000] {taskinstance.py:1363} INFO - Starting attempt 1 of 3
[2023-11-23T06:28:59.949+0000] {taskinstance.py:1364} INFO - 
--------------------------------------------------------------------------------
[2023-11-23T06:28:59.966+0000] {taskinstance.py:1383} INFO - Executing <Task(SimpleHttpOperator): extract_user> on 2023-11-23 06:28:54.578568+00:00
[2023-11-23T06:28:59.973+0000] {standard_task_runner.py:55} INFO - Started process 7005 to run task
[2023-11-23T06:28:59.978+0000] {standard_task_runner.py:82} INFO - Running: ['***', 'tasks', 'run', 'rand_user', 'extract_user', 'manual__2023-11-23T06:28:54.578568+00:00', '--job-id', '486', '--raw', '--subdir', 'DAGS_FOLDER/predictions.py', '--cfg-path', '/tmp/tmpuhtdqo2h']
[2023-11-23T06:28:59.981+0000] {standard_task_runner.py:83} INFO - Job 486: Subtask extract_user
[2023-11-23T06:29:00.068+0000] {task_command.py:376} INFO - Running <TaskInstance: rand_user.extract_user manual__2023-11-23T06:28:54.578568+00:00 [running]> on host f71f95879a41
[2023-11-23T06:29:00.159+0000] {taskinstance.py:1592} INFO - Exporting the following env vars:
AIRFLOW_CTX_DAG_OWNER=Gaurav
AIRFLOW_CTX_DAG_ID=rand_user
AIRFLOW_CTX_TASK_ID=extract_user
AIRFLOW_CTX_EXECUTION_DATE=2023-11-23T06:28:54.578568+00:00
AIRFLOW_CTX_TRY_NUMBER=1
AIRFLOW_CTX_DAG_RUN_ID=manual__2023-11-23T06:28:54.578568+00:00
[2023-11-23T06:29:00.160+0000] {http.py:121} INFO - Calling HTTP method
[2023-11-23T06:29:00.171+0000] {base.py:71} INFO - Using connection ID 'rand_user_api' for task execution.
[2023-11-23T06:29:00.173+0000] {http.py:148} INFO - Sending 'GET' to url: https://randomuser.me/api/
[2023-11-23T06:29:00.727+0000] {http.py:125} INFO - {"results":[{"gender":"female","name":{"title":"Mrs","first":"Emilie","last":"Jensen"},"location":{"street":{"number":3965,"name":"Lillegade"},"city":"Jystrup","state":"Syddanmark","country":"Denmark","postcode":34372,"coordinates":{"latitude":"-45.9112","longitude":"82.0991"},"timezone":{"offset":"-10:00","description":"Hawaii"}},"email":"emilie.jensen@example.com","login":{"uuid":"3381675d-40fa-4806-8e44-da1c5dd2c4a0","username":"crazysnake670","password":"comp","salt":"c7NIcys5","md5":"466f2cc9f78dfa1c6676a64a48237cfd","sha1":"3dae19be0ad594487da9ad5d718da706942cc07e","sha256":"bc68b5c36f75a94e2a29350f49bc1b4d847e1f6c08b52e7cb30a433b3d7c4908"},"dob":{"date":"1949-08-02T23:35:40.915Z","age":74},"registered":{"date":"2017-06-02T12:47:44.943Z","age":6},"phone":"88172608","cell":"11266608","id":{"name":"CPR","value":"020849-9802"},"picture":{"large":"https://randomuser.me/api/portraits/women/32.jpg","medium":"https://randomuser.me/api/portraits/med/women/32.jpg","thumbnail":"https://randomuser.me/api/portraits/thumb/women/32.jpg"},"nat":"DK"}],"info":{"seed":"8c9d96052c0a4d72","results":1,"page":1,"version":"1.4"}}
[2023-11-23T06:29:00.821+0000] {taskinstance.py:1406} INFO - Marking task as SUCCESS. dag_id=rand_user, task_id=extract_user, execution_date=20231123T062854, start_date=20231123T062859, end_date=20231123T062900
[2023-11-23T06:29:00.871+0000] {local_task_job.py:164} INFO - Task exited with return code 0
[2023-11-23T06:29:00.901+0000] {local_task_job.py:273} INFO - 1 downstream tasks scheduled from follow-on schedule check
