[2023-11-14T09:27:40.692+0000] {taskinstance.py:1165} INFO - Dependencies all met for <TaskInstance: rand_user.store_user manual__2023-11-14T09:27:33.057150+00:00 [queued]>
[2023-11-14T09:27:40.703+0000] {taskinstance.py:1165} INFO - Dependencies all met for <TaskInstance: rand_user.store_user manual__2023-11-14T09:27:33.057150+00:00 [queued]>
[2023-11-14T09:27:40.704+0000] {taskinstance.py:1362} INFO - 
--------------------------------------------------------------------------------
[2023-11-14T09:27:40.704+0000] {taskinstance.py:1363} INFO - Starting attempt 1 of 3
[2023-11-14T09:27:40.704+0000] {taskinstance.py:1364} INFO - 
--------------------------------------------------------------------------------
[2023-11-14T09:27:40.720+0000] {taskinstance.py:1383} INFO - Executing <Task(PythonOperator): store_user> on 2023-11-14 09:27:33.057150+00:00
[2023-11-14T09:27:40.727+0000] {standard_task_runner.py:55} INFO - Started process 444 to run task
[2023-11-14T09:27:40.731+0000] {standard_task_runner.py:82} INFO - Running: ['***', 'tasks', 'run', 'rand_user', 'store_user', 'manual__2023-11-14T09:27:33.057150+00:00', '--job-id', '426', '--raw', '--subdir', 'DAGS_FOLDER/predictions.py', '--cfg-path', '/tmp/tmpi_gp0w86']
[2023-11-14T09:27:40.733+0000] {standard_task_runner.py:83} INFO - Job 426: Subtask store_user
[2023-11-14T09:27:40.801+0000] {task_command.py:376} INFO - Running <TaskInstance: rand_user.store_user manual__2023-11-14T09:27:33.057150+00:00 [running]> on host 91f7624ceef9
[2023-11-14T09:27:40.879+0000] {taskinstance.py:1592} INFO - Exporting the following env vars:
AIRFLOW_CTX_DAG_OWNER=Gaurav
AIRFLOW_CTX_DAG_ID=rand_user
AIRFLOW_CTX_TASK_ID=store_user
AIRFLOW_CTX_EXECUTION_DATE=2023-11-14T09:27:33.057150+00:00
AIRFLOW_CTX_TRY_NUMBER=1
AIRFLOW_CTX_DAG_RUN_ID=manual__2023-11-14T09:27:33.057150+00:00
[2023-11-14T09:27:40.880+0000] {postgres.py:129} INFO - Running copy expert: COPY rand_users FROM stdin WITH DELIMITER as ',', filename: /tmp/processed_user.csv
[2023-11-14T09:27:40.890+0000] {base.py:71} INFO - Using connection ID 'postgres' for task execution.
[2023-11-14T09:27:40.896+0000] {python.py:177} INFO - Done. Returned value was: None
[2023-11-14T09:27:40.907+0000] {taskinstance.py:1406} INFO - Marking task as SUCCESS. dag_id=rand_user, task_id=store_user, execution_date=20231114T092733, start_date=20231114T092740, end_date=20231114T092740
[2023-11-14T09:27:40.942+0000] {local_task_job.py:164} INFO - Task exited with return code 0
[2023-11-14T09:27:40.972+0000] {local_task_job.py:273} INFO - 1 downstream tasks scheduled from follow-on schedule check
