[2023-11-10T09:12:46.336+0000] {taskinstance.py:1165} INFO - Dependencies all met for <TaskInstance: rand_user.is_api_available manual__2023-11-10T09:12:41.778410+00:00 [queued]>
[2023-11-10T09:12:46.369+0000] {taskinstance.py:1165} INFO - Dependencies all met for <TaskInstance: rand_user.is_api_available manual__2023-11-10T09:12:41.778410+00:00 [queued]>
[2023-11-10T09:12:46.371+0000] {taskinstance.py:1362} INFO - 
--------------------------------------------------------------------------------
[2023-11-10T09:12:46.372+0000] {taskinstance.py:1363} INFO - Starting attempt 1 of 3
[2023-11-10T09:12:46.374+0000] {taskinstance.py:1364} INFO - 
--------------------------------------------------------------------------------
[2023-11-10T09:12:46.415+0000] {taskinstance.py:1383} INFO - Executing <Task(HttpSensor): is_api_available> on 2023-11-10 09:12:41.778410+00:00
[2023-11-10T09:12:46.429+0000] {standard_task_runner.py:55} INFO - Started process 1817 to run task
[2023-11-10T09:12:46.438+0000] {standard_task_runner.py:82} INFO - Running: ['***', 'tasks', 'run', 'rand_user', 'is_api_available', 'manual__2023-11-10T09:12:41.778410+00:00', '--job-id', '121', '--raw', '--subdir', 'DAGS_FOLDER/predictions.py', '--cfg-path', '/tmp/tmp_81wc7kx']
[2023-11-10T09:12:46.443+0000] {standard_task_runner.py:83} INFO - Job 121: Subtask is_api_available
[2023-11-10T09:12:46.603+0000] {task_command.py:376} INFO - Running <TaskInstance: rand_user.is_api_available manual__2023-11-10T09:12:41.778410+00:00 [running]> on host 91f7624ceef9
[2023-11-10T09:12:46.742+0000] {taskinstance.py:1592} INFO - Exporting the following env vars:
AIRFLOW_CTX_DAG_OWNER=Gaurav
AIRFLOW_CTX_DAG_ID=rand_user
AIRFLOW_CTX_TASK_ID=is_api_available
AIRFLOW_CTX_EXECUTION_DATE=2023-11-10T09:12:41.778410+00:00
AIRFLOW_CTX_TRY_NUMBER=1
AIRFLOW_CTX_DAG_RUN_ID=manual__2023-11-10T09:12:41.778410+00:00
[2023-11-10T09:12:46.744+0000] {http.py:120} INFO - Poking: api/
[2023-11-10T09:12:46.762+0000] {base.py:71} INFO - Using connection ID 'us_population_API' for task execution.
[2023-11-10T09:12:46.766+0000] {http.py:148} INFO - Sending 'GET' to url: https://datausa.io/api/data?drilldowns=Nation&measures=Population/api/
[2023-11-10T09:12:47.861+0000] {base.py:213} INFO - Success criteria met. Exiting.
[2023-11-10T09:12:47.878+0000] {taskinstance.py:1406} INFO - Marking task as SUCCESS. dag_id=rand_user, task_id=is_api_available, execution_date=20231110T091241, start_date=20231110T091246, end_date=20231110T091247
[2023-11-10T09:12:47.947+0000] {local_task_job.py:164} INFO - Task exited with return code 0
[2023-11-10T09:12:48.030+0000] {local_task_job.py:273} INFO - 1 downstream tasks scheduled from follow-on schedule check
