[2023-11-10T10:49:16.001+0000] {taskinstance.py:1165} INFO - Dependencies all met for <TaskInstance: rand_user.extract_user manual__2023-11-10T10:49:10.110832+00:00 [queued]>
[2023-11-10T10:49:16.014+0000] {taskinstance.py:1165} INFO - Dependencies all met for <TaskInstance: rand_user.extract_user manual__2023-11-10T10:49:10.110832+00:00 [queued]>
[2023-11-10T10:49:16.015+0000] {taskinstance.py:1362} INFO - 
--------------------------------------------------------------------------------
[2023-11-10T10:49:16.015+0000] {taskinstance.py:1363} INFO - Starting attempt 1 of 3
[2023-11-10T10:49:16.015+0000] {taskinstance.py:1364} INFO - 
--------------------------------------------------------------------------------
[2023-11-10T10:49:16.030+0000] {taskinstance.py:1383} INFO - Executing <Task(SimpleHttpOperator): extract_user> on 2023-11-10 10:49:10.110832+00:00
[2023-11-10T10:49:16.037+0000] {standard_task_runner.py:55} INFO - Started process 4574 to run task
[2023-11-10T10:49:16.041+0000] {standard_task_runner.py:82} INFO - Running: ['***', 'tasks', 'run', 'rand_user', 'extract_user', 'manual__2023-11-10T10:49:10.110832+00:00', '--job-id', '178', '--raw', '--subdir', 'DAGS_FOLDER/predictions.py', '--cfg-path', '/tmp/tmp2bvg3wem']
[2023-11-10T10:49:16.043+0000] {standard_task_runner.py:83} INFO - Job 178: Subtask extract_user
[2023-11-10T10:49:16.109+0000] {task_command.py:376} INFO - Running <TaskInstance: rand_user.extract_user manual__2023-11-10T10:49:10.110832+00:00 [running]> on host 91f7624ceef9
[2023-11-10T10:49:16.181+0000] {taskinstance.py:1592} INFO - Exporting the following env vars:
AIRFLOW_CTX_DAG_OWNER=Gaurav
AIRFLOW_CTX_DAG_ID=rand_user
AIRFLOW_CTX_TASK_ID=extract_user
AIRFLOW_CTX_EXECUTION_DATE=2023-11-10T10:49:10.110832+00:00
AIRFLOW_CTX_TRY_NUMBER=1
AIRFLOW_CTX_DAG_RUN_ID=manual__2023-11-10T10:49:10.110832+00:00
[2023-11-10T10:49:16.182+0000] {http.py:121} INFO - Calling HTTP method
[2023-11-10T10:49:16.192+0000] {base.py:71} INFO - Using connection ID 'rand_user' for task execution.
[2023-11-10T10:49:16.194+0000] {http.py:148} INFO - Sending 'GET' to url: https://randomuser.me/api/
[2023-11-10T10:49:16.819+0000] {http.py:125} INFO - {"results":[{"gender":"female","name":{"title":"Mrs","first":"Vesna","last":"Fritz"},"location":{"street":{"number":4924,"name":"Marktplatz"},"city":"Pirna","state":"Nordrhein-Westfalen","country":"Germany","postcode":92078,"coordinates":{"latitude":"-48.2052","longitude":"48.3472"},"timezone":{"offset":"+6:00","description":"Almaty, Dhaka, Colombo"}},"email":"vesna.fritz@example.com","login":{"uuid":"f3ac7aa9-e1a3-4b74-8806-9b898303ea8e","username":"happymeercat751","password":"19841984","salt":"fNoSDsIF","md5":"e0df26458fc37a25d94f63c2da237457","sha1":"3ef0eface27c3aa12df7020495b1d08ba6556849","sha256":"717df12f8d0602a6127bbca564ba6022b054c2325c35801cc0515951c03a046c"},"dob":{"date":"1975-04-17T06:09:51.454Z","age":48},"registered":{"date":"2014-04-02T04:00:13.007Z","age":9},"phone":"0201-9658247","cell":"0176-0131052","id":{"name":"SVNR","value":"62 170475 F 841"},"picture":{"large":"https://randomuser.me/api/portraits/women/51.jpg","medium":"https://randomuser.me/api/portraits/med/women/51.jpg","thumbnail":"https://randomuser.me/api/portraits/thumb/women/51.jpg"},"nat":"DE"}],"info":{"seed":"0696087f5583aab8","results":1,"page":1,"version":"1.4"}}
[2023-11-10T10:49:16.855+0000] {taskinstance.py:1406} INFO - Marking task as SUCCESS. dag_id=rand_user, task_id=extract_user, execution_date=20231110T104910, start_date=20231110T104916, end_date=20231110T104916
[2023-11-10T10:49:16.895+0000] {local_task_job.py:164} INFO - Task exited with return code 0
[2023-11-10T10:49:16.925+0000] {local_task_job.py:273} INFO - 1 downstream tasks scheduled from follow-on schedule check
