[2023-11-22T05:18:06.712+0000] {taskinstance.py:1165} INFO - Dependencies all met for <TaskInstance: rand_user.extract_user manual__2023-11-22T05:17:58.716142+00:00 [queued]>
[2023-11-22T05:18:06.732+0000] {taskinstance.py:1165} INFO - Dependencies all met for <TaskInstance: rand_user.extract_user manual__2023-11-22T05:17:58.716142+00:00 [queued]>
[2023-11-22T05:18:06.733+0000] {taskinstance.py:1362} INFO - 
--------------------------------------------------------------------------------
[2023-11-22T05:18:06.733+0000] {taskinstance.py:1363} INFO - Starting attempt 1 of 3
[2023-11-22T05:18:06.734+0000] {taskinstance.py:1364} INFO - 
--------------------------------------------------------------------------------
[2023-11-22T05:18:06.769+0000] {taskinstance.py:1383} INFO - Executing <Task(SimpleHttpOperator): extract_user> on 2023-11-22 05:17:58.716142+00:00
[2023-11-22T05:18:06.779+0000] {standard_task_runner.py:55} INFO - Started process 4846 to run task
[2023-11-22T05:18:06.787+0000] {standard_task_runner.py:82} INFO - Running: ['***', 'tasks', 'run', 'rand_user', 'extract_user', 'manual__2023-11-22T05:17:58.716142+00:00', '--job-id', '631', '--raw', '--subdir', 'DAGS_FOLDER/predictions.py', '--cfg-path', '/tmp/tmpnito89oi']
[2023-11-22T05:18:06.791+0000] {standard_task_runner.py:83} INFO - Job 631: Subtask extract_user
[2023-11-22T05:18:06.895+0000] {task_command.py:376} INFO - Running <TaskInstance: rand_user.extract_user manual__2023-11-22T05:17:58.716142+00:00 [running]> on host 91f7624ceef9
[2023-11-22T05:18:07.020+0000] {taskinstance.py:1592} INFO - Exporting the following env vars:
AIRFLOW_CTX_DAG_OWNER=Gaurav
AIRFLOW_CTX_DAG_ID=rand_user
AIRFLOW_CTX_TASK_ID=extract_user
AIRFLOW_CTX_EXECUTION_DATE=2023-11-22T05:17:58.716142+00:00
AIRFLOW_CTX_TRY_NUMBER=1
AIRFLOW_CTX_DAG_RUN_ID=manual__2023-11-22T05:17:58.716142+00:00
[2023-11-22T05:18:07.022+0000] {http.py:121} INFO - Calling HTTP method
[2023-11-22T05:18:07.039+0000] {base.py:71} INFO - Using connection ID 'rand_user' for task execution.
[2023-11-22T05:18:07.042+0000] {http.py:148} INFO - Sending 'GET' to url: https://randomuser.me/api/
[2023-11-22T05:18:07.455+0000] {http.py:125} INFO - {"results":[{"gender":"male","name":{"title":"Mr","first":"Elliot","last":"Patel"},"location":{"street":{"number":4117,"name":"Pine Rd"},"city":"Aylmer","state":"Nunavut","country":"Canada","postcode":"B8X 6G8","coordinates":{"latitude":"-64.9813","longitude":"-23.0468"},"timezone":{"offset":"+11:00","description":"Magadan, Solomon Islands, New Caledonia"}},"email":"elliot.patel@example.com","login":{"uuid":"4bf6b093-7ec0-45d4-988f-154079d6cdc7","username":"lazywolf187","password":"longdong","salt":"E6Vaw1rf","md5":"937b97f96018b221f73daa4e3d424cbd","sha1":"23323460475e1bf2edf17bfb2b094cf133ae74ae","sha256":"e393eccc3a8f77299d246a6134d805ebc9ea721f38d168db9c1ae13fa40ce658"},"dob":{"date":"1964-02-21T14:05:01.639Z","age":59},"registered":{"date":"2008-07-09T22:21:28.448Z","age":15},"phone":"L58 K88-7455","cell":"K51 Q07-6181","id":{"name":"SIN","value":"251008488"},"picture":{"large":"https://randomuser.me/api/portraits/men/5.jpg","medium":"https://randomuser.me/api/portraits/med/men/5.jpg","thumbnail":"https://randomuser.me/api/portraits/thumb/men/5.jpg"},"nat":"CA"}],"info":{"seed":"cc7cb29b70c68727","results":1,"page":1,"version":"1.4"}}
[2023-11-22T05:18:07.505+0000] {taskinstance.py:1406} INFO - Marking task as SUCCESS. dag_id=rand_user, task_id=extract_user, execution_date=20231122T051758, start_date=20231122T051806, end_date=20231122T051807
[2023-11-22T05:18:07.559+0000] {local_task_job.py:164} INFO - Task exited with return code 0
[2023-11-22T05:18:07.632+0000] {local_task_job.py:273} INFO - 1 downstream tasks scheduled from follow-on schedule check
