[2023-11-10T10:50:16.892+0000] {taskinstance.py:1165} INFO - Dependencies all met for <TaskInstance: rand_user.load_upload_data manual__2023-11-10T10:50:05.565299+00:00 [queued]>
[2023-11-10T10:50:16.905+0000] {taskinstance.py:1165} INFO - Dependencies all met for <TaskInstance: rand_user.load_upload_data manual__2023-11-10T10:50:05.565299+00:00 [queued]>
[2023-11-10T10:50:16.906+0000] {taskinstance.py:1362} INFO - 
--------------------------------------------------------------------------------
[2023-11-10T10:50:16.906+0000] {taskinstance.py:1363} INFO - Starting attempt 1 of 3
[2023-11-10T10:50:16.907+0000] {taskinstance.py:1364} INFO - 
--------------------------------------------------------------------------------
[2023-11-10T10:50:16.922+0000] {taskinstance.py:1383} INFO - Executing <Task(GenericTransfer): load_upload_data> on 2023-11-10 10:50:05.565299+00:00
[2023-11-10T10:50:16.928+0000] {standard_task_runner.py:55} INFO - Started process 4658 to run task
[2023-11-10T10:50:16.933+0000] {standard_task_runner.py:82} INFO - Running: ['***', 'tasks', 'run', 'rand_user', 'load_upload_data', 'manual__2023-11-10T10:50:05.565299+00:00', '--job-id', '191', '--raw', '--subdir', 'DAGS_FOLDER/predictions.py', '--cfg-path', '/tmp/tmpi_395aet']
[2023-11-10T10:50:16.935+0000] {standard_task_runner.py:83} INFO - Job 191: Subtask load_upload_data
[2023-11-10T10:50:17.000+0000] {task_command.py:376} INFO - Running <TaskInstance: rand_user.load_upload_data manual__2023-11-10T10:50:05.565299+00:00 [running]> on host 91f7624ceef9
[2023-11-10T10:50:17.070+0000] {taskinstance.py:1592} INFO - Exporting the following env vars:
AIRFLOW_CTX_DAG_OWNER=Gaurav
AIRFLOW_CTX_DAG_ID=rand_user
AIRFLOW_CTX_TASK_ID=load_upload_data
AIRFLOW_CTX_EXECUTION_DATE=2023-11-10T10:50:05.565299+00:00
AIRFLOW_CTX_TRY_NUMBER=1
AIRFLOW_CTX_DAG_RUN_ID=manual__2023-11-10T10:50:05.565299+00:00
[2023-11-10T10:50:17.080+0000] {base.py:71} INFO - Using connection ID 'postgres' for task execution.
[2023-11-10T10:50:17.268+0000] {base.py:71} INFO - Using connection ID 'Destination_table' for task execution.
[2023-11-10T10:50:17.440+0000] {generic_transfer.py:76} INFO - Extracting data from postgres
[2023-11-10T10:50:17.440+0000] {generic_transfer.py:77} INFO - Executing: 
 select * from rand_users
[2023-11-10T10:50:17.448+0000] {base.py:71} INFO - Using connection ID 'postgres' for task execution.
[2023-11-10T10:50:17.453+0000] {generic_transfer.py:94} INFO - Running preoperator
[2023-11-10T10:50:17.454+0000] {generic_transfer.py:95} INFO - TRUNCATE TABLE rand_dest_users
[2023-11-10T10:50:17.461+0000] {base.py:71} INFO - Using connection ID 'Destination_table' for task execution.
[2023-11-10T10:50:17.465+0000] {sql.py:315} INFO - Running statement: TRUNCATE TABLE rand_dest_users, parameters: None
[2023-11-10T10:50:17.469+0000] {generic_transfer.py:104} INFO - Inserting rows into Destination_table
[2023-11-10T10:50:17.476+0000] {base.py:71} INFO - Using connection ID 'Destination_table' for task execution.
[2023-11-10T10:50:17.483+0000] {sql.py:415} INFO - Done loading. Loaded a total of 7 rows
[2023-11-10T10:50:17.494+0000] {taskinstance.py:1406} INFO - Marking task as SUCCESS. dag_id=rand_user, task_id=load_upload_data, execution_date=20231110T105005, start_date=20231110T105016, end_date=20231110T105017
[2023-11-10T10:50:17.544+0000] {local_task_job.py:164} INFO - Task exited with return code 0
[2023-11-10T10:50:17.564+0000] {local_task_job.py:273} INFO - 0 downstream tasks scheduled from follow-on schedule check
