[2023-11-13T09:46:08.534+0000] {taskinstance.py:1165} INFO - Dependencies all met for <TaskInstance: rand_user.load_upload_data scheduled__2023-11-12T00:00:00+00:00 [queued]>
[2023-11-13T09:46:08.551+0000] {taskinstance.py:1165} INFO - Dependencies all met for <TaskInstance: rand_user.load_upload_data scheduled__2023-11-12T00:00:00+00:00 [queued]>
[2023-11-13T09:46:08.552+0000] {taskinstance.py:1362} INFO - 
--------------------------------------------------------------------------------
[2023-11-13T09:46:08.553+0000] {taskinstance.py:1363} INFO - Starting attempt 1 of 3
[2023-11-13T09:46:08.553+0000] {taskinstance.py:1364} INFO - 
--------------------------------------------------------------------------------
[2023-11-13T09:46:08.575+0000] {taskinstance.py:1383} INFO - Executing <Task(GenericTransfer): load_upload_data> on 2023-11-12 00:00:00+00:00
[2023-11-13T09:46:08.583+0000] {standard_task_runner.py:55} INFO - Started process 132 to run task
[2023-11-13T09:46:08.589+0000] {standard_task_runner.py:82} INFO - Running: ['***', 'tasks', 'run', 'rand_user', 'load_upload_data', 'scheduled__2023-11-12T00:00:00+00:00', '--job-id', '347', '--raw', '--subdir', 'DAGS_FOLDER/predictions.py', '--cfg-path', '/tmp/tmpxlpb7xa_']
[2023-11-13T09:46:08.591+0000] {standard_task_runner.py:83} INFO - Job 347: Subtask load_upload_data
[2023-11-13T09:46:08.686+0000] {task_command.py:376} INFO - Running <TaskInstance: rand_user.load_upload_data scheduled__2023-11-12T00:00:00+00:00 [running]> on host 91f7624ceef9
[2023-11-13T09:46:08.775+0000] {taskinstance.py:1592} INFO - Exporting the following env vars:
AIRFLOW_CTX_DAG_OWNER=Gaurav
AIRFLOW_CTX_DAG_ID=rand_user
AIRFLOW_CTX_TASK_ID=load_upload_data
AIRFLOW_CTX_EXECUTION_DATE=2023-11-12T00:00:00+00:00
AIRFLOW_CTX_TRY_NUMBER=1
AIRFLOW_CTX_DAG_RUN_ID=scheduled__2023-11-12T00:00:00+00:00
[2023-11-13T09:46:08.786+0000] {base.py:71} INFO - Using connection ID 'postgres' for task execution.
[2023-11-13T09:46:09.038+0000] {base.py:71} INFO - Using connection ID 'pgadmin_connection' for task execution.
[2023-11-13T09:46:09.229+0000] {generic_transfer.py:76} INFO - Extracting data from postgres
[2023-11-13T09:46:09.229+0000] {generic_transfer.py:77} INFO - Executing: 
 select * from rand_users
[2023-11-13T09:46:09.238+0000] {base.py:71} INFO - Using connection ID 'postgres' for task execution.
[2023-11-13T09:46:09.243+0000] {generic_transfer.py:104} INFO - Inserting rows into pgadmin_connection
[2023-11-13T09:46:09.252+0000] {base.py:71} INFO - Using connection ID 'pgadmin_connection' for task execution.
[2023-11-13T09:46:09.276+0000] {sql.py:415} INFO - Done loading. Loaded a total of 20 rows
[2023-11-13T09:46:09.288+0000] {taskinstance.py:1406} INFO - Marking task as SUCCESS. dag_id=rand_user, task_id=load_upload_data, execution_date=20231112T000000, start_date=20231113T094608, end_date=20231113T094609
[2023-11-13T09:46:09.361+0000] {local_task_job.py:164} INFO - Task exited with return code 0
[2023-11-13T09:46:09.384+0000] {local_task_job.py:273} INFO - 0 downstream tasks scheduled from follow-on schedule check
