[2023-11-23T05:59:55.877+0000] {taskinstance.py:1165} INFO - Dependencies all met for <TaskInstance: rand_user.extract_user manual__2023-11-23T05:59:51.572059+00:00 [queued]>
[2023-11-23T05:59:55.891+0000] {taskinstance.py:1165} INFO - Dependencies all met for <TaskInstance: rand_user.extract_user manual__2023-11-23T05:59:51.572059+00:00 [queued]>
[2023-11-23T05:59:55.891+0000] {taskinstance.py:1362} INFO - 
--------------------------------------------------------------------------------
[2023-11-23T05:59:55.892+0000] {taskinstance.py:1363} INFO - Starting attempt 1 of 3
[2023-11-23T05:59:55.892+0000] {taskinstance.py:1364} INFO - 
--------------------------------------------------------------------------------
[2023-11-23T05:59:55.908+0000] {taskinstance.py:1383} INFO - Executing <Task(SimpleHttpOperator): extract_user> on 2023-11-23 05:59:51.572059+00:00
[2023-11-23T05:59:55.915+0000] {standard_task_runner.py:55} INFO - Started process 5531 to run task
[2023-11-23T05:59:55.919+0000] {standard_task_runner.py:82} INFO - Running: ['***', 'tasks', 'run', 'rand_user', 'extract_user', 'manual__2023-11-23T05:59:51.572059+00:00', '--job-id', '448', '--raw', '--subdir', 'DAGS_FOLDER/predictions.py', '--cfg-path', '/tmp/tmpuj2puy4i']
[2023-11-23T05:59:55.921+0000] {standard_task_runner.py:83} INFO - Job 448: Subtask extract_user
[2023-11-23T05:59:55.996+0000] {task_command.py:376} INFO - Running <TaskInstance: rand_user.extract_user manual__2023-11-23T05:59:51.572059+00:00 [running]> on host f71f95879a41
[2023-11-23T05:59:56.073+0000] {taskinstance.py:1592} INFO - Exporting the following env vars:
AIRFLOW_CTX_DAG_OWNER=Gaurav
AIRFLOW_CTX_DAG_ID=rand_user
AIRFLOW_CTX_TASK_ID=extract_user
AIRFLOW_CTX_EXECUTION_DATE=2023-11-23T05:59:51.572059+00:00
AIRFLOW_CTX_TRY_NUMBER=1
AIRFLOW_CTX_DAG_RUN_ID=manual__2023-11-23T05:59:51.572059+00:00
[2023-11-23T05:59:56.074+0000] {http.py:121} INFO - Calling HTTP method
[2023-11-23T05:59:56.084+0000] {base.py:71} INFO - Using connection ID 'rand_user_api' for task execution.
[2023-11-23T05:59:56.087+0000] {http.py:148} INFO - Sending 'GET' to url: https://randomuser.me/api/
[2023-11-23T05:59:56.594+0000] {http.py:125} INFO - {"results":[{"gender":"female","name":{"title":"Miss","first":"Ava","last":"Narum"},"location":{"street":{"number":2113,"name":"Veslefrikkveien"},"city":"Sigerfjord","state":"Rogaland","country":"Norway","postcode":"0270","coordinates":{"latitude":"43.7127","longitude":"70.6484"},"timezone":{"offset":"-2:00","description":"Mid-Atlantic"}},"email":"ava.narum@example.com","login":{"uuid":"29163eb9-2bad-437a-990a-d0ff29ae9576","username":"purplesnake121","password":"1216","salt":"QP3nBNfJ","md5":"36903cecdfcd2db62f4aca74eb0c727f","sha1":"77fe0a3ffb6fcb4be556c2a4113ff992340a0451","sha256":"de60d3d0e8fb36a460a383010733efd4460bd53b24f7de881b5267531efa6858"},"dob":{"date":"2000-07-15T22:00:46.344Z","age":23},"registered":{"date":"2021-04-22T04:01:12.054Z","age":2},"phone":"66953445","cell":"94351396","id":{"name":"FN","value":"15070078241"},"picture":{"large":"https://randomuser.me/api/portraits/women/13.jpg","medium":"https://randomuser.me/api/portraits/med/women/13.jpg","thumbnail":"https://randomuser.me/api/portraits/thumb/women/13.jpg"},"nat":"NO"}],"info":{"seed":"08b307b4d65e546b","results":1,"page":1,"version":"1.4"}}
[2023-11-23T05:59:56.649+0000] {taskinstance.py:1406} INFO - Marking task as SUCCESS. dag_id=rand_user, task_id=extract_user, execution_date=20231123T055951, start_date=20231123T055955, end_date=20231123T055956
[2023-11-23T05:59:56.692+0000] {local_task_job.py:164} INFO - Task exited with return code 0
[2023-11-23T05:59:56.747+0000] {local_task_job.py:273} INFO - 1 downstream tasks scheduled from follow-on schedule check
