[2023-11-22T09:37:14.116+0000] {taskinstance.py:1165} INFO - Dependencies all met for <TaskInstance: Data_transfer.extract_user manual__2023-11-22T09:37:08.854232+00:00 [queued]>
[2023-11-22T09:37:14.134+0000] {taskinstance.py:1165} INFO - Dependencies all met for <TaskInstance: Data_transfer.extract_user manual__2023-11-22T09:37:08.854232+00:00 [queued]>
[2023-11-22T09:37:14.134+0000] {taskinstance.py:1362} INFO - 
--------------------------------------------------------------------------------
[2023-11-22T09:37:14.135+0000] {taskinstance.py:1363} INFO - Starting attempt 1 of 3
[2023-11-22T09:37:14.135+0000] {taskinstance.py:1364} INFO - 
--------------------------------------------------------------------------------
[2023-11-22T09:37:14.152+0000] {taskinstance.py:1383} INFO - Executing <Task(SimpleHttpOperator): extract_user> on 2023-11-22 09:37:08.854232+00:00
[2023-11-22T09:37:14.159+0000] {standard_task_runner.py:55} INFO - Started process 4638 to run task
[2023-11-22T09:37:14.164+0000] {standard_task_runner.py:82} INFO - Running: ['***', 'tasks', 'run', 'Data_transfer', 'extract_user', 'manual__2023-11-22T09:37:08.854232+00:00', '--job-id', '87', '--raw', '--subdir', 'DAGS_FOLDER/data_transfer.py', '--cfg-path', '/tmp/tmp_jl295yc']
[2023-11-22T09:37:14.167+0000] {standard_task_runner.py:83} INFO - Job 87: Subtask extract_user
[2023-11-22T09:37:14.235+0000] {task_command.py:376} INFO - Running <TaskInstance: Data_transfer.extract_user manual__2023-11-22T09:37:08.854232+00:00 [running]> on host f71f95879a41
[2023-11-22T09:37:14.303+0000] {taskinstance.py:1592} INFO - Exporting the following env vars:
AIRFLOW_CTX_DAG_OWNER=Gaurav
AIRFLOW_CTX_DAG_ID=Data_transfer
AIRFLOW_CTX_TASK_ID=extract_user
AIRFLOW_CTX_EXECUTION_DATE=2023-11-22T09:37:08.854232+00:00
AIRFLOW_CTX_TRY_NUMBER=1
AIRFLOW_CTX_DAG_RUN_ID=manual__2023-11-22T09:37:08.854232+00:00
[2023-11-22T09:37:14.304+0000] {http.py:121} INFO - Calling HTTP method
[2023-11-22T09:37:14.315+0000] {base.py:71} INFO - Using connection ID 'rand_user_api' for task execution.
[2023-11-22T09:37:14.318+0000] {http.py:148} INFO - Sending 'GET' to url: https://randomuser.me/api/
[2023-11-22T09:37:15.437+0000] {http.py:125} INFO - {"results":[{"gender":"female","name":{"title":"Mrs","first":"Lily","last":"Berthelsen"},"location":{"street":{"number":7684,"name":"Fossumkroken"},"city":"Skjeggestadåsen","state":"Bergen","country":"Norway","postcode":"7892","coordinates":{"latitude":"45.2100","longitude":"36.0344"},"timezone":{"offset":"+2:00","description":"Kaliningrad, South Africa"}},"email":"lily.berthelsen@example.com","login":{"uuid":"8188c3b2-1983-4310-852d-d252fe0e0d97","username":"smallsnake248","password":"bogart","salt":"JFmphbcw","md5":"7a314de7f64e4254b9f87a90f3db9804","sha1":"55768d224785d11483f34fb27d126eaf8340be73","sha256":"bd48a4e2847ada466893e5ef18f36d74175de3a3d5dcd93d8beb08bb463d639f"},"dob":{"date":"1965-01-22T03:33:43.546Z","age":58},"registered":{"date":"2005-02-17T04:42:59.031Z","age":18},"phone":"80808540","cell":"93796139","id":{"name":"FN","value":"22016520857"},"picture":{"large":"https://randomuser.me/api/portraits/women/94.jpg","medium":"https://randomuser.me/api/portraits/med/women/94.jpg","thumbnail":"https://randomuser.me/api/portraits/thumb/women/94.jpg"},"nat":"NO"}],"info":{"seed":"fa7cf676c48557c0","results":1,"page":1,"version":"1.4"}}
[2023-11-22T09:37:15.477+0000] {taskinstance.py:1406} INFO - Marking task as SUCCESS. dag_id=Data_transfer, task_id=extract_user, execution_date=20231122T093708, start_date=20231122T093714, end_date=20231122T093715
[2023-11-22T09:37:15.539+0000] {local_task_job.py:164} INFO - Task exited with return code 0
[2023-11-22T09:37:15.571+0000] {local_task_job.py:273} INFO - 1 downstream tasks scheduled from follow-on schedule check
