[2023-11-10T10:57:03.466+0000] {taskinstance.py:1165} INFO - Dependencies all met for <TaskInstance: rand_user.extract_user manual__2023-11-10T10:56:58.891873+00:00 [queued]>
[2023-11-10T10:57:03.487+0000] {taskinstance.py:1165} INFO - Dependencies all met for <TaskInstance: rand_user.extract_user manual__2023-11-10T10:56:58.891873+00:00 [queued]>
[2023-11-10T10:57:03.488+0000] {taskinstance.py:1362} INFO - 
--------------------------------------------------------------------------------
[2023-11-10T10:57:03.488+0000] {taskinstance.py:1363} INFO - Starting attempt 1 of 3
[2023-11-10T10:57:03.489+0000] {taskinstance.py:1364} INFO - 
--------------------------------------------------------------------------------
[2023-11-10T10:57:03.509+0000] {taskinstance.py:1383} INFO - Executing <Task(SimpleHttpOperator): extract_user> on 2023-11-10 10:56:58.891873+00:00
[2023-11-10T10:57:03.516+0000] {standard_task_runner.py:55} INFO - Started process 4991 to run task
[2023-11-10T10:57:03.522+0000] {standard_task_runner.py:82} INFO - Running: ['***', 'tasks', 'run', 'rand_user', 'extract_user', 'manual__2023-11-10T10:56:58.891873+00:00', '--job-id', '194', '--raw', '--subdir', 'DAGS_FOLDER/predictions.py', '--cfg-path', '/tmp/tmp_x7vfdl6']
[2023-11-10T10:57:03.526+0000] {standard_task_runner.py:83} INFO - Job 194: Subtask extract_user
[2023-11-10T10:57:03.609+0000] {task_command.py:376} INFO - Running <TaskInstance: rand_user.extract_user manual__2023-11-10T10:56:58.891873+00:00 [running]> on host 91f7624ceef9
[2023-11-10T10:57:03.677+0000] {taskinstance.py:1592} INFO - Exporting the following env vars:
AIRFLOW_CTX_DAG_OWNER=Gaurav
AIRFLOW_CTX_DAG_ID=rand_user
AIRFLOW_CTX_TASK_ID=extract_user
AIRFLOW_CTX_EXECUTION_DATE=2023-11-10T10:56:58.891873+00:00
AIRFLOW_CTX_TRY_NUMBER=1
AIRFLOW_CTX_DAG_RUN_ID=manual__2023-11-10T10:56:58.891873+00:00
[2023-11-10T10:57:03.678+0000] {http.py:121} INFO - Calling HTTP method
[2023-11-10T10:57:03.688+0000] {base.py:71} INFO - Using connection ID 'rand_user' for task execution.
[2023-11-10T10:57:03.691+0000] {http.py:148} INFO - Sending 'GET' to url: https://randomuser.me/api/
[2023-11-10T10:57:04.323+0000] {http.py:125} INFO - {"results":[{"gender":"female","name":{"title":"Ms","first":"مرسانا","last":"کوتی"},"location":{"street":{"number":4793,"name":"شهید کشواد"},"city":"تهران","state":"کهگیلویه و بویراحمد","country":"Iran","postcode":66561,"coordinates":{"latitude":"16.0648","longitude":"55.3817"},"timezone":{"offset":"-1:00","description":"Azores, Cape Verde Islands"}},"email":"mrsn.khwty@example.com","login":{"uuid":"aeb6785e-a50a-405c-9f39-d7b8384ad1cf","username":"purpleswan520","password":"caveman","salt":"waPbuW18","md5":"d70b168d370e46c06cbb8e464d0e2df1","sha1":"7bc5dbe71d9a12303c3e9490caa5170c91639d34","sha256":"6839cb5c2a2e4f370354283886c91b93700decd56337bb30117e54eafcd5dfc5"},"dob":{"date":"1984-06-04T16:40:16.145Z","age":39},"registered":{"date":"2012-11-09T09:51:39.643Z","age":11},"phone":"052-68079012","cell":"0943-436-1583","id":{"name":"","value":null},"picture":{"large":"https://randomuser.me/api/portraits/women/22.jpg","medium":"https://randomuser.me/api/portraits/med/women/22.jpg","thumbnail":"https://randomuser.me/api/portraits/thumb/women/22.jpg"},"nat":"IR"}],"info":{"seed":"29abbfcaf944dc9f","results":1,"page":1,"version":"1.4"}}
[2023-11-10T10:57:04.348+0000] {taskinstance.py:1406} INFO - Marking task as SUCCESS. dag_id=rand_user, task_id=extract_user, execution_date=20231110T105658, start_date=20231110T105703, end_date=20231110T105704
[2023-11-10T10:57:04.376+0000] {local_task_job.py:164} INFO - Task exited with return code 0
[2023-11-10T10:57:04.407+0000] {local_task_job.py:273} INFO - 1 downstream tasks scheduled from follow-on schedule check
