[2023-11-23T06:51:57.523+0000] {taskinstance.py:1165} INFO - Dependencies all met for <TaskInstance: rand_user.upload_data_to_destination scheduled__2023-11-23T06:36:44.757059+00:00 [queued]>
[2023-11-23T06:51:57.536+0000] {taskinstance.py:1165} INFO - Dependencies all met for <TaskInstance: rand_user.upload_data_to_destination scheduled__2023-11-23T06:36:44.757059+00:00 [queued]>
[2023-11-23T06:51:57.536+0000] {taskinstance.py:1362} INFO - 
--------------------------------------------------------------------------------
[2023-11-23T06:51:57.536+0000] {taskinstance.py:1363} INFO - Starting attempt 1 of 3
[2023-11-23T06:51:57.537+0000] {taskinstance.py:1364} INFO - 
--------------------------------------------------------------------------------
[2023-11-23T06:51:57.553+0000] {taskinstance.py:1383} INFO - Executing <Task(GenericTransfer): upload_data_to_destination> on 2023-11-23 06:36:44.757059+00:00
[2023-11-23T06:51:57.562+0000] {standard_task_runner.py:55} INFO - Started process 8325 to run task
[2023-11-23T06:51:57.568+0000] {standard_task_runner.py:82} INFO - Running: ['***', 'tasks', 'run', 'rand_user', 'upload_data_to_destination', 'scheduled__2023-11-23T06:36:44.757059+00:00', '--job-id', '573', '--raw', '--subdir', 'DAGS_FOLDER/predictions.py', '--cfg-path', '/tmp/tmp0xdedf9m']
[2023-11-23T06:51:57.570+0000] {standard_task_runner.py:83} INFO - Job 573: Subtask upload_data_to_destination
[2023-11-23T06:51:57.635+0000] {task_command.py:376} INFO - Running <TaskInstance: rand_user.upload_data_to_destination scheduled__2023-11-23T06:36:44.757059+00:00 [running]> on host f71f95879a41
[2023-11-23T06:51:57.702+0000] {taskinstance.py:1592} INFO - Exporting the following env vars:
AIRFLOW_CTX_DAG_OWNER=Gaurav
AIRFLOW_CTX_DAG_ID=rand_user
AIRFLOW_CTX_TASK_ID=upload_data_to_destination
AIRFLOW_CTX_EXECUTION_DATE=2023-11-23T06:36:44.757059+00:00
AIRFLOW_CTX_TRY_NUMBER=1
AIRFLOW_CTX_DAG_RUN_ID=scheduled__2023-11-23T06:36:44.757059+00:00
[2023-11-23T06:51:57.712+0000] {base.py:71} INFO - Using connection ID 'source_db_***' for task execution.
[2023-11-23T06:51:57.954+0000] {base.py:71} INFO - Using connection ID 'dest_conn_id' for task execution.
[2023-11-23T06:51:58.175+0000] {generic_transfer.py:76} INFO - Extracting data from source_db_***
[2023-11-23T06:51:58.175+0000] {generic_transfer.py:77} INFO - Executing: 
 SELECT * FROM rand_users
[2023-11-23T06:51:58.183+0000] {base.py:71} INFO - Using connection ID 'source_db_***' for task execution.
[2023-11-23T06:51:58.193+0000] {generic_transfer.py:104} INFO - Inserting rows into dest_conn_id
[2023-11-23T06:51:58.200+0000] {base.py:71} INFO - Using connection ID 'dest_conn_id' for task execution.
[2023-11-23T06:51:58.217+0000] {sql.py:415} INFO - Done loading. Loaded a total of 4 rows
[2023-11-23T06:51:58.230+0000] {taskinstance.py:1406} INFO - Marking task as SUCCESS. dag_id=rand_user, task_id=upload_data_to_destination, execution_date=20231123T063644, start_date=20231123T065157, end_date=20231123T065158
[2023-11-23T06:51:58.300+0000] {local_task_job.py:164} INFO - Task exited with return code 0
[2023-11-23T06:51:58.318+0000] {local_task_job.py:273} INFO - 0 downstream tasks scheduled from follow-on schedule check
