[2023-11-08T08:35:22.070+0000] {taskinstance.py:1165} INFO - Dependencies all met for <TaskInstance: US_population.process_user manual__2023-11-08T07:37:42.211141+00:00 [queued]>
[2023-11-08T08:35:22.085+0000] {taskinstance.py:1165} INFO - Dependencies all met for <TaskInstance: US_population.process_user manual__2023-11-08T07:37:42.211141+00:00 [queued]>
[2023-11-08T08:35:22.085+0000] {taskinstance.py:1362} INFO - 
--------------------------------------------------------------------------------
[2023-11-08T08:35:22.085+0000] {taskinstance.py:1363} INFO - Starting attempt 3 of 3
[2023-11-08T08:35:22.086+0000] {taskinstance.py:1364} INFO - 
--------------------------------------------------------------------------------
[2023-11-08T08:35:22.101+0000] {taskinstance.py:1383} INFO - Executing <Task(PythonOperator): process_user> on 2023-11-08 07:37:42.211141+00:00
[2023-11-08T08:35:22.109+0000] {standard_task_runner.py:55} INFO - Started process 5371 to run task
[2023-11-08T08:35:22.113+0000] {standard_task_runner.py:82} INFO - Running: ['***', 'tasks', 'run', 'US_population', 'process_user', 'manual__2023-11-08T07:37:42.211141+00:00', '--job-id', '12', '--raw', '--subdir', 'DAGS_FOLDER/predictions.py', '--cfg-path', '/tmp/tmpulhknnsh']
[2023-11-08T08:35:22.116+0000] {standard_task_runner.py:83} INFO - Job 12: Subtask process_user
[2023-11-08T08:35:22.195+0000] {task_command.py:376} INFO - Running <TaskInstance: US_population.process_user manual__2023-11-08T07:37:42.211141+00:00 [running]> on host 91f7624ceef9
[2023-11-08T08:35:22.266+0000] {taskinstance.py:1592} INFO - Exporting the following env vars:
AIRFLOW_CTX_DAG_OWNER=Gaurav
AIRFLOW_CTX_DAG_ID=US_population
AIRFLOW_CTX_TASK_ID=process_user
AIRFLOW_CTX_EXECUTION_DATE=2023-11-08T07:37:42.211141+00:00
AIRFLOW_CTX_TRY_NUMBER=3
AIRFLOW_CTX_DAG_RUN_ID=manual__2023-11-08T07:37:42.211141+00:00
[2023-11-08T08:35:22.279+0000] {logging_mixin.py:120} INFO - printing the user data: []
[2023-11-08T08:35:22.280+0000] {taskinstance.py:1851} ERROR - Task failed with exception
Traceback (most recent call last):
  File "/home/airflow/.local/lib/python3.7/site-packages/airflow/operators/python.py", line 175, in execute
    return_value = self.execute_callable()
  File "/home/airflow/.local/lib/python3.7/site-packages/airflow/operators/python.py", line 193, in execute_callable
    return self.python_callable(*self.op_args, **self.op_kwargs)
  File "/opt/airflow/dags/predictions.py", line 18, in _process_user
    'ID_Nation': user['ID Nation'],
TypeError: list indices must be integers or slices, not str
[2023-11-08T08:35:22.289+0000] {taskinstance.py:1406} INFO - Marking task as FAILED. dag_id=US_population, task_id=process_user, execution_date=20231108T073742, start_date=20231108T083522, end_date=20231108T083522
[2023-11-08T08:35:22.301+0000] {standard_task_runner.py:105} ERROR - Failed to execute job 12 for task process_user (list indices must be integers or slices, not str; 5371)
[2023-11-08T08:35:22.325+0000] {local_task_job.py:164} INFO - Task exited with return code 1
[2023-11-08T08:35:22.352+0000] {local_task_job.py:273} INFO - 0 downstream tasks scheduled from follow-on schedule check
