[2023-11-10T09:12:46.288+0000] {taskinstance.py:1165} INFO - Dependencies all met for <TaskInstance: rand_user.is_api_available scheduled__2023-11-09T00:00:00+00:00 [queued]>
[2023-11-10T09:12:46.318+0000] {taskinstance.py:1165} INFO - Dependencies all met for <TaskInstance: rand_user.is_api_available scheduled__2023-11-09T00:00:00+00:00 [queued]>
[2023-11-10T09:12:46.320+0000] {taskinstance.py:1362} INFO - 
--------------------------------------------------------------------------------
[2023-11-10T09:12:46.326+0000] {taskinstance.py:1363} INFO - Starting attempt 1 of 3
[2023-11-10T09:12:46.328+0000] {taskinstance.py:1364} INFO - 
--------------------------------------------------------------------------------
[2023-11-10T09:12:46.366+0000] {taskinstance.py:1383} INFO - Executing <Task(HttpSensor): is_api_available> on 2023-11-09 00:00:00+00:00
[2023-11-10T09:12:46.379+0000] {standard_task_runner.py:55} INFO - Started process 1816 to run task
[2023-11-10T09:12:46.388+0000] {standard_task_runner.py:82} INFO - Running: ['***', 'tasks', 'run', 'rand_user', 'is_api_available', 'scheduled__2023-11-09T00:00:00+00:00', '--job-id', '120', '--raw', '--subdir', 'DAGS_FOLDER/predictions.py', '--cfg-path', '/tmp/tmpa2_2b0vn']
[2023-11-10T09:12:46.393+0000] {standard_task_runner.py:83} INFO - Job 120: Subtask is_api_available
[2023-11-10T09:12:46.571+0000] {task_command.py:376} INFO - Running <TaskInstance: rand_user.is_api_available scheduled__2023-11-09T00:00:00+00:00 [running]> on host 91f7624ceef9
[2023-11-10T09:12:46.711+0000] {taskinstance.py:1592} INFO - Exporting the following env vars:
AIRFLOW_CTX_DAG_OWNER=Gaurav
AIRFLOW_CTX_DAG_ID=rand_user
AIRFLOW_CTX_TASK_ID=is_api_available
AIRFLOW_CTX_EXECUTION_DATE=2023-11-09T00:00:00+00:00
AIRFLOW_CTX_TRY_NUMBER=1
AIRFLOW_CTX_DAG_RUN_ID=scheduled__2023-11-09T00:00:00+00:00
[2023-11-10T09:12:46.713+0000] {http.py:120} INFO - Poking: api/
[2023-11-10T09:12:46.729+0000] {base.py:71} INFO - Using connection ID 'us_population_API' for task execution.
[2023-11-10T09:12:46.732+0000] {http.py:148} INFO - Sending 'GET' to url: https://datausa.io/api/data?drilldowns=Nation&measures=Population/api/
[2023-11-10T09:12:47.906+0000] {base.py:213} INFO - Success criteria met. Exiting.
[2023-11-10T09:12:47.923+0000] {taskinstance.py:1406} INFO - Marking task as SUCCESS. dag_id=rand_user, task_id=is_api_available, execution_date=20231109T000000, start_date=20231110T091246, end_date=20231110T091247
[2023-11-10T09:12:47.988+0000] {local_task_job.py:164} INFO - Task exited with return code 0
[2023-11-10T09:12:48.055+0000] {local_task_job.py:273} INFO - 1 downstream tasks scheduled from follow-on schedule check
