[2023-11-22T09:15:46.378+0000] {taskinstance.py:1165} INFO - Dependencies all met for <TaskInstance: rand_user.store_user scheduled__2023-11-22T08:42:15.488465+00:00 [queued]>
[2023-11-22T09:15:46.397+0000] {taskinstance.py:1165} INFO - Dependencies all met for <TaskInstance: rand_user.store_user scheduled__2023-11-22T08:42:15.488465+00:00 [queued]>
[2023-11-22T09:15:46.398+0000] {taskinstance.py:1362} INFO - 
--------------------------------------------------------------------------------
[2023-11-22T09:15:46.398+0000] {taskinstance.py:1363} INFO - Starting attempt 3 of 3
[2023-11-22T09:15:46.399+0000] {taskinstance.py:1364} INFO - 
--------------------------------------------------------------------------------
[2023-11-22T09:15:46.424+0000] {taskinstance.py:1383} INFO - Executing <Task(PythonOperator): store_user> on 2023-11-22 08:42:15.488465+00:00
[2023-11-22T09:15:46.435+0000] {standard_task_runner.py:55} INFO - Started process 3565 to run task
[2023-11-22T09:15:46.441+0000] {standard_task_runner.py:82} INFO - Running: ['***', 'tasks', 'run', 'rand_user', 'store_user', 'scheduled__2023-11-22T08:42:15.488465+00:00', '--job-id', '63', '--raw', '--subdir', 'DAGS_FOLDER/predictions.py', '--cfg-path', '/tmp/tmppony8j55']
[2023-11-22T09:15:46.446+0000] {standard_task_runner.py:83} INFO - Job 63: Subtask store_user
[2023-11-22T09:15:46.549+0000] {task_command.py:376} INFO - Running <TaskInstance: rand_user.store_user scheduled__2023-11-22T08:42:15.488465+00:00 [running]> on host f71f95879a41
[2023-11-22T09:15:46.652+0000] {taskinstance.py:1592} INFO - Exporting the following env vars:
AIRFLOW_CTX_DAG_OWNER=Gaurav
AIRFLOW_CTX_DAG_ID=rand_user
AIRFLOW_CTX_TASK_ID=store_user
AIRFLOW_CTX_EXECUTION_DATE=2023-11-22T08:42:15.488465+00:00
AIRFLOW_CTX_TRY_NUMBER=3
AIRFLOW_CTX_DAG_RUN_ID=scheduled__2023-11-22T08:42:15.488465+00:00
[2023-11-22T09:15:46.654+0000] {postgres.py:129} INFO - Running copy expert: COPY rand_users FROM stdin WITH DELIMITER as ',', filename: /tmp/processed_user.csv
[2023-11-22T09:15:46.669+0000] {base.py:71} INFO - Using connection ID 'postgres' for task execution.
[2023-11-22T09:15:46.676+0000] {taskinstance.py:1851} ERROR - Task failed with exception
Traceback (most recent call last):
  File "/home/airflow/.local/lib/python3.7/site-packages/airflow/operators/python.py", line 175, in execute
    return_value = self.execute_callable()
  File "/home/airflow/.local/lib/python3.7/site-packages/airflow/operators/python.py", line 193, in execute_callable
    return self.python_callable(*self.op_args, **self.op_kwargs)
  File "/opt/airflow/dags/predictions.py", line 39, in _store_user
    filename='/tmp/processed_user.csv'
  File "/home/airflow/.local/lib/python3.7/site-packages/airflow/providers/postgres/hooks/postgres.py", line 137, in copy_expert
    cur.copy_expert(sql, file)
psycopg2.errors.UndefinedTable: relation "rand_users" does not exist

[2023-11-22T09:15:46.690+0000] {taskinstance.py:1406} INFO - Marking task as FAILED. dag_id=rand_user, task_id=store_user, execution_date=20231122T084215, start_date=20231122T091546, end_date=20231122T091546
[2023-11-22T09:15:46.706+0000] {standard_task_runner.py:105} ERROR - Failed to execute job 63 for task store_user (relation "rand_users" does not exist
; 3565)
[2023-11-22T09:15:46.732+0000] {local_task_job.py:164} INFO - Task exited with return code 1
[2023-11-22T09:15:46.775+0000] {local_task_job.py:273} INFO - 0 downstream tasks scheduled from follow-on schedule check
