[2023-11-10T08:53:32.652+0000] {taskinstance.py:1165} INFO - Dependencies all met for <TaskInstance: US_population.store_user manual__2023-11-10T08:53:20.536950+00:00 [queued]>
[2023-11-10T08:53:32.676+0000] {taskinstance.py:1165} INFO - Dependencies all met for <TaskInstance: US_population.store_user manual__2023-11-10T08:53:20.536950+00:00 [queued]>
[2023-11-10T08:53:32.676+0000] {taskinstance.py:1362} INFO - 
--------------------------------------------------------------------------------
[2023-11-10T08:53:32.677+0000] {taskinstance.py:1363} INFO - Starting attempt 1 of 3
[2023-11-10T08:53:32.678+0000] {taskinstance.py:1364} INFO - 
--------------------------------------------------------------------------------
[2023-11-10T08:53:32.712+0000] {taskinstance.py:1383} INFO - Executing <Task(PythonOperator): store_user> on 2023-11-10 08:53:20.536950+00:00
[2023-11-10T08:53:32.721+0000] {standard_task_runner.py:55} INFO - Started process 961 to run task
[2023-11-10T08:53:32.729+0000] {standard_task_runner.py:82} INFO - Running: ['***', 'tasks', 'run', 'US_population', 'store_user', 'manual__2023-11-10T08:53:20.536950+00:00', '--job-id', '117', '--raw', '--subdir', 'DAGS_FOLDER/predictions.py', '--cfg-path', '/tmp/tmpechyzmy2']
[2023-11-10T08:53:32.732+0000] {standard_task_runner.py:83} INFO - Job 117: Subtask store_user
[2023-11-10T08:53:32.857+0000] {task_command.py:376} INFO - Running <TaskInstance: US_population.store_user manual__2023-11-10T08:53:20.536950+00:00 [running]> on host 91f7624ceef9
[2023-11-10T08:53:33.005+0000] {taskinstance.py:1592} INFO - Exporting the following env vars:
AIRFLOW_CTX_DAG_OWNER=Gaurav
AIRFLOW_CTX_DAG_ID=US_population
AIRFLOW_CTX_TASK_ID=store_user
AIRFLOW_CTX_EXECUTION_DATE=2023-11-10T08:53:20.536950+00:00
AIRFLOW_CTX_TRY_NUMBER=1
AIRFLOW_CTX_DAG_RUN_ID=manual__2023-11-10T08:53:20.536950+00:00
[2023-11-10T08:53:33.008+0000] {postgres.py:129} INFO - Running copy expert: COPY US_population FROM stdin WITH DELIMITER as ',', filename: /tmp/US_population.csv
[2023-11-10T08:53:33.024+0000] {base.py:71} INFO - Using connection ID 'postgres' for task execution.
[2023-11-10T08:53:33.033+0000] {python.py:177} INFO - Done. Returned value was: None
[2023-11-10T08:53:33.056+0000] {taskinstance.py:1406} INFO - Marking task as SUCCESS. dag_id=US_population, task_id=store_user, execution_date=20231110T085320, start_date=20231110T085332, end_date=20231110T085333
[2023-11-10T08:53:33.098+0000] {local_task_job.py:164} INFO - Task exited with return code 0
[2023-11-10T08:53:33.129+0000] {local_task_job.py:273} INFO - 0 downstream tasks scheduled from follow-on schedule check
