[2023-11-14T10:47:42.013+0000] {taskinstance.py:1165} INFO - Dependencies all met for <TaskInstance: rand_user.process_user manual__2023-11-14T10:47:32.805852+00:00 [queued]>
[2023-11-14T10:47:42.024+0000] {taskinstance.py:1165} INFO - Dependencies all met for <TaskInstance: rand_user.process_user manual__2023-11-14T10:47:32.805852+00:00 [queued]>
[2023-11-14T10:47:42.025+0000] {taskinstance.py:1362} INFO - 
--------------------------------------------------------------------------------
[2023-11-14T10:47:42.025+0000] {taskinstance.py:1363} INFO - Starting attempt 1 of 3
[2023-11-14T10:47:42.025+0000] {taskinstance.py:1364} INFO - 
--------------------------------------------------------------------------------
[2023-11-14T10:47:42.041+0000] {taskinstance.py:1383} INFO - Executing <Task(PythonOperator): process_user> on 2023-11-14 10:47:32.805852+00:00
[2023-11-14T10:47:42.048+0000] {standard_task_runner.py:55} INFO - Started process 4365 to run task
[2023-11-14T10:47:42.053+0000] {standard_task_runner.py:82} INFO - Running: ['***', 'tasks', 'run', 'rand_user', 'process_user', 'manual__2023-11-14T10:47:32.805852+00:00', '--job-id', '473', '--raw', '--subdir', 'DAGS_FOLDER/predictions.py', '--cfg-path', '/tmp/tmplyp5bnac']
[2023-11-14T10:47:42.056+0000] {standard_task_runner.py:83} INFO - Job 473: Subtask process_user
[2023-11-14T10:47:42.121+0000] {task_command.py:376} INFO - Running <TaskInstance: rand_user.process_user manual__2023-11-14T10:47:32.805852+00:00 [running]> on host 91f7624ceef9
[2023-11-14T10:47:42.191+0000] {taskinstance.py:1592} INFO - Exporting the following env vars:
AIRFLOW_CTX_DAG_OWNER=Gaurav
AIRFLOW_CTX_DAG_ID=rand_user
AIRFLOW_CTX_TASK_ID=process_user
AIRFLOW_CTX_EXECUTION_DATE=2023-11-14T10:47:32.805852+00:00
AIRFLOW_CTX_TRY_NUMBER=1
AIRFLOW_CTX_DAG_RUN_ID=manual__2023-11-14T10:47:32.805852+00:00
[2023-11-14T10:47:42.211+0000] {python.py:177} INFO - Done. Returned value was: None
[2023-11-14T10:47:42.222+0000] {taskinstance.py:1406} INFO - Marking task as SUCCESS. dag_id=rand_user, task_id=process_user, execution_date=20231114T104732, start_date=20231114T104742, end_date=20231114T104742
[2023-11-14T10:47:42.264+0000] {local_task_job.py:164} INFO - Task exited with return code 0
[2023-11-14T10:47:42.306+0000] {local_task_job.py:273} INFO - 1 downstream tasks scheduled from follow-on schedule check
