[2023-11-10T12:17:05.840+0000] {taskinstance.py:1165} INFO - Dependencies all met for <TaskInstance: rand_user.load_upload_data manual__2023-11-10T12:16:53.543201+00:00 [queued]>
[2023-11-10T12:17:05.854+0000] {taskinstance.py:1165} INFO - Dependencies all met for <TaskInstance: rand_user.load_upload_data manual__2023-11-10T12:16:53.543201+00:00 [queued]>
[2023-11-10T12:17:05.854+0000] {taskinstance.py:1362} INFO - 
--------------------------------------------------------------------------------
[2023-11-10T12:17:05.855+0000] {taskinstance.py:1363} INFO - Starting attempt 1 of 3
[2023-11-10T12:17:05.855+0000] {taskinstance.py:1364} INFO - 
--------------------------------------------------------------------------------
[2023-11-10T12:17:05.872+0000] {taskinstance.py:1383} INFO - Executing <Task(GenericTransfer): load_upload_data> on 2023-11-10 12:16:53.543201+00:00
[2023-11-10T12:17:05.879+0000] {standard_task_runner.py:55} INFO - Started process 8918 to run task
[2023-11-10T12:17:05.885+0000] {standard_task_runner.py:82} INFO - Running: ['***', 'tasks', 'run', 'rand_user', 'load_upload_data', 'manual__2023-11-10T12:16:53.543201+00:00', '--job-id', '286', '--raw', '--subdir', 'DAGS_FOLDER/predictions.py', '--cfg-path', '/tmp/tmpvbe1uu_4']
[2023-11-10T12:17:05.887+0000] {standard_task_runner.py:83} INFO - Job 286: Subtask load_upload_data
[2023-11-10T12:17:05.955+0000] {task_command.py:376} INFO - Running <TaskInstance: rand_user.load_upload_data manual__2023-11-10T12:16:53.543201+00:00 [running]> on host 91f7624ceef9
[2023-11-10T12:17:06.026+0000] {taskinstance.py:1592} INFO - Exporting the following env vars:
AIRFLOW_CTX_DAG_OWNER=Gaurav
AIRFLOW_CTX_DAG_ID=rand_user
AIRFLOW_CTX_TASK_ID=load_upload_data
AIRFLOW_CTX_EXECUTION_DATE=2023-11-10T12:16:53.543201+00:00
AIRFLOW_CTX_TRY_NUMBER=1
AIRFLOW_CTX_DAG_RUN_ID=manual__2023-11-10T12:16:53.543201+00:00
[2023-11-10T12:17:06.036+0000] {base.py:71} INFO - Using connection ID 'postgres' for task execution.
[2023-11-10T12:17:06.246+0000] {base.py:71} INFO - Using connection ID 'pgadmin_connection' for task execution.
[2023-11-10T12:17:06.501+0000] {generic_transfer.py:76} INFO - Extracting data from postgres
[2023-11-10T12:17:06.501+0000] {generic_transfer.py:77} INFO - Executing: 
 select * from rand_users
[2023-11-10T12:17:06.509+0000] {base.py:71} INFO - Using connection ID 'postgres' for task execution.
[2023-11-10T12:17:06.516+0000] {generic_transfer.py:104} INFO - Inserting rows into pgadmin_connection
[2023-11-10T12:17:06.523+0000] {base.py:71} INFO - Using connection ID 'pgadmin_connection' for task execution.
[2023-11-10T12:17:06.556+0000] {sql.py:415} INFO - Done loading. Loaded a total of 16 rows
[2023-11-10T12:17:06.567+0000] {taskinstance.py:1406} INFO - Marking task as SUCCESS. dag_id=rand_user, task_id=load_upload_data, execution_date=20231110T121653, start_date=20231110T121705, end_date=20231110T121706
[2023-11-10T12:17:06.617+0000] {local_task_job.py:164} INFO - Task exited with return code 0
[2023-11-10T12:17:06.637+0000] {local_task_job.py:273} INFO - 0 downstream tasks scheduled from follow-on schedule check
