[2023-11-22T05:17:48.926+0000] {taskinstance.py:1165} INFO - Dependencies all met for <TaskInstance: rand_user.store_user scheduled__2023-11-22T04:45:42.629015+00:00 [queued]>
[2023-11-22T05:17:48.947+0000] {taskinstance.py:1165} INFO - Dependencies all met for <TaskInstance: rand_user.store_user scheduled__2023-11-22T04:45:42.629015+00:00 [queued]>
[2023-11-22T05:17:48.947+0000] {taskinstance.py:1362} INFO - 
--------------------------------------------------------------------------------
[2023-11-22T05:17:48.948+0000] {taskinstance.py:1363} INFO - Starting attempt 3 of 3
[2023-11-22T05:17:48.949+0000] {taskinstance.py:1364} INFO - 
--------------------------------------------------------------------------------
[2023-11-22T05:17:48.971+0000] {taskinstance.py:1383} INFO - Executing <Task(PythonOperator): store_user> on 2023-11-22 04:45:42.629015+00:00
[2023-11-22T05:17:48.981+0000] {standard_task_runner.py:55} INFO - Started process 4822 to run task
[2023-11-22T05:17:48.989+0000] {standard_task_runner.py:82} INFO - Running: ['***', 'tasks', 'run', 'rand_user', 'store_user', 'scheduled__2023-11-22T04:45:42.629015+00:00', '--job-id', '626', '--raw', '--subdir', 'DAGS_FOLDER/predictions.py', '--cfg-path', '/tmp/tmpjx1_nyw5']
[2023-11-22T05:17:48.992+0000] {standard_task_runner.py:83} INFO - Job 626: Subtask store_user
[2023-11-22T05:17:49.096+0000] {task_command.py:376} INFO - Running <TaskInstance: rand_user.store_user scheduled__2023-11-22T04:45:42.629015+00:00 [running]> on host 91f7624ceef9
[2023-11-22T05:17:49.222+0000] {taskinstance.py:1592} INFO - Exporting the following env vars:
AIRFLOW_CTX_DAG_OWNER=Gaurav
AIRFLOW_CTX_DAG_ID=rand_user
AIRFLOW_CTX_TASK_ID=store_user
AIRFLOW_CTX_EXECUTION_DATE=2023-11-22T04:45:42.629015+00:00
AIRFLOW_CTX_TRY_NUMBER=3
AIRFLOW_CTX_DAG_RUN_ID=scheduled__2023-11-22T04:45:42.629015+00:00
[2023-11-22T05:17:49.225+0000] {postgres.py:129} INFO - Running copy expert: COPY rand_users(uuid, title, firstname, lastname, gender, country, username, password, email, age) FROM stdin WITH DELIMITER as ',', filename: /tmp/processed_user.csv
[2023-11-22T05:17:49.242+0000] {base.py:71} INFO - Using connection ID 'postgres' for task execution.
[2023-11-22T05:17:49.249+0000] {taskinstance.py:1851} ERROR - Task failed with exception
Traceback (most recent call last):
  File "/home/airflow/.local/lib/python3.7/site-packages/airflow/operators/python.py", line 175, in execute
    return_value = self.execute_callable()
  File "/home/airflow/.local/lib/python3.7/site-packages/airflow/operators/python.py", line 193, in execute_callable
    return self.python_callable(*self.op_args, **self.op_kwargs)
  File "/opt/airflow/dags/predictions.py", line 40, in _store_user
    filename='/tmp/processed_user.csv'
  File "/home/airflow/.local/lib/python3.7/site-packages/airflow/providers/postgres/hooks/postgres.py", line 137, in copy_expert
    cur.copy_expert(sql, file)
psycopg2.errors.UndefinedColumn: column "uuid" of relation "rand_users" does not exist

[2023-11-22T05:17:49.263+0000] {taskinstance.py:1406} INFO - Marking task as FAILED. dag_id=rand_user, task_id=store_user, execution_date=20231122T044542, start_date=20231122T051748, end_date=20231122T051749
[2023-11-22T05:17:49.282+0000] {standard_task_runner.py:105} ERROR - Failed to execute job 626 for task store_user (column "uuid" of relation "rand_users" does not exist
; 4822)
[2023-11-22T05:17:49.320+0000] {local_task_job.py:164} INFO - Task exited with return code 1
[2023-11-22T05:17:49.349+0000] {local_task_job.py:273} INFO - 0 downstream tasks scheduled from follow-on schedule check
