[2023-11-10T10:16:25.539+0000] {taskinstance.py:1165} INFO - Dependencies all met for <TaskInstance: rand_user.extract_user manual__2023-11-10T10:14:36.918464+00:00 [queued]>
[2023-11-10T10:16:25.551+0000] {taskinstance.py:1165} INFO - Dependencies all met for <TaskInstance: rand_user.extract_user manual__2023-11-10T10:14:36.918464+00:00 [queued]>
[2023-11-10T10:16:25.552+0000] {taskinstance.py:1362} INFO - 
--------------------------------------------------------------------------------
[2023-11-10T10:16:25.552+0000] {taskinstance.py:1363} INFO - Starting attempt 1 of 3
[2023-11-10T10:16:25.553+0000] {taskinstance.py:1364} INFO - 
--------------------------------------------------------------------------------
[2023-11-10T10:16:25.568+0000] {taskinstance.py:1383} INFO - Executing <Task(SimpleHttpOperator): extract_user> on 2023-11-10 10:14:36.918464+00:00
[2023-11-10T10:16:25.576+0000] {standard_task_runner.py:55} INFO - Started process 2940 to run task
[2023-11-10T10:16:25.580+0000] {standard_task_runner.py:82} INFO - Running: ['***', 'tasks', 'run', 'rand_user', 'extract_user', 'manual__2023-11-10T10:14:36.918464+00:00', '--job-id', '152', '--raw', '--subdir', 'DAGS_FOLDER/predictions.py', '--cfg-path', '/tmp/tmpu50xv95m']
[2023-11-10T10:16:25.582+0000] {standard_task_runner.py:83} INFO - Job 152: Subtask extract_user
[2023-11-10T10:16:25.649+0000] {task_command.py:376} INFO - Running <TaskInstance: rand_user.extract_user manual__2023-11-10T10:14:36.918464+00:00 [running]> on host 91f7624ceef9
[2023-11-10T10:16:25.720+0000] {taskinstance.py:1592} INFO - Exporting the following env vars:
AIRFLOW_CTX_DAG_OWNER=Gaurav
AIRFLOW_CTX_DAG_ID=rand_user
AIRFLOW_CTX_TASK_ID=extract_user
AIRFLOW_CTX_EXECUTION_DATE=2023-11-10T10:14:36.918464+00:00
AIRFLOW_CTX_TRY_NUMBER=1
AIRFLOW_CTX_DAG_RUN_ID=manual__2023-11-10T10:14:36.918464+00:00
[2023-11-10T10:16:25.721+0000] {http.py:121} INFO - Calling HTTP method
[2023-11-10T10:16:25.731+0000] {base.py:71} INFO - Using connection ID 'rand_user' for task execution.
[2023-11-10T10:16:25.733+0000] {http.py:148} INFO - Sending 'GET' to url: https://randomuser.me/api/
[2023-11-10T10:16:26.351+0000] {http.py:125} INFO - {"results":[{"gender":"female","name":{"title":"Miss","first":"Meghana","last":"Sullad"},"location":{"street":{"number":7320,"name":"Naiduthota"},"city":"Bijapur","state":"Punjab","country":"India","postcode":79226,"coordinates":{"latitude":"9.4637","longitude":"103.1832"},"timezone":{"offset":"-1:00","description":"Azores, Cape Verde Islands"}},"email":"meghana.sullad@example.com","login":{"uuid":"6e36b92c-c67f-4510-9d24-239683659ab5","username":"crazycat301","password":"blanco","salt":"AB7vgawZ","md5":"05573ae29021a9c919abfebcddafa1bf","sha1":"f80e6408b1568a8dbe24d57d57824336e2113668","sha256":"ca49adf8957705c347e582d3626074adfa43f1b34d00f57f3291641890046f74"},"dob":{"date":"1977-11-21T02:25:38.287Z","age":45},"registered":{"date":"2009-10-16T19:27:22.999Z","age":14},"phone":"7435673543","cell":"8698520617","id":{"name":"UIDAI","value":"169233577863"},"picture":{"large":"https://randomuser.me/api/portraits/women/49.jpg","medium":"https://randomuser.me/api/portraits/med/women/49.jpg","thumbnail":"https://randomuser.me/api/portraits/thumb/women/49.jpg"},"nat":"IN"}],"info":{"seed":"28b8748711b3fdd7","results":1,"page":1,"version":"1.4"}}
[2023-11-10T10:16:26.388+0000] {taskinstance.py:1406} INFO - Marking task as SUCCESS. dag_id=rand_user, task_id=extract_user, execution_date=20231110T101436, start_date=20231110T101625, end_date=20231110T101626
[2023-11-10T10:16:26.434+0000] {local_task_job.py:164} INFO - Task exited with return code 0
[2023-11-10T10:16:26.465+0000] {local_task_job.py:273} INFO - 1 downstream tasks scheduled from follow-on schedule check
