[2023-11-22T08:09:21.673+0000] {taskinstance.py:1165} INFO - Dependencies all met for <TaskInstance: Data_transfer.Create_table scheduled__2023-11-22T07:15:50.835961+00:00 [queued]>
[2023-11-22T08:09:21.691+0000] {taskinstance.py:1165} INFO - Dependencies all met for <TaskInstance: Data_transfer.Create_table scheduled__2023-11-22T07:15:50.835961+00:00 [queued]>
[2023-11-22T08:09:21.691+0000] {taskinstance.py:1362} INFO - 
--------------------------------------------------------------------------------
[2023-11-22T08:09:21.692+0000] {taskinstance.py:1363} INFO - Starting attempt 1 of 3
[2023-11-22T08:09:21.692+0000] {taskinstance.py:1364} INFO - 
--------------------------------------------------------------------------------
[2023-11-22T08:09:21.717+0000] {taskinstance.py:1383} INFO - Executing <Task(PostgresOperator): Create_table> on 2023-11-22 07:15:50.835961+00:00
[2023-11-22T08:09:21.726+0000] {standard_task_runner.py:55} INFO - Started process 273 to run task
[2023-11-22T08:09:21.733+0000] {standard_task_runner.py:82} INFO - Running: ['***', 'tasks', 'run', 'Data_transfer', 'Create_table', 'scheduled__2023-11-22T07:15:50.835961+00:00', '--job-id', '6', '--raw', '--subdir', 'DAGS_FOLDER/data_transfer.py', '--cfg-path', '/tmp/tmp1mde60wi']
[2023-11-22T08:09:21.736+0000] {standard_task_runner.py:83} INFO - Job 6: Subtask Create_table
[2023-11-22T08:09:21.840+0000] {task_command.py:376} INFO - Running <TaskInstance: Data_transfer.Create_table scheduled__2023-11-22T07:15:50.835961+00:00 [running]> on host f71f95879a41
[2023-11-22T08:09:21.928+0000] {taskinstance.py:1592} INFO - Exporting the following env vars:
AIRFLOW_CTX_DAG_OWNER=Gaurav
AIRFLOW_CTX_DAG_ID=Data_transfer
AIRFLOW_CTX_TASK_ID=Create_table
AIRFLOW_CTX_EXECUTION_DATE=2023-11-22T07:15:50.835961+00:00
AIRFLOW_CTX_TRY_NUMBER=1
AIRFLOW_CTX_DAG_RUN_ID=scheduled__2023-11-22T07:15:50.835961+00:00
[2023-11-22T08:09:21.941+0000] {base.py:71} INFO - Using connection ID 'source_db_***' for task execution.
[2023-11-22T08:09:21.943+0000] {taskinstance.py:1851} ERROR - Task failed with exception
Traceback (most recent call last):
  File "/home/airflow/.local/lib/python3.7/site-packages/airflow/providers/postgres/operators/postgres.py", line 94, in execute
    self.hook.run(self.sql, self.autocommit, parameters=self.parameters)
  File "/home/airflow/.local/lib/python3.7/site-packages/airflow/providers/common/sql/hooks/sql.py", line 288, in run
    with closing(self.get_conn()) as conn:
  File "/home/airflow/.local/lib/python3.7/site-packages/airflow/providers/postgres/hooks/postgres.py", line 115, in get_conn
    self.conn = psycopg2.connect(**conn_args)
  File "/home/airflow/.local/lib/python3.7/site-packages/psycopg2/__init__.py", line 122, in connect
    conn = _connect(dsn, connection_factory=connection_factory, **kwasync)
psycopg2.OperationalError: connection to server at "10.226.80.35", port 5445 failed: Network is unreachable
	Is the server running on that host and accepting TCP/IP connections?

[2023-11-22T08:09:21.956+0000] {taskinstance.py:1406} INFO - Marking task as UP_FOR_RETRY. dag_id=Data_transfer, task_id=Create_table, execution_date=20231122T071550, start_date=20231122T080921, end_date=20231122T080921
[2023-11-22T08:09:21.971+0000] {standard_task_runner.py:105} ERROR - Failed to execute job 6 for task Create_table (connection to server at "10.226.80.35", port 5445 failed: Network is unreachable
	Is the server running on that host and accepting TCP/IP connections?
; 273)
[2023-11-22T08:09:21.984+0000] {local_task_job.py:164} INFO - Task exited with return code 1
[2023-11-22T08:09:22.011+0000] {local_task_job.py:273} INFO - 0 downstream tasks scheduled from follow-on schedule check
