[2023-11-22T06:04:21.888+0000] {taskinstance.py:1165} INFO - Dependencies all met for <TaskInstance: rand_user.upload_data_source manual__2023-11-22T06:01:59.334253+00:00 [queued]>
[2023-11-22T06:04:21.907+0000] {taskinstance.py:1165} INFO - Dependencies all met for <TaskInstance: rand_user.upload_data_source manual__2023-11-22T06:01:59.334253+00:00 [queued]>
[2023-11-22T06:04:21.907+0000] {taskinstance.py:1362} INFO - 
--------------------------------------------------------------------------------
[2023-11-22T06:04:21.908+0000] {taskinstance.py:1363} INFO - Starting attempt 3 of 3
[2023-11-22T06:04:21.908+0000] {taskinstance.py:1364} INFO - 
--------------------------------------------------------------------------------
[2023-11-22T06:04:21.932+0000] {taskinstance.py:1383} INFO - Executing <Task(GenericTransfer): upload_data_source> on 2023-11-22 06:01:59.334253+00:00
[2023-11-22T06:04:21.942+0000] {standard_task_runner.py:55} INFO - Started process 7260 to run task
[2023-11-22T06:04:21.950+0000] {standard_task_runner.py:82} INFO - Running: ['***', 'tasks', 'run', 'rand_user', 'upload_data_source', 'manual__2023-11-22T06:01:59.334253+00:00', '--job-id', '797', '--raw', '--subdir', 'DAGS_FOLDER/predictions.py', '--cfg-path', '/tmp/tmpxes_7bh2']
[2023-11-22T06:04:21.954+0000] {standard_task_runner.py:83} INFO - Job 797: Subtask upload_data_source
[2023-11-22T06:04:22.057+0000] {task_command.py:376} INFO - Running <TaskInstance: rand_user.upload_data_source manual__2023-11-22T06:01:59.334253+00:00 [running]> on host 91f7624ceef9
[2023-11-22T06:04:22.184+0000] {taskinstance.py:1592} INFO - Exporting the following env vars:
AIRFLOW_CTX_DAG_OWNER=Gaurav
AIRFLOW_CTX_DAG_ID=rand_user
AIRFLOW_CTX_TASK_ID=upload_data_source
AIRFLOW_CTX_EXECUTION_DATE=2023-11-22T06:01:59.334253+00:00
AIRFLOW_CTX_TRY_NUMBER=3
AIRFLOW_CTX_DAG_RUN_ID=manual__2023-11-22T06:01:59.334253+00:00
[2023-11-22T06:04:22.202+0000] {base.py:71} INFO - Using connection ID 'postgres' for task execution.
[2023-11-22T06:04:22.547+0000] {base.py:71} INFO - Using connection ID 'source_db_***' for task execution.
[2023-11-22T06:04:22.838+0000] {generic_transfer.py:76} INFO - Extracting data from postgres
[2023-11-22T06:04:22.839+0000] {generic_transfer.py:77} INFO - Executing: 
 SELECT * FROM rand_users
[2023-11-22T06:04:22.849+0000] {base.py:71} INFO - Using connection ID 'postgres' for task execution.
[2023-11-22T06:04:22.857+0000] {generic_transfer.py:94} INFO - Running preoperator
[2023-11-22T06:04:22.857+0000] {generic_transfer.py:95} INFO - TRUNCATE TABLE rand_users
[2023-11-22T06:04:22.868+0000] {base.py:71} INFO - Using connection ID 'source_db_***' for task execution.
[2023-11-22T06:04:22.876+0000] {sql.py:315} INFO - Running statement: TRUNCATE TABLE rand_users, parameters: None
[2023-11-22T06:04:22.892+0000] {generic_transfer.py:104} INFO - Inserting rows into source_db_***
[2023-11-22T06:04:22.903+0000] {base.py:71} INFO - Using connection ID 'source_db_***' for task execution.
[2023-11-22T06:04:22.915+0000] {taskinstance.py:1851} ERROR - Task failed with exception
Traceback (most recent call last):
  File "/home/airflow/.local/lib/python3.7/site-packages/airflow/operators/generic_transfer.py", line 105, in execute
    insert_rows(table=self.destination_table, rows=results, **self.insert_args)
  File "/home/airflow/.local/lib/python3.7/site-packages/airflow/providers/common/sql/hooks/sql.py", line 409, in insert_rows
    cur.execute(sql, values)
psycopg2.errors.NotNullViolation: null value in column "age" violates not-null constraint
DETAIL:  Failing row contains (male, Mr, Vincent, Ross, Canada, whiteelephant503, peter, vincent.ross@example.com, 38, null).

[2023-11-22T06:04:22.929+0000] {taskinstance.py:1406} INFO - Marking task as FAILED. dag_id=rand_user, task_id=upload_data_source, execution_date=20231122T060159, start_date=20231122T060421, end_date=20231122T060422
[2023-11-22T06:04:22.959+0000] {standard_task_runner.py:105} ERROR - Failed to execute job 797 for task upload_data_source (null value in column "age" violates not-null constraint
DETAIL:  Failing row contains (male, Mr, Vincent, Ross, Canada, whiteelephant503, peter, vincent.ross@example.com, 38, null).
; 7260)
[2023-11-22T06:04:23.004+0000] {local_task_job.py:164} INFO - Task exited with return code 1
[2023-11-22T06:04:23.046+0000] {local_task_job.py:273} INFO - 0 downstream tasks scheduled from follow-on schedule check
