[2023-11-22T05:46:03.442+0000] {taskinstance.py:1165} INFO - Dependencies all met for <TaskInstance: rand_user.process_user manual__2023-11-22T05:45:53.844169+00:00 [queued]>
[2023-11-22T05:46:03.460+0000] {taskinstance.py:1165} INFO - Dependencies all met for <TaskInstance: rand_user.process_user manual__2023-11-22T05:45:53.844169+00:00 [queued]>
[2023-11-22T05:46:03.461+0000] {taskinstance.py:1362} INFO - 
--------------------------------------------------------------------------------
[2023-11-22T05:46:03.461+0000] {taskinstance.py:1363} INFO - Starting attempt 1 of 3
[2023-11-22T05:46:03.462+0000] {taskinstance.py:1364} INFO - 
--------------------------------------------------------------------------------
[2023-11-22T05:46:03.487+0000] {taskinstance.py:1383} INFO - Executing <Task(PythonOperator): process_user> on 2023-11-22 05:45:53.844169+00:00
[2023-11-22T05:46:03.497+0000] {standard_task_runner.py:55} INFO - Started process 6288 to run task
[2023-11-22T05:46:03.504+0000] {standard_task_runner.py:82} INFO - Running: ['***', 'tasks', 'run', 'rand_user', 'process_user', 'manual__2023-11-22T05:45:53.844169+00:00', '--job-id', '709', '--raw', '--subdir', 'DAGS_FOLDER/predictions.py', '--cfg-path', '/tmp/tmpnfo05fm2']
[2023-11-22T05:46:03.508+0000] {standard_task_runner.py:83} INFO - Job 709: Subtask process_user
[2023-11-22T05:46:03.630+0000] {task_command.py:376} INFO - Running <TaskInstance: rand_user.process_user manual__2023-11-22T05:45:53.844169+00:00 [running]> on host 91f7624ceef9
[2023-11-22T05:46:03.758+0000] {taskinstance.py:1592} INFO - Exporting the following env vars:
AIRFLOW_CTX_DAG_OWNER=Gaurav
AIRFLOW_CTX_DAG_ID=rand_user
AIRFLOW_CTX_TASK_ID=process_user
AIRFLOW_CTX_EXECUTION_DATE=2023-11-22T05:45:53.844169+00:00
AIRFLOW_CTX_TRY_NUMBER=1
AIRFLOW_CTX_DAG_RUN_ID=manual__2023-11-22T05:45:53.844169+00:00
[2023-11-22T05:46:03.792+0000] {python.py:177} INFO - Done. Returned value was: None
[2023-11-22T05:46:03.812+0000] {taskinstance.py:1406} INFO - Marking task as SUCCESS. dag_id=rand_user, task_id=process_user, execution_date=20231122T054553, start_date=20231122T054603, end_date=20231122T054603
[2023-11-22T05:46:03.875+0000] {local_task_job.py:164} INFO - Task exited with return code 0
[2023-11-22T05:46:03.928+0000] {local_task_job.py:273} INFO - 1 downstream tasks scheduled from follow-on schedule check
