[2023-11-23T06:48:08.936+0000] {taskinstance.py:1165} INFO - Dependencies all met for <TaskInstance: Data_transfer.extract_user scheduled__2023-11-23T06:18:04.853042+00:00 [queued]>
[2023-11-23T06:48:08.948+0000] {taskinstance.py:1165} INFO - Dependencies all met for <TaskInstance: Data_transfer.extract_user scheduled__2023-11-23T06:18:04.853042+00:00 [queued]>
[2023-11-23T06:48:08.949+0000] {taskinstance.py:1362} INFO - 
--------------------------------------------------------------------------------
[2023-11-23T06:48:08.949+0000] {taskinstance.py:1363} INFO - Starting attempt 1 of 3
[2023-11-23T06:48:08.949+0000] {taskinstance.py:1364} INFO - 
--------------------------------------------------------------------------------
[2023-11-23T06:48:08.964+0000] {taskinstance.py:1383} INFO - Executing <Task(SimpleHttpOperator): extract_user> on 2023-11-23 06:18:04.853042+00:00
[2023-11-23T06:48:08.971+0000] {standard_task_runner.py:55} INFO - Started process 8106 to run task
[2023-11-23T06:48:08.975+0000] {standard_task_runner.py:82} INFO - Running: ['***', 'tasks', 'run', 'Data_transfer', 'extract_user', 'scheduled__2023-11-23T06:18:04.853042+00:00', '--job-id', '560', '--raw', '--subdir', 'DAGS_FOLDER/data_transfer.py', '--cfg-path', '/tmp/tmpl63_k3v1']
[2023-11-23T06:48:08.978+0000] {standard_task_runner.py:83} INFO - Job 560: Subtask extract_user
[2023-11-23T06:48:09.043+0000] {task_command.py:376} INFO - Running <TaskInstance: Data_transfer.extract_user scheduled__2023-11-23T06:18:04.853042+00:00 [running]> on host f71f95879a41
[2023-11-23T06:48:09.113+0000] {taskinstance.py:1592} INFO - Exporting the following env vars:
AIRFLOW_CTX_DAG_OWNER=Gaurav
AIRFLOW_CTX_DAG_ID=Data_transfer
AIRFLOW_CTX_TASK_ID=extract_user
AIRFLOW_CTX_EXECUTION_DATE=2023-11-23T06:18:04.853042+00:00
AIRFLOW_CTX_TRY_NUMBER=1
AIRFLOW_CTX_DAG_RUN_ID=scheduled__2023-11-23T06:18:04.853042+00:00
[2023-11-23T06:48:09.114+0000] {http.py:121} INFO - Calling HTTP method
[2023-11-23T06:48:09.126+0000] {base.py:71} INFO - Using connection ID 'rand_user_api' for task execution.
[2023-11-23T06:48:09.128+0000] {http.py:148} INFO - Sending 'GET' to url: https://randomuser.me/api/
[2023-11-23T06:48:09.646+0000] {http.py:125} INFO - {"results":[{"gender":"male","name":{"title":"Mr","first":"Kalpit","last":"Prabhu"},"location":{"street":{"number":8579,"name":"Lindsay St"},"city":"Cuttack","state":"Madhya Pradesh","country":"India","postcode":52996,"coordinates":{"latitude":"7.7154","longitude":"-132.0889"},"timezone":{"offset":"+10:00","description":"Eastern Australia, Guam, Vladivostok"}},"email":"kalpit.prabhu@example.com","login":{"uuid":"8afd7387-4614-4d7a-a896-c9bef41c7dcd","username":"organicgoose828","password":"keenan","salt":"pAgr2BOB","md5":"7871928d95c81194c68d9720468f7a00","sha1":"7926caa23ad8f4d516f41de078ad02c765809e8d","sha256":"906cd1164548829084eb4cec569019fb8e40bbebe63e388aa7a8cc6f91a412bb"},"dob":{"date":"1977-07-16T04:05:51.158Z","age":46},"registered":{"date":"2016-02-21T09:43:48.461Z","age":7},"phone":"9207487801","cell":"8215589452","id":{"name":"UIDAI","value":"097074013024"},"picture":{"large":"https://randomuser.me/api/portraits/men/91.jpg","medium":"https://randomuser.me/api/portraits/med/men/91.jpg","thumbnail":"https://randomuser.me/api/portraits/thumb/men/91.jpg"},"nat":"IN"}],"info":{"seed":"701a3891ec07aa49","results":1,"page":1,"version":"1.4"}}
[2023-11-23T06:48:09.745+0000] {taskinstance.py:1406} INFO - Marking task as SUCCESS. dag_id=Data_transfer, task_id=extract_user, execution_date=20231123T061804, start_date=20231123T064808, end_date=20231123T064809
[2023-11-23T06:48:09.790+0000] {local_task_job.py:164} INFO - Task exited with return code 0
[2023-11-23T06:48:09.827+0000] {local_task_job.py:273} INFO - 1 downstream tasks scheduled from follow-on schedule check
