[2023-11-10T10:50:10.633+0000] {taskinstance.py:1165} INFO - Dependencies all met for <TaskInstance: rand_user.extract_user manual__2023-11-10T10:50:05.565299+00:00 [queued]>
[2023-11-10T10:50:10.648+0000] {taskinstance.py:1165} INFO - Dependencies all met for <TaskInstance: rand_user.extract_user manual__2023-11-10T10:50:05.565299+00:00 [queued]>
[2023-11-10T10:50:10.649+0000] {taskinstance.py:1362} INFO - 
--------------------------------------------------------------------------------
[2023-11-10T10:50:10.649+0000] {taskinstance.py:1363} INFO - Starting attempt 1 of 3
[2023-11-10T10:50:10.649+0000] {taskinstance.py:1364} INFO - 
--------------------------------------------------------------------------------
[2023-11-10T10:50:10.672+0000] {taskinstance.py:1383} INFO - Executing <Task(SimpleHttpOperator): extract_user> on 2023-11-10 10:50:05.565299+00:00
[2023-11-10T10:50:10.678+0000] {standard_task_runner.py:55} INFO - Started process 4643 to run task
[2023-11-10T10:50:10.683+0000] {standard_task_runner.py:82} INFO - Running: ['***', 'tasks', 'run', 'rand_user', 'extract_user', 'manual__2023-11-10T10:50:05.565299+00:00', '--job-id', '186', '--raw', '--subdir', 'DAGS_FOLDER/predictions.py', '--cfg-path', '/tmp/tmprjgwrkai']
[2023-11-10T10:50:10.685+0000] {standard_task_runner.py:83} INFO - Job 186: Subtask extract_user
[2023-11-10T10:50:10.757+0000] {task_command.py:376} INFO - Running <TaskInstance: rand_user.extract_user manual__2023-11-10T10:50:05.565299+00:00 [running]> on host 91f7624ceef9
[2023-11-10T10:50:10.841+0000] {taskinstance.py:1592} INFO - Exporting the following env vars:
AIRFLOW_CTX_DAG_OWNER=Gaurav
AIRFLOW_CTX_DAG_ID=rand_user
AIRFLOW_CTX_TASK_ID=extract_user
AIRFLOW_CTX_EXECUTION_DATE=2023-11-10T10:50:05.565299+00:00
AIRFLOW_CTX_TRY_NUMBER=1
AIRFLOW_CTX_DAG_RUN_ID=manual__2023-11-10T10:50:05.565299+00:00
[2023-11-10T10:50:10.843+0000] {http.py:121} INFO - Calling HTTP method
[2023-11-10T10:50:10.857+0000] {base.py:71} INFO - Using connection ID 'rand_user' for task execution.
[2023-11-10T10:50:10.859+0000] {http.py:148} INFO - Sending 'GET' to url: https://randomuser.me/api/
[2023-11-10T10:50:11.420+0000] {http.py:125} INFO - {"results":[{"gender":"female","name":{"title":"Ms","first":"Elvira","last":"Fries"},"location":{"street":{"number":5784,"name":"Dorfstraße"},"city":"Döbern","state":"Baden-Württemberg","country":"Germany","postcode":26424,"coordinates":{"latitude":"-50.2788","longitude":"48.9022"},"timezone":{"offset":"0:00","description":"Western Europe Time, London, Lisbon, Casablanca"}},"email":"elvira.fries@example.com","login":{"uuid":"43d79330-2b46-4a9b-a2cc-14591df88382","username":"silverbird328","password":"shonuf","salt":"TpxMMRyl","md5":"1c621cf9de96fff82028632884c5b31a","sha1":"8b81c46ae2ef05190ed61e1d116f15ea21e1cf70","sha256":"62f0e179bc17f5a0f1cf57d2318653259946c5d40e7a72bc6921e17ca4c790ff"},"dob":{"date":"1965-07-01T19:48:59.376Z","age":58},"registered":{"date":"2014-08-10T20:40:36.508Z","age":9},"phone":"0895-5251665","cell":"0179-7378843","id":{"name":"SVNR","value":"16 010765 F 586"},"picture":{"large":"https://randomuser.me/api/portraits/women/9.jpg","medium":"https://randomuser.me/api/portraits/med/women/9.jpg","thumbnail":"https://randomuser.me/api/portraits/thumb/women/9.jpg"},"nat":"DE"}],"info":{"seed":"e3aaf968c8b52132","results":1,"page":1,"version":"1.4"}}
[2023-11-10T10:50:11.470+0000] {taskinstance.py:1406} INFO - Marking task as SUCCESS. dag_id=rand_user, task_id=extract_user, execution_date=20231110T105005, start_date=20231110T105010, end_date=20231110T105011
[2023-11-10T10:50:11.496+0000] {local_task_job.py:164} INFO - Task exited with return code 0
[2023-11-10T10:50:11.541+0000] {local_task_job.py:273} INFO - 1 downstream tasks scheduled from follow-on schedule check
