[2023-11-22T09:35:21.840+0000] {taskinstance.py:1165} INFO - Dependencies all met for <TaskInstance: Data_transfer.Create_table manual__2023-11-22T09:35:20.198471+00:00 [queued]>
[2023-11-22T09:35:21.858+0000] {taskinstance.py:1165} INFO - Dependencies all met for <TaskInstance: Data_transfer.Create_table manual__2023-11-22T09:35:20.198471+00:00 [queued]>
[2023-11-22T09:35:21.858+0000] {taskinstance.py:1362} INFO - 
--------------------------------------------------------------------------------
[2023-11-22T09:35:21.859+0000] {taskinstance.py:1363} INFO - Starting attempt 1 of 3
[2023-11-22T09:35:21.859+0000] {taskinstance.py:1364} INFO - 
--------------------------------------------------------------------------------
[2023-11-22T09:35:21.884+0000] {taskinstance.py:1383} INFO - Executing <Task(PostgresOperator): Create_table> on 2023-11-22 09:35:20.198471+00:00
[2023-11-22T09:35:21.895+0000] {standard_task_runner.py:55} INFO - Started process 4530 to run task
[2023-11-22T09:35:21.902+0000] {standard_task_runner.py:82} INFO - Running: ['***', 'tasks', 'run', 'Data_transfer', 'Create_table', 'manual__2023-11-22T09:35:20.198471+00:00', '--job-id', '78', '--raw', '--subdir', 'DAGS_FOLDER/data_transfer.py', '--cfg-path', '/tmp/tmpzrc2abft']
[2023-11-22T09:35:21.907+0000] {standard_task_runner.py:83} INFO - Job 78: Subtask Create_table
[2023-11-22T09:35:22.034+0000] {task_command.py:376} INFO - Running <TaskInstance: Data_transfer.Create_table manual__2023-11-22T09:35:20.198471+00:00 [running]> on host f71f95879a41
[2023-11-22T09:35:22.131+0000] {taskinstance.py:1592} INFO - Exporting the following env vars:
AIRFLOW_CTX_DAG_OWNER=Gaurav
AIRFLOW_CTX_DAG_ID=Data_transfer
AIRFLOW_CTX_TASK_ID=Create_table
AIRFLOW_CTX_EXECUTION_DATE=2023-11-22T09:35:20.198471+00:00
AIRFLOW_CTX_TRY_NUMBER=1
AIRFLOW_CTX_DAG_RUN_ID=manual__2023-11-22T09:35:20.198471+00:00
[2023-11-22T09:35:22.143+0000] {base.py:71} INFO - Using connection ID 'postgres' for task execution.
[2023-11-22T09:35:22.148+0000] {sql.py:315} INFO - Running statement: 
        CREATE TABLE IF NOT EXISTS table1_users (
        uuid TEXT PRIMARY KEY,
        title TEXT NOT NULL,
        firstname TEXT NOT NULL,
        lastname TEXT NOT NULL,
        gender TEXT NOT NULL,
        country TEXT NOT NULL,
        username TEXT NOT NULL,
        password TEXT NOT NULL,
        email TEXT NOT NULL,
        age INT NOT NULL
        )
        , parameters: None
[2023-11-22T09:35:22.150+0000] {postgres.py:96} INFO - NOTICE:  relation "table1_users" already exists, skipping

[2023-11-22T09:35:22.169+0000] {taskinstance.py:1406} INFO - Marking task as SUCCESS. dag_id=Data_transfer, task_id=Create_table, execution_date=20231122T093520, start_date=20231122T093521, end_date=20231122T093522
[2023-11-22T09:35:22.235+0000] {local_task_job.py:164} INFO - Task exited with return code 0
[2023-11-22T09:35:22.283+0000] {local_task_job.py:273} INFO - 1 downstream tasks scheduled from follow-on schedule check
