[2023-11-23T07:21:51.219+0000] {taskinstance.py:1165} INFO - Dependencies all met for <TaskInstance: rand_user.extract_user scheduled__2023-11-23T07:06:44.757059+00:00 [queued]>
[2023-11-23T07:21:51.234+0000] {taskinstance.py:1165} INFO - Dependencies all met for <TaskInstance: rand_user.extract_user scheduled__2023-11-23T07:06:44.757059+00:00 [queued]>
[2023-11-23T07:21:51.234+0000] {taskinstance.py:1362} INFO - 
--------------------------------------------------------------------------------
[2023-11-23T07:21:51.234+0000] {taskinstance.py:1363} INFO - Starting attempt 1 of 3
[2023-11-23T07:21:51.235+0000] {taskinstance.py:1364} INFO - 
--------------------------------------------------------------------------------
[2023-11-23T07:21:51.254+0000] {taskinstance.py:1383} INFO - Executing <Task(SimpleHttpOperator): extract_user> on 2023-11-23 07:06:44.757059+00:00
[2023-11-23T07:21:51.260+0000] {standard_task_runner.py:55} INFO - Started process 9905 to run task
[2023-11-23T07:21:51.264+0000] {standard_task_runner.py:82} INFO - Running: ['***', 'tasks', 'run', 'rand_user', 'extract_user', 'scheduled__2023-11-23T07:06:44.757059+00:00', '--job-id', '638', '--raw', '--subdir', 'DAGS_FOLDER/predictions.py', '--cfg-path', '/tmp/tmpn6i21uph']
[2023-11-23T07:21:51.266+0000] {standard_task_runner.py:83} INFO - Job 638: Subtask extract_user
[2023-11-23T07:21:51.337+0000] {task_command.py:376} INFO - Running <TaskInstance: rand_user.extract_user scheduled__2023-11-23T07:06:44.757059+00:00 [running]> on host f71f95879a41
[2023-11-23T07:21:51.456+0000] {taskinstance.py:1592} INFO - Exporting the following env vars:
AIRFLOW_CTX_DAG_OWNER=Gaurav
AIRFLOW_CTX_DAG_ID=rand_user
AIRFLOW_CTX_TASK_ID=extract_user
AIRFLOW_CTX_EXECUTION_DATE=2023-11-23T07:06:44.757059+00:00
AIRFLOW_CTX_TRY_NUMBER=1
AIRFLOW_CTX_DAG_RUN_ID=scheduled__2023-11-23T07:06:44.757059+00:00
[2023-11-23T07:21:51.458+0000] {http.py:121} INFO - Calling HTTP method
[2023-11-23T07:21:51.476+0000] {base.py:71} INFO - Using connection ID 'rand_user_api' for task execution.
[2023-11-23T07:21:51.479+0000] {http.py:148} INFO - Sending 'GET' to url: https://randomuser.me/api/
[2023-11-23T07:21:52.040+0000] {http.py:125} INFO - {"results":[{"gender":"male","name":{"title":"Mr","first":"Juup","last":"Elissen"},"location":{"street":{"number":3618,"name":"Carillonstraat"},"city":"Kruiningen","state":"Gelderland","country":"Netherlands","postcode":"9728 UU","coordinates":{"latitude":"30.4403","longitude":"-145.6296"},"timezone":{"offset":"+3:30","description":"Tehran"}},"email":"juup.elissen@example.com","login":{"uuid":"73954749-f174-467e-811b-de5ffaaa1ba7","username":"bigpeacock846","password":"anita","salt":"9gDtBC5G","md5":"387daedc96630d91807bb60ee2141b84","sha1":"e397b7315b9dc7d773010598a77afbe730a47157","sha256":"7645a8f82053bda6c80e686063c3dadbeb80bd00ddbce9f53de107e81b8ed545"},"dob":{"date":"1994-11-07T08:54:01.047Z","age":29},"registered":{"date":"2009-03-29T09:31:16.925Z","age":14},"phone":"(0116) 962393","cell":"(06) 74680133","id":{"name":"BSN","value":"93741189"},"picture":{"large":"https://randomuser.me/api/portraits/men/96.jpg","medium":"https://randomuser.me/api/portraits/med/men/96.jpg","thumbnail":"https://randomuser.me/api/portraits/thumb/men/96.jpg"},"nat":"NL"}],"info":{"seed":"5f631d1f473acd46","results":1,"page":1,"version":"1.4"}}
[2023-11-23T07:21:52.120+0000] {taskinstance.py:1406} INFO - Marking task as SUCCESS. dag_id=rand_user, task_id=extract_user, execution_date=20231123T070644, start_date=20231123T072151, end_date=20231123T072152
[2023-11-23T07:21:52.159+0000] {local_task_job.py:164} INFO - Task exited with return code 0
[2023-11-23T07:21:52.199+0000] {local_task_job.py:273} INFO - 1 downstream tasks scheduled from follow-on schedule check
