[2023-11-22T09:35:21.810+0000] {taskinstance.py:1165} INFO - Dependencies all met for <TaskInstance: Data_transfer.upload_data_Destination manual__2023-11-22T09:35:20.198471+00:00 [queued]>
[2023-11-22T09:35:21.828+0000] {taskinstance.py:1165} INFO - Dependencies all met for <TaskInstance: Data_transfer.upload_data_Destination manual__2023-11-22T09:35:20.198471+00:00 [queued]>
[2023-11-22T09:35:21.828+0000] {taskinstance.py:1362} INFO - 
--------------------------------------------------------------------------------
[2023-11-22T09:35:21.829+0000] {taskinstance.py:1363} INFO - Starting attempt 1 of 3
[2023-11-22T09:35:21.829+0000] {taskinstance.py:1364} INFO - 
--------------------------------------------------------------------------------
[2023-11-22T09:35:21.853+0000] {taskinstance.py:1383} INFO - Executing <Task(GenericTransfer): upload_data_Destination> on 2023-11-22 09:35:20.198471+00:00
[2023-11-22T09:35:21.865+0000] {standard_task_runner.py:55} INFO - Started process 4529 to run task
[2023-11-22T09:35:21.871+0000] {standard_task_runner.py:82} INFO - Running: ['***', 'tasks', 'run', 'Data_transfer', 'upload_data_Destination', 'manual__2023-11-22T09:35:20.198471+00:00', '--job-id', '77', '--raw', '--subdir', 'DAGS_FOLDER/data_transfer.py', '--cfg-path', '/tmp/tmpqsanrk94']
[2023-11-22T09:35:21.875+0000] {standard_task_runner.py:83} INFO - Job 77: Subtask upload_data_Destination
[2023-11-22T09:35:21.999+0000] {task_command.py:376} INFO - Running <TaskInstance: Data_transfer.upload_data_Destination manual__2023-11-22T09:35:20.198471+00:00 [running]> on host f71f95879a41
[2023-11-22T09:35:22.115+0000] {taskinstance.py:1592} INFO - Exporting the following env vars:
AIRFLOW_CTX_DAG_OWNER=Gaurav
AIRFLOW_CTX_DAG_ID=Data_transfer
AIRFLOW_CTX_TASK_ID=upload_data_Destination
AIRFLOW_CTX_EXECUTION_DATE=2023-11-22T09:35:20.198471+00:00
AIRFLOW_CTX_TRY_NUMBER=1
AIRFLOW_CTX_DAG_RUN_ID=manual__2023-11-22T09:35:20.198471+00:00
[2023-11-22T09:35:22.130+0000] {base.py:71} INFO - Using connection ID 'source_db_***' for task execution.
[2023-11-22T09:35:22.455+0000] {base.py:71} INFO - Using connection ID 'dest_conn_id' for task execution.
[2023-11-22T09:35:22.670+0000] {generic_transfer.py:76} INFO - Extracting data from source_db_***
[2023-11-22T09:35:22.670+0000] {generic_transfer.py:77} INFO - Executing: 
 select * from table1_users
[2023-11-22T09:35:22.678+0000] {base.py:71} INFO - Using connection ID 'source_db_***' for task execution.
[2023-11-22T09:35:22.689+0000] {generic_transfer.py:104} INFO - Inserting rows into dest_conn_id
[2023-11-22T09:35:22.696+0000] {base.py:71} INFO - Using connection ID 'dest_conn_id' for task execution.
[2023-11-22T09:35:22.744+0000] {sql.py:415} INFO - Done loading. Loaded a total of 1 rows
[2023-11-22T09:35:22.757+0000] {taskinstance.py:1406} INFO - Marking task as SUCCESS. dag_id=Data_transfer, task_id=upload_data_Destination, execution_date=20231122T093520, start_date=20231122T093521, end_date=20231122T093522
[2023-11-22T09:35:22.806+0000] {local_task_job.py:164} INFO - Task exited with return code 0
[2023-11-22T09:35:22.836+0000] {local_task_job.py:273} INFO - 0 downstream tasks scheduled from follow-on schedule check
