[2023-11-23T06:21:51.631+0000] {taskinstance.py:1165} INFO - Dependencies all met for <TaskInstance: rand_user.process_user scheduled__2023-11-23T05:51:44.704309+00:00 [queued]>
[2023-11-23T06:21:51.643+0000] {taskinstance.py:1165} INFO - Dependencies all met for <TaskInstance: rand_user.process_user scheduled__2023-11-23T05:51:44.704309+00:00 [queued]>
[2023-11-23T06:21:51.643+0000] {taskinstance.py:1362} INFO - 
--------------------------------------------------------------------------------
[2023-11-23T06:21:51.644+0000] {taskinstance.py:1363} INFO - Starting attempt 1 of 3
[2023-11-23T06:21:51.644+0000] {taskinstance.py:1364} INFO - 
--------------------------------------------------------------------------------
[2023-11-23T06:21:51.658+0000] {taskinstance.py:1383} INFO - Executing <Task(PythonOperator): process_user> on 2023-11-23 05:51:44.704309+00:00
[2023-11-23T06:21:51.665+0000] {standard_task_runner.py:55} INFO - Started process 6636 to run task
[2023-11-23T06:21:51.669+0000] {standard_task_runner.py:82} INFO - Running: ['***', 'tasks', 'run', 'rand_user', 'process_user', 'scheduled__2023-11-23T05:51:44.704309+00:00', '--job-id', '474', '--raw', '--subdir', 'DAGS_FOLDER/predictions.py', '--cfg-path', '/tmp/tmpixl890yr']
[2023-11-23T06:21:51.672+0000] {standard_task_runner.py:83} INFO - Job 474: Subtask process_user
[2023-11-23T06:21:51.736+0000] {task_command.py:376} INFO - Running <TaskInstance: rand_user.process_user scheduled__2023-11-23T05:51:44.704309+00:00 [running]> on host f71f95879a41
[2023-11-23T06:21:51.807+0000] {taskinstance.py:1592} INFO - Exporting the following env vars:
AIRFLOW_CTX_DAG_OWNER=Gaurav
AIRFLOW_CTX_DAG_ID=rand_user
AIRFLOW_CTX_TASK_ID=process_user
AIRFLOW_CTX_EXECUTION_DATE=2023-11-23T05:51:44.704309+00:00
AIRFLOW_CTX_TRY_NUMBER=1
AIRFLOW_CTX_DAG_RUN_ID=scheduled__2023-11-23T05:51:44.704309+00:00
[2023-11-23T06:21:51.827+0000] {python.py:177} INFO - Done. Returned value was: None
[2023-11-23T06:21:51.839+0000] {taskinstance.py:1406} INFO - Marking task as SUCCESS. dag_id=rand_user, task_id=process_user, execution_date=20231123T055144, start_date=20231123T062151, end_date=20231123T062151
[2023-11-23T06:21:51.880+0000] {local_task_job.py:164} INFO - Task exited with return code 0
[2023-11-23T06:21:51.914+0000] {local_task_job.py:273} INFO - 1 downstream tasks scheduled from follow-on schedule check
