[2023-11-22T06:33:39.026+0000] {taskinstance.py:1165} INFO - Dependencies all met for <TaskInstance: rand_user.extract_user manual__2023-11-22T06:33:31.692445+00:00 [queued]>
[2023-11-22T06:33:39.048+0000] {taskinstance.py:1165} INFO - Dependencies all met for <TaskInstance: rand_user.extract_user manual__2023-11-22T06:33:31.692445+00:00 [queued]>
[2023-11-22T06:33:39.048+0000] {taskinstance.py:1362} INFO - 
--------------------------------------------------------------------------------
[2023-11-22T06:33:39.049+0000] {taskinstance.py:1363} INFO - Starting attempt 1 of 3
[2023-11-22T06:33:39.049+0000] {taskinstance.py:1364} INFO - 
--------------------------------------------------------------------------------
[2023-11-22T06:33:39.075+0000] {taskinstance.py:1383} INFO - Executing <Task(SimpleHttpOperator): extract_user> on 2023-11-22 06:33:31.692445+00:00
[2023-11-22T06:33:39.085+0000] {standard_task_runner.py:55} INFO - Started process 1014 to run task
[2023-11-22T06:33:39.092+0000] {standard_task_runner.py:82} INFO - Running: ['***', 'tasks', 'run', 'rand_user', 'extract_user', 'manual__2023-11-22T06:33:31.692445+00:00', '--job-id', '33', '--raw', '--subdir', 'DAGS_FOLDER/predictions.py', '--cfg-path', '/tmp/tmprc7_poei']
[2023-11-22T06:33:39.096+0000] {standard_task_runner.py:83} INFO - Job 33: Subtask extract_user
[2023-11-22T06:33:39.210+0000] {task_command.py:376} INFO - Running <TaskInstance: rand_user.extract_user manual__2023-11-22T06:33:31.692445+00:00 [running]> on host e4a6f7cdd654
[2023-11-22T06:33:39.337+0000] {taskinstance.py:1592} INFO - Exporting the following env vars:
AIRFLOW_CTX_DAG_OWNER=Gaurav
AIRFLOW_CTX_DAG_ID=rand_user
AIRFLOW_CTX_TASK_ID=extract_user
AIRFLOW_CTX_EXECUTION_DATE=2023-11-22T06:33:31.692445+00:00
AIRFLOW_CTX_TRY_NUMBER=1
AIRFLOW_CTX_DAG_RUN_ID=manual__2023-11-22T06:33:31.692445+00:00
[2023-11-22T06:33:39.339+0000] {http.py:121} INFO - Calling HTTP method
[2023-11-22T06:33:39.355+0000] {base.py:71} INFO - Using connection ID 'rand_user' for task execution.
[2023-11-22T06:33:39.358+0000] {http.py:148} INFO - Sending 'GET' to url: https://randomuser.me/api/
[2023-11-22T06:33:39.788+0000] {http.py:125} INFO - {"results":[{"gender":"female","name":{"title":"Mrs","first":"Silvija","last":"StanićStanković"},"location":{"street":{"number":489,"name":"Aljehinova"},"city":"Ljubovija","state":"Rasina","country":"Serbia","postcode":12490,"coordinates":{"latitude":"61.2459","longitude":"136.8477"},"timezone":{"offset":"+11:00","description":"Magadan, Solomon Islands, New Caledonia"}},"email":"silvija.stanicstankovic@example.com","login":{"uuid":"cc9f007a-0c5e-4188-aa43-aaa01a5117e4","username":"brownmouse709","password":"daemon","salt":"Vw6fGG5Q","md5":"8ef941be604a0a4c881c1c7ff7874602","sha1":"43b8d5a949f5371a34c058a0a610022e3f1211c2","sha256":"eb2601a08345655ceb6aba413955da4982eee756261e05770bfaeffe60fdf0f4"},"dob":{"date":"1983-07-16T23:12:34.829Z","age":40},"registered":{"date":"2002-07-18T05:57:19.826Z","age":21},"phone":"023-1049-215","cell":"064-8727-987","id":{"name":"SID","value":"209033247"},"picture":{"large":"https://randomuser.me/api/portraits/women/9.jpg","medium":"https://randomuser.me/api/portraits/med/women/9.jpg","thumbnail":"https://randomuser.me/api/portraits/thumb/women/9.jpg"},"nat":"RS"}],"info":{"seed":"a800b2e0ef234fc7","results":1,"page":1,"version":"1.4"}}
[2023-11-22T06:33:39.848+0000] {taskinstance.py:1406} INFO - Marking task as SUCCESS. dag_id=rand_user, task_id=extract_user, execution_date=20231122T063331, start_date=20231122T063339, end_date=20231122T063339
[2023-11-22T06:33:39.904+0000] {local_task_job.py:164} INFO - Task exited with return code 0
[2023-11-22T06:33:39.955+0000] {local_task_job.py:273} INFO - 1 downstream tasks scheduled from follow-on schedule check
