[2023-11-22T05:00:25.986+0000] {taskinstance.py:1165} INFO - Dependencies all met for <TaskInstance: rand_user.extract_user manual__2023-11-22T05:00:19.467094+00:00 [queued]>
[2023-11-22T05:00:26.007+0000] {taskinstance.py:1165} INFO - Dependencies all met for <TaskInstance: rand_user.extract_user manual__2023-11-22T05:00:19.467094+00:00 [queued]>
[2023-11-22T05:00:26.007+0000] {taskinstance.py:1362} INFO - 
--------------------------------------------------------------------------------
[2023-11-22T05:00:26.008+0000] {taskinstance.py:1363} INFO - Starting attempt 1 of 3
[2023-11-22T05:00:26.008+0000] {taskinstance.py:1364} INFO - 
--------------------------------------------------------------------------------
[2023-11-22T05:00:26.048+0000] {taskinstance.py:1383} INFO - Executing <Task(SimpleHttpOperator): extract_user> on 2023-11-22 05:00:19.467094+00:00
[2023-11-22T05:00:26.059+0000] {standard_task_runner.py:55} INFO - Started process 3949 to run task
[2023-11-22T05:00:26.066+0000] {standard_task_runner.py:82} INFO - Running: ['***', 'tasks', 'run', 'rand_user', 'extract_user', 'manual__2023-11-22T05:00:19.467094+00:00', '--job-id', '590', '--raw', '--subdir', 'DAGS_FOLDER/predictions.py', '--cfg-path', '/tmp/tmpfmzhyfma']
[2023-11-22T05:00:26.071+0000] {standard_task_runner.py:83} INFO - Job 590: Subtask extract_user
[2023-11-22T05:00:26.204+0000] {task_command.py:376} INFO - Running <TaskInstance: rand_user.extract_user manual__2023-11-22T05:00:19.467094+00:00 [running]> on host 91f7624ceef9
[2023-11-22T05:00:26.366+0000] {taskinstance.py:1592} INFO - Exporting the following env vars:
AIRFLOW_CTX_DAG_OWNER=Gaurav
AIRFLOW_CTX_DAG_ID=rand_user
AIRFLOW_CTX_TASK_ID=extract_user
AIRFLOW_CTX_EXECUTION_DATE=2023-11-22T05:00:19.467094+00:00
AIRFLOW_CTX_TRY_NUMBER=1
AIRFLOW_CTX_DAG_RUN_ID=manual__2023-11-22T05:00:19.467094+00:00
[2023-11-22T05:00:26.367+0000] {http.py:121} INFO - Calling HTTP method
[2023-11-22T05:00:26.386+0000] {base.py:71} INFO - Using connection ID 'rand_user' for task execution.
[2023-11-22T05:00:26.390+0000] {http.py:148} INFO - Sending 'GET' to url: https://randomuser.me/api/
[2023-11-22T05:00:27.570+0000] {http.py:125} INFO - {"results":[{"gender":"female","name":{"title":"Ms","first":"Amanda","last":"Matthews"},"location":{"street":{"number":5959,"name":"Miller Ave"},"city":"Albury","state":"Queensland","country":"Australia","postcode":4597,"coordinates":{"latitude":"-84.2855","longitude":"149.7314"},"timezone":{"offset":"-4:00","description":"Atlantic Time (Canada), Caracas, La Paz"}},"email":"amanda.matthews@example.com","login":{"uuid":"09e49807-c096-412e-a204-d5b85a9b6d79","username":"crazysnake404","password":"353535","salt":"cMAek5Nk","md5":"5ec7d9c6c20d3b67316628420ca771e7","sha1":"6253df61a329f826936c2a3babb4cb8d0ca11cd5","sha256":"6c769fe4bcf3745e450aecdb38bcbff89250c52f1194eef8c5befed24db57b72"},"dob":{"date":"1984-08-02T08:56:32.629Z","age":39},"registered":{"date":"2012-07-21T20:32:02.415Z","age":11},"phone":"06-5738-4520","cell":"0499-016-738","id":{"name":"TFN","value":"825910674"},"picture":{"large":"https://randomuser.me/api/portraits/women/34.jpg","medium":"https://randomuser.me/api/portraits/med/women/34.jpg","thumbnail":"https://randomuser.me/api/portraits/thumb/women/34.jpg"},"nat":"AU"}],"info":{"seed":"2f12731a0cd3417c","results":1,"page":1,"version":"1.4"}}
[2023-11-22T05:00:27.629+0000] {taskinstance.py:1406} INFO - Marking task as SUCCESS. dag_id=rand_user, task_id=extract_user, execution_date=20231122T050019, start_date=20231122T050025, end_date=20231122T050027
[2023-11-22T05:00:27.682+0000] {local_task_job.py:164} INFO - Task exited with return code 0
[2023-11-22T05:00:27.743+0000] {local_task_job.py:273} INFO - 1 downstream tasks scheduled from follow-on schedule check
