[2023-11-22T08:49:54.033+0000] {taskinstance.py:1165} INFO - Dependencies all met for <TaskInstance: Data_transfer.store_user manual__2023-11-22T08:47:48.942418+00:00 [queued]>
[2023-11-22T08:49:54.055+0000] {taskinstance.py:1165} INFO - Dependencies all met for <TaskInstance: Data_transfer.store_user manual__2023-11-22T08:47:48.942418+00:00 [queued]>
[2023-11-22T08:49:54.056+0000] {taskinstance.py:1362} INFO - 
--------------------------------------------------------------------------------
[2023-11-22T08:49:54.056+0000] {taskinstance.py:1363} INFO - Starting attempt 3 of 3
[2023-11-22T08:49:54.057+0000] {taskinstance.py:1364} INFO - 
--------------------------------------------------------------------------------
[2023-11-22T08:49:54.080+0000] {taskinstance.py:1383} INFO - Executing <Task(PythonOperator): store_user> on 2023-11-22 08:47:48.942418+00:00
[2023-11-22T08:49:54.089+0000] {standard_task_runner.py:55} INFO - Started process 2250 to run task
[2023-11-22T08:49:54.097+0000] {standard_task_runner.py:82} INFO - Running: ['***', 'tasks', 'run', 'Data_transfer', 'store_user', 'manual__2023-11-22T08:47:48.942418+00:00', '--job-id', '29', '--raw', '--subdir', 'DAGS_FOLDER/data_transfer.py', '--cfg-path', '/tmp/tmphh3esk8l']
[2023-11-22T08:49:54.100+0000] {standard_task_runner.py:83} INFO - Job 29: Subtask store_user
[2023-11-22T08:49:54.198+0000] {task_command.py:376} INFO - Running <TaskInstance: Data_transfer.store_user manual__2023-11-22T08:47:48.942418+00:00 [running]> on host f71f95879a41
[2023-11-22T08:49:54.303+0000] {taskinstance.py:1592} INFO - Exporting the following env vars:
AIRFLOW_CTX_DAG_OWNER=Gaurav
AIRFLOW_CTX_DAG_ID=Data_transfer
AIRFLOW_CTX_TASK_ID=store_user
AIRFLOW_CTX_EXECUTION_DATE=2023-11-22T08:47:48.942418+00:00
AIRFLOW_CTX_TRY_NUMBER=3
AIRFLOW_CTX_DAG_RUN_ID=manual__2023-11-22T08:47:48.942418+00:00
[2023-11-22T08:49:54.305+0000] {postgres.py:129} INFO - Running copy expert: COPY table1_users FROM stdin WITH DELIMITER as ',', filename: /tmp/processed_user.csv
[2023-11-22T08:49:54.318+0000] {base.py:71} INFO - Using connection ID 'source_db_***' for task execution.
[2023-11-22T08:49:54.330+0000] {python.py:177} INFO - Done. Returned value was: None
[2023-11-22T08:49:54.342+0000] {taskinstance.py:1406} INFO - Marking task as SUCCESS. dag_id=Data_transfer, task_id=store_user, execution_date=20231122T084748, start_date=20231122T084954, end_date=20231122T084954
[2023-11-22T08:49:54.387+0000] {local_task_job.py:164} INFO - Task exited with return code 0
[2023-11-22T08:49:54.412+0000] {local_task_job.py:273} INFO - 0 downstream tasks scheduled from follow-on schedule check
