[2023-11-22T08:48:52.194+0000] {taskinstance.py:1165} INFO - Dependencies all met for <TaskInstance: Data_transfer.store_user manual__2023-11-22T08:47:48.942418+00:00 [queued]>
[2023-11-22T08:48:52.209+0000] {taskinstance.py:1165} INFO - Dependencies all met for <TaskInstance: Data_transfer.store_user manual__2023-11-22T08:47:48.942418+00:00 [queued]>
[2023-11-22T08:48:52.210+0000] {taskinstance.py:1362} INFO - 
--------------------------------------------------------------------------------
[2023-11-22T08:48:52.210+0000] {taskinstance.py:1363} INFO - Starting attempt 2 of 3
[2023-11-22T08:48:52.211+0000] {taskinstance.py:1364} INFO - 
--------------------------------------------------------------------------------
[2023-11-22T08:48:52.232+0000] {taskinstance.py:1383} INFO - Executing <Task(PythonOperator): store_user> on 2023-11-22 08:47:48.942418+00:00
[2023-11-22T08:48:52.241+0000] {standard_task_runner.py:55} INFO - Started process 2194 to run task
[2023-11-22T08:48:52.249+0000] {standard_task_runner.py:82} INFO - Running: ['***', 'tasks', 'run', 'Data_transfer', 'store_user', 'manual__2023-11-22T08:47:48.942418+00:00', '--job-id', '28', '--raw', '--subdir', 'DAGS_FOLDER/data_transfer.py', '--cfg-path', '/tmp/tmp1z6vyhwn']
[2023-11-22T08:48:52.253+0000] {standard_task_runner.py:83} INFO - Job 28: Subtask store_user
[2023-11-22T08:48:52.356+0000] {task_command.py:376} INFO - Running <TaskInstance: Data_transfer.store_user manual__2023-11-22T08:47:48.942418+00:00 [running]> on host f71f95879a41
[2023-11-22T08:48:52.477+0000] {taskinstance.py:1592} INFO - Exporting the following env vars:
AIRFLOW_CTX_DAG_OWNER=Gaurav
AIRFLOW_CTX_DAG_ID=Data_transfer
AIRFLOW_CTX_TASK_ID=store_user
AIRFLOW_CTX_EXECUTION_DATE=2023-11-22T08:47:48.942418+00:00
AIRFLOW_CTX_TRY_NUMBER=2
AIRFLOW_CTX_DAG_RUN_ID=manual__2023-11-22T08:47:48.942418+00:00
[2023-11-22T08:48:52.480+0000] {postgres.py:129} INFO - Running copy expert: COPY rand_users FROM stdin WITH DELIMITER as ',', filename: /tmp/processed_user.csv
[2023-11-22T08:48:52.498+0000] {base.py:71} INFO - Using connection ID 'source_db_***' for task execution.
[2023-11-22T08:48:52.565+0000] {taskinstance.py:1851} ERROR - Task failed with exception
Traceback (most recent call last):
  File "/home/airflow/.local/lib/python3.7/site-packages/airflow/operators/python.py", line 175, in execute
    return_value = self.execute_callable()
  File "/home/airflow/.local/lib/python3.7/site-packages/airflow/operators/python.py", line 193, in execute_callable
    return self.python_callable(*self.op_args, **self.op_kwargs)
  File "/opt/airflow/dags/data_transfer.py", line 39, in _store_user
    filename='/tmp/processed_user.csv'
  File "/home/airflow/.local/lib/python3.7/site-packages/airflow/providers/postgres/hooks/postgres.py", line 137, in copy_expert
    cur.copy_expert(sql, file)
psycopg2.errors.UndefinedTable: relation "rand_users" does not exist

[2023-11-22T08:48:52.582+0000] {taskinstance.py:1406} INFO - Marking task as UP_FOR_RETRY. dag_id=Data_transfer, task_id=store_user, execution_date=20231122T084748, start_date=20231122T084852, end_date=20231122T084852
[2023-11-22T08:48:52.601+0000] {standard_task_runner.py:105} ERROR - Failed to execute job 28 for task store_user (relation "rand_users" does not exist
; 2194)
[2023-11-22T08:48:52.619+0000] {local_task_job.py:164} INFO - Task exited with return code 1
[2023-11-22T08:48:52.647+0000] {local_task_job.py:273} INFO - 0 downstream tasks scheduled from follow-on schedule check
