[2023-11-22T08:43:57.980+0000] {taskinstance.py:1165} INFO - Dependencies all met for <TaskInstance: Data_transfer.extract_user manual__2023-11-22T08:42:52.267700+00:00 [queued]>
[2023-11-22T08:43:57.993+0000] {taskinstance.py:1165} INFO - Dependencies all met for <TaskInstance: Data_transfer.extract_user manual__2023-11-22T08:42:52.267700+00:00 [queued]>
[2023-11-22T08:43:57.994+0000] {taskinstance.py:1362} INFO - 
--------------------------------------------------------------------------------
[2023-11-22T08:43:57.994+0000] {taskinstance.py:1363} INFO - Starting attempt 2 of 3
[2023-11-22T08:43:57.995+0000] {taskinstance.py:1364} INFO - 
--------------------------------------------------------------------------------
[2023-11-22T08:43:58.013+0000] {taskinstance.py:1383} INFO - Executing <Task(SimpleHttpOperator): extract_user> on 2023-11-22 08:42:52.267700+00:00
[2023-11-22T08:43:58.019+0000] {standard_task_runner.py:55} INFO - Started process 1950 to run task
[2023-11-22T08:43:58.023+0000] {standard_task_runner.py:82} INFO - Running: ['***', 'tasks', 'run', 'Data_transfer', 'extract_user', 'manual__2023-11-22T08:42:52.267700+00:00', '--job-id', '21', '--raw', '--subdir', 'DAGS_FOLDER/data_transfer.py', '--cfg-path', '/tmp/tmpup_8xjwk']
[2023-11-22T08:43:58.025+0000] {standard_task_runner.py:83} INFO - Job 21: Subtask extract_user
[2023-11-22T08:43:58.091+0000] {task_command.py:376} INFO - Running <TaskInstance: Data_transfer.extract_user manual__2023-11-22T08:42:52.267700+00:00 [running]> on host f71f95879a41
[2023-11-22T08:43:58.156+0000] {taskinstance.py:1592} INFO - Exporting the following env vars:
AIRFLOW_CTX_DAG_OWNER=Gaurav
AIRFLOW_CTX_DAG_ID=Data_transfer
AIRFLOW_CTX_TASK_ID=extract_user
AIRFLOW_CTX_EXECUTION_DATE=2023-11-22T08:42:52.267700+00:00
AIRFLOW_CTX_TRY_NUMBER=2
AIRFLOW_CTX_DAG_RUN_ID=manual__2023-11-22T08:42:52.267700+00:00
[2023-11-22T08:43:58.157+0000] {http.py:121} INFO - Calling HTTP method
[2023-11-22T08:43:58.168+0000] {base.py:71} INFO - Using connection ID 'rand_user_api' for task execution.
[2023-11-22T08:43:58.170+0000] {http.py:148} INFO - Sending 'GET' to url: https://randomuser.me/api/
[2023-11-22T08:43:58.573+0000] {http.py:125} INFO - {"results":[{"gender":"male","name":{"title":"Mr","first":"Henry","last":"Thompson"},"location":{"street":{"number":1062,"name":"Stafford Street"},"city":"Taupo","state":"Hawke'S Bay","country":"New Zealand","postcode":34931,"coordinates":{"latitude":"47.7037","longitude":"-142.5318"},"timezone":{"offset":"-9:00","description":"Alaska"}},"email":"henry.thompson@example.com","login":{"uuid":"6c11db44-1c52-4e38-a33d-d0d04e806c0a","username":"brownsnake866","password":"cccccccc","salt":"gWwi5oGj","md5":"f6ac790501be17c1a5601fc1cd0ea575","sha1":"c105e7401feae30239ae1b90e7f6bf91826d89c6","sha256":"4a775fd67dcdcd472bc2e4be33bb711945bd5bebf0c3983656cef96bc00794d7"},"dob":{"date":"1946-08-10T12:10:35.270Z","age":77},"registered":{"date":"2018-12-17T23:18:07.169Z","age":4},"phone":"(295)-037-0610","cell":"(832)-382-5351","id":{"name":"","value":null},"picture":{"large":"https://randomuser.me/api/portraits/men/4.jpg","medium":"https://randomuser.me/api/portraits/med/men/4.jpg","thumbnail":"https://randomuser.me/api/portraits/thumb/men/4.jpg"},"nat":"NZ"}],"info":{"seed":"04f6edc26215b6fd","results":1,"page":1,"version":"1.4"}}
[2023-11-22T08:43:58.600+0000] {taskinstance.py:1406} INFO - Marking task as SUCCESS. dag_id=Data_transfer, task_id=extract_user, execution_date=20231122T084252, start_date=20231122T084357, end_date=20231122T084358
[2023-11-22T08:43:58.636+0000] {local_task_job.py:164} INFO - Task exited with return code 0
[2023-11-22T08:43:58.659+0000] {local_task_job.py:273} INFO - 0 downstream tasks scheduled from follow-on schedule check
