[2023-11-22T08:42:56.963+0000] {taskinstance.py:1165} INFO - Dependencies all met for <TaskInstance: Data_transfer.extract_user manual__2023-11-22T08:42:52.267700+00:00 [queued]>
[2023-11-22T08:42:56.980+0000] {taskinstance.py:1165} INFO - Dependencies all met for <TaskInstance: Data_transfer.extract_user manual__2023-11-22T08:42:52.267700+00:00 [queued]>
[2023-11-22T08:42:56.981+0000] {taskinstance.py:1362} INFO - 
--------------------------------------------------------------------------------
[2023-11-22T08:42:56.981+0000] {taskinstance.py:1363} INFO - Starting attempt 1 of 3
[2023-11-22T08:42:56.982+0000] {taskinstance.py:1364} INFO - 
--------------------------------------------------------------------------------
[2023-11-22T08:42:57.007+0000] {taskinstance.py:1383} INFO - Executing <Task(SimpleHttpOperator): extract_user> on 2023-11-22 08:42:52.267700+00:00
[2023-11-22T08:42:57.016+0000] {standard_task_runner.py:55} INFO - Started process 1902 to run task
[2023-11-22T08:42:57.021+0000] {standard_task_runner.py:82} INFO - Running: ['***', 'tasks', 'run', 'Data_transfer', 'extract_user', 'manual__2023-11-22T08:42:52.267700+00:00', '--job-id', '20', '--raw', '--subdir', 'DAGS_FOLDER/data_transfer.py', '--cfg-path', '/tmp/tmpy4tlo5r4']
[2023-11-22T08:42:57.024+0000] {standard_task_runner.py:83} INFO - Job 20: Subtask extract_user
[2023-11-22T08:42:57.109+0000] {task_command.py:376} INFO - Running <TaskInstance: Data_transfer.extract_user manual__2023-11-22T08:42:52.267700+00:00 [running]> on host f71f95879a41
[2023-11-22T08:42:57.195+0000] {taskinstance.py:1592} INFO - Exporting the following env vars:
AIRFLOW_CTX_DAG_OWNER=Gaurav
AIRFLOW_CTX_DAG_ID=Data_transfer
AIRFLOW_CTX_TASK_ID=extract_user
AIRFLOW_CTX_EXECUTION_DATE=2023-11-22T08:42:52.267700+00:00
AIRFLOW_CTX_TRY_NUMBER=1
AIRFLOW_CTX_DAG_RUN_ID=manual__2023-11-22T08:42:52.267700+00:00
[2023-11-22T08:42:57.197+0000] {http.py:121} INFO - Calling HTTP method
[2023-11-22T08:42:57.221+0000] {taskinstance.py:1851} ERROR - Task failed with exception
Traceback (most recent call last):
  File "/home/airflow/.local/lib/python3.7/site-packages/airflow/providers/http/operators/http.py", line 123, in execute
    response = http.run(self.endpoint, self.data, self.headers, self.extra_options)
  File "/home/airflow/.local/lib/python3.7/site-packages/airflow/providers/http/hooks/http.py", line 128, in run
    session = self.get_conn(headers)
  File "/home/airflow/.local/lib/python3.7/site-packages/airflow/providers/http/hooks/http.py", line 82, in get_conn
    conn = self.get_connection(self.http_conn_id)
  File "/home/airflow/.local/lib/python3.7/site-packages/airflow/hooks/base.py", line 70, in get_connection
    conn = Connection.get_connection_from_secrets(conn_id)
  File "/home/airflow/.local/lib/python3.7/site-packages/airflow/models/connection.py", line 432, in get_connection_from_secrets
    raise AirflowNotFoundException(f"The conn_id `{conn_id}` isn't defined")
airflow.exceptions.AirflowNotFoundException: The conn_id `rand_user` isn't defined
[2023-11-22T08:42:57.228+0000] {taskinstance.py:1406} INFO - Marking task as UP_FOR_RETRY. dag_id=Data_transfer, task_id=extract_user, execution_date=20231122T084252, start_date=20231122T084256, end_date=20231122T084257
[2023-11-22T08:42:57.247+0000] {standard_task_runner.py:105} ERROR - Failed to execute job 20 for task extract_user (The conn_id `rand_user` isn't defined; 1902)
[2023-11-22T08:42:57.272+0000] {local_task_job.py:164} INFO - Task exited with return code 1
[2023-11-22T08:42:57.300+0000] {local_task_job.py:273} INFO - 0 downstream tasks scheduled from follow-on schedule check
