[2023-11-22T05:13:21.168+0000] {taskinstance.py:1165} INFO - Dependencies all met for <TaskInstance: rand_user.upload_data_source manual__2023-11-22T05:12:06.077601+00:00 [queued]>
[2023-11-22T05:13:21.185+0000] {taskinstance.py:1165} INFO - Dependencies all met for <TaskInstance: rand_user.upload_data_source manual__2023-11-22T05:12:06.077601+00:00 [queued]>
[2023-11-22T05:13:21.186+0000] {taskinstance.py:1362} INFO - 
--------------------------------------------------------------------------------
[2023-11-22T05:13:21.186+0000] {taskinstance.py:1363} INFO - Starting attempt 2 of 3
[2023-11-22T05:13:21.186+0000] {taskinstance.py:1364} INFO - 
--------------------------------------------------------------------------------
[2023-11-22T05:13:21.209+0000] {taskinstance.py:1383} INFO - Executing <Task(GenericTransfer): upload_data_source> on 2023-11-22 05:12:06.077601+00:00
[2023-11-22T05:13:21.218+0000] {standard_task_runner.py:55} INFO - Started process 4588 to run task
[2023-11-22T05:13:21.225+0000] {standard_task_runner.py:82} INFO - Running: ['***', 'tasks', 'run', 'rand_user', 'upload_data_source', 'manual__2023-11-22T05:12:06.077601+00:00', '--job-id', '614', '--raw', '--subdir', 'DAGS_FOLDER/predictions.py', '--cfg-path', '/tmp/tmp5h_civ6t']
[2023-11-22T05:13:21.228+0000] {standard_task_runner.py:83} INFO - Job 614: Subtask upload_data_source
[2023-11-22T05:13:21.330+0000] {task_command.py:376} INFO - Running <TaskInstance: rand_user.upload_data_source manual__2023-11-22T05:12:06.077601+00:00 [running]> on host 91f7624ceef9
[2023-11-22T05:13:21.436+0000] {taskinstance.py:1592} INFO - Exporting the following env vars:
AIRFLOW_CTX_DAG_OWNER=Gaurav
AIRFLOW_CTX_DAG_ID=rand_user
AIRFLOW_CTX_TASK_ID=upload_data_source
AIRFLOW_CTX_EXECUTION_DATE=2023-11-22T05:12:06.077601+00:00
AIRFLOW_CTX_TRY_NUMBER=2
AIRFLOW_CTX_DAG_RUN_ID=manual__2023-11-22T05:12:06.077601+00:00
[2023-11-22T05:13:21.453+0000] {base.py:71} INFO - Using connection ID 'postgres' for task execution.
[2023-11-22T05:13:21.873+0000] {base.py:71} INFO - Using connection ID 'source_db_***' for task execution.
[2023-11-22T05:13:22.241+0000] {generic_transfer.py:76} INFO - Extracting data from postgres
[2023-11-22T05:13:22.242+0000] {generic_transfer.py:77} INFO - Executing: 
 SELECT * FROM rand_users
[2023-11-22T05:13:22.252+0000] {base.py:71} INFO - Using connection ID 'postgres' for task execution.
[2023-11-22T05:13:22.262+0000] {generic_transfer.py:104} INFO - Inserting rows into source_db_***
[2023-11-22T05:13:22.274+0000] {base.py:71} INFO - Using connection ID 'source_db_***' for task execution.
[2023-11-22T05:13:22.285+0000] {taskinstance.py:1851} ERROR - Task failed with exception
Traceback (most recent call last):
  File "/home/airflow/.local/lib/python3.7/site-packages/airflow/operators/generic_transfer.py", line 105, in execute
    insert_rows(table=self.destination_table, rows=results, **self.insert_args)
  File "/home/airflow/.local/lib/python3.7/site-packages/airflow/providers/common/sql/hooks/sql.py", line 409, in insert_rows
    cur.execute(sql, values)
psycopg2.errors.NotNullViolation: null value in column "age" violates not-null constraint
DETAIL:  Failing row contains (male, Mr, Vincent, Ross, Canada, whiteelephant503, peter, vincent.ross@example.com, 38, null).

[2023-11-22T05:13:22.304+0000] {taskinstance.py:1406} INFO - Marking task as UP_FOR_RETRY. dag_id=rand_user, task_id=upload_data_source, execution_date=20231122T051206, start_date=20231122T051321, end_date=20231122T051322
[2023-11-22T05:13:22.335+0000] {standard_task_runner.py:105} ERROR - Failed to execute job 614 for task upload_data_source (null value in column "age" violates not-null constraint
DETAIL:  Failing row contains (male, Mr, Vincent, Ross, Canada, whiteelephant503, peter, vincent.ross@example.com, 38, null).
; 4588)
[2023-11-22T05:13:22.359+0000] {local_task_job.py:164} INFO - Task exited with return code 1
[2023-11-22T05:13:22.402+0000] {local_task_job.py:273} INFO - 0 downstream tasks scheduled from follow-on schedule check
