[2023-11-22T09:13:37.299+0000] {taskinstance.py:1165} INFO - Dependencies all met for <TaskInstance: rand_user.is_api_available scheduled__2023-11-22T08:42:15.488465+00:00 [queued]>
[2023-11-22T09:13:37.314+0000] {taskinstance.py:1165} INFO - Dependencies all met for <TaskInstance: rand_user.is_api_available scheduled__2023-11-22T08:42:15.488465+00:00 [queued]>
[2023-11-22T09:13:37.315+0000] {taskinstance.py:1362} INFO - 
--------------------------------------------------------------------------------
[2023-11-22T09:13:37.315+0000] {taskinstance.py:1363} INFO - Starting attempt 1 of 3
[2023-11-22T09:13:37.315+0000] {taskinstance.py:1364} INFO - 
--------------------------------------------------------------------------------
[2023-11-22T09:13:37.335+0000] {taskinstance.py:1383} INFO - Executing <Task(HttpSensor): is_api_available> on 2023-11-22 08:42:15.488465+00:00
[2023-11-22T09:13:37.343+0000] {standard_task_runner.py:55} INFO - Started process 3428 to run task
[2023-11-22T09:13:37.349+0000] {standard_task_runner.py:82} INFO - Running: ['***', 'tasks', 'run', 'rand_user', 'is_api_available', 'scheduled__2023-11-22T08:42:15.488465+00:00', '--job-id', '53', '--raw', '--subdir', 'DAGS_FOLDER/predictions.py', '--cfg-path', '/tmp/tmpcx83ptn1']
[2023-11-22T09:13:37.352+0000] {standard_task_runner.py:83} INFO - Job 53: Subtask is_api_available
[2023-11-22T09:13:37.426+0000] {task_command.py:376} INFO - Running <TaskInstance: rand_user.is_api_available scheduled__2023-11-22T08:42:15.488465+00:00 [running]> on host f71f95879a41
[2023-11-22T09:13:37.514+0000] {taskinstance.py:1592} INFO - Exporting the following env vars:
AIRFLOW_CTX_DAG_OWNER=Gaurav
AIRFLOW_CTX_DAG_ID=rand_user
AIRFLOW_CTX_TASK_ID=is_api_available
AIRFLOW_CTX_EXECUTION_DATE=2023-11-22T08:42:15.488465+00:00
AIRFLOW_CTX_TRY_NUMBER=1
AIRFLOW_CTX_DAG_RUN_ID=scheduled__2023-11-22T08:42:15.488465+00:00
[2023-11-22T09:13:37.515+0000] {http.py:120} INFO - Poking: api/
[2023-11-22T09:13:37.530+0000] {base.py:71} INFO - Using connection ID 'rand_user_api' for task execution.
[2023-11-22T09:13:37.532+0000] {http.py:148} INFO - Sending 'GET' to url: https://randomuser.me/api/
[2023-11-22T09:13:37.960+0000] {base.py:213} INFO - Success criteria met. Exiting.
[2023-11-22T09:13:37.971+0000] {taskinstance.py:1406} INFO - Marking task as SUCCESS. dag_id=rand_user, task_id=is_api_available, execution_date=20231122T084215, start_date=20231122T091337, end_date=20231122T091337
[2023-11-22T09:13:38.001+0000] {local_task_job.py:164} INFO - Task exited with return code 0
[2023-11-22T09:13:38.045+0000] {local_task_job.py:273} INFO - 1 downstream tasks scheduled from follow-on schedule check
