[2023-11-22T04:06:07.885+0000] {taskinstance.py:1165} INFO - Dependencies all met for <TaskInstance: rand_user.process_user scheduled__2023-11-21T00:00:00+00:00 [queued]>
[2023-11-22T04:06:07.903+0000] {taskinstance.py:1165} INFO - Dependencies all met for <TaskInstance: rand_user.process_user scheduled__2023-11-21T00:00:00+00:00 [queued]>
[2023-11-22T04:06:07.903+0000] {taskinstance.py:1362} INFO - 
--------------------------------------------------------------------------------
[2023-11-22T04:06:07.904+0000] {taskinstance.py:1363} INFO - Starting attempt 1 of 3
[2023-11-22T04:06:07.905+0000] {taskinstance.py:1364} INFO - 
--------------------------------------------------------------------------------
[2023-11-22T04:06:07.927+0000] {taskinstance.py:1383} INFO - Executing <Task(PythonOperator): process_user> on 2023-11-21 00:00:00+00:00
[2023-11-22T04:06:07.936+0000] {standard_task_runner.py:55} INFO - Started process 1440 to run task
[2023-11-22T04:06:07.943+0000] {standard_task_runner.py:82} INFO - Running: ['***', 'tasks', 'run', 'rand_user', 'process_user', 'scheduled__2023-11-21T00:00:00+00:00', '--job-id', '554', '--raw', '--subdir', 'DAGS_FOLDER/predictions.py', '--cfg-path', '/tmp/tmp_5ymj857']
[2023-11-22T04:06:07.946+0000] {standard_task_runner.py:83} INFO - Job 554: Subtask process_user
[2023-11-22T04:06:08.051+0000] {task_command.py:376} INFO - Running <TaskInstance: rand_user.process_user scheduled__2023-11-21T00:00:00+00:00 [running]> on host 91f7624ceef9
[2023-11-22T04:06:08.177+0000] {taskinstance.py:1592} INFO - Exporting the following env vars:
AIRFLOW_CTX_DAG_OWNER=Gaurav
AIRFLOW_CTX_DAG_ID=rand_user
AIRFLOW_CTX_TASK_ID=process_user
AIRFLOW_CTX_EXECUTION_DATE=2023-11-21T00:00:00+00:00
AIRFLOW_CTX_TRY_NUMBER=1
AIRFLOW_CTX_DAG_RUN_ID=scheduled__2023-11-21T00:00:00+00:00
[2023-11-22T04:06:08.207+0000] {python.py:177} INFO - Done. Returned value was: None
[2023-11-22T04:06:08.224+0000] {taskinstance.py:1406} INFO - Marking task as SUCCESS. dag_id=rand_user, task_id=process_user, execution_date=20231121T000000, start_date=20231122T040607, end_date=20231122T040608
[2023-11-22T04:06:08.274+0000] {local_task_job.py:164} INFO - Task exited with return code 0
[2023-11-22T04:06:08.323+0000] {local_task_job.py:273} INFO - 1 downstream tasks scheduled from follow-on schedule check
