[2023-11-13T09:46:00.693+0000] {taskinstance.py:1165} INFO - Dependencies all met for <TaskInstance: rand_user.extract_user scheduled__2023-11-12T00:00:00+00:00 [queued]>
[2023-11-13T09:46:00.710+0000] {taskinstance.py:1165} INFO - Dependencies all met for <TaskInstance: rand_user.extract_user scheduled__2023-11-12T00:00:00+00:00 [queued]>
[2023-11-13T09:46:00.710+0000] {taskinstance.py:1362} INFO - 
--------------------------------------------------------------------------------
[2023-11-13T09:46:00.710+0000] {taskinstance.py:1363} INFO - Starting attempt 1 of 3
[2023-11-13T09:46:00.710+0000] {taskinstance.py:1364} INFO - 
--------------------------------------------------------------------------------
[2023-11-13T09:46:00.729+0000] {taskinstance.py:1383} INFO - Executing <Task(SimpleHttpOperator): extract_user> on 2023-11-12 00:00:00+00:00
[2023-11-13T09:46:00.738+0000] {standard_task_runner.py:55} INFO - Started process 89 to run task
[2023-11-13T09:46:00.743+0000] {standard_task_runner.py:82} INFO - Running: ['***', 'tasks', 'run', 'rand_user', 'extract_user', 'scheduled__2023-11-12T00:00:00+00:00', '--job-id', '337', '--raw', '--subdir', 'DAGS_FOLDER/predictions.py', '--cfg-path', '/tmp/tmp3y35i8ij']
[2023-11-13T09:46:00.747+0000] {standard_task_runner.py:83} INFO - Job 337: Subtask extract_user
[2023-11-13T09:46:00.832+0000] {task_command.py:376} INFO - Running <TaskInstance: rand_user.extract_user scheduled__2023-11-12T00:00:00+00:00 [running]> on host 91f7624ceef9
[2023-11-13T09:46:00.935+0000] {taskinstance.py:1592} INFO - Exporting the following env vars:
AIRFLOW_CTX_DAG_OWNER=Gaurav
AIRFLOW_CTX_DAG_ID=rand_user
AIRFLOW_CTX_TASK_ID=extract_user
AIRFLOW_CTX_EXECUTION_DATE=2023-11-12T00:00:00+00:00
AIRFLOW_CTX_TRY_NUMBER=1
AIRFLOW_CTX_DAG_RUN_ID=scheduled__2023-11-12T00:00:00+00:00
[2023-11-13T09:46:00.936+0000] {http.py:121} INFO - Calling HTTP method
[2023-11-13T09:46:00.950+0000] {base.py:71} INFO - Using connection ID 'rand_user' for task execution.
[2023-11-13T09:46:00.952+0000] {http.py:148} INFO - Sending 'GET' to url: https://randomuser.me/api/
[2023-11-13T09:46:01.780+0000] {http.py:125} INFO - {"results":[{"gender":"male","name":{"title":"Mr","first":"Balhaar","last":"Anand"},"location":{"street":{"number":8546,"name":"Naiduthota"},"city":"Bhalswa","state":"Maharashtra","country":"India","postcode":77981,"coordinates":{"latitude":"5.5547","longitude":"-175.0899"},"timezone":{"offset":"+3:00","description":"Baghdad, Riyadh, Moscow, St. Petersburg"}},"email":"balhaar.anand@example.com","login":{"uuid":"308d929c-8913-41b9-98d1-e9c4f8b82fb8","username":"smallbutterfly935","password":"kuang","salt":"FKhlgRJL","md5":"0907d23377ddaa9def226b4e1797edbe","sha1":"f4edcc9d1d81cb45283e85f566af148f0b2b476d","sha256":"cf18ec083008605aa9530dd6e2fb55d830feadf4ed24b04efb5e4b000e35725f"},"dob":{"date":"1978-06-12T23:40:32.434Z","age":45},"registered":{"date":"2018-04-16T08:48:47.064Z","age":5},"phone":"9575197597","cell":"9113351787","id":{"name":"UIDAI","value":"786695674921"},"picture":{"large":"https://randomuser.me/api/portraits/men/30.jpg","medium":"https://randomuser.me/api/portraits/med/men/30.jpg","thumbnail":"https://randomuser.me/api/portraits/thumb/men/30.jpg"},"nat":"IN"}],"info":{"seed":"77a37a09ce4cd28f","results":1,"page":1,"version":"1.4"}}
[2023-11-13T09:46:01.810+0000] {taskinstance.py:1406} INFO - Marking task as SUCCESS. dag_id=rand_user, task_id=extract_user, execution_date=20231112T000000, start_date=20231113T094600, end_date=20231113T094601
[2023-11-13T09:46:01.840+0000] {local_task_job.py:164} INFO - Task exited with return code 0
[2023-11-13T09:46:01.902+0000] {local_task_job.py:273} INFO - 1 downstream tasks scheduled from follow-on schedule check
