[2023-11-23T08:20:22.074+0000] {taskinstance.py:1165} INFO - Dependencies all met for <TaskInstance: rand_user.create_destination_table scheduled__2023-11-23T07:21:44.757059+00:00 [queued]>
[2023-11-23T08:20:22.089+0000] {taskinstance.py:1165} INFO - Dependencies all met for <TaskInstance: rand_user.create_destination_table scheduled__2023-11-23T07:21:44.757059+00:00 [queued]>
[2023-11-23T08:20:22.089+0000] {taskinstance.py:1362} INFO - 
--------------------------------------------------------------------------------
[2023-11-23T08:20:22.089+0000] {taskinstance.py:1363} INFO - Starting attempt 1 of 3
[2023-11-23T08:20:22.090+0000] {taskinstance.py:1364} INFO - 
--------------------------------------------------------------------------------
[2023-11-23T08:20:22.110+0000] {taskinstance.py:1383} INFO - Executing <Task(PostgresOperator): create_destination_table> on 2023-11-23 07:21:44.757059+00:00
[2023-11-23T08:20:22.119+0000] {standard_task_runner.py:55} INFO - Started process 10550 to run task
[2023-11-23T08:20:22.124+0000] {standard_task_runner.py:82} INFO - Running: ['***', 'tasks', 'run', 'rand_user', 'create_destination_table', 'scheduled__2023-11-23T07:21:44.757059+00:00', '--job-id', '658', '--raw', '--subdir', 'DAGS_FOLDER/predictions.py', '--cfg-path', '/tmp/tmpz2brcoe3']
[2023-11-23T08:20:22.127+0000] {standard_task_runner.py:83} INFO - Job 658: Subtask create_destination_table
[2023-11-23T08:20:22.216+0000] {task_command.py:376} INFO - Running <TaskInstance: rand_user.create_destination_table scheduled__2023-11-23T07:21:44.757059+00:00 [running]> on host f71f95879a41
[2023-11-23T08:20:22.324+0000] {taskinstance.py:1592} INFO - Exporting the following env vars:
AIRFLOW_CTX_DAG_OWNER=Gaurav
AIRFLOW_CTX_DAG_ID=rand_user
AIRFLOW_CTX_TASK_ID=create_destination_table
AIRFLOW_CTX_EXECUTION_DATE=2023-11-23T07:21:44.757059+00:00
AIRFLOW_CTX_TRY_NUMBER=1
AIRFLOW_CTX_DAG_RUN_ID=scheduled__2023-11-23T07:21:44.757059+00:00
[2023-11-23T08:20:22.339+0000] {base.py:71} INFO - Using connection ID 'dest_conn_id' for task execution.
[2023-11-23T08:20:22.347+0000] {sql.py:315} INFO - Running statement: 
    CREATE TABLE IF NOT EXISTS rand_dest_users (
        uuid TEXT NOT NULL,
        title TEXT NOT NULL,
        firstname TEXT NOT NULL,
        lastname TEXT NOT NULL,
        gender TEXT NOT NULL,
        country TEXT NOT NULL,
        username TEXT NOT NULL,
        password TEXT NOT NULL,
        email TEXT NOT NULL,
        age INT NOT NULL
    )
    , parameters: None
[2023-11-23T08:20:22.349+0000] {postgres.py:96} INFO - NOTICE:  relation "rand_dest_users" already exists, skipping

[2023-11-23T08:20:22.361+0000] {taskinstance.py:1406} INFO - Marking task as SUCCESS. dag_id=rand_user, task_id=create_destination_table, execution_date=20231123T072144, start_date=20231123T082022, end_date=20231123T082022
[2023-11-23T08:20:22.415+0000] {local_task_job.py:164} INFO - Task exited with return code 0
[2023-11-23T08:20:22.446+0000] {local_task_job.py:273} INFO - 1 downstream tasks scheduled from follow-on schedule check
