[2023-11-23T06:18:14.125+0000] {taskinstance.py:1165} INFO - Dependencies all met for <TaskInstance: Data_transfer.store_user scheduled__2023-11-23T05:48:04.853042+00:00 [queued]>
[2023-11-23T06:18:14.138+0000] {taskinstance.py:1165} INFO - Dependencies all met for <TaskInstance: Data_transfer.store_user scheduled__2023-11-23T05:48:04.853042+00:00 [queued]>
[2023-11-23T06:18:14.139+0000] {taskinstance.py:1362} INFO - 
--------------------------------------------------------------------------------
[2023-11-23T06:18:14.139+0000] {taskinstance.py:1363} INFO - Starting attempt 1 of 3
[2023-11-23T06:18:14.140+0000] {taskinstance.py:1364} INFO - 
--------------------------------------------------------------------------------
[2023-11-23T06:18:14.157+0000] {taskinstance.py:1383} INFO - Executing <Task(PythonOperator): store_user> on 2023-11-23 05:48:04.853042+00:00
[2023-11-23T06:18:14.163+0000] {standard_task_runner.py:55} INFO - Started process 6441 to run task
[2023-11-23T06:18:14.168+0000] {standard_task_runner.py:82} INFO - Running: ['***', 'tasks', 'run', 'Data_transfer', 'store_user', 'scheduled__2023-11-23T05:48:04.853042+00:00', '--job-id', '466', '--raw', '--subdir', 'DAGS_FOLDER/data_transfer.py', '--cfg-path', '/tmp/tmpubc6lg56']
[2023-11-23T06:18:14.171+0000] {standard_task_runner.py:83} INFO - Job 466: Subtask store_user
[2023-11-23T06:18:14.237+0000] {task_command.py:376} INFO - Running <TaskInstance: Data_transfer.store_user scheduled__2023-11-23T05:48:04.853042+00:00 [running]> on host f71f95879a41
[2023-11-23T06:18:14.371+0000] {taskinstance.py:1592} INFO - Exporting the following env vars:
AIRFLOW_CTX_DAG_OWNER=Gaurav
AIRFLOW_CTX_DAG_ID=Data_transfer
AIRFLOW_CTX_TASK_ID=store_user
AIRFLOW_CTX_EXECUTION_DATE=2023-11-23T05:48:04.853042+00:00
AIRFLOW_CTX_TRY_NUMBER=1
AIRFLOW_CTX_DAG_RUN_ID=scheduled__2023-11-23T05:48:04.853042+00:00
[2023-11-23T06:18:14.374+0000] {postgres.py:129} INFO - Running copy expert: COPY table1_users FROM stdin WITH DELIMITER as ',', filename: /tmp/rand_processed_user.csv
[2023-11-23T06:18:14.410+0000] {base.py:71} INFO - Using connection ID 'postgres' for task execution.
[2023-11-23T06:18:14.424+0000] {python.py:177} INFO - Done. Returned value was: None
[2023-11-23T06:18:14.454+0000] {taskinstance.py:1406} INFO - Marking task as SUCCESS. dag_id=Data_transfer, task_id=store_user, execution_date=20231123T054804, start_date=20231123T061814, end_date=20231123T061814
[2023-11-23T06:18:14.511+0000] {local_task_job.py:164} INFO - Task exited with return code 0
[2023-11-23T06:18:14.601+0000] {local_task_job.py:273} INFO - 1 downstream tasks scheduled from follow-on schedule check
