[2023-11-14T10:41:47.158+0000] {taskinstance.py:1165} INFO - Dependencies all met for <TaskInstance: rand_user.upload_data_source manual__2023-11-14T10:41:35.499266+00:00 [queued]>
[2023-11-14T10:41:47.172+0000] {taskinstance.py:1165} INFO - Dependencies all met for <TaskInstance: rand_user.upload_data_source manual__2023-11-14T10:41:35.499266+00:00 [queued]>
[2023-11-14T10:41:47.172+0000] {taskinstance.py:1362} INFO - 
--------------------------------------------------------------------------------
[2023-11-14T10:41:47.173+0000] {taskinstance.py:1363} INFO - Starting attempt 1 of 3
[2023-11-14T10:41:47.173+0000] {taskinstance.py:1364} INFO - 
--------------------------------------------------------------------------------
[2023-11-14T10:41:47.189+0000] {taskinstance.py:1383} INFO - Executing <Task(GenericTransfer): upload_data_source> on 2023-11-14 10:41:35.499266+00:00
[2023-11-14T10:41:47.195+0000] {standard_task_runner.py:55} INFO - Started process 4055 to run task
[2023-11-14T10:41:47.200+0000] {standard_task_runner.py:82} INFO - Running: ['***', 'tasks', 'run', 'rand_user', 'upload_data_source', 'manual__2023-11-14T10:41:35.499266+00:00', '--job-id', '460', '--raw', '--subdir', 'DAGS_FOLDER/predictions.py', '--cfg-path', '/tmp/tmp0jwmpgja']
[2023-11-14T10:41:47.203+0000] {standard_task_runner.py:83} INFO - Job 460: Subtask upload_data_source
[2023-11-14T10:41:47.279+0000] {task_command.py:376} INFO - Running <TaskInstance: rand_user.upload_data_source manual__2023-11-14T10:41:35.499266+00:00 [running]> on host 91f7624ceef9
[2023-11-14T10:41:47.381+0000] {taskinstance.py:1592} INFO - Exporting the following env vars:
AIRFLOW_CTX_DAG_OWNER=Gaurav
AIRFLOW_CTX_DAG_ID=rand_user
AIRFLOW_CTX_TASK_ID=upload_data_source
AIRFLOW_CTX_EXECUTION_DATE=2023-11-14T10:41:35.499266+00:00
AIRFLOW_CTX_TRY_NUMBER=1
AIRFLOW_CTX_DAG_RUN_ID=manual__2023-11-14T10:41:35.499266+00:00
[2023-11-14T10:41:47.392+0000] {base.py:71} INFO - Using connection ID 'source_db_***' for task execution.
[2023-11-14T10:41:47.598+0000] {base.py:71} INFO - Using connection ID 'source_db_***' for task execution.
[2023-11-14T10:41:47.823+0000] {generic_transfer.py:76} INFO - Extracting data from source_db_***
[2023-11-14T10:41:47.823+0000] {generic_transfer.py:77} INFO - Executing: 
 SELECT * FROM rand_users
[2023-11-14T10:41:47.831+0000] {base.py:71} INFO - Using connection ID 'source_db_***' for task execution.
[2023-11-14T10:41:48.048+0000] {generic_transfer.py:94} INFO - Running preoperator
[2023-11-14T10:41:48.048+0000] {generic_transfer.py:95} INFO - TRUNCATE TABLE rand_users
[2023-11-14T10:41:48.056+0000] {base.py:71} INFO - Using connection ID 'source_db_***' for task execution.
[2023-11-14T10:41:48.063+0000] {sql.py:315} INFO - Running statement: TRUNCATE TABLE rand_users, parameters: None
[2023-11-14T10:41:48.075+0000] {generic_transfer.py:104} INFO - Inserting rows into source_db_***
[2023-11-14T10:41:48.083+0000] {base.py:71} INFO - Using connection ID 'source_db_***' for task execution.
[2023-11-14T10:41:48.115+0000] {sql.py:415} INFO - Done loading. Loaded a total of 32 rows
[2023-11-14T10:41:48.129+0000] {taskinstance.py:1406} INFO - Marking task as SUCCESS. dag_id=rand_user, task_id=upload_data_source, execution_date=20231114T104135, start_date=20231114T104147, end_date=20231114T104148
[2023-11-14T10:41:48.176+0000] {local_task_job.py:164} INFO - Task exited with return code 0
[2023-11-14T10:41:48.208+0000] {local_task_job.py:273} INFO - 1 downstream tasks scheduled from follow-on schedule check
