[2023-11-22T10:02:34.234+0000] {taskinstance.py:1165} INFO - Dependencies all met for <TaskInstance: Data_transfer.extract_user manual__2023-11-22T10:02:28.259167+00:00 [queued]>
[2023-11-22T10:02:34.249+0000] {taskinstance.py:1165} INFO - Dependencies all met for <TaskInstance: Data_transfer.extract_user manual__2023-11-22T10:02:28.259167+00:00 [queued]>
[2023-11-22T10:02:34.249+0000] {taskinstance.py:1362} INFO - 
--------------------------------------------------------------------------------
[2023-11-22T10:02:34.250+0000] {taskinstance.py:1363} INFO - Starting attempt 1 of 3
[2023-11-22T10:02:34.250+0000] {taskinstance.py:1364} INFO - 
--------------------------------------------------------------------------------
[2023-11-22T10:02:34.268+0000] {taskinstance.py:1383} INFO - Executing <Task(SimpleHttpOperator): extract_user> on 2023-11-22 10:02:28.259167+00:00
[2023-11-22T10:02:34.274+0000] {standard_task_runner.py:55} INFO - Started process 5951 to run task
[2023-11-22T10:02:34.280+0000] {standard_task_runner.py:82} INFO - Running: ['***', 'tasks', 'run', 'Data_transfer', 'extract_user', 'manual__2023-11-22T10:02:28.259167+00:00', '--job-id', '129', '--raw', '--subdir', 'DAGS_FOLDER/data_transfer.py', '--cfg-path', '/tmp/tmpyu0ob1i6']
[2023-11-22T10:02:34.283+0000] {standard_task_runner.py:83} INFO - Job 129: Subtask extract_user
[2023-11-22T10:02:34.373+0000] {task_command.py:376} INFO - Running <TaskInstance: Data_transfer.extract_user manual__2023-11-22T10:02:28.259167+00:00 [running]> on host f71f95879a41
[2023-11-22T10:02:34.456+0000] {taskinstance.py:1592} INFO - Exporting the following env vars:
AIRFLOW_CTX_DAG_OWNER=Gaurav
AIRFLOW_CTX_DAG_ID=Data_transfer
AIRFLOW_CTX_TASK_ID=extract_user
AIRFLOW_CTX_EXECUTION_DATE=2023-11-22T10:02:28.259167+00:00
AIRFLOW_CTX_TRY_NUMBER=1
AIRFLOW_CTX_DAG_RUN_ID=manual__2023-11-22T10:02:28.259167+00:00
[2023-11-22T10:02:34.457+0000] {http.py:121} INFO - Calling HTTP method
[2023-11-22T10:02:34.469+0000] {base.py:71} INFO - Using connection ID 'rand_user_api' for task execution.
[2023-11-22T10:02:34.471+0000] {http.py:148} INFO - Sending 'GET' to url: https://randomuser.me/api/
[2023-11-22T10:02:34.912+0000] {http.py:125} INFO - {"results":[{"gender":"female","name":{"title":"Miss","first":"پرنیا","last":"کوتی"},"location":{"street":{"number":4830,"name":"حقانی"},"city":"بوشهر","state":"آذربایجان شرقی","country":"Iran","postcode":24483,"coordinates":{"latitude":"20.1411","longitude":"51.8220"},"timezone":{"offset":"-7:00","description":"Mountain Time (US & Canada)"}},"email":"prny.khwty@example.com","login":{"uuid":"de137340-2294-47bd-9569-b0f950593b84","username":"organicpanda108","password":"halflife","salt":"kKrEU2vv","md5":"193380dbd9cf0b7ec7dd44304738e5a6","sha1":"247cd345ec6f0719a2b454d7f76635354380a605","sha256":"1d0d2683c85988fb5ab70e331cbc8bd5649eab6b9daf9f8f65e99d245f51b3b0"},"dob":{"date":"1998-09-25T17:25:35.303Z","age":25},"registered":{"date":"2014-03-25T20:46:17.097Z","age":9},"phone":"003-52753974","cell":"0964-071-6868","id":{"name":"","value":null},"picture":{"large":"https://randomuser.me/api/portraits/women/33.jpg","medium":"https://randomuser.me/api/portraits/med/women/33.jpg","thumbnail":"https://randomuser.me/api/portraits/thumb/women/33.jpg"},"nat":"IR"}],"info":{"seed":"6945745e70eb52ab","results":1,"page":1,"version":"1.4"}}
[2023-11-22T10:02:34.957+0000] {taskinstance.py:1406} INFO - Marking task as SUCCESS. dag_id=Data_transfer, task_id=extract_user, execution_date=20231122T100228, start_date=20231122T100234, end_date=20231122T100234
[2023-11-22T10:02:35.011+0000] {local_task_job.py:164} INFO - Task exited with return code 0
[2023-11-22T10:02:35.053+0000] {local_task_job.py:273} INFO - 1 downstream tasks scheduled from follow-on schedule check
