[2023-11-10T11:55:33.965+0000] {taskinstance.py:1165} INFO - Dependencies all met for <TaskInstance: rand_user.store_user manual__2023-11-10T11:55:23.632790+00:00 [queued]>
[2023-11-10T11:55:33.979+0000] {taskinstance.py:1165} INFO - Dependencies all met for <TaskInstance: rand_user.store_user manual__2023-11-10T11:55:23.632790+00:00 [queued]>
[2023-11-10T11:55:33.980+0000] {taskinstance.py:1362} INFO - 
--------------------------------------------------------------------------------
[2023-11-10T11:55:33.980+0000] {taskinstance.py:1363} INFO - Starting attempt 1 of 3
[2023-11-10T11:55:33.980+0000] {taskinstance.py:1364} INFO - 
--------------------------------------------------------------------------------
[2023-11-10T11:55:33.999+0000] {taskinstance.py:1383} INFO - Executing <Task(PythonOperator): store_user> on 2023-11-10 11:55:23.632790+00:00
[2023-11-10T11:55:34.006+0000] {standard_task_runner.py:55} INFO - Started process 7853 to run task
[2023-11-10T11:55:34.011+0000] {standard_task_runner.py:82} INFO - Running: ['***', 'tasks', 'run', 'rand_user', 'store_user', 'manual__2023-11-10T11:55:23.632790+00:00', '--job-id', '270', '--raw', '--subdir', 'DAGS_FOLDER/predictions.py', '--cfg-path', '/tmp/tmpkiwxpdhx']
[2023-11-10T11:55:34.014+0000] {standard_task_runner.py:83} INFO - Job 270: Subtask store_user
[2023-11-10T11:55:34.103+0000] {task_command.py:376} INFO - Running <TaskInstance: rand_user.store_user manual__2023-11-10T11:55:23.632790+00:00 [running]> on host 91f7624ceef9
[2023-11-10T11:55:34.193+0000] {taskinstance.py:1592} INFO - Exporting the following env vars:
AIRFLOW_CTX_DAG_OWNER=Gaurav
AIRFLOW_CTX_DAG_ID=rand_user
AIRFLOW_CTX_TASK_ID=store_user
AIRFLOW_CTX_EXECUTION_DATE=2023-11-10T11:55:23.632790+00:00
AIRFLOW_CTX_TRY_NUMBER=1
AIRFLOW_CTX_DAG_RUN_ID=manual__2023-11-10T11:55:23.632790+00:00
[2023-11-10T11:55:34.197+0000] {postgres.py:129} INFO - Running copy expert: COPY rand_users FROM stdin WITH DELIMITER as ',', filename: /tmp/processed_user.csv
[2023-11-10T11:55:34.209+0000] {base.py:71} INFO - Using connection ID 'postgres' for task execution.
[2023-11-10T11:55:34.216+0000] {python.py:177} INFO - Done. Returned value was: None
[2023-11-10T11:55:34.235+0000] {taskinstance.py:1406} INFO - Marking task as SUCCESS. dag_id=rand_user, task_id=store_user, execution_date=20231110T115523, start_date=20231110T115533, end_date=20231110T115534
[2023-11-10T11:55:34.343+0000] {local_task_job.py:164} INFO - Task exited with return code 0
[2023-11-10T11:55:34.384+0000] {local_task_job.py:273} INFO - 1 downstream tasks scheduled from follow-on schedule check
