[2023-11-23T07:14:10.220+0000] {taskinstance.py:1165} INFO - Dependencies all met for <TaskInstance: rand_user.upload_data_to_destination manual__2023-11-23T07:13:59.209732+00:00 [queued]>
[2023-11-23T07:14:10.233+0000] {taskinstance.py:1165} INFO - Dependencies all met for <TaskInstance: rand_user.upload_data_to_destination manual__2023-11-23T07:13:59.209732+00:00 [queued]>
[2023-11-23T07:14:10.233+0000] {taskinstance.py:1362} INFO - 
--------------------------------------------------------------------------------
[2023-11-23T07:14:10.233+0000] {taskinstance.py:1363} INFO - Starting attempt 1 of 3
[2023-11-23T07:14:10.234+0000] {taskinstance.py:1364} INFO - 
--------------------------------------------------------------------------------
[2023-11-23T07:14:10.254+0000] {taskinstance.py:1383} INFO - Executing <Task(GenericTransfer): upload_data_to_destination> on 2023-11-23 07:13:59.209732+00:00
[2023-11-23T07:14:10.260+0000] {standard_task_runner.py:55} INFO - Started process 9541 to run task
[2023-11-23T07:14:10.264+0000] {standard_task_runner.py:82} INFO - Running: ['***', 'tasks', 'run', 'rand_user', 'upload_data_to_destination', 'manual__2023-11-23T07:13:59.209732+00:00', '--job-id', '633', '--raw', '--subdir', 'DAGS_FOLDER/predictions.py', '--cfg-path', '/tmp/tmpf84xai9q']
[2023-11-23T07:14:10.267+0000] {standard_task_runner.py:83} INFO - Job 633: Subtask upload_data_to_destination
[2023-11-23T07:14:10.337+0000] {task_command.py:376} INFO - Running <TaskInstance: rand_user.upload_data_to_destination manual__2023-11-23T07:13:59.209732+00:00 [running]> on host f71f95879a41
[2023-11-23T07:14:10.415+0000] {taskinstance.py:1592} INFO - Exporting the following env vars:
AIRFLOW_CTX_DAG_OWNER=Gaurav
AIRFLOW_CTX_DAG_ID=rand_user
AIRFLOW_CTX_TASK_ID=upload_data_to_destination
AIRFLOW_CTX_EXECUTION_DATE=2023-11-23T07:13:59.209732+00:00
AIRFLOW_CTX_TRY_NUMBER=1
AIRFLOW_CTX_DAG_RUN_ID=manual__2023-11-23T07:13:59.209732+00:00
[2023-11-23T07:14:10.426+0000] {base.py:71} INFO - Using connection ID 'source_db_***' for task execution.
[2023-11-23T07:14:10.665+0000] {base.py:71} INFO - Using connection ID 'dest_conn_id' for task execution.
[2023-11-23T07:14:10.860+0000] {generic_transfer.py:76} INFO - Extracting data from source_db_***
[2023-11-23T07:14:10.861+0000] {generic_transfer.py:77} INFO - Executing: 
 SELECT * FROM rand_users
[2023-11-23T07:14:10.868+0000] {base.py:71} INFO - Using connection ID 'source_db_***' for task execution.
[2023-11-23T07:14:10.877+0000] {generic_transfer.py:104} INFO - Inserting rows into dest_conn_id
[2023-11-23T07:14:10.885+0000] {base.py:71} INFO - Using connection ID 'dest_conn_id' for task execution.
[2023-11-23T07:14:10.896+0000] {sql.py:415} INFO - Done loading. Loaded a total of 1 rows
[2023-11-23T07:14:10.907+0000] {taskinstance.py:1406} INFO - Marking task as SUCCESS. dag_id=rand_user, task_id=upload_data_to_destination, execution_date=20231123T071359, start_date=20231123T071410, end_date=20231123T071410
[2023-11-23T07:14:10.957+0000] {local_task_job.py:164} INFO - Task exited with return code 0
[2023-11-23T07:14:10.979+0000] {local_task_job.py:273} INFO - 0 downstream tasks scheduled from follow-on schedule check
