[2023-11-13T09:57:36.902+0000] {taskinstance.py:1165} INFO - Dependencies all met for <TaskInstance: rand_user.upload_data_Destination manual__2023-11-13T09:57:24.332327+00:00 [queued]>
[2023-11-13T09:57:36.913+0000] {taskinstance.py:1165} INFO - Dependencies all met for <TaskInstance: rand_user.upload_data_Destination manual__2023-11-13T09:57:24.332327+00:00 [queued]>
[2023-11-13T09:57:36.914+0000] {taskinstance.py:1362} INFO - 
--------------------------------------------------------------------------------
[2023-11-13T09:57:36.914+0000] {taskinstance.py:1363} INFO - Starting attempt 1 of 3
[2023-11-13T09:57:36.914+0000] {taskinstance.py:1364} INFO - 
--------------------------------------------------------------------------------
[2023-11-13T09:57:36.928+0000] {taskinstance.py:1383} INFO - Executing <Task(GenericTransfer): upload_data_Destination> on 2023-11-13 09:57:24.332327+00:00
[2023-11-13T09:57:36.934+0000] {standard_task_runner.py:55} INFO - Started process 699 to run task
[2023-11-13T09:57:36.939+0000] {standard_task_runner.py:82} INFO - Running: ['***', 'tasks', 'run', 'rand_user', 'upload_data_Destination', 'manual__2023-11-13T09:57:24.332327+00:00', '--job-id', '357', '--raw', '--subdir', 'DAGS_FOLDER/predictions.py', '--cfg-path', '/tmp/tmpitp7omr0']
[2023-11-13T09:57:36.941+0000] {standard_task_runner.py:83} INFO - Job 357: Subtask upload_data_Destination
[2023-11-13T09:57:37.004+0000] {task_command.py:376} INFO - Running <TaskInstance: rand_user.upload_data_Destination manual__2023-11-13T09:57:24.332327+00:00 [running]> on host 91f7624ceef9
[2023-11-13T09:57:37.080+0000] {taskinstance.py:1592} INFO - Exporting the following env vars:
AIRFLOW_CTX_DAG_OWNER=Gaurav
AIRFLOW_CTX_DAG_ID=rand_user
AIRFLOW_CTX_TASK_ID=upload_data_Destination
AIRFLOW_CTX_EXECUTION_DATE=2023-11-13T09:57:24.332327+00:00
AIRFLOW_CTX_TRY_NUMBER=1
AIRFLOW_CTX_DAG_RUN_ID=manual__2023-11-13T09:57:24.332327+00:00
[2023-11-13T09:57:37.090+0000] {base.py:71} INFO - Using connection ID 'postgres' for task execution.
[2023-11-13T09:57:37.283+0000] {base.py:71} INFO - Using connection ID 'source_db_***' for task execution.
[2023-11-13T09:57:37.469+0000] {generic_transfer.py:76} INFO - Extracting data from postgres
[2023-11-13T09:57:37.469+0000] {generic_transfer.py:77} INFO - Executing: 
 select * from rand_users
[2023-11-13T09:57:37.476+0000] {base.py:71} INFO - Using connection ID 'postgres' for task execution.
[2023-11-13T09:57:37.481+0000] {generic_transfer.py:104} INFO - Inserting rows into source_db_***
[2023-11-13T09:57:37.488+0000] {base.py:71} INFO - Using connection ID 'source_db_***' for task execution.
[2023-11-13T09:57:37.497+0000] {taskinstance.py:1851} ERROR - Task failed with exception
Traceback (most recent call last):
  File "/home/airflow/.local/lib/python3.7/site-packages/airflow/operators/generic_transfer.py", line 105, in execute
    insert_rows(table=self.destination_table, rows=results, **self.insert_args)
  File "/home/airflow/.local/lib/python3.7/site-packages/airflow/providers/common/sql/hooks/sql.py", line 409, in insert_rows
    cur.execute(sql, values)
psycopg2.errors.UndefinedTable: relation "rand_dest_users" does not exist
LINE 1: INSERT INTO rand_dest_users  VALUES ('male','Mr','Vincent','...
                    ^

[2023-11-13T09:57:37.517+0000] {taskinstance.py:1406} INFO - Marking task as UP_FOR_RETRY. dag_id=rand_user, task_id=upload_data_Destination, execution_date=20231113T095724, start_date=20231113T095736, end_date=20231113T095737
[2023-11-13T09:57:37.532+0000] {standard_task_runner.py:105} ERROR - Failed to execute job 357 for task upload_data_Destination (relation "rand_dest_users" does not exist
LINE 1: INSERT INTO rand_dest_users  VALUES ('male','Mr','Vincent','...
                    ^
; 699)
[2023-11-13T09:57:37.551+0000] {local_task_job.py:164} INFO - Task exited with return code 1
[2023-11-13T09:57:37.571+0000] {local_task_job.py:273} INFO - 0 downstream tasks scheduled from follow-on schedule check
