[2023-11-23T06:34:11.886+0000] {taskinstance.py:1165} INFO - Dependencies all met for <TaskInstance: rand_user.upload_data_to_destination manual__2023-11-23T06:34:01.014197+00:00 [queued]>
[2023-11-23T06:34:11.902+0000] {taskinstance.py:1165} INFO - Dependencies all met for <TaskInstance: rand_user.upload_data_to_destination manual__2023-11-23T06:34:01.014197+00:00 [queued]>
[2023-11-23T06:34:11.903+0000] {taskinstance.py:1362} INFO - 
--------------------------------------------------------------------------------
[2023-11-23T06:34:11.903+0000] {taskinstance.py:1363} INFO - Starting attempt 1 of 3
[2023-11-23T06:34:11.904+0000] {taskinstance.py:1364} INFO - 
--------------------------------------------------------------------------------
[2023-11-23T06:34:11.930+0000] {taskinstance.py:1383} INFO - Executing <Task(GenericTransfer): upload_data_to_destination> on 2023-11-23 06:34:01.014197+00:00
[2023-11-23T06:34:11.938+0000] {standard_task_runner.py:55} INFO - Started process 7299 to run task
[2023-11-23T06:34:11.943+0000] {standard_task_runner.py:82} INFO - Running: ['***', 'tasks', 'run', 'rand_user', 'upload_data_to_destination', 'manual__2023-11-23T06:34:01.014197+00:00', '--job-id', '503', '--raw', '--subdir', 'DAGS_FOLDER/predictions.py', '--cfg-path', '/tmp/tmprri_cyc1']
[2023-11-23T06:34:11.946+0000] {standard_task_runner.py:83} INFO - Job 503: Subtask upload_data_to_destination
[2023-11-23T06:34:12.021+0000] {task_command.py:376} INFO - Running <TaskInstance: rand_user.upload_data_to_destination manual__2023-11-23T06:34:01.014197+00:00 [running]> on host f71f95879a41
[2023-11-23T06:34:12.102+0000] {taskinstance.py:1592} INFO - Exporting the following env vars:
AIRFLOW_CTX_DAG_OWNER=Gaurav
AIRFLOW_CTX_DAG_ID=rand_user
AIRFLOW_CTX_TASK_ID=upload_data_to_destination
AIRFLOW_CTX_EXECUTION_DATE=2023-11-23T06:34:01.014197+00:00
AIRFLOW_CTX_TRY_NUMBER=1
AIRFLOW_CTX_DAG_RUN_ID=manual__2023-11-23T06:34:01.014197+00:00
[2023-11-23T06:34:12.115+0000] {base.py:71} INFO - Using connection ID 'source_db_***' for task execution.
[2023-11-23T06:34:12.540+0000] {base.py:71} INFO - Using connection ID 'dest_conn_id' for task execution.
[2023-11-23T06:34:12.871+0000] {generic_transfer.py:76} INFO - Extracting data from source_db_***
[2023-11-23T06:34:12.872+0000] {generic_transfer.py:77} INFO - Executing: 
 SELECT * FROM rand_users
[2023-11-23T06:34:12.882+0000] {base.py:71} INFO - Using connection ID 'source_db_***' for task execution.
[2023-11-23T06:34:12.893+0000] {generic_transfer.py:104} INFO - Inserting rows into dest_conn_id
[2023-11-23T06:34:12.901+0000] {base.py:71} INFO - Using connection ID 'dest_conn_id' for task execution.
[2023-11-23T06:34:12.913+0000] {sql.py:415} INFO - Done loading. Loaded a total of 1 rows
[2023-11-23T06:34:12.929+0000] {taskinstance.py:1406} INFO - Marking task as SUCCESS. dag_id=rand_user, task_id=upload_data_to_destination, execution_date=20231123T063401, start_date=20231123T063411, end_date=20231123T063412
[2023-11-23T06:34:12.997+0000] {local_task_job.py:164} INFO - Task exited with return code 0
[2023-11-23T06:34:13.030+0000] {local_task_job.py:273} INFO - 0 downstream tasks scheduled from follow-on schedule check
