[2023-11-23T05:49:21.838+0000] {taskinstance.py:1165} INFO - Dependencies all met for <TaskInstance: rand_user.extract_user manual__2023-11-23T05:49:16.451977+00:00 [queued]>
[2023-11-23T05:49:21.851+0000] {taskinstance.py:1165} INFO - Dependencies all met for <TaskInstance: rand_user.extract_user manual__2023-11-23T05:49:16.451977+00:00 [queued]>
[2023-11-23T05:49:21.852+0000] {taskinstance.py:1362} INFO - 
--------------------------------------------------------------------------------
[2023-11-23T05:49:21.852+0000] {taskinstance.py:1363} INFO - Starting attempt 1 of 3
[2023-11-23T05:49:21.852+0000] {taskinstance.py:1364} INFO - 
--------------------------------------------------------------------------------
[2023-11-23T05:49:21.867+0000] {taskinstance.py:1383} INFO - Executing <Task(SimpleHttpOperator): extract_user> on 2023-11-23 05:49:16.451977+00:00
[2023-11-23T05:49:21.873+0000] {standard_task_runner.py:55} INFO - Started process 4982 to run task
[2023-11-23T05:49:21.877+0000] {standard_task_runner.py:82} INFO - Running: ['***', 'tasks', 'run', 'rand_user', 'extract_user', 'manual__2023-11-23T05:49:16.451977+00:00', '--job-id', '430', '--raw', '--subdir', 'DAGS_FOLDER/predictions.py', '--cfg-path', '/tmp/tmpautjpf6j']
[2023-11-23T05:49:21.880+0000] {standard_task_runner.py:83} INFO - Job 430: Subtask extract_user
[2023-11-23T05:49:21.944+0000] {task_command.py:376} INFO - Running <TaskInstance: rand_user.extract_user manual__2023-11-23T05:49:16.451977+00:00 [running]> on host f71f95879a41
[2023-11-23T05:49:22.014+0000] {taskinstance.py:1592} INFO - Exporting the following env vars:
AIRFLOW_CTX_DAG_OWNER=Gaurav
AIRFLOW_CTX_DAG_ID=rand_user
AIRFLOW_CTX_TASK_ID=extract_user
AIRFLOW_CTX_EXECUTION_DATE=2023-11-23T05:49:16.451977+00:00
AIRFLOW_CTX_TRY_NUMBER=1
AIRFLOW_CTX_DAG_RUN_ID=manual__2023-11-23T05:49:16.451977+00:00
[2023-11-23T05:49:22.016+0000] {http.py:121} INFO - Calling HTTP method
[2023-11-23T05:49:22.025+0000] {base.py:71} INFO - Using connection ID 'rand_user_api' for task execution.
[2023-11-23T05:49:22.027+0000] {http.py:148} INFO - Sending 'GET' to url: https://randomuser.me/api/
[2023-11-23T05:49:22.554+0000] {http.py:125} INFO - {"results":[{"gender":"male","name":{"title":"Mr","first":"Lyubim","last":"Kobchenko"},"location":{"street":{"number":4246,"name":"Oleshkivska"},"city":"Kopichinci","state":"Ternopilska","country":"Ukraine","postcode":50139,"coordinates":{"latitude":"73.7583","longitude":"-154.9520"},"timezone":{"offset":"+5:30","description":"Bombay, Calcutta, Madras, New Delhi"}},"email":"lyubim.kobchenko@example.com","login":{"uuid":"76b6a6c7-769b-489d-b716-282c2e452722","username":"biggoose238","password":"hoffman","salt":"CzLUFL2S","md5":"3acf0963dab27f6b88ef414c7459674f","sha1":"97832b9cd68bf67f490ad18e2a2949c19d37ce2e","sha256":"2b7dcfc4b750ecf693a2ff16ea09f024f1fce344ff3fc9f0cd3720b10c3eed33"},"dob":{"date":"1973-07-27T19:52:02.895Z","age":50},"registered":{"date":"2005-07-10T13:52:10.002Z","age":18},"phone":"(067) X23-1411","cell":"(098) E85-9306","id":{"name":"","value":null},"picture":{"large":"https://randomuser.me/api/portraits/men/78.jpg","medium":"https://randomuser.me/api/portraits/med/men/78.jpg","thumbnail":"https://randomuser.me/api/portraits/thumb/men/78.jpg"},"nat":"UA"}],"info":{"seed":"f2160705df99f9c5","results":1,"page":1,"version":"1.4"}}
[2023-11-23T05:49:22.627+0000] {taskinstance.py:1406} INFO - Marking task as SUCCESS. dag_id=rand_user, task_id=extract_user, execution_date=20231123T054916, start_date=20231123T054921, end_date=20231123T054922
[2023-11-23T05:49:22.691+0000] {local_task_job.py:164} INFO - Task exited with return code 0
[2023-11-23T05:49:22.734+0000] {local_task_job.py:273} INFO - 1 downstream tasks scheduled from follow-on schedule check
