[2023-11-23T05:14:21.854+0000] {taskinstance.py:1165} INFO - Dependencies all met for <TaskInstance: rand_user.extract_user manual__2023-11-23T05:14:16.926438+00:00 [queued]>
[2023-11-23T05:14:21.866+0000] {taskinstance.py:1165} INFO - Dependencies all met for <TaskInstance: rand_user.extract_user manual__2023-11-23T05:14:16.926438+00:00 [queued]>
[2023-11-23T05:14:21.867+0000] {taskinstance.py:1362} INFO - 
--------------------------------------------------------------------------------
[2023-11-23T05:14:21.867+0000] {taskinstance.py:1363} INFO - Starting attempt 1 of 3
[2023-11-23T05:14:21.868+0000] {taskinstance.py:1364} INFO - 
--------------------------------------------------------------------------------
[2023-11-23T05:14:21.892+0000] {taskinstance.py:1383} INFO - Executing <Task(SimpleHttpOperator): extract_user> on 2023-11-23 05:14:16.926438+00:00
[2023-11-23T05:14:21.898+0000] {standard_task_runner.py:55} INFO - Started process 3047 to run task
[2023-11-23T05:14:21.903+0000] {standard_task_runner.py:82} INFO - Running: ['***', 'tasks', 'run', 'rand_user', 'extract_user', 'manual__2023-11-23T05:14:16.926438+00:00', '--job-id', '331', '--raw', '--subdir', 'DAGS_FOLDER/predictions.py', '--cfg-path', '/tmp/tmpmnjldpm9']
[2023-11-23T05:14:21.905+0000] {standard_task_runner.py:83} INFO - Job 331: Subtask extract_user
[2023-11-23T05:14:21.972+0000] {task_command.py:376} INFO - Running <TaskInstance: rand_user.extract_user manual__2023-11-23T05:14:16.926438+00:00 [running]> on host f71f95879a41
[2023-11-23T05:14:22.044+0000] {taskinstance.py:1592} INFO - Exporting the following env vars:
AIRFLOW_CTX_DAG_OWNER=Gaurav
AIRFLOW_CTX_DAG_ID=rand_user
AIRFLOW_CTX_TASK_ID=extract_user
AIRFLOW_CTX_EXECUTION_DATE=2023-11-23T05:14:16.926438+00:00
AIRFLOW_CTX_TRY_NUMBER=1
AIRFLOW_CTX_DAG_RUN_ID=manual__2023-11-23T05:14:16.926438+00:00
[2023-11-23T05:14:22.045+0000] {http.py:121} INFO - Calling HTTP method
[2023-11-23T05:14:22.055+0000] {base.py:71} INFO - Using connection ID 'rand_user_api' for task execution.
[2023-11-23T05:14:22.057+0000] {http.py:148} INFO - Sending 'GET' to url: https://randomuser.me/api/
[2023-11-23T05:14:22.612+0000] {http.py:125} INFO - {"results":[{"gender":"female","name":{"title":"Ms","first":"پرنیا","last":"موسوی"},"location":{"street":{"number":3910,"name":"میدان شمشیری"},"city":"اراک","state":"خراسان رضوی","country":"Iran","postcode":46673,"coordinates":{"latitude":"19.1263","longitude":"83.0610"},"timezone":{"offset":"+3:30","description":"Tehran"}},"email":"prny.mwswy@example.com","login":{"uuid":"dac96b04-61eb-44df-88b5-44dd6f347404","username":"goldenfish335","password":"pictere","salt":"e4RqZ8II","md5":"09bea14344e6b0beedbb04e066b05a7a","sha1":"70dac159f3fc4cdc37c1ac23088e1467b1121170","sha256":"0d75e6ae1aa13c6a002329df252ca7a72b3a429949bebf16735aae001b6fe64b"},"dob":{"date":"1991-10-28T12:19:53.894Z","age":32},"registered":{"date":"2019-06-21T23:46:27.179Z","age":4},"phone":"091-24202218","cell":"0997-242-5727","id":{"name":"","value":null},"picture":{"large":"https://randomuser.me/api/portraits/women/41.jpg","medium":"https://randomuser.me/api/portraits/med/women/41.jpg","thumbnail":"https://randomuser.me/api/portraits/thumb/women/41.jpg"},"nat":"IR"}],"info":{"seed":"cd90afa42d9d8096","results":1,"page":1,"version":"1.4"}}
[2023-11-23T05:14:22.694+0000] {taskinstance.py:1406} INFO - Marking task as SUCCESS. dag_id=rand_user, task_id=extract_user, execution_date=20231123T051416, start_date=20231123T051421, end_date=20231123T051422
[2023-11-23T05:14:22.758+0000] {local_task_job.py:164} INFO - Task exited with return code 0
[2023-11-23T05:14:22.796+0000] {local_task_job.py:273} INFO - 1 downstream tasks scheduled from follow-on schedule check
