[2023-11-13T10:03:51.116+0000] {taskinstance.py:1165} INFO - Dependencies all met for <TaskInstance: rand_user.extract_user manual__2023-11-13T10:03:45.019089+00:00 [queued]>
[2023-11-13T10:03:51.131+0000] {taskinstance.py:1165} INFO - Dependencies all met for <TaskInstance: rand_user.extract_user manual__2023-11-13T10:03:45.019089+00:00 [queued]>
[2023-11-13T10:03:51.132+0000] {taskinstance.py:1362} INFO - 
--------------------------------------------------------------------------------
[2023-11-13T10:03:51.132+0000] {taskinstance.py:1363} INFO - Starting attempt 1 of 3
[2023-11-13T10:03:51.132+0000] {taskinstance.py:1364} INFO - 
--------------------------------------------------------------------------------
[2023-11-13T10:03:51.151+0000] {taskinstance.py:1383} INFO - Executing <Task(SimpleHttpOperator): extract_user> on 2023-11-13 10:03:45.019089+00:00
[2023-11-13T10:03:51.160+0000] {standard_task_runner.py:55} INFO - Started process 1036 to run task
[2023-11-13T10:03:51.165+0000] {standard_task_runner.py:82} INFO - Running: ['***', 'tasks', 'run', 'rand_user', 'extract_user', 'manual__2023-11-13T10:03:45.019089+00:00', '--job-id', '370', '--raw', '--subdir', 'DAGS_FOLDER/predictions.py', '--cfg-path', '/tmp/tmpuolh1hdn']
[2023-11-13T10:03:51.167+0000] {standard_task_runner.py:83} INFO - Job 370: Subtask extract_user
[2023-11-13T10:03:51.252+0000] {task_command.py:376} INFO - Running <TaskInstance: rand_user.extract_user manual__2023-11-13T10:03:45.019089+00:00 [running]> on host 91f7624ceef9
[2023-11-13T10:03:51.348+0000] {taskinstance.py:1592} INFO - Exporting the following env vars:
AIRFLOW_CTX_DAG_OWNER=Gaurav
AIRFLOW_CTX_DAG_ID=rand_user
AIRFLOW_CTX_TASK_ID=extract_user
AIRFLOW_CTX_EXECUTION_DATE=2023-11-13T10:03:45.019089+00:00
AIRFLOW_CTX_TRY_NUMBER=1
AIRFLOW_CTX_DAG_RUN_ID=manual__2023-11-13T10:03:45.019089+00:00
[2023-11-13T10:03:51.349+0000] {http.py:121} INFO - Calling HTTP method
[2023-11-13T10:03:51.359+0000] {base.py:71} INFO - Using connection ID 'rand_user' for task execution.
[2023-11-13T10:03:51.361+0000] {http.py:148} INFO - Sending 'GET' to url: https://randomuser.me/api/
[2023-11-13T10:03:51.832+0000] {http.py:125} INFO - {"results":[{"gender":"male","name":{"title":"Mr","first":"Kuybida","last":"Kayda"},"location":{"street":{"number":6098,"name":"Bogunska"},"city":"Novoyavorivsk","state":"Sumska","country":"Ukraine","postcode":55631,"coordinates":{"latitude":"75.6667","longitude":"-146.0920"},"timezone":{"offset":"+8:00","description":"Beijing, Perth, Singapore, Hong Kong"}},"email":"kuybida.kayda@example.com","login":{"uuid":"75d919b8-4ce0-4b0a-8b93-0fe0afc18474","username":"purpleduck103","password":"rang","salt":"sV6aTbQa","md5":"4bcc3b46e9a1993f6b78f09ae6efd70a","sha1":"50617013b79c6c47eb21f9d56429702e49b0a574","sha256":"3f3115bc0e4242d4081e04e60f751d44269b674ac74730c1b76098866c6a8f93"},"dob":{"date":"2000-07-02T03:22:23.457Z","age":23},"registered":{"date":"2020-07-14T01:22:14.327Z","age":3},"phone":"(097) Z80-5242","cell":"(066) Z26-4876","id":{"name":"","value":null},"picture":{"large":"https://randomuser.me/api/portraits/men/1.jpg","medium":"https://randomuser.me/api/portraits/med/men/1.jpg","thumbnail":"https://randomuser.me/api/portraits/thumb/men/1.jpg"},"nat":"UA"}],"info":{"seed":"374cd7e122241b98","results":1,"page":1,"version":"1.4"}}
[2023-11-13T10:03:51.872+0000] {taskinstance.py:1406} INFO - Marking task as SUCCESS. dag_id=rand_user, task_id=extract_user, execution_date=20231113T100345, start_date=20231113T100351, end_date=20231113T100351
[2023-11-13T10:03:51.898+0000] {local_task_job.py:164} INFO - Task exited with return code 0
[2023-11-13T10:03:51.929+0000] {local_task_job.py:273} INFO - 1 downstream tasks scheduled from follow-on schedule check
