[2023-11-22T05:46:05.995+0000] {taskinstance.py:1165} INFO - Dependencies all met for <TaskInstance: rand_user.store_user manual__2023-11-22T05:45:53.844169+00:00 [queued]>
[2023-11-22T05:46:06.017+0000] {taskinstance.py:1165} INFO - Dependencies all met for <TaskInstance: rand_user.store_user manual__2023-11-22T05:45:53.844169+00:00 [queued]>
[2023-11-22T05:46:06.017+0000] {taskinstance.py:1362} INFO - 
--------------------------------------------------------------------------------
[2023-11-22T05:46:06.018+0000] {taskinstance.py:1363} INFO - Starting attempt 1 of 3
[2023-11-22T05:46:06.018+0000] {taskinstance.py:1364} INFO - 
--------------------------------------------------------------------------------
[2023-11-22T05:46:06.047+0000] {taskinstance.py:1383} INFO - Executing <Task(PythonOperator): store_user> on 2023-11-22 05:45:53.844169+00:00
[2023-11-22T05:46:06.056+0000] {standard_task_runner.py:55} INFO - Started process 6291 to run task
[2023-11-22T05:46:06.064+0000] {standard_task_runner.py:82} INFO - Running: ['***', 'tasks', 'run', 'rand_user', 'store_user', 'manual__2023-11-22T05:45:53.844169+00:00', '--job-id', '710', '--raw', '--subdir', 'DAGS_FOLDER/predictions.py', '--cfg-path', '/tmp/tmptsohrgbk']
[2023-11-22T05:46:06.067+0000] {standard_task_runner.py:83} INFO - Job 710: Subtask store_user
[2023-11-22T05:46:06.173+0000] {task_command.py:376} INFO - Running <TaskInstance: rand_user.store_user manual__2023-11-22T05:45:53.844169+00:00 [running]> on host 91f7624ceef9
[2023-11-22T05:46:06.284+0000] {taskinstance.py:1592} INFO - Exporting the following env vars:
AIRFLOW_CTX_DAG_OWNER=Gaurav
AIRFLOW_CTX_DAG_ID=rand_user
AIRFLOW_CTX_TASK_ID=store_user
AIRFLOW_CTX_EXECUTION_DATE=2023-11-22T05:45:53.844169+00:00
AIRFLOW_CTX_TRY_NUMBER=1
AIRFLOW_CTX_DAG_RUN_ID=manual__2023-11-22T05:45:53.844169+00:00
[2023-11-22T05:46:06.286+0000] {postgres.py:129} INFO - Running copy expert: COPY rand_users FROM stdin WITH DELIMITER as ',', filename: /tmp/processed_user.csv
[2023-11-22T05:46:06.302+0000] {base.py:71} INFO - Using connection ID 'postgres' for task execution.
[2023-11-22T05:46:06.312+0000] {python.py:177} INFO - Done. Returned value was: None
[2023-11-22T05:46:06.328+0000] {taskinstance.py:1406} INFO - Marking task as SUCCESS. dag_id=rand_user, task_id=store_user, execution_date=20231122T054553, start_date=20231122T054605, end_date=20231122T054606
[2023-11-22T05:46:06.395+0000] {local_task_job.py:164} INFO - Task exited with return code 0
[2023-11-22T05:46:06.445+0000] {local_task_job.py:273} INFO - 1 downstream tasks scheduled from follow-on schedule check
