[2023-11-22T06:25:14.795+0000] {taskinstance.py:1165} INFO - Dependencies all met for <TaskInstance: rand_user.is_api_available manual__2023-11-22T06:24:08.969752+00:00 [queued]>
[2023-11-22T06:25:14.815+0000] {taskinstance.py:1165} INFO - Dependencies all met for <TaskInstance: rand_user.is_api_available manual__2023-11-22T06:24:08.969752+00:00 [queued]>
[2023-11-22T06:25:14.815+0000] {taskinstance.py:1362} INFO - 
--------------------------------------------------------------------------------
[2023-11-22T06:25:14.816+0000] {taskinstance.py:1363} INFO - Starting attempt 1 of 3
[2023-11-22T06:25:14.816+0000] {taskinstance.py:1364} INFO - 
--------------------------------------------------------------------------------
[2023-11-22T06:25:14.842+0000] {taskinstance.py:1383} INFO - Executing <Task(HttpSensor): is_api_available> on 2023-11-22 06:24:08.969752+00:00
[2023-11-22T06:25:14.851+0000] {standard_task_runner.py:55} INFO - Started process 579 to run task
[2023-11-22T06:25:14.860+0000] {standard_task_runner.py:82} INFO - Running: ['***', 'tasks', 'run', 'rand_user', 'is_api_available', 'manual__2023-11-22T06:24:08.969752+00:00', '--job-id', '11', '--raw', '--subdir', 'DAGS_FOLDER/predictions.py', '--cfg-path', '/tmp/tmplq3r15av']
[2023-11-22T06:25:14.864+0000] {standard_task_runner.py:83} INFO - Job 11: Subtask is_api_available
[2023-11-22T06:25:14.971+0000] {task_command.py:376} INFO - Running <TaskInstance: rand_user.is_api_available manual__2023-11-22T06:24:08.969752+00:00 [running]> on host e4a6f7cdd654
[2023-11-22T06:25:15.095+0000] {taskinstance.py:1592} INFO - Exporting the following env vars:
AIRFLOW_CTX_DAG_OWNER=Gaurav
AIRFLOW_CTX_DAG_ID=rand_user
AIRFLOW_CTX_TASK_ID=is_api_available
AIRFLOW_CTX_EXECUTION_DATE=2023-11-22T06:24:08.969752+00:00
AIRFLOW_CTX_TRY_NUMBER=1
AIRFLOW_CTX_DAG_RUN_ID=manual__2023-11-22T06:24:08.969752+00:00
[2023-11-22T06:25:15.097+0000] {http.py:120} INFO - Poking: api/
[2023-11-22T06:25:15.113+0000] {base.py:71} INFO - Using connection ID 'rand_user' for task execution.
[2023-11-22T06:25:15.116+0000] {http.py:148} INFO - Sending 'GET' to url: https://randomuser.me/api/api/
[2023-11-22T06:25:15.586+0000] {http.py:161} ERROR - HTTP error: Not Found
[2023-11-22T06:25:15.587+0000] {http.py:162} ERROR - Not Found
[2023-11-22T06:26:15.637+0000] {http.py:120} INFO - Poking: api/
[2023-11-22T06:26:15.650+0000] {base.py:71} INFO - Using connection ID 'rand_user' for task execution.
[2023-11-22T06:26:15.652+0000] {http.py:148} INFO - Sending 'GET' to url: https://randomuser.me/api/api/
[2023-11-22T06:26:16.075+0000] {http.py:161} ERROR - HTTP error: Not Found
[2023-11-22T06:26:16.075+0000] {http.py:162} ERROR - Not Found
[2023-11-22T06:27:16.088+0000] {http.py:120} INFO - Poking: api/
[2023-11-22T06:27:16.100+0000] {base.py:71} INFO - Using connection ID 'rand_user' for task execution.
[2023-11-22T06:27:16.102+0000] {http.py:148} INFO - Sending 'GET' to url: https://randomuser.me/api/
[2023-11-22T06:27:16.511+0000] {base.py:213} INFO - Success criteria met. Exiting.
[2023-11-22T06:27:16.542+0000] {taskinstance.py:1406} INFO - Marking task as SUCCESS. dag_id=rand_user, task_id=is_api_available, execution_date=20231122T062408, start_date=20231122T062514, end_date=20231122T062716
[2023-11-22T06:27:16.592+0000] {local_task_job.py:164} INFO - Task exited with return code 0
[2023-11-22T06:27:16.676+0000] {local_task_job.py:273} INFO - 1 downstream tasks scheduled from follow-on schedule check
