[2023-11-23T05:48:11.835+0000] {taskinstance.py:1165} INFO - Dependencies all met for <TaskInstance: Data_transfer.process_user scheduled__2023-11-23T05:18:04.853042+00:00 [queued]>
[2023-11-23T05:48:11.850+0000] {taskinstance.py:1165} INFO - Dependencies all met for <TaskInstance: Data_transfer.process_user scheduled__2023-11-23T05:18:04.853042+00:00 [queued]>
[2023-11-23T05:48:11.850+0000] {taskinstance.py:1362} INFO - 
--------------------------------------------------------------------------------
[2023-11-23T05:48:11.851+0000] {taskinstance.py:1363} INFO - Starting attempt 1 of 3
[2023-11-23T05:48:11.852+0000] {taskinstance.py:1364} INFO - 
--------------------------------------------------------------------------------
[2023-11-23T05:48:11.876+0000] {taskinstance.py:1383} INFO - Executing <Task(PythonOperator): process_user> on 2023-11-23 05:18:04.853042+00:00
[2023-11-23T05:48:11.885+0000] {standard_task_runner.py:55} INFO - Started process 4904 to run task
[2023-11-23T05:48:11.891+0000] {standard_task_runner.py:82} INFO - Running: ['***', 'tasks', 'run', 'Data_transfer', 'process_user', 'scheduled__2023-11-23T05:18:04.853042+00:00', '--job-id', '422', '--raw', '--subdir', 'DAGS_FOLDER/data_transfer.py', '--cfg-path', '/tmp/tmpbe5ypp_l']
[2023-11-23T05:48:11.893+0000] {standard_task_runner.py:83} INFO - Job 422: Subtask process_user
[2023-11-23T05:48:11.973+0000] {task_command.py:376} INFO - Running <TaskInstance: Data_transfer.process_user scheduled__2023-11-23T05:18:04.853042+00:00 [running]> on host f71f95879a41
[2023-11-23T05:48:12.060+0000] {taskinstance.py:1592} INFO - Exporting the following env vars:
AIRFLOW_CTX_DAG_OWNER=Gaurav
AIRFLOW_CTX_DAG_ID=Data_transfer
AIRFLOW_CTX_TASK_ID=process_user
AIRFLOW_CTX_EXECUTION_DATE=2023-11-23T05:18:04.853042+00:00
AIRFLOW_CTX_TRY_NUMBER=1
AIRFLOW_CTX_DAG_RUN_ID=scheduled__2023-11-23T05:18:04.853042+00:00
[2023-11-23T05:48:12.082+0000] {python.py:177} INFO - Done. Returned value was: None
[2023-11-23T05:48:12.097+0000] {taskinstance.py:1406} INFO - Marking task as SUCCESS. dag_id=Data_transfer, task_id=process_user, execution_date=20231123T051804, start_date=20231123T054811, end_date=20231123T054812
[2023-11-23T05:48:12.142+0000] {local_task_job.py:164} INFO - Task exited with return code 0
[2023-11-23T05:48:12.196+0000] {local_task_job.py:273} INFO - 1 downstream tasks scheduled from follow-on schedule check
