[2023-11-22T04:06:14.205+0000] {taskinstance.py:1165} INFO - Dependencies all met for <TaskInstance: rand_user.upload_data_source scheduled__2023-11-21T00:00:00+00:00 [queued]>
[2023-11-22T04:06:14.225+0000] {taskinstance.py:1165} INFO - Dependencies all met for <TaskInstance: rand_user.upload_data_source scheduled__2023-11-21T00:00:00+00:00 [queued]>
[2023-11-22T04:06:14.226+0000] {taskinstance.py:1362} INFO - 
--------------------------------------------------------------------------------
[2023-11-22T04:06:14.226+0000] {taskinstance.py:1363} INFO - Starting attempt 1 of 3
[2023-11-22T04:06:14.227+0000] {taskinstance.py:1364} INFO - 
--------------------------------------------------------------------------------
[2023-11-22T04:06:14.250+0000] {taskinstance.py:1383} INFO - Executing <Task(GenericTransfer): upload_data_source> on 2023-11-21 00:00:00+00:00
[2023-11-22T04:06:14.259+0000] {standard_task_runner.py:55} INFO - Started process 1458 to run task
[2023-11-22T04:06:14.265+0000] {standard_task_runner.py:82} INFO - Running: ['***', 'tasks', 'run', 'rand_user', 'upload_data_source', 'scheduled__2023-11-21T00:00:00+00:00', '--job-id', '557', '--raw', '--subdir', 'DAGS_FOLDER/predictions.py', '--cfg-path', '/tmp/tmpu9f66d2x']
[2023-11-22T04:06:14.269+0000] {standard_task_runner.py:83} INFO - Job 557: Subtask upload_data_source
[2023-11-22T04:06:14.381+0000] {task_command.py:376} INFO - Running <TaskInstance: rand_user.upload_data_source scheduled__2023-11-21T00:00:00+00:00 [running]> on host 91f7624ceef9
[2023-11-22T04:06:14.511+0000] {taskinstance.py:1592} INFO - Exporting the following env vars:
AIRFLOW_CTX_DAG_OWNER=Gaurav
AIRFLOW_CTX_DAG_ID=rand_user
AIRFLOW_CTX_TASK_ID=upload_data_source
AIRFLOW_CTX_EXECUTION_DATE=2023-11-21T00:00:00+00:00
AIRFLOW_CTX_TRY_NUMBER=1
AIRFLOW_CTX_DAG_RUN_ID=scheduled__2023-11-21T00:00:00+00:00
[2023-11-22T04:06:14.526+0000] {base.py:71} INFO - Using connection ID 'postgres' for task execution.
[2023-11-22T04:06:15.032+0000] {base.py:71} INFO - Using connection ID 'source_db_***' for task execution.
[2023-11-22T04:06:15.358+0000] {generic_transfer.py:76} INFO - Extracting data from postgres
[2023-11-22T04:06:15.360+0000] {generic_transfer.py:77} INFO - Executing: 
 SELECT * FROM rand_users
[2023-11-22T04:06:15.374+0000] {base.py:71} INFO - Using connection ID 'postgres' for task execution.
[2023-11-22T04:06:15.382+0000] {generic_transfer.py:94} INFO - Running preoperator
[2023-11-22T04:06:15.383+0000] {generic_transfer.py:95} INFO - TRUNCATE TABLE rand_users
[2023-11-22T04:06:15.395+0000] {base.py:71} INFO - Using connection ID 'source_db_***' for task execution.
[2023-11-22T04:06:15.403+0000] {sql.py:315} INFO - Running statement: TRUNCATE TABLE rand_users, parameters: None
[2023-11-22T04:06:15.899+0000] {generic_transfer.py:104} INFO - Inserting rows into source_db_***
[2023-11-22T04:06:15.909+0000] {base.py:71} INFO - Using connection ID 'source_db_***' for task execution.
[2023-11-22T04:06:15.956+0000] {sql.py:415} INFO - Done loading. Loaded a total of 36 rows
[2023-11-22T04:06:15.974+0000] {taskinstance.py:1406} INFO - Marking task as SUCCESS. dag_id=rand_user, task_id=upload_data_source, execution_date=20231121T000000, start_date=20231122T040614, end_date=20231122T040615
[2023-11-22T04:06:16.043+0000] {local_task_job.py:164} INFO - Task exited with return code 0
[2023-11-22T04:06:16.079+0000] {local_task_job.py:273} INFO - 1 downstream tasks scheduled from follow-on schedule check
