[2023-11-22T09:40:34.912+0000] {taskinstance.py:1165} INFO - Dependencies all met for <TaskInstance: Data_transfer.upload_data_source scheduled__2023-11-22T09:10:23.870064+00:00 [queued]>
[2023-11-22T09:40:34.924+0000] {taskinstance.py:1165} INFO - Dependencies all met for <TaskInstance: Data_transfer.upload_data_source scheduled__2023-11-22T09:10:23.870064+00:00 [queued]>
[2023-11-22T09:40:34.925+0000] {taskinstance.py:1362} INFO - 
--------------------------------------------------------------------------------
[2023-11-22T09:40:34.925+0000] {taskinstance.py:1363} INFO - Starting attempt 1 of 3
[2023-11-22T09:40:34.925+0000] {taskinstance.py:1364} INFO - 
--------------------------------------------------------------------------------
[2023-11-22T09:40:34.943+0000] {taskinstance.py:1383} INFO - Executing <Task(GenericTransfer): upload_data_source> on 2023-11-22 09:10:23.870064+00:00
[2023-11-22T09:40:34.950+0000] {standard_task_runner.py:55} INFO - Started process 4854 to run task
[2023-11-22T09:40:34.955+0000] {standard_task_runner.py:82} INFO - Running: ['***', 'tasks', 'run', 'Data_transfer', 'upload_data_source', 'scheduled__2023-11-22T09:10:23.870064+00:00', '--job-id', '108', '--raw', '--subdir', 'DAGS_FOLDER/data_transfer.py', '--cfg-path', '/tmp/tmp3kb8z4dq']
[2023-11-22T09:40:34.957+0000] {standard_task_runner.py:83} INFO - Job 108: Subtask upload_data_source
[2023-11-22T09:40:35.035+0000] {task_command.py:376} INFO - Running <TaskInstance: Data_transfer.upload_data_source scheduled__2023-11-22T09:10:23.870064+00:00 [running]> on host f71f95879a41
[2023-11-22T09:40:35.250+0000] {taskinstance.py:1592} INFO - Exporting the following env vars:
AIRFLOW_CTX_DAG_OWNER=Gaurav
AIRFLOW_CTX_DAG_ID=Data_transfer
AIRFLOW_CTX_TASK_ID=upload_data_source
AIRFLOW_CTX_EXECUTION_DATE=2023-11-22T09:10:23.870064+00:00
AIRFLOW_CTX_TRY_NUMBER=1
AIRFLOW_CTX_DAG_RUN_ID=scheduled__2023-11-22T09:10:23.870064+00:00
[2023-11-22T09:40:35.271+0000] {base.py:71} INFO - Using connection ID 'postgres' for task execution.
[2023-11-22T09:40:35.551+0000] {base.py:71} INFO - Using connection ID 'source_db_***' for task execution.
[2023-11-22T09:40:35.801+0000] {generic_transfer.py:76} INFO - Extracting data from postgres
[2023-11-22T09:40:35.802+0000] {generic_transfer.py:77} INFO - Executing: 
 SELECT * FROM table1_users
[2023-11-22T09:40:35.810+0000] {base.py:71} INFO - Using connection ID 'postgres' for task execution.
[2023-11-22T09:40:35.816+0000] {generic_transfer.py:94} INFO - Running preoperator
[2023-11-22T09:40:35.816+0000] {generic_transfer.py:95} INFO - TRUNCATE TABLE table1_users
[2023-11-22T09:40:35.823+0000] {base.py:71} INFO - Using connection ID 'source_db_***' for task execution.
[2023-11-22T09:40:35.831+0000] {sql.py:315} INFO - Running statement: TRUNCATE TABLE table1_users, parameters: None
[2023-11-22T09:40:35.856+0000] {generic_transfer.py:104} INFO - Inserting rows into source_db_***
[2023-11-22T09:40:35.872+0000] {base.py:71} INFO - Using connection ID 'source_db_***' for task execution.
[2023-11-22T09:40:35.914+0000] {sql.py:415} INFO - Done loading. Loaded a total of 5 rows
[2023-11-22T09:40:35.947+0000] {taskinstance.py:1406} INFO - Marking task as SUCCESS. dag_id=Data_transfer, task_id=upload_data_source, execution_date=20231122T091023, start_date=20231122T094034, end_date=20231122T094035
[2023-11-22T09:40:36.032+0000] {local_task_job.py:164} INFO - Task exited with return code 0
[2023-11-22T09:40:36.060+0000] {local_task_job.py:273} INFO - 1 downstream tasks scheduled from follow-on schedule check
