[2023-11-23T05:28:11.072+0000] {taskinstance.py:1165} INFO - Dependencies all met for <TaskInstance: rand_user.extract_user manual__2023-11-23T05:28:05.748889+00:00 [queued]>
[2023-11-23T05:28:11.085+0000] {taskinstance.py:1165} INFO - Dependencies all met for <TaskInstance: rand_user.extract_user manual__2023-11-23T05:28:05.748889+00:00 [queued]>
[2023-11-23T05:28:11.085+0000] {taskinstance.py:1362} INFO - 
--------------------------------------------------------------------------------
[2023-11-23T05:28:11.086+0000] {taskinstance.py:1363} INFO - Starting attempt 1 of 3
[2023-11-23T05:28:11.086+0000] {taskinstance.py:1364} INFO - 
--------------------------------------------------------------------------------
[2023-11-23T05:28:11.100+0000] {taskinstance.py:1383} INFO - Executing <Task(SimpleHttpOperator): extract_user> on 2023-11-23 05:28:05.748889+00:00
[2023-11-23T05:28:11.105+0000] {standard_task_runner.py:55} INFO - Started process 3833 to run task
[2023-11-23T05:28:11.110+0000] {standard_task_runner.py:82} INFO - Running: ['***', 'tasks', 'run', 'rand_user', 'extract_user', 'manual__2023-11-23T05:28:05.748889+00:00', '--job-id', '377', '--raw', '--subdir', 'DAGS_FOLDER/predictions.py', '--cfg-path', '/tmp/tmp9b6e6rcq']
[2023-11-23T05:28:11.112+0000] {standard_task_runner.py:83} INFO - Job 377: Subtask extract_user
[2023-11-23T05:28:11.185+0000] {task_command.py:376} INFO - Running <TaskInstance: rand_user.extract_user manual__2023-11-23T05:28:05.748889+00:00 [running]> on host f71f95879a41
[2023-11-23T05:28:11.266+0000] {taskinstance.py:1592} INFO - Exporting the following env vars:
AIRFLOW_CTX_DAG_OWNER=Gaurav
AIRFLOW_CTX_DAG_ID=rand_user
AIRFLOW_CTX_TASK_ID=extract_user
AIRFLOW_CTX_EXECUTION_DATE=2023-11-23T05:28:05.748889+00:00
AIRFLOW_CTX_TRY_NUMBER=1
AIRFLOW_CTX_DAG_RUN_ID=manual__2023-11-23T05:28:05.748889+00:00
[2023-11-23T05:28:11.267+0000] {http.py:121} INFO - Calling HTTP method
[2023-11-23T05:28:11.278+0000] {base.py:71} INFO - Using connection ID 'rand_user_api' for task execution.
[2023-11-23T05:28:11.280+0000] {http.py:148} INFO - Sending 'GET' to url: https://randomuser.me/api/
[2023-11-23T05:28:11.742+0000] {http.py:125} INFO - {"results":[{"gender":"female","name":{"title":"Mrs","first":"Pippa","last":"Edwards"},"location":{"street":{"number":4947,"name":"Memorial Avenue"},"city":"Auckland","state":"Southland","country":"New Zealand","postcode":38470,"coordinates":{"latitude":"54.0450","longitude":"153.4202"},"timezone":{"offset":"+9:00","description":"Tokyo, Seoul, Osaka, Sapporo, Yakutsk"}},"email":"pippa.edwards@example.com","login":{"uuid":"c28e780a-5773-4e58-a428-52fd27dee2fb","username":"lazygoose245","password":"bubba","salt":"ECl4xGkp","md5":"cced3d651864c56193348701532747f0","sha1":"419aaa08e82b8fb418ccad9e3b3be1b9110e776c","sha256":"3eed1bfe9c828db00e646b951774c81664684d6da8ae1c85a4bfc8bc57dc7241"},"dob":{"date":"1998-09-09T05:17:30.854Z","age":25},"registered":{"date":"2019-05-12T04:53:18.109Z","age":4},"phone":"(489)-919-6694","cell":"(587)-362-6415","id":{"name":"","value":null},"picture":{"large":"https://randomuser.me/api/portraits/women/14.jpg","medium":"https://randomuser.me/api/portraits/med/women/14.jpg","thumbnail":"https://randomuser.me/api/portraits/thumb/women/14.jpg"},"nat":"NZ"}],"info":{"seed":"2f5d6488c49a5b11","results":1,"page":1,"version":"1.4"}}
[2023-11-23T05:28:11.805+0000] {taskinstance.py:1406} INFO - Marking task as SUCCESS. dag_id=rand_user, task_id=extract_user, execution_date=20231123T052805, start_date=20231123T052811, end_date=20231123T052811
[2023-11-23T05:28:11.844+0000] {local_task_job.py:164} INFO - Task exited with return code 0
[2023-11-23T05:28:11.876+0000] {local_task_job.py:273} INFO - 1 downstream tasks scheduled from follow-on schedule check
