[2023-11-10T05:10:48.816+0000] {taskinstance.py:1165} INFO - Dependencies all met for <TaskInstance: US_population.extract_user manual__2023-11-10T05:10:41.320479+00:00 [queued]>
[2023-11-10T05:10:48.843+0000] {taskinstance.py:1165} INFO - Dependencies all met for <TaskInstance: US_population.extract_user manual__2023-11-10T05:10:41.320479+00:00 [queued]>
[2023-11-10T05:10:48.844+0000] {taskinstance.py:1362} INFO - 
--------------------------------------------------------------------------------
[2023-11-10T05:10:48.845+0000] {taskinstance.py:1363} INFO - Starting attempt 1 of 3
[2023-11-10T05:10:48.845+0000] {taskinstance.py:1364} INFO - 
--------------------------------------------------------------------------------
[2023-11-10T05:10:48.894+0000] {taskinstance.py:1383} INFO - Executing <Task(SimpleHttpOperator): extract_user> on 2023-11-10 05:10:41.320479+00:00
[2023-11-10T05:10:48.906+0000] {standard_task_runner.py:55} INFO - Started process 2620 to run task
[2023-11-10T05:10:48.914+0000] {standard_task_runner.py:82} INFO - Running: ['***', 'tasks', 'run', 'US_population', 'extract_user', 'manual__2023-11-10T05:10:41.320479+00:00', '--job-id', '108', '--raw', '--subdir', 'DAGS_FOLDER/predictions.py', '--cfg-path', '/tmp/tmps1je4pl4']
[2023-11-10T05:10:48.917+0000] {standard_task_runner.py:83} INFO - Job 108: Subtask extract_user
[2023-11-10T05:10:49.062+0000] {task_command.py:376} INFO - Running <TaskInstance: US_population.extract_user manual__2023-11-10T05:10:41.320479+00:00 [running]> on host 91f7624ceef9
[2023-11-10T05:10:49.195+0000] {taskinstance.py:1592} INFO - Exporting the following env vars:
AIRFLOW_CTX_DAG_OWNER=Gaurav
AIRFLOW_CTX_DAG_ID=US_population
AIRFLOW_CTX_TASK_ID=extract_user
AIRFLOW_CTX_EXECUTION_DATE=2023-11-10T05:10:41.320479+00:00
AIRFLOW_CTX_TRY_NUMBER=1
AIRFLOW_CTX_DAG_RUN_ID=manual__2023-11-10T05:10:41.320479+00:00
[2023-11-10T05:10:49.197+0000] {http.py:121} INFO - Calling HTTP method
[2023-11-10T05:10:49.216+0000] {base.py:71} INFO - Using connection ID 'us_population_API' for task execution.
[2023-11-10T05:10:49.220+0000] {http.py:148} INFO - Sending 'GET' to url: https://datausa.io/api/data?drilldowns=Nation&measures=Population/api/
[2023-11-10T05:10:49.703+0000] {http.py:125} INFO - {"data":[],"source":[]}
[2023-11-10T05:10:49.765+0000] {taskinstance.py:1406} INFO - Marking task as SUCCESS. dag_id=US_population, task_id=extract_user, execution_date=20231110T051041, start_date=20231110T051048, end_date=20231110T051049
[2023-11-10T05:10:49.807+0000] {local_task_job.py:164} INFO - Task exited with return code 0
[2023-11-10T05:10:49.862+0000] {local_task_job.py:273} INFO - 1 downstream tasks scheduled from follow-on schedule check
