[2023-11-23T05:43:36.157+0000] {taskinstance.py:1165} INFO - Dependencies all met for <TaskInstance: rand_user.upload_data_to_destination manual__2023-11-23T05:43:24.862930+00:00 [queued]>
[2023-11-23T05:43:36.172+0000] {taskinstance.py:1165} INFO - Dependencies all met for <TaskInstance: rand_user.upload_data_to_destination manual__2023-11-23T05:43:24.862930+00:00 [queued]>
[2023-11-23T05:43:36.172+0000] {taskinstance.py:1362} INFO - 
--------------------------------------------------------------------------------
[2023-11-23T05:43:36.173+0000] {taskinstance.py:1363} INFO - Starting attempt 1 of 3
[2023-11-23T05:43:36.173+0000] {taskinstance.py:1364} INFO - 
--------------------------------------------------------------------------------
[2023-11-23T05:43:36.189+0000] {taskinstance.py:1383} INFO - Executing <Task(GenericTransfer): upload_data_to_destination> on 2023-11-23 05:43:24.862930+00:00
[2023-11-23T05:43:36.195+0000] {standard_task_runner.py:55} INFO - Started process 4676 to run task
[2023-11-23T05:43:36.200+0000] {standard_task_runner.py:82} INFO - Running: ['***', 'tasks', 'run', 'rand_user', 'upload_data_to_destination', 'manual__2023-11-23T05:43:24.862930+00:00', '--job-id', '418', '--raw', '--subdir', 'DAGS_FOLDER/predictions.py', '--cfg-path', '/tmp/tmpk8r_o1rq']
[2023-11-23T05:43:36.202+0000] {standard_task_runner.py:83} INFO - Job 418: Subtask upload_data_to_destination
[2023-11-23T05:43:36.268+0000] {task_command.py:376} INFO - Running <TaskInstance: rand_user.upload_data_to_destination manual__2023-11-23T05:43:24.862930+00:00 [running]> on host f71f95879a41
[2023-11-23T05:43:36.364+0000] {taskinstance.py:1592} INFO - Exporting the following env vars:
AIRFLOW_CTX_DAG_OWNER=Gaurav
AIRFLOW_CTX_DAG_ID=rand_user
AIRFLOW_CTX_TASK_ID=upload_data_to_destination
AIRFLOW_CTX_EXECUTION_DATE=2023-11-23T05:43:24.862930+00:00
AIRFLOW_CTX_TRY_NUMBER=1
AIRFLOW_CTX_DAG_RUN_ID=manual__2023-11-23T05:43:24.862930+00:00
[2023-11-23T05:43:36.374+0000] {base.py:71} INFO - Using connection ID 'source_db_***' for task execution.
[2023-11-23T05:43:36.575+0000] {base.py:71} INFO - Using connection ID 'dest_conn_id' for task execution.
[2023-11-23T05:43:36.751+0000] {generic_transfer.py:76} INFO - Extracting data from source_db_***
[2023-11-23T05:43:36.751+0000] {generic_transfer.py:77} INFO - Executing: 
 SELECT * FROM rand_users
[2023-11-23T05:43:36.758+0000] {base.py:71} INFO - Using connection ID 'source_db_***' for task execution.
[2023-11-23T05:43:36.769+0000] {generic_transfer.py:104} INFO - Inserting rows into dest_conn_id
[2023-11-23T05:43:36.776+0000] {base.py:71} INFO - Using connection ID 'dest_conn_id' for task execution.
[2023-11-23T05:43:36.787+0000] {sql.py:415} INFO - Done loading. Loaded a total of 2 rows
[2023-11-23T05:43:36.798+0000] {taskinstance.py:1406} INFO - Marking task as SUCCESS. dag_id=rand_user, task_id=upload_data_to_destination, execution_date=20231123T054324, start_date=20231123T054336, end_date=20231123T054336
[2023-11-23T05:43:36.852+0000] {local_task_job.py:164} INFO - Task exited with return code 0
[2023-11-23T05:43:36.886+0000] {local_task_job.py:273} INFO - 0 downstream tasks scheduled from follow-on schedule check
