[2023-11-10T04:30:58.196+0000] {taskinstance.py:1165} INFO - Dependencies all met for <TaskInstance: US_population.is_api_available manual__2023-11-10T04:30:55.118621+00:00 [queued]>
[2023-11-10T04:30:58.210+0000] {taskinstance.py:1165} INFO - Dependencies all met for <TaskInstance: US_population.is_api_available manual__2023-11-10T04:30:55.118621+00:00 [queued]>
[2023-11-10T04:30:58.211+0000] {taskinstance.py:1362} INFO - 
--------------------------------------------------------------------------------
[2023-11-10T04:30:58.211+0000] {taskinstance.py:1363} INFO - Starting attempt 1 of 3
[2023-11-10T04:30:58.212+0000] {taskinstance.py:1364} INFO - 
--------------------------------------------------------------------------------
[2023-11-10T04:30:58.238+0000] {taskinstance.py:1383} INFO - Executing <Task(HttpSensor): is_api_available> on 2023-11-10 04:30:55.118621+00:00
[2023-11-10T04:30:58.246+0000] {standard_task_runner.py:55} INFO - Started process 790 to run task
[2023-11-10T04:30:58.254+0000] {standard_task_runner.py:82} INFO - Running: ['***', 'tasks', 'run', 'US_population', 'is_api_available', 'manual__2023-11-10T04:30:55.118621+00:00', '--job-id', '69', '--raw', '--subdir', 'DAGS_FOLDER/predictions.py', '--cfg-path', '/tmp/tmp1s_mzwg8']
[2023-11-10T04:30:58.257+0000] {standard_task_runner.py:83} INFO - Job 69: Subtask is_api_available
[2023-11-10T04:30:58.348+0000] {task_command.py:376} INFO - Running <TaskInstance: US_population.is_api_available manual__2023-11-10T04:30:55.118621+00:00 [running]> on host 91f7624ceef9
[2023-11-10T04:30:58.436+0000] {taskinstance.py:1592} INFO - Exporting the following env vars:
AIRFLOW_CTX_DAG_OWNER=Gaurav
AIRFLOW_CTX_DAG_ID=US_population
AIRFLOW_CTX_TASK_ID=is_api_available
AIRFLOW_CTX_EXECUTION_DATE=2023-11-10T04:30:55.118621+00:00
AIRFLOW_CTX_TRY_NUMBER=1
AIRFLOW_CTX_DAG_RUN_ID=manual__2023-11-10T04:30:55.118621+00:00
[2023-11-10T04:30:58.437+0000] {http.py:120} INFO - Poking: api/
[2023-11-10T04:30:58.449+0000] {base.py:71} INFO - Using connection ID 'us_population_API' for task execution.
[2023-11-10T04:30:58.451+0000] {http.py:148} INFO - Sending 'GET' to url: https://datausa.io/api/data?drilldowns=Nation&measures=Population/api/
[2023-11-10T04:30:58.947+0000] {base.py:213} INFO - Success criteria met. Exiting.
[2023-11-10T04:30:58.972+0000] {taskinstance.py:1406} INFO - Marking task as SUCCESS. dag_id=US_population, task_id=is_api_available, execution_date=20231110T043055, start_date=20231110T043058, end_date=20231110T043058
[2023-11-10T04:30:59.036+0000] {local_task_job.py:164} INFO - Task exited with return code 0
[2023-11-10T04:30:59.095+0000] {local_task_job.py:273} INFO - 1 downstream tasks scheduled from follow-on schedule check
