[2023-11-10T04:36:54.345+0000] {taskinstance.py:1165} INFO - Dependencies all met for <TaskInstance: US_population.process_user manual__2023-11-10T04:34:43.949783+00:00 [queued]>
[2023-11-10T04:36:54.363+0000] {taskinstance.py:1165} INFO - Dependencies all met for <TaskInstance: US_population.process_user manual__2023-11-10T04:34:43.949783+00:00 [queued]>
[2023-11-10T04:36:54.364+0000] {taskinstance.py:1362} INFO - 
--------------------------------------------------------------------------------
[2023-11-10T04:36:54.364+0000] {taskinstance.py:1363} INFO - Starting attempt 3 of 3
[2023-11-10T04:36:54.365+0000] {taskinstance.py:1364} INFO - 
--------------------------------------------------------------------------------
[2023-11-10T04:36:54.387+0000] {taskinstance.py:1383} INFO - Executing <Task(PythonOperator): process_user> on 2023-11-10 04:34:43.949783+00:00
[2023-11-10T04:36:54.394+0000] {standard_task_runner.py:55} INFO - Started process 1098 to run task
[2023-11-10T04:36:54.400+0000] {standard_task_runner.py:82} INFO - Running: ['***', 'tasks', 'run', 'US_population', 'process_user', 'manual__2023-11-10T04:34:43.949783+00:00', '--job-id', '81', '--raw', '--subdir', 'DAGS_FOLDER/predictions.py', '--cfg-path', '/tmp/tmpepvkj6jq']
[2023-11-10T04:36:54.403+0000] {standard_task_runner.py:83} INFO - Job 81: Subtask process_user
[2023-11-10T04:36:54.483+0000] {task_command.py:376} INFO - Running <TaskInstance: US_population.process_user manual__2023-11-10T04:34:43.949783+00:00 [running]> on host 91f7624ceef9
[2023-11-10T04:36:54.574+0000] {taskinstance.py:1592} INFO - Exporting the following env vars:
AIRFLOW_CTX_DAG_OWNER=Gaurav
AIRFLOW_CTX_DAG_ID=US_population
AIRFLOW_CTX_TASK_ID=process_user
AIRFLOW_CTX_EXECUTION_DATE=2023-11-10T04:34:43.949783+00:00
AIRFLOW_CTX_TRY_NUMBER=3
AIRFLOW_CTX_DAG_RUN_ID=manual__2023-11-10T04:34:43.949783+00:00
[2023-11-10T04:36:54.590+0000] {taskinstance.py:1851} ERROR - Task failed with exception
Traceback (most recent call last):
  File "/home/airflow/.local/lib/python3.7/site-packages/airflow/operators/python.py", line 175, in execute
    return_value = self.execute_callable()
  File "/home/airflow/.local/lib/python3.7/site-packages/airflow/operators/python.py", line 193, in execute_callable
    return self.python_callable(*self.op_args, **self.op_kwargs)
  File "/opt/airflow/dags/predictions.py", line 28, in _process_user
    if not user_list or not user_list[0]:
KeyError: 0
[2023-11-10T04:36:54.601+0000] {taskinstance.py:1406} INFO - Marking task as FAILED. dag_id=US_population, task_id=process_user, execution_date=20231110T043443, start_date=20231110T043654, end_date=20231110T043654
[2023-11-10T04:36:54.616+0000] {standard_task_runner.py:105} ERROR - Failed to execute job 81 for task process_user (0; 1098)
[2023-11-10T04:36:54.650+0000] {local_task_job.py:164} INFO - Task exited with return code 1
[2023-11-10T04:36:54.702+0000] {local_task_job.py:273} INFO - 0 downstream tasks scheduled from follow-on schedule check
