[2023-11-13T11:11:28.088+0000] {taskinstance.py:1165} INFO - Dependencies all met for <TaskInstance: rand_user.extract_user manual__2023-11-13T11:11:23.436609+00:00 [queued]>
[2023-11-13T11:11:28.102+0000] {taskinstance.py:1165} INFO - Dependencies all met for <TaskInstance: rand_user.extract_user manual__2023-11-13T11:11:23.436609+00:00 [queued]>
[2023-11-13T11:11:28.102+0000] {taskinstance.py:1362} INFO - 
--------------------------------------------------------------------------------
[2023-11-13T11:11:28.103+0000] {taskinstance.py:1363} INFO - Starting attempt 1 of 3
[2023-11-13T11:11:28.103+0000] {taskinstance.py:1364} INFO - 
--------------------------------------------------------------------------------
[2023-11-13T11:11:28.119+0000] {taskinstance.py:1383} INFO - Executing <Task(SimpleHttpOperator): extract_user> on 2023-11-13 11:11:23.436609+00:00
[2023-11-13T11:11:28.127+0000] {standard_task_runner.py:55} INFO - Started process 4326 to run task
[2023-11-13T11:11:28.131+0000] {standard_task_runner.py:82} INFO - Running: ['***', 'tasks', 'run', 'rand_user', 'extract_user', 'manual__2023-11-13T11:11:23.436609+00:00', '--job-id', '398', '--raw', '--subdir', 'DAGS_FOLDER/predictions.py', '--cfg-path', '/tmp/tmp94wlke_m']
[2023-11-13T11:11:28.134+0000] {standard_task_runner.py:83} INFO - Job 398: Subtask extract_user
[2023-11-13T11:11:28.224+0000] {task_command.py:376} INFO - Running <TaskInstance: rand_user.extract_user manual__2023-11-13T11:11:23.436609+00:00 [running]> on host 91f7624ceef9
[2023-11-13T11:11:28.316+0000] {taskinstance.py:1592} INFO - Exporting the following env vars:
AIRFLOW_CTX_DAG_OWNER=Gaurav
AIRFLOW_CTX_DAG_ID=rand_user
AIRFLOW_CTX_TASK_ID=extract_user
AIRFLOW_CTX_EXECUTION_DATE=2023-11-13T11:11:23.436609+00:00
AIRFLOW_CTX_TRY_NUMBER=1
AIRFLOW_CTX_DAG_RUN_ID=manual__2023-11-13T11:11:23.436609+00:00
[2023-11-13T11:11:28.317+0000] {http.py:121} INFO - Calling HTTP method
[2023-11-13T11:11:28.329+0000] {base.py:71} INFO - Using connection ID 'rand_user' for task execution.
[2023-11-13T11:11:28.332+0000] {http.py:148} INFO - Sending 'GET' to url: https://randomuser.me/api/
[2023-11-13T11:11:28.855+0000] {http.py:125} INFO - {"results":[{"gender":"female","name":{"title":"Mrs","first":"پارمیس","last":"نكو نظر"},"location":{"street":{"number":8966,"name":"مالک اشتر"},"city":"قرچک","state":"البرز","country":"Iran","postcode":67847,"coordinates":{"latitude":"19.9429","longitude":"93.6487"},"timezone":{"offset":"+1:00","description":"Brussels, Copenhagen, Madrid, Paris"}},"email":"prmys.nkwnzr@example.com","login":{"uuid":"db87e9a2-a8fc-446c-be46-f1b1f3dbe4ba","username":"happywolf201","password":"damien","salt":"F0WtyUD7","md5":"05ea283c82dcb62784ea5416a9d13c7d","sha1":"352bf6a5b5853c366f2e2af07ebe5a247049e341","sha256":"4dd7e8db6dfec0ecbc0fb685f3596e084c896dd3e28392918230f13e8b9d0ee0"},"dob":{"date":"1985-09-17T13:25:00.291Z","age":38},"registered":{"date":"2004-03-02T03:46:15.575Z","age":19},"phone":"028-78276722","cell":"0951-492-4655","id":{"name":"","value":null},"picture":{"large":"https://randomuser.me/api/portraits/women/95.jpg","medium":"https://randomuser.me/api/portraits/med/women/95.jpg","thumbnail":"https://randomuser.me/api/portraits/thumb/women/95.jpg"},"nat":"IR"}],"info":{"seed":"3f1e42da58410287","results":1,"page":1,"version":"1.4"}}
[2023-11-13T11:11:28.889+0000] {taskinstance.py:1406} INFO - Marking task as SUCCESS. dag_id=rand_user, task_id=extract_user, execution_date=20231113T111123, start_date=20231113T111128, end_date=20231113T111128
[2023-11-13T11:11:28.945+0000] {local_task_job.py:164} INFO - Task exited with return code 0
[2023-11-13T11:11:28.977+0000] {local_task_job.py:273} INFO - 0 downstream tasks scheduled from follow-on schedule check
