[2023-11-23T04:21:49.534+0000] {taskinstance.py:1165} INFO - Dependencies all met for <TaskInstance: rand_user.extract_user manual__2023-11-23T04:21:43.866869+00:00 [queued]>
[2023-11-23T04:21:49.547+0000] {taskinstance.py:1165} INFO - Dependencies all met for <TaskInstance: rand_user.extract_user manual__2023-11-23T04:21:43.866869+00:00 [queued]>
[2023-11-23T04:21:49.547+0000] {taskinstance.py:1362} INFO - 
--------------------------------------------------------------------------------
[2023-11-23T04:21:49.547+0000] {taskinstance.py:1363} INFO - Starting attempt 1 of 3
[2023-11-23T04:21:49.548+0000] {taskinstance.py:1364} INFO - 
--------------------------------------------------------------------------------
[2023-11-23T04:21:49.563+0000] {taskinstance.py:1383} INFO - Executing <Task(SimpleHttpOperator): extract_user> on 2023-11-23 04:21:43.866869+00:00
[2023-11-23T04:21:49.570+0000] {standard_task_runner.py:55} INFO - Started process 339 to run task
[2023-11-23T04:21:49.577+0000] {standard_task_runner.py:82} INFO - Running: ['***', 'tasks', 'run', 'rand_user', 'extract_user', 'manual__2023-11-23T04:21:43.866869+00:00', '--job-id', '253', '--raw', '--subdir', 'DAGS_FOLDER/predictions.py', '--cfg-path', '/tmp/tmpz5zfgfje']
[2023-11-23T04:21:49.580+0000] {standard_task_runner.py:83} INFO - Job 253: Subtask extract_user
[2023-11-23T04:21:49.677+0000] {task_command.py:376} INFO - Running <TaskInstance: rand_user.extract_user manual__2023-11-23T04:21:43.866869+00:00 [running]> on host f71f95879a41
[2023-11-23T04:21:49.810+0000] {taskinstance.py:1592} INFO - Exporting the following env vars:
AIRFLOW_CTX_DAG_OWNER=Gaurav
AIRFLOW_CTX_DAG_ID=rand_user
AIRFLOW_CTX_TASK_ID=extract_user
AIRFLOW_CTX_EXECUTION_DATE=2023-11-23T04:21:43.866869+00:00
AIRFLOW_CTX_TRY_NUMBER=1
AIRFLOW_CTX_DAG_RUN_ID=manual__2023-11-23T04:21:43.866869+00:00
[2023-11-23T04:21:49.811+0000] {http.py:121} INFO - Calling HTTP method
[2023-11-23T04:21:49.826+0000] {base.py:71} INFO - Using connection ID 'rand_user_api' for task execution.
[2023-11-23T04:21:49.828+0000] {http.py:148} INFO - Sending 'GET' to url: https://randomuser.me/api/
[2023-11-23T04:21:50.992+0000] {http.py:125} INFO - {"results":[{"gender":"male","name":{"title":"Mr","first":"Cornelio","last":"Benavídez"},"location":{"street":{"number":8975,"name":"Corredor Mayorga"},"city":"Juan Aldama (El Tigre)","state":"Jalisco","country":"Mexico","postcode":90586,"coordinates":{"latitude":"28.8215","longitude":"-108.5609"},"timezone":{"offset":"+11:00","description":"Magadan, Solomon Islands, New Caledonia"}},"email":"cornelio.benavidez@example.com","login":{"uuid":"31fe867e-e1fe-4e70-acf5-b398f5150036","username":"yellowfrog737","password":"shelley","salt":"6e743EbO","md5":"b587f1225398a4cefd545af80def2801","sha1":"7518b70883d556015945bc152973c0d0275f40ac","sha256":"be143d4fd8f8a119bdb79f9e61dc3b2c77889ea2e059338e5f4c33df5899fbbf"},"dob":{"date":"1958-07-13T06:24:50.198Z","age":65},"registered":{"date":"2014-05-06T14:08:29.221Z","age":9},"phone":"(693) 030 0247","cell":"(630) 073 7729","id":{"name":"NSS","value":"08 65 61 9015 2"},"picture":{"large":"https://randomuser.me/api/portraits/men/50.jpg","medium":"https://randomuser.me/api/portraits/med/men/50.jpg","thumbnail":"https://randomuser.me/api/portraits/thumb/men/50.jpg"},"nat":"MX"}],"info":{"seed":"5b4223ef369e6786","results":1,"page":1,"version":"1.4"}}
[2023-11-23T04:21:51.057+0000] {taskinstance.py:1406} INFO - Marking task as SUCCESS. dag_id=rand_user, task_id=extract_user, execution_date=20231123T042143, start_date=20231123T042149, end_date=20231123T042151
[2023-11-23T04:21:51.115+0000] {local_task_job.py:164} INFO - Task exited with return code 0
[2023-11-23T04:21:51.151+0000] {local_task_job.py:273} INFO - 1 downstream tasks scheduled from follow-on schedule check
