[2023-11-10T09:26:13.842+0000] {taskinstance.py:1165} INFO - Dependencies all met for <TaskInstance: rand_user.process_user manual__2023-11-10T09:26:03.161399+00:00 [queued]>
[2023-11-10T09:26:13.860+0000] {taskinstance.py:1165} INFO - Dependencies all met for <TaskInstance: rand_user.process_user manual__2023-11-10T09:26:03.161399+00:00 [queued]>
[2023-11-10T09:26:13.861+0000] {taskinstance.py:1362} INFO - 
--------------------------------------------------------------------------------
[2023-11-10T09:26:13.861+0000] {taskinstance.py:1363} INFO - Starting attempt 1 of 3
[2023-11-10T09:26:13.862+0000] {taskinstance.py:1364} INFO - 
--------------------------------------------------------------------------------
[2023-11-10T09:26:13.889+0000] {taskinstance.py:1383} INFO - Executing <Task(PythonOperator): process_user> on 2023-11-10 09:26:03.161399+00:00
[2023-11-10T09:26:13.898+0000] {standard_task_runner.py:55} INFO - Started process 2465 to run task
[2023-11-10T09:26:13.905+0000] {standard_task_runner.py:82} INFO - Running: ['***', 'tasks', 'run', 'rand_user', 'process_user', 'manual__2023-11-10T09:26:03.161399+00:00', '--job-id', '141', '--raw', '--subdir', 'DAGS_FOLDER/predictions.py', '--cfg-path', '/tmp/tmpxqb8i6z6']
[2023-11-10T09:26:13.908+0000] {standard_task_runner.py:83} INFO - Job 141: Subtask process_user
[2023-11-10T09:26:14.007+0000] {task_command.py:376} INFO - Running <TaskInstance: rand_user.process_user manual__2023-11-10T09:26:03.161399+00:00 [running]> on host 91f7624ceef9
[2023-11-10T09:26:14.120+0000] {taskinstance.py:1592} INFO - Exporting the following env vars:
AIRFLOW_CTX_DAG_OWNER=Gaurav
AIRFLOW_CTX_DAG_ID=rand_user
AIRFLOW_CTX_TASK_ID=process_user
AIRFLOW_CTX_EXECUTION_DATE=2023-11-10T09:26:03.161399+00:00
AIRFLOW_CTX_TRY_NUMBER=1
AIRFLOW_CTX_DAG_RUN_ID=manual__2023-11-10T09:26:03.161399+00:00
[2023-11-10T09:26:14.157+0000] {python.py:177} INFO - Done. Returned value was: None
[2023-11-10T09:26:14.172+0000] {taskinstance.py:1406} INFO - Marking task as SUCCESS. dag_id=rand_user, task_id=process_user, execution_date=20231110T092603, start_date=20231110T092613, end_date=20231110T092614
[2023-11-10T09:26:14.236+0000] {local_task_job.py:164} INFO - Task exited with return code 0
[2023-11-10T09:26:14.275+0000] {local_task_job.py:273} INFO - 0 downstream tasks scheduled from follow-on schedule check
