[2023-11-23T04:58:10.078+0000] {taskinstance.py:1165} INFO - Dependencies all met for <TaskInstance: rand_user.extract_user manual__2023-11-23T04:58:06.147489+00:00 [queued]>
[2023-11-23T04:58:10.094+0000] {taskinstance.py:1165} INFO - Dependencies all met for <TaskInstance: rand_user.extract_user manual__2023-11-23T04:58:06.147489+00:00 [queued]>
[2023-11-23T04:58:10.095+0000] {taskinstance.py:1362} INFO - 
--------------------------------------------------------------------------------
[2023-11-23T04:58:10.095+0000] {taskinstance.py:1363} INFO - Starting attempt 1 of 3
[2023-11-23T04:58:10.095+0000] {taskinstance.py:1364} INFO - 
--------------------------------------------------------------------------------
[2023-11-23T04:58:10.112+0000] {taskinstance.py:1383} INFO - Executing <Task(SimpleHttpOperator): extract_user> on 2023-11-23 04:58:06.147489+00:00
[2023-11-23T04:58:10.118+0000] {standard_task_runner.py:55} INFO - Started process 2255 to run task
[2023-11-23T04:58:10.123+0000] {standard_task_runner.py:82} INFO - Running: ['***', 'tasks', 'run', 'rand_user', 'extract_user', 'manual__2023-11-23T04:58:06.147489+00:00', '--job-id', '322', '--raw', '--subdir', 'DAGS_FOLDER/predictions.py', '--cfg-path', '/tmp/tmpm7hr7i2x']
[2023-11-23T04:58:10.125+0000] {standard_task_runner.py:83} INFO - Job 322: Subtask extract_user
[2023-11-23T04:58:10.193+0000] {task_command.py:376} INFO - Running <TaskInstance: rand_user.extract_user manual__2023-11-23T04:58:06.147489+00:00 [running]> on host f71f95879a41
[2023-11-23T04:58:10.269+0000] {taskinstance.py:1592} INFO - Exporting the following env vars:
AIRFLOW_CTX_DAG_OWNER=Gaurav
AIRFLOW_CTX_DAG_ID=rand_user
AIRFLOW_CTX_TASK_ID=extract_user
AIRFLOW_CTX_EXECUTION_DATE=2023-11-23T04:58:06.147489+00:00
AIRFLOW_CTX_TRY_NUMBER=1
AIRFLOW_CTX_DAG_RUN_ID=manual__2023-11-23T04:58:06.147489+00:00
[2023-11-23T04:58:10.270+0000] {http.py:121} INFO - Calling HTTP method
[2023-11-23T04:58:10.280+0000] {base.py:71} INFO - Using connection ID 'rand_user_api' for task execution.
[2023-11-23T04:58:10.282+0000] {http.py:148} INFO - Sending 'GET' to url: https://randomuser.me/api/
[2023-11-23T04:58:10.717+0000] {http.py:125} INFO - {"results":[{"gender":"female","name":{"title":"Miss","first":"Marilyn","last":"Stewart"},"location":{"street":{"number":4091,"name":"Lovers Ln"},"city":"Geraldton","state":"South Australia","country":"Australia","postcode":1886,"coordinates":{"latitude":"-88.4542","longitude":"138.1043"},"timezone":{"offset":"+11:00","description":"Magadan, Solomon Islands, New Caledonia"}},"email":"marilyn.stewart@example.com","login":{"uuid":"ad2f6769-d86c-41c1-9aa3-7daa30d6c062","username":"brownkoala842","password":"oakley","salt":"FxWeWeLO","md5":"963415d0a29fdee8d09e74e8af4916f4","sha1":"57ecf1b6cb28dc59242bca18a054009ea200157f","sha256":"630b862dc1944e88f856dc2c8e3054db0dc4b7f79b37e45cba0b452960b46d6e"},"dob":{"date":"1983-06-01T10:29:08.503Z","age":40},"registered":{"date":"2016-01-06T02:42:39.220Z","age":7},"phone":"00-8470-3172","cell":"0464-037-583","id":{"name":"TFN","value":"153991530"},"picture":{"large":"https://randomuser.me/api/portraits/women/18.jpg","medium":"https://randomuser.me/api/portraits/med/women/18.jpg","thumbnail":"https://randomuser.me/api/portraits/thumb/women/18.jpg"},"nat":"AU"}],"info":{"seed":"f4b17d964d6b7856","results":1,"page":1,"version":"1.4"}}
[2023-11-23T04:58:10.755+0000] {taskinstance.py:1406} INFO - Marking task as SUCCESS. dag_id=rand_user, task_id=extract_user, execution_date=20231123T045806, start_date=20231123T045810, end_date=20231123T045810
[2023-11-23T04:58:10.816+0000] {local_task_job.py:164} INFO - Task exited with return code 0
[2023-11-23T04:58:10.878+0000] {local_task_job.py:273} INFO - 1 downstream tasks scheduled from follow-on schedule check
