[2023-11-23T07:14:07.860+0000] {taskinstance.py:1165} INFO - Dependencies all met for <TaskInstance: rand_user.store_user manual__2023-11-23T07:13:59.209732+00:00 [queued]>
[2023-11-23T07:14:07.876+0000] {taskinstance.py:1165} INFO - Dependencies all met for <TaskInstance: rand_user.store_user manual__2023-11-23T07:13:59.209732+00:00 [queued]>
[2023-11-23T07:14:07.876+0000] {taskinstance.py:1362} INFO - 
--------------------------------------------------------------------------------
[2023-11-23T07:14:07.877+0000] {taskinstance.py:1363} INFO - Starting attempt 1 of 3
[2023-11-23T07:14:07.877+0000] {taskinstance.py:1364} INFO - 
--------------------------------------------------------------------------------
[2023-11-23T07:14:07.893+0000] {taskinstance.py:1383} INFO - Executing <Task(PythonOperator): store_user> on 2023-11-23 07:13:59.209732+00:00
[2023-11-23T07:14:07.900+0000] {standard_task_runner.py:55} INFO - Started process 9535 to run task
[2023-11-23T07:14:07.905+0000] {standard_task_runner.py:82} INFO - Running: ['***', 'tasks', 'run', 'rand_user', 'store_user', 'manual__2023-11-23T07:13:59.209732+00:00', '--job-id', '631', '--raw', '--subdir', 'DAGS_FOLDER/predictions.py', '--cfg-path', '/tmp/tmpi96zw818']
[2023-11-23T07:14:07.907+0000] {standard_task_runner.py:83} INFO - Job 631: Subtask store_user
[2023-11-23T07:14:07.982+0000] {task_command.py:376} INFO - Running <TaskInstance: rand_user.store_user manual__2023-11-23T07:13:59.209732+00:00 [running]> on host f71f95879a41
[2023-11-23T07:14:08.068+0000] {taskinstance.py:1592} INFO - Exporting the following env vars:
AIRFLOW_CTX_DAG_OWNER=Gaurav
AIRFLOW_CTX_DAG_ID=rand_user
AIRFLOW_CTX_TASK_ID=store_user
AIRFLOW_CTX_EXECUTION_DATE=2023-11-23T07:13:59.209732+00:00
AIRFLOW_CTX_TRY_NUMBER=1
AIRFLOW_CTX_DAG_RUN_ID=manual__2023-11-23T07:13:59.209732+00:00
[2023-11-23T07:14:08.070+0000] {postgres.py:129} INFO - Running copy expert: COPY rand_users FROM stdin WITH DELIMITER as ',' , filename: /tmp/processed_user.csv
[2023-11-23T07:14:08.080+0000] {base.py:71} INFO - Using connection ID 'source_db_***' for task execution.
[2023-11-23T07:14:08.091+0000] {python.py:177} INFO - Done. Returned value was: None
[2023-11-23T07:14:08.102+0000] {taskinstance.py:1406} INFO - Marking task as SUCCESS. dag_id=rand_user, task_id=store_user, execution_date=20231123T071359, start_date=20231123T071407, end_date=20231123T071408
[2023-11-23T07:14:08.155+0000] {local_task_job.py:164} INFO - Task exited with return code 0
[2023-11-23T07:14:08.187+0000] {local_task_job.py:273} INFO - 1 downstream tasks scheduled from follow-on schedule check
