[2023-11-13T10:13:52.037+0000] {taskinstance.py:1165} INFO - Dependencies all met for <TaskInstance: rand_user.upload_data_Destination manual__2023-11-13T10:13:38.870919+00:00 [queued]>
[2023-11-13T10:13:52.049+0000] {taskinstance.py:1165} INFO - Dependencies all met for <TaskInstance: rand_user.upload_data_Destination manual__2023-11-13T10:13:38.870919+00:00 [queued]>
[2023-11-13T10:13:52.050+0000] {taskinstance.py:1362} INFO - 
--------------------------------------------------------------------------------
[2023-11-13T10:13:52.050+0000] {taskinstance.py:1363} INFO - Starting attempt 1 of 3
[2023-11-13T10:13:52.051+0000] {taskinstance.py:1364} INFO - 
--------------------------------------------------------------------------------
[2023-11-13T10:13:52.069+0000] {taskinstance.py:1383} INFO - Executing <Task(GenericTransfer): upload_data_Destination> on 2023-11-13 10:13:38.870919+00:00
[2023-11-13T10:13:52.075+0000] {standard_task_runner.py:55} INFO - Started process 1565 to run task
[2023-11-13T10:13:52.080+0000] {standard_task_runner.py:82} INFO - Running: ['***', 'tasks', 'run', 'rand_user', 'upload_data_Destination', 'manual__2023-11-13T10:13:38.870919+00:00', '--job-id', '387', '--raw', '--subdir', 'DAGS_FOLDER/predictions.py', '--cfg-path', '/tmp/tmpp9rlriga']
[2023-11-13T10:13:52.083+0000] {standard_task_runner.py:83} INFO - Job 387: Subtask upload_data_Destination
[2023-11-13T10:13:52.153+0000] {task_command.py:376} INFO - Running <TaskInstance: rand_user.upload_data_Destination manual__2023-11-13T10:13:38.870919+00:00 [running]> on host 91f7624ceef9
[2023-11-13T10:13:52.222+0000] {taskinstance.py:1592} INFO - Exporting the following env vars:
AIRFLOW_CTX_DAG_OWNER=Gaurav
AIRFLOW_CTX_DAG_ID=rand_user
AIRFLOW_CTX_TASK_ID=upload_data_Destination
AIRFLOW_CTX_EXECUTION_DATE=2023-11-13T10:13:38.870919+00:00
AIRFLOW_CTX_TRY_NUMBER=1
AIRFLOW_CTX_DAG_RUN_ID=manual__2023-11-13T10:13:38.870919+00:00
[2023-11-13T10:13:52.233+0000] {base.py:71} INFO - Using connection ID 'source_db_***' for task execution.
[2023-11-13T10:13:52.464+0000] {base.py:71} INFO - Using connection ID 'pgadmin_connection' for task execution.
[2023-11-13T10:13:52.701+0000] {generic_transfer.py:76} INFO - Extracting data from source_db_***
[2023-11-13T10:13:52.701+0000] {generic_transfer.py:77} INFO - Executing: 
 select * from rand_users
[2023-11-13T10:13:52.709+0000] {base.py:71} INFO - Using connection ID 'source_db_***' for task execution.
[2023-11-13T10:13:52.719+0000] {generic_transfer.py:104} INFO - Inserting rows into pgadmin_connection
[2023-11-13T10:13:52.727+0000] {base.py:71} INFO - Using connection ID 'pgadmin_connection' for task execution.
[2023-11-13T10:13:52.754+0000] {sql.py:415} INFO - Done loading. Loaded a total of 24 rows
[2023-11-13T10:13:52.765+0000] {taskinstance.py:1406} INFO - Marking task as SUCCESS. dag_id=rand_user, task_id=upload_data_Destination, execution_date=20231113T101338, start_date=20231113T101352, end_date=20231113T101352
[2023-11-13T10:13:52.812+0000] {local_task_job.py:164} INFO - Task exited with return code 0
[2023-11-13T10:13:52.838+0000] {local_task_job.py:273} INFO - 0 downstream tasks scheduled from follow-on schedule check
