[2023-11-23T06:34:03.760+0000] {taskinstance.py:1165} INFO - Dependencies all met for <TaskInstance: rand_user.is_api_available manual__2023-11-23T06:34:01.014197+00:00 [queued]>
[2023-11-23T06:34:03.777+0000] {taskinstance.py:1165} INFO - Dependencies all met for <TaskInstance: rand_user.is_api_available manual__2023-11-23T06:34:01.014197+00:00 [queued]>
[2023-11-23T06:34:03.777+0000] {taskinstance.py:1362} INFO - 
--------------------------------------------------------------------------------
[2023-11-23T06:34:03.778+0000] {taskinstance.py:1363} INFO - Starting attempt 1 of 3
[2023-11-23T06:34:03.778+0000] {taskinstance.py:1364} INFO - 
--------------------------------------------------------------------------------
[2023-11-23T06:34:03.801+0000] {taskinstance.py:1383} INFO - Executing <Task(HttpSensor): is_api_available> on 2023-11-23 06:34:01.014197+00:00
[2023-11-23T06:34:03.809+0000] {standard_task_runner.py:55} INFO - Started process 7282 to run task
[2023-11-23T06:34:03.815+0000] {standard_task_runner.py:82} INFO - Running: ['***', 'tasks', 'run', 'rand_user', 'is_api_available', 'manual__2023-11-23T06:34:01.014197+00:00', '--job-id', '498', '--raw', '--subdir', 'DAGS_FOLDER/predictions.py', '--cfg-path', '/tmp/tmpv_gzs2k4']
[2023-11-23T06:34:03.818+0000] {standard_task_runner.py:83} INFO - Job 498: Subtask is_api_available
[2023-11-23T06:34:03.927+0000] {task_command.py:376} INFO - Running <TaskInstance: rand_user.is_api_available manual__2023-11-23T06:34:01.014197+00:00 [running]> on host f71f95879a41
[2023-11-23T06:34:04.032+0000] {taskinstance.py:1592} INFO - Exporting the following env vars:
AIRFLOW_CTX_DAG_OWNER=Gaurav
AIRFLOW_CTX_DAG_ID=rand_user
AIRFLOW_CTX_TASK_ID=is_api_available
AIRFLOW_CTX_EXECUTION_DATE=2023-11-23T06:34:01.014197+00:00
AIRFLOW_CTX_TRY_NUMBER=1
AIRFLOW_CTX_DAG_RUN_ID=manual__2023-11-23T06:34:01.014197+00:00
[2023-11-23T06:34:04.033+0000] {http.py:120} INFO - Poking: api/
[2023-11-23T06:34:04.045+0000] {base.py:71} INFO - Using connection ID 'rand_user_api' for task execution.
[2023-11-23T06:34:04.047+0000] {http.py:148} INFO - Sending 'GET' to url: https://randomuser.me/api/
[2023-11-23T06:34:04.603+0000] {base.py:213} INFO - Success criteria met. Exiting.
[2023-11-23T06:34:04.615+0000] {taskinstance.py:1406} INFO - Marking task as SUCCESS. dag_id=rand_user, task_id=is_api_available, execution_date=20231123T063401, start_date=20231123T063403, end_date=20231123T063404
[2023-11-23T06:34:04.667+0000] {local_task_job.py:164} INFO - Task exited with return code 0
[2023-11-23T06:34:04.711+0000] {local_task_job.py:273} INFO - 1 downstream tasks scheduled from follow-on schedule check
