[2023-11-22T05:23:29.088+0000] {taskinstance.py:1165} INFO - Dependencies all met for <TaskInstance: rand_user.extract_user manual__2023-11-22T05:23:20.697419+00:00 [queued]>
[2023-11-22T05:23:29.110+0000] {taskinstance.py:1165} INFO - Dependencies all met for <TaskInstance: rand_user.extract_user manual__2023-11-22T05:23:20.697419+00:00 [queued]>
[2023-11-22T05:23:29.111+0000] {taskinstance.py:1362} INFO - 
--------------------------------------------------------------------------------
[2023-11-22T05:23:29.111+0000] {taskinstance.py:1363} INFO - Starting attempt 1 of 3
[2023-11-22T05:23:29.112+0000] {taskinstance.py:1364} INFO - 
--------------------------------------------------------------------------------
[2023-11-22T05:23:29.144+0000] {taskinstance.py:1383} INFO - Executing <Task(SimpleHttpOperator): extract_user> on 2023-11-22 05:23:20.697419+00:00
[2023-11-22T05:23:29.154+0000] {standard_task_runner.py:55} INFO - Started process 5142 to run task
[2023-11-22T05:23:29.161+0000] {standard_task_runner.py:82} INFO - Running: ['***', 'tasks', 'run', 'rand_user', 'extract_user', 'manual__2023-11-22T05:23:20.697419+00:00', '--job-id', '652', '--raw', '--subdir', 'DAGS_FOLDER/predictions.py', '--cfg-path', '/tmp/tmpjf_1ox4x']
[2023-11-22T05:23:29.165+0000] {standard_task_runner.py:83} INFO - Job 652: Subtask extract_user
[2023-11-22T05:23:29.272+0000] {task_command.py:376} INFO - Running <TaskInstance: rand_user.extract_user manual__2023-11-22T05:23:20.697419+00:00 [running]> on host 91f7624ceef9
[2023-11-22T05:23:29.403+0000] {taskinstance.py:1592} INFO - Exporting the following env vars:
AIRFLOW_CTX_DAG_OWNER=Gaurav
AIRFLOW_CTX_DAG_ID=rand_user
AIRFLOW_CTX_TASK_ID=extract_user
AIRFLOW_CTX_EXECUTION_DATE=2023-11-22T05:23:20.697419+00:00
AIRFLOW_CTX_TRY_NUMBER=1
AIRFLOW_CTX_DAG_RUN_ID=manual__2023-11-22T05:23:20.697419+00:00
[2023-11-22T05:23:29.405+0000] {http.py:121} INFO - Calling HTTP method
[2023-11-22T05:23:29.424+0000] {base.py:71} INFO - Using connection ID 'rand_user' for task execution.
[2023-11-22T05:23:29.427+0000] {http.py:148} INFO - Sending 'GET' to url: https://randomuser.me/api/
[2023-11-22T05:23:29.838+0000] {http.py:125} INFO - {"results":[{"gender":"female","name":{"title":"Mrs","first":"Kerttu","last":"Toivonen"},"location":{"street":{"number":668,"name":"Nordenskiöldinkatu"},"city":"Siikajoki","state":"Kainuu","country":"Finland","postcode":17829,"coordinates":{"latitude":"-29.5487","longitude":"152.4211"},"timezone":{"offset":"-7:00","description":"Mountain Time (US & Canada)"}},"email":"kerttu.toivonen@example.com","login":{"uuid":"7e7217c3-16bd-4aa7-a6d6-d3d45d4c40d2","username":"happyswan322","password":"stayout","salt":"zQYQMCzx","md5":"148ae2906b6d459b7157f909449071f8","sha1":"256cc26b8870ce77844834c0f92c1940047515ee","sha256":"215c91ffd5834d17b32a4a601b410153844c706fa3f3a985d7138ab6687efcba"},"dob":{"date":"1993-04-18T06:33:31.757Z","age":30},"registered":{"date":"2007-07-15T06:55:55.384Z","age":16},"phone":"08-272-081","cell":"045-193-87-63","id":{"name":"HETU","value":"NaNNA254undefined"},"picture":{"large":"https://randomuser.me/api/portraits/women/34.jpg","medium":"https://randomuser.me/api/portraits/med/women/34.jpg","thumbnail":"https://randomuser.me/api/portraits/thumb/women/34.jpg"},"nat":"FI"}],"info":{"seed":"7b0fbf06e1b3956a","results":1,"page":1,"version":"1.4"}}
[2023-11-22T05:23:29.904+0000] {taskinstance.py:1406} INFO - Marking task as SUCCESS. dag_id=rand_user, task_id=extract_user, execution_date=20231122T052320, start_date=20231122T052329, end_date=20231122T052329
[2023-11-22T05:23:29.939+0000] {local_task_job.py:164} INFO - Task exited with return code 0
[2023-11-22T05:23:29.990+0000] {local_task_job.py:273} INFO - 1 downstream tasks scheduled from follow-on schedule check
