[2023-11-22T10:16:13.856+0000] {taskinstance.py:1165} INFO - Dependencies all met for <TaskInstance: Data_transfer.process_user manual__2023-11-22T10:16:06.992462+00:00 [queued]>
[2023-11-22T10:16:13.871+0000] {taskinstance.py:1165} INFO - Dependencies all met for <TaskInstance: Data_transfer.process_user manual__2023-11-22T10:16:06.992462+00:00 [queued]>
[2023-11-22T10:16:13.871+0000] {taskinstance.py:1362} INFO - 
--------------------------------------------------------------------------------
[2023-11-22T10:16:13.872+0000] {taskinstance.py:1363} INFO - Starting attempt 1 of 3
[2023-11-22T10:16:13.872+0000] {taskinstance.py:1364} INFO - 
--------------------------------------------------------------------------------
[2023-11-22T10:16:13.891+0000] {taskinstance.py:1383} INFO - Executing <Task(PythonOperator): process_user> on 2023-11-22 10:16:06.992462+00:00
[2023-11-22T10:16:13.898+0000] {standard_task_runner.py:55} INFO - Started process 6711 to run task
[2023-11-22T10:16:13.905+0000] {standard_task_runner.py:82} INFO - Running: ['***', 'tasks', 'run', 'Data_transfer', 'process_user', 'manual__2023-11-22T10:16:06.992462+00:00', '--job-id', '176', '--raw', '--subdir', 'DAGS_FOLDER/data_transfer.py', '--cfg-path', '/tmp/tmpwincjoxr']
[2023-11-22T10:16:13.907+0000] {standard_task_runner.py:83} INFO - Job 176: Subtask process_user
[2023-11-22T10:16:13.980+0000] {task_command.py:376} INFO - Running <TaskInstance: Data_transfer.process_user manual__2023-11-22T10:16:06.992462+00:00 [running]> on host f71f95879a41
[2023-11-22T10:16:14.055+0000] {taskinstance.py:1592} INFO - Exporting the following env vars:
AIRFLOW_CTX_DAG_OWNER=Gaurav
AIRFLOW_CTX_DAG_ID=Data_transfer
AIRFLOW_CTX_TASK_ID=process_user
AIRFLOW_CTX_EXECUTION_DATE=2023-11-22T10:16:06.992462+00:00
AIRFLOW_CTX_TRY_NUMBER=1
AIRFLOW_CTX_DAG_RUN_ID=manual__2023-11-22T10:16:06.992462+00:00
[2023-11-22T10:16:14.074+0000] {python.py:177} INFO - Done. Returned value was: None
[2023-11-22T10:16:14.085+0000] {taskinstance.py:1406} INFO - Marking task as SUCCESS. dag_id=Data_transfer, task_id=process_user, execution_date=20231122T101606, start_date=20231122T101613, end_date=20231122T101614
[2023-11-22T10:16:14.115+0000] {local_task_job.py:164} INFO - Task exited with return code 0
[2023-11-22T10:16:14.146+0000] {local_task_job.py:273} INFO - 1 downstream tasks scheduled from follow-on schedule check
