[2023-11-22T09:40:29.681+0000] {taskinstance.py:1165} INFO - Dependencies all met for <TaskInstance: Data_transfer.extract_user scheduled__2023-11-22T09:10:23.870064+00:00 [queued]>
[2023-11-22T09:40:29.702+0000] {taskinstance.py:1165} INFO - Dependencies all met for <TaskInstance: Data_transfer.extract_user scheduled__2023-11-22T09:10:23.870064+00:00 [queued]>
[2023-11-22T09:40:29.703+0000] {taskinstance.py:1362} INFO - 
--------------------------------------------------------------------------------
[2023-11-22T09:40:29.703+0000] {taskinstance.py:1363} INFO - Starting attempt 1 of 3
[2023-11-22T09:40:29.704+0000] {taskinstance.py:1364} INFO - 
--------------------------------------------------------------------------------
[2023-11-22T09:40:29.727+0000] {taskinstance.py:1383} INFO - Executing <Task(SimpleHttpOperator): extract_user> on 2023-11-22 09:10:23.870064+00:00
[2023-11-22T09:40:29.737+0000] {standard_task_runner.py:55} INFO - Started process 4845 to run task
[2023-11-22T09:40:29.742+0000] {standard_task_runner.py:82} INFO - Running: ['***', 'tasks', 'run', 'Data_transfer', 'extract_user', 'scheduled__2023-11-22T09:10:23.870064+00:00', '--job-id', '105', '--raw', '--subdir', 'DAGS_FOLDER/data_transfer.py', '--cfg-path', '/tmp/tmpy7ymscsl']
[2023-11-22T09:40:29.745+0000] {standard_task_runner.py:83} INFO - Job 105: Subtask extract_user
[2023-11-22T09:40:29.848+0000] {task_command.py:376} INFO - Running <TaskInstance: Data_transfer.extract_user scheduled__2023-11-22T09:10:23.870064+00:00 [running]> on host f71f95879a41
[2023-11-22T09:40:29.964+0000] {taskinstance.py:1592} INFO - Exporting the following env vars:
AIRFLOW_CTX_DAG_OWNER=Gaurav
AIRFLOW_CTX_DAG_ID=Data_transfer
AIRFLOW_CTX_TASK_ID=extract_user
AIRFLOW_CTX_EXECUTION_DATE=2023-11-22T09:10:23.870064+00:00
AIRFLOW_CTX_TRY_NUMBER=1
AIRFLOW_CTX_DAG_RUN_ID=scheduled__2023-11-22T09:10:23.870064+00:00
[2023-11-22T09:40:29.965+0000] {http.py:121} INFO - Calling HTTP method
[2023-11-22T09:40:29.981+0000] {base.py:71} INFO - Using connection ID 'rand_user_api' for task execution.
[2023-11-22T09:40:29.984+0000] {http.py:148} INFO - Sending 'GET' to url: https://randomuser.me/api/
[2023-11-22T09:40:31.100+0000] {http.py:125} INFO - {"results":[{"gender":"male","name":{"title":"Mr","first":"Same","last":"Ruiz"},"location":{"street":{"number":7008,"name":"Parker Rd"},"city":"Orange","state":"South Australia","country":"Australia","postcode":9286,"coordinates":{"latitude":"-83.3251","longitude":"-122.3579"},"timezone":{"offset":"-3:00","description":"Brazil, Buenos Aires, Georgetown"}},"email":"same.ruiz@example.com","login":{"uuid":"dc5b9a98-cd4a-49f2-b1b3-72e32ca82123","username":"sadelephant504","password":"andrea1","salt":"YYsPL0jB","md5":"d40afd7f76402f6ce789e7fad1b2cffc","sha1":"ffec4fa9960deafb7faa5feeae61ee11320944d1","sha256":"a11423237234515af78e393d8659c5b991ea6f62f2e324a473ecd15534481195"},"dob":{"date":"1952-11-23T16:57:07.998Z","age":70},"registered":{"date":"2020-09-03T00:03:05.422Z","age":3},"phone":"01-7651-0129","cell":"0425-371-552","id":{"name":"TFN","value":"725420274"},"picture":{"large":"https://randomuser.me/api/portraits/men/19.jpg","medium":"https://randomuser.me/api/portraits/med/men/19.jpg","thumbnail":"https://randomuser.me/api/portraits/thumb/men/19.jpg"},"nat":"AU"}],"info":{"seed":"df5c741d00268517","results":1,"page":1,"version":"1.4"}}
[2023-11-22T09:40:31.137+0000] {taskinstance.py:1406} INFO - Marking task as SUCCESS. dag_id=Data_transfer, task_id=extract_user, execution_date=20231122T091023, start_date=20231122T094029, end_date=20231122T094031
[2023-11-22T09:40:31.159+0000] {local_task_job.py:164} INFO - Task exited with return code 0
[2023-11-22T09:40:31.190+0000] {local_task_job.py:273} INFO - 1 downstream tasks scheduled from follow-on schedule check
