[2023-11-21T12:11:19.226+0000] {taskinstance.py:1165} INFO - Dependencies all met for <TaskInstance: rand_user.upload_data_Destination manual__2023-11-21T12:10:15.861401+00:00 [queued]>
[2023-11-21T12:11:19.244+0000] {taskinstance.py:1165} INFO - Dependencies all met for <TaskInstance: rand_user.upload_data_Destination manual__2023-11-21T12:10:15.861401+00:00 [queued]>
[2023-11-21T12:11:19.244+0000] {taskinstance.py:1362} INFO - 
--------------------------------------------------------------------------------
[2023-11-21T12:11:19.245+0000] {taskinstance.py:1363} INFO - Starting attempt 1 of 3
[2023-11-21T12:11:19.245+0000] {taskinstance.py:1364} INFO - 
--------------------------------------------------------------------------------
[2023-11-21T12:11:19.266+0000] {taskinstance.py:1383} INFO - Executing <Task(GenericTransfer): upload_data_Destination> on 2023-11-21 12:10:15.861401+00:00
[2023-11-21T12:11:19.274+0000] {standard_task_runner.py:55} INFO - Started process 97 to run task
[2023-11-21T12:11:19.281+0000] {standard_task_runner.py:82} INFO - Running: ['***', 'tasks', 'run', 'rand_user', 'upload_data_Destination', 'manual__2023-11-21T12:10:15.861401+00:00', '--job-id', '532', '--raw', '--subdir', 'DAGS_FOLDER/predictions.py', '--cfg-path', '/tmp/tmpbquq8sk4']
[2023-11-21T12:11:19.284+0000] {standard_task_runner.py:83} INFO - Job 532: Subtask upload_data_Destination
[2023-11-21T12:11:19.384+0000] {task_command.py:376} INFO - Running <TaskInstance: rand_user.upload_data_Destination manual__2023-11-21T12:10:15.861401+00:00 [running]> on host 91f7624ceef9
[2023-11-21T12:11:19.501+0000] {taskinstance.py:1592} INFO - Exporting the following env vars:
AIRFLOW_CTX_DAG_OWNER=Gaurav
AIRFLOW_CTX_DAG_ID=rand_user
AIRFLOW_CTX_TASK_ID=upload_data_Destination
AIRFLOW_CTX_EXECUTION_DATE=2023-11-21T12:10:15.861401+00:00
AIRFLOW_CTX_TRY_NUMBER=1
AIRFLOW_CTX_DAG_RUN_ID=manual__2023-11-21T12:10:15.861401+00:00
[2023-11-21T12:11:19.516+0000] {base.py:71} INFO - Using connection ID 'source_db_***' for task execution.
[2023-11-21T12:11:19.841+0000] {base.py:71} INFO - Using connection ID 'pgadmin_connection' for task execution.
[2023-11-21T12:11:20.165+0000] {generic_transfer.py:76} INFO - Extracting data from source_db_***
[2023-11-21T12:11:20.166+0000] {generic_transfer.py:77} INFO - Executing: 
 select * from rand_users
[2023-11-21T12:11:20.177+0000] {base.py:71} INFO - Using connection ID 'source_db_***' for task execution.
[2023-11-21T12:11:20.191+0000] {generic_transfer.py:104} INFO - Inserting rows into pgadmin_connection
[2023-11-21T12:11:20.205+0000] {base.py:71} INFO - Using connection ID 'pgadmin_connection' for task execution.
[2023-11-21T12:11:20.285+0000] {sql.py:415} INFO - Done loading. Loaded a total of 34 rows
[2023-11-21T12:11:20.300+0000] {taskinstance.py:1406} INFO - Marking task as SUCCESS. dag_id=rand_user, task_id=upload_data_Destination, execution_date=20231121T121015, start_date=20231121T121119, end_date=20231121T121120
[2023-11-21T12:11:20.334+0000] {local_task_job.py:164} INFO - Task exited with return code 0
[2023-11-21T12:11:20.368+0000] {local_task_job.py:273} INFO - 0 downstream tasks scheduled from follow-on schedule check
