[2023-11-22T06:48:20.501+0000] {taskinstance.py:1165} INFO - Dependencies all met for <TaskInstance: rand_user.extract_user manual__2023-11-22T06:48:13.662724+00:00 [queued]>
[2023-11-22T06:48:20.522+0000] {taskinstance.py:1165} INFO - Dependencies all met for <TaskInstance: rand_user.extract_user manual__2023-11-22T06:48:13.662724+00:00 [queued]>
[2023-11-22T06:48:20.523+0000] {taskinstance.py:1362} INFO - 
--------------------------------------------------------------------------------
[2023-11-22T06:48:20.523+0000] {taskinstance.py:1363} INFO - Starting attempt 1 of 3
[2023-11-22T06:48:20.524+0000] {taskinstance.py:1364} INFO - 
--------------------------------------------------------------------------------
[2023-11-22T06:48:20.549+0000] {taskinstance.py:1383} INFO - Executing <Task(SimpleHttpOperator): extract_user> on 2023-11-22 06:48:13.662724+00:00
[2023-11-22T06:48:20.559+0000] {standard_task_runner.py:55} INFO - Started process 1740 to run task
[2023-11-22T06:48:20.566+0000] {standard_task_runner.py:82} INFO - Running: ['***', 'tasks', 'run', 'rand_user', 'extract_user', 'manual__2023-11-22T06:48:13.662724+00:00', '--job-id', '62', '--raw', '--subdir', 'DAGS_FOLDER/predictions.py', '--cfg-path', '/tmp/tmpnx4r9out']
[2023-11-22T06:48:20.570+0000] {standard_task_runner.py:83} INFO - Job 62: Subtask extract_user
[2023-11-22T06:48:20.680+0000] {task_command.py:376} INFO - Running <TaskInstance: rand_user.extract_user manual__2023-11-22T06:48:13.662724+00:00 [running]> on host e4a6f7cdd654
[2023-11-22T06:48:20.803+0000] {taskinstance.py:1592} INFO - Exporting the following env vars:
AIRFLOW_CTX_DAG_OWNER=Gaurav
AIRFLOW_CTX_DAG_ID=rand_user
AIRFLOW_CTX_TASK_ID=extract_user
AIRFLOW_CTX_EXECUTION_DATE=2023-11-22T06:48:13.662724+00:00
AIRFLOW_CTX_TRY_NUMBER=1
AIRFLOW_CTX_DAG_RUN_ID=manual__2023-11-22T06:48:13.662724+00:00
[2023-11-22T06:48:20.805+0000] {http.py:121} INFO - Calling HTTP method
[2023-11-22T06:48:20.821+0000] {base.py:71} INFO - Using connection ID 'rand_user' for task execution.
[2023-11-22T06:48:20.825+0000] {http.py:148} INFO - Sending 'GET' to url: https://randomuser.me/api/
[2023-11-22T06:48:21.241+0000] {http.py:125} INFO - {"results":[{"gender":"female","name":{"title":"Ms","first":"Lea","last":"Poulsen"},"location":{"street":{"number":7283,"name":"Hjortevej"},"city":"Amager","state":"Hovedstaden","country":"Denmark","postcode":77297,"coordinates":{"latitude":"-40.8516","longitude":"74.5298"},"timezone":{"offset":"+3:00","description":"Baghdad, Riyadh, Moscow, St. Petersburg"}},"email":"lea.poulsen@example.com","login":{"uuid":"8db8b514-b8eb-40e8-bc39-92ad6dd0d17d","username":"purplelion226","password":"cinema","salt":"G4Td4FCY","md5":"4f4c516dc6bddebbd29c55d466906eb5","sha1":"5662643968b49210c52b3e5dd91f2d912dd15af8","sha256":"d05aab7aed7f6923ac2665348f9e9747e7f4143db72a28f474b32a18665b453b"},"dob":{"date":"1983-01-18T23:31:55.346Z","age":40},"registered":{"date":"2019-06-12T04:58:55.698Z","age":4},"phone":"88080488","cell":"25289404","id":{"name":"CPR","value":"180183-5398"},"picture":{"large":"https://randomuser.me/api/portraits/women/37.jpg","medium":"https://randomuser.me/api/portraits/med/women/37.jpg","thumbnail":"https://randomuser.me/api/portraits/thumb/women/37.jpg"},"nat":"DK"}],"info":{"seed":"e67a7b1c43b61d5e","results":1,"page":1,"version":"1.4"}}
[2023-11-22T06:48:21.296+0000] {taskinstance.py:1406} INFO - Marking task as SUCCESS. dag_id=rand_user, task_id=extract_user, execution_date=20231122T064813, start_date=20231122T064820, end_date=20231122T064821
[2023-11-22T06:48:21.339+0000] {local_task_job.py:164} INFO - Task exited with return code 0
[2023-11-22T06:48:21.388+0000] {local_task_job.py:273} INFO - 1 downstream tasks scheduled from follow-on schedule check
