[2023-11-10T11:40:28.620+0000] {taskinstance.py:1165} INFO - Dependencies all met for <TaskInstance: rand_user.extract_user manual__2023-11-10T11:40:24.560849+00:00 [queued]>
[2023-11-10T11:40:28.636+0000] {taskinstance.py:1165} INFO - Dependencies all met for <TaskInstance: rand_user.extract_user manual__2023-11-10T11:40:24.560849+00:00 [queued]>
[2023-11-10T11:40:28.636+0000] {taskinstance.py:1362} INFO - 
--------------------------------------------------------------------------------
[2023-11-10T11:40:28.637+0000] {taskinstance.py:1363} INFO - Starting attempt 1 of 3
[2023-11-10T11:40:28.637+0000] {taskinstance.py:1364} INFO - 
--------------------------------------------------------------------------------
[2023-11-10T11:40:28.653+0000] {taskinstance.py:1383} INFO - Executing <Task(SimpleHttpOperator): extract_user> on 2023-11-10 11:40:24.560849+00:00
[2023-11-10T11:40:28.660+0000] {standard_task_runner.py:55} INFO - Started process 7096 to run task
[2023-11-10T11:40:28.665+0000] {standard_task_runner.py:82} INFO - Running: ['***', 'tasks', 'run', 'rand_user', 'extract_user', 'manual__2023-11-10T11:40:24.560849+00:00', '--job-id', '241', '--raw', '--subdir', 'DAGS_FOLDER/predictions.py', '--cfg-path', '/tmp/tmpwu9g8_jb']
[2023-11-10T11:40:28.667+0000] {standard_task_runner.py:83} INFO - Job 241: Subtask extract_user
[2023-11-10T11:40:28.744+0000] {task_command.py:376} INFO - Running <TaskInstance: rand_user.extract_user manual__2023-11-10T11:40:24.560849+00:00 [running]> on host 91f7624ceef9
[2023-11-10T11:40:28.831+0000] {taskinstance.py:1592} INFO - Exporting the following env vars:
AIRFLOW_CTX_DAG_OWNER=Gaurav
AIRFLOW_CTX_DAG_ID=rand_user
AIRFLOW_CTX_TASK_ID=extract_user
AIRFLOW_CTX_EXECUTION_DATE=2023-11-10T11:40:24.560849+00:00
AIRFLOW_CTX_TRY_NUMBER=1
AIRFLOW_CTX_DAG_RUN_ID=manual__2023-11-10T11:40:24.560849+00:00
[2023-11-10T11:40:28.833+0000] {http.py:121} INFO - Calling HTTP method
[2023-11-10T11:40:28.842+0000] {base.py:71} INFO - Using connection ID 'rand_user' for task execution.
[2023-11-10T11:40:28.844+0000] {http.py:148} INFO - Sending 'GET' to url: https://randomuser.me/api/
[2023-11-10T11:40:29.665+0000] {http.py:125} INFO - {"results":[{"gender":"male","name":{"title":"Mr","first":"Johan","last":"Andersen"},"location":{"street":{"number":1371,"name":"Birke Alle"},"city":"Lemvig","state":"Midtjylland","country":"Denmark","postcode":73292,"coordinates":{"latitude":"-40.0394","longitude":"-113.0658"},"timezone":{"offset":"0:00","description":"Western Europe Time, London, Lisbon, Casablanca"}},"email":"johan.andersen@example.com","login":{"uuid":"6062075b-fda0-43c9-9256-ba5533da041e","username":"goldenkoala771","password":"beater","salt":"82QboVMe","md5":"ebe9ccc4c208eb459d32693b11adf181","sha1":"ba1076450157871529d5c4aa6673adbb1142c389","sha256":"4e58aeb1f8e2dde3fcb1e1659ebaaf4488f0bcbb66219a86076e745cd0e239d3"},"dob":{"date":"1980-07-18T14:32:41.755Z","age":43},"registered":{"date":"2008-10-30T01:10:53.579Z","age":15},"phone":"22860219","cell":"34746893","id":{"name":"CPR","value":"180780-2437"},"picture":{"large":"https://randomuser.me/api/portraits/men/36.jpg","medium":"https://randomuser.me/api/portraits/med/men/36.jpg","thumbnail":"https://randomuser.me/api/portraits/thumb/men/36.jpg"},"nat":"DK"}],"info":{"seed":"cd0a533845e431c5","results":1,"page":1,"version":"1.4"}}
[2023-11-10T11:40:29.707+0000] {taskinstance.py:1406} INFO - Marking task as SUCCESS. dag_id=rand_user, task_id=extract_user, execution_date=20231110T114024, start_date=20231110T114028, end_date=20231110T114029
[2023-11-10T11:40:29.759+0000] {local_task_job.py:164} INFO - Task exited with return code 0
[2023-11-10T11:40:29.800+0000] {local_task_job.py:273} INFO - 1 downstream tasks scheduled from follow-on schedule check
