[2023-11-22T06:50:34.624+0000] {taskinstance.py:1165} INFO - Dependencies all met for <TaskInstance: rand_user.upload_data_source manual__2023-11-22T06:48:13.662724+00:00 [queued]>
[2023-11-22T06:50:34.648+0000] {taskinstance.py:1165} INFO - Dependencies all met for <TaskInstance: rand_user.upload_data_source manual__2023-11-22T06:48:13.662724+00:00 [queued]>
[2023-11-22T06:50:34.649+0000] {taskinstance.py:1362} INFO - 
--------------------------------------------------------------------------------
[2023-11-22T06:50:34.650+0000] {taskinstance.py:1363} INFO - Starting attempt 2 of 3
[2023-11-22T06:50:34.651+0000] {taskinstance.py:1364} INFO - 
--------------------------------------------------------------------------------
[2023-11-22T06:50:34.683+0000] {taskinstance.py:1383} INFO - Executing <Task(GenericTransfer): upload_data_source> on 2023-11-22 06:48:13.662724+00:00
[2023-11-22T06:50:34.695+0000] {standard_task_runner.py:55} INFO - Started process 1857 to run task
[2023-11-22T06:50:34.702+0000] {standard_task_runner.py:82} INFO - Running: ['***', 'tasks', 'run', 'rand_user', 'upload_data_source', 'manual__2023-11-22T06:48:13.662724+00:00', '--job-id', '68', '--raw', '--subdir', 'DAGS_FOLDER/predictions.py', '--cfg-path', '/tmp/tmpcpnxh95c']
[2023-11-22T06:50:34.706+0000] {standard_task_runner.py:83} INFO - Job 68: Subtask upload_data_source
[2023-11-22T06:50:34.815+0000] {task_command.py:376} INFO - Running <TaskInstance: rand_user.upload_data_source manual__2023-11-22T06:48:13.662724+00:00 [running]> on host e4a6f7cdd654
[2023-11-22T06:50:34.937+0000] {taskinstance.py:1592} INFO - Exporting the following env vars:
AIRFLOW_CTX_DAG_OWNER=Gaurav
AIRFLOW_CTX_DAG_ID=rand_user
AIRFLOW_CTX_TASK_ID=upload_data_source
AIRFLOW_CTX_EXECUTION_DATE=2023-11-22T06:48:13.662724+00:00
AIRFLOW_CTX_TRY_NUMBER=2
AIRFLOW_CTX_DAG_RUN_ID=manual__2023-11-22T06:48:13.662724+00:00
[2023-11-22T06:50:34.955+0000] {base.py:71} INFO - Using connection ID 'postgres' for task execution.
[2023-11-22T06:50:35.376+0000] {base.py:71} INFO - Using connection ID 'source_db_***' for task execution.
[2023-11-22T06:50:35.746+0000] {generic_transfer.py:76} INFO - Extracting data from postgres
[2023-11-22T06:50:35.747+0000] {generic_transfer.py:77} INFO - Executing: 
 SELECT * FROM rand_users
[2023-11-22T06:50:35.757+0000] {base.py:71} INFO - Using connection ID 'postgres' for task execution.
[2023-11-22T06:50:35.766+0000] {generic_transfer.py:94} INFO - Running preoperator
[2023-11-22T06:50:35.766+0000] {generic_transfer.py:95} INFO - TRUNCATE TABLE rand_users
[2023-11-22T06:50:35.778+0000] {base.py:71} INFO - Using connection ID 'source_db_***' for task execution.
[2023-11-22T06:50:35.788+0000] {sql.py:315} INFO - Running statement: TRUNCATE TABLE rand_users, parameters: None
[2023-11-22T06:50:35.810+0000] {generic_transfer.py:104} INFO - Inserting rows into source_db_***
[2023-11-22T06:50:35.824+0000] {base.py:71} INFO - Using connection ID 'source_db_***' for task execution.
[2023-11-22T06:50:35.836+0000] {taskinstance.py:1851} ERROR - Task failed with exception
Traceback (most recent call last):
  File "/home/airflow/.local/lib/python3.7/site-packages/airflow/operators/generic_transfer.py", line 105, in execute
    insert_rows(table=self.destination_table, rows=results, **self.insert_args)
  File "/home/airflow/.local/lib/python3.7/site-packages/airflow/providers/common/sql/hooks/sql.py", line 409, in insert_rows
    cur.execute(sql, values)
psycopg2.errors.NotNullViolation: null value in column "age" violates not-null constraint
DETAIL:  Failing row contains (female, Mrs, Silvija, StanićStanković, Serbia, brownmouse709, daemon, silvija.stanicstankovic@example.com, 40, null).

[2023-11-22T06:50:35.853+0000] {taskinstance.py:1406} INFO - Marking task as UP_FOR_RETRY. dag_id=rand_user, task_id=upload_data_source, execution_date=20231122T064813, start_date=20231122T065034, end_date=20231122T065035
[2023-11-22T06:50:35.890+0000] {standard_task_runner.py:105} ERROR - Failed to execute job 68 for task upload_data_source (null value in column "age" violates not-null constraint
DETAIL:  Failing row contains (female, Mrs, Silvija, StanićStanković, Serbia, brownmouse709, daemon, silvija.stanicstankovic@example.com, 40, null).
; 1857)
[2023-11-22T06:50:35.916+0000] {local_task_job.py:164} INFO - Task exited with return code 1
[2023-11-22T06:50:35.967+0000] {local_task_job.py:273} INFO - 0 downstream tasks scheduled from follow-on schedule check
