[2023-11-22T09:22:22.761+0000] {taskinstance.py:1165} INFO - Dependencies all met for <TaskInstance: Data_transfer.process_user manual__2023-11-22T09:22:13.932864+00:00 [queued]>
[2023-11-22T09:22:22.773+0000] {taskinstance.py:1165} INFO - Dependencies all met for <TaskInstance: Data_transfer.process_user manual__2023-11-22T09:22:13.932864+00:00 [queued]>
[2023-11-22T09:22:22.774+0000] {taskinstance.py:1362} INFO - 
--------------------------------------------------------------------------------
[2023-11-22T09:22:22.774+0000] {taskinstance.py:1363} INFO - Starting attempt 1 of 3
[2023-11-22T09:22:22.774+0000] {taskinstance.py:1364} INFO - 
--------------------------------------------------------------------------------
[2023-11-22T09:22:22.789+0000] {taskinstance.py:1383} INFO - Executing <Task(PythonOperator): process_user> on 2023-11-22 09:22:13.932864+00:00
[2023-11-22T09:22:22.797+0000] {standard_task_runner.py:55} INFO - Started process 3903 to run task
[2023-11-22T09:22:22.801+0000] {standard_task_runner.py:82} INFO - Running: ['***', 'tasks', 'run', 'Data_transfer', 'process_user', 'manual__2023-11-22T09:22:13.932864+00:00', '--job-id', '73', '--raw', '--subdir', 'DAGS_FOLDER/data_transfer.py', '--cfg-path', '/tmp/tmpj2ogg58b']
[2023-11-22T09:22:22.803+0000] {standard_task_runner.py:83} INFO - Job 73: Subtask process_user
[2023-11-22T09:22:22.875+0000] {task_command.py:376} INFO - Running <TaskInstance: Data_transfer.process_user manual__2023-11-22T09:22:13.932864+00:00 [running]> on host f71f95879a41
[2023-11-22T09:22:22.947+0000] {taskinstance.py:1592} INFO - Exporting the following env vars:
AIRFLOW_CTX_DAG_OWNER=Gaurav
AIRFLOW_CTX_DAG_ID=Data_transfer
AIRFLOW_CTX_TASK_ID=process_user
AIRFLOW_CTX_EXECUTION_DATE=2023-11-22T09:22:13.932864+00:00
AIRFLOW_CTX_TRY_NUMBER=1
AIRFLOW_CTX_DAG_RUN_ID=manual__2023-11-22T09:22:13.932864+00:00
[2023-11-22T09:22:22.966+0000] {python.py:177} INFO - Done. Returned value was: None
[2023-11-22T09:22:22.976+0000] {taskinstance.py:1406} INFO - Marking task as SUCCESS. dag_id=Data_transfer, task_id=process_user, execution_date=20231122T092213, start_date=20231122T092222, end_date=20231122T092222
[2023-11-22T09:22:23.012+0000] {local_task_job.py:164} INFO - Task exited with return code 0
[2023-11-22T09:22:23.042+0000] {local_task_job.py:273} INFO - 1 downstream tasks scheduled from follow-on schedule check
