[2023-11-22T09:39:23.435+0000] {taskinstance.py:1165} INFO - Dependencies all met for <TaskInstance: Data_transfer.upload_data_source manual__2023-11-22T09:39:11.133415+00:00 [queued]>
[2023-11-22T09:39:23.451+0000] {taskinstance.py:1165} INFO - Dependencies all met for <TaskInstance: Data_transfer.upload_data_source manual__2023-11-22T09:39:11.133415+00:00 [queued]>
[2023-11-22T09:39:23.451+0000] {taskinstance.py:1362} INFO - 
--------------------------------------------------------------------------------
[2023-11-22T09:39:23.452+0000] {taskinstance.py:1363} INFO - Starting attempt 1 of 3
[2023-11-22T09:39:23.453+0000] {taskinstance.py:1364} INFO - 
--------------------------------------------------------------------------------
[2023-11-22T09:39:23.478+0000] {taskinstance.py:1383} INFO - Executing <Task(GenericTransfer): upload_data_source> on 2023-11-22 09:39:11.133415+00:00
[2023-11-22T09:39:23.487+0000] {standard_task_runner.py:55} INFO - Started process 4773 to run task
[2023-11-22T09:39:23.494+0000] {standard_task_runner.py:82} INFO - Running: ['***', 'tasks', 'run', 'Data_transfer', 'upload_data_source', 'manual__2023-11-22T09:39:11.133415+00:00', '--job-id', '99', '--raw', '--subdir', 'DAGS_FOLDER/data_transfer.py', '--cfg-path', '/tmp/tmpz64ihcad']
[2023-11-22T09:39:23.498+0000] {standard_task_runner.py:83} INFO - Job 99: Subtask upload_data_source
[2023-11-22T09:39:23.628+0000] {task_command.py:376} INFO - Running <TaskInstance: Data_transfer.upload_data_source manual__2023-11-22T09:39:11.133415+00:00 [running]> on host f71f95879a41
[2023-11-22T09:39:23.733+0000] {taskinstance.py:1592} INFO - Exporting the following env vars:
AIRFLOW_CTX_DAG_OWNER=Gaurav
AIRFLOW_CTX_DAG_ID=Data_transfer
AIRFLOW_CTX_TASK_ID=upload_data_source
AIRFLOW_CTX_EXECUTION_DATE=2023-11-22T09:39:11.133415+00:00
AIRFLOW_CTX_TRY_NUMBER=1
AIRFLOW_CTX_DAG_RUN_ID=manual__2023-11-22T09:39:11.133415+00:00
[2023-11-22T09:39:23.747+0000] {base.py:71} INFO - Using connection ID 'postgres' for task execution.
[2023-11-22T09:39:24.036+0000] {base.py:71} INFO - Using connection ID 'source_db_***' for task execution.
[2023-11-22T09:39:24.253+0000] {generic_transfer.py:76} INFO - Extracting data from postgres
[2023-11-22T09:39:24.253+0000] {generic_transfer.py:77} INFO - Executing: 
 SELECT * FROM table1_users
[2023-11-22T09:39:24.261+0000] {base.py:71} INFO - Using connection ID 'postgres' for task execution.
[2023-11-22T09:39:24.267+0000] {generic_transfer.py:94} INFO - Running preoperator
[2023-11-22T09:39:24.267+0000] {generic_transfer.py:95} INFO - TRUNCATE TABLE table1_users
[2023-11-22T09:39:24.275+0000] {base.py:71} INFO - Using connection ID 'source_db_***' for task execution.
[2023-11-22T09:39:24.281+0000] {sql.py:315} INFO - Running statement: TRUNCATE TABLE table1_users, parameters: None
[2023-11-22T09:39:25.831+0000] {generic_transfer.py:104} INFO - Inserting rows into source_db_***
[2023-11-22T09:39:25.840+0000] {base.py:71} INFO - Using connection ID 'source_db_***' for task execution.
[2023-11-22T09:39:25.928+0000] {sql.py:415} INFO - Done loading. Loaded a total of 4 rows
[2023-11-22T09:39:25.941+0000] {taskinstance.py:1406} INFO - Marking task as SUCCESS. dag_id=Data_transfer, task_id=upload_data_source, execution_date=20231122T093911, start_date=20231122T093923, end_date=20231122T093925
[2023-11-22T09:39:25.993+0000] {local_task_job.py:164} INFO - Task exited with return code 0
[2023-11-22T09:39:26.019+0000] {local_task_job.py:273} INFO - 1 downstream tasks scheduled from follow-on schedule check
