[2023-11-23T07:21:48.724+0000] {taskinstance.py:1165} INFO - Dependencies all met for <TaskInstance: rand_user.is_api_available scheduled__2023-11-23T07:06:44.757059+00:00 [queued]>
[2023-11-23T07:21:48.736+0000] {taskinstance.py:1165} INFO - Dependencies all met for <TaskInstance: rand_user.is_api_available scheduled__2023-11-23T07:06:44.757059+00:00 [queued]>
[2023-11-23T07:21:48.736+0000] {taskinstance.py:1362} INFO - 
--------------------------------------------------------------------------------
[2023-11-23T07:21:48.737+0000] {taskinstance.py:1363} INFO - Starting attempt 1 of 3
[2023-11-23T07:21:48.737+0000] {taskinstance.py:1364} INFO - 
--------------------------------------------------------------------------------
[2023-11-23T07:21:48.753+0000] {taskinstance.py:1383} INFO - Executing <Task(HttpSensor): is_api_available> on 2023-11-23 07:06:44.757059+00:00
[2023-11-23T07:21:48.759+0000] {standard_task_runner.py:55} INFO - Started process 9902 to run task
[2023-11-23T07:21:48.764+0000] {standard_task_runner.py:82} INFO - Running: ['***', 'tasks', 'run', 'rand_user', 'is_api_available', 'scheduled__2023-11-23T07:06:44.757059+00:00', '--job-id', '637', '--raw', '--subdir', 'DAGS_FOLDER/predictions.py', '--cfg-path', '/tmp/tmpys4h0grt']
[2023-11-23T07:21:48.766+0000] {standard_task_runner.py:83} INFO - Job 637: Subtask is_api_available
[2023-11-23T07:21:48.841+0000] {task_command.py:376} INFO - Running <TaskInstance: rand_user.is_api_available scheduled__2023-11-23T07:06:44.757059+00:00 [running]> on host f71f95879a41
[2023-11-23T07:21:48.914+0000] {taskinstance.py:1592} INFO - Exporting the following env vars:
AIRFLOW_CTX_DAG_OWNER=Gaurav
AIRFLOW_CTX_DAG_ID=rand_user
AIRFLOW_CTX_TASK_ID=is_api_available
AIRFLOW_CTX_EXECUTION_DATE=2023-11-23T07:06:44.757059+00:00
AIRFLOW_CTX_TRY_NUMBER=1
AIRFLOW_CTX_DAG_RUN_ID=scheduled__2023-11-23T07:06:44.757059+00:00
[2023-11-23T07:21:48.915+0000] {http.py:120} INFO - Poking: api/
[2023-11-23T07:21:48.926+0000] {base.py:71} INFO - Using connection ID 'rand_user_api' for task execution.
[2023-11-23T07:21:48.928+0000] {http.py:148} INFO - Sending 'GET' to url: https://randomuser.me/api/
[2023-11-23T07:21:49.492+0000] {base.py:213} INFO - Success criteria met. Exiting.
[2023-11-23T07:21:49.509+0000] {taskinstance.py:1406} INFO - Marking task as SUCCESS. dag_id=rand_user, task_id=is_api_available, execution_date=20231123T070644, start_date=20231123T072148, end_date=20231123T072149
[2023-11-23T07:21:49.578+0000] {local_task_job.py:164} INFO - Task exited with return code 0
[2023-11-23T07:21:49.661+0000] {local_task_job.py:273} INFO - 1 downstream tasks scheduled from follow-on schedule check
