[2023-11-23T08:31:54.135+0000] {taskinstance.py:1165} INFO - Dependencies all met for <TaskInstance: rand_user.process_user manual__2023-11-23T08:31:45.420076+00:00 [queued]>
[2023-11-23T08:31:54.167+0000] {taskinstance.py:1165} INFO - Dependencies all met for <TaskInstance: rand_user.process_user manual__2023-11-23T08:31:45.420076+00:00 [queued]>
[2023-11-23T08:31:54.170+0000] {taskinstance.py:1362} INFO - 
--------------------------------------------------------------------------------
[2023-11-23T08:31:54.170+0000] {taskinstance.py:1363} INFO - Starting attempt 1 of 3
[2023-11-23T08:31:54.171+0000] {taskinstance.py:1364} INFO - 
--------------------------------------------------------------------------------
[2023-11-23T08:31:54.207+0000] {taskinstance.py:1383} INFO - Executing <Task(PythonOperator): process_user> on 2023-11-23 08:31:45.420076+00:00
[2023-11-23T08:31:54.217+0000] {standard_task_runner.py:55} INFO - Started process 11147 to run task
[2023-11-23T08:31:54.225+0000] {standard_task_runner.py:82} INFO - Running: ['***', 'tasks', 'run', 'rand_user', 'process_user', 'manual__2023-11-23T08:31:45.420076+00:00', '--job-id', '681', '--raw', '--subdir', 'DAGS_FOLDER/predictions.py', '--cfg-path', '/tmp/tmpvlmcmq_y']
[2023-11-23T08:31:54.233+0000] {standard_task_runner.py:83} INFO - Job 681: Subtask process_user
[2023-11-23T08:31:54.448+0000] {task_command.py:376} INFO - Running <TaskInstance: rand_user.process_user manual__2023-11-23T08:31:45.420076+00:00 [running]> on host f71f95879a41
[2023-11-23T08:31:54.595+0000] {taskinstance.py:1592} INFO - Exporting the following env vars:
AIRFLOW_CTX_DAG_OWNER=Gaurav
AIRFLOW_CTX_DAG_ID=rand_user
AIRFLOW_CTX_TASK_ID=process_user
AIRFLOW_CTX_EXECUTION_DATE=2023-11-23T08:31:45.420076+00:00
AIRFLOW_CTX_TRY_NUMBER=1
AIRFLOW_CTX_DAG_RUN_ID=manual__2023-11-23T08:31:45.420076+00:00
[2023-11-23T08:31:54.624+0000] {logging_mixin.py:120} INFO - printing the user-data {'results': [{'gender': 'female', 'name': {'title': 'Ms', 'first': 'Estelle', 'last': 'Lopez'}, 'location': {'street': {'number': 965, 'name': 'Rue des Cuirassiers'}, 'city': 'Roubaix', 'state': 'Vendée', 'country': 'France', 'postcode': 65910, 'coordinates': {'latitude': '-17.4050', 'longitude': '88.5440'}, 'timezone': {'offset': '+7:00', 'description': 'Bangkok, Hanoi, Jakarta'}}, 'email': 'estelle.lopez@example.com', 'login': {'uuid': '59dd1bcf-983a-416a-9c33-1391d0fb5be0', 'username': 'brownbutterfly296', 'password': 'carpente', 'salt': 'FnPhyQYW', 'md5': '28f0611c59c4ce64787daefccb952fe5', 'sha1': 'e5a6be0448d39501f4ffe94c856d7540cca56195', 'sha256': 'c3024baeb3cd53092c014935393e2af24fbe238b688fa1bbfb1aa6e02f528571'}, 'dob': {'date': '1976-08-06T08:37:17.447Z', 'age': 47}, 'registered': {'date': '2003-10-12T02:29:28.183Z', 'age': 20}, 'phone': '01-97-37-80-89', 'cell': '06-26-75-53-21', 'id': {'name': 'INSEE', 'value': '2760705767843 42'}, 'picture': {'large': 'https://randomuser.me/api/portraits/women/78.jpg', 'medium': 'https://randomuser.me/api/portraits/med/women/78.jpg', 'thumbnail': 'https://randomuser.me/api/portraits/thumb/women/78.jpg'}, 'nat': 'FR'}], 'info': {'seed': '3fec125b01cb1d8d', 'results': 1, 'page': 1, 'version': '1.4'}}
[2023-11-23T08:31:54.651+0000] {python.py:177} INFO - Done. Returned value was: None
[2023-11-23T08:31:54.675+0000] {taskinstance.py:1406} INFO - Marking task as SUCCESS. dag_id=rand_user, task_id=process_user, execution_date=20231123T083145, start_date=20231123T083154, end_date=20231123T083154
[2023-11-23T08:31:54.719+0000] {local_task_job.py:164} INFO - Task exited with return code 0
[2023-11-23T08:31:54.754+0000] {local_task_job.py:273} INFO - 1 downstream tasks scheduled from follow-on schedule check
