[2023-11-22T09:37:17.901+0000] {taskinstance.py:1165} INFO - Dependencies all met for <TaskInstance: Data_transfer.store_user manual__2023-11-22T09:37:08.854232+00:00 [queued]>
[2023-11-22T09:37:17.913+0000] {taskinstance.py:1165} INFO - Dependencies all met for <TaskInstance: Data_transfer.store_user manual__2023-11-22T09:37:08.854232+00:00 [queued]>
[2023-11-22T09:37:17.914+0000] {taskinstance.py:1362} INFO - 
--------------------------------------------------------------------------------
[2023-11-22T09:37:17.914+0000] {taskinstance.py:1363} INFO - Starting attempt 1 of 3
[2023-11-22T09:37:17.914+0000] {taskinstance.py:1364} INFO - 
--------------------------------------------------------------------------------
[2023-11-22T09:37:17.933+0000] {taskinstance.py:1383} INFO - Executing <Task(PythonOperator): store_user> on 2023-11-22 09:37:08.854232+00:00
[2023-11-22T09:37:17.940+0000] {standard_task_runner.py:55} INFO - Started process 4644 to run task
[2023-11-22T09:37:17.944+0000] {standard_task_runner.py:82} INFO - Running: ['***', 'tasks', 'run', 'Data_transfer', 'store_user', 'manual__2023-11-22T09:37:08.854232+00:00', '--job-id', '89', '--raw', '--subdir', 'DAGS_FOLDER/data_transfer.py', '--cfg-path', '/tmp/tmp5y_3fu8n']
[2023-11-22T09:37:17.946+0000] {standard_task_runner.py:83} INFO - Job 89: Subtask store_user
[2023-11-22T09:37:18.016+0000] {task_command.py:376} INFO - Running <TaskInstance: Data_transfer.store_user manual__2023-11-22T09:37:08.854232+00:00 [running]> on host f71f95879a41
[2023-11-22T09:37:18.094+0000] {taskinstance.py:1592} INFO - Exporting the following env vars:
AIRFLOW_CTX_DAG_OWNER=Gaurav
AIRFLOW_CTX_DAG_ID=Data_transfer
AIRFLOW_CTX_TASK_ID=store_user
AIRFLOW_CTX_EXECUTION_DATE=2023-11-22T09:37:08.854232+00:00
AIRFLOW_CTX_TRY_NUMBER=1
AIRFLOW_CTX_DAG_RUN_ID=manual__2023-11-22T09:37:08.854232+00:00
[2023-11-22T09:37:18.096+0000] {postgres.py:129} INFO - Running copy expert: COPY table1_users FROM stdin WITH DELIMITER as ',', filename: /tmp/rand_processed_user.csv
[2023-11-22T09:37:18.107+0000] {base.py:71} INFO - Using connection ID 'postgres' for task execution.
[2023-11-22T09:37:18.113+0000] {python.py:177} INFO - Done. Returned value was: None
[2023-11-22T09:37:18.125+0000] {taskinstance.py:1406} INFO - Marking task as SUCCESS. dag_id=Data_transfer, task_id=store_user, execution_date=20231122T093708, start_date=20231122T093717, end_date=20231122T093718
[2023-11-22T09:37:18.156+0000] {local_task_job.py:164} INFO - Task exited with return code 0
[2023-11-22T09:37:18.186+0000] {local_task_job.py:273} INFO - 1 downstream tasks scheduled from follow-on schedule check
