[2023-11-10T04:49:49.981+0000] {taskinstance.py:1165} INFO - Dependencies all met for <TaskInstance: US_population.store_user manual__2023-11-10T04:47:38.648888+00:00 [queued]>
[2023-11-10T04:49:49.999+0000] {taskinstance.py:1165} INFO - Dependencies all met for <TaskInstance: US_population.store_user manual__2023-11-10T04:47:38.648888+00:00 [queued]>
[2023-11-10T04:49:49.999+0000] {taskinstance.py:1362} INFO - 
--------------------------------------------------------------------------------
[2023-11-10T04:49:50.000+0000] {taskinstance.py:1363} INFO - Starting attempt 3 of 3
[2023-11-10T04:49:50.000+0000] {taskinstance.py:1364} INFO - 
--------------------------------------------------------------------------------
[2023-11-10T04:49:50.019+0000] {taskinstance.py:1383} INFO - Executing <Task(PythonOperator): store_user> on 2023-11-10 04:47:38.648888+00:00
[2023-11-10T04:49:50.026+0000] {standard_task_runner.py:55} INFO - Started process 1767 to run task
[2023-11-10T04:49:50.031+0000] {standard_task_runner.py:82} INFO - Running: ['***', 'tasks', 'run', 'US_population', 'store_user', 'manual__2023-11-10T04:47:38.648888+00:00', '--job-id', '100', '--raw', '--subdir', 'DAGS_FOLDER/predictions.py', '--cfg-path', '/tmp/tmp03g0e7db']
[2023-11-10T04:49:50.034+0000] {standard_task_runner.py:83} INFO - Job 100: Subtask store_user
[2023-11-10T04:49:50.094+0000] {task_command.py:376} INFO - Running <TaskInstance: US_population.store_user manual__2023-11-10T04:47:38.648888+00:00 [running]> on host 91f7624ceef9
[2023-11-10T04:49:50.163+0000] {taskinstance.py:1592} INFO - Exporting the following env vars:
AIRFLOW_CTX_DAG_OWNER=Gaurav
AIRFLOW_CTX_DAG_ID=US_population
AIRFLOW_CTX_TASK_ID=store_user
AIRFLOW_CTX_EXECUTION_DATE=2023-11-10T04:47:38.648888+00:00
AIRFLOW_CTX_TRY_NUMBER=3
AIRFLOW_CTX_DAG_RUN_ID=manual__2023-11-10T04:47:38.648888+00:00
[2023-11-10T04:49:50.165+0000] {postgres.py:129} INFO - Running copy expert: COPY users FROM stdin WITH DELIMITER as ',', filename: /tmp/US_population.csv
[2023-11-10T04:49:50.174+0000] {base.py:71} INFO - Using connection ID 'postgres' for task execution.
[2023-11-10T04:49:50.178+0000] {taskinstance.py:1851} ERROR - Task failed with exception
Traceback (most recent call last):
  File "/home/airflow/.local/lib/python3.7/site-packages/airflow/operators/python.py", line 175, in execute
    return_value = self.execute_callable()
  File "/home/airflow/.local/lib/python3.7/site-packages/airflow/operators/python.py", line 193, in execute_callable
    return self.python_callable(*self.op_args, **self.op_kwargs)
  File "/opt/airflow/dags/predictions.py", line 60, in _store_user
    filename='/tmp/US_population.csv'
  File "/home/airflow/.local/lib/python3.7/site-packages/airflow/providers/postgres/hooks/postgres.py", line 137, in copy_expert
    cur.copy_expert(sql, file)
psycopg2.errors.UndefinedTable: relation "users" does not exist

[2023-11-10T04:49:50.187+0000] {taskinstance.py:1406} INFO - Marking task as FAILED. dag_id=US_population, task_id=store_user, execution_date=20231110T044738, start_date=20231110T044949, end_date=20231110T044950
[2023-11-10T04:49:50.199+0000] {standard_task_runner.py:105} ERROR - Failed to execute job 100 for task store_user (relation "users" does not exist
; 1767)
[2023-11-10T04:49:50.242+0000] {local_task_job.py:164} INFO - Task exited with return code 1
[2023-11-10T04:49:50.260+0000] {local_task_job.py:273} INFO - 0 downstream tasks scheduled from follow-on schedule check
