[2023-11-22T05:27:13.759+0000] {taskinstance.py:1165} INFO - Dependencies all met for <TaskInstance: rand_user.is_api_available manual__2023-11-22T05:27:09.317829+00:00 [queued]>
[2023-11-22T05:27:13.790+0000] {taskinstance.py:1165} INFO - Dependencies all met for <TaskInstance: rand_user.is_api_available manual__2023-11-22T05:27:09.317829+00:00 [queued]>
[2023-11-22T05:27:13.791+0000] {taskinstance.py:1362} INFO - 
--------------------------------------------------------------------------------
[2023-11-22T05:27:13.791+0000] {taskinstance.py:1363} INFO - Starting attempt 1 of 3
[2023-11-22T05:27:13.792+0000] {taskinstance.py:1364} INFO - 
--------------------------------------------------------------------------------
[2023-11-22T05:27:13.833+0000] {taskinstance.py:1383} INFO - Executing <Task(HttpSensor): is_api_available> on 2023-11-22 05:27:09.317829+00:00
[2023-11-22T05:27:13.847+0000] {standard_task_runner.py:55} INFO - Started process 5339 to run task
[2023-11-22T05:27:13.856+0000] {standard_task_runner.py:82} INFO - Running: ['***', 'tasks', 'run', 'rand_user', 'is_api_available', 'manual__2023-11-22T05:27:09.317829+00:00', '--job-id', '664', '--raw', '--subdir', 'DAGS_FOLDER/predictions.py', '--cfg-path', '/tmp/tmpsz23lx93']
[2023-11-22T05:27:13.864+0000] {standard_task_runner.py:83} INFO - Job 664: Subtask is_api_available
[2023-11-22T05:27:13.985+0000] {task_command.py:376} INFO - Running <TaskInstance: rand_user.is_api_available manual__2023-11-22T05:27:09.317829+00:00 [running]> on host 91f7624ceef9
[2023-11-22T05:27:14.115+0000] {taskinstance.py:1592} INFO - Exporting the following env vars:
AIRFLOW_CTX_DAG_OWNER=Gaurav
AIRFLOW_CTX_DAG_ID=rand_user
AIRFLOW_CTX_TASK_ID=is_api_available
AIRFLOW_CTX_EXECUTION_DATE=2023-11-22T05:27:09.317829+00:00
AIRFLOW_CTX_TRY_NUMBER=1
AIRFLOW_CTX_DAG_RUN_ID=manual__2023-11-22T05:27:09.317829+00:00
[2023-11-22T05:27:14.117+0000] {http.py:120} INFO - Poking: api/
[2023-11-22T05:27:14.133+0000] {base.py:71} INFO - Using connection ID 'rand_user' for task execution.
[2023-11-22T05:27:14.137+0000] {http.py:148} INFO - Sending 'GET' to url: https://randomuser.me/api/
[2023-11-22T05:27:14.575+0000] {base.py:213} INFO - Success criteria met. Exiting.
[2023-11-22T05:27:14.590+0000] {taskinstance.py:1406} INFO - Marking task as SUCCESS. dag_id=rand_user, task_id=is_api_available, execution_date=20231122T052709, start_date=20231122T052713, end_date=20231122T052714
[2023-11-22T05:27:14.641+0000] {local_task_job.py:164} INFO - Task exited with return code 0
[2023-11-22T05:27:14.707+0000] {local_task_job.py:273} INFO - 1 downstream tasks scheduled from follow-on schedule check
