[2023-11-23T04:22:48.467+0000] {taskinstance.py:1165} INFO - Dependencies all met for <TaskInstance: rand_user.is_api_available scheduled__2023-11-23T03:51:38.543003+00:00 [queued]>
[2023-11-23T04:22:48.477+0000] {taskinstance.py:1165} INFO - Dependencies all met for <TaskInstance: rand_user.is_api_available scheduled__2023-11-23T03:51:38.543003+00:00 [queued]>
[2023-11-23T04:22:48.478+0000] {taskinstance.py:1362} INFO - 
--------------------------------------------------------------------------------
[2023-11-23T04:22:48.478+0000] {taskinstance.py:1363} INFO - Starting attempt 1 of 3
[2023-11-23T04:22:48.479+0000] {taskinstance.py:1364} INFO - 
--------------------------------------------------------------------------------
[2023-11-23T04:22:48.492+0000] {taskinstance.py:1383} INFO - Executing <Task(HttpSensor): is_api_available> on 2023-11-23 03:51:38.543003+00:00
[2023-11-23T04:22:48.498+0000] {standard_task_runner.py:55} INFO - Started process 396 to run task
[2023-11-23T04:22:48.502+0000] {standard_task_runner.py:82} INFO - Running: ['***', 'tasks', 'run', 'rand_user', 'is_api_available', 'scheduled__2023-11-23T03:51:38.543003+00:00', '--job-id', '257', '--raw', '--subdir', 'DAGS_FOLDER/predictions.py', '--cfg-path', '/tmp/tmpy4iztrhn']
[2023-11-23T04:22:48.504+0000] {standard_task_runner.py:83} INFO - Job 257: Subtask is_api_available
[2023-11-23T04:22:48.562+0000] {task_command.py:376} INFO - Running <TaskInstance: rand_user.is_api_available scheduled__2023-11-23T03:51:38.543003+00:00 [running]> on host f71f95879a41
[2023-11-23T04:22:48.631+0000] {taskinstance.py:1592} INFO - Exporting the following env vars:
AIRFLOW_CTX_DAG_OWNER=Gaurav
AIRFLOW_CTX_DAG_ID=rand_user
AIRFLOW_CTX_TASK_ID=is_api_available
AIRFLOW_CTX_EXECUTION_DATE=2023-11-23T03:51:38.543003+00:00
AIRFLOW_CTX_TRY_NUMBER=1
AIRFLOW_CTX_DAG_RUN_ID=scheduled__2023-11-23T03:51:38.543003+00:00
[2023-11-23T04:22:48.632+0000] {http.py:120} INFO - Poking: api/
[2023-11-23T04:22:48.641+0000] {base.py:71} INFO - Using connection ID 'rand_user_api' for task execution.
[2023-11-23T04:22:48.643+0000] {http.py:148} INFO - Sending 'GET' to url: https://randomuser.me/api/
[2023-11-23T04:22:49.085+0000] {base.py:213} INFO - Success criteria met. Exiting.
[2023-11-23T04:22:49.103+0000] {taskinstance.py:1406} INFO - Marking task as SUCCESS. dag_id=rand_user, task_id=is_api_available, execution_date=20231123T035138, start_date=20231123T042248, end_date=20231123T042249
[2023-11-23T04:22:49.156+0000] {local_task_job.py:164} INFO - Task exited with return code 0
[2023-11-23T04:22:49.192+0000] {local_task_job.py:273} INFO - 1 downstream tasks scheduled from follow-on schedule check
