[2023-11-22T09:06:48.631+0000] {taskinstance.py:1165} INFO - Dependencies all met for <TaskInstance: Data_transfer.Create_table manual__2023-11-22T09:06:47.314962+00:00 [queued]>
[2023-11-22T09:06:48.644+0000] {taskinstance.py:1165} INFO - Dependencies all met for <TaskInstance: Data_transfer.Create_table manual__2023-11-22T09:06:47.314962+00:00 [queued]>
[2023-11-22T09:06:48.644+0000] {taskinstance.py:1362} INFO - 
--------------------------------------------------------------------------------
[2023-11-22T09:06:48.645+0000] {taskinstance.py:1363} INFO - Starting attempt 1 of 3
[2023-11-22T09:06:48.645+0000] {taskinstance.py:1364} INFO - 
--------------------------------------------------------------------------------
[2023-11-22T09:06:48.668+0000] {taskinstance.py:1383} INFO - Executing <Task(PostgresOperator): Create_table> on 2023-11-22 09:06:47.314962+00:00
[2023-11-22T09:06:48.678+0000] {standard_task_runner.py:55} INFO - Started process 3059 to run task
[2023-11-22T09:06:48.683+0000] {standard_task_runner.py:82} INFO - Running: ['***', 'tasks', 'run', 'Data_transfer', 'Create_table', 'manual__2023-11-22T09:06:47.314962+00:00', '--job-id', '35', '--raw', '--subdir', 'DAGS_FOLDER/data_transfer.py', '--cfg-path', '/tmp/tmp4fhog9j1']
[2023-11-22T09:06:48.685+0000] {standard_task_runner.py:83} INFO - Job 35: Subtask Create_table
[2023-11-22T09:06:48.771+0000] {task_command.py:376} INFO - Running <TaskInstance: Data_transfer.Create_table manual__2023-11-22T09:06:47.314962+00:00 [running]> on host f71f95879a41
[2023-11-22T09:06:48.870+0000] {taskinstance.py:1592} INFO - Exporting the following env vars:
AIRFLOW_CTX_DAG_OWNER=Gaurav
AIRFLOW_CTX_DAG_ID=Data_transfer
AIRFLOW_CTX_TASK_ID=Create_table
AIRFLOW_CTX_EXECUTION_DATE=2023-11-22T09:06:47.314962+00:00
AIRFLOW_CTX_TRY_NUMBER=1
AIRFLOW_CTX_DAG_RUN_ID=manual__2023-11-22T09:06:47.314962+00:00
[2023-11-22T09:06:48.893+0000] {taskinstance.py:1851} ERROR - Task failed with exception
Traceback (most recent call last):
  File "/home/airflow/.local/lib/python3.7/site-packages/airflow/providers/postgres/operators/postgres.py", line 94, in execute
    self.hook.run(self.sql, self.autocommit, parameters=self.parameters)
  File "/home/airflow/.local/lib/python3.7/site-packages/airflow/providers/common/sql/hooks/sql.py", line 288, in run
    with closing(self.get_conn()) as conn:
  File "/home/airflow/.local/lib/python3.7/site-packages/airflow/providers/postgres/hooks/postgres.py", line 88, in get_conn
    conn = deepcopy(self.connection or self.get_connection(conn_id))
  File "/home/airflow/.local/lib/python3.7/site-packages/airflow/hooks/base.py", line 70, in get_connection
    conn = Connection.get_connection_from_secrets(conn_id)
  File "/home/airflow/.local/lib/python3.7/site-packages/airflow/models/connection.py", line 432, in get_connection_from_secrets
    raise AirflowNotFoundException(f"The conn_id `{conn_id}` isn't defined")
airflow.exceptions.AirflowNotFoundException: The conn_id `postrgres` isn't defined
[2023-11-22T09:06:48.901+0000] {taskinstance.py:1406} INFO - Marking task as UP_FOR_RETRY. dag_id=Data_transfer, task_id=Create_table, execution_date=20231122T090647, start_date=20231122T090648, end_date=20231122T090648
[2023-11-22T09:06:48.918+0000] {standard_task_runner.py:105} ERROR - Failed to execute job 35 for task Create_table (The conn_id `postrgres` isn't defined; 3059)
[2023-11-22T09:06:48.934+0000] {local_task_job.py:164} INFO - Task exited with return code 1
[2023-11-22T09:06:48.975+0000] {local_task_job.py:273} INFO - 0 downstream tasks scheduled from follow-on schedule check
