[2023-11-22T10:06:53.947+0000] {taskinstance.py:1165} INFO - Dependencies all met for <TaskInstance: Data_transfer.extract_user manual__2023-11-22T10:06:47.227942+00:00 [queued]>
[2023-11-22T10:06:53.965+0000] {taskinstance.py:1165} INFO - Dependencies all met for <TaskInstance: Data_transfer.extract_user manual__2023-11-22T10:06:47.227942+00:00 [queued]>
[2023-11-22T10:06:53.966+0000] {taskinstance.py:1362} INFO - 
--------------------------------------------------------------------------------
[2023-11-22T10:06:53.966+0000] {taskinstance.py:1363} INFO - Starting attempt 1 of 3
[2023-11-22T10:06:53.966+0000] {taskinstance.py:1364} INFO - 
--------------------------------------------------------------------------------
[2023-11-22T10:06:53.984+0000] {taskinstance.py:1383} INFO - Executing <Task(SimpleHttpOperator): extract_user> on 2023-11-22 10:06:47.227942+00:00
[2023-11-22T10:06:53.991+0000] {standard_task_runner.py:55} INFO - Started process 6193 to run task
[2023-11-22T10:06:53.996+0000] {standard_task_runner.py:82} INFO - Running: ['***', 'tasks', 'run', 'Data_transfer', 'extract_user', 'manual__2023-11-22T10:06:47.227942+00:00', '--job-id', '144', '--raw', '--subdir', 'DAGS_FOLDER/data_transfer.py', '--cfg-path', '/tmp/tmpl4l7bt_u']
[2023-11-22T10:06:53.998+0000] {standard_task_runner.py:83} INFO - Job 144: Subtask extract_user
[2023-11-22T10:06:54.070+0000] {task_command.py:376} INFO - Running <TaskInstance: Data_transfer.extract_user manual__2023-11-22T10:06:47.227942+00:00 [running]> on host f71f95879a41
[2023-11-22T10:06:54.148+0000] {taskinstance.py:1592} INFO - Exporting the following env vars:
AIRFLOW_CTX_DAG_OWNER=Gaurav
AIRFLOW_CTX_DAG_ID=Data_transfer
AIRFLOW_CTX_TASK_ID=extract_user
AIRFLOW_CTX_EXECUTION_DATE=2023-11-22T10:06:47.227942+00:00
AIRFLOW_CTX_TRY_NUMBER=1
AIRFLOW_CTX_DAG_RUN_ID=manual__2023-11-22T10:06:47.227942+00:00
[2023-11-22T10:06:54.149+0000] {http.py:121} INFO - Calling HTTP method
[2023-11-22T10:06:54.162+0000] {base.py:71} INFO - Using connection ID 'rand_user_api' for task execution.
[2023-11-22T10:06:54.164+0000] {http.py:148} INFO - Sending 'GET' to url: https://randomuser.me/api/
[2023-11-22T10:06:54.567+0000] {http.py:125} INFO - {"results":[{"gender":"female","name":{"title":"Miss","first":"Carolina","last":"Sánchez"},"location":{"street":{"number":626,"name":"Avenida de Salamanca"},"city":"Valencia","state":"Asturias","country":"Spain","postcode":43575,"coordinates":{"latitude":"-33.5435","longitude":"89.3269"},"timezone":{"offset":"-8:00","description":"Pacific Time (US & Canada)"}},"email":"carolina.sanchez@example.com","login":{"uuid":"3d0212e1-5baa-4430-b868-6cf0d49a9ee5","username":"orangegorilla793","password":"girsl","salt":"SPNpnb8H","md5":"e43204662de31bf2531e109c14e18091","sha1":"3a0730e0fabd238ab65fa5cb3ecd4e57b75a455e","sha256":"4b320cb55586398e1e29d12a2ae7caf5b80e7246eb8bc7f2c4c026dac6dd9d11"},"dob":{"date":"2000-02-14T12:54:32.504Z","age":23},"registered":{"date":"2003-02-04T09:41:26.908Z","age":20},"phone":"925-658-835","cell":"603-698-112","id":{"name":"DNI","value":"76444275-V"},"picture":{"large":"https://randomuser.me/api/portraits/women/83.jpg","medium":"https://randomuser.me/api/portraits/med/women/83.jpg","thumbnail":"https://randomuser.me/api/portraits/thumb/women/83.jpg"},"nat":"ES"}],"info":{"seed":"201620a245f15b06","results":1,"page":1,"version":"1.4"}}
[2023-11-22T10:06:54.593+0000] {taskinstance.py:1406} INFO - Marking task as SUCCESS. dag_id=Data_transfer, task_id=extract_user, execution_date=20231122T100647, start_date=20231122T100653, end_date=20231122T100654
[2023-11-22T10:06:54.649+0000] {local_task_job.py:164} INFO - Task exited with return code 0
[2023-11-22T10:06:54.681+0000] {local_task_job.py:273} INFO - 1 downstream tasks scheduled from follow-on schedule check
