[2023-11-23T04:48:15.168+0000] {taskinstance.py:1165} INFO - Dependencies all met for <TaskInstance: Data_transfer.upload_data_source scheduled__2023-11-23T04:18:04.853042+00:00 [queued]>
[2023-11-23T04:48:15.180+0000] {taskinstance.py:1165} INFO - Dependencies all met for <TaskInstance: Data_transfer.upload_data_source scheduled__2023-11-23T04:18:04.853042+00:00 [queued]>
[2023-11-23T04:48:15.181+0000] {taskinstance.py:1362} INFO - 
--------------------------------------------------------------------------------
[2023-11-23T04:48:15.181+0000] {taskinstance.py:1363} INFO - Starting attempt 1 of 3
[2023-11-23T04:48:15.182+0000] {taskinstance.py:1364} INFO - 
--------------------------------------------------------------------------------
[2023-11-23T04:48:15.197+0000] {taskinstance.py:1383} INFO - Executing <Task(GenericTransfer): upload_data_source> on 2023-11-23 04:18:04.853042+00:00
[2023-11-23T04:48:15.203+0000] {standard_task_runner.py:55} INFO - Started process 1719 to run task
[2023-11-23T04:48:15.207+0000] {standard_task_runner.py:82} INFO - Running: ['***', 'tasks', 'run', 'Data_transfer', 'upload_data_source', 'scheduled__2023-11-23T04:18:04.853042+00:00', '--job-id', '299', '--raw', '--subdir', 'DAGS_FOLDER/data_transfer.py', '--cfg-path', '/tmp/tmphz3v9a1h']
[2023-11-23T04:48:15.209+0000] {standard_task_runner.py:83} INFO - Job 299: Subtask upload_data_source
[2023-11-23T04:48:15.277+0000] {task_command.py:376} INFO - Running <TaskInstance: Data_transfer.upload_data_source scheduled__2023-11-23T04:18:04.853042+00:00 [running]> on host f71f95879a41
[2023-11-23T04:48:15.349+0000] {taskinstance.py:1592} INFO - Exporting the following env vars:
AIRFLOW_CTX_DAG_OWNER=Gaurav
AIRFLOW_CTX_DAG_ID=Data_transfer
AIRFLOW_CTX_TASK_ID=upload_data_source
AIRFLOW_CTX_EXECUTION_DATE=2023-11-23T04:18:04.853042+00:00
AIRFLOW_CTX_TRY_NUMBER=1
AIRFLOW_CTX_DAG_RUN_ID=scheduled__2023-11-23T04:18:04.853042+00:00
[2023-11-23T04:48:15.359+0000] {base.py:71} INFO - Using connection ID 'postgres' for task execution.
[2023-11-23T04:48:15.572+0000] {base.py:71} INFO - Using connection ID 'source_db_***' for task execution.
[2023-11-23T04:48:15.752+0000] {generic_transfer.py:76} INFO - Extracting data from postgres
[2023-11-23T04:48:15.752+0000] {generic_transfer.py:77} INFO - Executing: 
 SELECT * FROM ***_users
[2023-11-23T04:48:15.759+0000] {base.py:71} INFO - Using connection ID 'postgres' for task execution.
[2023-11-23T04:48:15.764+0000] {generic_transfer.py:104} INFO - Inserting rows into source_db_***
[2023-11-23T04:48:15.772+0000] {base.py:71} INFO - Using connection ID 'source_db_***' for task execution.
[2023-11-23T04:48:15.782+0000] {sql.py:415} INFO - Done loading. Loaded a total of 0 rows
[2023-11-23T04:48:15.792+0000] {taskinstance.py:1406} INFO - Marking task as SUCCESS. dag_id=Data_transfer, task_id=upload_data_source, execution_date=20231123T041804, start_date=20231123T044815, end_date=20231123T044815
[2023-11-23T04:48:15.820+0000] {local_task_job.py:164} INFO - Task exited with return code 0
[2023-11-23T04:48:15.856+0000] {local_task_job.py:273} INFO - 1 downstream tasks scheduled from follow-on schedule check
