[2023-11-10T11:45:41.964+0000] {taskinstance.py:1165} INFO - Dependencies all met for <TaskInstance: rand_user.destinatin_table manual__2023-11-10T11:45:33.049863+00:00 [queued]>
[2023-11-10T11:45:41.981+0000] {taskinstance.py:1165} INFO - Dependencies all met for <TaskInstance: rand_user.destinatin_table manual__2023-11-10T11:45:33.049863+00:00 [queued]>
[2023-11-10T11:45:41.981+0000] {taskinstance.py:1362} INFO - 
--------------------------------------------------------------------------------
[2023-11-10T11:45:41.982+0000] {taskinstance.py:1363} INFO - Starting attempt 1 of 3
[2023-11-10T11:45:41.982+0000] {taskinstance.py:1364} INFO - 
--------------------------------------------------------------------------------
[2023-11-10T11:45:41.997+0000] {taskinstance.py:1383} INFO - Executing <Task(PostgresOperator): destinatin_table> on 2023-11-10 11:45:33.049863+00:00
[2023-11-10T11:45:42.004+0000] {standard_task_runner.py:55} INFO - Started process 7382 to run task
[2023-11-10T11:45:42.008+0000] {standard_task_runner.py:82} INFO - Running: ['***', 'tasks', 'run', 'rand_user', 'destinatin_table', 'manual__2023-11-10T11:45:33.049863+00:00', '--job-id', '253', '--raw', '--subdir', 'DAGS_FOLDER/predictions.py', '--cfg-path', '/tmp/tmp25rfdll6']
[2023-11-10T11:45:42.010+0000] {standard_task_runner.py:83} INFO - Job 253: Subtask destinatin_table
[2023-11-10T11:45:42.091+0000] {task_command.py:376} INFO - Running <TaskInstance: rand_user.destinatin_table manual__2023-11-10T11:45:33.049863+00:00 [running]> on host 91f7624ceef9
[2023-11-10T11:45:42.168+0000] {taskinstance.py:1592} INFO - Exporting the following env vars:
AIRFLOW_CTX_DAG_OWNER=Gaurav
AIRFLOW_CTX_DAG_ID=rand_user
AIRFLOW_CTX_TASK_ID=destinatin_table
AIRFLOW_CTX_EXECUTION_DATE=2023-11-10T11:45:33.049863+00:00
AIRFLOW_CTX_TRY_NUMBER=1
AIRFLOW_CTX_DAG_RUN_ID=manual__2023-11-10T11:45:33.049863+00:00
[2023-11-10T11:45:42.178+0000] {base.py:71} INFO - Using connection ID 'pgadmin_connection' for task execution.
[2023-11-10T11:45:42.186+0000] {sql.py:315} INFO - Running statement: 
        CREATE TABLE IF NOT EXISTS rand_dest_users (
        gender TEXT NOT NULL,
        title TEXT NOT NULL,
        firstname TEXT NOT NULL,
        lastname TEXT NOT NULL,
        country TEXT NOT NULL,
        username TEXT NOT NULL,
        password TEXT NOT NULL,
        email TEXT NOT NULL,
        age TEXT NOT NULL)
        , parameters: None
[2023-11-10T11:45:42.208+0000] {taskinstance.py:1406} INFO - Marking task as SUCCESS. dag_id=rand_user, task_id=destinatin_table, execution_date=20231110T114533, start_date=20231110T114541, end_date=20231110T114542
[2023-11-10T11:45:42.259+0000] {local_task_job.py:164} INFO - Task exited with return code 0
[2023-11-10T11:45:42.286+0000] {local_task_job.py:273} INFO - 1 downstream tasks scheduled from follow-on schedule check
