[2023-11-22T06:02:33.496+0000] {taskinstance.py:1165} INFO - Dependencies all met for <TaskInstance: rand_user.process_user scheduled__2023-11-22T05:32:25.385463+00:00 [queued]>
[2023-11-22T06:02:33.514+0000] {taskinstance.py:1165} INFO - Dependencies all met for <TaskInstance: rand_user.process_user scheduled__2023-11-22T05:32:25.385463+00:00 [queued]>
[2023-11-22T06:02:33.515+0000] {taskinstance.py:1362} INFO - 
--------------------------------------------------------------------------------
[2023-11-22T06:02:33.515+0000] {taskinstance.py:1363} INFO - Starting attempt 1 of 3
[2023-11-22T06:02:33.516+0000] {taskinstance.py:1364} INFO - 
--------------------------------------------------------------------------------
[2023-11-22T06:02:33.539+0000] {taskinstance.py:1383} INFO - Executing <Task(PythonOperator): process_user> on 2023-11-22 05:32:25.385463+00:00
[2023-11-22T06:02:33.549+0000] {standard_task_runner.py:55} INFO - Started process 7161 to run task
[2023-11-22T06:02:33.556+0000] {standard_task_runner.py:82} INFO - Running: ['***', 'tasks', 'run', 'rand_user', 'process_user', 'scheduled__2023-11-22T05:32:25.385463+00:00', '--job-id', '791', '--raw', '--subdir', 'DAGS_FOLDER/predictions.py', '--cfg-path', '/tmp/tmppi3jgchx']
[2023-11-22T06:02:33.560+0000] {standard_task_runner.py:83} INFO - Job 791: Subtask process_user
[2023-11-22T06:02:33.668+0000] {task_command.py:376} INFO - Running <TaskInstance: rand_user.process_user scheduled__2023-11-22T05:32:25.385463+00:00 [running]> on host 91f7624ceef9
[2023-11-22T06:02:33.787+0000] {taskinstance.py:1592} INFO - Exporting the following env vars:
AIRFLOW_CTX_DAG_OWNER=Gaurav
AIRFLOW_CTX_DAG_ID=rand_user
AIRFLOW_CTX_TASK_ID=process_user
AIRFLOW_CTX_EXECUTION_DATE=2023-11-22T05:32:25.385463+00:00
AIRFLOW_CTX_TRY_NUMBER=1
AIRFLOW_CTX_DAG_RUN_ID=scheduled__2023-11-22T05:32:25.385463+00:00
[2023-11-22T06:02:33.819+0000] {python.py:177} INFO - Done. Returned value was: None
[2023-11-22T06:02:33.836+0000] {taskinstance.py:1406} INFO - Marking task as SUCCESS. dag_id=rand_user, task_id=process_user, execution_date=20231122T053225, start_date=20231122T060233, end_date=20231122T060233
[2023-11-22T06:02:33.887+0000] {local_task_job.py:164} INFO - Task exited with return code 0
[2023-11-22T06:02:33.936+0000] {local_task_job.py:273} INFO - 1 downstream tasks scheduled from follow-on schedule check
