[2023-11-22T10:26:22.704+0000] {taskinstance.py:1165} INFO - Dependencies all met for <TaskInstance: Data_transfer.upload_data_source manual__2023-11-22T10:26:09.979586+00:00 [queued]>
[2023-11-22T10:26:22.718+0000] {taskinstance.py:1165} INFO - Dependencies all met for <TaskInstance: Data_transfer.upload_data_source manual__2023-11-22T10:26:09.979586+00:00 [queued]>
[2023-11-22T10:26:22.718+0000] {taskinstance.py:1362} INFO - 
--------------------------------------------------------------------------------
[2023-11-22T10:26:22.719+0000] {taskinstance.py:1363} INFO - Starting attempt 1 of 3
[2023-11-22T10:26:22.719+0000] {taskinstance.py:1364} INFO - 
--------------------------------------------------------------------------------
[2023-11-22T10:26:22.736+0000] {taskinstance.py:1383} INFO - Executing <Task(GenericTransfer): upload_data_source> on 2023-11-22 10:26:09.979586+00:00
[2023-11-22T10:26:22.742+0000] {standard_task_runner.py:55} INFO - Started process 7238 to run task
[2023-11-22T10:26:22.747+0000] {standard_task_runner.py:82} INFO - Running: ['***', 'tasks', 'run', 'Data_transfer', 'upload_data_source', 'manual__2023-11-22T10:26:09.979586+00:00', '--job-id', '196', '--raw', '--subdir', 'DAGS_FOLDER/data_transfer.py', '--cfg-path', '/tmp/tmpk_evc_d0']
[2023-11-22T10:26:22.750+0000] {standard_task_runner.py:83} INFO - Job 196: Subtask upload_data_source
[2023-11-22T10:26:22.820+0000] {task_command.py:376} INFO - Running <TaskInstance: Data_transfer.upload_data_source manual__2023-11-22T10:26:09.979586+00:00 [running]> on host f71f95879a41
[2023-11-22T10:26:22.888+0000] {taskinstance.py:1592} INFO - Exporting the following env vars:
AIRFLOW_CTX_DAG_OWNER=Gaurav
AIRFLOW_CTX_DAG_ID=Data_transfer
AIRFLOW_CTX_TASK_ID=upload_data_source
AIRFLOW_CTX_EXECUTION_DATE=2023-11-22T10:26:09.979586+00:00
AIRFLOW_CTX_TRY_NUMBER=1
AIRFLOW_CTX_DAG_RUN_ID=manual__2023-11-22T10:26:09.979586+00:00
[2023-11-22T10:26:22.898+0000] {base.py:71} INFO - Using connection ID 'postgres' for task execution.
[2023-11-22T10:26:23.099+0000] {base.py:71} INFO - Using connection ID 'source_db_***' for task execution.
[2023-11-22T10:26:23.353+0000] {generic_transfer.py:76} INFO - Extracting data from postgres
[2023-11-22T10:26:23.354+0000] {generic_transfer.py:77} INFO - Executing: 
 SELECT * FROM ***_users
[2023-11-22T10:26:23.362+0000] {base.py:71} INFO - Using connection ID 'postgres' for task execution.
[2023-11-22T10:26:23.368+0000] {generic_transfer.py:104} INFO - Inserting rows into source_db_***
[2023-11-22T10:26:23.376+0000] {base.py:71} INFO - Using connection ID 'source_db_***' for task execution.
[2023-11-22T10:26:23.385+0000] {sql.py:415} INFO - Done loading. Loaded a total of 0 rows
[2023-11-22T10:26:23.395+0000] {taskinstance.py:1406} INFO - Marking task as SUCCESS. dag_id=Data_transfer, task_id=upload_data_source, execution_date=20231122T102609, start_date=20231122T102622, end_date=20231122T102623
[2023-11-22T10:26:23.440+0000] {local_task_job.py:164} INFO - Task exited with return code 0
[2023-11-22T10:26:23.480+0000] {local_task_job.py:273} INFO - 1 downstream tasks scheduled from follow-on schedule check
