[2023-11-23T06:45:14.354+0000] {taskinstance.py:1165} INFO - Dependencies all met for <TaskInstance: rand_user.process_user manual__2023-11-23T06:45:05.918565+00:00 [queued]>
[2023-11-23T06:45:14.367+0000] {taskinstance.py:1165} INFO - Dependencies all met for <TaskInstance: rand_user.process_user manual__2023-11-23T06:45:05.918565+00:00 [queued]>
[2023-11-23T06:45:14.367+0000] {taskinstance.py:1362} INFO - 
--------------------------------------------------------------------------------
[2023-11-23T06:45:14.367+0000] {taskinstance.py:1363} INFO - Starting attempt 1 of 3
[2023-11-23T06:45:14.368+0000] {taskinstance.py:1364} INFO - 
--------------------------------------------------------------------------------
[2023-11-23T06:45:14.382+0000] {taskinstance.py:1383} INFO - Executing <Task(PythonOperator): process_user> on 2023-11-23 06:45:05.918565+00:00
[2023-11-23T06:45:14.388+0000] {standard_task_runner.py:55} INFO - Started process 7933 to run task
[2023-11-23T06:45:14.393+0000] {standard_task_runner.py:82} INFO - Running: ['***', 'tasks', 'run', 'rand_user', 'process_user', 'manual__2023-11-23T06:45:05.918565+00:00', '--job-id', '547', '--raw', '--subdir', 'DAGS_FOLDER/predictions.py', '--cfg-path', '/tmp/tmp2b6teql0']
[2023-11-23T06:45:14.395+0000] {standard_task_runner.py:83} INFO - Job 547: Subtask process_user
[2023-11-23T06:45:14.474+0000] {task_command.py:376} INFO - Running <TaskInstance: rand_user.process_user manual__2023-11-23T06:45:05.918565+00:00 [running]> on host f71f95879a41
[2023-11-23T06:45:14.563+0000] {taskinstance.py:1592} INFO - Exporting the following env vars:
AIRFLOW_CTX_DAG_OWNER=Gaurav
AIRFLOW_CTX_DAG_ID=rand_user
AIRFLOW_CTX_TASK_ID=process_user
AIRFLOW_CTX_EXECUTION_DATE=2023-11-23T06:45:05.918565+00:00
AIRFLOW_CTX_TRY_NUMBER=1
AIRFLOW_CTX_DAG_RUN_ID=manual__2023-11-23T06:45:05.918565+00:00
[2023-11-23T06:45:14.579+0000] {logging_mixin.py:120} INFO - printing the user-data {"results":[{"gender":"male","name":{"title":"Mr","first":"Francisco","last":"Crespo"},"location":{"street":{"number":7592,"name":"Calle de Tetuán"},"city":"Vigo","state":"Islas Baleares","country":"Spain","postcode":38476,"coordinates":{"latitude":"-31.0098","longitude":"-87.0371"},"timezone":{"offset":"+5:45","description":"Kathmandu"}},"email":"francisco.crespo@example.com","login":{"uuid":"62ccafb5-23b8-4dbc-b6e3-0fe605d63b83","username":"whiteelephant118","password":"godzilla","salt":"loTFZTW8","md5":"117782074ff2b8c3f824ea79ca3504a6","sha1":"7af37cb0e705e616dae474f8177895985a73de14","sha256":"c4c044aa5166ea0f875664e6a551d90d5be2601d7edc0fd924fd9e4cd6ebbdf8"},"dob":{"date":"1998-04-04T01:21:36.634Z","age":25},"registered":{"date":"2020-07-13T15:58:14.372Z","age":3},"phone":"903-841-652","cell":"608-027-920","id":{"name":"DNI","value":"36058643-H"},"picture":{"large":"https://randomuser.me/api/portraits/men/39.jpg","medium":"https://randomuser.me/api/portraits/med/men/39.jpg","thumbnail":"https://randomuser.me/api/portraits/thumb/men/39.jpg"},"nat":"ES"}],"info":{"seed":"43bff611a3f0403c","results":1,"page":1,"version":"1.4"}}
[2023-11-23T06:45:14.588+0000] {python.py:177} INFO - Done. Returned value was: None
[2023-11-23T06:45:14.601+0000] {taskinstance.py:1406} INFO - Marking task as SUCCESS. dag_id=rand_user, task_id=process_user, execution_date=20231123T064505, start_date=20231123T064514, end_date=20231123T064514
[2023-11-23T06:45:14.643+0000] {local_task_job.py:164} INFO - Task exited with return code 0
[2023-11-23T06:45:14.695+0000] {local_task_job.py:273} INFO - 1 downstream tasks scheduled from follow-on schedule check
