[2023-11-23T04:17:58.166+0000] {taskinstance.py:1165} INFO - Dependencies all met for <TaskInstance: Data_transfer.upload_data_source scheduled__2023-11-22T10:10:23.870064+00:00 [queued]>
[2023-11-23T04:17:58.180+0000] {taskinstance.py:1165} INFO - Dependencies all met for <TaskInstance: Data_transfer.upload_data_source scheduled__2023-11-22T10:10:23.870064+00:00 [queued]>
[2023-11-23T04:17:58.180+0000] {taskinstance.py:1362} INFO - 
--------------------------------------------------------------------------------
[2023-11-23T04:17:58.181+0000] {taskinstance.py:1363} INFO - Starting attempt 1 of 3
[2023-11-23T04:17:58.181+0000] {taskinstance.py:1364} INFO - 
--------------------------------------------------------------------------------
[2023-11-23T04:17:58.201+0000] {taskinstance.py:1383} INFO - Executing <Task(GenericTransfer): upload_data_source> on 2023-11-22 10:10:23.870064+00:00
[2023-11-23T04:17:58.207+0000] {standard_task_runner.py:55} INFO - Started process 108 to run task
[2023-11-23T04:17:58.212+0000] {standard_task_runner.py:82} INFO - Running: ['***', 'tasks', 'run', 'Data_transfer', 'upload_data_source', 'scheduled__2023-11-22T10:10:23.870064+00:00', '--job-id', '236', '--raw', '--subdir', 'DAGS_FOLDER/data_transfer.py', '--cfg-path', '/tmp/tmpquf2yzxs']
[2023-11-23T04:17:58.214+0000] {standard_task_runner.py:83} INFO - Job 236: Subtask upload_data_source
[2023-11-23T04:17:58.291+0000] {task_command.py:376} INFO - Running <TaskInstance: Data_transfer.upload_data_source scheduled__2023-11-22T10:10:23.870064+00:00 [running]> on host f71f95879a41
[2023-11-23T04:17:58.419+0000] {taskinstance.py:1592} INFO - Exporting the following env vars:
AIRFLOW_CTX_DAG_OWNER=Gaurav
AIRFLOW_CTX_DAG_ID=Data_transfer
AIRFLOW_CTX_TASK_ID=upload_data_source
AIRFLOW_CTX_EXECUTION_DATE=2023-11-22T10:10:23.870064+00:00
AIRFLOW_CTX_TRY_NUMBER=1
AIRFLOW_CTX_DAG_RUN_ID=scheduled__2023-11-22T10:10:23.870064+00:00
[2023-11-23T04:17:58.433+0000] {base.py:71} INFO - Using connection ID 'postgres' for task execution.
[2023-11-23T04:17:58.857+0000] {base.py:71} INFO - Using connection ID 'source_db_***' for task execution.
[2023-11-23T04:17:59.224+0000] {generic_transfer.py:76} INFO - Extracting data from postgres
[2023-11-23T04:17:59.224+0000] {generic_transfer.py:77} INFO - Executing: 
 SELECT * FROM ***_users
[2023-11-23T04:17:59.231+0000] {base.py:71} INFO - Using connection ID 'postgres' for task execution.
[2023-11-23T04:17:59.237+0000] {generic_transfer.py:104} INFO - Inserting rows into source_db_***
[2023-11-23T04:17:59.246+0000] {base.py:71} INFO - Using connection ID 'source_db_***' for task execution.
[2023-11-23T04:17:59.254+0000] {sql.py:415} INFO - Done loading. Loaded a total of 0 rows
[2023-11-23T04:17:59.271+0000] {taskinstance.py:1406} INFO - Marking task as SUCCESS. dag_id=Data_transfer, task_id=upload_data_source, execution_date=20231122T101023, start_date=20231123T041758, end_date=20231123T041759
[2023-11-23T04:17:59.317+0000] {local_task_job.py:164} INFO - Task exited with return code 0
[2023-11-23T04:17:59.359+0000] {local_task_job.py:273} INFO - 1 downstream tasks scheduled from follow-on schedule check
