[2023-11-23T07:10:02.417+0000] {taskinstance.py:1165} INFO - Dependencies all met for <TaskInstance: rand_user.is_api_available manual__2023-11-23T07:09:58.977868+00:00 [queued]>
[2023-11-23T07:10:02.434+0000] {taskinstance.py:1165} INFO - Dependencies all met for <TaskInstance: rand_user.is_api_available manual__2023-11-23T07:09:58.977868+00:00 [queued]>
[2023-11-23T07:10:02.434+0000] {taskinstance.py:1362} INFO - 
--------------------------------------------------------------------------------
[2023-11-23T07:10:02.435+0000] {taskinstance.py:1363} INFO - Starting attempt 1 of 3
[2023-11-23T07:10:02.435+0000] {taskinstance.py:1364} INFO - 
--------------------------------------------------------------------------------
[2023-11-23T07:10:02.463+0000] {taskinstance.py:1383} INFO - Executing <Task(HttpSensor): is_api_available> on 2023-11-23 07:09:58.977868+00:00
[2023-11-23T07:10:02.473+0000] {standard_task_runner.py:55} INFO - Started process 9292 to run task
[2023-11-23T07:10:02.480+0000] {standard_task_runner.py:82} INFO - Running: ['***', 'tasks', 'run', 'rand_user', 'is_api_available', 'manual__2023-11-23T07:09:58.977868+00:00', '--job-id', '613', '--raw', '--subdir', 'DAGS_FOLDER/predictions.py', '--cfg-path', '/tmp/tmp91ad2ht9']
[2023-11-23T07:10:02.483+0000] {standard_task_runner.py:83} INFO - Job 613: Subtask is_api_available
[2023-11-23T07:10:02.579+0000] {task_command.py:376} INFO - Running <TaskInstance: rand_user.is_api_available manual__2023-11-23T07:09:58.977868+00:00 [running]> on host f71f95879a41
[2023-11-23T07:10:02.692+0000] {taskinstance.py:1592} INFO - Exporting the following env vars:
AIRFLOW_CTX_DAG_OWNER=Gaurav
AIRFLOW_CTX_DAG_ID=rand_user
AIRFLOW_CTX_TASK_ID=is_api_available
AIRFLOW_CTX_EXECUTION_DATE=2023-11-23T07:09:58.977868+00:00
AIRFLOW_CTX_TRY_NUMBER=1
AIRFLOW_CTX_DAG_RUN_ID=manual__2023-11-23T07:09:58.977868+00:00
[2023-11-23T07:10:02.695+0000] {http.py:120} INFO - Poking: api/
[2023-11-23T07:10:02.711+0000] {base.py:71} INFO - Using connection ID 'rand_user_api' for task execution.
[2023-11-23T07:10:02.714+0000] {http.py:148} INFO - Sending 'GET' to url: https://randomuser.me/api/
[2023-11-23T07:10:03.279+0000] {base.py:213} INFO - Success criteria met. Exiting.
[2023-11-23T07:10:03.294+0000] {taskinstance.py:1406} INFO - Marking task as SUCCESS. dag_id=rand_user, task_id=is_api_available, execution_date=20231123T070958, start_date=20231123T071002, end_date=20231123T071003
[2023-11-23T07:10:03.372+0000] {local_task_job.py:164} INFO - Task exited with return code 0
[2023-11-23T07:10:03.437+0000] {local_task_job.py:273} INFO - 1 downstream tasks scheduled from follow-on schedule check
