[2023-11-23T04:22:50.799+0000] {taskinstance.py:1165} INFO - Dependencies all met for <TaskInstance: rand_user.extract_user scheduled__2023-11-23T03:51:38.543003+00:00 [queued]>
[2023-11-23T04:22:50.811+0000] {taskinstance.py:1165} INFO - Dependencies all met for <TaskInstance: rand_user.extract_user scheduled__2023-11-23T03:51:38.543003+00:00 [queued]>
[2023-11-23T04:22:50.811+0000] {taskinstance.py:1362} INFO - 
--------------------------------------------------------------------------------
[2023-11-23T04:22:50.811+0000] {taskinstance.py:1363} INFO - Starting attempt 1 of 3
[2023-11-23T04:22:50.812+0000] {taskinstance.py:1364} INFO - 
--------------------------------------------------------------------------------
[2023-11-23T04:22:50.826+0000] {taskinstance.py:1383} INFO - Executing <Task(SimpleHttpOperator): extract_user> on 2023-11-23 03:51:38.543003+00:00
[2023-11-23T04:22:50.832+0000] {standard_task_runner.py:55} INFO - Started process 399 to run task
[2023-11-23T04:22:50.837+0000] {standard_task_runner.py:82} INFO - Running: ['***', 'tasks', 'run', 'rand_user', 'extract_user', 'scheduled__2023-11-23T03:51:38.543003+00:00', '--job-id', '258', '--raw', '--subdir', 'DAGS_FOLDER/predictions.py', '--cfg-path', '/tmp/tmpiw1kj5r2']
[2023-11-23T04:22:50.839+0000] {standard_task_runner.py:83} INFO - Job 258: Subtask extract_user
[2023-11-23T04:22:50.900+0000] {task_command.py:376} INFO - Running <TaskInstance: rand_user.extract_user scheduled__2023-11-23T03:51:38.543003+00:00 [running]> on host f71f95879a41
[2023-11-23T04:22:50.964+0000] {taskinstance.py:1592} INFO - Exporting the following env vars:
AIRFLOW_CTX_DAG_OWNER=Gaurav
AIRFLOW_CTX_DAG_ID=rand_user
AIRFLOW_CTX_TASK_ID=extract_user
AIRFLOW_CTX_EXECUTION_DATE=2023-11-23T03:51:38.543003+00:00
AIRFLOW_CTX_TRY_NUMBER=1
AIRFLOW_CTX_DAG_RUN_ID=scheduled__2023-11-23T03:51:38.543003+00:00
[2023-11-23T04:22:50.965+0000] {http.py:121} INFO - Calling HTTP method
[2023-11-23T04:22:50.975+0000] {base.py:71} INFO - Using connection ID 'rand_user_api' for task execution.
[2023-11-23T04:22:50.977+0000] {http.py:148} INFO - Sending 'GET' to url: https://randomuser.me/api/
[2023-11-23T04:22:51.479+0000] {http.py:125} INFO - {"results":[{"gender":"male","name":{"title":"Mr","first":"Edgar","last":"Mcdonalid"},"location":{"street":{"number":7084,"name":"W Belt Line Rd"},"city":"Traralgon","state":"New South Wales","country":"Australia","postcode":9779,"coordinates":{"latitude":"-87.1842","longitude":"-28.8985"},"timezone":{"offset":"+9:00","description":"Tokyo, Seoul, Osaka, Sapporo, Yakutsk"}},"email":"edgar.mcdonalid@example.com","login":{"uuid":"49ebee25-5567-41ae-b6fa-4a67a5888ec8","username":"yellowmouse332","password":"hawaii","salt":"uuzEgN68","md5":"7fdad25b56cf6676ac4de8e43d4c1139","sha1":"2850e12fda2de2a30d061fb8e756d1b950ca4aef","sha256":"19301567dadc2721f23b78c23db48436c6bdc96ebef6739f6e21950ce2ebff73"},"dob":{"date":"1983-02-18T00:28:56.992Z","age":40},"registered":{"date":"2010-12-14T08:58:42.442Z","age":12},"phone":"06-3555-8753","cell":"0421-912-466","id":{"name":"TFN","value":"092577557"},"picture":{"large":"https://randomuser.me/api/portraits/men/45.jpg","medium":"https://randomuser.me/api/portraits/med/men/45.jpg","thumbnail":"https://randomuser.me/api/portraits/thumb/men/45.jpg"},"nat":"AU"}],"info":{"seed":"3e265c2e5b0163a2","results":1,"page":1,"version":"1.4"}}
[2023-11-23T04:22:51.510+0000] {taskinstance.py:1406} INFO - Marking task as SUCCESS. dag_id=rand_user, task_id=extract_user, execution_date=20231123T035138, start_date=20231123T042250, end_date=20231123T042251
[2023-11-23T04:22:51.530+0000] {local_task_job.py:164} INFO - Task exited with return code 0
[2023-11-23T04:22:51.573+0000] {local_task_job.py:273} INFO - 1 downstream tasks scheduled from follow-on schedule check
