[2023-11-21T12:20:00.604+0000] {taskinstance.py:1165} INFO - Dependencies all met for <TaskInstance: rand_user.Create_table manual__2023-11-21T12:04:26.357046+00:00 [queued]>
[2023-11-21T12:20:00.633+0000] {taskinstance.py:1165} INFO - Dependencies all met for <TaskInstance: rand_user.Create_table manual__2023-11-21T12:04:26.357046+00:00 [queued]>
[2023-11-21T12:20:00.634+0000] {taskinstance.py:1362} INFO - 
--------------------------------------------------------------------------------
[2023-11-21T12:20:00.635+0000] {taskinstance.py:1363} INFO - Starting attempt 2 of 3
[2023-11-21T12:20:00.637+0000] {taskinstance.py:1364} INFO - 
--------------------------------------------------------------------------------
[2023-11-21T12:20:00.675+0000] {taskinstance.py:1383} INFO - Executing <Task(PostgresOperator): Create_table> on 2023-11-21 12:04:26.357046+00:00
[2023-11-21T12:20:00.688+0000] {standard_task_runner.py:55} INFO - Started process 500 to run task
[2023-11-21T12:20:00.697+0000] {standard_task_runner.py:82} INFO - Running: ['***', 'tasks', 'run', 'rand_user', 'Create_table', 'manual__2023-11-21T12:04:26.357046+00:00', '--job-id', '537', '--raw', '--subdir', 'DAGS_FOLDER/predictions.py', '--cfg-path', '/tmp/tmp6m53tcy4']
[2023-11-21T12:20:00.701+0000] {standard_task_runner.py:83} INFO - Job 537: Subtask Create_table
[2023-11-21T12:20:00.910+0000] {task_command.py:376} INFO - Running <TaskInstance: rand_user.Create_table manual__2023-11-21T12:04:26.357046+00:00 [running]> on host 91f7624ceef9
[2023-11-21T12:20:01.132+0000] {taskinstance.py:1592} INFO - Exporting the following env vars:
AIRFLOW_CTX_DAG_OWNER=Gaurav
AIRFLOW_CTX_DAG_ID=rand_user
AIRFLOW_CTX_TASK_ID=Create_table
AIRFLOW_CTX_EXECUTION_DATE=2023-11-21T12:04:26.357046+00:00
AIRFLOW_CTX_TRY_NUMBER=2
AIRFLOW_CTX_DAG_RUN_ID=manual__2023-11-21T12:04:26.357046+00:00
[2023-11-21T12:20:01.156+0000] {base.py:71} INFO - Using connection ID 'source_db_***' for task execution.
[2023-11-21T12:20:01.159+0000] {taskinstance.py:1851} ERROR - Task failed with exception
Traceback (most recent call last):
  File "/home/airflow/.local/lib/python3.7/site-packages/airflow/providers/postgres/operators/postgres.py", line 94, in execute
    self.hook.run(self.sql, self.autocommit, parameters=self.parameters)
  File "/home/airflow/.local/lib/python3.7/site-packages/airflow/providers/common/sql/hooks/sql.py", line 288, in run
    with closing(self.get_conn()) as conn:
  File "/home/airflow/.local/lib/python3.7/site-packages/airflow/providers/postgres/hooks/postgres.py", line 115, in get_conn
    self.conn = psycopg2.connect(**conn_args)
  File "/home/airflow/.local/lib/python3.7/site-packages/psycopg2/__init__.py", line 122, in connect
    conn = _connect(dsn, connection_factory=connection_factory, **kwasync)
psycopg2.OperationalError: connection to server at "10.226.80.35", port 5445 failed: Network is unreachable
	Is the server running on that host and accepting TCP/IP connections?

[2023-11-21T12:20:01.182+0000] {taskinstance.py:1406} INFO - Marking task as UP_FOR_RETRY. dag_id=rand_user, task_id=Create_table, execution_date=20231121T120426, start_date=20231121T122000, end_date=20231121T122001
[2023-11-21T12:20:01.213+0000] {standard_task_runner.py:105} ERROR - Failed to execute job 537 for task Create_table (connection to server at "10.226.80.35", port 5445 failed: Network is unreachable
	Is the server running on that host and accepting TCP/IP connections?
; 500)
[2023-11-21T12:20:01.233+0000] {local_task_job.py:164} INFO - Task exited with return code 1
[2023-11-21T12:20:01.293+0000] {local_task_job.py:273} INFO - 0 downstream tasks scheduled from follow-on schedule check
