[2023-11-22T04:06:04.995+0000] {taskinstance.py:1165} INFO - Dependencies all met for <TaskInstance: rand_user.extract_user scheduled__2023-11-21T00:00:00+00:00 [queued]>
[2023-11-22T04:06:05.020+0000] {taskinstance.py:1165} INFO - Dependencies all met for <TaskInstance: rand_user.extract_user scheduled__2023-11-21T00:00:00+00:00 [queued]>
[2023-11-22T04:06:05.021+0000] {taskinstance.py:1362} INFO - 
--------------------------------------------------------------------------------
[2023-11-22T04:06:05.021+0000] {taskinstance.py:1363} INFO - Starting attempt 1 of 3
[2023-11-22T04:06:05.022+0000] {taskinstance.py:1364} INFO - 
--------------------------------------------------------------------------------
[2023-11-22T04:06:05.064+0000] {taskinstance.py:1383} INFO - Executing <Task(SimpleHttpOperator): extract_user> on 2023-11-21 00:00:00+00:00
[2023-11-22T04:06:05.074+0000] {standard_task_runner.py:55} INFO - Started process 1437 to run task
[2023-11-22T04:06:05.081+0000] {standard_task_runner.py:82} INFO - Running: ['***', 'tasks', 'run', 'rand_user', 'extract_user', 'scheduled__2023-11-21T00:00:00+00:00', '--job-id', '553', '--raw', '--subdir', 'DAGS_FOLDER/predictions.py', '--cfg-path', '/tmp/tmpmlkgo57g']
[2023-11-22T04:06:05.084+0000] {standard_task_runner.py:83} INFO - Job 553: Subtask extract_user
[2023-11-22T04:06:05.188+0000] {task_command.py:376} INFO - Running <TaskInstance: rand_user.extract_user scheduled__2023-11-21T00:00:00+00:00 [running]> on host 91f7624ceef9
[2023-11-22T04:06:05.308+0000] {taskinstance.py:1592} INFO - Exporting the following env vars:
AIRFLOW_CTX_DAG_OWNER=Gaurav
AIRFLOW_CTX_DAG_ID=rand_user
AIRFLOW_CTX_TASK_ID=extract_user
AIRFLOW_CTX_EXECUTION_DATE=2023-11-21T00:00:00+00:00
AIRFLOW_CTX_TRY_NUMBER=1
AIRFLOW_CTX_DAG_RUN_ID=scheduled__2023-11-21T00:00:00+00:00
[2023-11-22T04:06:05.311+0000] {http.py:121} INFO - Calling HTTP method
[2023-11-22T04:06:05.330+0000] {base.py:71} INFO - Using connection ID 'rand_user' for task execution.
[2023-11-22T04:06:05.333+0000] {http.py:148} INFO - Sending 'GET' to url: https://randomuser.me/api/
[2023-11-22T04:06:06.419+0000] {http.py:125} INFO - {"results":[{"gender":"male","name":{"title":"Mr","first":"Jordan","last":"Ellis"},"location":{"street":{"number":4924,"name":"W Sherman Dr"},"city":"Des Moines","state":"Ohio","country":"United States","postcode":51468,"coordinates":{"latitude":"87.0781","longitude":"-79.0559"},"timezone":{"offset":"+11:00","description":"Magadan, Solomon Islands, New Caledonia"}},"email":"jordan.ellis@example.com","login":{"uuid":"83f7e3a7-bd4e-4eee-a975-d06e0c356882","username":"lazyfrog857","password":"models","salt":"RYs5456N","md5":"1b283259ba3003525ec23c2f07632b82","sha1":"2cf34e7284030637511e7253d4336fdf0dbf8c86","sha256":"4221fe23e5430e48748be41d129bf5d97a506a7d340304301dbaf1410bd3649f"},"dob":{"date":"1945-05-04T00:58:43.097Z","age":78},"registered":{"date":"2010-12-06T12:16:33.452Z","age":12},"phone":"(272) 445-5166","cell":"(638) 359-1385","id":{"name":"SSN","value":"313-34-8621"},"picture":{"large":"https://randomuser.me/api/portraits/men/90.jpg","medium":"https://randomuser.me/api/portraits/med/men/90.jpg","thumbnail":"https://randomuser.me/api/portraits/thumb/men/90.jpg"},"nat":"US"}],"info":{"seed":"1c88c6302d47bf60","results":1,"page":1,"version":"1.4"}}
[2023-11-22T04:06:06.459+0000] {taskinstance.py:1406} INFO - Marking task as SUCCESS. dag_id=rand_user, task_id=extract_user, execution_date=20231121T000000, start_date=20231122T040604, end_date=20231122T040606
[2023-11-22T04:06:06.496+0000] {local_task_job.py:164} INFO - Task exited with return code 0
[2023-11-22T04:06:06.544+0000] {local_task_job.py:273} INFO - 1 downstream tasks scheduled from follow-on schedule check
