[2023-11-10T12:02:59.206+0000] {taskinstance.py:1165} INFO - Dependencies all met for <TaskInstance: rand_user.process_user manual__2023-11-10T12:02:51.811164+00:00 [queued]>
[2023-11-10T12:02:59.219+0000] {taskinstance.py:1165} INFO - Dependencies all met for <TaskInstance: rand_user.process_user manual__2023-11-10T12:02:51.811164+00:00 [queued]>
[2023-11-10T12:02:59.219+0000] {taskinstance.py:1362} INFO - 
--------------------------------------------------------------------------------
[2023-11-10T12:02:59.220+0000] {taskinstance.py:1363} INFO - Starting attempt 1 of 3
[2023-11-10T12:02:59.220+0000] {taskinstance.py:1364} INFO - 
--------------------------------------------------------------------------------
[2023-11-10T12:02:59.236+0000] {taskinstance.py:1383} INFO - Executing <Task(PythonOperator): process_user> on 2023-11-10 12:02:51.811164+00:00
[2023-11-10T12:02:59.243+0000] {standard_task_runner.py:55} INFO - Started process 8223 to run task
[2023-11-10T12:02:59.248+0000] {standard_task_runner.py:82} INFO - Running: ['***', 'tasks', 'run', 'rand_user', 'process_user', 'manual__2023-11-10T12:02:51.811164+00:00', '--job-id', '276', '--raw', '--subdir', 'DAGS_FOLDER/predictions.py', '--cfg-path', '/tmp/tmpcmf1lsem']
[2023-11-10T12:02:59.251+0000] {standard_task_runner.py:83} INFO - Job 276: Subtask process_user
[2023-11-10T12:02:59.328+0000] {task_command.py:376} INFO - Running <TaskInstance: rand_user.process_user manual__2023-11-10T12:02:51.811164+00:00 [running]> on host 91f7624ceef9
[2023-11-10T12:02:59.413+0000] {taskinstance.py:1592} INFO - Exporting the following env vars:
AIRFLOW_CTX_DAG_OWNER=Gaurav
AIRFLOW_CTX_DAG_ID=rand_user
AIRFLOW_CTX_TASK_ID=process_user
AIRFLOW_CTX_EXECUTION_DATE=2023-11-10T12:02:51.811164+00:00
AIRFLOW_CTX_TRY_NUMBER=1
AIRFLOW_CTX_DAG_RUN_ID=manual__2023-11-10T12:02:51.811164+00:00
[2023-11-10T12:02:59.437+0000] {python.py:177} INFO - Done. Returned value was: None
[2023-11-10T12:02:59.451+0000] {taskinstance.py:1406} INFO - Marking task as SUCCESS. dag_id=rand_user, task_id=process_user, execution_date=20231110T120251, start_date=20231110T120259, end_date=20231110T120259
[2023-11-10T12:02:59.498+0000] {local_task_job.py:164} INFO - Task exited with return code 0
[2023-11-10T12:02:59.546+0000] {local_task_job.py:273} INFO - 1 downstream tasks scheduled from follow-on schedule check
