[2023-11-22T06:27:20.330+0000] {taskinstance.py:1165} INFO - Dependencies all met for <TaskInstance: rand_user.process_user manual__2023-11-22T06:24:08.969752+00:00 [queued]>
[2023-11-22T06:27:20.347+0000] {taskinstance.py:1165} INFO - Dependencies all met for <TaskInstance: rand_user.process_user manual__2023-11-22T06:24:08.969752+00:00 [queued]>
[2023-11-22T06:27:20.347+0000] {taskinstance.py:1362} INFO - 
--------------------------------------------------------------------------------
[2023-11-22T06:27:20.348+0000] {taskinstance.py:1363} INFO - Starting attempt 1 of 3
[2023-11-22T06:27:20.349+0000] {taskinstance.py:1364} INFO - 
--------------------------------------------------------------------------------
[2023-11-22T06:27:20.372+0000] {taskinstance.py:1383} INFO - Executing <Task(PythonOperator): process_user> on 2023-11-22 06:24:08.969752+00:00
[2023-11-22T06:27:20.382+0000] {standard_task_runner.py:55} INFO - Started process 690 to run task
[2023-11-22T06:27:20.389+0000] {standard_task_runner.py:82} INFO - Running: ['***', 'tasks', 'run', 'rand_user', 'process_user', 'manual__2023-11-22T06:24:08.969752+00:00', '--job-id', '18', '--raw', '--subdir', 'DAGS_FOLDER/predictions.py', '--cfg-path', '/tmp/tmpn09nxi4v']
[2023-11-22T06:27:20.393+0000] {standard_task_runner.py:83} INFO - Job 18: Subtask process_user
[2023-11-22T06:27:20.494+0000] {task_command.py:376} INFO - Running <TaskInstance: rand_user.process_user manual__2023-11-22T06:24:08.969752+00:00 [running]> on host e4a6f7cdd654
[2023-11-22T06:27:20.602+0000] {taskinstance.py:1592} INFO - Exporting the following env vars:
AIRFLOW_CTX_DAG_OWNER=Gaurav
AIRFLOW_CTX_DAG_ID=rand_user
AIRFLOW_CTX_TASK_ID=process_user
AIRFLOW_CTX_EXECUTION_DATE=2023-11-22T06:24:08.969752+00:00
AIRFLOW_CTX_TRY_NUMBER=1
AIRFLOW_CTX_DAG_RUN_ID=manual__2023-11-22T06:24:08.969752+00:00
[2023-11-22T06:27:20.635+0000] {python.py:177} INFO - Done. Returned value was: None
[2023-11-22T06:27:20.651+0000] {taskinstance.py:1406} INFO - Marking task as SUCCESS. dag_id=rand_user, task_id=process_user, execution_date=20231122T062408, start_date=20231122T062720, end_date=20231122T062720
[2023-11-22T06:27:20.720+0000] {local_task_job.py:164} INFO - Task exited with return code 0
[2023-11-22T06:27:20.769+0000] {local_task_job.py:273} INFO - 1 downstream tasks scheduled from follow-on schedule check
