[2023-11-08T06:36:32.989+0000] {taskinstance.py:1165} INFO - Dependencies all met for <TaskInstance: US_population.is_api_available scheduled__2023-11-07T00:00:00+00:00 [queued]>
[2023-11-08T06:36:33.015+0000] {taskinstance.py:1165} INFO - Dependencies all met for <TaskInstance: US_population.is_api_available scheduled__2023-11-07T00:00:00+00:00 [queued]>
[2023-11-08T06:36:33.016+0000] {taskinstance.py:1362} INFO - 
--------------------------------------------------------------------------------
[2023-11-08T06:36:33.017+0000] {taskinstance.py:1363} INFO - Starting attempt 1 of 3
[2023-11-08T06:36:33.018+0000] {taskinstance.py:1364} INFO - 
--------------------------------------------------------------------------------
[2023-11-08T06:36:33.045+0000] {taskinstance.py:1383} INFO - Executing <Task(HttpSensor): is_api_available> on 2023-11-07 00:00:00+00:00
[2023-11-08T06:36:33.055+0000] {standard_task_runner.py:55} INFO - Started process 3358 to run task
[2023-11-08T06:36:33.061+0000] {standard_task_runner.py:82} INFO - Running: ['***', 'tasks', 'run', 'US_population', 'is_api_available', 'scheduled__2023-11-07T00:00:00+00:00', '--job-id', '6', '--raw', '--subdir', 'DAGS_FOLDER/predictions.py', '--cfg-path', '/tmp/tmpj5ow3232']
[2023-11-08T06:36:33.065+0000] {standard_task_runner.py:83} INFO - Job 6: Subtask is_api_available
[2023-11-08T06:36:33.159+0000] {task_command.py:376} INFO - Running <TaskInstance: US_population.is_api_available scheduled__2023-11-07T00:00:00+00:00 [running]> on host 91f7624ceef9
[2023-11-08T06:36:33.322+0000] {taskinstance.py:1592} INFO - Exporting the following env vars:
AIRFLOW_CTX_DAG_OWNER=Gaurav
AIRFLOW_CTX_DAG_ID=US_population
AIRFLOW_CTX_TASK_ID=is_api_available
AIRFLOW_CTX_EXECUTION_DATE=2023-11-07T00:00:00+00:00
AIRFLOW_CTX_TRY_NUMBER=1
AIRFLOW_CTX_DAG_RUN_ID=scheduled__2023-11-07T00:00:00+00:00
[2023-11-08T06:36:33.324+0000] {http.py:120} INFO - Poking: api/
[2023-11-08T06:36:33.355+0000] {base.py:71} INFO - Using connection ID 'us_population_API' for task execution.
[2023-11-08T06:36:33.365+0000] {http.py:148} INFO - Sending 'GET' to url: https://datausa.io/api/data?drilldowns=Nation&measures=Population/api/
[2023-11-08T06:36:34.686+0000] {base.py:213} INFO - Success criteria met. Exiting.
[2023-11-08T06:36:34.701+0000] {taskinstance.py:1406} INFO - Marking task as SUCCESS. dag_id=US_population, task_id=is_api_available, execution_date=20231107T000000, start_date=20231108T063632, end_date=20231108T063634
[2023-11-08T06:36:34.761+0000] {local_task_job.py:164} INFO - Task exited with return code 0
[2023-11-08T06:36:34.786+0000] {local_task_job.py:273} INFO - 0 downstream tasks scheduled from follow-on schedule check
