[2023-11-10T09:26:07.243+0000] {taskinstance.py:1165} INFO - Dependencies all met for <TaskInstance: rand_user.is_api_available manual__2023-11-10T09:26:03.161399+00:00 [queued]>
[2023-11-10T09:26:07.261+0000] {taskinstance.py:1165} INFO - Dependencies all met for <TaskInstance: rand_user.is_api_available manual__2023-11-10T09:26:03.161399+00:00 [queued]>
[2023-11-10T09:26:07.262+0000] {taskinstance.py:1362} INFO - 
--------------------------------------------------------------------------------
[2023-11-10T09:26:07.262+0000] {taskinstance.py:1363} INFO - Starting attempt 1 of 3
[2023-11-10T09:26:07.263+0000] {taskinstance.py:1364} INFO - 
--------------------------------------------------------------------------------
[2023-11-10T09:26:07.287+0000] {taskinstance.py:1383} INFO - Executing <Task(HttpSensor): is_api_available> on 2023-11-10 09:26:03.161399+00:00
[2023-11-10T09:26:07.296+0000] {standard_task_runner.py:55} INFO - Started process 2450 to run task
[2023-11-10T09:26:07.304+0000] {standard_task_runner.py:82} INFO - Running: ['***', 'tasks', 'run', 'rand_user', 'is_api_available', 'manual__2023-11-10T09:26:03.161399+00:00', '--job-id', '139', '--raw', '--subdir', 'DAGS_FOLDER/predictions.py', '--cfg-path', '/tmp/tmpa11wbfv0']
[2023-11-10T09:26:07.307+0000] {standard_task_runner.py:83} INFO - Job 139: Subtask is_api_available
[2023-11-10T09:26:07.427+0000] {task_command.py:376} INFO - Running <TaskInstance: rand_user.is_api_available manual__2023-11-10T09:26:03.161399+00:00 [running]> on host 91f7624ceef9
[2023-11-10T09:26:07.563+0000] {taskinstance.py:1592} INFO - Exporting the following env vars:
AIRFLOW_CTX_DAG_OWNER=Gaurav
AIRFLOW_CTX_DAG_ID=rand_user
AIRFLOW_CTX_TASK_ID=is_api_available
AIRFLOW_CTX_EXECUTION_DATE=2023-11-10T09:26:03.161399+00:00
AIRFLOW_CTX_TRY_NUMBER=1
AIRFLOW_CTX_DAG_RUN_ID=manual__2023-11-10T09:26:03.161399+00:00
[2023-11-10T09:26:07.565+0000] {http.py:120} INFO - Poking: api/
[2023-11-10T09:26:07.583+0000] {base.py:71} INFO - Using connection ID 'rand_user' for task execution.
[2023-11-10T09:26:07.587+0000] {http.py:148} INFO - Sending 'GET' to url: https://randomuser.me/api/
[2023-11-10T09:26:09.011+0000] {base.py:213} INFO - Success criteria met. Exiting.
[2023-11-10T09:26:09.035+0000] {taskinstance.py:1406} INFO - Marking task as SUCCESS. dag_id=rand_user, task_id=is_api_available, execution_date=20231110T092603, start_date=20231110T092607, end_date=20231110T092609
[2023-11-10T09:26:09.122+0000] {local_task_job.py:164} INFO - Task exited with return code 0
[2023-11-10T09:26:09.210+0000] {local_task_job.py:273} INFO - 1 downstream tasks scheduled from follow-on schedule check
