[2023-11-22T04:39:08.776+0000] {taskinstance.py:1165} INFO - Dependencies all met for <TaskInstance: rand_user.extract_user manual__2023-11-22T04:39:02.369781+00:00 [queued]>
[2023-11-22T04:39:08.797+0000] {taskinstance.py:1165} INFO - Dependencies all met for <TaskInstance: rand_user.extract_user manual__2023-11-22T04:39:02.369781+00:00 [queued]>
[2023-11-22T04:39:08.798+0000] {taskinstance.py:1362} INFO - 
--------------------------------------------------------------------------------
[2023-11-22T04:39:08.798+0000] {taskinstance.py:1363} INFO - Starting attempt 1 of 3
[2023-11-22T04:39:08.799+0000] {taskinstance.py:1364} INFO - 
--------------------------------------------------------------------------------
[2023-11-22T04:39:08.828+0000] {taskinstance.py:1383} INFO - Executing <Task(SimpleHttpOperator): extract_user> on 2023-11-22 04:39:02.369781+00:00
[2023-11-22T04:39:08.838+0000] {standard_task_runner.py:55} INFO - Started process 2944 to run task
[2023-11-22T04:39:08.846+0000] {standard_task_runner.py:82} INFO - Running: ['***', 'tasks', 'run', 'rand_user', 'extract_user', 'manual__2023-11-22T04:39:02.369781+00:00', '--job-id', '569', '--raw', '--subdir', 'DAGS_FOLDER/predictions.py', '--cfg-path', '/tmp/tmp5_0bw1ip']
[2023-11-22T04:39:08.850+0000] {standard_task_runner.py:83} INFO - Job 569: Subtask extract_user
[2023-11-22T04:39:08.959+0000] {task_command.py:376} INFO - Running <TaskInstance: rand_user.extract_user manual__2023-11-22T04:39:02.369781+00:00 [running]> on host 91f7624ceef9
[2023-11-22T04:39:09.074+0000] {taskinstance.py:1592} INFO - Exporting the following env vars:
AIRFLOW_CTX_DAG_OWNER=Gaurav
AIRFLOW_CTX_DAG_ID=rand_user
AIRFLOW_CTX_TASK_ID=extract_user
AIRFLOW_CTX_EXECUTION_DATE=2023-11-22T04:39:02.369781+00:00
AIRFLOW_CTX_TRY_NUMBER=1
AIRFLOW_CTX_DAG_RUN_ID=manual__2023-11-22T04:39:02.369781+00:00
[2023-11-22T04:39:09.076+0000] {http.py:121} INFO - Calling HTTP method
[2023-11-22T04:39:09.092+0000] {base.py:71} INFO - Using connection ID 'rand_user' for task execution.
[2023-11-22T04:39:09.095+0000] {http.py:148} INFO - Sending 'GET' to url: https://randomuser.me/api/
[2023-11-22T04:39:10.226+0000] {http.py:125} INFO - {"results":[{"gender":"female","name":{"title":"Ms","first":"Romy","last":"Leroy"},"location":{"street":{"number":4015,"name":"Rue des Ecrivains"},"city":"Saint-Étienne","state":"Lot","country":"France","postcode":28102,"coordinates":{"latitude":"-14.0102","longitude":"65.6276"},"timezone":{"offset":"+3:00","description":"Baghdad, Riyadh, Moscow, St. Petersburg"}},"email":"romy.leroy@example.com","login":{"uuid":"e9f86bd9-39d2-41f5-b5d9-6ab7cd6e029a","username":"organickoala703","password":"surf","salt":"KZjg7uUt","md5":"c80d5e8ba02cd379be1bd78f235db93b","sha1":"21ab1969c2113c46d760827eabb7105f45e4141c","sha256":"83c0679df22bd315073bb5f410d47e6ed071c2caa33e81e2f3eceba03b8f43ed"},"dob":{"date":"1986-06-16T21:05:48.931Z","age":37},"registered":{"date":"2011-12-03T22:16:58.375Z","age":11},"phone":"05-49-01-56-79","cell":"06-96-68-07-51","id":{"name":"INSEE","value":"2860547336737 73"},"picture":{"large":"https://randomuser.me/api/portraits/women/74.jpg","medium":"https://randomuser.me/api/portraits/med/women/74.jpg","thumbnail":"https://randomuser.me/api/portraits/thumb/women/74.jpg"},"nat":"FR"}],"info":{"seed":"49af084d3dd04524","results":1,"page":1,"version":"1.4"}}
[2023-11-22T04:39:10.280+0000] {taskinstance.py:1406} INFO - Marking task as SUCCESS. dag_id=rand_user, task_id=extract_user, execution_date=20231122T043902, start_date=20231122T043908, end_date=20231122T043910
[2023-11-22T04:39:10.342+0000] {local_task_job.py:164} INFO - Task exited with return code 0
[2023-11-22T04:39:10.393+0000] {local_task_job.py:273} INFO - 1 downstream tasks scheduled from follow-on schedule check
