[2023-11-22T04:15:49.175+0000] {taskinstance.py:1165} INFO - Dependencies all met for <TaskInstance: rand_user.extract_user scheduled__2023-11-22T03:45:42.629015+00:00 [queued]>
[2023-11-22T04:15:49.197+0000] {taskinstance.py:1165} INFO - Dependencies all met for <TaskInstance: rand_user.extract_user scheduled__2023-11-22T03:45:42.629015+00:00 [queued]>
[2023-11-22T04:15:49.197+0000] {taskinstance.py:1362} INFO - 
--------------------------------------------------------------------------------
[2023-11-22T04:15:49.198+0000] {taskinstance.py:1363} INFO - Starting attempt 1 of 3
[2023-11-22T04:15:49.198+0000] {taskinstance.py:1364} INFO - 
--------------------------------------------------------------------------------
[2023-11-22T04:15:49.234+0000] {taskinstance.py:1383} INFO - Executing <Task(SimpleHttpOperator): extract_user> on 2023-11-22 03:45:42.629015+00:00
[2023-11-22T04:15:49.243+0000] {standard_task_runner.py:55} INFO - Started process 1894 to run task
[2023-11-22T04:15:49.252+0000] {standard_task_runner.py:82} INFO - Running: ['***', 'tasks', 'run', 'rand_user', 'extract_user', 'scheduled__2023-11-22T03:45:42.629015+00:00', '--job-id', '561', '--raw', '--subdir', 'DAGS_FOLDER/predictions.py', '--cfg-path', '/tmp/tmpz3rdvo41']
[2023-11-22T04:15:49.256+0000] {standard_task_runner.py:83} INFO - Job 561: Subtask extract_user
[2023-11-22T04:15:49.395+0000] {task_command.py:376} INFO - Running <TaskInstance: rand_user.extract_user scheduled__2023-11-22T03:45:42.629015+00:00 [running]> on host 91f7624ceef9
[2023-11-22T04:15:49.536+0000] {taskinstance.py:1592} INFO - Exporting the following env vars:
AIRFLOW_CTX_DAG_OWNER=Gaurav
AIRFLOW_CTX_DAG_ID=rand_user
AIRFLOW_CTX_TASK_ID=extract_user
AIRFLOW_CTX_EXECUTION_DATE=2023-11-22T03:45:42.629015+00:00
AIRFLOW_CTX_TRY_NUMBER=1
AIRFLOW_CTX_DAG_RUN_ID=scheduled__2023-11-22T03:45:42.629015+00:00
[2023-11-22T04:15:49.538+0000] {http.py:121} INFO - Calling HTTP method
[2023-11-22T04:15:49.555+0000] {base.py:71} INFO - Using connection ID 'rand_user' for task execution.
[2023-11-22T04:15:49.558+0000] {http.py:148} INFO - Sending 'GET' to url: https://randomuser.me/api/
[2023-11-22T04:15:49.971+0000] {http.py:125} INFO - {"results":[{"gender":"female","name":{"title":"Ms","first":"Emily","last":"White"},"location":{"street":{"number":4390,"name":"Montreal Street"},"city":"Gisborne","state":"Manawatu-Wanganui","country":"New Zealand","postcode":26960,"coordinates":{"latitude":"49.0773","longitude":"157.5315"},"timezone":{"offset":"-1:00","description":"Azores, Cape Verde Islands"}},"email":"emily.white@example.com","login":{"uuid":"4ef67835-3492-4046-aaec-8fa7f6305573","username":"silverlion947","password":"valdez","salt":"tJkcqxyO","md5":"9d368443a2b82934cd4996b3282caf08","sha1":"4b5ca9405fea8acbf93ec316e1b2a4707bbfad35","sha256":"3f144ab6bb3ef4333f8dd7276771377fb9598b5061f20703b510ed17647dc952"},"dob":{"date":"1982-04-05T14:26:59.181Z","age":41},"registered":{"date":"2011-08-07T04:37:17.622Z","age":12},"phone":"(420)-334-1444","cell":"(303)-981-2147","id":{"name":"","value":null},"picture":{"large":"https://randomuser.me/api/portraits/women/95.jpg","medium":"https://randomuser.me/api/portraits/med/women/95.jpg","thumbnail":"https://randomuser.me/api/portraits/thumb/women/95.jpg"},"nat":"NZ"}],"info":{"seed":"8f2837e1ae7d155d","results":1,"page":1,"version":"1.4"}}
[2023-11-22T04:15:50.009+0000] {taskinstance.py:1406} INFO - Marking task as SUCCESS. dag_id=rand_user, task_id=extract_user, execution_date=20231122T034542, start_date=20231122T041549, end_date=20231122T041550
[2023-11-22T04:15:50.063+0000] {local_task_job.py:164} INFO - Task exited with return code 0
[2023-11-22T04:15:50.111+0000] {local_task_job.py:273} INFO - 1 downstream tasks scheduled from follow-on schedule check
