[2023-11-10T11:50:59.462+0000] {taskinstance.py:1165} INFO - Dependencies all met for <TaskInstance: rand_user.process_user manual__2023-11-10T11:50:51.955454+00:00 [queued]>
[2023-11-10T11:50:59.504+0000] {taskinstance.py:1165} INFO - Dependencies all met for <TaskInstance: rand_user.process_user manual__2023-11-10T11:50:51.955454+00:00 [queued]>
[2023-11-10T11:50:59.508+0000] {taskinstance.py:1362} INFO - 
--------------------------------------------------------------------------------
[2023-11-10T11:50:59.509+0000] {taskinstance.py:1363} INFO - Starting attempt 1 of 3
[2023-11-10T11:50:59.510+0000] {taskinstance.py:1364} INFO - 
--------------------------------------------------------------------------------
[2023-11-10T11:50:59.554+0000] {taskinstance.py:1383} INFO - Executing <Task(PythonOperator): process_user> on 2023-11-10 11:50:51.955454+00:00
[2023-11-10T11:50:59.569+0000] {standard_task_runner.py:55} INFO - Started process 7616 to run task
[2023-11-10T11:50:59.578+0000] {standard_task_runner.py:82} INFO - Running: ['***', 'tasks', 'run', 'rand_user', 'process_user', 'manual__2023-11-10T11:50:51.955454+00:00', '--job-id', '260', '--raw', '--subdir', 'DAGS_FOLDER/predictions.py', '--cfg-path', '/tmp/tmp81i5m7ka']
[2023-11-10T11:50:59.581+0000] {standard_task_runner.py:83} INFO - Job 260: Subtask process_user
[2023-11-10T11:50:59.768+0000] {task_command.py:376} INFO - Running <TaskInstance: rand_user.process_user manual__2023-11-10T11:50:51.955454+00:00 [running]> on host 91f7624ceef9
[2023-11-10T11:50:59.933+0000] {taskinstance.py:1592} INFO - Exporting the following env vars:
AIRFLOW_CTX_DAG_OWNER=Gaurav
AIRFLOW_CTX_DAG_ID=rand_user
AIRFLOW_CTX_TASK_ID=process_user
AIRFLOW_CTX_EXECUTION_DATE=2023-11-10T11:50:51.955454+00:00
AIRFLOW_CTX_TRY_NUMBER=1
AIRFLOW_CTX_DAG_RUN_ID=manual__2023-11-10T11:50:51.955454+00:00
[2023-11-10T11:50:59.968+0000] {python.py:177} INFO - Done. Returned value was: None
[2023-11-10T11:50:59.985+0000] {taskinstance.py:1406} INFO - Marking task as SUCCESS. dag_id=rand_user, task_id=process_user, execution_date=20231110T115051, start_date=20231110T115059, end_date=20231110T115059
[2023-11-10T11:51:00.035+0000] {local_task_job.py:164} INFO - Task exited with return code 0
[2023-11-10T11:51:00.087+0000] {local_task_job.py:273} INFO - 1 downstream tasks scheduled from follow-on schedule check
