[2023-11-10T12:18:57.495+0000] {taskinstance.py:1165} INFO - Dependencies all met for <TaskInstance: rand_user.load_upload_data manual__2023-11-10T12:18:46.353024+00:00 [queued]>
[2023-11-10T12:18:57.513+0000] {taskinstance.py:1165} INFO - Dependencies all met for <TaskInstance: rand_user.load_upload_data manual__2023-11-10T12:18:46.353024+00:00 [queued]>
[2023-11-10T12:18:57.514+0000] {taskinstance.py:1362} INFO - 
--------------------------------------------------------------------------------
[2023-11-10T12:18:57.514+0000] {taskinstance.py:1363} INFO - Starting attempt 1 of 3
[2023-11-10T12:18:57.515+0000] {taskinstance.py:1364} INFO - 
--------------------------------------------------------------------------------
[2023-11-10T12:18:57.542+0000] {taskinstance.py:1383} INFO - Executing <Task(GenericTransfer): load_upload_data> on 2023-11-10 12:18:46.353024+00:00
[2023-11-10T12:18:57.550+0000] {standard_task_runner.py:55} INFO - Started process 9029 to run task
[2023-11-10T12:18:57.557+0000] {standard_task_runner.py:82} INFO - Running: ['***', 'tasks', 'run', 'rand_user', 'load_upload_data', 'manual__2023-11-10T12:18:46.353024+00:00', '--job-id', '293', '--raw', '--subdir', 'DAGS_FOLDER/predictions.py', '--cfg-path', '/tmp/tmpwahk5gd5']
[2023-11-10T12:18:57.560+0000] {standard_task_runner.py:83} INFO - Job 293: Subtask load_upload_data
[2023-11-10T12:18:57.649+0000] {task_command.py:376} INFO - Running <TaskInstance: rand_user.load_upload_data manual__2023-11-10T12:18:46.353024+00:00 [running]> on host 91f7624ceef9
[2023-11-10T12:18:57.755+0000] {taskinstance.py:1592} INFO - Exporting the following env vars:
AIRFLOW_CTX_DAG_OWNER=Gaurav
AIRFLOW_CTX_DAG_ID=rand_user
AIRFLOW_CTX_TASK_ID=load_upload_data
AIRFLOW_CTX_EXECUTION_DATE=2023-11-10T12:18:46.353024+00:00
AIRFLOW_CTX_TRY_NUMBER=1
AIRFLOW_CTX_DAG_RUN_ID=manual__2023-11-10T12:18:46.353024+00:00
[2023-11-10T12:18:57.768+0000] {base.py:71} INFO - Using connection ID 'postgres' for task execution.
[2023-11-10T12:18:58.026+0000] {base.py:71} INFO - Using connection ID 'pgadmin_connection' for task execution.
[2023-11-10T12:18:58.227+0000] {generic_transfer.py:76} INFO - Extracting data from postgres
[2023-11-10T12:18:58.227+0000] {generic_transfer.py:77} INFO - Executing: 
 select * from rand_users
[2023-11-10T12:18:58.234+0000] {base.py:71} INFO - Using connection ID 'postgres' for task execution.
[2023-11-10T12:18:58.239+0000] {generic_transfer.py:104} INFO - Inserting rows into pgadmin_connection
[2023-11-10T12:18:58.245+0000] {base.py:71} INFO - Using connection ID 'pgadmin_connection' for task execution.
[2023-11-10T12:18:58.289+0000] {sql.py:415} INFO - Done loading. Loaded a total of 17 rows
[2023-11-10T12:18:58.299+0000] {taskinstance.py:1406} INFO - Marking task as SUCCESS. dag_id=rand_user, task_id=load_upload_data, execution_date=20231110T121846, start_date=20231110T121857, end_date=20231110T121858
[2023-11-10T12:18:58.329+0000] {local_task_job.py:164} INFO - Task exited with return code 0
[2023-11-10T12:18:58.348+0000] {local_task_job.py:273} INFO - 0 downstream tasks scheduled from follow-on schedule check
