[2023-11-23T04:38:13.362+0000] {taskinstance.py:1165} INFO - Dependencies all met for <TaskInstance: rand_user.is_api_available manual__2023-11-23T04:38:11.209362+00:00 [queued]>
[2023-11-23T04:38:13.377+0000] {taskinstance.py:1165} INFO - Dependencies all met for <TaskInstance: rand_user.is_api_available manual__2023-11-23T04:38:11.209362+00:00 [queued]>
[2023-11-23T04:38:13.377+0000] {taskinstance.py:1362} INFO - 
--------------------------------------------------------------------------------
[2023-11-23T04:38:13.378+0000] {taskinstance.py:1363} INFO - Starting attempt 1 of 3
[2023-11-23T04:38:13.378+0000] {taskinstance.py:1364} INFO - 
--------------------------------------------------------------------------------
[2023-11-23T04:38:13.394+0000] {taskinstance.py:1383} INFO - Executing <Task(HttpSensor): is_api_available> on 2023-11-23 04:38:11.209362+00:00
[2023-11-23T04:38:13.401+0000] {standard_task_runner.py:55} INFO - Started process 1194 to run task
[2023-11-23T04:38:13.405+0000] {standard_task_runner.py:82} INFO - Running: ['***', 'tasks', 'run', 'rand_user', 'is_api_available', 'manual__2023-11-23T04:38:11.209362+00:00', '--job-id', '280', '--raw', '--subdir', 'DAGS_FOLDER/predictions.py', '--cfg-path', '/tmp/tmpflu2yjex']
[2023-11-23T04:38:13.407+0000] {standard_task_runner.py:83} INFO - Job 280: Subtask is_api_available
[2023-11-23T04:38:13.492+0000] {task_command.py:376} INFO - Running <TaskInstance: rand_user.is_api_available manual__2023-11-23T04:38:11.209362+00:00 [running]> on host f71f95879a41
[2023-11-23T04:38:13.581+0000] {taskinstance.py:1592} INFO - Exporting the following env vars:
AIRFLOW_CTX_DAG_OWNER=Gaurav
AIRFLOW_CTX_DAG_ID=rand_user
AIRFLOW_CTX_TASK_ID=is_api_available
AIRFLOW_CTX_EXECUTION_DATE=2023-11-23T04:38:11.209362+00:00
AIRFLOW_CTX_TRY_NUMBER=1
AIRFLOW_CTX_DAG_RUN_ID=manual__2023-11-23T04:38:11.209362+00:00
[2023-11-23T04:38:13.582+0000] {http.py:120} INFO - Poking: api/
[2023-11-23T04:38:13.592+0000] {base.py:71} INFO - Using connection ID 'rand_user_api' for task execution.
[2023-11-23T04:38:13.594+0000] {http.py:148} INFO - Sending 'GET' to url: https://randomuser.me/api/
[2023-11-23T04:38:14.017+0000] {base.py:213} INFO - Success criteria met. Exiting.
[2023-11-23T04:38:14.040+0000] {taskinstance.py:1406} INFO - Marking task as SUCCESS. dag_id=rand_user, task_id=is_api_available, execution_date=20231123T043811, start_date=20231123T043813, end_date=20231123T043814
[2023-11-23T04:38:14.098+0000] {local_task_job.py:164} INFO - Task exited with return code 0
[2023-11-23T04:38:14.160+0000] {local_task_job.py:273} INFO - 1 downstream tasks scheduled from follow-on schedule check
