[2023-11-13T10:05:01.462+0000] {taskinstance.py:1165} INFO - Dependencies all met for <TaskInstance: rand_user.upload_data_Destination manual__2023-11-13T10:03:45.019089+00:00 [queued]>
[2023-11-13T10:05:01.476+0000] {taskinstance.py:1165} INFO - Dependencies all met for <TaskInstance: rand_user.upload_data_Destination manual__2023-11-13T10:03:45.019089+00:00 [queued]>
[2023-11-13T10:05:01.477+0000] {taskinstance.py:1362} INFO - 
--------------------------------------------------------------------------------
[2023-11-13T10:05:01.477+0000] {taskinstance.py:1363} INFO - Starting attempt 2 of 3
[2023-11-13T10:05:01.477+0000] {taskinstance.py:1364} INFO - 
--------------------------------------------------------------------------------
[2023-11-13T10:05:01.499+0000] {taskinstance.py:1383} INFO - Executing <Task(GenericTransfer): upload_data_Destination> on 2023-11-13 10:03:45.019089+00:00
[2023-11-13T10:05:01.506+0000] {standard_task_runner.py:55} INFO - Started process 1111 to run task
[2023-11-13T10:05:01.511+0000] {standard_task_runner.py:82} INFO - Running: ['***', 'tasks', 'run', 'rand_user', 'upload_data_Destination', 'manual__2023-11-13T10:03:45.019089+00:00', '--job-id', '377', '--raw', '--subdir', 'DAGS_FOLDER/predictions.py', '--cfg-path', '/tmp/tmpwjbd4eal']
[2023-11-13T10:05:01.513+0000] {standard_task_runner.py:83} INFO - Job 377: Subtask upload_data_Destination
[2023-11-13T10:05:01.578+0000] {task_command.py:376} INFO - Running <TaskInstance: rand_user.upload_data_Destination manual__2023-11-13T10:03:45.019089+00:00 [running]> on host 91f7624ceef9
[2023-11-13T10:05:01.647+0000] {taskinstance.py:1592} INFO - Exporting the following env vars:
AIRFLOW_CTX_DAG_OWNER=Gaurav
AIRFLOW_CTX_DAG_ID=rand_user
AIRFLOW_CTX_TASK_ID=upload_data_Destination
AIRFLOW_CTX_EXECUTION_DATE=2023-11-13T10:03:45.019089+00:00
AIRFLOW_CTX_TRY_NUMBER=2
AIRFLOW_CTX_DAG_RUN_ID=manual__2023-11-13T10:03:45.019089+00:00
[2023-11-13T10:05:01.657+0000] {base.py:71} INFO - Using connection ID 'postgres' for task execution.
[2023-11-13T10:05:01.843+0000] {base.py:71} INFO - Using connection ID 'source_db_***' for task execution.
[2023-11-13T10:05:02.017+0000] {generic_transfer.py:76} INFO - Extracting data from postgres
[2023-11-13T10:05:02.018+0000] {generic_transfer.py:77} INFO - Executing: 
 select * from rand_users
[2023-11-13T10:05:02.025+0000] {base.py:71} INFO - Using connection ID 'postgres' for task execution.
[2023-11-13T10:05:02.030+0000] {generic_transfer.py:104} INFO - Inserting rows into source_db_***
[2023-11-13T10:05:02.037+0000] {base.py:71} INFO - Using connection ID 'source_db_***' for task execution.
[2023-11-13T10:05:02.132+0000] {taskinstance.py:1851} ERROR - Task failed with exception
Traceback (most recent call last):
  File "/home/airflow/.local/lib/python3.7/site-packages/airflow/operators/generic_transfer.py", line 105, in execute
    insert_rows(table=self.destination_table, rows=results, **self.insert_args)
  File "/home/airflow/.local/lib/python3.7/site-packages/airflow/providers/common/sql/hooks/sql.py", line 409, in insert_rows
    cur.execute(sql, values)
psycopg2.errors.UndefinedTable: relation "rand_dest_users" does not exist
LINE 1: INSERT INTO rand_dest_users  VALUES ('male','Mr','Vincent','...
                    ^

[2023-11-13T10:05:02.140+0000] {taskinstance.py:1406} INFO - Marking task as UP_FOR_RETRY. dag_id=rand_user, task_id=upload_data_Destination, execution_date=20231113T100345, start_date=20231113T100501, end_date=20231113T100502
[2023-11-13T10:05:02.153+0000] {standard_task_runner.py:105} ERROR - Failed to execute job 377 for task upload_data_Destination (relation "rand_dest_users" does not exist
LINE 1: INSERT INTO rand_dest_users  VALUES ('male','Mr','Vincent','...
                    ^
; 1111)
[2023-11-13T10:05:02.163+0000] {local_task_job.py:164} INFO - Task exited with return code 1
[2023-11-13T10:05:02.182+0000] {local_task_job.py:273} INFO - 0 downstream tasks scheduled from follow-on schedule check
