[2023-11-13T10:03:59.443+0000] {taskinstance.py:1165} INFO - Dependencies all met for <TaskInstance: rand_user.upload_data_Destination manual__2023-11-13T10:03:45.019089+00:00 [queued]>
[2023-11-13T10:03:59.456+0000] {taskinstance.py:1165} INFO - Dependencies all met for <TaskInstance: rand_user.upload_data_Destination manual__2023-11-13T10:03:45.019089+00:00 [queued]>
[2023-11-13T10:03:59.456+0000] {taskinstance.py:1362} INFO - 
--------------------------------------------------------------------------------
[2023-11-13T10:03:59.456+0000] {taskinstance.py:1363} INFO - Starting attempt 1 of 3
[2023-11-13T10:03:59.457+0000] {taskinstance.py:1364} INFO - 
--------------------------------------------------------------------------------
[2023-11-13T10:03:59.473+0000] {taskinstance.py:1383} INFO - Executing <Task(GenericTransfer): upload_data_Destination> on 2023-11-13 10:03:45.019089+00:00
[2023-11-13T10:03:59.479+0000] {standard_task_runner.py:55} INFO - Started process 1060 to run task
[2023-11-13T10:03:59.484+0000] {standard_task_runner.py:82} INFO - Running: ['***', 'tasks', 'run', 'rand_user', 'upload_data_Destination', 'manual__2023-11-13T10:03:45.019089+00:00', '--job-id', '375', '--raw', '--subdir', 'DAGS_FOLDER/predictions.py', '--cfg-path', '/tmp/tmptz7kwcfp']
[2023-11-13T10:03:59.486+0000] {standard_task_runner.py:83} INFO - Job 375: Subtask upload_data_Destination
[2023-11-13T10:03:59.556+0000] {task_command.py:376} INFO - Running <TaskInstance: rand_user.upload_data_Destination manual__2023-11-13T10:03:45.019089+00:00 [running]> on host 91f7624ceef9
[2023-11-13T10:03:59.628+0000] {taskinstance.py:1592} INFO - Exporting the following env vars:
AIRFLOW_CTX_DAG_OWNER=Gaurav
AIRFLOW_CTX_DAG_ID=rand_user
AIRFLOW_CTX_TASK_ID=upload_data_Destination
AIRFLOW_CTX_EXECUTION_DATE=2023-11-13T10:03:45.019089+00:00
AIRFLOW_CTX_TRY_NUMBER=1
AIRFLOW_CTX_DAG_RUN_ID=manual__2023-11-13T10:03:45.019089+00:00
[2023-11-13T10:03:59.638+0000] {base.py:71} INFO - Using connection ID 'postgres' for task execution.
[2023-11-13T10:03:59.834+0000] {base.py:71} INFO - Using connection ID 'source_db_***' for task execution.
[2023-11-13T10:04:00.002+0000] {generic_transfer.py:76} INFO - Extracting data from postgres
[2023-11-13T10:04:00.002+0000] {generic_transfer.py:77} INFO - Executing: 
 select * from rand_users
[2023-11-13T10:04:00.009+0000] {base.py:71} INFO - Using connection ID 'postgres' for task execution.
[2023-11-13T10:04:00.014+0000] {generic_transfer.py:104} INFO - Inserting rows into source_db_***
[2023-11-13T10:04:00.021+0000] {base.py:71} INFO - Using connection ID 'source_db_***' for task execution.
[2023-11-13T10:04:00.054+0000] {taskinstance.py:1851} ERROR - Task failed with exception
Traceback (most recent call last):
  File "/home/airflow/.local/lib/python3.7/site-packages/airflow/operators/generic_transfer.py", line 105, in execute
    insert_rows(table=self.destination_table, rows=results, **self.insert_args)
  File "/home/airflow/.local/lib/python3.7/site-packages/airflow/providers/common/sql/hooks/sql.py", line 409, in insert_rows
    cur.execute(sql, values)
psycopg2.errors.UndefinedTable: relation "rand_dest_users" does not exist
LINE 1: INSERT INTO rand_dest_users  VALUES ('male','Mr','Vincent','...
                    ^

[2023-11-13T10:04:00.063+0000] {taskinstance.py:1406} INFO - Marking task as UP_FOR_RETRY. dag_id=rand_user, task_id=upload_data_Destination, execution_date=20231113T100345, start_date=20231113T100359, end_date=20231113T100400
[2023-11-13T10:04:00.086+0000] {standard_task_runner.py:105} ERROR - Failed to execute job 375 for task upload_data_Destination (relation "rand_dest_users" does not exist
LINE 1: INSERT INTO rand_dest_users  VALUES ('male','Mr','Vincent','...
                    ^
; 1060)
[2023-11-13T10:04:00.097+0000] {local_task_job.py:164} INFO - Task exited with return code 1
[2023-11-13T10:04:00.116+0000] {local_task_job.py:273} INFO - 0 downstream tasks scheduled from follow-on schedule check
