[2023-11-13T10:06:03.182+0000] {taskinstance.py:1165} INFO - Dependencies all met for <TaskInstance: rand_user.upload_data_Destination manual__2023-11-13T10:03:45.019089+00:00 [queued]>
[2023-11-13T10:06:03.201+0000] {taskinstance.py:1165} INFO - Dependencies all met for <TaskInstance: rand_user.upload_data_Destination manual__2023-11-13T10:03:45.019089+00:00 [queued]>
[2023-11-13T10:06:03.201+0000] {taskinstance.py:1362} INFO - 
--------------------------------------------------------------------------------
[2023-11-13T10:06:03.202+0000] {taskinstance.py:1363} INFO - Starting attempt 3 of 3
[2023-11-13T10:06:03.202+0000] {taskinstance.py:1364} INFO - 
--------------------------------------------------------------------------------
[2023-11-13T10:06:03.226+0000] {taskinstance.py:1383} INFO - Executing <Task(GenericTransfer): upload_data_Destination> on 2023-11-13 10:03:45.019089+00:00
[2023-11-13T10:06:03.236+0000] {standard_task_runner.py:55} INFO - Started process 1171 to run task
[2023-11-13T10:06:03.243+0000] {standard_task_runner.py:82} INFO - Running: ['***', 'tasks', 'run', 'rand_user', 'upload_data_Destination', 'manual__2023-11-13T10:03:45.019089+00:00', '--job-id', '379', '--raw', '--subdir', 'DAGS_FOLDER/predictions.py', '--cfg-path', '/tmp/tmpk9d4ccmb']
[2023-11-13T10:06:03.246+0000] {standard_task_runner.py:83} INFO - Job 379: Subtask upload_data_Destination
[2023-11-13T10:06:03.342+0000] {task_command.py:376} INFO - Running <TaskInstance: rand_user.upload_data_Destination manual__2023-11-13T10:03:45.019089+00:00 [running]> on host 91f7624ceef9
[2023-11-13T10:06:03.461+0000] {taskinstance.py:1592} INFO - Exporting the following env vars:
AIRFLOW_CTX_DAG_OWNER=Gaurav
AIRFLOW_CTX_DAG_ID=rand_user
AIRFLOW_CTX_TASK_ID=upload_data_Destination
AIRFLOW_CTX_EXECUTION_DATE=2023-11-13T10:03:45.019089+00:00
AIRFLOW_CTX_TRY_NUMBER=3
AIRFLOW_CTX_DAG_RUN_ID=manual__2023-11-13T10:03:45.019089+00:00
[2023-11-13T10:06:03.476+0000] {base.py:71} INFO - Using connection ID 'postgres' for task execution.
[2023-11-13T10:06:03.787+0000] {base.py:71} INFO - Using connection ID 'source_db_***' for task execution.
[2023-11-13T10:06:04.002+0000] {generic_transfer.py:76} INFO - Extracting data from postgres
[2023-11-13T10:06:04.003+0000] {generic_transfer.py:77} INFO - Executing: 
 select * from rand_users
[2023-11-13T10:06:04.011+0000] {base.py:71} INFO - Using connection ID 'postgres' for task execution.
[2023-11-13T10:06:04.018+0000] {generic_transfer.py:104} INFO - Inserting rows into source_db_***
[2023-11-13T10:06:04.028+0000] {base.py:71} INFO - Using connection ID 'source_db_***' for task execution.
[2023-11-13T10:06:04.037+0000] {taskinstance.py:1851} ERROR - Task failed with exception
Traceback (most recent call last):
  File "/home/airflow/.local/lib/python3.7/site-packages/airflow/operators/generic_transfer.py", line 105, in execute
    insert_rows(table=self.destination_table, rows=results, **self.insert_args)
  File "/home/airflow/.local/lib/python3.7/site-packages/airflow/providers/common/sql/hooks/sql.py", line 409, in insert_rows
    cur.execute(sql, values)
psycopg2.errors.UndefinedTable: relation "rand_dest_users" does not exist
LINE 1: INSERT INTO rand_dest_users  VALUES ('male','Mr','Vincent','...
                    ^

[2023-11-13T10:06:04.047+0000] {taskinstance.py:1406} INFO - Marking task as FAILED. dag_id=rand_user, task_id=upload_data_Destination, execution_date=20231113T100345, start_date=20231113T100603, end_date=20231113T100604
[2023-11-13T10:06:04.064+0000] {standard_task_runner.py:105} ERROR - Failed to execute job 379 for task upload_data_Destination (relation "rand_dest_users" does not exist
LINE 1: INSERT INTO rand_dest_users  VALUES ('male','Mr','Vincent','...
                    ^
; 1171)
[2023-11-13T10:06:04.095+0000] {local_task_job.py:164} INFO - Task exited with return code 1
[2023-11-13T10:06:04.116+0000] {local_task_job.py:273} INFO - 0 downstream tasks scheduled from follow-on schedule check
