[2023-11-22T06:02:28.502+0000] {taskinstance.py:1165} INFO - Dependencies all met for <TaskInstance: rand_user.is_api_available scheduled__2023-11-22T05:32:25.385463+00:00 [queued]>
[2023-11-22T06:02:28.520+0000] {taskinstance.py:1165} INFO - Dependencies all met for <TaskInstance: rand_user.is_api_available scheduled__2023-11-22T05:32:25.385463+00:00 [queued]>
[2023-11-22T06:02:28.521+0000] {taskinstance.py:1362} INFO - 
--------------------------------------------------------------------------------
[2023-11-22T06:02:28.522+0000] {taskinstance.py:1363} INFO - Starting attempt 1 of 3
[2023-11-22T06:02:28.522+0000] {taskinstance.py:1364} INFO - 
--------------------------------------------------------------------------------
[2023-11-22T06:02:28.558+0000] {taskinstance.py:1383} INFO - Executing <Task(HttpSensor): is_api_available> on 2023-11-22 05:32:25.385463+00:00
[2023-11-22T06:02:28.568+0000] {standard_task_runner.py:55} INFO - Started process 7155 to run task
[2023-11-22T06:02:28.575+0000] {standard_task_runner.py:82} INFO - Running: ['***', 'tasks', 'run', 'rand_user', 'is_api_available', 'scheduled__2023-11-22T05:32:25.385463+00:00', '--job-id', '789', '--raw', '--subdir', 'DAGS_FOLDER/predictions.py', '--cfg-path', '/tmp/tmpzcce2s0z']
[2023-11-22T06:02:28.578+0000] {standard_task_runner.py:83} INFO - Job 789: Subtask is_api_available
[2023-11-22T06:02:28.691+0000] {task_command.py:376} INFO - Running <TaskInstance: rand_user.is_api_available scheduled__2023-11-22T05:32:25.385463+00:00 [running]> on host 91f7624ceef9
[2023-11-22T06:02:28.814+0000] {taskinstance.py:1592} INFO - Exporting the following env vars:
AIRFLOW_CTX_DAG_OWNER=Gaurav
AIRFLOW_CTX_DAG_ID=rand_user
AIRFLOW_CTX_TASK_ID=is_api_available
AIRFLOW_CTX_EXECUTION_DATE=2023-11-22T05:32:25.385463+00:00
AIRFLOW_CTX_TRY_NUMBER=1
AIRFLOW_CTX_DAG_RUN_ID=scheduled__2023-11-22T05:32:25.385463+00:00
[2023-11-22T06:02:28.816+0000] {http.py:120} INFO - Poking: api/
[2023-11-22T06:02:28.832+0000] {base.py:71} INFO - Using connection ID 'rand_user' for task execution.
[2023-11-22T06:02:28.835+0000] {http.py:148} INFO - Sending 'GET' to url: https://randomuser.me/api/
[2023-11-22T06:02:29.253+0000] {base.py:213} INFO - Success criteria met. Exiting.
[2023-11-22T06:02:29.270+0000] {taskinstance.py:1406} INFO - Marking task as SUCCESS. dag_id=rand_user, task_id=is_api_available, execution_date=20231122T053225, start_date=20231122T060228, end_date=20231122T060229
[2023-11-22T06:02:29.348+0000] {local_task_job.py:164} INFO - Task exited with return code 0
[2023-11-22T06:02:29.422+0000] {local_task_job.py:273} INFO - 1 downstream tasks scheduled from follow-on schedule check
