[2023-11-10T11:55:29.657+0000] {taskinstance.py:1165} INFO - Dependencies all met for <TaskInstance: rand_user.extract_user manual__2023-11-10T11:55:23.632790+00:00 [queued]>
[2023-11-10T11:55:29.671+0000] {taskinstance.py:1165} INFO - Dependencies all met for <TaskInstance: rand_user.extract_user manual__2023-11-10T11:55:23.632790+00:00 [queued]>
[2023-11-10T11:55:29.672+0000] {taskinstance.py:1362} INFO - 
--------------------------------------------------------------------------------
[2023-11-10T11:55:29.672+0000] {taskinstance.py:1363} INFO - Starting attempt 1 of 3
[2023-11-10T11:55:29.672+0000] {taskinstance.py:1364} INFO - 
--------------------------------------------------------------------------------
[2023-11-10T11:55:29.686+0000] {taskinstance.py:1383} INFO - Executing <Task(SimpleHttpOperator): extract_user> on 2023-11-10 11:55:23.632790+00:00
[2023-11-10T11:55:29.693+0000] {standard_task_runner.py:55} INFO - Started process 7847 to run task
[2023-11-10T11:55:29.697+0000] {standard_task_runner.py:82} INFO - Running: ['***', 'tasks', 'run', 'rand_user', 'extract_user', 'manual__2023-11-10T11:55:23.632790+00:00', '--job-id', '268', '--raw', '--subdir', 'DAGS_FOLDER/predictions.py', '--cfg-path', '/tmp/tmpai89954e']
[2023-11-10T11:55:29.699+0000] {standard_task_runner.py:83} INFO - Job 268: Subtask extract_user
[2023-11-10T11:55:29.765+0000] {task_command.py:376} INFO - Running <TaskInstance: rand_user.extract_user manual__2023-11-10T11:55:23.632790+00:00 [running]> on host 91f7624ceef9
[2023-11-10T11:55:29.842+0000] {taskinstance.py:1592} INFO - Exporting the following env vars:
AIRFLOW_CTX_DAG_OWNER=Gaurav
AIRFLOW_CTX_DAG_ID=rand_user
AIRFLOW_CTX_TASK_ID=extract_user
AIRFLOW_CTX_EXECUTION_DATE=2023-11-10T11:55:23.632790+00:00
AIRFLOW_CTX_TRY_NUMBER=1
AIRFLOW_CTX_DAG_RUN_ID=manual__2023-11-10T11:55:23.632790+00:00
[2023-11-10T11:55:29.843+0000] {http.py:121} INFO - Calling HTTP method
[2023-11-10T11:55:29.854+0000] {base.py:71} INFO - Using connection ID 'rand_user' for task execution.
[2023-11-10T11:55:29.856+0000] {http.py:148} INFO - Sending 'GET' to url: https://randomuser.me/api/
[2023-11-10T11:55:30.407+0000] {http.py:125} INFO - {"results":[{"gender":"male","name":{"title":"Mr","first":"سپهر","last":"كامياران"},"location":{"street":{"number":9403,"name":"شهید محمد منتظری"},"city":"بابل","state":"تهران","country":"Iran","postcode":73752,"coordinates":{"latitude":"13.4272","longitude":"-59.5628"},"timezone":{"offset":"+3:30","description":"Tehran"}},"email":"sphr.kmyrn@example.com","login":{"uuid":"789f734b-3688-49c5-8a56-fe93a6cb1355","username":"greengorilla958","password":"page","salt":"nyFFKUwF","md5":"530673eac972c0b269dbee02f58e06a8","sha1":"7135c08f36b4280ca7a621c203e6522cb1eac8e7","sha256":"baf6f9555c1757e05034ec03cf63e140ebef87c7fd5904582958f63d56ff9b3f"},"dob":{"date":"1995-07-17T02:32:23.921Z","age":28},"registered":{"date":"2013-10-03T10:10:08.366Z","age":10},"phone":"064-76023316","cell":"0990-640-7344","id":{"name":"","value":null},"picture":{"large":"https://randomuser.me/api/portraits/men/19.jpg","medium":"https://randomuser.me/api/portraits/med/men/19.jpg","thumbnail":"https://randomuser.me/api/portraits/thumb/men/19.jpg"},"nat":"IR"}],"info":{"seed":"4ba1856565c47526","results":1,"page":1,"version":"1.4"}}
[2023-11-10T11:55:30.432+0000] {taskinstance.py:1406} INFO - Marking task as SUCCESS. dag_id=rand_user, task_id=extract_user, execution_date=20231110T115523, start_date=20231110T115529, end_date=20231110T115530
[2023-11-10T11:55:30.470+0000] {local_task_job.py:164} INFO - Task exited with return code 0
[2023-11-10T11:55:30.506+0000] {local_task_job.py:273} INFO - 1 downstream tasks scheduled from follow-on schedule check
