[2023-11-22T06:52:27.741+0000] {taskinstance.py:1165} INFO - Dependencies all met for <TaskInstance: rand_user.upload_data_source manual__2023-11-22T06:51:07.904081+00:00 [queued]>
[2023-11-22T06:52:27.761+0000] {taskinstance.py:1165} INFO - Dependencies all met for <TaskInstance: rand_user.upload_data_source manual__2023-11-22T06:51:07.904081+00:00 [queued]>
[2023-11-22T06:52:27.762+0000] {taskinstance.py:1362} INFO - 
--------------------------------------------------------------------------------
[2023-11-22T06:52:27.762+0000] {taskinstance.py:1363} INFO - Starting attempt 2 of 3
[2023-11-22T06:52:27.763+0000] {taskinstance.py:1364} INFO - 
--------------------------------------------------------------------------------
[2023-11-22T06:52:27.791+0000] {taskinstance.py:1383} INFO - Executing <Task(GenericTransfer): upload_data_source> on 2023-11-22 06:51:07.904081+00:00
[2023-11-22T06:52:27.801+0000] {standard_task_runner.py:55} INFO - Started process 1964 to run task
[2023-11-22T06:52:27.809+0000] {standard_task_runner.py:82} INFO - Running: ['***', 'tasks', 'run', 'rand_user', 'upload_data_source', 'manual__2023-11-22T06:51:07.904081+00:00', '--job-id', '77', '--raw', '--subdir', 'DAGS_FOLDER/predictions.py', '--cfg-path', '/tmp/tmpdaxlexs6']
[2023-11-22T06:52:27.813+0000] {standard_task_runner.py:83} INFO - Job 77: Subtask upload_data_source
[2023-11-22T06:52:27.917+0000] {task_command.py:376} INFO - Running <TaskInstance: rand_user.upload_data_source manual__2023-11-22T06:51:07.904081+00:00 [running]> on host e4a6f7cdd654
[2023-11-22T06:52:28.046+0000] {taskinstance.py:1592} INFO - Exporting the following env vars:
AIRFLOW_CTX_DAG_OWNER=Gaurav
AIRFLOW_CTX_DAG_ID=rand_user
AIRFLOW_CTX_TASK_ID=upload_data_source
AIRFLOW_CTX_EXECUTION_DATE=2023-11-22T06:51:07.904081+00:00
AIRFLOW_CTX_TRY_NUMBER=2
AIRFLOW_CTX_DAG_RUN_ID=manual__2023-11-22T06:51:07.904081+00:00
[2023-11-22T06:52:28.061+0000] {base.py:71} INFO - Using connection ID 'postgres' for task execution.
[2023-11-22T06:52:28.414+0000] {base.py:71} INFO - Using connection ID 'source_db_***' for task execution.
[2023-11-22T06:52:28.739+0000] {generic_transfer.py:76} INFO - Extracting data from postgres
[2023-11-22T06:52:28.740+0000] {generic_transfer.py:77} INFO - Executing: 
 SELECT * FROM rand_users
[2023-11-22T06:52:28.751+0000] {base.py:71} INFO - Using connection ID 'postgres' for task execution.
[2023-11-22T06:52:28.758+0000] {generic_transfer.py:94} INFO - Running preoperator
[2023-11-22T06:52:28.759+0000] {generic_transfer.py:95} INFO - TRUNCATE TABLE rand_users
[2023-11-22T06:52:28.775+0000] {base.py:71} INFO - Using connection ID 'source_db_***' for task execution.
[2023-11-22T06:52:28.794+0000] {sql.py:315} INFO - Running statement: TRUNCATE TABLE rand_users, parameters: None
[2023-11-22T06:52:29.444+0000] {generic_transfer.py:104} INFO - Inserting rows into source_db_***
[2023-11-22T06:52:29.456+0000] {base.py:71} INFO - Using connection ID 'source_db_***' for task execution.
[2023-11-22T06:52:29.470+0000] {taskinstance.py:1851} ERROR - Task failed with exception
Traceback (most recent call last):
  File "/home/airflow/.local/lib/python3.7/site-packages/airflow/operators/generic_transfer.py", line 105, in execute
    insert_rows(table=self.destination_table, rows=results, **self.insert_args)
  File "/home/airflow/.local/lib/python3.7/site-packages/airflow/providers/common/sql/hooks/sql.py", line 409, in insert_rows
    cur.execute(sql, values)
psycopg2.errors.NotNullViolation: null value in column "age" violates not-null constraint
DETAIL:  Failing row contains (female, Mrs, Silvija, StanićStanković, Serbia, brownmouse709, daemon, silvija.stanicstankovic@example.com, 40, null).

[2023-11-22T06:52:29.484+0000] {taskinstance.py:1406} INFO - Marking task as UP_FOR_RETRY. dag_id=rand_user, task_id=upload_data_source, execution_date=20231122T065107, start_date=20231122T065227, end_date=20231122T065229
[2023-11-22T06:52:29.508+0000] {standard_task_runner.py:105} ERROR - Failed to execute job 77 for task upload_data_source (null value in column "age" violates not-null constraint
DETAIL:  Failing row contains (female, Mrs, Silvija, StanićStanković, Serbia, brownmouse709, daemon, silvija.stanicstankovic@example.com, 40, null).
; 1964)
[2023-11-22T06:52:29.545+0000] {local_task_job.py:164} INFO - Task exited with return code 1
[2023-11-22T06:52:29.595+0000] {local_task_job.py:273} INFO - 0 downstream tasks scheduled from follow-on schedule check
