[2023-11-22T06:35:34.512+0000] {taskinstance.py:1165} INFO - Dependencies all met for <TaskInstance: rand_user.extract_user manual__2023-11-22T06:35:27.687831+00:00 [queued]>
[2023-11-22T06:35:34.535+0000] {taskinstance.py:1165} INFO - Dependencies all met for <TaskInstance: rand_user.extract_user manual__2023-11-22T06:35:27.687831+00:00 [queued]>
[2023-11-22T06:35:34.536+0000] {taskinstance.py:1362} INFO - 
--------------------------------------------------------------------------------
[2023-11-22T06:35:34.536+0000] {taskinstance.py:1363} INFO - Starting attempt 1 of 3
[2023-11-22T06:35:34.537+0000] {taskinstance.py:1364} INFO - 
--------------------------------------------------------------------------------
[2023-11-22T06:35:34.561+0000] {taskinstance.py:1383} INFO - Executing <Task(SimpleHttpOperator): extract_user> on 2023-11-22 06:35:27.687831+00:00
[2023-11-22T06:35:34.573+0000] {standard_task_runner.py:55} INFO - Started process 1116 to run task
[2023-11-22T06:35:34.580+0000] {standard_task_runner.py:82} INFO - Running: ['***', 'tasks', 'run', 'rand_user', 'extract_user', 'manual__2023-11-22T06:35:27.687831+00:00', '--job-id', '40', '--raw', '--subdir', 'DAGS_FOLDER/predictions.py', '--cfg-path', '/tmp/tmp7e7ndyf8']
[2023-11-22T06:35:34.585+0000] {standard_task_runner.py:83} INFO - Job 40: Subtask extract_user
[2023-11-22T06:35:34.719+0000] {task_command.py:376} INFO - Running <TaskInstance: rand_user.extract_user manual__2023-11-22T06:35:27.687831+00:00 [running]> on host e4a6f7cdd654
[2023-11-22T06:35:34.833+0000] {taskinstance.py:1592} INFO - Exporting the following env vars:
AIRFLOW_CTX_DAG_OWNER=Gaurav
AIRFLOW_CTX_DAG_ID=rand_user
AIRFLOW_CTX_TASK_ID=extract_user
AIRFLOW_CTX_EXECUTION_DATE=2023-11-22T06:35:27.687831+00:00
AIRFLOW_CTX_TRY_NUMBER=1
AIRFLOW_CTX_DAG_RUN_ID=manual__2023-11-22T06:35:27.687831+00:00
[2023-11-22T06:35:34.835+0000] {http.py:121} INFO - Calling HTTP method
[2023-11-22T06:35:34.853+0000] {base.py:71} INFO - Using connection ID 'rand_user' for task execution.
[2023-11-22T06:35:34.856+0000] {http.py:148} INFO - Sending 'GET' to url: https://randomuser.me/api/
[2023-11-22T06:35:35.273+0000] {http.py:125} INFO - {"results":[{"gender":"female","name":{"title":"Ms","first":"Dijana","last":"Tadić"},"location":{"street":{"number":7430,"name":"Četvrtog Jula"},"city":"Sremska Mitrovica","state":"Podunavlje","country":"Serbia","postcode":92645,"coordinates":{"latitude":"62.3990","longitude":"166.5015"},"timezone":{"offset":"+9:30","description":"Adelaide, Darwin"}},"email":"dijana.tadic@example.com","login":{"uuid":"2cceb2c8-e1d9-4df0-ac24-9c799cc49de6","username":"crazymeercat787","password":"bogus","salt":"g1JZ8akW","md5":"6469b2c73e185eda4ef15068c9229971","sha1":"68e020e32384dfb11600be1fb95667178445f7e9","sha256":"f548e11bb366639db4fdbbbd58eddd2a7e9d356edc4aec7925184d16d78d6960"},"dob":{"date":"1971-07-08T07:47:33.683Z","age":52},"registered":{"date":"2014-09-23T02:45:27.657Z","age":9},"phone":"037-3689-412","cell":"063-9284-361","id":{"name":"SID","value":"461664757"},"picture":{"large":"https://randomuser.me/api/portraits/women/59.jpg","medium":"https://randomuser.me/api/portraits/med/women/59.jpg","thumbnail":"https://randomuser.me/api/portraits/thumb/women/59.jpg"},"nat":"RS"}],"info":{"seed":"8b9dd9fe5ecaa07a","results":1,"page":1,"version":"1.4"}}
[2023-11-22T06:35:35.314+0000] {taskinstance.py:1406} INFO - Marking task as SUCCESS. dag_id=rand_user, task_id=extract_user, execution_date=20231122T063527, start_date=20231122T063534, end_date=20231122T063535
[2023-11-22T06:35:35.353+0000] {local_task_job.py:164} INFO - Task exited with return code 0
[2023-11-22T06:35:35.403+0000] {local_task_job.py:273} INFO - 1 downstream tasks scheduled from follow-on schedule check
