[2023-11-10T11:38:38.914+0000] {taskinstance.py:1165} INFO - Dependencies all met for <TaskInstance: rand_user.extract_user manual__2023-11-10T11:38:33.981683+00:00 [queued]>
[2023-11-10T11:38:38.935+0000] {taskinstance.py:1165} INFO - Dependencies all met for <TaskInstance: rand_user.extract_user manual__2023-11-10T11:38:33.981683+00:00 [queued]>
[2023-11-10T11:38:38.936+0000] {taskinstance.py:1362} INFO - 
--------------------------------------------------------------------------------
[2023-11-10T11:38:38.937+0000] {taskinstance.py:1363} INFO - Starting attempt 1 of 3
[2023-11-10T11:38:38.938+0000] {taskinstance.py:1364} INFO - 
--------------------------------------------------------------------------------
[2023-11-10T11:38:38.964+0000] {taskinstance.py:1383} INFO - Executing <Task(SimpleHttpOperator): extract_user> on 2023-11-10 11:38:33.981683+00:00
[2023-11-10T11:38:38.975+0000] {standard_task_runner.py:55} INFO - Started process 6994 to run task
[2023-11-10T11:38:38.981+0000] {standard_task_runner.py:82} INFO - Running: ['***', 'tasks', 'run', 'rand_user', 'extract_user', 'manual__2023-11-10T11:38:33.981683+00:00', '--job-id', '234', '--raw', '--subdir', 'DAGS_FOLDER/predictions.py', '--cfg-path', '/tmp/tmpb6uth9vk']
[2023-11-10T11:38:38.987+0000] {standard_task_runner.py:83} INFO - Job 234: Subtask extract_user
[2023-11-10T11:38:39.117+0000] {task_command.py:376} INFO - Running <TaskInstance: rand_user.extract_user manual__2023-11-10T11:38:33.981683+00:00 [running]> on host 91f7624ceef9
[2023-11-10T11:38:39.317+0000] {taskinstance.py:1592} INFO - Exporting the following env vars:
AIRFLOW_CTX_DAG_OWNER=Gaurav
AIRFLOW_CTX_DAG_ID=rand_user
AIRFLOW_CTX_TASK_ID=extract_user
AIRFLOW_CTX_EXECUTION_DATE=2023-11-10T11:38:33.981683+00:00
AIRFLOW_CTX_TRY_NUMBER=1
AIRFLOW_CTX_DAG_RUN_ID=manual__2023-11-10T11:38:33.981683+00:00
[2023-11-10T11:38:39.326+0000] {http.py:121} INFO - Calling HTTP method
[2023-11-10T11:38:39.366+0000] {base.py:71} INFO - Using connection ID 'rand_user' for task execution.
[2023-11-10T11:38:39.374+0000] {http.py:148} INFO - Sending 'GET' to url: https://randomuser.me/api/
[2023-11-10T11:38:40.419+0000] {http.py:125} INFO - {"results":[{"gender":"male","name":{"title":"Mr","first":"Vedat","last":"Tunçeri"},"location":{"street":{"number":839,"name":"Tunalı Hilmi Cd"},"city":"Konya","state":"Iğdır","country":"Turkey","postcode":40168,"coordinates":{"latitude":"66.0579","longitude":"-1.3935"},"timezone":{"offset":"+5:45","description":"Kathmandu"}},"email":"vedat.tunceri@example.com","login":{"uuid":"fcb1a8f5-8a49-4d9c-945d-91f939f31785","username":"goldenswan618","password":"custom","salt":"IOqK1MUw","md5":"10c7d7e904c296036def7f58c99be066","sha1":"f61b17378b397f9cde23d56e62732bbabd47f652","sha256":"692f65ac843ce2110a56c2a62fecaab8a1f54154123f86a641594414c6908e7b"},"dob":{"date":"1950-10-15T12:12:45.760Z","age":73},"registered":{"date":"2021-10-07T08:10:30.548Z","age":2},"phone":"(259)-204-5316","cell":"(182)-751-9993","id":{"name":"","value":null},"picture":{"large":"https://randomuser.me/api/portraits/men/57.jpg","medium":"https://randomuser.me/api/portraits/med/men/57.jpg","thumbnail":"https://randomuser.me/api/portraits/thumb/men/57.jpg"},"nat":"TR"}],"info":{"seed":"0130775af9db7c01","results":1,"page":1,"version":"1.4"}}
[2023-11-10T11:38:40.447+0000] {taskinstance.py:1406} INFO - Marking task as SUCCESS. dag_id=rand_user, task_id=extract_user, execution_date=20231110T113833, start_date=20231110T113838, end_date=20231110T113840
[2023-11-10T11:38:40.485+0000] {local_task_job.py:164} INFO - Task exited with return code 0
[2023-11-10T11:38:40.517+0000] {local_task_job.py:273} INFO - 1 downstream tasks scheduled from follow-on schedule check
