[2023-11-10T11:40:46.036+0000] {taskinstance.py:1165} INFO - Dependencies all met for <TaskInstance: rand_user.destinatin_table manual__2023-11-10T11:38:33.981683+00:00 [queued]>
[2023-11-10T11:40:46.050+0000] {taskinstance.py:1165} INFO - Dependencies all met for <TaskInstance: rand_user.destinatin_table manual__2023-11-10T11:38:33.981683+00:00 [queued]>
[2023-11-10T11:40:46.051+0000] {taskinstance.py:1362} INFO - 
--------------------------------------------------------------------------------
[2023-11-10T11:40:46.051+0000] {taskinstance.py:1363} INFO - Starting attempt 3 of 3
[2023-11-10T11:40:46.052+0000] {taskinstance.py:1364} INFO - 
--------------------------------------------------------------------------------
[2023-11-10T11:40:46.074+0000] {taskinstance.py:1383} INFO - Executing <Task(PostgresOperator): destinatin_table> on 2023-11-10 11:38:33.981683+00:00
[2023-11-10T11:40:46.082+0000] {standard_task_runner.py:55} INFO - Started process 7126 to run task
[2023-11-10T11:40:46.088+0000] {standard_task_runner.py:82} INFO - Running: ['***', 'tasks', 'run', 'rand_user', 'destinatin_table', 'manual__2023-11-10T11:38:33.981683+00:00', '--job-id', '245', '--raw', '--subdir', 'DAGS_FOLDER/predictions.py', '--cfg-path', '/tmp/tmpyk0oo2_q']
[2023-11-10T11:40:46.090+0000] {standard_task_runner.py:83} INFO - Job 245: Subtask destinatin_table
[2023-11-10T11:40:46.167+0000] {task_command.py:376} INFO - Running <TaskInstance: rand_user.destinatin_table manual__2023-11-10T11:38:33.981683+00:00 [running]> on host 91f7624ceef9
[2023-11-10T11:40:46.243+0000] {taskinstance.py:1592} INFO - Exporting the following env vars:
AIRFLOW_CTX_DAG_OWNER=Gaurav
AIRFLOW_CTX_DAG_ID=rand_user
AIRFLOW_CTX_TASK_ID=destinatin_table
AIRFLOW_CTX_EXECUTION_DATE=2023-11-10T11:38:33.981683+00:00
AIRFLOW_CTX_TRY_NUMBER=3
AIRFLOW_CTX_DAG_RUN_ID=manual__2023-11-10T11:38:33.981683+00:00
[2023-11-10T11:40:46.253+0000] {base.py:71} INFO - Using connection ID 'pgadmin_connection' for task execution.
[2023-11-10T11:40:46.292+0000] {taskinstance.py:1851} ERROR - Task failed with exception
Traceback (most recent call last):
  File "/home/airflow/.local/lib/python3.7/site-packages/airflow/providers/postgres/operators/postgres.py", line 94, in execute
    self.hook.run(self.sql, self.autocommit, parameters=self.parameters)
  File "/home/airflow/.local/lib/python3.7/site-packages/airflow/providers/common/sql/hooks/sql.py", line 288, in run
    with closing(self.get_conn()) as conn:
  File "/home/airflow/.local/lib/python3.7/site-packages/airflow/providers/postgres/hooks/postgres.py", line 115, in get_conn
    self.conn = psycopg2.connect(**conn_args)
  File "/home/airflow/.local/lib/python3.7/site-packages/psycopg2/__init__.py", line 122, in connect
    conn = _connect(dsn, connection_factory=connection_factory, **kwasync)
psycopg2.OperationalError: connection to server at "10.226.80.35", port 5445 failed: FATAL:  password authentication failed for user "***"

[2023-11-10T11:40:46.302+0000] {taskinstance.py:1406} INFO - Marking task as FAILED. dag_id=rand_user, task_id=destinatin_table, execution_date=20231110T113833, start_date=20231110T114046, end_date=20231110T114046
[2023-11-10T11:40:46.316+0000] {standard_task_runner.py:105} ERROR - Failed to execute job 245 for task destinatin_table (connection to server at "10.226.80.35", port 5445 failed: FATAL:  password authentication failed for user "***"
; 7126)
[2023-11-10T11:40:46.338+0000] {local_task_job.py:164} INFO - Task exited with return code 1
[2023-11-10T11:40:46.369+0000] {local_task_job.py:273} INFO - 0 downstream tasks scheduled from follow-on schedule check
