[2023-11-22T05:53:02.606+0000] {taskinstance.py:1165} INFO - Dependencies all met for <TaskInstance: rand_user.process_user scheduled__2023-11-22T05:22:52.691912+00:00 [queued]>
[2023-11-22T05:53:02.635+0000] {taskinstance.py:1165} INFO - Dependencies all met for <TaskInstance: rand_user.process_user scheduled__2023-11-22T05:22:52.691912+00:00 [queued]>
[2023-11-22T05:53:02.635+0000] {taskinstance.py:1362} INFO - 
--------------------------------------------------------------------------------
[2023-11-22T05:53:02.636+0000] {taskinstance.py:1363} INFO - Starting attempt 1 of 3
[2023-11-22T05:53:02.637+0000] {taskinstance.py:1364} INFO - 
--------------------------------------------------------------------------------
[2023-11-22T05:53:02.670+0000] {taskinstance.py:1383} INFO - Executing <Task(PythonOperator): process_user> on 2023-11-22 05:22:52.691912+00:00
[2023-11-22T05:53:02.684+0000] {standard_task_runner.py:55} INFO - Started process 6627 to run task
[2023-11-22T05:53:02.692+0000] {standard_task_runner.py:82} INFO - Running: ['***', 'tasks', 'run', 'rand_user', 'process_user', 'scheduled__2023-11-22T05:22:52.691912+00:00', '--job-id', '751', '--raw', '--subdir', 'DAGS_FOLDER/predictions.py', '--cfg-path', '/tmp/tmpkv0ranns']
[2023-11-22T05:53:02.695+0000] {standard_task_runner.py:83} INFO - Job 751: Subtask process_user
[2023-11-22T05:53:02.824+0000] {task_command.py:376} INFO - Running <TaskInstance: rand_user.process_user scheduled__2023-11-22T05:22:52.691912+00:00 [running]> on host 91f7624ceef9
[2023-11-22T05:53:02.993+0000] {taskinstance.py:1592} INFO - Exporting the following env vars:
AIRFLOW_CTX_DAG_OWNER=Gaurav
AIRFLOW_CTX_DAG_ID=rand_user
AIRFLOW_CTX_TASK_ID=process_user
AIRFLOW_CTX_EXECUTION_DATE=2023-11-22T05:22:52.691912+00:00
AIRFLOW_CTX_TRY_NUMBER=1
AIRFLOW_CTX_DAG_RUN_ID=scheduled__2023-11-22T05:22:52.691912+00:00
[2023-11-22T05:53:03.028+0000] {python.py:177} INFO - Done. Returned value was: None
[2023-11-22T05:53:03.046+0000] {taskinstance.py:1406} INFO - Marking task as SUCCESS. dag_id=rand_user, task_id=process_user, execution_date=20231122T052252, start_date=20231122T055302, end_date=20231122T055303
[2023-11-22T05:53:03.103+0000] {local_task_job.py:164} INFO - Task exited with return code 0
[2023-11-22T05:53:03.164+0000] {local_task_job.py:273} INFO - 1 downstream tasks scheduled from follow-on schedule check
