[2023-11-23T06:38:08.059+0000] {taskinstance.py:1165} INFO - Dependencies all met for <TaskInstance: rand_user.process_user manual__2023-11-23T06:37:59.600953+00:00 [queued]>
[2023-11-23T06:38:08.079+0000] {taskinstance.py:1165} INFO - Dependencies all met for <TaskInstance: rand_user.process_user manual__2023-11-23T06:37:59.600953+00:00 [queued]>
[2023-11-23T06:38:08.080+0000] {taskinstance.py:1362} INFO - 
--------------------------------------------------------------------------------
[2023-11-23T06:38:08.080+0000] {taskinstance.py:1363} INFO - Starting attempt 1 of 3
[2023-11-23T06:38:08.081+0000] {taskinstance.py:1364} INFO - 
--------------------------------------------------------------------------------
[2023-11-23T06:38:08.119+0000] {taskinstance.py:1383} INFO - Executing <Task(PythonOperator): process_user> on 2023-11-23 06:37:59.600953+00:00
[2023-11-23T06:38:08.132+0000] {standard_task_runner.py:55} INFO - Started process 7541 to run task
[2023-11-23T06:38:08.143+0000] {standard_task_runner.py:82} INFO - Running: ['***', 'tasks', 'run', 'rand_user', 'process_user', 'manual__2023-11-23T06:37:59.600953+00:00', '--job-id', '520', '--raw', '--subdir', 'DAGS_FOLDER/predictions.py', '--cfg-path', '/tmp/tmp_yeciduc']
[2023-11-23T06:38:08.148+0000] {standard_task_runner.py:83} INFO - Job 520: Subtask process_user
[2023-11-23T06:38:08.277+0000] {task_command.py:376} INFO - Running <TaskInstance: rand_user.process_user manual__2023-11-23T06:37:59.600953+00:00 [running]> on host f71f95879a41
[2023-11-23T06:38:08.358+0000] {taskinstance.py:1592} INFO - Exporting the following env vars:
AIRFLOW_CTX_DAG_OWNER=Gaurav
AIRFLOW_CTX_DAG_ID=rand_user
AIRFLOW_CTX_TASK_ID=process_user
AIRFLOW_CTX_EXECUTION_DATE=2023-11-23T06:37:59.600953+00:00
AIRFLOW_CTX_TRY_NUMBER=1
AIRFLOW_CTX_DAG_RUN_ID=manual__2023-11-23T06:37:59.600953+00:00
[2023-11-23T06:38:08.375+0000] {logging_mixin.py:120} INFO - printing the user-data {'results': [{'gender': 'male', 'name': {'title': 'Mr', 'first': 'Yun', 'last': 'Baltussen'}, 'location': {'street': {'number': 4429, 'name': 'Hoekbree'}, 'city': 'Nieuwenhoorn', 'state': 'Gelderland', 'country': 'Netherlands', 'postcode': '7388 VH', 'coordinates': {'latitude': '35.3276', 'longitude': '-37.4490'}, 'timezone': {'offset': '-3:30', 'description': 'Newfoundland'}}, 'email': 'yun.baltussen@example.com', 'login': {'uuid': 'f057b957-3dec-4352-91c3-203ac858f011', 'username': 'silverduck236', 'password': 'baseball', 'salt': 'mZ6Vntix', 'md5': '21074816d63d075c18ed399efab1adcc', 'sha1': 'c835280cf4f8e2a51207c45b0f1955f4980eda45', 'sha256': 'de327fa5de61add4bdec1a8ff2d33f34a88594a1c9cad636637c5a68d20630e4'}, 'dob': {'date': '1945-01-07T11:59:33.985Z', 'age': 78}, 'registered': {'date': '2006-11-09T22:53:57.706Z', 'age': 17}, 'phone': '(0629) 904661', 'cell': '(06) 64870250', 'id': {'name': 'BSN', 'value': '68827817'}, 'picture': {'large': 'https://randomuser.me/api/portraits/men/63.jpg', 'medium': 'https://randomuser.me/api/portraits/med/men/63.jpg', 'thumbnail': 'https://randomuser.me/api/portraits/thumb/men/63.jpg'}, 'nat': 'NL'}], 'info': {'seed': 'e6d4f48621cf3b10', 'results': 1, 'page': 1, 'version': '1.4'}}
[2023-11-23T06:38:08.386+0000] {python.py:177} INFO - Done. Returned value was: None
[2023-11-23T06:38:08.397+0000] {taskinstance.py:1406} INFO - Marking task as SUCCESS. dag_id=rand_user, task_id=process_user, execution_date=20231123T063759, start_date=20231123T063808, end_date=20231123T063808
[2023-11-23T06:38:08.432+0000] {local_task_job.py:164} INFO - Task exited with return code 0
[2023-11-23T06:38:08.489+0000] {local_task_job.py:273} INFO - 1 downstream tasks scheduled from follow-on schedule check
