[2023-11-10T04:17:25.124+0000] {taskinstance.py:1165} INFO - Dependencies all met for <TaskInstance: US_population.process_user scheduled__2023-11-09T00:00:00+00:00 [queued]>
[2023-11-10T04:17:25.140+0000] {taskinstance.py:1165} INFO - Dependencies all met for <TaskInstance: US_population.process_user scheduled__2023-11-09T00:00:00+00:00 [queued]>
[2023-11-10T04:17:25.141+0000] {taskinstance.py:1362} INFO - 
--------------------------------------------------------------------------------
[2023-11-10T04:17:25.141+0000] {taskinstance.py:1363} INFO - Starting attempt 1 of 3
[2023-11-10T04:17:25.142+0000] {taskinstance.py:1364} INFO - 
--------------------------------------------------------------------------------
[2023-11-10T04:17:25.168+0000] {taskinstance.py:1383} INFO - Executing <Task(PythonOperator): process_user> on 2023-11-09 00:00:00+00:00
[2023-11-10T04:17:25.176+0000] {standard_task_runner.py:55} INFO - Started process 95 to run task
[2023-11-10T04:17:25.182+0000] {standard_task_runner.py:82} INFO - Running: ['***', 'tasks', 'run', 'US_population', 'process_user', 'scheduled__2023-11-09T00:00:00+00:00', '--job-id', '53', '--raw', '--subdir', 'DAGS_FOLDER/predictions.py', '--cfg-path', '/tmp/tmp3ob0ch03']
[2023-11-10T04:17:25.185+0000] {standard_task_runner.py:83} INFO - Job 53: Subtask process_user
[2023-11-10T04:17:25.292+0000] {task_command.py:376} INFO - Running <TaskInstance: US_population.process_user scheduled__2023-11-09T00:00:00+00:00 [running]> on host 91f7624ceef9
[2023-11-10T04:17:25.379+0000] {taskinstance.py:1592} INFO - Exporting the following env vars:
AIRFLOW_CTX_DAG_OWNER=Gaurav
AIRFLOW_CTX_DAG_ID=US_population
AIRFLOW_CTX_TASK_ID=process_user
AIRFLOW_CTX_EXECUTION_DATE=2023-11-09T00:00:00+00:00
AIRFLOW_CTX_TRY_NUMBER=1
AIRFLOW_CTX_DAG_RUN_ID=scheduled__2023-11-09T00:00:00+00:00
[2023-11-10T04:17:25.396+0000] {logging_mixin.py:120} INFO - printing the user data: []
[2023-11-10T04:17:25.397+0000] {taskinstance.py:1851} ERROR - Task failed with exception
Traceback (most recent call last):
  File "/home/airflow/.local/lib/python3.7/site-packages/airflow/operators/python.py", line 175, in execute
    return_value = self.execute_callable()
  File "/home/airflow/.local/lib/python3.7/site-packages/airflow/operators/python.py", line 193, in execute_callable
    return self.python_callable(*self.op_args, **self.op_kwargs)
  File "/opt/airflow/dags/predictions.py", line 17, in _process_user
    'ID_Nation': user['ID Nation'],
TypeError: list indices must be integers or slices, not str
[2023-11-10T04:17:25.410+0000] {taskinstance.py:1406} INFO - Marking task as UP_FOR_RETRY. dag_id=US_population, task_id=process_user, execution_date=20231109T000000, start_date=20231110T041725, end_date=20231110T041725
[2023-11-10T04:17:25.431+0000] {standard_task_runner.py:105} ERROR - Failed to execute job 53 for task process_user (list indices must be integers or slices, not str; 95)
[2023-11-10T04:17:25.473+0000] {local_task_job.py:164} INFO - Task exited with return code 1
[2023-11-10T04:17:25.522+0000] {local_task_job.py:273} INFO - 0 downstream tasks scheduled from follow-on schedule check
