[2023-11-10T09:20:05.088+0000] {taskinstance.py:1165} INFO - Dependencies all met for <TaskInstance: rand_user.extract_user manual__2023-11-10T09:19:58.473910+00:00 [queued]>
[2023-11-10T09:20:05.108+0000] {taskinstance.py:1165} INFO - Dependencies all met for <TaskInstance: rand_user.extract_user manual__2023-11-10T09:19:58.473910+00:00 [queued]>
[2023-11-10T09:20:05.109+0000] {taskinstance.py:1362} INFO - 
--------------------------------------------------------------------------------
[2023-11-10T09:20:05.109+0000] {taskinstance.py:1363} INFO - Starting attempt 1 of 3
[2023-11-10T09:20:05.110+0000] {taskinstance.py:1364} INFO - 
--------------------------------------------------------------------------------
[2023-11-10T09:20:05.132+0000] {taskinstance.py:1383} INFO - Executing <Task(SimpleHttpOperator): extract_user> on 2023-11-10 09:19:58.473910+00:00
[2023-11-10T09:20:05.141+0000] {standard_task_runner.py:55} INFO - Started process 2167 to run task
[2023-11-10T09:20:05.149+0000] {standard_task_runner.py:82} INFO - Running: ['***', 'tasks', 'run', 'rand_user', 'extract_user', 'manual__2023-11-10T09:19:58.473910+00:00', '--job-id', '132', '--raw', '--subdir', 'DAGS_FOLDER/predictions.py', '--cfg-path', '/tmp/tmpd1m9bg8j']
[2023-11-10T09:20:05.152+0000] {standard_task_runner.py:83} INFO - Job 132: Subtask extract_user
[2023-11-10T09:20:05.251+0000] {task_command.py:376} INFO - Running <TaskInstance: rand_user.extract_user manual__2023-11-10T09:19:58.473910+00:00 [running]> on host 91f7624ceef9
[2023-11-10T09:20:05.368+0000] {taskinstance.py:1592} INFO - Exporting the following env vars:
AIRFLOW_CTX_DAG_OWNER=Gaurav
AIRFLOW_CTX_DAG_ID=rand_user
AIRFLOW_CTX_TASK_ID=extract_user
AIRFLOW_CTX_EXECUTION_DATE=2023-11-10T09:19:58.473910+00:00
AIRFLOW_CTX_TRY_NUMBER=1
AIRFLOW_CTX_DAG_RUN_ID=manual__2023-11-10T09:19:58.473910+00:00
[2023-11-10T09:20:05.370+0000] {http.py:121} INFO - Calling HTTP method
[2023-11-10T09:20:05.387+0000] {base.py:71} INFO - Using connection ID 'us_population_API' for task execution.
[2023-11-10T09:20:05.391+0000] {http.py:148} INFO - Sending 'GET' to url: https://datausa.io/api/data?drilldowns=Nation&measures=Population/api/
[2023-11-10T09:20:05.878+0000] {http.py:125} INFO - {"data":[],"source":[]}
[2023-11-10T09:20:05.928+0000] {taskinstance.py:1406} INFO - Marking task as SUCCESS. dag_id=rand_user, task_id=extract_user, execution_date=20231110T091958, start_date=20231110T092005, end_date=20231110T092005
[2023-11-10T09:20:05.961+0000] {local_task_job.py:164} INFO - Task exited with return code 0
[2023-11-10T09:20:06.009+0000] {local_task_job.py:273} INFO - 1 downstream tasks scheduled from follow-on schedule check
