[2023-11-22T09:39:18.753+0000] {taskinstance.py:1165} INFO - Dependencies all met for <TaskInstance: Data_transfer.extract_user manual__2023-11-22T09:39:11.133415+00:00 [queued]>
[2023-11-22T09:39:18.780+0000] {taskinstance.py:1165} INFO - Dependencies all met for <TaskInstance: Data_transfer.extract_user manual__2023-11-22T09:39:11.133415+00:00 [queued]>
[2023-11-22T09:39:18.780+0000] {taskinstance.py:1362} INFO - 
--------------------------------------------------------------------------------
[2023-11-22T09:39:18.781+0000] {taskinstance.py:1363} INFO - Starting attempt 1 of 3
[2023-11-22T09:39:18.782+0000] {taskinstance.py:1364} INFO - 
--------------------------------------------------------------------------------
[2023-11-22T09:39:18.812+0000] {taskinstance.py:1383} INFO - Executing <Task(SimpleHttpOperator): extract_user> on 2023-11-22 09:39:11.133415+00:00
[2023-11-22T09:39:18.820+0000] {standard_task_runner.py:55} INFO - Started process 4761 to run task
[2023-11-22T09:39:18.827+0000] {standard_task_runner.py:82} INFO - Running: ['***', 'tasks', 'run', 'Data_transfer', 'extract_user', 'manual__2023-11-22T09:39:11.133415+00:00', '--job-id', '95', '--raw', '--subdir', 'DAGS_FOLDER/data_transfer.py', '--cfg-path', '/tmp/tmpkyvivazk']
[2023-11-22T09:39:18.830+0000] {standard_task_runner.py:83} INFO - Job 95: Subtask extract_user
[2023-11-22T09:39:18.924+0000] {task_command.py:376} INFO - Running <TaskInstance: Data_transfer.extract_user manual__2023-11-22T09:39:11.133415+00:00 [running]> on host f71f95879a41
[2023-11-22T09:39:19.030+0000] {taskinstance.py:1592} INFO - Exporting the following env vars:
AIRFLOW_CTX_DAG_OWNER=Gaurav
AIRFLOW_CTX_DAG_ID=Data_transfer
AIRFLOW_CTX_TASK_ID=extract_user
AIRFLOW_CTX_EXECUTION_DATE=2023-11-22T09:39:11.133415+00:00
AIRFLOW_CTX_TRY_NUMBER=1
AIRFLOW_CTX_DAG_RUN_ID=manual__2023-11-22T09:39:11.133415+00:00
[2023-11-22T09:39:19.031+0000] {http.py:121} INFO - Calling HTTP method
[2023-11-22T09:39:19.042+0000] {base.py:71} INFO - Using connection ID 'rand_user_api' for task execution.
[2023-11-22T09:39:19.044+0000] {http.py:148} INFO - Sending 'GET' to url: https://randomuser.me/api/
[2023-11-22T09:39:19.458+0000] {http.py:125} INFO - {"results":[{"gender":"male","name":{"title":"Mr","first":"Elias","last":"Christensen"},"location":{"street":{"number":3828,"name":"Odinsvej"},"city":"Aalborg S.Ø.","state":"Midtjylland","country":"Denmark","postcode":80324,"coordinates":{"latitude":"-44.4448","longitude":"-97.9286"},"timezone":{"offset":"+5:45","description":"Kathmandu"}},"email":"elias.christensen@example.com","login":{"uuid":"41c6905c-d28e-42b7-a9b2-8154b26bafd9","username":"silvercat592","password":"mets","salt":"ZiF5jTEP","md5":"34b6c1cc1ecf4c5786bb7172894504d7","sha1":"0d01b5f02271b4d4e70f27f344d9e7873ff3cd99","sha256":"c1e357a2514b1560b29855b693894865aa218554544aff077972e12dd54756d8"},"dob":{"date":"1949-03-29T00:58:32.403Z","age":74},"registered":{"date":"2008-12-25T04:53:28.137Z","age":14},"phone":"71476985","cell":"81354092","id":{"name":"CPR","value":"280349-9482"},"picture":{"large":"https://randomuser.me/api/portraits/men/26.jpg","medium":"https://randomuser.me/api/portraits/med/men/26.jpg","thumbnail":"https://randomuser.me/api/portraits/thumb/men/26.jpg"},"nat":"DK"}],"info":{"seed":"823a7726c2bb61c3","results":1,"page":1,"version":"1.4"}}
[2023-11-22T09:39:19.491+0000] {taskinstance.py:1406} INFO - Marking task as SUCCESS. dag_id=Data_transfer, task_id=extract_user, execution_date=20231122T093911, start_date=20231122T093918, end_date=20231122T093919
[2023-11-22T09:39:19.520+0000] {local_task_job.py:164} INFO - Task exited with return code 0
[2023-11-22T09:39:19.552+0000] {local_task_job.py:273} INFO - 1 downstream tasks scheduled from follow-on schedule check
