[2023-11-22T09:37:16.334+0000] {taskinstance.py:1165} INFO - Dependencies all met for <TaskInstance: Data_transfer.process_user manual__2023-11-22T09:37:08.854232+00:00 [queued]>
[2023-11-22T09:37:16.349+0000] {taskinstance.py:1165} INFO - Dependencies all met for <TaskInstance: Data_transfer.process_user manual__2023-11-22T09:37:08.854232+00:00 [queued]>
[2023-11-22T09:37:16.349+0000] {taskinstance.py:1362} INFO - 
--------------------------------------------------------------------------------
[2023-11-22T09:37:16.350+0000] {taskinstance.py:1363} INFO - Starting attempt 1 of 3
[2023-11-22T09:37:16.350+0000] {taskinstance.py:1364} INFO - 
--------------------------------------------------------------------------------
[2023-11-22T09:37:16.371+0000] {taskinstance.py:1383} INFO - Executing <Task(PythonOperator): process_user> on 2023-11-22 09:37:08.854232+00:00
[2023-11-22T09:37:16.378+0000] {standard_task_runner.py:55} INFO - Started process 4641 to run task
[2023-11-22T09:37:16.383+0000] {standard_task_runner.py:82} INFO - Running: ['***', 'tasks', 'run', 'Data_transfer', 'process_user', 'manual__2023-11-22T09:37:08.854232+00:00', '--job-id', '88', '--raw', '--subdir', 'DAGS_FOLDER/data_transfer.py', '--cfg-path', '/tmp/tmpn6uawu1a']
[2023-11-22T09:37:16.385+0000] {standard_task_runner.py:83} INFO - Job 88: Subtask process_user
[2023-11-22T09:37:16.466+0000] {task_command.py:376} INFO - Running <TaskInstance: Data_transfer.process_user manual__2023-11-22T09:37:08.854232+00:00 [running]> on host f71f95879a41
[2023-11-22T09:37:16.543+0000] {taskinstance.py:1592} INFO - Exporting the following env vars:
AIRFLOW_CTX_DAG_OWNER=Gaurav
AIRFLOW_CTX_DAG_ID=Data_transfer
AIRFLOW_CTX_TASK_ID=process_user
AIRFLOW_CTX_EXECUTION_DATE=2023-11-22T09:37:08.854232+00:00
AIRFLOW_CTX_TRY_NUMBER=1
AIRFLOW_CTX_DAG_RUN_ID=manual__2023-11-22T09:37:08.854232+00:00
[2023-11-22T09:37:16.563+0000] {python.py:177} INFO - Done. Returned value was: None
[2023-11-22T09:37:16.574+0000] {taskinstance.py:1406} INFO - Marking task as SUCCESS. dag_id=Data_transfer, task_id=process_user, execution_date=20231122T093708, start_date=20231122T093716, end_date=20231122T093716
[2023-11-22T09:37:16.634+0000] {local_task_job.py:164} INFO - Task exited with return code 0
[2023-11-22T09:37:16.667+0000] {local_task_job.py:273} INFO - 1 downstream tasks scheduled from follow-on schedule check
