[2023-11-22T09:37:11.666+0000] {taskinstance.py:1165} INFO - Dependencies all met for <TaskInstance: Data_transfer.is_api_available manual__2023-11-22T09:37:08.854232+00:00 [queued]>
[2023-11-22T09:37:11.677+0000] {taskinstance.py:1165} INFO - Dependencies all met for <TaskInstance: Data_transfer.is_api_available manual__2023-11-22T09:37:08.854232+00:00 [queued]>
[2023-11-22T09:37:11.677+0000] {taskinstance.py:1362} INFO - 
--------------------------------------------------------------------------------
[2023-11-22T09:37:11.677+0000] {taskinstance.py:1363} INFO - Starting attempt 1 of 3
[2023-11-22T09:37:11.678+0000] {taskinstance.py:1364} INFO - 
--------------------------------------------------------------------------------
[2023-11-22T09:37:11.698+0000] {taskinstance.py:1383} INFO - Executing <Task(HttpSensor): is_api_available> on 2023-11-22 09:37:08.854232+00:00
[2023-11-22T09:37:11.706+0000] {standard_task_runner.py:55} INFO - Started process 4635 to run task
[2023-11-22T09:37:11.711+0000] {standard_task_runner.py:82} INFO - Running: ['***', 'tasks', 'run', 'Data_transfer', 'is_api_available', 'manual__2023-11-22T09:37:08.854232+00:00', '--job-id', '86', '--raw', '--subdir', 'DAGS_FOLDER/data_transfer.py', '--cfg-path', '/tmp/tmpf3l8d8i2']
[2023-11-22T09:37:11.714+0000] {standard_task_runner.py:83} INFO - Job 86: Subtask is_api_available
[2023-11-22T09:37:11.801+0000] {task_command.py:376} INFO - Running <TaskInstance: Data_transfer.is_api_available manual__2023-11-22T09:37:08.854232+00:00 [running]> on host f71f95879a41
[2023-11-22T09:37:11.912+0000] {taskinstance.py:1592} INFO - Exporting the following env vars:
AIRFLOW_CTX_DAG_OWNER=Gaurav
AIRFLOW_CTX_DAG_ID=Data_transfer
AIRFLOW_CTX_TASK_ID=is_api_available
AIRFLOW_CTX_EXECUTION_DATE=2023-11-22T09:37:08.854232+00:00
AIRFLOW_CTX_TRY_NUMBER=1
AIRFLOW_CTX_DAG_RUN_ID=manual__2023-11-22T09:37:08.854232+00:00
[2023-11-22T09:37:11.914+0000] {http.py:120} INFO - Poking: api/
[2023-11-22T09:37:11.928+0000] {base.py:71} INFO - Using connection ID 'rand_user_api' for task execution.
[2023-11-22T09:37:11.932+0000] {http.py:148} INFO - Sending 'GET' to url: https://randomuser.me/api/
[2023-11-22T09:37:12.341+0000] {base.py:213} INFO - Success criteria met. Exiting.
[2023-11-22T09:37:12.352+0000] {taskinstance.py:1406} INFO - Marking task as SUCCESS. dag_id=Data_transfer, task_id=is_api_available, execution_date=20231122T093708, start_date=20231122T093711, end_date=20231122T093712
[2023-11-22T09:37:12.404+0000] {local_task_job.py:164} INFO - Task exited with return code 0
[2023-11-22T09:37:12.443+0000] {local_task_job.py:273} INFO - 1 downstream tasks scheduled from follow-on schedule check
