[2023-11-23T08:20:17.679+0000] {taskinstance.py:1165} INFO - Dependencies all met for <TaskInstance: rand_user.extract_user scheduled__2023-11-23T07:21:44.757059+00:00 [queued]>
[2023-11-23T08:20:17.696+0000] {taskinstance.py:1165} INFO - Dependencies all met for <TaskInstance: rand_user.extract_user scheduled__2023-11-23T07:21:44.757059+00:00 [queued]>
[2023-11-23T08:20:17.696+0000] {taskinstance.py:1362} INFO - 
--------------------------------------------------------------------------------
[2023-11-23T08:20:17.697+0000] {taskinstance.py:1363} INFO - Starting attempt 1 of 3
[2023-11-23T08:20:17.697+0000] {taskinstance.py:1364} INFO - 
--------------------------------------------------------------------------------
[2023-11-23T08:20:17.717+0000] {taskinstance.py:1383} INFO - Executing <Task(SimpleHttpOperator): extract_user> on 2023-11-23 07:21:44.757059+00:00
[2023-11-23T08:20:17.724+0000] {standard_task_runner.py:55} INFO - Started process 10529 to run task
[2023-11-23T08:20:17.728+0000] {standard_task_runner.py:82} INFO - Running: ['***', 'tasks', 'run', 'rand_user', 'extract_user', 'scheduled__2023-11-23T07:21:44.757059+00:00', '--job-id', '654', '--raw', '--subdir', 'DAGS_FOLDER/predictions.py', '--cfg-path', '/tmp/tmpvrcc46ct']
[2023-11-23T08:20:17.731+0000] {standard_task_runner.py:83} INFO - Job 654: Subtask extract_user
[2023-11-23T08:20:17.804+0000] {task_command.py:376} INFO - Running <TaskInstance: rand_user.extract_user scheduled__2023-11-23T07:21:44.757059+00:00 [running]> on host f71f95879a41
[2023-11-23T08:20:17.873+0000] {taskinstance.py:1592} INFO - Exporting the following env vars:
AIRFLOW_CTX_DAG_OWNER=Gaurav
AIRFLOW_CTX_DAG_ID=rand_user
AIRFLOW_CTX_TASK_ID=extract_user
AIRFLOW_CTX_EXECUTION_DATE=2023-11-23T07:21:44.757059+00:00
AIRFLOW_CTX_TRY_NUMBER=1
AIRFLOW_CTX_DAG_RUN_ID=scheduled__2023-11-23T07:21:44.757059+00:00
[2023-11-23T08:20:17.874+0000] {http.py:121} INFO - Calling HTTP method
[2023-11-23T08:20:17.884+0000] {base.py:71} INFO - Using connection ID 'rand_user_api' for task execution.
[2023-11-23T08:20:17.886+0000] {http.py:148} INFO - Sending 'GET' to url: https://randomuser.me/api/
[2023-11-23T08:20:18.425+0000] {http.py:125} INFO - {"results":[{"gender":"male","name":{"title":"Mr","first":"Carl","last":"Mortensen"},"location":{"street":{"number":9711,"name":"Vestergade"},"city":"Viby Sj.","state":"Hovedstaden","country":"Denmark","postcode":65983,"coordinates":{"latitude":"-43.4802","longitude":"-21.3182"},"timezone":{"offset":"-3:30","description":"Newfoundland"}},"email":"carl.mortensen@example.com","login":{"uuid":"385fef39-4fd8-4177-a1d8-fed6300414da","username":"ticklishleopard969","password":"bacon","salt":"r81IgEC6","md5":"d58255b0a3daca74b1591bcfdf32c2d1","sha1":"213a26f7497b838731be5bebe023990ae05a5c1b","sha256":"2c8ffd45c3253f48631b63cbd861a2e031114265b29e9e7d3c97e493f43f4683"},"dob":{"date":"1997-01-31T09:27:05.409Z","age":26},"registered":{"date":"2018-09-10T19:42:57.456Z","age":5},"phone":"20020286","cell":"21225566","id":{"name":"CPR","value":"310197-4761"},"picture":{"large":"https://randomuser.me/api/portraits/men/40.jpg","medium":"https://randomuser.me/api/portraits/med/men/40.jpg","thumbnail":"https://randomuser.me/api/portraits/thumb/men/40.jpg"},"nat":"DK"}],"info":{"seed":"24b6fc4ff2adee3b","results":1,"page":1,"version":"1.4"}}
[2023-11-23T08:20:18.463+0000] {taskinstance.py:1406} INFO - Marking task as SUCCESS. dag_id=rand_user, task_id=extract_user, execution_date=20231123T072144, start_date=20231123T082017, end_date=20231123T082018
[2023-11-23T08:20:18.503+0000] {local_task_job.py:164} INFO - Task exited with return code 0
[2023-11-23T08:20:18.537+0000] {local_task_job.py:273} INFO - 1 downstream tasks scheduled from follow-on schedule check
