[2023-11-15T04:11:34.379+0000] {taskinstance.py:1165} INFO - Dependencies all met for <TaskInstance: rand_user.extract_user scheduled__2023-11-14T00:00:00+00:00 [queued]>
[2023-11-15T04:11:34.391+0000] {taskinstance.py:1165} INFO - Dependencies all met for <TaskInstance: rand_user.extract_user scheduled__2023-11-14T00:00:00+00:00 [queued]>
[2023-11-15T04:11:34.391+0000] {taskinstance.py:1362} INFO - 
--------------------------------------------------------------------------------
[2023-11-15T04:11:34.392+0000] {taskinstance.py:1363} INFO - Starting attempt 1 of 3
[2023-11-15T04:11:34.392+0000] {taskinstance.py:1364} INFO - 
--------------------------------------------------------------------------------
[2023-11-15T04:11:34.410+0000] {taskinstance.py:1383} INFO - Executing <Task(SimpleHttpOperator): extract_user> on 2023-11-14 00:00:00+00:00
[2023-11-15T04:11:34.417+0000] {standard_task_runner.py:55} INFO - Started process 7558 to run task
[2023-11-15T04:11:34.422+0000] {standard_task_runner.py:82} INFO - Running: ['***', 'tasks', 'run', 'rand_user', 'extract_user', 'scheduled__2023-11-14T00:00:00+00:00', '--job-id', '481', '--raw', '--subdir', 'DAGS_FOLDER/predictions.py', '--cfg-path', '/tmp/tmpkpykude9']
[2023-11-15T04:11:34.424+0000] {standard_task_runner.py:83} INFO - Job 481: Subtask extract_user
[2023-11-15T04:11:34.503+0000] {task_command.py:376} INFO - Running <TaskInstance: rand_user.extract_user scheduled__2023-11-14T00:00:00+00:00 [running]> on host 91f7624ceef9
[2023-11-15T04:11:34.569+0000] {taskinstance.py:1592} INFO - Exporting the following env vars:
AIRFLOW_CTX_DAG_OWNER=Gaurav
AIRFLOW_CTX_DAG_ID=rand_user
AIRFLOW_CTX_TASK_ID=extract_user
AIRFLOW_CTX_EXECUTION_DATE=2023-11-14T00:00:00+00:00
AIRFLOW_CTX_TRY_NUMBER=1
AIRFLOW_CTX_DAG_RUN_ID=scheduled__2023-11-14T00:00:00+00:00
[2023-11-15T04:11:34.570+0000] {http.py:121} INFO - Calling HTTP method
[2023-11-15T04:11:34.580+0000] {base.py:71} INFO - Using connection ID 'rand_user' for task execution.
[2023-11-15T04:11:34.582+0000] {http.py:148} INFO - Sending 'GET' to url: https://randomuser.me/api/
[2023-11-15T04:11:35.731+0000] {http.py:125} INFO - {"results":[{"gender":"male","name":{"title":"Mr","first":"Ramon","last":"Herrero"},"location":{"street":{"number":2611,"name":"Calle del Barquillo"},"city":"Ciudad Real","state":"Castilla y León","country":"Spain","postcode":97703,"coordinates":{"latitude":"-31.5563","longitude":"-17.6542"},"timezone":{"offset":"-11:00","description":"Midway Island, Samoa"}},"email":"ramon.herrero@example.com","login":{"uuid":"d604c35f-0bd5-476e-a499-2a7fe57ceac5","username":"organicmeercat262","password":"deadhead","salt":"cUYvCA5P","md5":"7f40c7c7e3fa344a7ec85075903edcb8","sha1":"e66665780789f25fd1fb256503ba748714a36be8","sha256":"bba967f5edbcce23b1359f8e50055dc8b8462e6371e172acd9d53080548670f7"},"dob":{"date":"1982-05-25T00:17:17.199Z","age":41},"registered":{"date":"2011-08-13T21:36:33.227Z","age":12},"phone":"993-489-673","cell":"664-632-045","id":{"name":"DNI","value":"57740284-D"},"picture":{"large":"https://randomuser.me/api/portraits/men/94.jpg","medium":"https://randomuser.me/api/portraits/med/men/94.jpg","thumbnail":"https://randomuser.me/api/portraits/thumb/men/94.jpg"},"nat":"ES"}],"info":{"seed":"ae9ce886aec9d2f6","results":1,"page":1,"version":"1.4"}}
[2023-11-15T04:11:35.754+0000] {taskinstance.py:1406} INFO - Marking task as SUCCESS. dag_id=rand_user, task_id=extract_user, execution_date=20231114T000000, start_date=20231115T041134, end_date=20231115T041135
[2023-11-15T04:11:35.798+0000] {local_task_job.py:164} INFO - Task exited with return code 0
[2023-11-15T04:11:35.827+0000] {local_task_job.py:273} INFO - 1 downstream tasks scheduled from follow-on schedule check
