[2023-11-13T11:21:20.669+0000] {taskinstance.py:1165} INFO - Dependencies all met for <TaskInstance: rand_user.extract_user manual__2023-11-13T11:21:15.538724+00:00 [queued]>
[2023-11-13T11:21:20.683+0000] {taskinstance.py:1165} INFO - Dependencies all met for <TaskInstance: rand_user.extract_user manual__2023-11-13T11:21:15.538724+00:00 [queued]>
[2023-11-13T11:21:20.684+0000] {taskinstance.py:1362} INFO - 
--------------------------------------------------------------------------------
[2023-11-13T11:21:20.684+0000] {taskinstance.py:1363} INFO - Starting attempt 1 of 3
[2023-11-13T11:21:20.684+0000] {taskinstance.py:1364} INFO - 
--------------------------------------------------------------------------------
[2023-11-13T11:21:20.700+0000] {taskinstance.py:1383} INFO - Executing <Task(SimpleHttpOperator): extract_user> on 2023-11-13 11:21:15.538724+00:00
[2023-11-13T11:21:20.707+0000] {standard_task_runner.py:55} INFO - Started process 4818 to run task
[2023-11-13T11:21:20.711+0000] {standard_task_runner.py:82} INFO - Running: ['***', 'tasks', 'run', 'rand_user', 'extract_user', 'manual__2023-11-13T11:21:15.538724+00:00', '--job-id', '406', '--raw', '--subdir', 'DAGS_FOLDER/predictions.py', '--cfg-path', '/tmp/tmpve6m8gf8']
[2023-11-13T11:21:20.715+0000] {standard_task_runner.py:83} INFO - Job 406: Subtask extract_user
[2023-11-13T11:21:20.779+0000] {task_command.py:376} INFO - Running <TaskInstance: rand_user.extract_user manual__2023-11-13T11:21:15.538724+00:00 [running]> on host 91f7624ceef9
[2023-11-13T11:21:20.851+0000] {taskinstance.py:1592} INFO - Exporting the following env vars:
AIRFLOW_CTX_DAG_OWNER=Gaurav
AIRFLOW_CTX_DAG_ID=rand_user
AIRFLOW_CTX_TASK_ID=extract_user
AIRFLOW_CTX_EXECUTION_DATE=2023-11-13T11:21:15.538724+00:00
AIRFLOW_CTX_TRY_NUMBER=1
AIRFLOW_CTX_DAG_RUN_ID=manual__2023-11-13T11:21:15.538724+00:00
[2023-11-13T11:21:20.853+0000] {http.py:121} INFO - Calling HTTP method
[2023-11-13T11:21:20.863+0000] {base.py:71} INFO - Using connection ID 'rand_user' for task execution.
[2023-11-13T11:21:20.865+0000] {http.py:148} INFO - Sending 'GET' to url: https://randomuser.me/api/
[2023-11-13T11:21:21.302+0000] {http.py:125} INFO - {"results":[{"gender":"female","name":{"title":"Miss","first":"Siiri","last":"Tanner"},"location":{"street":{"number":6581,"name":"Korkeavuorenkatu"},"city":"Honkajoki","state":"Lapland","country":"Finland","postcode":52740,"coordinates":{"latitude":"-23.6780","longitude":"126.4685"},"timezone":{"offset":"+3:30","description":"Tehran"}},"email":"siiri.tanner@example.com","login":{"uuid":"ee29a515-7a5d-428a-86a3-58c1fcba2d04","username":"brownfrog597","password":"nguyen","salt":"Pv2kIPbz","md5":"a36f70ac6831fedd0c5273ce6c58a509","sha1":"a84773dac32e6e3f1eafb560a07a20ef6dcd5155","sha256":"2a6d96ee534f8b6d02573b4aba1230614281be72829c649cd0d164adec53c8e7"},"dob":{"date":"1990-01-17T03:22:24.508Z","age":33},"registered":{"date":"2004-02-24T18:13:19.144Z","age":19},"phone":"08-661-802","cell":"045-013-51-01","id":{"name":"HETU","value":"NaNNA342undefined"},"picture":{"large":"https://randomuser.me/api/portraits/women/91.jpg","medium":"https://randomuser.me/api/portraits/med/women/91.jpg","thumbnail":"https://randomuser.me/api/portraits/thumb/women/91.jpg"},"nat":"FI"}],"info":{"seed":"07e61d201ce44248","results":1,"page":1,"version":"1.4"}}
[2023-11-13T11:21:21.344+0000] {taskinstance.py:1406} INFO - Marking task as SUCCESS. dag_id=rand_user, task_id=extract_user, execution_date=20231113T112115, start_date=20231113T112120, end_date=20231113T112121
[2023-11-13T11:21:21.364+0000] {local_task_job.py:164} INFO - Task exited with return code 0
[2023-11-13T11:21:21.398+0000] {local_task_job.py:273} INFO - 1 downstream tasks scheduled from follow-on schedule check
