[2023-11-22T08:09:21.665+0000] {taskinstance.py:1165} INFO - Dependencies all met for <TaskInstance: Data_transfer.Create_table scheduled__2023-11-22T06:45:50.835961+00:00 [queued]>
[2023-11-22T08:09:21.681+0000] {taskinstance.py:1165} INFO - Dependencies all met for <TaskInstance: Data_transfer.Create_table scheduled__2023-11-22T06:45:50.835961+00:00 [queued]>
[2023-11-22T08:09:21.682+0000] {taskinstance.py:1362} INFO - 
--------------------------------------------------------------------------------
[2023-11-22T08:09:21.682+0000] {taskinstance.py:1363} INFO - Starting attempt 2 of 3
[2023-11-22T08:09:21.682+0000] {taskinstance.py:1364} INFO - 
--------------------------------------------------------------------------------
[2023-11-22T08:09:21.704+0000] {taskinstance.py:1383} INFO - Executing <Task(PostgresOperator): Create_table> on 2023-11-22 06:45:50.835961+00:00
[2023-11-22T08:09:21.711+0000] {standard_task_runner.py:55} INFO - Started process 272 to run task
[2023-11-22T08:09:21.718+0000] {standard_task_runner.py:82} INFO - Running: ['***', 'tasks', 'run', 'Data_transfer', 'Create_table', 'scheduled__2023-11-22T06:45:50.835961+00:00', '--job-id', '5', '--raw', '--subdir', 'DAGS_FOLDER/data_transfer.py', '--cfg-path', '/tmp/tmpcmnhq09k']
[2023-11-22T08:09:21.722+0000] {standard_task_runner.py:83} INFO - Job 5: Subtask Create_table
[2023-11-22T08:09:21.816+0000] {task_command.py:376} INFO - Running <TaskInstance: Data_transfer.Create_table scheduled__2023-11-22T06:45:50.835961+00:00 [running]> on host f71f95879a41
[2023-11-22T08:09:21.931+0000] {taskinstance.py:1592} INFO - Exporting the following env vars:
AIRFLOW_CTX_DAG_OWNER=Gaurav
AIRFLOW_CTX_DAG_ID=Data_transfer
AIRFLOW_CTX_TASK_ID=Create_table
AIRFLOW_CTX_EXECUTION_DATE=2023-11-22T06:45:50.835961+00:00
AIRFLOW_CTX_TRY_NUMBER=2
AIRFLOW_CTX_DAG_RUN_ID=scheduled__2023-11-22T06:45:50.835961+00:00
[2023-11-22T08:09:21.947+0000] {base.py:71} INFO - Using connection ID 'source_db_***' for task execution.
[2023-11-22T08:09:21.949+0000] {taskinstance.py:1851} ERROR - Task failed with exception
Traceback (most recent call last):
  File "/home/airflow/.local/lib/python3.7/site-packages/airflow/providers/postgres/operators/postgres.py", line 94, in execute
    self.hook.run(self.sql, self.autocommit, parameters=self.parameters)
  File "/home/airflow/.local/lib/python3.7/site-packages/airflow/providers/common/sql/hooks/sql.py", line 288, in run
    with closing(self.get_conn()) as conn:
  File "/home/airflow/.local/lib/python3.7/site-packages/airflow/providers/postgres/hooks/postgres.py", line 115, in get_conn
    self.conn = psycopg2.connect(**conn_args)
  File "/home/airflow/.local/lib/python3.7/site-packages/psycopg2/__init__.py", line 122, in connect
    conn = _connect(dsn, connection_factory=connection_factory, **kwasync)
psycopg2.OperationalError: connection to server at "10.226.80.35", port 5445 failed: Network is unreachable
	Is the server running on that host and accepting TCP/IP connections?

[2023-11-22T08:09:21.962+0000] {taskinstance.py:1406} INFO - Marking task as UP_FOR_RETRY. dag_id=Data_transfer, task_id=Create_table, execution_date=20231122T064550, start_date=20231122T080921, end_date=20231122T080921
[2023-11-22T08:09:21.979+0000] {standard_task_runner.py:105} ERROR - Failed to execute job 5 for task Create_table (connection to server at "10.226.80.35", port 5445 failed: Network is unreachable
	Is the server running on that host and accepting TCP/IP connections?
; 272)
[2023-11-22T08:09:22.010+0000] {local_task_job.py:164} INFO - Task exited with return code 1
[2023-11-22T08:09:22.038+0000] {local_task_job.py:273} INFO - 0 downstream tasks scheduled from follow-on schedule check
