[2023-11-22T10:08:09.437+0000] {taskinstance.py:1165} INFO - Dependencies all met for <TaskInstance: Data_transfer.extract_user manual__2023-11-22T10:08:03.953557+00:00 [queued]>
[2023-11-22T10:08:09.453+0000] {taskinstance.py:1165} INFO - Dependencies all met for <TaskInstance: Data_transfer.extract_user manual__2023-11-22T10:08:03.953557+00:00 [queued]>
[2023-11-22T10:08:09.454+0000] {taskinstance.py:1362} INFO - 
--------------------------------------------------------------------------------
[2023-11-22T10:08:09.454+0000] {taskinstance.py:1363} INFO - Starting attempt 1 of 3
[2023-11-22T10:08:09.455+0000] {taskinstance.py:1364} INFO - 
--------------------------------------------------------------------------------
[2023-11-22T10:08:09.476+0000] {taskinstance.py:1383} INFO - Executing <Task(SimpleHttpOperator): extract_user> on 2023-11-22 10:08:03.953557+00:00
[2023-11-22T10:08:09.483+0000] {standard_task_runner.py:55} INFO - Started process 6265 to run task
[2023-11-22T10:08:09.487+0000] {standard_task_runner.py:82} INFO - Running: ['***', 'tasks', 'run', 'Data_transfer', 'extract_user', 'manual__2023-11-22T10:08:03.953557+00:00', '--job-id', '150', '--raw', '--subdir', 'DAGS_FOLDER/data_transfer.py', '--cfg-path', '/tmp/tmp3fril499']
[2023-11-22T10:08:09.489+0000] {standard_task_runner.py:83} INFO - Job 150: Subtask extract_user
[2023-11-22T10:08:09.564+0000] {task_command.py:376} INFO - Running <TaskInstance: Data_transfer.extract_user manual__2023-11-22T10:08:03.953557+00:00 [running]> on host f71f95879a41
[2023-11-22T10:08:09.645+0000] {taskinstance.py:1592} INFO - Exporting the following env vars:
AIRFLOW_CTX_DAG_OWNER=Gaurav
AIRFLOW_CTX_DAG_ID=Data_transfer
AIRFLOW_CTX_TASK_ID=extract_user
AIRFLOW_CTX_EXECUTION_DATE=2023-11-22T10:08:03.953557+00:00
AIRFLOW_CTX_TRY_NUMBER=1
AIRFLOW_CTX_DAG_RUN_ID=manual__2023-11-22T10:08:03.953557+00:00
[2023-11-22T10:08:09.646+0000] {http.py:121} INFO - Calling HTTP method
[2023-11-22T10:08:09.657+0000] {base.py:71} INFO - Using connection ID 'rand_user_api' for task execution.
[2023-11-22T10:08:09.659+0000] {http.py:148} INFO - Sending 'GET' to url: https://randomuser.me/api/
[2023-11-22T10:08:10.645+0000] {http.py:125} INFO - {"results":[{"gender":"male","name":{"title":"Mr","first":"مهراد","last":"حسینی"},"location":{"street":{"number":9161,"name":"سپهبد قرنی"},"city":"ساری","state":"خراسان جنوبی","country":"Iran","postcode":17757,"coordinates":{"latitude":"17.0352","longitude":"-82.9758"},"timezone":{"offset":"+9:00","description":"Tokyo, Seoul, Osaka, Sapporo, Yakutsk"}},"email":"mhrd.hsyny@example.com","login":{"uuid":"d1de5741-bd4a-4705-918b-46ab9f6745c7","username":"lazypeacock334","password":"ashlee","salt":"RZsOEau2","md5":"ecdc3a2ff5382f7478dccd95ad955cbd","sha1":"b6803e69336b3dd477ed328e52f3735a92f7b2a1","sha256":"b73fa267f60cf699af12cdea443b93d64110c652cb754d89212f4f47abcae50d"},"dob":{"date":"1967-01-04T04:00:35.863Z","age":56},"registered":{"date":"2015-07-02T23:07:43.220Z","age":8},"phone":"069-44237429","cell":"0921-325-0864","id":{"name":"","value":null},"picture":{"large":"https://randomuser.me/api/portraits/men/70.jpg","medium":"https://randomuser.me/api/portraits/med/men/70.jpg","thumbnail":"https://randomuser.me/api/portraits/thumb/men/70.jpg"},"nat":"IR"}],"info":{"seed":"d2b2f8b313357d13","results":1,"page":1,"version":"1.4"}}
[2023-11-22T10:08:10.687+0000] {taskinstance.py:1406} INFO - Marking task as SUCCESS. dag_id=Data_transfer, task_id=extract_user, execution_date=20231122T100803, start_date=20231122T100809, end_date=20231122T100810
[2023-11-22T10:08:10.743+0000] {local_task_job.py:164} INFO - Task exited with return code 0
[2023-11-22T10:08:10.811+0000] {local_task_job.py:273} INFO - 1 downstream tasks scheduled from follow-on schedule check
