[2023-11-23T08:25:51.954+0000] {taskinstance.py:1165} INFO - Dependencies all met for <TaskInstance: Data_transfer.Create_dest_man_table manual__2023-11-23T08:25:49.021738+00:00 [queued]>
[2023-11-23T08:25:51.967+0000] {taskinstance.py:1165} INFO - Dependencies all met for <TaskInstance: Data_transfer.Create_dest_man_table manual__2023-11-23T08:25:49.021738+00:00 [queued]>
[2023-11-23T08:25:51.968+0000] {taskinstance.py:1362} INFO - 
--------------------------------------------------------------------------------
[2023-11-23T08:25:51.968+0000] {taskinstance.py:1363} INFO - Starting attempt 1 of 3
[2023-11-23T08:25:51.968+0000] {taskinstance.py:1364} INFO - 
--------------------------------------------------------------------------------
[2023-11-23T08:25:51.985+0000] {taskinstance.py:1383} INFO - Executing <Task(PostgresOperator): Create_dest_man_table> on 2023-11-23 08:25:49.021738+00:00
[2023-11-23T08:25:51.991+0000] {standard_task_runner.py:55} INFO - Started process 10850 to run task
[2023-11-23T08:25:51.996+0000] {standard_task_runner.py:82} INFO - Running: ['***', 'tasks', 'run', 'Data_transfer', 'Create_dest_man_table', 'manual__2023-11-23T08:25:49.021738+00:00', '--job-id', '674', '--raw', '--subdir', 'DAGS_FOLDER/data_transfer.py', '--cfg-path', '/tmp/tmpmi5w3aqh']
[2023-11-23T08:25:51.998+0000] {standard_task_runner.py:83} INFO - Job 674: Subtask Create_dest_man_table
[2023-11-23T08:25:52.065+0000] {task_command.py:376} INFO - Running <TaskInstance: Data_transfer.Create_dest_man_table manual__2023-11-23T08:25:49.021738+00:00 [running]> on host f71f95879a41
[2023-11-23T08:25:52.137+0000] {taskinstance.py:1592} INFO - Exporting the following env vars:
AIRFLOW_CTX_DAG_OWNER=Gaurav
AIRFLOW_CTX_DAG_ID=Data_transfer
AIRFLOW_CTX_TASK_ID=Create_dest_man_table
AIRFLOW_CTX_EXECUTION_DATE=2023-11-23T08:25:49.021738+00:00
AIRFLOW_CTX_TRY_NUMBER=1
AIRFLOW_CTX_DAG_RUN_ID=manual__2023-11-23T08:25:49.021738+00:00
[2023-11-23T08:25:52.147+0000] {base.py:71} INFO - Using connection ID 'dest_conn_id' for task execution.
[2023-11-23T08:25:52.155+0000] {sql.py:315} INFO - Running statement: 
        CREATE TABLE IF NOT EXISTS ***_destination_users (
        uuid TEXT NOT NULL,
        title TEXT NOT NULL,
        firstname TEXT NOT NULL,
        lastname TEXT NOT NULL,
        gender TEXT NOT NULL,
        country TEXT NOT NULL,
        username TEXT NOT NULL,
        password TEXT NOT NULL,
        email TEXT NOT NULL,
        age INT NOT NULL
        )
        , parameters: None
[2023-11-23T08:25:52.186+0000] {taskinstance.py:1406} INFO - Marking task as SUCCESS. dag_id=Data_transfer, task_id=Create_dest_man_table, execution_date=20231123T082549, start_date=20231123T082551, end_date=20231123T082552
[2023-11-23T08:25:52.207+0000] {local_task_job.py:164} INFO - Task exited with return code 0
[2023-11-23T08:25:52.227+0000] {local_task_job.py:273} INFO - 0 downstream tasks scheduled from follow-on schedule check
