[2023-11-21T12:30:14.010+0000] {taskinstance.py:1165} INFO - Dependencies all met for <TaskInstance: rand_user.process_user manual__2023-11-21T12:30:05.674639+00:00 [queued]>
[2023-11-21T12:30:14.033+0000] {taskinstance.py:1165} INFO - Dependencies all met for <TaskInstance: rand_user.process_user manual__2023-11-21T12:30:05.674639+00:00 [queued]>
[2023-11-21T12:30:14.033+0000] {taskinstance.py:1362} INFO - 
--------------------------------------------------------------------------------
[2023-11-21T12:30:14.034+0000] {taskinstance.py:1363} INFO - Starting attempt 1 of 3
[2023-11-21T12:30:14.034+0000] {taskinstance.py:1364} INFO - 
--------------------------------------------------------------------------------
[2023-11-21T12:30:14.077+0000] {taskinstance.py:1383} INFO - Executing <Task(PythonOperator): process_user> on 2023-11-21 12:30:05.674639+00:00
[2023-11-21T12:30:14.087+0000] {standard_task_runner.py:55} INFO - Started process 972 to run task
[2023-11-21T12:30:14.095+0000] {standard_task_runner.py:82} INFO - Running: ['***', 'tasks', 'run', 'rand_user', 'process_user', 'manual__2023-11-21T12:30:05.674639+00:00', '--job-id', '545', '--raw', '--subdir', 'DAGS_FOLDER/predictions.py', '--cfg-path', '/tmp/tmpofl2hv2g']
[2023-11-21T12:30:14.099+0000] {standard_task_runner.py:83} INFO - Job 545: Subtask process_user
[2023-11-21T12:30:14.216+0000] {task_command.py:376} INFO - Running <TaskInstance: rand_user.process_user manual__2023-11-21T12:30:05.674639+00:00 [running]> on host 91f7624ceef9
[2023-11-21T12:30:14.349+0000] {taskinstance.py:1592} INFO - Exporting the following env vars:
AIRFLOW_CTX_DAG_OWNER=Gaurav
AIRFLOW_CTX_DAG_ID=rand_user
AIRFLOW_CTX_TASK_ID=process_user
AIRFLOW_CTX_EXECUTION_DATE=2023-11-21T12:30:05.674639+00:00
AIRFLOW_CTX_TRY_NUMBER=1
AIRFLOW_CTX_DAG_RUN_ID=manual__2023-11-21T12:30:05.674639+00:00
[2023-11-21T12:30:14.381+0000] {python.py:177} INFO - Done. Returned value was: None
[2023-11-21T12:30:14.399+0000] {taskinstance.py:1406} INFO - Marking task as SUCCESS. dag_id=rand_user, task_id=process_user, execution_date=20231121T123005, start_date=20231121T123014, end_date=20231121T123014
[2023-11-21T12:30:14.466+0000] {local_task_job.py:164} INFO - Task exited with return code 0
[2023-11-21T12:30:14.518+0000] {local_task_job.py:273} INFO - 1 downstream tasks scheduled from follow-on schedule check
