[2023-11-13T09:57:29.762+0000] {taskinstance.py:1165} INFO - Dependencies all met for <TaskInstance: rand_user.extract_user manual__2023-11-13T09:57:24.332327+00:00 [queued]>
[2023-11-13T09:57:29.775+0000] {taskinstance.py:1165} INFO - Dependencies all met for <TaskInstance: rand_user.extract_user manual__2023-11-13T09:57:24.332327+00:00 [queued]>
[2023-11-13T09:57:29.776+0000] {taskinstance.py:1362} INFO - 
--------------------------------------------------------------------------------
[2023-11-13T09:57:29.776+0000] {taskinstance.py:1363} INFO - Starting attempt 1 of 3
[2023-11-13T09:57:29.776+0000] {taskinstance.py:1364} INFO - 
--------------------------------------------------------------------------------
[2023-11-13T09:57:29.794+0000] {taskinstance.py:1383} INFO - Executing <Task(SimpleHttpOperator): extract_user> on 2023-11-13 09:57:24.332327+00:00
[2023-11-13T09:57:29.800+0000] {standard_task_runner.py:55} INFO - Started process 687 to run task
[2023-11-13T09:57:29.805+0000] {standard_task_runner.py:82} INFO - Running: ['***', 'tasks', 'run', 'rand_user', 'extract_user', 'manual__2023-11-13T09:57:24.332327+00:00', '--job-id', '353', '--raw', '--subdir', 'DAGS_FOLDER/predictions.py', '--cfg-path', '/tmp/tmpkw0a_ox6']
[2023-11-13T09:57:29.807+0000] {standard_task_runner.py:83} INFO - Job 353: Subtask extract_user
[2023-11-13T09:57:29.873+0000] {task_command.py:376} INFO - Running <TaskInstance: rand_user.extract_user manual__2023-11-13T09:57:24.332327+00:00 [running]> on host 91f7624ceef9
[2023-11-13T09:57:29.940+0000] {taskinstance.py:1592} INFO - Exporting the following env vars:
AIRFLOW_CTX_DAG_OWNER=Gaurav
AIRFLOW_CTX_DAG_ID=rand_user
AIRFLOW_CTX_TASK_ID=extract_user
AIRFLOW_CTX_EXECUTION_DATE=2023-11-13T09:57:24.332327+00:00
AIRFLOW_CTX_TRY_NUMBER=1
AIRFLOW_CTX_DAG_RUN_ID=manual__2023-11-13T09:57:24.332327+00:00
[2023-11-13T09:57:29.941+0000] {http.py:121} INFO - Calling HTTP method
[2023-11-13T09:57:29.951+0000] {base.py:71} INFO - Using connection ID 'rand_user' for task execution.
[2023-11-13T09:57:29.953+0000] {http.py:148} INFO - Sending 'GET' to url: https://randomuser.me/api/
[2023-11-13T09:57:31.332+0000] {http.py:125} INFO - {"results":[{"gender":"female","name":{"title":"Mrs","first":"Meghana","last":"Andrade"},"location":{"street":{"number":4449,"name":"Sao Tome Old Quarter"},"city":"Tenali","state":"Lakshadweep","country":"India","postcode":38080,"coordinates":{"latitude":"11.3830","longitude":"117.0775"},"timezone":{"offset":"+1:00","description":"Brussels, Copenhagen, Madrid, Paris"}},"email":"meghana.andrade@example.com","login":{"uuid":"61877de8-4560-4e89-91b6-dbebd3945992","username":"happysnake768","password":"platypus","salt":"uAc6HMgg","md5":"fa244015ee4eb70d1f7bca206673abe1","sha1":"e0e75328928e001b0b7c023fa1fe4a8ad5bcaed1","sha256":"08c45752520ed03222f2a36d4b720bc2a27581642c85dd40e2d31c7468d73628"},"dob":{"date":"1997-10-13T08:12:47.415Z","age":26},"registered":{"date":"2017-02-18T18:10:02.400Z","age":6},"phone":"7523551076","cell":"7409174304","id":{"name":"UIDAI","value":"486034771643"},"picture":{"large":"https://randomuser.me/api/portraits/women/84.jpg","medium":"https://randomuser.me/api/portraits/med/women/84.jpg","thumbnail":"https://randomuser.me/api/portraits/thumb/women/84.jpg"},"nat":"IN"}],"info":{"seed":"6c97a8b7748629b2","results":1,"page":1,"version":"1.4"}}
[2023-11-13T09:57:31.373+0000] {taskinstance.py:1406} INFO - Marking task as SUCCESS. dag_id=rand_user, task_id=extract_user, execution_date=20231113T095724, start_date=20231113T095729, end_date=20231113T095731
[2023-11-13T09:57:31.421+0000] {local_task_job.py:164} INFO - Task exited with return code 0
[2023-11-13T09:57:31.476+0000] {local_task_job.py:273} INFO - 1 downstream tasks scheduled from follow-on schedule check
