[2023-11-23T05:28:17.431+0000] {taskinstance.py:1165} INFO - Dependencies all met for <TaskInstance: rand_user.upload_data_to_destination manual__2023-11-23T05:28:05.748889+00:00 [queued]>
[2023-11-23T05:28:17.442+0000] {taskinstance.py:1165} INFO - Dependencies all met for <TaskInstance: rand_user.upload_data_to_destination manual__2023-11-23T05:28:05.748889+00:00 [queued]>
[2023-11-23T05:28:17.442+0000] {taskinstance.py:1362} INFO - 
--------------------------------------------------------------------------------
[2023-11-23T05:28:17.442+0000] {taskinstance.py:1363} INFO - Starting attempt 1 of 3
[2023-11-23T05:28:17.443+0000] {taskinstance.py:1364} INFO - 
--------------------------------------------------------------------------------
[2023-11-23T05:28:17.457+0000] {taskinstance.py:1383} INFO - Executing <Task(GenericTransfer): upload_data_to_destination> on 2023-11-23 05:28:05.748889+00:00
[2023-11-23T05:28:17.463+0000] {standard_task_runner.py:55} INFO - Started process 3845 to run task
[2023-11-23T05:28:17.467+0000] {standard_task_runner.py:82} INFO - Running: ['***', 'tasks', 'run', 'rand_user', 'upload_data_to_destination', 'manual__2023-11-23T05:28:05.748889+00:00', '--job-id', '381', '--raw', '--subdir', 'DAGS_FOLDER/predictions.py', '--cfg-path', '/tmp/tmph3t5kzg5']
[2023-11-23T05:28:17.469+0000] {standard_task_runner.py:83} INFO - Job 381: Subtask upload_data_to_destination
[2023-11-23T05:28:17.539+0000] {task_command.py:376} INFO - Running <TaskInstance: rand_user.upload_data_to_destination manual__2023-11-23T05:28:05.748889+00:00 [running]> on host f71f95879a41
[2023-11-23T05:28:17.610+0000] {taskinstance.py:1592} INFO - Exporting the following env vars:
AIRFLOW_CTX_DAG_OWNER=Gaurav
AIRFLOW_CTX_DAG_ID=rand_user
AIRFLOW_CTX_TASK_ID=upload_data_to_destination
AIRFLOW_CTX_EXECUTION_DATE=2023-11-23T05:28:05.748889+00:00
AIRFLOW_CTX_TRY_NUMBER=1
AIRFLOW_CTX_DAG_RUN_ID=manual__2023-11-23T05:28:05.748889+00:00
[2023-11-23T05:28:17.620+0000] {base.py:71} INFO - Using connection ID 'source_db_***' for task execution.
[2023-11-23T05:28:17.818+0000] {base.py:71} INFO - Using connection ID 'dest_conn_id' for task execution.
[2023-11-23T05:28:18.015+0000] {generic_transfer.py:76} INFO - Extracting data from source_db_***
[2023-11-23T05:28:18.015+0000] {generic_transfer.py:77} INFO - Executing: 
 SELECT * FROM rand_users
[2023-11-23T05:28:18.022+0000] {base.py:71} INFO - Using connection ID 'source_db_***' for task execution.
[2023-11-23T05:28:18.032+0000] {generic_transfer.py:104} INFO - Inserting rows into dest_conn_id
[2023-11-23T05:28:18.038+0000] {base.py:71} INFO - Using connection ID 'dest_conn_id' for task execution.
[2023-11-23T05:28:18.052+0000] {sql.py:415} INFO - Done loading. Loaded a total of 6 rows
[2023-11-23T05:28:18.062+0000] {taskinstance.py:1406} INFO - Marking task as SUCCESS. dag_id=rand_user, task_id=upload_data_to_destination, execution_date=20231123T052805, start_date=20231123T052817, end_date=20231123T052818
[2023-11-23T05:28:18.119+0000] {local_task_job.py:164} INFO - Task exited with return code 0
[2023-11-23T05:28:18.147+0000] {local_task_job.py:273} INFO - 0 downstream tasks scheduled from follow-on schedule check
