[2023-11-23T06:09:03.318+0000] {taskinstance.py:1165} INFO - Dependencies all met for <TaskInstance: rand_user.process_user manual__2023-11-23T06:08:55.130318+00:00 [queued]>
[2023-11-23T06:09:03.329+0000] {taskinstance.py:1165} INFO - Dependencies all met for <TaskInstance: rand_user.process_user manual__2023-11-23T06:08:55.130318+00:00 [queued]>
[2023-11-23T06:09:03.330+0000] {taskinstance.py:1362} INFO - 
--------------------------------------------------------------------------------
[2023-11-23T06:09:03.330+0000] {taskinstance.py:1363} INFO - Starting attempt 1 of 3
[2023-11-23T06:09:03.330+0000] {taskinstance.py:1364} INFO - 
--------------------------------------------------------------------------------
[2023-11-23T06:09:03.348+0000] {taskinstance.py:1383} INFO - Executing <Task(PythonOperator): process_user> on 2023-11-23 06:08:55.130318+00:00
[2023-11-23T06:09:03.366+0000] {standard_task_runner.py:55} INFO - Started process 5983 to run task
[2023-11-23T06:09:03.372+0000] {standard_task_runner.py:82} INFO - Running: ['***', 'tasks', 'run', 'rand_user', 'process_user', 'manual__2023-11-23T06:08:55.130318+00:00', '--job-id', '458', '--raw', '--subdir', 'DAGS_FOLDER/predictions.py', '--cfg-path', '/tmp/tmpld0pjes6']
[2023-11-23T06:09:03.375+0000] {standard_task_runner.py:83} INFO - Job 458: Subtask process_user
[2023-11-23T06:09:03.439+0000] {task_command.py:376} INFO - Running <TaskInstance: rand_user.process_user manual__2023-11-23T06:08:55.130318+00:00 [running]> on host f71f95879a41
[2023-11-23T06:09:03.508+0000] {taskinstance.py:1592} INFO - Exporting the following env vars:
AIRFLOW_CTX_DAG_OWNER=Gaurav
AIRFLOW_CTX_DAG_ID=rand_user
AIRFLOW_CTX_TASK_ID=process_user
AIRFLOW_CTX_EXECUTION_DATE=2023-11-23T06:08:55.130318+00:00
AIRFLOW_CTX_TRY_NUMBER=1
AIRFLOW_CTX_DAG_RUN_ID=manual__2023-11-23T06:08:55.130318+00:00
[2023-11-23T06:09:03.526+0000] {python.py:177} INFO - Done. Returned value was: None
[2023-11-23T06:09:03.536+0000] {taskinstance.py:1406} INFO - Marking task as SUCCESS. dag_id=rand_user, task_id=process_user, execution_date=20231123T060855, start_date=20231123T060903, end_date=20231123T060903
[2023-11-23T06:09:03.582+0000] {local_task_job.py:164} INFO - Task exited with return code 0
[2023-11-23T06:09:03.658+0000] {local_task_job.py:273} INFO - 1 downstream tasks scheduled from follow-on schedule check
