[2023-11-14T10:09:56.952+0000] {taskinstance.py:1165} INFO - Dependencies all met for <TaskInstance: rand_user.store_user manual__2023-11-14T10:07:43.734068+00:00 [queued]>
[2023-11-14T10:09:56.969+0000] {taskinstance.py:1165} INFO - Dependencies all met for <TaskInstance: rand_user.store_user manual__2023-11-14T10:07:43.734068+00:00 [queued]>
[2023-11-14T10:09:56.970+0000] {taskinstance.py:1362} INFO - 
--------------------------------------------------------------------------------
[2023-11-14T10:09:56.970+0000] {taskinstance.py:1363} INFO - Starting attempt 3 of 3
[2023-11-14T10:09:56.970+0000] {taskinstance.py:1364} INFO - 
--------------------------------------------------------------------------------
[2023-11-14T10:09:57.002+0000] {taskinstance.py:1383} INFO - Executing <Task(PythonOperator): store_user> on 2023-11-14 10:07:43.734068+00:00
[2023-11-14T10:09:57.013+0000] {standard_task_runner.py:55} INFO - Started process 2496 to run task
[2023-11-14T10:09:57.021+0000] {standard_task_runner.py:82} INFO - Running: ['***', 'tasks', 'run', 'rand_user', 'store_user', 'manual__2023-11-14T10:07:43.734068+00:00', '--job-id', '444', '--raw', '--subdir', 'DAGS_FOLDER/predictions.py', '--cfg-path', '/tmp/tmpb8_btsl3']
[2023-11-14T10:09:57.026+0000] {standard_task_runner.py:83} INFO - Job 444: Subtask store_user
[2023-11-14T10:09:57.124+0000] {task_command.py:376} INFO - Running <TaskInstance: rand_user.store_user manual__2023-11-14T10:07:43.734068+00:00 [running]> on host 91f7624ceef9
[2023-11-14T10:09:57.217+0000] {taskinstance.py:1592} INFO - Exporting the following env vars:
AIRFLOW_CTX_DAG_OWNER=Gaurav
AIRFLOW_CTX_DAG_ID=rand_user
AIRFLOW_CTX_TASK_ID=store_user
AIRFLOW_CTX_EXECUTION_DATE=2023-11-14T10:07:43.734068+00:00
AIRFLOW_CTX_TRY_NUMBER=3
AIRFLOW_CTX_DAG_RUN_ID=manual__2023-11-14T10:07:43.734068+00:00
[2023-11-14T10:09:57.219+0000] {postgres.py:129} INFO - Running copy expert: COPY rand_users FROM stdin WITH DELIMITER as ',', filename: /tmp/processed_user.csv
[2023-11-14T10:09:57.245+0000] {taskinstance.py:1851} ERROR - Task failed with exception
Traceback (most recent call last):
  File "/home/airflow/.local/lib/python3.7/site-packages/airflow/operators/python.py", line 175, in execute
    return_value = self.execute_callable()
  File "/home/airflow/.local/lib/python3.7/site-packages/airflow/operators/python.py", line 193, in execute_callable
    return self.python_callable(*self.op_args, **self.op_kwargs)
  File "/opt/airflow/dags/predictions.py", line 40, in _store_user
    filename='/tmp/processed_user.csv'
  File "/home/airflow/.local/lib/python3.7/site-packages/airflow/providers/postgres/hooks/postgres.py", line 135, in copy_expert
    with closing(self.get_conn()) as conn:
  File "/home/airflow/.local/lib/python3.7/site-packages/airflow/providers/postgres/hooks/postgres.py", line 88, in get_conn
    conn = deepcopy(self.connection or self.get_connection(conn_id))
  File "/home/airflow/.local/lib/python3.7/site-packages/airflow/hooks/base.py", line 70, in get_connection
    conn = Connection.get_connection_from_secrets(conn_id)
  File "/home/airflow/.local/lib/python3.7/site-packages/airflow/models/connection.py", line 432, in get_connection_from_secrets
    raise AirflowNotFoundException(f"The conn_id `{conn_id}` isn't defined")
airflow.exceptions.AirflowNotFoundException: The conn_id `postgres` isn't defined
[2023-11-14T10:09:57.252+0000] {taskinstance.py:1406} INFO - Marking task as FAILED. dag_id=rand_user, task_id=store_user, execution_date=20231114T100743, start_date=20231114T100956, end_date=20231114T100957
[2023-11-14T10:09:57.268+0000] {standard_task_runner.py:105} ERROR - Failed to execute job 444 for task store_user (The conn_id `postgres` isn't defined; 2496)
[2023-11-14T10:09:57.310+0000] {local_task_job.py:164} INFO - Task exited with return code 1
[2023-11-14T10:09:57.340+0000] {local_task_job.py:273} INFO - 0 downstream tasks scheduled from follow-on schedule check
