[2023-11-22T05:18:11.490+0000] {taskinstance.py:1165} INFO - Dependencies all met for <TaskInstance: rand_user.create_destinatin_table manual__2023-11-22T05:17:58.716142+00:00 [queued]>
[2023-11-22T05:18:11.510+0000] {taskinstance.py:1165} INFO - Dependencies all met for <TaskInstance: rand_user.create_destinatin_table manual__2023-11-22T05:17:58.716142+00:00 [queued]>
[2023-11-22T05:18:11.510+0000] {taskinstance.py:1362} INFO - 
--------------------------------------------------------------------------------
[2023-11-22T05:18:11.511+0000] {taskinstance.py:1363} INFO - Starting attempt 1 of 3
[2023-11-22T05:18:11.512+0000] {taskinstance.py:1364} INFO - 
--------------------------------------------------------------------------------
[2023-11-22T05:18:11.555+0000] {taskinstance.py:1383} INFO - Executing <Task(PostgresOperator): create_destinatin_table> on 2023-11-22 05:17:58.716142+00:00
[2023-11-22T05:18:11.568+0000] {standard_task_runner.py:55} INFO - Started process 4861 to run task
[2023-11-22T05:18:11.576+0000] {standard_task_runner.py:82} INFO - Running: ['***', 'tasks', 'run', 'rand_user', 'create_destinatin_table', 'manual__2023-11-22T05:17:58.716142+00:00', '--job-id', '633', '--raw', '--subdir', 'DAGS_FOLDER/predictions.py', '--cfg-path', '/tmp/tmp3xxkbf0a']
[2023-11-22T05:18:11.580+0000] {standard_task_runner.py:83} INFO - Job 633: Subtask create_destinatin_table
[2023-11-22T05:18:11.715+0000] {task_command.py:376} INFO - Running <TaskInstance: rand_user.create_destinatin_table manual__2023-11-22T05:17:58.716142+00:00 [running]> on host 91f7624ceef9
[2023-11-22T05:18:11.834+0000] {taskinstance.py:1592} INFO - Exporting the following env vars:
AIRFLOW_CTX_DAG_OWNER=Gaurav
AIRFLOW_CTX_DAG_ID=rand_user
AIRFLOW_CTX_TASK_ID=create_destinatin_table
AIRFLOW_CTX_EXECUTION_DATE=2023-11-22T05:17:58.716142+00:00
AIRFLOW_CTX_TRY_NUMBER=1
AIRFLOW_CTX_DAG_RUN_ID=manual__2023-11-22T05:17:58.716142+00:00
[2023-11-22T05:18:11.851+0000] {base.py:71} INFO - Using connection ID 'pgadmin_connection' for task execution.
[2023-11-22T05:18:11.861+0000] {sql.py:315} INFO - Running statement: 
        CREATE TABLE IF NOT EXISTS rand_dest_users (
        
        uuid TEXT PRIMARY KEY,
        title TEXT NOT NULL,
        firstname TEXT NOT NULL,
        lastname TEXT NOT NULL,
        gender TEXT NOT NULL,
        country TEXT NOT NULL,
        username TEXT NOT NULL,
        password TEXT NOT NULL,
        email TEXT NOT NULL,
        age TEXT NOT NULL
        )
        , parameters: None
[2023-11-22T05:18:11.865+0000] {postgres.py:96} INFO - NOTICE:  relation "rand_dest_users" already exists, skipping

[2023-11-22T05:18:11.884+0000] {taskinstance.py:1406} INFO - Marking task as SUCCESS. dag_id=rand_user, task_id=create_destinatin_table, execution_date=20231122T051758, start_date=20231122T051811, end_date=20231122T051811
[2023-11-22T05:18:11.949+0000] {local_task_job.py:164} INFO - Task exited with return code 0
[2023-11-22T05:18:12.000+0000] {local_task_job.py:273} INFO - 1 downstream tasks scheduled from follow-on schedule check
