[2023-11-23T06:48:18.554+0000] {taskinstance.py:1165} INFO - Dependencies all met for <TaskInstance: Data_transfer.upload_data_Destination scheduled__2023-11-23T06:18:04.853042+00:00 [queued]>
[2023-11-23T06:48:18.566+0000] {taskinstance.py:1165} INFO - Dependencies all met for <TaskInstance: Data_transfer.upload_data_Destination scheduled__2023-11-23T06:18:04.853042+00:00 [queued]>
[2023-11-23T06:48:18.566+0000] {taskinstance.py:1362} INFO - 
--------------------------------------------------------------------------------
[2023-11-23T06:48:18.567+0000] {taskinstance.py:1363} INFO - Starting attempt 1 of 3
[2023-11-23T06:48:18.567+0000] {taskinstance.py:1364} INFO - 
--------------------------------------------------------------------------------
[2023-11-23T06:48:18.581+0000] {taskinstance.py:1383} INFO - Executing <Task(GenericTransfer): upload_data_Destination> on 2023-11-23 06:18:04.853042+00:00
[2023-11-23T06:48:18.588+0000] {standard_task_runner.py:55} INFO - Started process 8133 to run task
[2023-11-23T06:48:18.592+0000] {standard_task_runner.py:82} INFO - Running: ['***', 'tasks', 'run', 'Data_transfer', 'upload_data_Destination', 'scheduled__2023-11-23T06:18:04.853042+00:00', '--job-id', '566', '--raw', '--subdir', 'DAGS_FOLDER/data_transfer.py', '--cfg-path', '/tmp/tmp44vrt7m5']
[2023-11-23T06:48:18.595+0000] {standard_task_runner.py:83} INFO - Job 566: Subtask upload_data_Destination
[2023-11-23T06:48:18.655+0000] {task_command.py:376} INFO - Running <TaskInstance: Data_transfer.upload_data_Destination scheduled__2023-11-23T06:18:04.853042+00:00 [running]> on host f71f95879a41
[2023-11-23T06:48:18.727+0000] {taskinstance.py:1592} INFO - Exporting the following env vars:
AIRFLOW_CTX_DAG_OWNER=Gaurav
AIRFLOW_CTX_DAG_ID=Data_transfer
AIRFLOW_CTX_TASK_ID=upload_data_Destination
AIRFLOW_CTX_EXECUTION_DATE=2023-11-23T06:18:04.853042+00:00
AIRFLOW_CTX_TRY_NUMBER=1
AIRFLOW_CTX_DAG_RUN_ID=scheduled__2023-11-23T06:18:04.853042+00:00
[2023-11-23T06:48:18.737+0000] {base.py:71} INFO - Using connection ID 'source_db_***' for task execution.
[2023-11-23T06:48:18.943+0000] {base.py:71} INFO - Using connection ID 'dest_conn_id' for task execution.
[2023-11-23T06:48:19.118+0000] {generic_transfer.py:76} INFO - Extracting data from source_db_***
[2023-11-23T06:48:19.118+0000] {generic_transfer.py:77} INFO - Executing: 
 SELECT * FROM source_table
[2023-11-23T06:48:19.124+0000] {base.py:71} INFO - Using connection ID 'source_db_***' for task execution.
[2023-11-23T06:48:19.135+0000] {generic_transfer.py:104} INFO - Inserting rows into dest_conn_id
[2023-11-23T06:48:19.141+0000] {base.py:71} INFO - Using connection ID 'dest_conn_id' for task execution.
[2023-11-23T06:48:19.149+0000] {sql.py:415} INFO - Done loading. Loaded a total of 0 rows
[2023-11-23T06:48:19.158+0000] {taskinstance.py:1406} INFO - Marking task as SUCCESS. dag_id=Data_transfer, task_id=upload_data_Destination, execution_date=20231123T061804, start_date=20231123T064818, end_date=20231123T064819
[2023-11-23T06:48:19.205+0000] {local_task_job.py:164} INFO - Task exited with return code 0
[2023-11-23T06:48:19.222+0000] {local_task_job.py:273} INFO - 0 downstream tasks scheduled from follow-on schedule check
