[2023-11-10T04:34:46.047+0000] {taskinstance.py:1165} INFO - Dependencies all met for <TaskInstance: US_population.is_api_available manual__2023-11-10T04:34:43.949783+00:00 [queued]>
[2023-11-10T04:34:46.061+0000] {taskinstance.py:1165} INFO - Dependencies all met for <TaskInstance: US_population.is_api_available manual__2023-11-10T04:34:43.949783+00:00 [queued]>
[2023-11-10T04:34:46.062+0000] {taskinstance.py:1362} INFO - 
--------------------------------------------------------------------------------
[2023-11-10T04:34:46.062+0000] {taskinstance.py:1363} INFO - Starting attempt 1 of 3
[2023-11-10T04:34:46.062+0000] {taskinstance.py:1364} INFO - 
--------------------------------------------------------------------------------
[2023-11-10T04:34:46.079+0000] {taskinstance.py:1383} INFO - Executing <Task(HttpSensor): is_api_available> on 2023-11-10 04:34:43.949783+00:00
[2023-11-10T04:34:46.086+0000] {standard_task_runner.py:55} INFO - Started process 987 to run task
[2023-11-10T04:34:46.090+0000] {standard_task_runner.py:82} INFO - Running: ['***', 'tasks', 'run', 'US_population', 'is_api_available', 'manual__2023-11-10T04:34:43.949783+00:00', '--job-id', '77', '--raw', '--subdir', 'DAGS_FOLDER/predictions.py', '--cfg-path', '/tmp/tmpxb2rvk3g']
[2023-11-10T04:34:46.093+0000] {standard_task_runner.py:83} INFO - Job 77: Subtask is_api_available
[2023-11-10T04:34:46.158+0000] {task_command.py:376} INFO - Running <TaskInstance: US_population.is_api_available manual__2023-11-10T04:34:43.949783+00:00 [running]> on host 91f7624ceef9
[2023-11-10T04:34:46.241+0000] {taskinstance.py:1592} INFO - Exporting the following env vars:
AIRFLOW_CTX_DAG_OWNER=Gaurav
AIRFLOW_CTX_DAG_ID=US_population
AIRFLOW_CTX_TASK_ID=is_api_available
AIRFLOW_CTX_EXECUTION_DATE=2023-11-10T04:34:43.949783+00:00
AIRFLOW_CTX_TRY_NUMBER=1
AIRFLOW_CTX_DAG_RUN_ID=manual__2023-11-10T04:34:43.949783+00:00
[2023-11-10T04:34:46.242+0000] {http.py:120} INFO - Poking: api/
[2023-11-10T04:34:46.254+0000] {base.py:71} INFO - Using connection ID 'us_population_API' for task execution.
[2023-11-10T04:34:46.256+0000] {http.py:148} INFO - Sending 'GET' to url: https://datausa.io/api/data?drilldowns=Nation&measures=Population/api/
[2023-11-10T04:34:47.383+0000] {base.py:213} INFO - Success criteria met. Exiting.
[2023-11-10T04:34:47.393+0000] {taskinstance.py:1406} INFO - Marking task as SUCCESS. dag_id=US_population, task_id=is_api_available, execution_date=20231110T043443, start_date=20231110T043446, end_date=20231110T043447
[2023-11-10T04:34:47.425+0000] {local_task_job.py:164} INFO - Task exited with return code 0
[2023-11-10T04:34:47.463+0000] {local_task_job.py:273} INFO - 1 downstream tasks scheduled from follow-on schedule check
