[2023-11-22T06:44:04.749+0000] {taskinstance.py:1165} INFO - Dependencies all met for <TaskInstance: rand_user.Create_table scheduled__2023-11-22T06:14:03.150203+00:00 [queued]>
[2023-11-22T06:44:04.769+0000] {taskinstance.py:1165} INFO - Dependencies all met for <TaskInstance: rand_user.Create_table scheduled__2023-11-22T06:14:03.150203+00:00 [queued]>
[2023-11-22T06:44:04.770+0000] {taskinstance.py:1362} INFO - 
--------------------------------------------------------------------------------
[2023-11-22T06:44:04.770+0000] {taskinstance.py:1363} INFO - Starting attempt 1 of 3
[2023-11-22T06:44:04.771+0000] {taskinstance.py:1364} INFO - 
--------------------------------------------------------------------------------
[2023-11-22T06:44:04.816+0000] {taskinstance.py:1383} INFO - Executing <Task(PostgresOperator): Create_table> on 2023-11-22 06:14:03.150203+00:00
[2023-11-22T06:44:04.826+0000] {standard_task_runner.py:55} INFO - Started process 1525 to run task
[2023-11-22T06:44:04.834+0000] {standard_task_runner.py:82} INFO - Running: ['***', 'tasks', 'run', 'rand_user', 'Create_table', 'scheduled__2023-11-22T06:14:03.150203+00:00', '--job-id', '51', '--raw', '--subdir', 'DAGS_FOLDER/predictions.py', '--cfg-path', '/tmp/tmp4st3q4xp']
[2023-11-22T06:44:04.839+0000] {standard_task_runner.py:83} INFO - Job 51: Subtask Create_table
[2023-11-22T06:44:04.957+0000] {task_command.py:376} INFO - Running <TaskInstance: rand_user.Create_table scheduled__2023-11-22T06:14:03.150203+00:00 [running]> on host e4a6f7cdd654
[2023-11-22T06:44:05.103+0000] {taskinstance.py:1592} INFO - Exporting the following env vars:
AIRFLOW_CTX_DAG_OWNER=Gaurav
AIRFLOW_CTX_DAG_ID=rand_user
AIRFLOW_CTX_TASK_ID=Create_table
AIRFLOW_CTX_EXECUTION_DATE=2023-11-22T06:14:03.150203+00:00
AIRFLOW_CTX_TRY_NUMBER=1
AIRFLOW_CTX_DAG_RUN_ID=scheduled__2023-11-22T06:14:03.150203+00:00
[2023-11-22T06:44:05.120+0000] {base.py:71} INFO - Using connection ID 'postgres' for task execution.
[2023-11-22T06:44:05.127+0000] {sql.py:315} INFO - Running statement: 
        CREATE TABLE IF NOT EXISTS rand_users (
        gender TEXT NOT NULL,
        title TEXT NOT NULL,
        firstname TEXT NOT NULL,
        lastname TEXT NOT NULL,
        country TEXT NOT NULL,
        username TEXT NOT NULL,
        password TEXT NOT NULL,
        email TEXT NOT NULL,
        age INT NOT NULL
        )
        , parameters: None
[2023-11-22T06:44:05.128+0000] {postgres.py:96} INFO - NOTICE:  relation "rand_users" already exists, skipping

[2023-11-22T06:44:05.145+0000] {taskinstance.py:1406} INFO - Marking task as SUCCESS. dag_id=rand_user, task_id=Create_table, execution_date=20231122T061403, start_date=20231122T064404, end_date=20231122T064405
[2023-11-22T06:44:05.204+0000] {local_task_job.py:164} INFO - Task exited with return code 0
[2023-11-22T06:44:05.264+0000] {local_task_job.py:273} INFO - 1 downstream tasks scheduled from follow-on schedule check
