[2023-11-23T06:21:55.059+0000] {taskinstance.py:1165} INFO - Dependencies all met for <TaskInstance: rand_user.upload_data_to_destination scheduled__2023-11-23T05:51:44.704309+00:00 [queued]>
[2023-11-23T06:21:55.071+0000] {taskinstance.py:1165} INFO - Dependencies all met for <TaskInstance: rand_user.upload_data_to_destination scheduled__2023-11-23T05:51:44.704309+00:00 [queued]>
[2023-11-23T06:21:55.071+0000] {taskinstance.py:1362} INFO - 
--------------------------------------------------------------------------------
[2023-11-23T06:21:55.072+0000] {taskinstance.py:1363} INFO - Starting attempt 1 of 3
[2023-11-23T06:21:55.072+0000] {taskinstance.py:1364} INFO - 
--------------------------------------------------------------------------------
[2023-11-23T06:21:55.086+0000] {taskinstance.py:1383} INFO - Executing <Task(GenericTransfer): upload_data_to_destination> on 2023-11-23 05:51:44.704309+00:00
[2023-11-23T06:21:55.092+0000] {standard_task_runner.py:55} INFO - Started process 6645 to run task
[2023-11-23T06:21:55.096+0000] {standard_task_runner.py:82} INFO - Running: ['***', 'tasks', 'run', 'rand_user', 'upload_data_to_destination', 'scheduled__2023-11-23T05:51:44.704309+00:00', '--job-id', '477', '--raw', '--subdir', 'DAGS_FOLDER/predictions.py', '--cfg-path', '/tmp/tmpz7edsu9z']
[2023-11-23T06:21:55.098+0000] {standard_task_runner.py:83} INFO - Job 477: Subtask upload_data_to_destination
[2023-11-23T06:21:55.163+0000] {task_command.py:376} INFO - Running <TaskInstance: rand_user.upload_data_to_destination scheduled__2023-11-23T05:51:44.704309+00:00 [running]> on host f71f95879a41
[2023-11-23T06:21:55.230+0000] {taskinstance.py:1592} INFO - Exporting the following env vars:
AIRFLOW_CTX_DAG_OWNER=Gaurav
AIRFLOW_CTX_DAG_ID=rand_user
AIRFLOW_CTX_TASK_ID=upload_data_to_destination
AIRFLOW_CTX_EXECUTION_DATE=2023-11-23T05:51:44.704309+00:00
AIRFLOW_CTX_TRY_NUMBER=1
AIRFLOW_CTX_DAG_RUN_ID=scheduled__2023-11-23T05:51:44.704309+00:00
[2023-11-23T06:21:55.239+0000] {base.py:71} INFO - Using connection ID 'source_db_***' for task execution.
[2023-11-23T06:21:55.446+0000] {base.py:71} INFO - Using connection ID 'dest_conn_id' for task execution.
[2023-11-23T06:21:55.654+0000] {generic_transfer.py:76} INFO - Extracting data from source_db_***
[2023-11-23T06:21:55.654+0000] {generic_transfer.py:77} INFO - Executing: 
 SELECT * FROM rand_users
[2023-11-23T06:21:55.662+0000] {base.py:71} INFO - Using connection ID 'source_db_***' for task execution.
[2023-11-23T06:21:55.671+0000] {generic_transfer.py:104} INFO - Inserting rows into dest_conn_id
[2023-11-23T06:21:55.677+0000] {base.py:71} INFO - Using connection ID 'dest_conn_id' for task execution.
[2023-11-23T06:21:55.694+0000] {sql.py:415} INFO - Done loading. Loaded a total of 7 rows
[2023-11-23T06:21:55.704+0000] {taskinstance.py:1406} INFO - Marking task as SUCCESS. dag_id=rand_user, task_id=upload_data_to_destination, execution_date=20231123T055144, start_date=20231123T062155, end_date=20231123T062155
[2023-11-23T06:21:55.749+0000] {local_task_job.py:164} INFO - Task exited with return code 0
[2023-11-23T06:21:55.770+0000] {local_task_job.py:273} INFO - 0 downstream tasks scheduled from follow-on schedule check
