[2023-11-23T08:20:20.898+0000] {taskinstance.py:1165} INFO - Dependencies all met for <TaskInstance: rand_user.store_user scheduled__2023-11-23T07:21:44.757059+00:00 [queued]>
[2023-11-23T08:20:20.916+0000] {taskinstance.py:1165} INFO - Dependencies all met for <TaskInstance: rand_user.store_user scheduled__2023-11-23T07:21:44.757059+00:00 [queued]>
[2023-11-23T08:20:20.916+0000] {taskinstance.py:1362} INFO - 
--------------------------------------------------------------------------------
[2023-11-23T08:20:20.917+0000] {taskinstance.py:1363} INFO - Starting attempt 1 of 3
[2023-11-23T08:20:20.917+0000] {taskinstance.py:1364} INFO - 
--------------------------------------------------------------------------------
[2023-11-23T08:20:20.937+0000] {taskinstance.py:1383} INFO - Executing <Task(PythonOperator): store_user> on 2023-11-23 07:21:44.757059+00:00
[2023-11-23T08:20:20.945+0000] {standard_task_runner.py:55} INFO - Started process 10538 to run task
[2023-11-23T08:20:20.951+0000] {standard_task_runner.py:82} INFO - Running: ['***', 'tasks', 'run', 'rand_user', 'store_user', 'scheduled__2023-11-23T07:21:44.757059+00:00', '--job-id', '657', '--raw', '--subdir', 'DAGS_FOLDER/predictions.py', '--cfg-path', '/tmp/tmpkhtors0i']
[2023-11-23T08:20:20.955+0000] {standard_task_runner.py:83} INFO - Job 657: Subtask store_user
[2023-11-23T08:20:21.055+0000] {task_command.py:376} INFO - Running <TaskInstance: rand_user.store_user scheduled__2023-11-23T07:21:44.757059+00:00 [running]> on host f71f95879a41
[2023-11-23T08:20:21.164+0000] {taskinstance.py:1592} INFO - Exporting the following env vars:
AIRFLOW_CTX_DAG_OWNER=Gaurav
AIRFLOW_CTX_DAG_ID=rand_user
AIRFLOW_CTX_TASK_ID=store_user
AIRFLOW_CTX_EXECUTION_DATE=2023-11-23T07:21:44.757059+00:00
AIRFLOW_CTX_TRY_NUMBER=1
AIRFLOW_CTX_DAG_RUN_ID=scheduled__2023-11-23T07:21:44.757059+00:00
[2023-11-23T08:20:21.166+0000] {postgres.py:129} INFO - Running copy expert: COPY rand_users FROM stdin WITH DELIMITER as ',' , filename: /tmp/processed_user.csv
[2023-11-23T08:20:21.180+0000] {base.py:71} INFO - Using connection ID 'source_db_***' for task execution.
[2023-11-23T08:20:21.193+0000] {python.py:177} INFO - Done. Returned value was: None
[2023-11-23T08:20:21.207+0000] {taskinstance.py:1406} INFO - Marking task as SUCCESS. dag_id=rand_user, task_id=store_user, execution_date=20231123T072144, start_date=20231123T082020, end_date=20231123T082021
[2023-11-23T08:20:21.245+0000] {local_task_job.py:164} INFO - Task exited with return code 0
[2023-11-23T08:20:21.293+0000] {local_task_job.py:273} INFO - 0 downstream tasks scheduled from follow-on schedule check
