[2023-11-23T05:33:15.063+0000] {taskinstance.py:1165} INFO - Dependencies all met for <TaskInstance: rand_user.store_user manual__2023-11-23T05:32:05.821040+00:00 [queued]>
[2023-11-23T05:33:15.078+0000] {taskinstance.py:1165} INFO - Dependencies all met for <TaskInstance: rand_user.store_user manual__2023-11-23T05:32:05.821040+00:00 [queued]>
[2023-11-23T05:33:15.079+0000] {taskinstance.py:1362} INFO - 
--------------------------------------------------------------------------------
[2023-11-23T05:33:15.079+0000] {taskinstance.py:1363} INFO - Starting attempt 2 of 3
[2023-11-23T05:33:15.079+0000] {taskinstance.py:1364} INFO - 
--------------------------------------------------------------------------------
[2023-11-23T05:33:15.095+0000] {taskinstance.py:1383} INFO - Executing <Task(PythonOperator): store_user> on 2023-11-23 05:32:05.821040+00:00
[2023-11-23T05:33:15.102+0000] {standard_task_runner.py:55} INFO - Started process 4127 to run task
[2023-11-23T05:33:15.107+0000] {standard_task_runner.py:82} INFO - Running: ['***', 'tasks', 'run', 'rand_user', 'store_user', 'manual__2023-11-23T05:32:05.821040+00:00', '--job-id', '397', '--raw', '--subdir', 'DAGS_FOLDER/predictions.py', '--cfg-path', '/tmp/tmpfw_l5m2w']
[2023-11-23T05:33:15.109+0000] {standard_task_runner.py:83} INFO - Job 397: Subtask store_user
[2023-11-23T05:33:15.182+0000] {task_command.py:376} INFO - Running <TaskInstance: rand_user.store_user manual__2023-11-23T05:32:05.821040+00:00 [running]> on host f71f95879a41
[2023-11-23T05:33:15.263+0000] {taskinstance.py:1592} INFO - Exporting the following env vars:
AIRFLOW_CTX_DAG_OWNER=Gaurav
AIRFLOW_CTX_DAG_ID=rand_user
AIRFLOW_CTX_TASK_ID=store_user
AIRFLOW_CTX_EXECUTION_DATE=2023-11-23T05:32:05.821040+00:00
AIRFLOW_CTX_TRY_NUMBER=2
AIRFLOW_CTX_DAG_RUN_ID=manual__2023-11-23T05:32:05.821040+00:00
[2023-11-23T05:33:15.265+0000] {postgres.py:129} INFO - Running copy expert: COPY rand_users FROM stdin WITH DELIMITER as ',', filename: /tmp/processed_user.csv
[2023-11-23T05:33:15.276+0000] {base.py:71} INFO - Using connection ID 'source_db_***' for task execution.
[2023-11-23T05:33:15.287+0000] {taskinstance.py:1851} ERROR - Task failed with exception
Traceback (most recent call last):
  File "/home/airflow/.local/lib/python3.7/site-packages/airflow/operators/python.py", line 175, in execute
    return_value = self.execute_callable()
  File "/home/airflow/.local/lib/python3.7/site-packages/airflow/operators/python.py", line 193, in execute_callable
    return self.python_callable(*self.op_args, **self.op_kwargs)
  File "/opt/airflow/dags/predictions.py", line 40, in _store_user
    filename='/tmp/processed_user.csv'
  File "/home/airflow/.local/lib/python3.7/site-packages/airflow/providers/postgres/hooks/postgres.py", line 137, in copy_expert
    cur.copy_expert(sql, file)
psycopg2.errors.InvalidTextRepresentation: invalid input syntax for integer: "b7e3457b-d8c9-41bb-8fd8-f60b2742ec91"
CONTEXT:  COPY rand_users, line 1, column age: "b7e3457b-d8c9-41bb-8fd8-f60b2742ec91"

[2023-11-23T05:33:15.298+0000] {taskinstance.py:1406} INFO - Marking task as UP_FOR_RETRY. dag_id=rand_user, task_id=store_user, execution_date=20231123T053205, start_date=20231123T053315, end_date=20231123T053315
[2023-11-23T05:33:15.312+0000] {standard_task_runner.py:105} ERROR - Failed to execute job 397 for task store_user (invalid input syntax for integer: "b7e3457b-d8c9-41bb-8fd8-f60b2742ec91"
CONTEXT:  COPY rand_users, line 1, column age: "b7e3457b-d8c9-41bb-8fd8-f60b2742ec91"
; 4127)
[2023-11-23T05:33:15.360+0000] {local_task_job.py:164} INFO - Task exited with return code 1
[2023-11-23T05:33:15.436+0000] {local_task_job.py:273} INFO - 0 downstream tasks scheduled from follow-on schedule check
