[2023-11-22T06:30:16.341+0000] {taskinstance.py:1165} INFO - Dependencies all met for <TaskInstance: rand_user.extract_user manual__2023-11-22T06:30:09.809758+00:00 [queued]>
[2023-11-22T06:30:16.362+0000] {taskinstance.py:1165} INFO - Dependencies all met for <TaskInstance: rand_user.extract_user manual__2023-11-22T06:30:09.809758+00:00 [queued]>
[2023-11-22T06:30:16.363+0000] {taskinstance.py:1362} INFO - 
--------------------------------------------------------------------------------
[2023-11-22T06:30:16.363+0000] {taskinstance.py:1363} INFO - Starting attempt 1 of 3
[2023-11-22T06:30:16.364+0000] {taskinstance.py:1364} INFO - 
--------------------------------------------------------------------------------
[2023-11-22T06:30:16.400+0000] {taskinstance.py:1383} INFO - Executing <Task(SimpleHttpOperator): extract_user> on 2023-11-22 06:30:09.809758+00:00
[2023-11-22T06:30:16.411+0000] {standard_task_runner.py:55} INFO - Started process 840 to run task
[2023-11-22T06:30:16.420+0000] {standard_task_runner.py:82} INFO - Running: ['***', 'tasks', 'run', 'rand_user', 'extract_user', 'manual__2023-11-22T06:30:09.809758+00:00', '--job-id', '26', '--raw', '--subdir', 'DAGS_FOLDER/predictions.py', '--cfg-path', '/tmp/tmpluedxqop']
[2023-11-22T06:30:16.424+0000] {standard_task_runner.py:83} INFO - Job 26: Subtask extract_user
[2023-11-22T06:30:16.541+0000] {task_command.py:376} INFO - Running <TaskInstance: rand_user.extract_user manual__2023-11-22T06:30:09.809758+00:00 [running]> on host e4a6f7cdd654
[2023-11-22T06:30:16.658+0000] {taskinstance.py:1592} INFO - Exporting the following env vars:
AIRFLOW_CTX_DAG_OWNER=Gaurav
AIRFLOW_CTX_DAG_ID=rand_user
AIRFLOW_CTX_TASK_ID=extract_user
AIRFLOW_CTX_EXECUTION_DATE=2023-11-22T06:30:09.809758+00:00
AIRFLOW_CTX_TRY_NUMBER=1
AIRFLOW_CTX_DAG_RUN_ID=manual__2023-11-22T06:30:09.809758+00:00
[2023-11-22T06:30:16.660+0000] {http.py:121} INFO - Calling HTTP method
[2023-11-22T06:30:16.677+0000] {base.py:71} INFO - Using connection ID 'rand_user' for task execution.
[2023-11-22T06:30:16.680+0000] {http.py:148} INFO - Sending 'GET' to url: https://randomuser.me/api/
[2023-11-22T06:30:17.137+0000] {http.py:125} INFO - {"results":[{"gender":"male","name":{"title":"Mr","first":"Eino","last":"Halla"},"location":{"street":{"number":9714,"name":"Tehtaankatu"},"city":"Hankasalmi","state":"South Karelia","country":"Finland","postcode":75598,"coordinates":{"latitude":"-22.6509","longitude":"-141.2567"},"timezone":{"offset":"+3:30","description":"Tehran"}},"email":"eino.halla@example.com","login":{"uuid":"319fe1bb-640d-436a-8a1d-f9b5e26260cc","username":"bigsnake944","password":"mykids","salt":"Ard1oyQW","md5":"cea348660bd6ccf6843b50d0e4026cc0","sha1":"58cbd2147c3d5ce52f549b8b62cbe406048ef55a","sha256":"7c1223f90d0e78c8f0de138bbbacca59a6d08b064c4bf9e7feeec7f9b2a4dd79"},"dob":{"date":"1979-07-07T02:15:49.510Z","age":44},"registered":{"date":"2016-02-17T22:45:27.626Z","age":7},"phone":"09-131-407","cell":"047-717-97-22","id":{"name":"HETU","value":"NaNNA749undefined"},"picture":{"large":"https://randomuser.me/api/portraits/men/34.jpg","medium":"https://randomuser.me/api/portraits/med/men/34.jpg","thumbnail":"https://randomuser.me/api/portraits/thumb/men/34.jpg"},"nat":"FI"}],"info":{"seed":"cebeb84c5ff4e098","results":1,"page":1,"version":"1.4"}}
[2023-11-22T06:30:17.181+0000] {taskinstance.py:1406} INFO - Marking task as SUCCESS. dag_id=rand_user, task_id=extract_user, execution_date=20231122T063009, start_date=20231122T063016, end_date=20231122T063017
[2023-11-22T06:30:17.232+0000] {local_task_job.py:164} INFO - Task exited with return code 0
[2023-11-22T06:30:17.287+0000] {local_task_job.py:273} INFO - 1 downstream tasks scheduled from follow-on schedule check
