[2023-11-23T08:20:29.993+0000] {taskinstance.py:1165} INFO - Dependencies all met for <TaskInstance: rand_user.extract_user scheduled__2023-11-23T08:05:25.705671+00:00 [queued]>
[2023-11-23T08:20:30.006+0000] {taskinstance.py:1165} INFO - Dependencies all met for <TaskInstance: rand_user.extract_user scheduled__2023-11-23T08:05:25.705671+00:00 [queued]>
[2023-11-23T08:20:30.007+0000] {taskinstance.py:1362} INFO - 
--------------------------------------------------------------------------------
[2023-11-23T08:20:30.007+0000] {taskinstance.py:1363} INFO - Starting attempt 1 of 3
[2023-11-23T08:20:30.008+0000] {taskinstance.py:1364} INFO - 
--------------------------------------------------------------------------------
[2023-11-23T08:20:30.037+0000] {taskinstance.py:1383} INFO - Executing <Task(SimpleHttpOperator): extract_user> on 2023-11-23 08:05:25.705671+00:00
[2023-11-23T08:20:30.053+0000] {standard_task_runner.py:55} INFO - Started process 10574 to run task
[2023-11-23T08:20:30.064+0000] {standard_task_runner.py:82} INFO - Running: ['***', 'tasks', 'run', 'rand_user', 'extract_user', 'scheduled__2023-11-23T08:05:25.705671+00:00', '--job-id', '666', '--raw', '--subdir', 'DAGS_FOLDER/predictions.py', '--cfg-path', '/tmp/tmpimhrya1x']
[2023-11-23T08:20:30.068+0000] {standard_task_runner.py:83} INFO - Job 666: Subtask extract_user
[2023-11-23T08:20:30.137+0000] {task_command.py:376} INFO - Running <TaskInstance: rand_user.extract_user scheduled__2023-11-23T08:05:25.705671+00:00 [running]> on host f71f95879a41
[2023-11-23T08:20:30.207+0000] {taskinstance.py:1592} INFO - Exporting the following env vars:
AIRFLOW_CTX_DAG_OWNER=Gaurav
AIRFLOW_CTX_DAG_ID=rand_user
AIRFLOW_CTX_TASK_ID=extract_user
AIRFLOW_CTX_EXECUTION_DATE=2023-11-23T08:05:25.705671+00:00
AIRFLOW_CTX_TRY_NUMBER=1
AIRFLOW_CTX_DAG_RUN_ID=scheduled__2023-11-23T08:05:25.705671+00:00
[2023-11-23T08:20:30.208+0000] {http.py:121} INFO - Calling HTTP method
[2023-11-23T08:20:30.217+0000] {base.py:71} INFO - Using connection ID 'rand_user_api' for task execution.
[2023-11-23T08:20:30.219+0000] {http.py:148} INFO - Sending 'GET' to url: https://randomuser.me/api/
[2023-11-23T08:20:30.750+0000] {http.py:125} INFO - {"results":[{"gender":"male","name":{"title":"Monsieur","first":"Ulrich","last":"Rey"},"location":{"street":{"number":7768,"name":"Rue Pasteur"},"city":"Hundwil","state":"Vaud","country":"Switzerland","postcode":6840,"coordinates":{"latitude":"-55.8840","longitude":"-59.2819"},"timezone":{"offset":"+10:00","description":"Eastern Australia, Guam, Vladivostok"}},"email":"ulrich.rey@example.com","login":{"uuid":"fdfce6e9-7c6b-4261-b785-77d0a697b132","username":"orangefrog526","password":"hounddog","salt":"BWyTlzeS","md5":"1d3e86a3c80dfc94cca46a43596a416d","sha1":"05340d208aad66df33e4a952d832ac8cbe9430de","sha256":"84dc74fd9ccebee3c5aa6ce15a78d8d27f411e2a1e717a670f064587870478ba"},"dob":{"date":"1972-08-14T23:21:00.006Z","age":51},"registered":{"date":"2018-12-20T13:42:09.926Z","age":4},"phone":"076 547 12 10","cell":"078 759 74 57","id":{"name":"AVS","value":"756.7016.2407.67"},"picture":{"large":"https://randomuser.me/api/portraits/men/3.jpg","medium":"https://randomuser.me/api/portraits/med/men/3.jpg","thumbnail":"https://randomuser.me/api/portraits/thumb/men/3.jpg"},"nat":"CH"}],"info":{"seed":"dd859bd92f434559","results":1,"page":1,"version":"1.4"}}
[2023-11-23T08:20:30.789+0000] {taskinstance.py:1406} INFO - Marking task as SUCCESS. dag_id=rand_user, task_id=extract_user, execution_date=20231123T080525, start_date=20231123T082029, end_date=20231123T082030
[2023-11-23T08:20:30.836+0000] {local_task_job.py:164} INFO - Task exited with return code 0
[2023-11-23T08:20:30.872+0000] {local_task_job.py:273} INFO - 1 downstream tasks scheduled from follow-on schedule check
