[2023-11-10T12:16:59.271+0000] {taskinstance.py:1165} INFO - Dependencies all met for <TaskInstance: rand_user.extract_user manual__2023-11-10T12:16:53.543201+00:00 [queued]>
[2023-11-10T12:16:59.287+0000] {taskinstance.py:1165} INFO - Dependencies all met for <TaskInstance: rand_user.extract_user manual__2023-11-10T12:16:53.543201+00:00 [queued]>
[2023-11-10T12:16:59.287+0000] {taskinstance.py:1362} INFO - 
--------------------------------------------------------------------------------
[2023-11-10T12:16:59.288+0000] {taskinstance.py:1363} INFO - Starting attempt 1 of 3
[2023-11-10T12:16:59.288+0000] {taskinstance.py:1364} INFO - 
--------------------------------------------------------------------------------
[2023-11-10T12:16:59.310+0000] {taskinstance.py:1383} INFO - Executing <Task(SimpleHttpOperator): extract_user> on 2023-11-10 12:16:53.543201+00:00
[2023-11-10T12:16:59.316+0000] {standard_task_runner.py:55} INFO - Started process 8906 to run task
[2023-11-10T12:16:59.321+0000] {standard_task_runner.py:82} INFO - Running: ['***', 'tasks', 'run', 'rand_user', 'extract_user', 'manual__2023-11-10T12:16:53.543201+00:00', '--job-id', '282', '--raw', '--subdir', 'DAGS_FOLDER/predictions.py', '--cfg-path', '/tmp/tmppfrorte9']
[2023-11-10T12:16:59.325+0000] {standard_task_runner.py:83} INFO - Job 282: Subtask extract_user
[2023-11-10T12:16:59.391+0000] {task_command.py:376} INFO - Running <TaskInstance: rand_user.extract_user manual__2023-11-10T12:16:53.543201+00:00 [running]> on host 91f7624ceef9
[2023-11-10T12:16:59.461+0000] {taskinstance.py:1592} INFO - Exporting the following env vars:
AIRFLOW_CTX_DAG_OWNER=Gaurav
AIRFLOW_CTX_DAG_ID=rand_user
AIRFLOW_CTX_TASK_ID=extract_user
AIRFLOW_CTX_EXECUTION_DATE=2023-11-10T12:16:53.543201+00:00
AIRFLOW_CTX_TRY_NUMBER=1
AIRFLOW_CTX_DAG_RUN_ID=manual__2023-11-10T12:16:53.543201+00:00
[2023-11-10T12:16:59.462+0000] {http.py:121} INFO - Calling HTTP method
[2023-11-10T12:16:59.473+0000] {base.py:71} INFO - Using connection ID 'rand_user' for task execution.
[2023-11-10T12:16:59.475+0000] {http.py:148} INFO - Sending 'GET' to url: https://randomuser.me/api/
[2023-11-10T12:17:00.359+0000] {http.py:125} INFO - {"results":[{"gender":"male","name":{"title":"Mr","first":"Nils","last":"Haugan"},"location":{"street":{"number":6141,"name":"Gjørstads gate"},"city":"Tverrelvdalen","state":"Nord-Trøndelag","country":"Norway","postcode":"3788","coordinates":{"latitude":"39.2070","longitude":"-70.6323"},"timezone":{"offset":"+9:30","description":"Adelaide, Darwin"}},"email":"nils.haugan@example.com","login":{"uuid":"b4e94e73-c39f-4399-8bc5-a3da15b0b6cc","username":"silvergoose674","password":"reserve","salt":"XoK9oKKb","md5":"e5b2e0740bfafcf24b2ae8215072cf6c","sha1":"46c5bb6f2af2b89458b710c39698fa9095b0c02d","sha256":"5b11a9d1375c22fea24469ce24191d27b527962e659b13bfa62f2c1169f318b9"},"dob":{"date":"1957-10-10T05:02:49.912Z","age":66},"registered":{"date":"2019-08-11T08:19:46.215Z","age":4},"phone":"23606477","cell":"96938416","id":{"name":"FN","value":"10105742725"},"picture":{"large":"https://randomuser.me/api/portraits/men/66.jpg","medium":"https://randomuser.me/api/portraits/med/men/66.jpg","thumbnail":"https://randomuser.me/api/portraits/thumb/men/66.jpg"},"nat":"NO"}],"info":{"seed":"e4b2053a6af0c296","results":1,"page":1,"version":"1.4"}}
[2023-11-10T12:17:00.385+0000] {taskinstance.py:1406} INFO - Marking task as SUCCESS. dag_id=rand_user, task_id=extract_user, execution_date=20231110T121653, start_date=20231110T121659, end_date=20231110T121700
[2023-11-10T12:17:00.417+0000] {local_task_job.py:164} INFO - Task exited with return code 0
[2023-11-10T12:17:00.449+0000] {local_task_job.py:273} INFO - 1 downstream tasks scheduled from follow-on schedule check
