[2023-11-23T08:31:58.767+0000] {taskinstance.py:1165} INFO - Dependencies all met for <TaskInstance: rand_user.upload_data_to_destination manual__2023-11-23T08:31:45.420076+00:00 [queued]>
[2023-11-23T08:31:58.780+0000] {taskinstance.py:1165} INFO - Dependencies all met for <TaskInstance: rand_user.upload_data_to_destination manual__2023-11-23T08:31:45.420076+00:00 [queued]>
[2023-11-23T08:31:58.780+0000] {taskinstance.py:1362} INFO - 
--------------------------------------------------------------------------------
[2023-11-23T08:31:58.780+0000] {taskinstance.py:1363} INFO - Starting attempt 1 of 3
[2023-11-23T08:31:58.781+0000] {taskinstance.py:1364} INFO - 
--------------------------------------------------------------------------------
[2023-11-23T08:31:58.796+0000] {taskinstance.py:1383} INFO - Executing <Task(GenericTransfer): upload_data_to_destination> on 2023-11-23 08:31:45.420076+00:00
[2023-11-23T08:31:58.802+0000] {standard_task_runner.py:55} INFO - Started process 11156 to run task
[2023-11-23T08:31:58.807+0000] {standard_task_runner.py:82} INFO - Running: ['***', 'tasks', 'run', 'rand_user', 'upload_data_to_destination', 'manual__2023-11-23T08:31:45.420076+00:00', '--job-id', '684', '--raw', '--subdir', 'DAGS_FOLDER/predictions.py', '--cfg-path', '/tmp/tmpnmnyxf_9']
[2023-11-23T08:31:58.810+0000] {standard_task_runner.py:83} INFO - Job 684: Subtask upload_data_to_destination
[2023-11-23T08:31:58.877+0000] {task_command.py:376} INFO - Running <TaskInstance: rand_user.upload_data_to_destination manual__2023-11-23T08:31:45.420076+00:00 [running]> on host f71f95879a41
[2023-11-23T08:31:58.947+0000] {taskinstance.py:1592} INFO - Exporting the following env vars:
AIRFLOW_CTX_DAG_OWNER=Gaurav
AIRFLOW_CTX_DAG_ID=rand_user
AIRFLOW_CTX_TASK_ID=upload_data_to_destination
AIRFLOW_CTX_EXECUTION_DATE=2023-11-23T08:31:45.420076+00:00
AIRFLOW_CTX_TRY_NUMBER=1
AIRFLOW_CTX_DAG_RUN_ID=manual__2023-11-23T08:31:45.420076+00:00
[2023-11-23T08:31:58.957+0000] {base.py:71} INFO - Using connection ID 'source_db_***' for task execution.
[2023-11-23T08:31:59.198+0000] {base.py:71} INFO - Using connection ID 'dest_conn_id' for task execution.
[2023-11-23T08:31:59.436+0000] {generic_transfer.py:76} INFO - Extracting data from source_db_***
[2023-11-23T08:31:59.436+0000] {generic_transfer.py:77} INFO - Executing: 
 SELECT * FROM rand_users
[2023-11-23T08:31:59.444+0000] {base.py:71} INFO - Using connection ID 'source_db_***' for task execution.
[2023-11-23T08:31:59.455+0000] {generic_transfer.py:104} INFO - Inserting rows into dest_conn_id
[2023-11-23T08:31:59.464+0000] {base.py:71} INFO - Using connection ID 'dest_conn_id' for task execution.
[2023-11-23T08:31:59.481+0000] {sql.py:415} INFO - Done loading. Loaded a total of 6 rows
[2023-11-23T08:31:59.497+0000] {taskinstance.py:1406} INFO - Marking task as SUCCESS. dag_id=rand_user, task_id=upload_data_to_destination, execution_date=20231123T083145, start_date=20231123T083158, end_date=20231123T083159
[2023-11-23T08:31:59.539+0000] {local_task_job.py:164} INFO - Task exited with return code 0
[2023-11-23T08:31:59.574+0000] {local_task_job.py:273} INFO - 0 downstream tasks scheduled from follow-on schedule check
