[2023-11-13T09:46:00.680+0000] {taskinstance.py:1165} INFO - Dependencies all met for <TaskInstance: rand_user.extract_user scheduled__2023-11-11T00:00:00+00:00 [queued]>
[2023-11-13T09:46:00.697+0000] {taskinstance.py:1165} INFO - Dependencies all met for <TaskInstance: rand_user.extract_user scheduled__2023-11-11T00:00:00+00:00 [queued]>
[2023-11-13T09:46:00.697+0000] {taskinstance.py:1362} INFO - 
--------------------------------------------------------------------------------
[2023-11-13T09:46:00.698+0000] {taskinstance.py:1363} INFO - Starting attempt 1 of 3
[2023-11-13T09:46:00.698+0000] {taskinstance.py:1364} INFO - 
--------------------------------------------------------------------------------
[2023-11-13T09:46:00.716+0000] {taskinstance.py:1383} INFO - Executing <Task(SimpleHttpOperator): extract_user> on 2023-11-11 00:00:00+00:00
[2023-11-13T09:46:00.722+0000] {standard_task_runner.py:55} INFO - Started process 87 to run task
[2023-11-13T09:46:00.728+0000] {standard_task_runner.py:82} INFO - Running: ['***', 'tasks', 'run', 'rand_user', 'extract_user', 'scheduled__2023-11-11T00:00:00+00:00', '--job-id', '336', '--raw', '--subdir', 'DAGS_FOLDER/predictions.py', '--cfg-path', '/tmp/tmp0z1la2re']
[2023-11-13T09:46:00.731+0000] {standard_task_runner.py:83} INFO - Job 336: Subtask extract_user
[2023-11-13T09:46:00.813+0000] {task_command.py:376} INFO - Running <TaskInstance: rand_user.extract_user scheduled__2023-11-11T00:00:00+00:00 [running]> on host 91f7624ceef9
[2023-11-13T09:46:00.908+0000] {taskinstance.py:1592} INFO - Exporting the following env vars:
AIRFLOW_CTX_DAG_OWNER=Gaurav
AIRFLOW_CTX_DAG_ID=rand_user
AIRFLOW_CTX_TASK_ID=extract_user
AIRFLOW_CTX_EXECUTION_DATE=2023-11-11T00:00:00+00:00
AIRFLOW_CTX_TRY_NUMBER=1
AIRFLOW_CTX_DAG_RUN_ID=scheduled__2023-11-11T00:00:00+00:00
[2023-11-13T09:46:00.910+0000] {http.py:121} INFO - Calling HTTP method
[2023-11-13T09:46:00.926+0000] {base.py:71} INFO - Using connection ID 'rand_user' for task execution.
[2023-11-13T09:46:00.929+0000] {http.py:148} INFO - Sending 'GET' to url: https://randomuser.me/api/
[2023-11-13T09:46:01.397+0000] {http.py:125} INFO - {"results":[{"gender":"female","name":{"title":"Ms","first":"Estefanía","last":"Lira"},"location":{"street":{"number":3578,"name":"Eje vial Limón"},"city":"Campo Número Ocho","state":"Baja California","country":"Mexico","postcode":41077,"coordinates":{"latitude":"28.8016","longitude":"28.8656"},"timezone":{"offset":"-7:00","description":"Mountain Time (US & Canada)"}},"email":"estefania.lira@example.com","login":{"uuid":"57b25910-52c0-4634-b372-025eaf635062","username":"blackbear253","password":"italia","salt":"iVdAoqon","md5":"10e0dc6ceb46e0d1f9359a09e041d9f4","sha1":"7ae6c3a7849cdfb1c29353204f2873cc2abb57b1","sha256":"d4e84afaad3f5fc65c288d19e4e316348ad99062991f6f574577a05eac07db06"},"dob":{"date":"1962-08-07T21:18:26.959Z","age":61},"registered":{"date":"2020-10-19T12:26:52.405Z","age":3},"phone":"(694) 230 4181","cell":"(643) 640 2558","id":{"name":"NSS","value":"51 63 59 6292 7"},"picture":{"large":"https://randomuser.me/api/portraits/women/63.jpg","medium":"https://randomuser.me/api/portraits/med/women/63.jpg","thumbnail":"https://randomuser.me/api/portraits/thumb/women/63.jpg"},"nat":"MX"}],"info":{"seed":"8f8b50f8f7a99001","results":1,"page":1,"version":"1.4"}}
[2023-11-13T09:46:01.429+0000] {taskinstance.py:1406} INFO - Marking task as SUCCESS. dag_id=rand_user, task_id=extract_user, execution_date=20231111T000000, start_date=20231113T094600, end_date=20231113T094601
[2023-11-13T09:46:01.459+0000] {local_task_job.py:164} INFO - Task exited with return code 0
[2023-11-13T09:46:01.500+0000] {local_task_job.py:273} INFO - 1 downstream tasks scheduled from follow-on schedule check
