[2023-11-23T04:48:06.693+0000] {taskinstance.py:1165} INFO - Dependencies all met for <TaskInstance: Data_transfer.is_api_available scheduled__2023-11-23T04:18:04.853042+00:00 [queued]>
[2023-11-23T04:48:06.707+0000] {taskinstance.py:1165} INFO - Dependencies all met for <TaskInstance: Data_transfer.is_api_available scheduled__2023-11-23T04:18:04.853042+00:00 [queued]>
[2023-11-23T04:48:06.707+0000] {taskinstance.py:1362} INFO - 
--------------------------------------------------------------------------------
[2023-11-23T04:48:06.708+0000] {taskinstance.py:1363} INFO - Starting attempt 1 of 3
[2023-11-23T04:48:06.708+0000] {taskinstance.py:1364} INFO - 
--------------------------------------------------------------------------------
[2023-11-23T04:48:06.741+0000] {taskinstance.py:1383} INFO - Executing <Task(HttpSensor): is_api_available> on 2023-11-23 04:18:04.853042+00:00
[2023-11-23T04:48:06.750+0000] {standard_task_runner.py:55} INFO - Started process 1695 to run task
[2023-11-23T04:48:06.755+0000] {standard_task_runner.py:82} INFO - Running: ['***', 'tasks', 'run', 'Data_transfer', 'is_api_available', 'scheduled__2023-11-23T04:18:04.853042+00:00', '--job-id', '294', '--raw', '--subdir', 'DAGS_FOLDER/data_transfer.py', '--cfg-path', '/tmp/tmpkl6z2cnn']
[2023-11-23T04:48:06.757+0000] {standard_task_runner.py:83} INFO - Job 294: Subtask is_api_available
[2023-11-23T04:48:06.854+0000] {task_command.py:376} INFO - Running <TaskInstance: Data_transfer.is_api_available scheduled__2023-11-23T04:18:04.853042+00:00 [running]> on host f71f95879a41
[2023-11-23T04:48:06.945+0000] {taskinstance.py:1592} INFO - Exporting the following env vars:
AIRFLOW_CTX_DAG_OWNER=Gaurav
AIRFLOW_CTX_DAG_ID=Data_transfer
AIRFLOW_CTX_TASK_ID=is_api_available
AIRFLOW_CTX_EXECUTION_DATE=2023-11-23T04:18:04.853042+00:00
AIRFLOW_CTX_TRY_NUMBER=1
AIRFLOW_CTX_DAG_RUN_ID=scheduled__2023-11-23T04:18:04.853042+00:00
[2023-11-23T04:48:06.946+0000] {http.py:120} INFO - Poking: api/
[2023-11-23T04:48:06.961+0000] {base.py:71} INFO - Using connection ID 'rand_user_api' for task execution.
[2023-11-23T04:48:06.963+0000] {http.py:148} INFO - Sending 'GET' to url: https://randomuser.me/api/
[2023-11-23T04:48:07.405+0000] {base.py:213} INFO - Success criteria met. Exiting.
[2023-11-23T04:48:07.416+0000] {taskinstance.py:1406} INFO - Marking task as SUCCESS. dag_id=Data_transfer, task_id=is_api_available, execution_date=20231123T041804, start_date=20231123T044806, end_date=20231123T044807
[2023-11-23T04:48:07.488+0000] {local_task_job.py:164} INFO - Task exited with return code 0
[2023-11-23T04:48:07.542+0000] {local_task_job.py:273} INFO - 1 downstream tasks scheduled from follow-on schedule check
