[2023-11-22T06:49:27.427+0000] {taskinstance.py:1165} INFO - Dependencies all met for <TaskInstance: rand_user.store_user manual__2023-11-22T06:48:13.662724+00:00 [queued]>
[2023-11-22T06:49:27.452+0000] {taskinstance.py:1165} INFO - Dependencies all met for <TaskInstance: rand_user.store_user manual__2023-11-22T06:48:13.662724+00:00 [queued]>
[2023-11-22T06:49:27.453+0000] {taskinstance.py:1362} INFO - 
--------------------------------------------------------------------------------
[2023-11-22T06:49:27.454+0000] {taskinstance.py:1363} INFO - Starting attempt 2 of 3
[2023-11-22T06:49:27.454+0000] {taskinstance.py:1364} INFO - 
--------------------------------------------------------------------------------
[2023-11-22T06:49:27.499+0000] {taskinstance.py:1383} INFO - Executing <Task(PythonOperator): store_user> on 2023-11-22 06:48:13.662724+00:00
[2023-11-22T06:49:27.514+0000] {standard_task_runner.py:55} INFO - Started process 1803 to run task
[2023-11-22T06:49:27.523+0000] {standard_task_runner.py:82} INFO - Running: ['***', 'tasks', 'run', 'rand_user', 'store_user', 'manual__2023-11-22T06:48:13.662724+00:00', '--job-id', '65', '--raw', '--subdir', 'DAGS_FOLDER/predictions.py', '--cfg-path', '/tmp/tmp5mihw8fc']
[2023-11-22T06:49:27.527+0000] {standard_task_runner.py:83} INFO - Job 65: Subtask store_user
[2023-11-22T06:49:27.672+0000] {task_command.py:376} INFO - Running <TaskInstance: rand_user.store_user manual__2023-11-22T06:48:13.662724+00:00 [running]> on host e4a6f7cdd654
[2023-11-22T06:49:27.839+0000] {taskinstance.py:1592} INFO - Exporting the following env vars:
AIRFLOW_CTX_DAG_OWNER=Gaurav
AIRFLOW_CTX_DAG_ID=rand_user
AIRFLOW_CTX_TASK_ID=store_user
AIRFLOW_CTX_EXECUTION_DATE=2023-11-22T06:48:13.662724+00:00
AIRFLOW_CTX_TRY_NUMBER=2
AIRFLOW_CTX_DAG_RUN_ID=manual__2023-11-22T06:48:13.662724+00:00
[2023-11-22T06:49:27.841+0000] {postgres.py:129} INFO - Running copy expert: COPY rand_users FROM stdin WITH DELIMITER as ',', filename: /tmp/processed_user.csv
[2023-11-22T06:49:27.862+0000] {base.py:71} INFO - Using connection ID 'postgres' for task execution.
[2023-11-22T06:49:27.874+0000] {python.py:177} INFO - Done. Returned value was: None
[2023-11-22T06:49:27.898+0000] {taskinstance.py:1406} INFO - Marking task as SUCCESS. dag_id=rand_user, task_id=store_user, execution_date=20231122T064813, start_date=20231122T064927, end_date=20231122T064927
[2023-11-22T06:49:27.974+0000] {local_task_job.py:164} INFO - Task exited with return code 0
[2023-11-22T06:49:28.041+0000] {local_task_job.py:273} INFO - 1 downstream tasks scheduled from follow-on schedule check
