[2023-11-13T11:11:33.087+0000] {taskinstance.py:1165} INFO - Dependencies all met for <TaskInstance: rand_user.upload_data_source manual__2023-11-13T11:11:23.436609+00:00 [queued]>
[2023-11-13T11:11:33.105+0000] {taskinstance.py:1165} INFO - Dependencies all met for <TaskInstance: rand_user.upload_data_source manual__2023-11-13T11:11:23.436609+00:00 [queued]>
[2023-11-13T11:11:33.106+0000] {taskinstance.py:1362} INFO - 
--------------------------------------------------------------------------------
[2023-11-13T11:11:33.106+0000] {taskinstance.py:1363} INFO - Starting attempt 1 of 3
[2023-11-13T11:11:33.107+0000] {taskinstance.py:1364} INFO - 
--------------------------------------------------------------------------------
[2023-11-13T11:11:33.124+0000] {taskinstance.py:1383} INFO - Executing <Task(GenericTransfer): upload_data_source> on 2023-11-13 11:11:23.436609+00:00
[2023-11-13T11:11:33.131+0000] {standard_task_runner.py:55} INFO - Started process 4347 to run task
[2023-11-13T11:11:33.137+0000] {standard_task_runner.py:82} INFO - Running: ['***', 'tasks', 'run', 'rand_user', 'upload_data_source', 'manual__2023-11-13T11:11:23.436609+00:00', '--job-id', '402', '--raw', '--subdir', 'DAGS_FOLDER/predictions.py', '--cfg-path', '/tmp/tmpj5sxbfqo']
[2023-11-13T11:11:33.140+0000] {standard_task_runner.py:83} INFO - Job 402: Subtask upload_data_source
[2023-11-13T11:11:33.218+0000] {task_command.py:376} INFO - Running <TaskInstance: rand_user.upload_data_source manual__2023-11-13T11:11:23.436609+00:00 [running]> on host 91f7624ceef9
[2023-11-13T11:11:33.303+0000] {taskinstance.py:1592} INFO - Exporting the following env vars:
AIRFLOW_CTX_DAG_OWNER=Gaurav
AIRFLOW_CTX_DAG_ID=rand_user
AIRFLOW_CTX_TASK_ID=upload_data_source
AIRFLOW_CTX_EXECUTION_DATE=2023-11-13T11:11:23.436609+00:00
AIRFLOW_CTX_TRY_NUMBER=1
AIRFLOW_CTX_DAG_RUN_ID=manual__2023-11-13T11:11:23.436609+00:00
[2023-11-13T11:11:33.313+0000] {base.py:71} INFO - Using connection ID 'postgres' for task execution.
[2023-11-13T11:11:33.554+0000] {base.py:71} INFO - Using connection ID 'source_db_***' for task execution.
[2023-11-13T11:11:33.819+0000] {generic_transfer.py:76} INFO - Extracting data from postgres
[2023-11-13T11:11:33.820+0000] {generic_transfer.py:77} INFO - Executing: 
 SELECT * FROM rand_users
[2023-11-13T11:11:33.829+0000] {base.py:71} INFO - Using connection ID 'postgres' for task execution.
[2023-11-13T11:11:33.834+0000] {generic_transfer.py:94} INFO - Running preoperator
[2023-11-13T11:11:33.835+0000] {generic_transfer.py:95} INFO - TRUNCATE TABLE rand_users
[2023-11-13T11:11:33.842+0000] {base.py:71} INFO - Using connection ID 'source_db_***' for task execution.
[2023-11-13T11:11:33.848+0000] {sql.py:315} INFO - Running statement: TRUNCATE TABLE rand_users, parameters: None
[2023-11-13T11:11:34.183+0000] {generic_transfer.py:104} INFO - Inserting rows into source_db_***
[2023-11-13T11:11:34.190+0000] {base.py:71} INFO - Using connection ID 'source_db_***' for task execution.
[2023-11-13T11:11:34.221+0000] {sql.py:415} INFO - Done loading. Loaded a total of 26 rows
[2023-11-13T11:11:34.230+0000] {taskinstance.py:1406} INFO - Marking task as SUCCESS. dag_id=rand_user, task_id=upload_data_source, execution_date=20231113T111123, start_date=20231113T111133, end_date=20231113T111134
[2023-11-13T11:11:34.271+0000] {local_task_job.py:164} INFO - Task exited with return code 0
[2023-11-13T11:11:34.294+0000] {local_task_job.py:273} INFO - 1 downstream tasks scheduled from follow-on schedule check
