[2023-11-10T04:17:22.721+0000] {taskinstance.py:1165} INFO - Dependencies all met for <TaskInstance: US_population.extract_user scheduled__2023-11-08T00:00:00+00:00 [queued]>
[2023-11-10T04:17:22.736+0000] {taskinstance.py:1165} INFO - Dependencies all met for <TaskInstance: US_population.extract_user scheduled__2023-11-08T00:00:00+00:00 [queued]>
[2023-11-10T04:17:22.737+0000] {taskinstance.py:1362} INFO - 
--------------------------------------------------------------------------------
[2023-11-10T04:17:22.737+0000] {taskinstance.py:1363} INFO - Starting attempt 1 of 3
[2023-11-10T04:17:22.738+0000] {taskinstance.py:1364} INFO - 
--------------------------------------------------------------------------------
[2023-11-10T04:17:22.756+0000] {taskinstance.py:1383} INFO - Executing <Task(SimpleHttpOperator): extract_user> on 2023-11-08 00:00:00+00:00
[2023-11-10T04:17:22.762+0000] {standard_task_runner.py:55} INFO - Started process 88 to run task
[2023-11-10T04:17:22.767+0000] {standard_task_runner.py:82} INFO - Running: ['***', 'tasks', 'run', 'US_population', 'extract_user', 'scheduled__2023-11-08T00:00:00+00:00', '--job-id', '50', '--raw', '--subdir', 'DAGS_FOLDER/predictions.py', '--cfg-path', '/tmp/tmp3zo1igvv']
[2023-11-10T04:17:22.769+0000] {standard_task_runner.py:83} INFO - Job 50: Subtask extract_user
[2023-11-10T04:17:22.841+0000] {task_command.py:376} INFO - Running <TaskInstance: US_population.extract_user scheduled__2023-11-08T00:00:00+00:00 [running]> on host 91f7624ceef9
[2023-11-10T04:17:22.916+0000] {taskinstance.py:1592} INFO - Exporting the following env vars:
AIRFLOW_CTX_DAG_OWNER=Gaurav
AIRFLOW_CTX_DAG_ID=US_population
AIRFLOW_CTX_TASK_ID=extract_user
AIRFLOW_CTX_EXECUTION_DATE=2023-11-08T00:00:00+00:00
AIRFLOW_CTX_TRY_NUMBER=1
AIRFLOW_CTX_DAG_RUN_ID=scheduled__2023-11-08T00:00:00+00:00
[2023-11-10T04:17:22.917+0000] {http.py:121} INFO - Calling HTTP method
[2023-11-10T04:17:22.930+0000] {base.py:71} INFO - Using connection ID 'us_population_API' for task execution.
[2023-11-10T04:17:22.932+0000] {http.py:148} INFO - Sending 'GET' to url: https://datausa.io/api/data?drilldowns=Nation&measures=Population/api/
[2023-11-10T04:17:24.108+0000] {http.py:125} INFO - {"data":[],"source":[]}
[2023-11-10T04:17:24.130+0000] {taskinstance.py:1406} INFO - Marking task as SUCCESS. dag_id=US_population, task_id=extract_user, execution_date=20231108T000000, start_date=20231110T041722, end_date=20231110T041724
[2023-11-10T04:17:24.183+0000] {local_task_job.py:164} INFO - Task exited with return code 0
[2023-11-10T04:17:24.219+0000] {local_task_job.py:273} INFO - 1 downstream tasks scheduled from follow-on schedule check
