[2023-11-22T10:04:40.404+0000] {taskinstance.py:1165} INFO - Dependencies all met for <TaskInstance: Data_transfer.store_user manual__2023-11-22T10:02:28.259167+00:00 [queued]>
[2023-11-22T10:04:40.421+0000] {taskinstance.py:1165} INFO - Dependencies all met for <TaskInstance: Data_transfer.store_user manual__2023-11-22T10:02:28.259167+00:00 [queued]>
[2023-11-22T10:04:40.422+0000] {taskinstance.py:1362} INFO - 
--------------------------------------------------------------------------------
[2023-11-22T10:04:40.422+0000] {taskinstance.py:1363} INFO - Starting attempt 3 of 3
[2023-11-22T10:04:40.423+0000] {taskinstance.py:1364} INFO - 
--------------------------------------------------------------------------------
[2023-11-22T10:04:40.448+0000] {taskinstance.py:1383} INFO - Executing <Task(PythonOperator): store_user> on 2023-11-22 10:02:28.259167+00:00
[2023-11-22T10:04:40.455+0000] {standard_task_runner.py:55} INFO - Started process 6074 to run task
[2023-11-22T10:04:40.460+0000] {standard_task_runner.py:82} INFO - Running: ['***', 'tasks', 'run', 'Data_transfer', 'store_user', 'manual__2023-11-22T10:02:28.259167+00:00', '--job-id', '140', '--raw', '--subdir', 'DAGS_FOLDER/data_transfer.py', '--cfg-path', '/tmp/tmpta_kbd_1']
[2023-11-22T10:04:40.463+0000] {standard_task_runner.py:83} INFO - Job 140: Subtask store_user
[2023-11-22T10:04:40.570+0000] {task_command.py:376} INFO - Running <TaskInstance: Data_transfer.store_user manual__2023-11-22T10:02:28.259167+00:00 [running]> on host f71f95879a41
[2023-11-22T10:04:40.665+0000] {taskinstance.py:1592} INFO - Exporting the following env vars:
AIRFLOW_CTX_DAG_OWNER=Gaurav
AIRFLOW_CTX_DAG_ID=Data_transfer
AIRFLOW_CTX_TASK_ID=store_user
AIRFLOW_CTX_EXECUTION_DATE=2023-11-22T10:02:28.259167+00:00
AIRFLOW_CTX_TRY_NUMBER=3
AIRFLOW_CTX_DAG_RUN_ID=manual__2023-11-22T10:02:28.259167+00:00
[2023-11-22T10:04:40.667+0000] {postgres.py:129} INFO - Running copy expert: COPY table1_users FROM stdin WITH DELIMITER as ',', filename: /tmp/rand_processed_user.csv
[2023-11-22T10:04:40.683+0000] {base.py:71} INFO - Using connection ID 'postgres' for task execution.
[2023-11-22T10:04:40.693+0000] {taskinstance.py:1851} ERROR - Task failed with exception
Traceback (most recent call last):
  File "/home/airflow/.local/lib/python3.7/site-packages/airflow/operators/python.py", line 175, in execute
    return_value = self.execute_callable()
  File "/home/airflow/.local/lib/python3.7/site-packages/airflow/operators/python.py", line 193, in execute_callable
    return self.python_callable(*self.op_args, **self.op_kwargs)
  File "/opt/airflow/dags/data_transfer.py", line 39, in _store_user
    filename='/tmp/rand_processed_user.csv'
  File "/home/airflow/.local/lib/python3.7/site-packages/airflow/providers/postgres/hooks/postgres.py", line 137, in copy_expert
    cur.copy_expert(sql, file)
psycopg2.errors.UniqueViolation: duplicate key value violates unique constraint "table1_users_pkey"
DETAIL:  Key (uuid)=(a28b9924-dbbe-4175-925b-bb85bdd92bc3) already exists.
CONTEXT:  COPY table1_users, line 1

[2023-11-22T10:04:40.708+0000] {taskinstance.py:1406} INFO - Marking task as FAILED. dag_id=Data_transfer, task_id=store_user, execution_date=20231122T100228, start_date=20231122T100440, end_date=20231122T100440
[2023-11-22T10:04:40.725+0000] {standard_task_runner.py:105} ERROR - Failed to execute job 140 for task store_user (duplicate key value violates unique constraint "table1_users_pkey"
DETAIL:  Key (uuid)=(a28b9924-dbbe-4175-925b-bb85bdd92bc3) already exists.
CONTEXT:  COPY table1_users, line 1
; 6074)
[2023-11-22T10:04:40.751+0000] {local_task_job.py:164} INFO - Task exited with return code 1
[2023-11-22T10:04:40.785+0000] {local_task_job.py:273} INFO - 0 downstream tasks scheduled from follow-on schedule check
