[2023-11-22T06:44:07.515+0000] {taskinstance.py:1165} INFO - Dependencies all met for <TaskInstance: rand_user.is_api_available scheduled__2023-11-22T06:14:03.150203+00:00 [queued]>
[2023-11-22T06:44:07.541+0000] {taskinstance.py:1165} INFO - Dependencies all met for <TaskInstance: rand_user.is_api_available scheduled__2023-11-22T06:14:03.150203+00:00 [queued]>
[2023-11-22T06:44:07.541+0000] {taskinstance.py:1362} INFO - 
--------------------------------------------------------------------------------
[2023-11-22T06:44:07.542+0000] {taskinstance.py:1363} INFO - Starting attempt 1 of 3
[2023-11-22T06:44:07.544+0000] {taskinstance.py:1364} INFO - 
--------------------------------------------------------------------------------
[2023-11-22T06:44:07.582+0000] {taskinstance.py:1383} INFO - Executing <Task(HttpSensor): is_api_available> on 2023-11-22 06:14:03.150203+00:00
[2023-11-22T06:44:07.600+0000] {standard_task_runner.py:55} INFO - Started process 1530 to run task
[2023-11-22T06:44:07.610+0000] {standard_task_runner.py:82} INFO - Running: ['***', 'tasks', 'run', 'rand_user', 'is_api_available', 'scheduled__2023-11-22T06:14:03.150203+00:00', '--job-id', '52', '--raw', '--subdir', 'DAGS_FOLDER/predictions.py', '--cfg-path', '/tmp/tmpsdqugjqk']
[2023-11-22T06:44:07.615+0000] {standard_task_runner.py:83} INFO - Job 52: Subtask is_api_available
[2023-11-22T06:44:07.725+0000] {task_command.py:376} INFO - Running <TaskInstance: rand_user.is_api_available scheduled__2023-11-22T06:14:03.150203+00:00 [running]> on host e4a6f7cdd654
[2023-11-22T06:44:07.857+0000] {taskinstance.py:1592} INFO - Exporting the following env vars:
AIRFLOW_CTX_DAG_OWNER=Gaurav
AIRFLOW_CTX_DAG_ID=rand_user
AIRFLOW_CTX_TASK_ID=is_api_available
AIRFLOW_CTX_EXECUTION_DATE=2023-11-22T06:14:03.150203+00:00
AIRFLOW_CTX_TRY_NUMBER=1
AIRFLOW_CTX_DAG_RUN_ID=scheduled__2023-11-22T06:14:03.150203+00:00
[2023-11-22T06:44:07.859+0000] {http.py:120} INFO - Poking: api/
[2023-11-22T06:44:07.876+0000] {base.py:71} INFO - Using connection ID 'rand_user' for task execution.
[2023-11-22T06:44:07.879+0000] {http.py:148} INFO - Sending 'GET' to url: https://randomuser.me/api/
[2023-11-22T06:44:08.339+0000] {base.py:213} INFO - Success criteria met. Exiting.
[2023-11-22T06:44:08.357+0000] {taskinstance.py:1406} INFO - Marking task as SUCCESS. dag_id=rand_user, task_id=is_api_available, execution_date=20231122T061403, start_date=20231122T064407, end_date=20231122T064408
[2023-11-22T06:44:08.423+0000] {local_task_job.py:164} INFO - Task exited with return code 0
[2023-11-22T06:44:08.516+0000] {local_task_job.py:273} INFO - 1 downstream tasks scheduled from follow-on schedule check
