[2023-11-22T06:44:09.532+0000] {taskinstance.py:1165} INFO - Dependencies all met for <TaskInstance: rand_user.extract_user scheduled__2023-11-22T06:14:03.150203+00:00 [queued]>
[2023-11-22T06:44:09.555+0000] {taskinstance.py:1165} INFO - Dependencies all met for <TaskInstance: rand_user.extract_user scheduled__2023-11-22T06:14:03.150203+00:00 [queued]>
[2023-11-22T06:44:09.556+0000] {taskinstance.py:1362} INFO - 
--------------------------------------------------------------------------------
[2023-11-22T06:44:09.556+0000] {taskinstance.py:1363} INFO - Starting attempt 1 of 3
[2023-11-22T06:44:09.557+0000] {taskinstance.py:1364} INFO - 
--------------------------------------------------------------------------------
[2023-11-22T06:44:09.580+0000] {taskinstance.py:1383} INFO - Executing <Task(SimpleHttpOperator): extract_user> on 2023-11-22 06:14:03.150203+00:00
[2023-11-22T06:44:09.590+0000] {standard_task_runner.py:55} INFO - Started process 1533 to run task
[2023-11-22T06:44:09.596+0000] {standard_task_runner.py:82} INFO - Running: ['***', 'tasks', 'run', 'rand_user', 'extract_user', 'scheduled__2023-11-22T06:14:03.150203+00:00', '--job-id', '53', '--raw', '--subdir', 'DAGS_FOLDER/predictions.py', '--cfg-path', '/tmp/tmpyolowx08']
[2023-11-22T06:44:09.600+0000] {standard_task_runner.py:83} INFO - Job 53: Subtask extract_user
[2023-11-22T06:44:09.733+0000] {task_command.py:376} INFO - Running <TaskInstance: rand_user.extract_user scheduled__2023-11-22T06:14:03.150203+00:00 [running]> on host e4a6f7cdd654
[2023-11-22T06:44:09.874+0000] {taskinstance.py:1592} INFO - Exporting the following env vars:
AIRFLOW_CTX_DAG_OWNER=Gaurav
AIRFLOW_CTX_DAG_ID=rand_user
AIRFLOW_CTX_TASK_ID=extract_user
AIRFLOW_CTX_EXECUTION_DATE=2023-11-22T06:14:03.150203+00:00
AIRFLOW_CTX_TRY_NUMBER=1
AIRFLOW_CTX_DAG_RUN_ID=scheduled__2023-11-22T06:14:03.150203+00:00
[2023-11-22T06:44:09.876+0000] {http.py:121} INFO - Calling HTTP method
[2023-11-22T06:44:09.897+0000] {base.py:71} INFO - Using connection ID 'rand_user' for task execution.
[2023-11-22T06:44:09.901+0000] {http.py:148} INFO - Sending 'GET' to url: https://randomuser.me/api/
[2023-11-22T06:44:10.330+0000] {http.py:125} INFO - {"results":[{"gender":"male","name":{"title":"Mr","first":"Rishaan","last":"Saniel"},"location":{"street":{"number":9041,"name":"Somwar Peth"},"city":"Gulbarga","state":"Mizoram","country":"India","postcode":18305,"coordinates":{"latitude":"6.5399","longitude":"-39.9243"},"timezone":{"offset":"+3:30","description":"Tehran"}},"email":"rishaan.saniel@example.com","login":{"uuid":"cc9ee5a1-d874-4c7d-859d-2ebcb4301fe6","username":"organicsnake217","password":"eggman","salt":"2FBrXEZH","md5":"ce1d464ad3a3e0e856d2648ab4482c0d","sha1":"058a87a58d67d232b03ba01db5ebbc38bd122173","sha256":"89575a0729b471931996d5f1ddc68ef2622e68b8db8bf9da653a70a0a62cbe7c"},"dob":{"date":"1996-03-11T05:56:51.109Z","age":27},"registered":{"date":"2016-12-22T10:23:49.792Z","age":6},"phone":"9220098359","cell":"7135868521","id":{"name":"UIDAI","value":"748164332149"},"picture":{"large":"https://randomuser.me/api/portraits/men/78.jpg","medium":"https://randomuser.me/api/portraits/med/men/78.jpg","thumbnail":"https://randomuser.me/api/portraits/thumb/men/78.jpg"},"nat":"IN"}],"info":{"seed":"bfef92282eb4735c","results":1,"page":1,"version":"1.4"}}
[2023-11-22T06:44:10.384+0000] {taskinstance.py:1406} INFO - Marking task as SUCCESS. dag_id=rand_user, task_id=extract_user, execution_date=20231122T061403, start_date=20231122T064409, end_date=20231122T064410
[2023-11-22T06:44:10.450+0000] {local_task_job.py:164} INFO - Task exited with return code 0
[2023-11-22T06:44:10.537+0000] {local_task_job.py:273} INFO - 1 downstream tasks scheduled from follow-on schedule check
