[2023-11-13T10:03:03.977+0000] {taskinstance.py:1165} INFO - Dependencies all met for <TaskInstance: rand_user.extract_user manual__2023-11-13T10:02:58.087869+00:00 [queued]>
[2023-11-13T10:03:03.990+0000] {taskinstance.py:1165} INFO - Dependencies all met for <TaskInstance: rand_user.extract_user manual__2023-11-13T10:02:58.087869+00:00 [queued]>
[2023-11-13T10:03:03.991+0000] {taskinstance.py:1362} INFO - 
--------------------------------------------------------------------------------
[2023-11-13T10:03:03.991+0000] {taskinstance.py:1363} INFO - Starting attempt 1 of 3
[2023-11-13T10:03:03.991+0000] {taskinstance.py:1364} INFO - 
--------------------------------------------------------------------------------
[2023-11-13T10:03:04.006+0000] {taskinstance.py:1383} INFO - Executing <Task(SimpleHttpOperator): extract_user> on 2023-11-13 10:02:58.087869+00:00
[2023-11-13T10:03:04.013+0000] {standard_task_runner.py:55} INFO - Started process 975 to run task
[2023-11-13T10:03:04.018+0000] {standard_task_runner.py:82} INFO - Running: ['***', 'tasks', 'run', 'rand_user', 'extract_user', 'manual__2023-11-13T10:02:58.087869+00:00', '--job-id', '362', '--raw', '--subdir', 'DAGS_FOLDER/predictions.py', '--cfg-path', '/tmp/tmpz3p3i7ww']
[2023-11-13T10:03:04.021+0000] {standard_task_runner.py:83} INFO - Job 362: Subtask extract_user
[2023-11-13T10:03:04.086+0000] {task_command.py:376} INFO - Running <TaskInstance: rand_user.extract_user manual__2023-11-13T10:02:58.087869+00:00 [running]> on host 91f7624ceef9
[2023-11-13T10:03:04.155+0000] {taskinstance.py:1592} INFO - Exporting the following env vars:
AIRFLOW_CTX_DAG_OWNER=Gaurav
AIRFLOW_CTX_DAG_ID=rand_user
AIRFLOW_CTX_TASK_ID=extract_user
AIRFLOW_CTX_EXECUTION_DATE=2023-11-13T10:02:58.087869+00:00
AIRFLOW_CTX_TRY_NUMBER=1
AIRFLOW_CTX_DAG_RUN_ID=manual__2023-11-13T10:02:58.087869+00:00
[2023-11-13T10:03:04.156+0000] {http.py:121} INFO - Calling HTTP method
[2023-11-13T10:03:04.166+0000] {base.py:71} INFO - Using connection ID 'rand_user' for task execution.
[2023-11-13T10:03:04.168+0000] {http.py:148} INFO - Sending 'GET' to url: https://randomuser.me/api/
[2023-11-13T10:03:05.677+0000] {http.py:125} INFO - {"results":[{"gender":"male","name":{"title":"Mr","first":"Glen","last":"Kennedy"},"location":{"street":{"number":7745,"name":"Galway Road"},"city":"Kilkenny","state":"Longford","country":"Ireland","postcode":39618,"coordinates":{"latitude":"3.0823","longitude":"-98.8944"},"timezone":{"offset":"+4:30","description":"Kabul"}},"email":"glen.kennedy@example.com","login":{"uuid":"67ac2785-fbb5-4b27-816f-b2164818487e","username":"happywolf747","password":"ariane","salt":"9SSuUiEc","md5":"1dca5e45a4a2ca9ebb8ab43a7ba61bf1","sha1":"fe7630593221b6433ef753b96cfbb81c165e8da7","sha256":"3b9d25cdb737378d81b638f9d64028d304eab5091cea20730e79fafcdccbefad"},"dob":{"date":"1954-07-09T16:02:36.113Z","age":69},"registered":{"date":"2004-01-16T10:58:46.901Z","age":19},"phone":"021-505-2548","cell":"081-296-5586","id":{"name":"PPS","value":"3806018T"},"picture":{"large":"https://randomuser.me/api/portraits/men/38.jpg","medium":"https://randomuser.me/api/portraits/med/men/38.jpg","thumbnail":"https://randomuser.me/api/portraits/thumb/men/38.jpg"},"nat":"IE"}],"info":{"seed":"4d17b31f2b90cc73","results":1,"page":1,"version":"1.4"}}
[2023-11-13T10:03:05.702+0000] {taskinstance.py:1406} INFO - Marking task as SUCCESS. dag_id=rand_user, task_id=extract_user, execution_date=20231113T100258, start_date=20231113T100303, end_date=20231113T100305
[2023-11-13T10:03:05.756+0000] {local_task_job.py:164} INFO - Task exited with return code 0
[2023-11-13T10:03:05.788+0000] {local_task_job.py:273} INFO - 1 downstream tasks scheduled from follow-on schedule check
