[2023-11-22T05:07:15.753+0000] {taskinstance.py:1165} INFO - Dependencies all met for <TaskInstance: rand_user.store_user manual__2023-11-22T05:05:08.848057+00:00 [queued]>
[2023-11-22T05:07:15.785+0000] {taskinstance.py:1165} INFO - Dependencies all met for <TaskInstance: rand_user.store_user manual__2023-11-22T05:05:08.848057+00:00 [queued]>
[2023-11-22T05:07:15.786+0000] {taskinstance.py:1362} INFO - 
--------------------------------------------------------------------------------
[2023-11-22T05:07:15.786+0000] {taskinstance.py:1363} INFO - Starting attempt 3 of 3
[2023-11-22T05:07:15.788+0000] {taskinstance.py:1364} INFO - 
--------------------------------------------------------------------------------
[2023-11-22T05:07:15.814+0000] {taskinstance.py:1383} INFO - Executing <Task(PythonOperator): store_user> on 2023-11-22 05:05:08.848057+00:00
[2023-11-22T05:07:15.829+0000] {standard_task_runner.py:55} INFO - Started process 4297 to run task
[2023-11-22T05:07:15.838+0000] {standard_task_runner.py:82} INFO - Running: ['***', 'tasks', 'run', 'rand_user', 'store_user', 'manual__2023-11-22T05:05:08.848057+00:00', '--job-id', '604', '--raw', '--subdir', 'DAGS_FOLDER/predictions.py', '--cfg-path', '/tmp/tmp8o84mmd5']
[2023-11-22T05:07:15.842+0000] {standard_task_runner.py:83} INFO - Job 604: Subtask store_user
[2023-11-22T05:07:15.974+0000] {task_command.py:376} INFO - Running <TaskInstance: rand_user.store_user manual__2023-11-22T05:05:08.848057+00:00 [running]> on host 91f7624ceef9
[2023-11-22T05:07:16.227+0000] {taskinstance.py:1592} INFO - Exporting the following env vars:
AIRFLOW_CTX_DAG_OWNER=Gaurav
AIRFLOW_CTX_DAG_ID=rand_user
AIRFLOW_CTX_TASK_ID=store_user
AIRFLOW_CTX_EXECUTION_DATE=2023-11-22T05:05:08.848057+00:00
AIRFLOW_CTX_TRY_NUMBER=3
AIRFLOW_CTX_DAG_RUN_ID=manual__2023-11-22T05:05:08.848057+00:00
[2023-11-22T05:07:16.238+0000] {postgres.py:129} INFO - Running copy expert: COPY rand_users(uuid, title, firstname, lastname, gender, country, username, password, email, age) FROM stdin WITH DELIMITER as ',', filename: /tmp/processed_user.csv
[2023-11-22T05:07:16.278+0000] {base.py:71} INFO - Using connection ID 'postgres' for task execution.
[2023-11-22T05:07:16.292+0000] {taskinstance.py:1851} ERROR - Task failed with exception
Traceback (most recent call last):
  File "/home/airflow/.local/lib/python3.7/site-packages/airflow/operators/python.py", line 175, in execute
    return_value = self.execute_callable()
  File "/home/airflow/.local/lib/python3.7/site-packages/airflow/operators/python.py", line 193, in execute_callable
    return self.python_callable(*self.op_args, **self.op_kwargs)
  File "/opt/airflow/dags/predictions.py", line 40, in _store_user
    filename='/tmp/processed_user.csv'
  File "/home/airflow/.local/lib/python3.7/site-packages/airflow/providers/postgres/hooks/postgres.py", line 137, in copy_expert
    cur.copy_expert(sql, file)
psycopg2.errors.UndefinedColumn: column "uuid" of relation "rand_users" does not exist

[2023-11-22T05:07:16.313+0000] {taskinstance.py:1406} INFO - Marking task as FAILED. dag_id=rand_user, task_id=store_user, execution_date=20231122T050508, start_date=20231122T050715, end_date=20231122T050716
[2023-11-22T05:07:16.344+0000] {standard_task_runner.py:105} ERROR - Failed to execute job 604 for task store_user (column "uuid" of relation "rand_users" does not exist
; 4297)
[2023-11-22T05:07:16.377+0000] {local_task_job.py:164} INFO - Task exited with return code 1
[2023-11-22T05:07:16.433+0000] {local_task_job.py:273} INFO - 0 downstream tasks scheduled from follow-on schedule check
