[2023-11-10T04:31:02.053+0000] {taskinstance.py:1165} INFO - Dependencies all met for <TaskInstance: US_population.process_user manual__2023-11-10T04:30:55.118621+00:00 [queued]>
[2023-11-10T04:31:02.063+0000] {taskinstance.py:1165} INFO - Dependencies all met for <TaskInstance: US_population.process_user manual__2023-11-10T04:30:55.118621+00:00 [queued]>
[2023-11-10T04:31:02.063+0000] {taskinstance.py:1362} INFO - 
--------------------------------------------------------------------------------
[2023-11-10T04:31:02.063+0000] {taskinstance.py:1363} INFO - Starting attempt 1 of 3
[2023-11-10T04:31:02.064+0000] {taskinstance.py:1364} INFO - 
--------------------------------------------------------------------------------
[2023-11-10T04:31:02.079+0000] {taskinstance.py:1383} INFO - Executing <Task(PythonOperator): process_user> on 2023-11-10 04:30:55.118621+00:00
[2023-11-10T04:31:02.085+0000] {standard_task_runner.py:55} INFO - Started process 798 to run task
[2023-11-10T04:31:02.090+0000] {standard_task_runner.py:82} INFO - Running: ['***', 'tasks', 'run', 'US_population', 'process_user', 'manual__2023-11-10T04:30:55.118621+00:00', '--job-id', '71', '--raw', '--subdir', 'DAGS_FOLDER/predictions.py', '--cfg-path', '/tmp/tmpadi8db0f']
[2023-11-10T04:31:02.093+0000] {standard_task_runner.py:83} INFO - Job 71: Subtask process_user
[2023-11-10T04:31:02.160+0000] {task_command.py:376} INFO - Running <TaskInstance: US_population.process_user manual__2023-11-10T04:30:55.118621+00:00 [running]> on host 91f7624ceef9
[2023-11-10T04:31:02.236+0000] {taskinstance.py:1592} INFO - Exporting the following env vars:
AIRFLOW_CTX_DAG_OWNER=Gaurav
AIRFLOW_CTX_DAG_ID=US_population
AIRFLOW_CTX_TASK_ID=process_user
AIRFLOW_CTX_EXECUTION_DATE=2023-11-10T04:30:55.118621+00:00
AIRFLOW_CTX_TRY_NUMBER=1
AIRFLOW_CTX_DAG_RUN_ID=manual__2023-11-10T04:30:55.118621+00:00
[2023-11-10T04:31:02.249+0000] {taskinstance.py:1851} ERROR - Task failed with exception
Traceback (most recent call last):
  File "/home/airflow/.local/lib/python3.7/site-packages/airflow/operators/python.py", line 175, in execute
    return_value = self.execute_callable()
  File "/home/airflow/.local/lib/python3.7/site-packages/airflow/operators/python.py", line 193, in execute_callable
    return self.python_callable(*self.op_args, **self.op_kwargs)
  File "/opt/airflow/dags/predictions.py", line 36, in _process_user
    'ID_Nation': user_list['ID Nation'],
KeyError: 'ID Nation'
[2023-11-10T04:31:02.260+0000] {taskinstance.py:1406} INFO - Marking task as UP_FOR_RETRY. dag_id=US_population, task_id=process_user, execution_date=20231110T043055, start_date=20231110T043102, end_date=20231110T043102
[2023-11-10T04:31:02.270+0000] {standard_task_runner.py:105} ERROR - Failed to execute job 71 for task process_user ('ID Nation'; 798)
[2023-11-10T04:31:02.300+0000] {local_task_job.py:164} INFO - Task exited with return code 1
[2023-11-10T04:31:02.328+0000] {local_task_job.py:273} INFO - 0 downstream tasks scheduled from follow-on schedule check
