[2023-11-10T04:32:02.855+0000] {taskinstance.py:1165} INFO - Dependencies all met for <TaskInstance: US_population.process_user manual__2023-11-10T04:30:55.118621+00:00 [queued]>
[2023-11-10T04:32:02.867+0000] {taskinstance.py:1165} INFO - Dependencies all met for <TaskInstance: US_population.process_user manual__2023-11-10T04:30:55.118621+00:00 [queued]>
[2023-11-10T04:32:02.867+0000] {taskinstance.py:1362} INFO - 
--------------------------------------------------------------------------------
[2023-11-10T04:32:02.867+0000] {taskinstance.py:1363} INFO - Starting attempt 2 of 3
[2023-11-10T04:32:02.867+0000] {taskinstance.py:1364} INFO - 
--------------------------------------------------------------------------------
[2023-11-10T04:32:02.882+0000] {taskinstance.py:1383} INFO - Executing <Task(PythonOperator): process_user> on 2023-11-10 04:30:55.118621+00:00
[2023-11-10T04:32:02.889+0000] {standard_task_runner.py:55} INFO - Started process 849 to run task
[2023-11-10T04:32:02.894+0000] {standard_task_runner.py:82} INFO - Running: ['***', 'tasks', 'run', 'US_population', 'process_user', 'manual__2023-11-10T04:30:55.118621+00:00', '--job-id', '73', '--raw', '--subdir', 'DAGS_FOLDER/predictions.py', '--cfg-path', '/tmp/tmpl83dusb4']
[2023-11-10T04:32:02.897+0000] {standard_task_runner.py:83} INFO - Job 73: Subtask process_user
[2023-11-10T04:32:02.957+0000] {task_command.py:376} INFO - Running <TaskInstance: US_population.process_user manual__2023-11-10T04:30:55.118621+00:00 [running]> on host 91f7624ceef9
[2023-11-10T04:32:03.023+0000] {taskinstance.py:1592} INFO - Exporting the following env vars:
AIRFLOW_CTX_DAG_OWNER=Gaurav
AIRFLOW_CTX_DAG_ID=US_population
AIRFLOW_CTX_TASK_ID=process_user
AIRFLOW_CTX_EXECUTION_DATE=2023-11-10T04:30:55.118621+00:00
AIRFLOW_CTX_TRY_NUMBER=2
AIRFLOW_CTX_DAG_RUN_ID=manual__2023-11-10T04:30:55.118621+00:00
[2023-11-10T04:32:03.035+0000] {taskinstance.py:1851} ERROR - Task failed with exception
Traceback (most recent call last):
  File "/home/airflow/.local/lib/python3.7/site-packages/airflow/operators/python.py", line 175, in execute
    return_value = self.execute_callable()
  File "/home/airflow/.local/lib/python3.7/site-packages/airflow/operators/python.py", line 193, in execute_callable
    return self.python_callable(*self.op_args, **self.op_kwargs)
  File "/opt/airflow/dags/predictions.py", line 36, in _process_user
    'ID_Nation': user_list['ID Nation'],
KeyError: 'ID Nation'
[2023-11-10T04:32:03.044+0000] {taskinstance.py:1406} INFO - Marking task as UP_FOR_RETRY. dag_id=US_population, task_id=process_user, execution_date=20231110T043055, start_date=20231110T043202, end_date=20231110T043203
[2023-11-10T04:32:03.055+0000] {standard_task_runner.py:105} ERROR - Failed to execute job 73 for task process_user ('ID Nation'; 849)
[2023-11-10T04:32:03.105+0000] {local_task_job.py:164} INFO - Task exited with return code 1
[2023-11-10T04:32:03.136+0000] {local_task_job.py:273} INFO - 0 downstream tasks scheduled from follow-on schedule check
