[2023-11-14T09:27:37.758+0000] {taskinstance.py:1165} INFO - Dependencies all met for <TaskInstance: rand_user.extract_user manual__2023-11-14T09:27:33.057150+00:00 [queued]>
[2023-11-14T09:27:37.770+0000] {taskinstance.py:1165} INFO - Dependencies all met for <TaskInstance: rand_user.extract_user manual__2023-11-14T09:27:33.057150+00:00 [queued]>
[2023-11-14T09:27:37.770+0000] {taskinstance.py:1362} INFO - 
--------------------------------------------------------------------------------
[2023-11-14T09:27:37.771+0000] {taskinstance.py:1363} INFO - Starting attempt 1 of 3
[2023-11-14T09:27:37.771+0000] {taskinstance.py:1364} INFO - 
--------------------------------------------------------------------------------
[2023-11-14T09:27:37.785+0000] {taskinstance.py:1383} INFO - Executing <Task(SimpleHttpOperator): extract_user> on 2023-11-14 09:27:33.057150+00:00
[2023-11-14T09:27:37.791+0000] {standard_task_runner.py:55} INFO - Started process 438 to run task
[2023-11-14T09:27:37.796+0000] {standard_task_runner.py:82} INFO - Running: ['***', 'tasks', 'run', 'rand_user', 'extract_user', 'manual__2023-11-14T09:27:33.057150+00:00', '--job-id', '424', '--raw', '--subdir', 'DAGS_FOLDER/predictions.py', '--cfg-path', '/tmp/tmpvwct5mpb']
[2023-11-14T09:27:37.799+0000] {standard_task_runner.py:83} INFO - Job 424: Subtask extract_user
[2023-11-14T09:27:37.875+0000] {task_command.py:376} INFO - Running <TaskInstance: rand_user.extract_user manual__2023-11-14T09:27:33.057150+00:00 [running]> on host 91f7624ceef9
[2023-11-14T09:27:37.949+0000] {taskinstance.py:1592} INFO - Exporting the following env vars:
AIRFLOW_CTX_DAG_OWNER=Gaurav
AIRFLOW_CTX_DAG_ID=rand_user
AIRFLOW_CTX_TASK_ID=extract_user
AIRFLOW_CTX_EXECUTION_DATE=2023-11-14T09:27:33.057150+00:00
AIRFLOW_CTX_TRY_NUMBER=1
AIRFLOW_CTX_DAG_RUN_ID=manual__2023-11-14T09:27:33.057150+00:00
[2023-11-14T09:27:37.950+0000] {http.py:121} INFO - Calling HTTP method
[2023-11-14T09:27:37.960+0000] {base.py:71} INFO - Using connection ID 'rand_user' for task execution.
[2023-11-14T09:27:37.962+0000] {http.py:148} INFO - Sending 'GET' to url: https://randomuser.me/api/
[2023-11-14T09:27:38.404+0000] {http.py:125} INFO - {"results":[{"gender":"female","name":{"title":"Miss","first":"Vicky","last":"Phillips"},"location":{"street":{"number":4414,"name":"New Street"},"city":"Exeter","state":"Buckinghamshire","country":"United Kingdom","postcode":"W82 2BB","coordinates":{"latitude":"-6.2643","longitude":"58.8419"},"timezone":{"offset":"+4:00","description":"Abu Dhabi, Muscat, Baku, Tbilisi"}},"email":"vicky.phillips@example.com","login":{"uuid":"fb497750-79e2-4e56-a8a5-530dc215d903","username":"greengoose294","password":"nipples","salt":"M5k4wxiF","md5":"b1dbd2d6fa125103ba3777ac71181584","sha1":"4d95ae75ad9e208de3a69cecf886c6b1f19329a6","sha256":"31d40cef5ab067a335044000d031f8578b77f70f9d5be3dd8441be83853d0f71"},"dob":{"date":"1948-02-28T18:05:55.572Z","age":75},"registered":{"date":"2019-01-01T15:15:06.938Z","age":4},"phone":"015242 04528","cell":"07427 487955","id":{"name":"NINO","value":"WS 30 01 41 W"},"picture":{"large":"https://randomuser.me/api/portraits/women/73.jpg","medium":"https://randomuser.me/api/portraits/med/women/73.jpg","thumbnail":"https://randomuser.me/api/portraits/thumb/women/73.jpg"},"nat":"GB"}],"info":{"seed":"1cd3db6cf6fa15b2","results":1,"page":1,"version":"1.4"}}
[2023-11-14T09:27:38.440+0000] {taskinstance.py:1406} INFO - Marking task as SUCCESS. dag_id=rand_user, task_id=extract_user, execution_date=20231114T092733, start_date=20231114T092737, end_date=20231114T092738
[2023-11-14T09:27:38.489+0000] {local_task_job.py:164} INFO - Task exited with return code 0
[2023-11-14T09:27:38.522+0000] {local_task_job.py:273} INFO - 1 downstream tasks scheduled from follow-on schedule check
