[2023-11-23T07:06:55.866+0000] {taskinstance.py:1165} INFO - Dependencies all met for <TaskInstance: rand_user.extract_user manual__2023-11-23T07:06:49.895601+00:00 [queued]>
[2023-11-23T07:06:55.878+0000] {taskinstance.py:1165} INFO - Dependencies all met for <TaskInstance: rand_user.extract_user manual__2023-11-23T07:06:49.895601+00:00 [queued]>
[2023-11-23T07:06:55.879+0000] {taskinstance.py:1362} INFO - 
--------------------------------------------------------------------------------
[2023-11-23T07:06:55.879+0000] {taskinstance.py:1363} INFO - Starting attempt 1 of 3
[2023-11-23T07:06:55.880+0000] {taskinstance.py:1364} INFO - 
--------------------------------------------------------------------------------
[2023-11-23T07:06:55.895+0000] {taskinstance.py:1383} INFO - Executing <Task(SimpleHttpOperator): extract_user> on 2023-11-23 07:06:49.895601+00:00
[2023-11-23T07:06:55.902+0000] {standard_task_runner.py:55} INFO - Started process 9123 to run task
[2023-11-23T07:06:55.906+0000] {standard_task_runner.py:82} INFO - Running: ['***', 'tasks', 'run', 'rand_user', 'extract_user', 'manual__2023-11-23T07:06:49.895601+00:00', '--job-id', '605', '--raw', '--subdir', 'DAGS_FOLDER/predictions.py', '--cfg-path', '/tmp/tmpt2147pm8']
[2023-11-23T07:06:55.908+0000] {standard_task_runner.py:83} INFO - Job 605: Subtask extract_user
[2023-11-23T07:06:55.981+0000] {task_command.py:376} INFO - Running <TaskInstance: rand_user.extract_user manual__2023-11-23T07:06:49.895601+00:00 [running]> on host f71f95879a41
[2023-11-23T07:06:56.056+0000] {taskinstance.py:1592} INFO - Exporting the following env vars:
AIRFLOW_CTX_DAG_OWNER=Gaurav
AIRFLOW_CTX_DAG_ID=rand_user
AIRFLOW_CTX_TASK_ID=extract_user
AIRFLOW_CTX_EXECUTION_DATE=2023-11-23T07:06:49.895601+00:00
AIRFLOW_CTX_TRY_NUMBER=1
AIRFLOW_CTX_DAG_RUN_ID=manual__2023-11-23T07:06:49.895601+00:00
[2023-11-23T07:06:56.057+0000] {http.py:121} INFO - Calling HTTP method
[2023-11-23T07:06:56.069+0000] {base.py:71} INFO - Using connection ID 'rand_user_api' for task execution.
[2023-11-23T07:06:56.071+0000] {http.py:148} INFO - Sending 'GET' to url: https://randomuser.me/api/
[2023-11-23T07:06:56.637+0000] {http.py:125} INFO - {"results":[{"gender":"male","name":{"title":"Mr","first":"Kirk","last":"Young"},"location":{"street":{"number":2596,"name":"Oak Ridge Ln"},"city":"Warragul","state":"Northern Territory","country":"Australia","postcode":1350,"coordinates":{"latitude":"-86.3022","longitude":"-90.9948"},"timezone":{"offset":"-8:00","description":"Pacific Time (US & Canada)"}},"email":"kirk.young@example.com","login":{"uuid":"9f249f5e-469a-49bd-b85f-24ab95551531","username":"greenzebra267","password":"leanne","salt":"ryMMJU1R","md5":"c6282b1b53255b8c1832079473598a26","sha1":"0fb01d84fa1e2d81c8439ff35350a5fb0e45ef05","sha256":"ffb63e5da997c6f603f7e8017d9f4703dee0442730c14bfaed792b1ff0728b91"},"dob":{"date":"1961-07-08T16:54:59.882Z","age":62},"registered":{"date":"2014-11-27T01:29:21.623Z","age":8},"phone":"05-3330-3200","cell":"0417-356-943","id":{"name":"TFN","value":"838840569"},"picture":{"large":"https://randomuser.me/api/portraits/men/74.jpg","medium":"https://randomuser.me/api/portraits/med/men/74.jpg","thumbnail":"https://randomuser.me/api/portraits/thumb/men/74.jpg"},"nat":"AU"}],"info":{"seed":"b0494c31fe5d1225","results":1,"page":1,"version":"1.4"}}
[2023-11-23T07:06:56.673+0000] {taskinstance.py:1406} INFO - Marking task as SUCCESS. dag_id=rand_user, task_id=extract_user, execution_date=20231123T070649, start_date=20231123T070655, end_date=20231123T070656
[2023-11-23T07:06:56.722+0000] {local_task_job.py:164} INFO - Task exited with return code 0
[2023-11-23T07:06:56.773+0000] {local_task_job.py:273} INFO - 1 downstream tasks scheduled from follow-on schedule check
