[2023-11-23T05:32:12.038+0000] {taskinstance.py:1165} INFO - Dependencies all met for <TaskInstance: rand_user.process_user manual__2023-11-23T05:32:05.821040+00:00 [queued]>
[2023-11-23T05:32:12.050+0000] {taskinstance.py:1165} INFO - Dependencies all met for <TaskInstance: rand_user.process_user manual__2023-11-23T05:32:05.821040+00:00 [queued]>
[2023-11-23T05:32:12.051+0000] {taskinstance.py:1362} INFO - 
--------------------------------------------------------------------------------
[2023-11-23T05:32:12.051+0000] {taskinstance.py:1363} INFO - Starting attempt 1 of 3
[2023-11-23T05:32:12.051+0000] {taskinstance.py:1364} INFO - 
--------------------------------------------------------------------------------
[2023-11-23T05:32:12.068+0000] {taskinstance.py:1383} INFO - Executing <Task(PythonOperator): process_user> on 2023-11-23 05:32:05.821040+00:00
[2023-11-23T05:32:12.075+0000] {standard_task_runner.py:55} INFO - Started process 4067 to run task
[2023-11-23T05:32:12.080+0000] {standard_task_runner.py:82} INFO - Running: ['***', 'tasks', 'run', 'rand_user', 'process_user', 'manual__2023-11-23T05:32:05.821040+00:00', '--job-id', '395', '--raw', '--subdir', 'DAGS_FOLDER/predictions.py', '--cfg-path', '/tmp/tmprtmbmjmg']
[2023-11-23T05:32:12.083+0000] {standard_task_runner.py:83} INFO - Job 395: Subtask process_user
[2023-11-23T05:32:12.167+0000] {task_command.py:376} INFO - Running <TaskInstance: rand_user.process_user manual__2023-11-23T05:32:05.821040+00:00 [running]> on host f71f95879a41
[2023-11-23T05:32:12.245+0000] {taskinstance.py:1592} INFO - Exporting the following env vars:
AIRFLOW_CTX_DAG_OWNER=Gaurav
AIRFLOW_CTX_DAG_ID=rand_user
AIRFLOW_CTX_TASK_ID=process_user
AIRFLOW_CTX_EXECUTION_DATE=2023-11-23T05:32:05.821040+00:00
AIRFLOW_CTX_TRY_NUMBER=1
AIRFLOW_CTX_DAG_RUN_ID=manual__2023-11-23T05:32:05.821040+00:00
[2023-11-23T05:32:12.266+0000] {python.py:177} INFO - Done. Returned value was: None
[2023-11-23T05:32:12.277+0000] {taskinstance.py:1406} INFO - Marking task as SUCCESS. dag_id=rand_user, task_id=process_user, execution_date=20231123T053205, start_date=20231123T053212, end_date=20231123T053212
[2023-11-23T05:32:12.330+0000] {local_task_job.py:164} INFO - Task exited with return code 0
[2023-11-23T05:32:12.379+0000] {local_task_job.py:273} INFO - 1 downstream tasks scheduled from follow-on schedule check
