[2023-11-13T09:57:32.696+0000] {taskinstance.py:1165} INFO - Dependencies all met for <TaskInstance: rand_user.process_user manual__2023-11-13T09:57:24.332327+00:00 [queued]>
[2023-11-13T09:57:32.706+0000] {taskinstance.py:1165} INFO - Dependencies all met for <TaskInstance: rand_user.process_user manual__2023-11-13T09:57:24.332327+00:00 [queued]>
[2023-11-13T09:57:32.706+0000] {taskinstance.py:1362} INFO - 
--------------------------------------------------------------------------------
[2023-11-13T09:57:32.707+0000] {taskinstance.py:1363} INFO - Starting attempt 1 of 3
[2023-11-13T09:57:32.707+0000] {taskinstance.py:1364} INFO - 
--------------------------------------------------------------------------------
[2023-11-13T09:57:32.723+0000] {taskinstance.py:1383} INFO - Executing <Task(PythonOperator): process_user> on 2023-11-13 09:57:24.332327+00:00
[2023-11-13T09:57:32.728+0000] {standard_task_runner.py:55} INFO - Started process 690 to run task
[2023-11-13T09:57:32.733+0000] {standard_task_runner.py:82} INFO - Running: ['***', 'tasks', 'run', 'rand_user', 'process_user', 'manual__2023-11-13T09:57:24.332327+00:00', '--job-id', '354', '--raw', '--subdir', 'DAGS_FOLDER/predictions.py', '--cfg-path', '/tmp/tmpiambf0_y']
[2023-11-13T09:57:32.735+0000] {standard_task_runner.py:83} INFO - Job 354: Subtask process_user
[2023-11-13T09:57:32.801+0000] {task_command.py:376} INFO - Running <TaskInstance: rand_user.process_user manual__2023-11-13T09:57:24.332327+00:00 [running]> on host 91f7624ceef9
[2023-11-13T09:57:32.887+0000] {taskinstance.py:1592} INFO - Exporting the following env vars:
AIRFLOW_CTX_DAG_OWNER=Gaurav
AIRFLOW_CTX_DAG_ID=rand_user
AIRFLOW_CTX_TASK_ID=process_user
AIRFLOW_CTX_EXECUTION_DATE=2023-11-13T09:57:24.332327+00:00
AIRFLOW_CTX_TRY_NUMBER=1
AIRFLOW_CTX_DAG_RUN_ID=manual__2023-11-13T09:57:24.332327+00:00
[2023-11-13T09:57:32.913+0000] {python.py:177} INFO - Done. Returned value was: None
[2023-11-13T09:57:32.925+0000] {taskinstance.py:1406} INFO - Marking task as SUCCESS. dag_id=rand_user, task_id=process_user, execution_date=20231113T095724, start_date=20231113T095732, end_date=20231113T095732
[2023-11-13T09:57:32.985+0000] {local_task_job.py:164} INFO - Task exited with return code 0
[2023-11-13T09:57:33.046+0000] {local_task_job.py:273} INFO - 1 downstream tasks scheduled from follow-on schedule check
