[2023-11-23T04:48:12.789+0000] {taskinstance.py:1165} INFO - Dependencies all met for <TaskInstance: Data_transfer.store_user scheduled__2023-11-23T04:18:04.853042+00:00 [queued]>
[2023-11-23T04:48:12.801+0000] {taskinstance.py:1165} INFO - Dependencies all met for <TaskInstance: Data_transfer.store_user scheduled__2023-11-23T04:18:04.853042+00:00 [queued]>
[2023-11-23T04:48:12.801+0000] {taskinstance.py:1362} INFO - 
--------------------------------------------------------------------------------
[2023-11-23T04:48:12.801+0000] {taskinstance.py:1363} INFO - Starting attempt 1 of 3
[2023-11-23T04:48:12.802+0000] {taskinstance.py:1364} INFO - 
--------------------------------------------------------------------------------
[2023-11-23T04:48:12.816+0000] {taskinstance.py:1383} INFO - Executing <Task(PythonOperator): store_user> on 2023-11-23 04:18:04.853042+00:00
[2023-11-23T04:48:12.822+0000] {standard_task_runner.py:55} INFO - Started process 1713 to run task
[2023-11-23T04:48:12.826+0000] {standard_task_runner.py:82} INFO - Running: ['***', 'tasks', 'run', 'Data_transfer', 'store_user', 'scheduled__2023-11-23T04:18:04.853042+00:00', '--job-id', '297', '--raw', '--subdir', 'DAGS_FOLDER/data_transfer.py', '--cfg-path', '/tmp/tmpaa8tvqdz']
[2023-11-23T04:48:12.828+0000] {standard_task_runner.py:83} INFO - Job 297: Subtask store_user
[2023-11-23T04:48:12.891+0000] {task_command.py:376} INFO - Running <TaskInstance: Data_transfer.store_user scheduled__2023-11-23T04:18:04.853042+00:00 [running]> on host f71f95879a41
[2023-11-23T04:48:12.963+0000] {taskinstance.py:1592} INFO - Exporting the following env vars:
AIRFLOW_CTX_DAG_OWNER=Gaurav
AIRFLOW_CTX_DAG_ID=Data_transfer
AIRFLOW_CTX_TASK_ID=store_user
AIRFLOW_CTX_EXECUTION_DATE=2023-11-23T04:18:04.853042+00:00
AIRFLOW_CTX_TRY_NUMBER=1
AIRFLOW_CTX_DAG_RUN_ID=scheduled__2023-11-23T04:18:04.853042+00:00
[2023-11-23T04:48:12.964+0000] {postgres.py:129} INFO - Running copy expert: COPY table1_users FROM stdin WITH DELIMITER as ',', filename: /tmp/rand_processed_user.csv
[2023-11-23T04:48:12.973+0000] {base.py:71} INFO - Using connection ID 'postgres' for task execution.
[2023-11-23T04:48:12.979+0000] {python.py:177} INFO - Done. Returned value was: None
[2023-11-23T04:48:12.989+0000] {taskinstance.py:1406} INFO - Marking task as SUCCESS. dag_id=Data_transfer, task_id=store_user, execution_date=20231123T041804, start_date=20231123T044812, end_date=20231123T044812
[2023-11-23T04:48:13.037+0000] {local_task_job.py:164} INFO - Task exited with return code 0
[2023-11-23T04:48:13.071+0000] {local_task_job.py:273} INFO - 1 downstream tasks scheduled from follow-on schedule check
