[2023-11-13T09:43:02.289+0000] {processor.py:154} INFO - Started process (PID=46) to work on /opt/airflow/dags/predictions.py
[2023-11-13T09:43:02.291+0000] {processor.py:756} INFO - Processing file /opt/airflow/dags/predictions.py for tasks to queue
[2023-11-13T09:43:02.294+0000] {logging_mixin.py:120} INFO - [2023-11-13T09:43:02.294+0000] {dagbag.py:537} INFO - Filling up the DagBag from /opt/airflow/dags/predictions.py
[2023-11-13T09:43:03.107+0000] {processor.py:766} INFO - DAG(s) dict_keys(['rand_user']) retrieved from /opt/airflow/dags/predictions.py
[2023-11-13T09:43:03.359+0000] {logging_mixin.py:120} INFO - [2023-11-13T09:43:03.359+0000] {dag.py:2585} INFO - Sync 1 DAGs
[2023-11-13T09:43:03.397+0000] {logging_mixin.py:120} INFO - [2023-11-13T09:43:03.396+0000] {dag.py:3340} INFO - Setting next_dagrun for rand_user to 2023-11-13T00:00:00+00:00, run_after=2023-11-14T00:00:00+00:00
[2023-11-13T09:43:03.427+0000] {processor.py:176} INFO - Processing /opt/airflow/dags/predictions.py took 1.146 seconds
[2023-11-13T09:43:33.546+0000] {processor.py:154} INFO - Started process (PID=70) to work on /opt/airflow/dags/predictions.py
[2023-11-13T09:43:33.547+0000] {processor.py:756} INFO - Processing file /opt/airflow/dags/predictions.py for tasks to queue
[2023-11-13T09:43:33.548+0000] {logging_mixin.py:120} INFO - [2023-11-13T09:43:33.548+0000] {dagbag.py:537} INFO - Filling up the DagBag from /opt/airflow/dags/predictions.py
[2023-11-13T09:43:33.811+0000] {processor.py:766} INFO - DAG(s) dict_keys(['rand_user']) retrieved from /opt/airflow/dags/predictions.py
[2023-11-13T09:43:34.032+0000] {logging_mixin.py:120} INFO - [2023-11-13T09:43:34.032+0000] {dag.py:2585} INFO - Sync 1 DAGs
[2023-11-13T09:43:34.076+0000] {logging_mixin.py:120} INFO - [2023-11-13T09:43:34.076+0000] {dag.py:3340} INFO - Setting next_dagrun for rand_user to 2023-11-13T00:00:00+00:00, run_after=2023-11-14T00:00:00+00:00
[2023-11-13T09:43:34.098+0000] {processor.py:176} INFO - Processing /opt/airflow/dags/predictions.py took 0.555 seconds
[2023-11-13T09:44:04.235+0000] {processor.py:154} INFO - Started process (PID=99) to work on /opt/airflow/dags/predictions.py
[2023-11-13T09:44:04.236+0000] {processor.py:756} INFO - Processing file /opt/airflow/dags/predictions.py for tasks to queue
[2023-11-13T09:44:04.237+0000] {logging_mixin.py:120} INFO - [2023-11-13T09:44:04.237+0000] {dagbag.py:537} INFO - Filling up the DagBag from /opt/airflow/dags/predictions.py
[2023-11-13T09:44:04.496+0000] {processor.py:766} INFO - DAG(s) dict_keys(['rand_user']) retrieved from /opt/airflow/dags/predictions.py
[2023-11-13T09:44:04.653+0000] {logging_mixin.py:120} INFO - [2023-11-13T09:44:04.653+0000] {dag.py:2585} INFO - Sync 1 DAGs
[2023-11-13T09:44:04.679+0000] {logging_mixin.py:120} INFO - [2023-11-13T09:44:04.679+0000] {dag.py:3340} INFO - Setting next_dagrun for rand_user to 2023-11-13T00:00:00+00:00, run_after=2023-11-14T00:00:00+00:00
[2023-11-13T09:44:04.708+0000] {processor.py:176} INFO - Processing /opt/airflow/dags/predictions.py took 0.477 seconds
[2023-11-13T09:44:34.763+0000] {processor.py:154} INFO - Started process (PID=128) to work on /opt/airflow/dags/predictions.py
[2023-11-13T09:44:34.764+0000] {processor.py:756} INFO - Processing file /opt/airflow/dags/predictions.py for tasks to queue
[2023-11-13T09:44:34.766+0000] {logging_mixin.py:120} INFO - [2023-11-13T09:44:34.765+0000] {dagbag.py:537} INFO - Filling up the DagBag from /opt/airflow/dags/predictions.py
[2023-11-13T09:44:35.022+0000] {processor.py:766} INFO - DAG(s) dict_keys(['rand_user']) retrieved from /opt/airflow/dags/predictions.py
[2023-11-13T09:44:35.180+0000] {logging_mixin.py:120} INFO - [2023-11-13T09:44:35.179+0000] {dag.py:2585} INFO - Sync 1 DAGs
[2023-11-13T09:44:35.206+0000] {logging_mixin.py:120} INFO - [2023-11-13T09:44:35.205+0000] {dag.py:3340} INFO - Setting next_dagrun for rand_user to 2023-11-13T00:00:00+00:00, run_after=2023-11-14T00:00:00+00:00
[2023-11-13T09:44:35.237+0000] {processor.py:176} INFO - Processing /opt/airflow/dags/predictions.py took 0.476 seconds
[2023-11-13T09:45:05.373+0000] {processor.py:154} INFO - Started process (PID=148) to work on /opt/airflow/dags/predictions.py
[2023-11-13T09:45:05.374+0000] {processor.py:756} INFO - Processing file /opt/airflow/dags/predictions.py for tasks to queue
[2023-11-13T09:45:05.375+0000] {logging_mixin.py:120} INFO - [2023-11-13T09:45:05.375+0000] {dagbag.py:537} INFO - Filling up the DagBag from /opt/airflow/dags/predictions.py
[2023-11-13T09:45:05.921+0000] {processor.py:766} INFO - DAG(s) dict_keys(['rand_user']) retrieved from /opt/airflow/dags/predictions.py
[2023-11-13T09:45:06.301+0000] {logging_mixin.py:120} INFO - [2023-11-13T09:45:06.300+0000] {dag.py:2585} INFO - Sync 1 DAGs
[2023-11-13T09:45:06.366+0000] {logging_mixin.py:120} INFO - [2023-11-13T09:45:06.365+0000] {dag.py:3340} INFO - Setting next_dagrun for rand_user to 2023-11-13T00:00:00+00:00, run_after=2023-11-14T00:00:00+00:00
[2023-11-13T09:45:06.410+0000] {processor.py:176} INFO - Processing /opt/airflow/dags/predictions.py took 1.042 seconds
[2023-11-13T09:45:36.506+0000] {processor.py:154} INFO - Started process (PID=177) to work on /opt/airflow/dags/predictions.py
[2023-11-13T09:45:36.507+0000] {processor.py:756} INFO - Processing file /opt/airflow/dags/predictions.py for tasks to queue
[2023-11-13T09:45:36.508+0000] {logging_mixin.py:120} INFO - [2023-11-13T09:45:36.508+0000] {dagbag.py:537} INFO - Filling up the DagBag from /opt/airflow/dags/predictions.py
[2023-11-13T09:45:36.772+0000] {processor.py:766} INFO - DAG(s) dict_keys(['rand_user']) retrieved from /opt/airflow/dags/predictions.py
[2023-11-13T09:45:36.944+0000] {logging_mixin.py:120} INFO - [2023-11-13T09:45:36.944+0000] {dag.py:2585} INFO - Sync 1 DAGs
[2023-11-13T09:45:36.972+0000] {logging_mixin.py:120} INFO - [2023-11-13T09:45:36.972+0000] {dag.py:3340} INFO - Setting next_dagrun for rand_user to 2023-11-13T00:00:00+00:00, run_after=2023-11-14T00:00:00+00:00
[2023-11-13T09:45:36.995+0000] {processor.py:176} INFO - Processing /opt/airflow/dags/predictions.py took 0.492 seconds
[2023-11-13T09:46:07.162+0000] {processor.py:154} INFO - Started process (PID=231) to work on /opt/airflow/dags/predictions.py
[2023-11-13T09:46:07.164+0000] {processor.py:756} INFO - Processing file /opt/airflow/dags/predictions.py for tasks to queue
[2023-11-13T09:46:07.167+0000] {logging_mixin.py:120} INFO - [2023-11-13T09:46:07.166+0000] {dagbag.py:537} INFO - Filling up the DagBag from /opt/airflow/dags/predictions.py
[2023-11-13T09:46:07.835+0000] {processor.py:766} INFO - DAG(s) dict_keys(['rand_user']) retrieved from /opt/airflow/dags/predictions.py
[2023-11-13T09:46:08.323+0000] {logging_mixin.py:120} INFO - [2023-11-13T09:46:08.322+0000] {dag.py:2585} INFO - Sync 1 DAGs
[2023-11-13T09:46:08.409+0000] {logging_mixin.py:120} INFO - [2023-11-13T09:46:08.408+0000] {dag.py:3340} INFO - Setting next_dagrun for rand_user to 2023-11-13T00:00:00+00:00, run_after=2023-11-14T00:00:00+00:00
[2023-11-13T09:46:08.483+0000] {processor.py:176} INFO - Processing /opt/airflow/dags/predictions.py took 1.329 seconds
[2023-11-13T09:46:38.607+0000] {processor.py:154} INFO - Started process (PID=256) to work on /opt/airflow/dags/predictions.py
[2023-11-13T09:46:38.608+0000] {processor.py:756} INFO - Processing file /opt/airflow/dags/predictions.py for tasks to queue
[2023-11-13T09:46:38.610+0000] {logging_mixin.py:120} INFO - [2023-11-13T09:46:38.609+0000] {dagbag.py:537} INFO - Filling up the DagBag from /opt/airflow/dags/predictions.py
[2023-11-13T09:46:38.889+0000] {processor.py:766} INFO - DAG(s) dict_keys(['rand_user']) retrieved from /opt/airflow/dags/predictions.py
[2023-11-13T09:46:39.064+0000] {logging_mixin.py:120} INFO - [2023-11-13T09:46:39.064+0000] {dag.py:2585} INFO - Sync 1 DAGs
[2023-11-13T09:46:39.093+0000] {logging_mixin.py:120} INFO - [2023-11-13T09:46:39.093+0000] {dag.py:3340} INFO - Setting next_dagrun for rand_user to 2023-11-13T00:00:00+00:00, run_after=2023-11-14T00:00:00+00:00
[2023-11-13T09:46:39.126+0000] {processor.py:176} INFO - Processing /opt/airflow/dags/predictions.py took 0.522 seconds
[2023-11-13T09:47:09.262+0000] {processor.py:154} INFO - Started process (PID=284) to work on /opt/airflow/dags/predictions.py
[2023-11-13T09:47:09.264+0000] {processor.py:756} INFO - Processing file /opt/airflow/dags/predictions.py for tasks to queue
[2023-11-13T09:47:09.266+0000] {logging_mixin.py:120} INFO - [2023-11-13T09:47:09.266+0000] {dagbag.py:537} INFO - Filling up the DagBag from /opt/airflow/dags/predictions.py
[2023-11-13T09:47:09.531+0000] {processor.py:766} INFO - DAG(s) dict_keys(['rand_user']) retrieved from /opt/airflow/dags/predictions.py
[2023-11-13T09:47:09.705+0000] {logging_mixin.py:120} INFO - [2023-11-13T09:47:09.705+0000] {dag.py:2585} INFO - Sync 1 DAGs
[2023-11-13T09:47:09.735+0000] {logging_mixin.py:120} INFO - [2023-11-13T09:47:09.735+0000] {dag.py:3340} INFO - Setting next_dagrun for rand_user to 2023-11-13T00:00:00+00:00, run_after=2023-11-14T00:00:00+00:00
[2023-11-13T09:47:09.764+0000] {processor.py:176} INFO - Processing /opt/airflow/dags/predictions.py took 0.505 seconds
[2023-11-13T09:47:39.832+0000] {processor.py:154} INFO - Started process (PID=313) to work on /opt/airflow/dags/predictions.py
[2023-11-13T09:47:39.833+0000] {processor.py:756} INFO - Processing file /opt/airflow/dags/predictions.py for tasks to queue
[2023-11-13T09:47:39.834+0000] {logging_mixin.py:120} INFO - [2023-11-13T09:47:39.834+0000] {dagbag.py:537} INFO - Filling up the DagBag from /opt/airflow/dags/predictions.py
[2023-11-13T09:47:40.106+0000] {processor.py:766} INFO - DAG(s) dict_keys(['rand_user']) retrieved from /opt/airflow/dags/predictions.py
[2023-11-13T09:47:40.284+0000] {logging_mixin.py:120} INFO - [2023-11-13T09:47:40.283+0000] {dag.py:2585} INFO - Sync 1 DAGs
[2023-11-13T09:47:40.318+0000] {logging_mixin.py:120} INFO - [2023-11-13T09:47:40.318+0000] {dag.py:3340} INFO - Setting next_dagrun for rand_user to 2023-11-13T00:00:00+00:00, run_after=2023-11-14T00:00:00+00:00
[2023-11-13T09:47:40.348+0000] {processor.py:176} INFO - Processing /opt/airflow/dags/predictions.py took 0.520 seconds
[2023-11-13T09:48:10.491+0000] {processor.py:154} INFO - Started process (PID=342) to work on /opt/airflow/dags/predictions.py
[2023-11-13T09:48:10.492+0000] {processor.py:756} INFO - Processing file /opt/airflow/dags/predictions.py for tasks to queue
[2023-11-13T09:48:10.494+0000] {logging_mixin.py:120} INFO - [2023-11-13T09:48:10.493+0000] {dagbag.py:537} INFO - Filling up the DagBag from /opt/airflow/dags/predictions.py
[2023-11-13T09:48:10.757+0000] {processor.py:766} INFO - DAG(s) dict_keys(['rand_user']) retrieved from /opt/airflow/dags/predictions.py
[2023-11-13T09:48:10.920+0000] {logging_mixin.py:120} INFO - [2023-11-13T09:48:10.919+0000] {dag.py:2585} INFO - Sync 1 DAGs
[2023-11-13T09:48:10.945+0000] {logging_mixin.py:120} INFO - [2023-11-13T09:48:10.945+0000] {dag.py:3340} INFO - Setting next_dagrun for rand_user to 2023-11-13T00:00:00+00:00, run_after=2023-11-14T00:00:00+00:00
[2023-11-13T09:48:10.974+0000] {processor.py:176} INFO - Processing /opt/airflow/dags/predictions.py took 0.486 seconds
[2023-11-13T09:48:41.114+0000] {processor.py:154} INFO - Started process (PID=362) to work on /opt/airflow/dags/predictions.py
[2023-11-13T09:48:41.115+0000] {processor.py:756} INFO - Processing file /opt/airflow/dags/predictions.py for tasks to queue
[2023-11-13T09:48:41.117+0000] {logging_mixin.py:120} INFO - [2023-11-13T09:48:41.116+0000] {dagbag.py:537} INFO - Filling up the DagBag from /opt/airflow/dags/predictions.py
[2023-11-13T09:48:41.390+0000] {processor.py:766} INFO - DAG(s) dict_keys(['rand_user']) retrieved from /opt/airflow/dags/predictions.py
[2023-11-13T09:48:41.548+0000] {logging_mixin.py:120} INFO - [2023-11-13T09:48:41.548+0000] {dag.py:2585} INFO - Sync 1 DAGs
[2023-11-13T09:48:41.577+0000] {logging_mixin.py:120} INFO - [2023-11-13T09:48:41.577+0000] {dag.py:3340} INFO - Setting next_dagrun for rand_user to 2023-11-13T00:00:00+00:00, run_after=2023-11-14T00:00:00+00:00
[2023-11-13T09:48:41.609+0000] {processor.py:176} INFO - Processing /opt/airflow/dags/predictions.py took 0.499 seconds
[2023-11-13T09:49:11.742+0000] {processor.py:154} INFO - Started process (PID=391) to work on /opt/airflow/dags/predictions.py
[2023-11-13T09:49:11.743+0000] {processor.py:756} INFO - Processing file /opt/airflow/dags/predictions.py for tasks to queue
[2023-11-13T09:49:11.744+0000] {logging_mixin.py:120} INFO - [2023-11-13T09:49:11.744+0000] {dagbag.py:537} INFO - Filling up the DagBag from /opt/airflow/dags/predictions.py
[2023-11-13T09:49:12.059+0000] {processor.py:766} INFO - DAG(s) dict_keys(['rand_user']) retrieved from /opt/airflow/dags/predictions.py
[2023-11-13T09:49:12.225+0000] {logging_mixin.py:120} INFO - [2023-11-13T09:49:12.225+0000] {dag.py:2585} INFO - Sync 1 DAGs
[2023-11-13T09:49:12.258+0000] {logging_mixin.py:120} INFO - [2023-11-13T09:49:12.257+0000] {dag.py:3340} INFO - Setting next_dagrun for rand_user to 2023-11-13T00:00:00+00:00, run_after=2023-11-14T00:00:00+00:00
[2023-11-13T09:49:12.280+0000] {processor.py:176} INFO - Processing /opt/airflow/dags/predictions.py took 0.542 seconds
[2023-11-13T09:49:42.346+0000] {processor.py:154} INFO - Started process (PID=420) to work on /opt/airflow/dags/predictions.py
[2023-11-13T09:49:42.347+0000] {processor.py:756} INFO - Processing file /opt/airflow/dags/predictions.py for tasks to queue
[2023-11-13T09:49:42.349+0000] {logging_mixin.py:120} INFO - [2023-11-13T09:49:42.348+0000] {dagbag.py:537} INFO - Filling up the DagBag from /opt/airflow/dags/predictions.py
[2023-11-13T09:49:42.633+0000] {processor.py:766} INFO - DAG(s) dict_keys(['rand_user']) retrieved from /opt/airflow/dags/predictions.py
[2023-11-13T09:49:42.793+0000] {logging_mixin.py:120} INFO - [2023-11-13T09:49:42.792+0000] {dag.py:2585} INFO - Sync 1 DAGs
[2023-11-13T09:49:42.820+0000] {logging_mixin.py:120} INFO - [2023-11-13T09:49:42.820+0000] {dag.py:3340} INFO - Setting next_dagrun for rand_user to 2023-11-13T00:00:00+00:00, run_after=2023-11-14T00:00:00+00:00
[2023-11-13T09:49:42.852+0000] {processor.py:176} INFO - Processing /opt/airflow/dags/predictions.py took 0.509 seconds
[2023-11-13T09:50:12.986+0000] {processor.py:154} INFO - Started process (PID=449) to work on /opt/airflow/dags/predictions.py
[2023-11-13T09:50:12.987+0000] {processor.py:756} INFO - Processing file /opt/airflow/dags/predictions.py for tasks to queue
[2023-11-13T09:50:12.990+0000] {logging_mixin.py:120} INFO - [2023-11-13T09:50:12.989+0000] {dagbag.py:537} INFO - Filling up the DagBag from /opt/airflow/dags/predictions.py
[2023-11-13T09:50:13.370+0000] {processor.py:766} INFO - DAG(s) dict_keys(['rand_user']) retrieved from /opt/airflow/dags/predictions.py
[2023-11-13T09:50:13.550+0000] {logging_mixin.py:120} INFO - [2023-11-13T09:50:13.549+0000] {dag.py:2585} INFO - Sync 1 DAGs
[2023-11-13T09:50:13.578+0000] {logging_mixin.py:120} INFO - [2023-11-13T09:50:13.578+0000] {dag.py:3340} INFO - Setting next_dagrun for rand_user to 2023-11-13T00:00:00+00:00, run_after=2023-11-14T00:00:00+00:00
[2023-11-13T09:50:13.598+0000] {processor.py:176} INFO - Processing /opt/airflow/dags/predictions.py took 0.616 seconds
[2023-11-13T09:50:43.620+0000] {processor.py:154} INFO - Started process (PID=469) to work on /opt/airflow/dags/predictions.py
[2023-11-13T09:50:43.621+0000] {processor.py:756} INFO - Processing file /opt/airflow/dags/predictions.py for tasks to queue
[2023-11-13T09:50:43.622+0000] {logging_mixin.py:120} INFO - [2023-11-13T09:50:43.622+0000] {dagbag.py:537} INFO - Filling up the DagBag from /opt/airflow/dags/predictions.py
[2023-11-13T09:50:43.897+0000] {processor.py:766} INFO - DAG(s) dict_keys(['rand_user']) retrieved from /opt/airflow/dags/predictions.py
[2023-11-13T09:50:44.066+0000] {logging_mixin.py:120} INFO - [2023-11-13T09:50:44.065+0000] {dag.py:2585} INFO - Sync 1 DAGs
[2023-11-13T09:50:44.096+0000] {logging_mixin.py:120} INFO - [2023-11-13T09:50:44.096+0000] {dag.py:3340} INFO - Setting next_dagrun for rand_user to 2023-11-13T00:00:00+00:00, run_after=2023-11-14T00:00:00+00:00
[2023-11-13T09:50:44.129+0000] {processor.py:176} INFO - Processing /opt/airflow/dags/predictions.py took 0.512 seconds
[2023-11-13T09:51:14.257+0000] {processor.py:154} INFO - Started process (PID=499) to work on /opt/airflow/dags/predictions.py
[2023-11-13T09:51:14.259+0000] {processor.py:756} INFO - Processing file /opt/airflow/dags/predictions.py for tasks to queue
[2023-11-13T09:51:14.260+0000] {logging_mixin.py:120} INFO - [2023-11-13T09:51:14.260+0000] {dagbag.py:537} INFO - Filling up the DagBag from /opt/airflow/dags/predictions.py
[2023-11-13T09:51:14.581+0000] {processor.py:766} INFO - DAG(s) dict_keys(['rand_user']) retrieved from /opt/airflow/dags/predictions.py
[2023-11-13T09:51:14.744+0000] {logging_mixin.py:120} INFO - [2023-11-13T09:51:14.743+0000] {dag.py:2585} INFO - Sync 1 DAGs
[2023-11-13T09:51:14.774+0000] {logging_mixin.py:120} INFO - [2023-11-13T09:51:14.774+0000] {dag.py:3340} INFO - Setting next_dagrun for rand_user to 2023-11-13T00:00:00+00:00, run_after=2023-11-14T00:00:00+00:00
[2023-11-13T09:51:14.793+0000] {processor.py:176} INFO - Processing /opt/airflow/dags/predictions.py took 0.541 seconds
[2023-11-13T09:51:44.935+0000] {processor.py:154} INFO - Started process (PID=528) to work on /opt/airflow/dags/predictions.py
[2023-11-13T09:51:44.936+0000] {processor.py:756} INFO - Processing file /opt/airflow/dags/predictions.py for tasks to queue
[2023-11-13T09:51:44.938+0000] {logging_mixin.py:120} INFO - [2023-11-13T09:51:44.937+0000] {dagbag.py:537} INFO - Filling up the DagBag from /opt/airflow/dags/predictions.py
[2023-11-13T09:51:45.195+0000] {processor.py:766} INFO - DAG(s) dict_keys(['rand_user']) retrieved from /opt/airflow/dags/predictions.py
[2023-11-13T09:51:45.353+0000] {logging_mixin.py:120} INFO - [2023-11-13T09:51:45.353+0000] {dag.py:2585} INFO - Sync 1 DAGs
[2023-11-13T09:51:45.381+0000] {logging_mixin.py:120} INFO - [2023-11-13T09:51:45.381+0000] {dag.py:3340} INFO - Setting next_dagrun for rand_user to 2023-11-13T00:00:00+00:00, run_after=2023-11-14T00:00:00+00:00
[2023-11-13T09:51:45.399+0000] {processor.py:176} INFO - Processing /opt/airflow/dags/predictions.py took 0.467 seconds
[2023-11-13T09:52:15.474+0000] {processor.py:154} INFO - Started process (PID=548) to work on /opt/airflow/dags/predictions.py
[2023-11-13T09:52:15.476+0000] {processor.py:756} INFO - Processing file /opt/airflow/dags/predictions.py for tasks to queue
[2023-11-13T09:52:15.477+0000] {logging_mixin.py:120} INFO - [2023-11-13T09:52:15.477+0000] {dagbag.py:537} INFO - Filling up the DagBag from /opt/airflow/dags/predictions.py
[2023-11-13T09:52:15.869+0000] {processor.py:766} INFO - DAG(s) dict_keys(['rand_user']) retrieved from /opt/airflow/dags/predictions.py
[2023-11-13T09:52:16.215+0000] {logging_mixin.py:120} INFO - [2023-11-13T09:52:16.215+0000] {dag.py:2585} INFO - Sync 1 DAGs
[2023-11-13T09:52:16.265+0000] {logging_mixin.py:120} INFO - [2023-11-13T09:52:16.265+0000] {dag.py:3340} INFO - Setting next_dagrun for rand_user to 2023-11-13T00:00:00+00:00, run_after=2023-11-14T00:00:00+00:00
[2023-11-13T09:52:16.303+0000] {processor.py:176} INFO - Processing /opt/airflow/dags/predictions.py took 0.832 seconds
[2023-11-13T09:52:46.440+0000] {processor.py:154} INFO - Started process (PID=577) to work on /opt/airflow/dags/predictions.py
[2023-11-13T09:52:46.441+0000] {processor.py:756} INFO - Processing file /opt/airflow/dags/predictions.py for tasks to queue
[2023-11-13T09:52:46.443+0000] {logging_mixin.py:120} INFO - [2023-11-13T09:52:46.442+0000] {dagbag.py:537} INFO - Filling up the DagBag from /opt/airflow/dags/predictions.py
[2023-11-13T09:52:46.717+0000] {processor.py:766} INFO - DAG(s) dict_keys(['rand_user']) retrieved from /opt/airflow/dags/predictions.py
[2023-11-13T09:52:46.886+0000] {logging_mixin.py:120} INFO - [2023-11-13T09:52:46.886+0000] {dag.py:2585} INFO - Sync 1 DAGs
[2023-11-13T09:52:46.914+0000] {logging_mixin.py:120} INFO - [2023-11-13T09:52:46.914+0000] {dag.py:3340} INFO - Setting next_dagrun for rand_user to 2023-11-13T00:00:00+00:00, run_after=2023-11-14T00:00:00+00:00
[2023-11-13T09:52:46.944+0000] {processor.py:176} INFO - Processing /opt/airflow/dags/predictions.py took 0.506 seconds
[2023-11-13T09:53:17.063+0000] {processor.py:154} INFO - Started process (PID=606) to work on /opt/airflow/dags/predictions.py
[2023-11-13T09:53:17.065+0000] {processor.py:756} INFO - Processing file /opt/airflow/dags/predictions.py for tasks to queue
[2023-11-13T09:53:17.066+0000] {logging_mixin.py:120} INFO - [2023-11-13T09:53:17.065+0000] {dagbag.py:537} INFO - Filling up the DagBag from /opt/airflow/dags/predictions.py
[2023-11-13T09:53:17.368+0000] {processor.py:766} INFO - DAG(s) dict_keys(['rand_user']) retrieved from /opt/airflow/dags/predictions.py
[2023-11-13T09:53:17.546+0000] {logging_mixin.py:120} INFO - [2023-11-13T09:53:17.546+0000] {dag.py:2585} INFO - Sync 1 DAGs
[2023-11-13T09:53:17.589+0000] {logging_mixin.py:120} INFO - [2023-11-13T09:53:17.589+0000] {dag.py:3340} INFO - Setting next_dagrun for rand_user to 2023-11-13T00:00:00+00:00, run_after=2023-11-14T00:00:00+00:00
[2023-11-13T09:53:17.630+0000] {processor.py:176} INFO - Processing /opt/airflow/dags/predictions.py took 0.570 seconds
[2023-11-13T09:53:47.770+0000] {processor.py:154} INFO - Started process (PID=635) to work on /opt/airflow/dags/predictions.py
[2023-11-13T09:53:47.771+0000] {processor.py:756} INFO - Processing file /opt/airflow/dags/predictions.py for tasks to queue
[2023-11-13T09:53:47.772+0000] {logging_mixin.py:120} INFO - [2023-11-13T09:53:47.772+0000] {dagbag.py:537} INFO - Filling up the DagBag from /opt/airflow/dags/predictions.py
[2023-11-13T09:53:48.044+0000] {processor.py:766} INFO - DAG(s) dict_keys(['rand_user']) retrieved from /opt/airflow/dags/predictions.py
[2023-11-13T09:53:48.212+0000] {logging_mixin.py:120} INFO - [2023-11-13T09:53:48.212+0000] {dag.py:2585} INFO - Sync 1 DAGs
[2023-11-13T09:53:48.240+0000] {logging_mixin.py:120} INFO - [2023-11-13T09:53:48.240+0000] {dag.py:3340} INFO - Setting next_dagrun for rand_user to 2023-11-13T00:00:00+00:00, run_after=2023-11-14T00:00:00+00:00
[2023-11-13T09:53:48.257+0000] {processor.py:176} INFO - Processing /opt/airflow/dags/predictions.py took 0.491 seconds
[2023-11-13T09:54:18.291+0000] {processor.py:154} INFO - Started process (PID=655) to work on /opt/airflow/dags/predictions.py
[2023-11-13T09:54:18.292+0000] {processor.py:756} INFO - Processing file /opt/airflow/dags/predictions.py for tasks to queue
[2023-11-13T09:54:18.294+0000] {logging_mixin.py:120} INFO - [2023-11-13T09:54:18.294+0000] {dagbag.py:537} INFO - Filling up the DagBag from /opt/airflow/dags/predictions.py
[2023-11-13T09:54:18.588+0000] {processor.py:766} INFO - DAG(s) dict_keys(['rand_user']) retrieved from /opt/airflow/dags/predictions.py
[2023-11-13T09:54:18.767+0000] {logging_mixin.py:120} INFO - [2023-11-13T09:54:18.767+0000] {dag.py:2585} INFO - Sync 1 DAGs
[2023-11-13T09:54:18.794+0000] {logging_mixin.py:120} INFO - [2023-11-13T09:54:18.794+0000] {dag.py:3340} INFO - Setting next_dagrun for rand_user to 2023-11-13T00:00:00+00:00, run_after=2023-11-14T00:00:00+00:00
[2023-11-13T09:54:18.824+0000] {processor.py:176} INFO - Processing /opt/airflow/dags/predictions.py took 0.536 seconds
[2023-11-13T09:54:48.950+0000] {processor.py:154} INFO - Started process (PID=684) to work on /opt/airflow/dags/predictions.py
[2023-11-13T09:54:48.951+0000] {processor.py:756} INFO - Processing file /opt/airflow/dags/predictions.py for tasks to queue
[2023-11-13T09:54:48.952+0000] {logging_mixin.py:120} INFO - [2023-11-13T09:54:48.952+0000] {dagbag.py:537} INFO - Filling up the DagBag from /opt/airflow/dags/predictions.py
[2023-11-13T09:54:49.240+0000] {processor.py:766} INFO - DAG(s) dict_keys(['rand_user']) retrieved from /opt/airflow/dags/predictions.py
[2023-11-13T09:54:49.410+0000] {logging_mixin.py:120} INFO - [2023-11-13T09:54:49.410+0000] {dag.py:2585} INFO - Sync 1 DAGs
[2023-11-13T09:54:49.440+0000] {logging_mixin.py:120} INFO - [2023-11-13T09:54:49.440+0000] {dag.py:3340} INFO - Setting next_dagrun for rand_user to 2023-11-13T00:00:00+00:00, run_after=2023-11-14T00:00:00+00:00
[2023-11-13T09:54:49.460+0000] {processor.py:176} INFO - Processing /opt/airflow/dags/predictions.py took 0.513 seconds
[2023-11-13T09:55:10.564+0000] {processor.py:154} INFO - Started process (PID=704) to work on /opt/airflow/dags/predictions.py
[2023-11-13T09:55:10.565+0000] {processor.py:756} INFO - Processing file /opt/airflow/dags/predictions.py for tasks to queue
[2023-11-13T09:55:10.566+0000] {logging_mixin.py:120} INFO - [2023-11-13T09:55:10.566+0000] {dagbag.py:537} INFO - Filling up the DagBag from /opt/airflow/dags/predictions.py
[2023-11-13T09:55:10.840+0000] {processor.py:766} INFO - DAG(s) dict_keys(['rand_user']) retrieved from /opt/airflow/dags/predictions.py
[2023-11-13T09:55:11.034+0000] {logging_mixin.py:120} INFO - [2023-11-13T09:55:11.034+0000] {dag.py:2585} INFO - Sync 1 DAGs
[2023-11-13T09:55:11.062+0000] {logging_mixin.py:120} INFO - [2023-11-13T09:55:11.062+0000] {dag.py:3340} INFO - Setting next_dagrun for rand_user to 2023-11-13T00:00:00+00:00, run_after=2023-11-14T00:00:00+00:00
[2023-11-13T09:55:11.086+0000] {processor.py:176} INFO - Processing /opt/airflow/dags/predictions.py took 0.526 seconds
[2023-11-13T09:55:41.143+0000] {processor.py:154} INFO - Started process (PID=733) to work on /opt/airflow/dags/predictions.py
[2023-11-13T09:55:41.144+0000] {processor.py:756} INFO - Processing file /opt/airflow/dags/predictions.py for tasks to queue
[2023-11-13T09:55:41.146+0000] {logging_mixin.py:120} INFO - [2023-11-13T09:55:41.145+0000] {dagbag.py:537} INFO - Filling up the DagBag from /opt/airflow/dags/predictions.py
[2023-11-13T09:55:41.418+0000] {processor.py:766} INFO - DAG(s) dict_keys(['rand_user']) retrieved from /opt/airflow/dags/predictions.py
[2023-11-13T09:55:41.579+0000] {logging_mixin.py:120} INFO - [2023-11-13T09:55:41.579+0000] {dag.py:2585} INFO - Sync 1 DAGs
[2023-11-13T09:55:41.606+0000] {logging_mixin.py:120} INFO - [2023-11-13T09:55:41.605+0000] {dag.py:3340} INFO - Setting next_dagrun for rand_user to 2023-11-13T00:00:00+00:00, run_after=2023-11-14T00:00:00+00:00
[2023-11-13T09:55:41.637+0000] {processor.py:176} INFO - Processing /opt/airflow/dags/predictions.py took 0.497 seconds
[2023-11-13T09:56:11.767+0000] {processor.py:154} INFO - Started process (PID=760) to work on /opt/airflow/dags/predictions.py
[2023-11-13T09:56:11.768+0000] {processor.py:756} INFO - Processing file /opt/airflow/dags/predictions.py for tasks to queue
[2023-11-13T09:56:11.769+0000] {logging_mixin.py:120} INFO - [2023-11-13T09:56:11.769+0000] {dagbag.py:537} INFO - Filling up the DagBag from /opt/airflow/dags/predictions.py
[2023-11-13T09:56:12.089+0000] {processor.py:766} INFO - DAG(s) dict_keys(['rand_user']) retrieved from /opt/airflow/dags/predictions.py
[2023-11-13T09:56:12.383+0000] {logging_mixin.py:120} INFO - [2023-11-13T09:56:12.382+0000] {dag.py:2585} INFO - Sync 1 DAGs
[2023-11-13T09:56:12.433+0000] {logging_mixin.py:120} INFO - [2023-11-13T09:56:12.432+0000] {dag.py:3340} INFO - Setting next_dagrun for rand_user to 2023-11-13T00:00:00+00:00, run_after=2023-11-14T00:00:00+00:00
[2023-11-13T09:56:12.470+0000] {processor.py:176} INFO - Processing /opt/airflow/dags/predictions.py took 0.707 seconds
[2023-11-13T09:56:42.582+0000] {processor.py:154} INFO - Started process (PID=782) to work on /opt/airflow/dags/predictions.py
[2023-11-13T09:56:42.583+0000] {processor.py:756} INFO - Processing file /opt/airflow/dags/predictions.py for tasks to queue
[2023-11-13T09:56:42.584+0000] {logging_mixin.py:120} INFO - [2023-11-13T09:56:42.584+0000] {dagbag.py:537} INFO - Filling up the DagBag from /opt/airflow/dags/predictions.py
[2023-11-13T09:56:42.848+0000] {processor.py:766} INFO - DAG(s) dict_keys(['rand_user']) retrieved from /opt/airflow/dags/predictions.py
[2023-11-13T09:56:43.010+0000] {logging_mixin.py:120} INFO - [2023-11-13T09:56:43.009+0000] {dag.py:2585} INFO - Sync 1 DAGs
[2023-11-13T09:56:43.039+0000] {logging_mixin.py:120} INFO - [2023-11-13T09:56:43.039+0000] {dag.py:3340} INFO - Setting next_dagrun for rand_user to 2023-11-13T00:00:00+00:00, run_after=2023-11-14T00:00:00+00:00
[2023-11-13T09:56:43.072+0000] {processor.py:176} INFO - Processing /opt/airflow/dags/predictions.py took 0.493 seconds
[2023-11-13T09:57:13.211+0000] {processor.py:154} INFO - Started process (PID=811) to work on /opt/airflow/dags/predictions.py
[2023-11-13T09:57:13.213+0000] {processor.py:756} INFO - Processing file /opt/airflow/dags/predictions.py for tasks to queue
[2023-11-13T09:57:13.214+0000] {logging_mixin.py:120} INFO - [2023-11-13T09:57:13.214+0000] {dagbag.py:537} INFO - Filling up the DagBag from /opt/airflow/dags/predictions.py
[2023-11-13T09:57:13.511+0000] {processor.py:766} INFO - DAG(s) dict_keys(['rand_user']) retrieved from /opt/airflow/dags/predictions.py
[2023-11-13T09:57:13.693+0000] {logging_mixin.py:120} INFO - [2023-11-13T09:57:13.693+0000] {dag.py:2585} INFO - Sync 1 DAGs
[2023-11-13T09:57:13.721+0000] {logging_mixin.py:120} INFO - [2023-11-13T09:57:13.720+0000] {dag.py:3340} INFO - Setting next_dagrun for rand_user to 2023-11-13T00:00:00+00:00, run_after=2023-11-14T00:00:00+00:00
[2023-11-13T09:57:13.752+0000] {processor.py:176} INFO - Processing /opt/airflow/dags/predictions.py took 0.544 seconds
[2023-11-13T09:57:16.706+0000] {processor.py:154} INFO - Started process (PID=813) to work on /opt/airflow/dags/predictions.py
[2023-11-13T09:57:16.708+0000] {processor.py:756} INFO - Processing file /opt/airflow/dags/predictions.py for tasks to queue
[2023-11-13T09:57:16.709+0000] {logging_mixin.py:120} INFO - [2023-11-13T09:57:16.709+0000] {dagbag.py:537} INFO - Filling up the DagBag from /opt/airflow/dags/predictions.py
[2023-11-13T09:57:17.057+0000] {processor.py:766} INFO - DAG(s) dict_keys(['rand_user']) retrieved from /opt/airflow/dags/predictions.py
[2023-11-13T09:57:17.256+0000] {logging_mixin.py:120} INFO - [2023-11-13T09:57:17.255+0000] {dag.py:2585} INFO - Sync 1 DAGs
[2023-11-13T09:57:17.290+0000] {logging_mixin.py:120} INFO - [2023-11-13T09:57:17.290+0000] {dag.py:3340} INFO - Setting next_dagrun for rand_user to 2023-11-13T00:00:00+00:00, run_after=2023-11-14T00:00:00+00:00
[2023-11-13T09:57:17.326+0000] {processor.py:176} INFO - Processing /opt/airflow/dags/predictions.py took 0.624 seconds
[2023-11-13T09:57:47.466+0000] {processor.py:154} INFO - Started process (PID=846) to work on /opt/airflow/dags/predictions.py
[2023-11-13T09:57:47.468+0000] {processor.py:756} INFO - Processing file /opt/airflow/dags/predictions.py for tasks to queue
[2023-11-13T09:57:47.469+0000] {logging_mixin.py:120} INFO - [2023-11-13T09:57:47.469+0000] {dagbag.py:537} INFO - Filling up the DagBag from /opt/airflow/dags/predictions.py
[2023-11-13T09:57:47.768+0000] {processor.py:766} INFO - DAG(s) dict_keys(['rand_user']) retrieved from /opt/airflow/dags/predictions.py
[2023-11-13T09:57:47.964+0000] {logging_mixin.py:120} INFO - [2023-11-13T09:57:47.964+0000] {dag.py:2585} INFO - Sync 1 DAGs
[2023-11-13T09:57:47.996+0000] {logging_mixin.py:120} INFO - [2023-11-13T09:57:47.996+0000] {dag.py:3340} INFO - Setting next_dagrun for rand_user to 2023-11-13T00:00:00+00:00, run_after=2023-11-14T00:00:00+00:00
[2023-11-13T09:57:48.034+0000] {processor.py:176} INFO - Processing /opt/airflow/dags/predictions.py took 0.571 seconds
[2023-11-13T09:58:18.155+0000] {processor.py:154} INFO - Started process (PID=875) to work on /opt/airflow/dags/predictions.py
[2023-11-13T09:58:18.156+0000] {processor.py:756} INFO - Processing file /opt/airflow/dags/predictions.py for tasks to queue
[2023-11-13T09:58:18.157+0000] {logging_mixin.py:120} INFO - [2023-11-13T09:58:18.157+0000] {dagbag.py:537} INFO - Filling up the DagBag from /opt/airflow/dags/predictions.py
[2023-11-13T09:58:18.466+0000] {processor.py:766} INFO - DAG(s) dict_keys(['rand_user']) retrieved from /opt/airflow/dags/predictions.py
[2023-11-13T09:58:18.638+0000] {logging_mixin.py:120} INFO - [2023-11-13T09:58:18.637+0000] {dag.py:2585} INFO - Sync 1 DAGs
[2023-11-13T09:58:18.666+0000] {logging_mixin.py:120} INFO - [2023-11-13T09:58:18.666+0000] {dag.py:3340} INFO - Setting next_dagrun for rand_user to 2023-11-13T00:00:00+00:00, run_after=2023-11-14T00:00:00+00:00
[2023-11-13T09:58:18.699+0000] {processor.py:176} INFO - Processing /opt/airflow/dags/predictions.py took 0.548 seconds
[2023-11-13T09:58:39.811+0000] {processor.py:154} INFO - Started process (PID=895) to work on /opt/airflow/dags/predictions.py
[2023-11-13T09:58:39.812+0000] {processor.py:756} INFO - Processing file /opt/airflow/dags/predictions.py for tasks to queue
[2023-11-13T09:58:39.814+0000] {logging_mixin.py:120} INFO - [2023-11-13T09:58:39.814+0000] {dagbag.py:537} INFO - Filling up the DagBag from /opt/airflow/dags/predictions.py
[2023-11-13T09:58:40.169+0000] {processor.py:766} INFO - DAG(s) dict_keys(['rand_user']) retrieved from /opt/airflow/dags/predictions.py
[2023-11-13T09:58:40.401+0000] {logging_mixin.py:120} INFO - [2023-11-13T09:58:40.400+0000] {dag.py:2585} INFO - Sync 1 DAGs
[2023-11-13T09:58:40.436+0000] {logging_mixin.py:120} INFO - [2023-11-13T09:58:40.436+0000] {dag.py:3340} INFO - Setting next_dagrun for rand_user to 2023-11-13T00:00:00+00:00, run_after=2023-11-14T00:00:00+00:00
[2023-11-13T09:58:40.481+0000] {processor.py:176} INFO - Processing /opt/airflow/dags/predictions.py took 0.678 seconds
[2023-11-13T09:59:10.599+0000] {processor.py:154} INFO - Started process (PID=915) to work on /opt/airflow/dags/predictions.py
[2023-11-13T09:59:10.600+0000] {processor.py:756} INFO - Processing file /opt/airflow/dags/predictions.py for tasks to queue
[2023-11-13T09:59:10.602+0000] {logging_mixin.py:120} INFO - [2023-11-13T09:59:10.602+0000] {dagbag.py:537} INFO - Filling up the DagBag from /opt/airflow/dags/predictions.py
[2023-11-13T09:59:10.929+0000] {processor.py:766} INFO - DAG(s) dict_keys(['rand_user']) retrieved from /opt/airflow/dags/predictions.py
[2023-11-13T09:59:11.131+0000] {logging_mixin.py:120} INFO - [2023-11-13T09:59:11.131+0000] {dag.py:2585} INFO - Sync 1 DAGs
[2023-11-13T09:59:11.164+0000] {logging_mixin.py:120} INFO - [2023-11-13T09:59:11.163+0000] {dag.py:3340} INFO - Setting next_dagrun for rand_user to 2023-11-13T00:00:00+00:00, run_after=2023-11-14T00:00:00+00:00
[2023-11-13T09:59:11.185+0000] {processor.py:176} INFO - Processing /opt/airflow/dags/predictions.py took 0.590 seconds
[2023-11-13T09:59:41.321+0000] {processor.py:154} INFO - Started process (PID=944) to work on /opt/airflow/dags/predictions.py
[2023-11-13T09:59:41.322+0000] {processor.py:756} INFO - Processing file /opt/airflow/dags/predictions.py for tasks to queue
[2023-11-13T09:59:41.323+0000] {logging_mixin.py:120} INFO - [2023-11-13T09:59:41.323+0000] {dagbag.py:537} INFO - Filling up the DagBag from /opt/airflow/dags/predictions.py
[2023-11-13T09:59:41.627+0000] {processor.py:766} INFO - DAG(s) dict_keys(['rand_user']) retrieved from /opt/airflow/dags/predictions.py
[2023-11-13T09:59:41.806+0000] {logging_mixin.py:120} INFO - [2023-11-13T09:59:41.806+0000] {dag.py:2585} INFO - Sync 1 DAGs
[2023-11-13T09:59:41.837+0000] {logging_mixin.py:120} INFO - [2023-11-13T09:59:41.837+0000] {dag.py:3340} INFO - Setting next_dagrun for rand_user to 2023-11-13T00:00:00+00:00, run_after=2023-11-14T00:00:00+00:00
[2023-11-13T09:59:41.870+0000] {processor.py:176} INFO - Processing /opt/airflow/dags/predictions.py took 0.553 seconds
[2023-11-13T10:00:11.992+0000] {processor.py:154} INFO - Started process (PID=973) to work on /opt/airflow/dags/predictions.py
[2023-11-13T10:00:11.993+0000] {processor.py:756} INFO - Processing file /opt/airflow/dags/predictions.py for tasks to queue
[2023-11-13T10:00:11.995+0000] {logging_mixin.py:120} INFO - [2023-11-13T10:00:11.994+0000] {dagbag.py:537} INFO - Filling up the DagBag from /opt/airflow/dags/predictions.py
[2023-11-13T10:00:12.307+0000] {processor.py:766} INFO - DAG(s) dict_keys(['rand_user']) retrieved from /opt/airflow/dags/predictions.py
[2023-11-13T10:00:12.475+0000] {logging_mixin.py:120} INFO - [2023-11-13T10:00:12.475+0000] {dag.py:2585} INFO - Sync 1 DAGs
[2023-11-13T10:00:12.501+0000] {logging_mixin.py:120} INFO - [2023-11-13T10:00:12.501+0000] {dag.py:3340} INFO - Setting next_dagrun for rand_user to 2023-11-13T00:00:00+00:00, run_after=2023-11-14T00:00:00+00:00
[2023-11-13T10:00:12.531+0000] {processor.py:176} INFO - Processing /opt/airflow/dags/predictions.py took 0.542 seconds
[2023-11-13T10:00:42.674+0000] {processor.py:154} INFO - Started process (PID=993) to work on /opt/airflow/dags/predictions.py
[2023-11-13T10:00:42.675+0000] {processor.py:756} INFO - Processing file /opt/airflow/dags/predictions.py for tasks to queue
[2023-11-13T10:00:42.676+0000] {logging_mixin.py:120} INFO - [2023-11-13T10:00:42.676+0000] {dagbag.py:537} INFO - Filling up the DagBag from /opt/airflow/dags/predictions.py
[2023-11-13T10:00:42.962+0000] {processor.py:766} INFO - DAG(s) dict_keys(['rand_user']) retrieved from /opt/airflow/dags/predictions.py
[2023-11-13T10:00:43.151+0000] {logging_mixin.py:120} INFO - [2023-11-13T10:00:43.150+0000] {dag.py:2585} INFO - Sync 1 DAGs
[2023-11-13T10:00:43.185+0000] {logging_mixin.py:120} INFO - [2023-11-13T10:00:43.185+0000] {dag.py:3340} INFO - Setting next_dagrun for rand_user to 2023-11-13T00:00:00+00:00, run_after=2023-11-14T00:00:00+00:00
[2023-11-13T10:00:43.207+0000] {processor.py:176} INFO - Processing /opt/airflow/dags/predictions.py took 0.537 seconds
[2023-11-13T10:01:13.326+0000] {processor.py:154} INFO - Started process (PID=1022) to work on /opt/airflow/dags/predictions.py
[2023-11-13T10:01:13.328+0000] {processor.py:756} INFO - Processing file /opt/airflow/dags/predictions.py for tasks to queue
[2023-11-13T10:01:13.330+0000] {logging_mixin.py:120} INFO - [2023-11-13T10:01:13.329+0000] {dagbag.py:537} INFO - Filling up the DagBag from /opt/airflow/dags/predictions.py
[2023-11-13T10:01:13.614+0000] {processor.py:766} INFO - DAG(s) dict_keys(['rand_user']) retrieved from /opt/airflow/dags/predictions.py
[2023-11-13T10:01:13.800+0000] {logging_mixin.py:120} INFO - [2023-11-13T10:01:13.799+0000] {dag.py:2585} INFO - Sync 1 DAGs
[2023-11-13T10:01:13.829+0000] {logging_mixin.py:120} INFO - [2023-11-13T10:01:13.829+0000] {dag.py:3340} INFO - Setting next_dagrun for rand_user to 2023-11-13T00:00:00+00:00, run_after=2023-11-14T00:00:00+00:00
[2023-11-13T10:01:13.848+0000] {processor.py:176} INFO - Processing /opt/airflow/dags/predictions.py took 0.525 seconds
[2023-11-13T10:01:43.982+0000] {processor.py:154} INFO - Started process (PID=1051) to work on /opt/airflow/dags/predictions.py
[2023-11-13T10:01:43.983+0000] {processor.py:756} INFO - Processing file /opt/airflow/dags/predictions.py for tasks to queue
[2023-11-13T10:01:43.985+0000] {logging_mixin.py:120} INFO - [2023-11-13T10:01:43.984+0000] {dagbag.py:537} INFO - Filling up the DagBag from /opt/airflow/dags/predictions.py
[2023-11-13T10:01:44.265+0000] {processor.py:766} INFO - DAG(s) dict_keys(['rand_user']) retrieved from /opt/airflow/dags/predictions.py
[2023-11-13T10:01:44.431+0000] {logging_mixin.py:120} INFO - [2023-11-13T10:01:44.431+0000] {dag.py:2585} INFO - Sync 1 DAGs
[2023-11-13T10:01:44.462+0000] {logging_mixin.py:120} INFO - [2023-11-13T10:01:44.462+0000] {dag.py:3340} INFO - Setting next_dagrun for rand_user to 2023-11-13T00:00:00+00:00, run_after=2023-11-14T00:00:00+00:00
[2023-11-13T10:01:44.493+0000] {processor.py:176} INFO - Processing /opt/airflow/dags/predictions.py took 0.514 seconds
[2023-11-13T10:02:14.560+0000] {processor.py:154} INFO - Started process (PID=1080) to work on /opt/airflow/dags/predictions.py
[2023-11-13T10:02:14.561+0000] {processor.py:756} INFO - Processing file /opt/airflow/dags/predictions.py for tasks to queue
[2023-11-13T10:02:14.563+0000] {logging_mixin.py:120} INFO - [2023-11-13T10:02:14.562+0000] {dagbag.py:537} INFO - Filling up the DagBag from /opt/airflow/dags/predictions.py
[2023-11-13T10:02:14.838+0000] {processor.py:766} INFO - DAG(s) dict_keys(['rand_user']) retrieved from /opt/airflow/dags/predictions.py
[2023-11-13T10:02:15.000+0000] {logging_mixin.py:120} INFO - [2023-11-13T10:02:15.000+0000] {dag.py:2585} INFO - Sync 1 DAGs
[2023-11-13T10:02:15.029+0000] {logging_mixin.py:120} INFO - [2023-11-13T10:02:15.029+0000] {dag.py:3340} INFO - Setting next_dagrun for rand_user to 2023-11-13T00:00:00+00:00, run_after=2023-11-14T00:00:00+00:00
[2023-11-13T10:02:15.060+0000] {processor.py:176} INFO - Processing /opt/airflow/dags/predictions.py took 0.503 seconds
[2023-11-13T10:02:35.701+0000] {processor.py:154} INFO - Started process (PID=1091) to work on /opt/airflow/dags/predictions.py
[2023-11-13T10:02:35.702+0000] {processor.py:756} INFO - Processing file /opt/airflow/dags/predictions.py for tasks to queue
[2023-11-13T10:02:35.703+0000] {logging_mixin.py:120} INFO - [2023-11-13T10:02:35.703+0000] {dagbag.py:537} INFO - Filling up the DagBag from /opt/airflow/dags/predictions.py
[2023-11-13T10:02:36.059+0000] {processor.py:766} INFO - DAG(s) dict_keys(['rand_user']) retrieved from /opt/airflow/dags/predictions.py
[2023-11-13T10:02:36.276+0000] {logging_mixin.py:120} INFO - [2023-11-13T10:02:36.275+0000] {dag.py:2585} INFO - Sync 1 DAGs
[2023-11-13T10:02:36.318+0000] {logging_mixin.py:120} INFO - [2023-11-13T10:02:36.318+0000] {dag.py:3340} INFO - Setting next_dagrun for rand_user to 2023-11-13T00:00:00+00:00, run_after=2023-11-14T00:00:00+00:00
[2023-11-13T10:02:36.348+0000] {processor.py:176} INFO - Processing /opt/airflow/dags/predictions.py took 0.651 seconds
[2023-11-13T10:02:47.201+0000] {processor.py:154} INFO - Started process (PID=1102) to work on /opt/airflow/dags/predictions.py
[2023-11-13T10:02:47.202+0000] {processor.py:756} INFO - Processing file /opt/airflow/dags/predictions.py for tasks to queue
[2023-11-13T10:02:47.203+0000] {logging_mixin.py:120} INFO - [2023-11-13T10:02:47.203+0000] {dagbag.py:537} INFO - Filling up the DagBag from /opt/airflow/dags/predictions.py
[2023-11-13T10:02:47.596+0000] {processor.py:766} INFO - DAG(s) dict_keys(['rand_user']) retrieved from /opt/airflow/dags/predictions.py
[2023-11-13T10:02:47.861+0000] {logging_mixin.py:120} INFO - [2023-11-13T10:02:47.861+0000] {dag.py:2585} INFO - Sync 1 DAGs
[2023-11-13T10:02:47.895+0000] {logging_mixin.py:120} INFO - [2023-11-13T10:02:47.895+0000] {dag.py:3340} INFO - Setting next_dagrun for rand_user to 2023-11-13T00:00:00+00:00, run_after=2023-11-14T00:00:00+00:00
[2023-11-13T10:02:47.942+0000] {processor.py:176} INFO - Processing /opt/airflow/dags/predictions.py took 0.745 seconds
[2023-11-13T10:02:53.433+0000] {processor.py:154} INFO - Started process (PID=1113) to work on /opt/airflow/dags/predictions.py
[2023-11-13T10:02:53.435+0000] {processor.py:756} INFO - Processing file /opt/airflow/dags/predictions.py for tasks to queue
[2023-11-13T10:02:53.437+0000] {logging_mixin.py:120} INFO - [2023-11-13T10:02:53.437+0000] {dagbag.py:537} INFO - Filling up the DagBag from /opt/airflow/dags/predictions.py
[2023-11-13T10:02:53.808+0000] {processor.py:766} INFO - DAG(s) dict_keys(['rand_user']) retrieved from /opt/airflow/dags/predictions.py
[2023-11-13T10:02:53.834+0000] {logging_mixin.py:120} INFO - [2023-11-13T10:02:53.833+0000] {dag.py:2585} INFO - Sync 1 DAGs
[2023-11-13T10:02:53.896+0000] {logging_mixin.py:120} INFO - [2023-11-13T10:02:53.895+0000] {dag.py:3340} INFO - Setting next_dagrun for rand_user to 2023-11-13T00:00:00+00:00, run_after=2023-11-14T00:00:00+00:00
[2023-11-13T10:02:53.928+0000] {processor.py:176} INFO - Processing /opt/airflow/dags/predictions.py took 0.499 seconds
[2023-11-13T10:03:24.082+0000] {processor.py:154} INFO - Started process (PID=1142) to work on /opt/airflow/dags/predictions.py
[2023-11-13T10:03:24.083+0000] {processor.py:756} INFO - Processing file /opt/airflow/dags/predictions.py for tasks to queue
[2023-11-13T10:03:24.085+0000] {logging_mixin.py:120} INFO - [2023-11-13T10:03:24.084+0000] {dagbag.py:537} INFO - Filling up the DagBag from /opt/airflow/dags/predictions.py
[2023-11-13T10:03:24.423+0000] {processor.py:766} INFO - DAG(s) dict_keys(['rand_user']) retrieved from /opt/airflow/dags/predictions.py
[2023-11-13T10:03:24.639+0000] {logging_mixin.py:120} INFO - [2023-11-13T10:03:24.639+0000] {dag.py:2585} INFO - Sync 1 DAGs
[2023-11-13T10:03:24.683+0000] {logging_mixin.py:120} INFO - [2023-11-13T10:03:24.683+0000] {dag.py:3340} INFO - Setting next_dagrun for rand_user to 2023-11-13T00:00:00+00:00, run_after=2023-11-14T00:00:00+00:00
[2023-11-13T10:03:24.716+0000] {processor.py:176} INFO - Processing /opt/airflow/dags/predictions.py took 0.640 seconds
[2023-11-13T10:03:54.853+0000] {processor.py:154} INFO - Started process (PID=1162) to work on /opt/airflow/dags/predictions.py
[2023-11-13T10:03:54.854+0000] {processor.py:756} INFO - Processing file /opt/airflow/dags/predictions.py for tasks to queue
[2023-11-13T10:03:54.855+0000] {logging_mixin.py:120} INFO - [2023-11-13T10:03:54.855+0000] {dagbag.py:537} INFO - Filling up the DagBag from /opt/airflow/dags/predictions.py
[2023-11-13T10:03:55.263+0000] {processor.py:766} INFO - DAG(s) dict_keys(['rand_user']) retrieved from /opt/airflow/dags/predictions.py
[2023-11-13T10:03:55.494+0000] {logging_mixin.py:120} INFO - [2023-11-13T10:03:55.494+0000] {dag.py:2585} INFO - Sync 1 DAGs
[2023-11-13T10:03:55.539+0000] {logging_mixin.py:120} INFO - [2023-11-13T10:03:55.538+0000] {dag.py:3340} INFO - Setting next_dagrun for rand_user to 2023-11-13T00:00:00+00:00, run_after=2023-11-14T00:00:00+00:00
[2023-11-13T10:03:55.566+0000] {processor.py:176} INFO - Processing /opt/airflow/dags/predictions.py took 0.717 seconds
[2023-11-13T10:04:25.710+0000] {processor.py:154} INFO - Started process (PID=1191) to work on /opt/airflow/dags/predictions.py
[2023-11-13T10:04:25.712+0000] {processor.py:756} INFO - Processing file /opt/airflow/dags/predictions.py for tasks to queue
[2023-11-13T10:04:25.713+0000] {logging_mixin.py:120} INFO - [2023-11-13T10:04:25.713+0000] {dagbag.py:537} INFO - Filling up the DagBag from /opt/airflow/dags/predictions.py
[2023-11-13T10:04:26.007+0000] {processor.py:766} INFO - DAG(s) dict_keys(['rand_user']) retrieved from /opt/airflow/dags/predictions.py
[2023-11-13T10:04:26.176+0000] {logging_mixin.py:120} INFO - [2023-11-13T10:04:26.175+0000] {dag.py:2585} INFO - Sync 1 DAGs
[2023-11-13T10:04:26.207+0000] {logging_mixin.py:120} INFO - [2023-11-13T10:04:26.207+0000] {dag.py:3340} INFO - Setting next_dagrun for rand_user to 2023-11-13T00:00:00+00:00, run_after=2023-11-14T00:00:00+00:00
[2023-11-13T10:04:26.238+0000] {processor.py:176} INFO - Processing /opt/airflow/dags/predictions.py took 0.531 seconds
[2023-11-13T10:04:56.363+0000] {processor.py:154} INFO - Started process (PID=1220) to work on /opt/airflow/dags/predictions.py
[2023-11-13T10:04:56.364+0000] {processor.py:756} INFO - Processing file /opt/airflow/dags/predictions.py for tasks to queue
[2023-11-13T10:04:56.365+0000] {logging_mixin.py:120} INFO - [2023-11-13T10:04:56.365+0000] {dagbag.py:537} INFO - Filling up the DagBag from /opt/airflow/dags/predictions.py
[2023-11-13T10:04:56.650+0000] {processor.py:766} INFO - DAG(s) dict_keys(['rand_user']) retrieved from /opt/airflow/dags/predictions.py
[2023-11-13T10:04:56.838+0000] {logging_mixin.py:120} INFO - [2023-11-13T10:04:56.837+0000] {dag.py:2585} INFO - Sync 1 DAGs
[2023-11-13T10:04:56.867+0000] {logging_mixin.py:120} INFO - [2023-11-13T10:04:56.867+0000] {dag.py:3340} INFO - Setting next_dagrun for rand_user to 2023-11-13T00:00:00+00:00, run_after=2023-11-14T00:00:00+00:00
[2023-11-13T10:04:56.888+0000] {processor.py:176} INFO - Processing /opt/airflow/dags/predictions.py took 0.530 seconds
[2023-11-13T10:05:27.028+0000] {processor.py:154} INFO - Started process (PID=1240) to work on /opt/airflow/dags/predictions.py
[2023-11-13T10:05:27.029+0000] {processor.py:756} INFO - Processing file /opt/airflow/dags/predictions.py for tasks to queue
[2023-11-13T10:05:27.030+0000] {logging_mixin.py:120} INFO - [2023-11-13T10:05:27.030+0000] {dagbag.py:537} INFO - Filling up the DagBag from /opt/airflow/dags/predictions.py
[2023-11-13T10:05:27.313+0000] {processor.py:766} INFO - DAG(s) dict_keys(['rand_user']) retrieved from /opt/airflow/dags/predictions.py
[2023-11-13T10:05:27.480+0000] {logging_mixin.py:120} INFO - [2023-11-13T10:05:27.479+0000] {dag.py:2585} INFO - Sync 1 DAGs
[2023-11-13T10:05:27.509+0000] {logging_mixin.py:120} INFO - [2023-11-13T10:05:27.509+0000] {dag.py:3340} INFO - Setting next_dagrun for rand_user to 2023-11-13T00:00:00+00:00, run_after=2023-11-14T00:00:00+00:00
[2023-11-13T10:05:27.539+0000] {processor.py:176} INFO - Processing /opt/airflow/dags/predictions.py took 0.515 seconds
[2023-11-13T10:05:57.597+0000] {processor.py:154} INFO - Started process (PID=1269) to work on /opt/airflow/dags/predictions.py
[2023-11-13T10:05:57.598+0000] {processor.py:756} INFO - Processing file /opt/airflow/dags/predictions.py for tasks to queue
[2023-11-13T10:05:57.600+0000] {logging_mixin.py:120} INFO - [2023-11-13T10:05:57.599+0000] {dagbag.py:537} INFO - Filling up the DagBag from /opt/airflow/dags/predictions.py
[2023-11-13T10:05:57.897+0000] {processor.py:766} INFO - DAG(s) dict_keys(['rand_user']) retrieved from /opt/airflow/dags/predictions.py
[2023-11-13T10:05:58.088+0000] {logging_mixin.py:120} INFO - [2023-11-13T10:05:58.088+0000] {dag.py:2585} INFO - Sync 1 DAGs
[2023-11-13T10:05:58.117+0000] {logging_mixin.py:120} INFO - [2023-11-13T10:05:58.117+0000] {dag.py:3340} INFO - Setting next_dagrun for rand_user to 2023-11-13T00:00:00+00:00, run_after=2023-11-14T00:00:00+00:00
[2023-11-13T10:05:58.148+0000] {processor.py:176} INFO - Processing /opt/airflow/dags/predictions.py took 0.554 seconds
[2023-11-13T10:06:28.293+0000] {processor.py:154} INFO - Started process (PID=1298) to work on /opt/airflow/dags/predictions.py
[2023-11-13T10:06:28.294+0000] {processor.py:756} INFO - Processing file /opt/airflow/dags/predictions.py for tasks to queue
[2023-11-13T10:06:28.296+0000] {logging_mixin.py:120} INFO - [2023-11-13T10:06:28.295+0000] {dagbag.py:537} INFO - Filling up the DagBag from /opt/airflow/dags/predictions.py
[2023-11-13T10:06:28.593+0000] {processor.py:766} INFO - DAG(s) dict_keys(['rand_user']) retrieved from /opt/airflow/dags/predictions.py
[2023-11-13T10:06:28.768+0000] {logging_mixin.py:120} INFO - [2023-11-13T10:06:28.768+0000] {dag.py:2585} INFO - Sync 1 DAGs
[2023-11-13T10:06:28.797+0000] {logging_mixin.py:120} INFO - [2023-11-13T10:06:28.797+0000] {dag.py:3340} INFO - Setting next_dagrun for rand_user to 2023-11-13T00:00:00+00:00, run_after=2023-11-14T00:00:00+00:00
[2023-11-13T10:06:28.817+0000] {processor.py:176} INFO - Processing /opt/airflow/dags/predictions.py took 0.528 seconds
[2023-11-13T10:06:58.885+0000] {processor.py:154} INFO - Started process (PID=1318) to work on /opt/airflow/dags/predictions.py
[2023-11-13T10:06:58.886+0000] {processor.py:756} INFO - Processing file /opt/airflow/dags/predictions.py for tasks to queue
[2023-11-13T10:06:58.887+0000] {logging_mixin.py:120} INFO - [2023-11-13T10:06:58.887+0000] {dagbag.py:537} INFO - Filling up the DagBag from /opt/airflow/dags/predictions.py
[2023-11-13T10:06:59.169+0000] {processor.py:766} INFO - DAG(s) dict_keys(['rand_user']) retrieved from /opt/airflow/dags/predictions.py
[2023-11-13T10:06:59.331+0000] {logging_mixin.py:120} INFO - [2023-11-13T10:06:59.330+0000] {dag.py:2585} INFO - Sync 1 DAGs
[2023-11-13T10:06:59.362+0000] {logging_mixin.py:120} INFO - [2023-11-13T10:06:59.362+0000] {dag.py:3340} INFO - Setting next_dagrun for rand_user to 2023-11-13T00:00:00+00:00, run_after=2023-11-14T00:00:00+00:00
[2023-11-13T10:06:59.394+0000] {processor.py:176} INFO - Processing /opt/airflow/dags/predictions.py took 0.512 seconds
[2023-11-13T10:07:29.521+0000] {processor.py:154} INFO - Started process (PID=1347) to work on /opt/airflow/dags/predictions.py
[2023-11-13T10:07:29.522+0000] {processor.py:756} INFO - Processing file /opt/airflow/dags/predictions.py for tasks to queue
[2023-11-13T10:07:29.524+0000] {logging_mixin.py:120} INFO - [2023-11-13T10:07:29.523+0000] {dagbag.py:537} INFO - Filling up the DagBag from /opt/airflow/dags/predictions.py
[2023-11-13T10:07:29.802+0000] {processor.py:766} INFO - DAG(s) dict_keys(['rand_user']) retrieved from /opt/airflow/dags/predictions.py
[2023-11-13T10:07:29.959+0000] {logging_mixin.py:120} INFO - [2023-11-13T10:07:29.959+0000] {dag.py:2585} INFO - Sync 1 DAGs
[2023-11-13T10:07:29.986+0000] {logging_mixin.py:120} INFO - [2023-11-13T10:07:29.986+0000] {dag.py:3340} INFO - Setting next_dagrun for rand_user to 2023-11-13T00:00:00+00:00, run_after=2023-11-14T00:00:00+00:00
[2023-11-13T10:07:30.018+0000] {processor.py:176} INFO - Processing /opt/airflow/dags/predictions.py took 0.500 seconds
[2023-11-13T10:08:00.146+0000] {processor.py:154} INFO - Started process (PID=1376) to work on /opt/airflow/dags/predictions.py
[2023-11-13T10:08:00.147+0000] {processor.py:756} INFO - Processing file /opt/airflow/dags/predictions.py for tasks to queue
[2023-11-13T10:08:00.149+0000] {logging_mixin.py:120} INFO - [2023-11-13T10:08:00.148+0000] {dagbag.py:537} INFO - Filling up the DagBag from /opt/airflow/dags/predictions.py
[2023-11-13T10:08:00.411+0000] {processor.py:766} INFO - DAG(s) dict_keys(['rand_user']) retrieved from /opt/airflow/dags/predictions.py
[2023-11-13T10:08:00.570+0000] {logging_mixin.py:120} INFO - [2023-11-13T10:08:00.569+0000] {dag.py:2585} INFO - Sync 1 DAGs
[2023-11-13T10:08:00.597+0000] {logging_mixin.py:120} INFO - [2023-11-13T10:08:00.597+0000] {dag.py:3340} INFO - Setting next_dagrun for rand_user to 2023-11-13T00:00:00+00:00, run_after=2023-11-14T00:00:00+00:00
[2023-11-13T10:08:00.626+0000] {processor.py:176} INFO - Processing /opt/airflow/dags/predictions.py took 0.483 seconds
[2023-11-13T10:08:30.767+0000] {processor.py:154} INFO - Started process (PID=1405) to work on /opt/airflow/dags/predictions.py
[2023-11-13T10:08:30.768+0000] {processor.py:756} INFO - Processing file /opt/airflow/dags/predictions.py for tasks to queue
[2023-11-13T10:08:30.770+0000] {logging_mixin.py:120} INFO - [2023-11-13T10:08:30.770+0000] {dagbag.py:537} INFO - Filling up the DagBag from /opt/airflow/dags/predictions.py
[2023-11-13T10:08:31.107+0000] {processor.py:766} INFO - DAG(s) dict_keys(['rand_user']) retrieved from /opt/airflow/dags/predictions.py
[2023-11-13T10:08:31.307+0000] {logging_mixin.py:120} INFO - [2023-11-13T10:08:31.307+0000] {dag.py:2585} INFO - Sync 1 DAGs
[2023-11-13T10:08:31.348+0000] {logging_mixin.py:120} INFO - [2023-11-13T10:08:31.347+0000] {dag.py:3340} INFO - Setting next_dagrun for rand_user to 2023-11-13T00:00:00+00:00, run_after=2023-11-14T00:00:00+00:00
[2023-11-13T10:08:31.390+0000] {processor.py:176} INFO - Processing /opt/airflow/dags/predictions.py took 0.627 seconds
[2023-11-13T10:09:01.536+0000] {processor.py:154} INFO - Started process (PID=1425) to work on /opt/airflow/dags/predictions.py
[2023-11-13T10:09:01.537+0000] {processor.py:756} INFO - Processing file /opt/airflow/dags/predictions.py for tasks to queue
[2023-11-13T10:09:01.538+0000] {logging_mixin.py:120} INFO - [2023-11-13T10:09:01.538+0000] {dagbag.py:537} INFO - Filling up the DagBag from /opt/airflow/dags/predictions.py
[2023-11-13T10:09:01.804+0000] {processor.py:766} INFO - DAG(s) dict_keys(['rand_user']) retrieved from /opt/airflow/dags/predictions.py
[2023-11-13T10:09:01.964+0000] {logging_mixin.py:120} INFO - [2023-11-13T10:09:01.964+0000] {dag.py:2585} INFO - Sync 1 DAGs
[2023-11-13T10:09:01.993+0000] {logging_mixin.py:120} INFO - [2023-11-13T10:09:01.993+0000] {dag.py:3340} INFO - Setting next_dagrun for rand_user to 2023-11-13T00:00:00+00:00, run_after=2023-11-14T00:00:00+00:00
[2023-11-13T10:09:02.023+0000] {processor.py:176} INFO - Processing /opt/airflow/dags/predictions.py took 0.490 seconds
[2023-11-13T10:09:32.131+0000] {processor.py:154} INFO - Started process (PID=1454) to work on /opt/airflow/dags/predictions.py
[2023-11-13T10:09:32.132+0000] {processor.py:756} INFO - Processing file /opt/airflow/dags/predictions.py for tasks to queue
[2023-11-13T10:09:32.133+0000] {logging_mixin.py:120} INFO - [2023-11-13T10:09:32.133+0000] {dagbag.py:537} INFO - Filling up the DagBag from /opt/airflow/dags/predictions.py
[2023-11-13T10:09:32.428+0000] {processor.py:766} INFO - DAG(s) dict_keys(['rand_user']) retrieved from /opt/airflow/dags/predictions.py
[2023-11-13T10:09:32.599+0000] {logging_mixin.py:120} INFO - [2023-11-13T10:09:32.598+0000] {dag.py:2585} INFO - Sync 1 DAGs
[2023-11-13T10:09:32.628+0000] {logging_mixin.py:120} INFO - [2023-11-13T10:09:32.628+0000] {dag.py:3340} INFO - Setting next_dagrun for rand_user to 2023-11-13T00:00:00+00:00, run_after=2023-11-14T00:00:00+00:00
[2023-11-13T10:09:32.661+0000] {processor.py:176} INFO - Processing /opt/airflow/dags/predictions.py took 0.534 seconds
[2023-11-13T10:10:02.798+0000] {processor.py:154} INFO - Started process (PID=1483) to work on /opt/airflow/dags/predictions.py
[2023-11-13T10:10:02.799+0000] {processor.py:756} INFO - Processing file /opt/airflow/dags/predictions.py for tasks to queue
[2023-11-13T10:10:02.801+0000] {logging_mixin.py:120} INFO - [2023-11-13T10:10:02.801+0000] {dagbag.py:537} INFO - Filling up the DagBag from /opt/airflow/dags/predictions.py
[2023-11-13T10:10:03.122+0000] {processor.py:766} INFO - DAG(s) dict_keys(['rand_user']) retrieved from /opt/airflow/dags/predictions.py
[2023-11-13T10:10:03.326+0000] {logging_mixin.py:120} INFO - [2023-11-13T10:10:03.325+0000] {dag.py:2585} INFO - Sync 1 DAGs
[2023-11-13T10:10:03.354+0000] {logging_mixin.py:120} INFO - [2023-11-13T10:10:03.354+0000] {dag.py:3340} INFO - Setting next_dagrun for rand_user to 2023-11-13T00:00:00+00:00, run_after=2023-11-14T00:00:00+00:00
[2023-11-13T10:10:03.372+0000] {processor.py:176} INFO - Processing /opt/airflow/dags/predictions.py took 0.579 seconds
[2023-11-13T10:10:33.483+0000] {processor.py:154} INFO - Started process (PID=1503) to work on /opt/airflow/dags/predictions.py
[2023-11-13T10:10:33.485+0000] {processor.py:756} INFO - Processing file /opt/airflow/dags/predictions.py for tasks to queue
[2023-11-13T10:10:33.486+0000] {logging_mixin.py:120} INFO - [2023-11-13T10:10:33.486+0000] {dagbag.py:537} INFO - Filling up the DagBag from /opt/airflow/dags/predictions.py
[2023-11-13T10:10:33.794+0000] {processor.py:766} INFO - DAG(s) dict_keys(['rand_user']) retrieved from /opt/airflow/dags/predictions.py
[2023-11-13T10:10:33.961+0000] {logging_mixin.py:120} INFO - [2023-11-13T10:10:33.960+0000] {dag.py:2585} INFO - Sync 1 DAGs
[2023-11-13T10:10:33.990+0000] {logging_mixin.py:120} INFO - [2023-11-13T10:10:33.990+0000] {dag.py:3340} INFO - Setting next_dagrun for rand_user to 2023-11-13T00:00:00+00:00, run_after=2023-11-14T00:00:00+00:00
[2023-11-13T10:10:34.023+0000] {processor.py:176} INFO - Processing /opt/airflow/dags/predictions.py took 0.543 seconds
[2023-11-13T10:11:04.161+0000] {processor.py:154} INFO - Started process (PID=1532) to work on /opt/airflow/dags/predictions.py
[2023-11-13T10:11:04.162+0000] {processor.py:756} INFO - Processing file /opt/airflow/dags/predictions.py for tasks to queue
[2023-11-13T10:11:04.164+0000] {logging_mixin.py:120} INFO - [2023-11-13T10:11:04.164+0000] {dagbag.py:537} INFO - Filling up the DagBag from /opt/airflow/dags/predictions.py
[2023-11-13T10:11:04.455+0000] {processor.py:766} INFO - DAG(s) dict_keys(['rand_user']) retrieved from /opt/airflow/dags/predictions.py
[2023-11-13T10:11:04.653+0000] {logging_mixin.py:120} INFO - [2023-11-13T10:11:04.652+0000] {dag.py:2585} INFO - Sync 1 DAGs
[2023-11-13T10:11:04.682+0000] {logging_mixin.py:120} INFO - [2023-11-13T10:11:04.682+0000] {dag.py:3340} INFO - Setting next_dagrun for rand_user to 2023-11-13T00:00:00+00:00, run_after=2023-11-14T00:00:00+00:00
[2023-11-13T10:11:04.714+0000] {processor.py:176} INFO - Processing /opt/airflow/dags/predictions.py took 0.556 seconds
[2023-11-13T10:11:34.831+0000] {processor.py:154} INFO - Started process (PID=1561) to work on /opt/airflow/dags/predictions.py
[2023-11-13T10:11:34.832+0000] {processor.py:756} INFO - Processing file /opt/airflow/dags/predictions.py for tasks to queue
[2023-11-13T10:11:34.833+0000] {logging_mixin.py:120} INFO - [2023-11-13T10:11:34.833+0000] {dagbag.py:537} INFO - Filling up the DagBag from /opt/airflow/dags/predictions.py
[2023-11-13T10:11:35.132+0000] {processor.py:766} INFO - DAG(s) dict_keys(['rand_user']) retrieved from /opt/airflow/dags/predictions.py
[2023-11-13T10:11:35.304+0000] {logging_mixin.py:120} INFO - [2023-11-13T10:11:35.304+0000] {dag.py:2585} INFO - Sync 1 DAGs
[2023-11-13T10:11:35.332+0000] {logging_mixin.py:120} INFO - [2023-11-13T10:11:35.332+0000] {dag.py:3340} INFO - Setting next_dagrun for rand_user to 2023-11-13T00:00:00+00:00, run_after=2023-11-14T00:00:00+00:00
[2023-11-13T10:11:35.351+0000] {processor.py:176} INFO - Processing /opt/airflow/dags/predictions.py took 0.524 seconds
[2023-11-13T10:12:05.486+0000] {processor.py:154} INFO - Started process (PID=1590) to work on /opt/airflow/dags/predictions.py
[2023-11-13T10:12:05.487+0000] {processor.py:756} INFO - Processing file /opt/airflow/dags/predictions.py for tasks to queue
[2023-11-13T10:12:05.488+0000] {logging_mixin.py:120} INFO - [2023-11-13T10:12:05.488+0000] {dagbag.py:537} INFO - Filling up the DagBag from /opt/airflow/dags/predictions.py
[2023-11-13T10:12:05.757+0000] {processor.py:766} INFO - DAG(s) dict_keys(['rand_user']) retrieved from /opt/airflow/dags/predictions.py
[2023-11-13T10:12:05.922+0000] {logging_mixin.py:120} INFO - [2023-11-13T10:12:05.922+0000] {dag.py:2585} INFO - Sync 1 DAGs
[2023-11-13T10:12:05.951+0000] {logging_mixin.py:120} INFO - [2023-11-13T10:12:05.950+0000] {dag.py:3340} INFO - Setting next_dagrun for rand_user to 2023-11-13T00:00:00+00:00, run_after=2023-11-14T00:00:00+00:00
[2023-11-13T10:12:05.980+0000] {processor.py:176} INFO - Processing /opt/airflow/dags/predictions.py took 0.498 seconds
[2023-11-13T10:12:25.014+0000] {processor.py:154} INFO - Started process (PID=1601) to work on /opt/airflow/dags/predictions.py
[2023-11-13T10:12:25.014+0000] {processor.py:756} INFO - Processing file /opt/airflow/dags/predictions.py for tasks to queue
[2023-11-13T10:12:25.016+0000] {logging_mixin.py:120} INFO - [2023-11-13T10:12:25.015+0000] {dagbag.py:537} INFO - Filling up the DagBag from /opt/airflow/dags/predictions.py
[2023-11-13T10:12:25.307+0000] {processor.py:766} INFO - DAG(s) dict_keys(['rand_user']) retrieved from /opt/airflow/dags/predictions.py
[2023-11-13T10:12:25.516+0000] {logging_mixin.py:120} INFO - [2023-11-13T10:12:25.515+0000] {dag.py:2585} INFO - Sync 1 DAGs
[2023-11-13T10:12:25.544+0000] {logging_mixin.py:120} INFO - [2023-11-13T10:12:25.543+0000] {dag.py:3340} INFO - Setting next_dagrun for rand_user to 2023-11-13T00:00:00+00:00, run_after=2023-11-14T00:00:00+00:00
[2023-11-13T10:12:25.577+0000] {processor.py:176} INFO - Processing /opt/airflow/dags/predictions.py took 0.568 seconds
[2023-11-13T10:12:54.158+0000] {processor.py:154} INFO - Started process (PID=1630) to work on /opt/airflow/dags/predictions.py
[2023-11-13T10:12:54.159+0000] {processor.py:756} INFO - Processing file /opt/airflow/dags/predictions.py for tasks to queue
[2023-11-13T10:12:54.161+0000] {logging_mixin.py:120} INFO - [2023-11-13T10:12:54.160+0000] {dagbag.py:537} INFO - Filling up the DagBag from /opt/airflow/dags/predictions.py
[2023-11-13T10:12:54.475+0000] {processor.py:766} INFO - DAG(s) dict_keys(['rand_user']) retrieved from /opt/airflow/dags/predictions.py
[2023-11-13T10:12:54.489+0000] {logging_mixin.py:120} INFO - [2023-11-13T10:12:54.488+0000] {dag.py:2585} INFO - Sync 1 DAGs
[2023-11-13T10:12:54.518+0000] {logging_mixin.py:120} INFO - [2023-11-13T10:12:54.518+0000] {dag.py:3340} INFO - Setting next_dagrun for rand_user to 2023-11-13T00:00:00+00:00, run_after=2023-11-14T00:00:00+00:00
[2023-11-13T10:12:54.553+0000] {processor.py:176} INFO - Processing /opt/airflow/dags/predictions.py took 0.398 seconds
[2023-11-13T10:13:24.680+0000] {processor.py:154} INFO - Started process (PID=1659) to work on /opt/airflow/dags/predictions.py
[2023-11-13T10:13:24.681+0000] {processor.py:756} INFO - Processing file /opt/airflow/dags/predictions.py for tasks to queue
[2023-11-13T10:13:24.682+0000] {logging_mixin.py:120} INFO - [2023-11-13T10:13:24.682+0000] {dagbag.py:537} INFO - Filling up the DagBag from /opt/airflow/dags/predictions.py
[2023-11-13T10:13:24.963+0000] {processor.py:766} INFO - DAG(s) dict_keys(['rand_user']) retrieved from /opt/airflow/dags/predictions.py
[2023-11-13T10:13:25.147+0000] {logging_mixin.py:120} INFO - [2023-11-13T10:13:25.146+0000] {dag.py:2585} INFO - Sync 1 DAGs
[2023-11-13T10:13:25.176+0000] {logging_mixin.py:120} INFO - [2023-11-13T10:13:25.176+0000] {dag.py:3340} INFO - Setting next_dagrun for rand_user to 2023-11-13T00:00:00+00:00, run_after=2023-11-14T00:00:00+00:00
[2023-11-13T10:13:25.208+0000] {processor.py:176} INFO - Processing /opt/airflow/dags/predictions.py took 0.532 seconds
[2023-11-13T10:13:33.263+0000] {processor.py:154} INFO - Started process (PID=1667) to work on /opt/airflow/dags/predictions.py
[2023-11-13T10:13:33.265+0000] {processor.py:756} INFO - Processing file /opt/airflow/dags/predictions.py for tasks to queue
[2023-11-13T10:13:33.266+0000] {logging_mixin.py:120} INFO - [2023-11-13T10:13:33.266+0000] {dagbag.py:537} INFO - Filling up the DagBag from /opt/airflow/dags/predictions.py
[2023-11-13T10:13:33.663+0000] {processor.py:766} INFO - DAG(s) dict_keys(['rand_user']) retrieved from /opt/airflow/dags/predictions.py
[2023-11-13T10:13:34.073+0000] {logging_mixin.py:120} INFO - [2023-11-13T10:13:34.073+0000] {dag.py:2585} INFO - Sync 1 DAGs
[2023-11-13T10:13:34.125+0000] {logging_mixin.py:120} INFO - [2023-11-13T10:13:34.125+0000] {dag.py:3340} INFO - Setting next_dagrun for rand_user to 2023-11-13T00:00:00+00:00, run_after=2023-11-14T00:00:00+00:00
[2023-11-13T10:13:34.151+0000] {processor.py:176} INFO - Processing /opt/airflow/dags/predictions.py took 0.892 seconds
[2023-11-13T10:14:04.283+0000] {processor.py:154} INFO - Started process (PID=1690) to work on /opt/airflow/dags/predictions.py
[2023-11-13T10:14:04.284+0000] {processor.py:756} INFO - Processing file /opt/airflow/dags/predictions.py for tasks to queue
[2023-11-13T10:14:04.286+0000] {logging_mixin.py:120} INFO - [2023-11-13T10:14:04.285+0000] {dagbag.py:537} INFO - Filling up the DagBag from /opt/airflow/dags/predictions.py
[2023-11-13T10:14:04.608+0000] {processor.py:766} INFO - DAG(s) dict_keys(['rand_user']) retrieved from /opt/airflow/dags/predictions.py
[2023-11-13T10:14:04.777+0000] {logging_mixin.py:120} INFO - [2023-11-13T10:14:04.776+0000] {dag.py:2585} INFO - Sync 1 DAGs
[2023-11-13T10:14:04.818+0000] {logging_mixin.py:120} INFO - [2023-11-13T10:14:04.818+0000] {dag.py:3340} INFO - Setting next_dagrun for rand_user to 2023-11-13T00:00:00+00:00, run_after=2023-11-14T00:00:00+00:00
[2023-11-13T10:14:04.849+0000] {processor.py:176} INFO - Processing /opt/airflow/dags/predictions.py took 0.569 seconds
[2023-11-13T10:14:34.968+0000] {processor.py:154} INFO - Started process (PID=1719) to work on /opt/airflow/dags/predictions.py
[2023-11-13T10:14:34.969+0000] {processor.py:756} INFO - Processing file /opt/airflow/dags/predictions.py for tasks to queue
[2023-11-13T10:14:34.970+0000] {logging_mixin.py:120} INFO - [2023-11-13T10:14:34.970+0000] {dagbag.py:537} INFO - Filling up the DagBag from /opt/airflow/dags/predictions.py
[2023-11-13T10:14:35.270+0000] {processor.py:766} INFO - DAG(s) dict_keys(['rand_user']) retrieved from /opt/airflow/dags/predictions.py
[2023-11-13T10:14:35.461+0000] {logging_mixin.py:120} INFO - [2023-11-13T10:14:35.460+0000] {dag.py:2585} INFO - Sync 1 DAGs
[2023-11-13T10:14:35.515+0000] {logging_mixin.py:120} INFO - [2023-11-13T10:14:35.515+0000] {dag.py:3340} INFO - Setting next_dagrun for rand_user to 2023-11-13T00:00:00+00:00, run_after=2023-11-14T00:00:00+00:00
[2023-11-13T10:14:35.542+0000] {processor.py:176} INFO - Processing /opt/airflow/dags/predictions.py took 0.577 seconds
[2023-11-13T10:15:05.689+0000] {processor.py:154} INFO - Started process (PID=1748) to work on /opt/airflow/dags/predictions.py
[2023-11-13T10:15:05.691+0000] {processor.py:756} INFO - Processing file /opt/airflow/dags/predictions.py for tasks to queue
[2023-11-13T10:15:05.692+0000] {logging_mixin.py:120} INFO - [2023-11-13T10:15:05.692+0000] {dagbag.py:537} INFO - Filling up the DagBag from /opt/airflow/dags/predictions.py
[2023-11-13T10:15:06.011+0000] {processor.py:766} INFO - DAG(s) dict_keys(['rand_user']) retrieved from /opt/airflow/dags/predictions.py
[2023-11-13T10:15:06.225+0000] {logging_mixin.py:120} INFO - [2023-11-13T10:15:06.224+0000] {dag.py:2585} INFO - Sync 1 DAGs
[2023-11-13T10:15:06.257+0000] {logging_mixin.py:120} INFO - [2023-11-13T10:15:06.257+0000] {dag.py:3340} INFO - Setting next_dagrun for rand_user to 2023-11-13T00:00:00+00:00, run_after=2023-11-14T00:00:00+00:00
[2023-11-13T10:15:06.281+0000] {processor.py:176} INFO - Processing /opt/airflow/dags/predictions.py took 0.597 seconds
[2023-11-13T10:15:36.408+0000] {processor.py:154} INFO - Started process (PID=1768) to work on /opt/airflow/dags/predictions.py
[2023-11-13T10:15:36.409+0000] {processor.py:756} INFO - Processing file /opt/airflow/dags/predictions.py for tasks to queue
[2023-11-13T10:15:36.410+0000] {logging_mixin.py:120} INFO - [2023-11-13T10:15:36.410+0000] {dagbag.py:537} INFO - Filling up the DagBag from /opt/airflow/dags/predictions.py
[2023-11-13T10:15:36.701+0000] {processor.py:766} INFO - DAG(s) dict_keys(['rand_user']) retrieved from /opt/airflow/dags/predictions.py
[2023-11-13T10:15:36.902+0000] {logging_mixin.py:120} INFO - [2023-11-13T10:15:36.902+0000] {dag.py:2585} INFO - Sync 1 DAGs
[2023-11-13T10:15:36.933+0000] {logging_mixin.py:120} INFO - [2023-11-13T10:15:36.932+0000] {dag.py:3340} INFO - Setting next_dagrun for rand_user to 2023-11-13T00:00:00+00:00, run_after=2023-11-14T00:00:00+00:00
[2023-11-13T10:15:36.954+0000] {processor.py:176} INFO - Processing /opt/airflow/dags/predictions.py took 0.550 seconds
[2023-11-13T10:16:07.129+0000] {processor.py:154} INFO - Started process (PID=1796) to work on /opt/airflow/dags/predictions.py
[2023-11-13T10:16:07.130+0000] {processor.py:756} INFO - Processing file /opt/airflow/dags/predictions.py for tasks to queue
[2023-11-13T10:16:07.131+0000] {logging_mixin.py:120} INFO - [2023-11-13T10:16:07.131+0000] {dagbag.py:537} INFO - Filling up the DagBag from /opt/airflow/dags/predictions.py
[2023-11-13T10:16:07.413+0000] {processor.py:766} INFO - DAG(s) dict_keys(['rand_user']) retrieved from /opt/airflow/dags/predictions.py
[2023-11-13T10:16:07.587+0000] {logging_mixin.py:120} INFO - [2023-11-13T10:16:07.586+0000] {dag.py:2585} INFO - Sync 1 DAGs
[2023-11-13T10:16:07.617+0000] {logging_mixin.py:120} INFO - [2023-11-13T10:16:07.617+0000] {dag.py:3340} INFO - Setting next_dagrun for rand_user to 2023-11-13T00:00:00+00:00, run_after=2023-11-14T00:00:00+00:00
[2023-11-13T10:16:07.650+0000] {processor.py:176} INFO - Processing /opt/airflow/dags/predictions.py took 0.525 seconds
[2023-11-13T10:16:37.776+0000] {processor.py:154} INFO - Started process (PID=1825) to work on /opt/airflow/dags/predictions.py
[2023-11-13T10:16:37.778+0000] {processor.py:756} INFO - Processing file /opt/airflow/dags/predictions.py for tasks to queue
[2023-11-13T10:16:37.779+0000] {logging_mixin.py:120} INFO - [2023-11-13T10:16:37.779+0000] {dagbag.py:537} INFO - Filling up the DagBag from /opt/airflow/dags/predictions.py
[2023-11-13T10:16:38.151+0000] {processor.py:766} INFO - DAG(s) dict_keys(['rand_user']) retrieved from /opt/airflow/dags/predictions.py
[2023-11-13T10:16:38.346+0000] {logging_mixin.py:120} INFO - [2023-11-13T10:16:38.346+0000] {dag.py:2585} INFO - Sync 1 DAGs
[2023-11-13T10:16:38.381+0000] {logging_mixin.py:120} INFO - [2023-11-13T10:16:38.381+0000] {dag.py:3340} INFO - Setting next_dagrun for rand_user to 2023-11-13T00:00:00+00:00, run_after=2023-11-14T00:00:00+00:00
[2023-11-13T10:16:38.405+0000] {processor.py:176} INFO - Processing /opt/airflow/dags/predictions.py took 0.633 seconds
[2023-11-13T10:17:08.558+0000] {processor.py:154} INFO - Started process (PID=1845) to work on /opt/airflow/dags/predictions.py
[2023-11-13T10:17:08.559+0000] {processor.py:756} INFO - Processing file /opt/airflow/dags/predictions.py for tasks to queue
[2023-11-13T10:17:08.560+0000] {logging_mixin.py:120} INFO - [2023-11-13T10:17:08.560+0000] {dagbag.py:537} INFO - Filling up the DagBag from /opt/airflow/dags/predictions.py
[2023-11-13T10:17:08.981+0000] {processor.py:766} INFO - DAG(s) dict_keys(['rand_user']) retrieved from /opt/airflow/dags/predictions.py
[2023-11-13T10:17:09.241+0000] {logging_mixin.py:120} INFO - [2023-11-13T10:17:09.241+0000] {dag.py:2585} INFO - Sync 1 DAGs
[2023-11-13T10:17:09.277+0000] {logging_mixin.py:120} INFO - [2023-11-13T10:17:09.277+0000] {dag.py:3340} INFO - Setting next_dagrun for rand_user to 2023-11-13T00:00:00+00:00, run_after=2023-11-14T00:00:00+00:00
[2023-11-13T10:17:09.310+0000] {processor.py:176} INFO - Processing /opt/airflow/dags/predictions.py took 0.756 seconds
[2023-11-13T10:17:39.437+0000] {processor.py:154} INFO - Started process (PID=1874) to work on /opt/airflow/dags/predictions.py
[2023-11-13T10:17:39.438+0000] {processor.py:756} INFO - Processing file /opt/airflow/dags/predictions.py for tasks to queue
[2023-11-13T10:17:39.439+0000] {logging_mixin.py:120} INFO - [2023-11-13T10:17:39.439+0000] {dagbag.py:537} INFO - Filling up the DagBag from /opt/airflow/dags/predictions.py
[2023-11-13T10:17:39.740+0000] {processor.py:766} INFO - DAG(s) dict_keys(['rand_user']) retrieved from /opt/airflow/dags/predictions.py
[2023-11-13T10:17:39.929+0000] {logging_mixin.py:120} INFO - [2023-11-13T10:17:39.928+0000] {dag.py:2585} INFO - Sync 1 DAGs
[2023-11-13T10:17:39.963+0000] {logging_mixin.py:120} INFO - [2023-11-13T10:17:39.963+0000] {dag.py:3340} INFO - Setting next_dagrun for rand_user to 2023-11-13T00:00:00+00:00, run_after=2023-11-14T00:00:00+00:00
[2023-11-13T10:17:39.995+0000] {processor.py:176} INFO - Processing /opt/airflow/dags/predictions.py took 0.561 seconds
[2023-11-13T10:18:10.148+0000] {processor.py:154} INFO - Started process (PID=1902) to work on /opt/airflow/dags/predictions.py
[2023-11-13T10:18:10.150+0000] {processor.py:756} INFO - Processing file /opt/airflow/dags/predictions.py for tasks to queue
[2023-11-13T10:18:10.152+0000] {logging_mixin.py:120} INFO - [2023-11-13T10:18:10.152+0000] {dagbag.py:537} INFO - Filling up the DagBag from /opt/airflow/dags/predictions.py
[2023-11-13T10:18:10.583+0000] {processor.py:766} INFO - DAG(s) dict_keys(['rand_user']) retrieved from /opt/airflow/dags/predictions.py
[2023-11-13T10:18:10.875+0000] {logging_mixin.py:120} INFO - [2023-11-13T10:18:10.875+0000] {dag.py:2585} INFO - Sync 1 DAGs
[2023-11-13T10:18:10.910+0000] {logging_mixin.py:120} INFO - [2023-11-13T10:18:10.910+0000] {dag.py:3340} INFO - Setting next_dagrun for rand_user to 2023-11-13T00:00:00+00:00, run_after=2023-11-14T00:00:00+00:00
[2023-11-13T10:18:10.931+0000] {processor.py:176} INFO - Processing /opt/airflow/dags/predictions.py took 0.789 seconds
[2023-11-13T10:18:41.058+0000] {processor.py:154} INFO - Started process (PID=1922) to work on /opt/airflow/dags/predictions.py
[2023-11-13T10:18:41.059+0000] {processor.py:756} INFO - Processing file /opt/airflow/dags/predictions.py for tasks to queue
[2023-11-13T10:18:41.060+0000] {logging_mixin.py:120} INFO - [2023-11-13T10:18:41.060+0000] {dagbag.py:537} INFO - Filling up the DagBag from /opt/airflow/dags/predictions.py
[2023-11-13T10:18:41.384+0000] {processor.py:766} INFO - DAG(s) dict_keys(['rand_user']) retrieved from /opt/airflow/dags/predictions.py
[2023-11-13T10:18:41.593+0000] {logging_mixin.py:120} INFO - [2023-11-13T10:18:41.593+0000] {dag.py:2585} INFO - Sync 1 DAGs
[2023-11-13T10:18:41.629+0000] {logging_mixin.py:120} INFO - [2023-11-13T10:18:41.628+0000] {dag.py:3340} INFO - Setting next_dagrun for rand_user to 2023-11-13T00:00:00+00:00, run_after=2023-11-14T00:00:00+00:00
[2023-11-13T10:18:41.662+0000] {processor.py:176} INFO - Processing /opt/airflow/dags/predictions.py took 0.607 seconds
[2023-11-13T10:19:11.806+0000] {processor.py:154} INFO - Started process (PID=1951) to work on /opt/airflow/dags/predictions.py
[2023-11-13T10:19:11.807+0000] {processor.py:756} INFO - Processing file /opt/airflow/dags/predictions.py for tasks to queue
[2023-11-13T10:19:11.808+0000] {logging_mixin.py:120} INFO - [2023-11-13T10:19:11.808+0000] {dagbag.py:537} INFO - Filling up the DagBag from /opt/airflow/dags/predictions.py
[2023-11-13T10:19:12.075+0000] {processor.py:766} INFO - DAG(s) dict_keys(['rand_user']) retrieved from /opt/airflow/dags/predictions.py
[2023-11-13T10:19:12.244+0000] {logging_mixin.py:120} INFO - [2023-11-13T10:19:12.244+0000] {dag.py:2585} INFO - Sync 1 DAGs
[2023-11-13T10:19:12.276+0000] {logging_mixin.py:120} INFO - [2023-11-13T10:19:12.276+0000] {dag.py:3340} INFO - Setting next_dagrun for rand_user to 2023-11-13T00:00:00+00:00, run_after=2023-11-14T00:00:00+00:00
[2023-11-13T10:19:12.308+0000] {processor.py:176} INFO - Processing /opt/airflow/dags/predictions.py took 0.505 seconds
[2023-11-13T10:19:42.452+0000] {processor.py:154} INFO - Started process (PID=1980) to work on /opt/airflow/dags/predictions.py
[2023-11-13T10:19:42.453+0000] {processor.py:756} INFO - Processing file /opt/airflow/dags/predictions.py for tasks to queue
[2023-11-13T10:19:42.455+0000] {logging_mixin.py:120} INFO - [2023-11-13T10:19:42.454+0000] {dagbag.py:537} INFO - Filling up the DagBag from /opt/airflow/dags/predictions.py
[2023-11-13T10:19:42.781+0000] {processor.py:766} INFO - DAG(s) dict_keys(['rand_user']) retrieved from /opt/airflow/dags/predictions.py
[2023-11-13T10:19:42.957+0000] {logging_mixin.py:120} INFO - [2023-11-13T10:19:42.956+0000] {dag.py:2585} INFO - Sync 1 DAGs
[2023-11-13T10:19:42.986+0000] {logging_mixin.py:120} INFO - [2023-11-13T10:19:42.986+0000] {dag.py:3340} INFO - Setting next_dagrun for rand_user to 2023-11-13T00:00:00+00:00, run_after=2023-11-14T00:00:00+00:00
[2023-11-13T10:19:43.017+0000] {processor.py:176} INFO - Processing /opt/airflow/dags/predictions.py took 0.569 seconds
[2023-11-13T10:20:13.162+0000] {processor.py:154} INFO - Started process (PID=2000) to work on /opt/airflow/dags/predictions.py
[2023-11-13T10:20:13.167+0000] {processor.py:756} INFO - Processing file /opt/airflow/dags/predictions.py for tasks to queue
[2023-11-13T10:20:13.169+0000] {logging_mixin.py:120} INFO - [2023-11-13T10:20:13.169+0000] {dagbag.py:537} INFO - Filling up the DagBag from /opt/airflow/dags/predictions.py
[2023-11-13T10:20:13.532+0000] {processor.py:766} INFO - DAG(s) dict_keys(['rand_user']) retrieved from /opt/airflow/dags/predictions.py
[2023-11-13T10:20:13.778+0000] {logging_mixin.py:120} INFO - [2023-11-13T10:20:13.778+0000] {dag.py:2585} INFO - Sync 1 DAGs
[2023-11-13T10:20:13.814+0000] {logging_mixin.py:120} INFO - [2023-11-13T10:20:13.814+0000] {dag.py:3340} INFO - Setting next_dagrun for rand_user to 2023-11-13T00:00:00+00:00, run_after=2023-11-14T00:00:00+00:00
[2023-11-13T10:20:13.848+0000] {processor.py:176} INFO - Processing /opt/airflow/dags/predictions.py took 0.692 seconds
[2023-11-13T10:20:43.965+0000] {processor.py:154} INFO - Started process (PID=2029) to work on /opt/airflow/dags/predictions.py
[2023-11-13T10:20:43.967+0000] {processor.py:756} INFO - Processing file /opt/airflow/dags/predictions.py for tasks to queue
[2023-11-13T10:20:43.968+0000] {logging_mixin.py:120} INFO - [2023-11-13T10:20:43.967+0000] {dagbag.py:537} INFO - Filling up the DagBag from /opt/airflow/dags/predictions.py
[2023-11-13T10:20:44.232+0000] {processor.py:766} INFO - DAG(s) dict_keys(['rand_user']) retrieved from /opt/airflow/dags/predictions.py
[2023-11-13T10:20:44.392+0000] {logging_mixin.py:120} INFO - [2023-11-13T10:20:44.392+0000] {dag.py:2585} INFO - Sync 1 DAGs
[2023-11-13T10:20:44.424+0000] {logging_mixin.py:120} INFO - [2023-11-13T10:20:44.424+0000] {dag.py:3340} INFO - Setting next_dagrun for rand_user to 2023-11-13T00:00:00+00:00, run_after=2023-11-14T00:00:00+00:00
[2023-11-13T10:20:44.444+0000] {processor.py:176} INFO - Processing /opt/airflow/dags/predictions.py took 0.482 seconds
[2023-11-13T10:21:14.572+0000] {processor.py:154} INFO - Started process (PID=2058) to work on /opt/airflow/dags/predictions.py
[2023-11-13T10:21:14.573+0000] {processor.py:756} INFO - Processing file /opt/airflow/dags/predictions.py for tasks to queue
[2023-11-13T10:21:14.575+0000] {logging_mixin.py:120} INFO - [2023-11-13T10:21:14.574+0000] {dagbag.py:537} INFO - Filling up the DagBag from /opt/airflow/dags/predictions.py
[2023-11-13T10:21:14.841+0000] {processor.py:766} INFO - DAG(s) dict_keys(['rand_user']) retrieved from /opt/airflow/dags/predictions.py
[2023-11-13T10:21:15.009+0000] {logging_mixin.py:120} INFO - [2023-11-13T10:21:15.008+0000] {dag.py:2585} INFO - Sync 1 DAGs
[2023-11-13T10:21:15.037+0000] {logging_mixin.py:120} INFO - [2023-11-13T10:21:15.037+0000] {dag.py:3340} INFO - Setting next_dagrun for rand_user to 2023-11-13T00:00:00+00:00, run_after=2023-11-14T00:00:00+00:00
[2023-11-13T10:21:15.056+0000] {processor.py:176} INFO - Processing /opt/airflow/dags/predictions.py took 0.487 seconds
[2023-11-13T10:21:45.204+0000] {processor.py:154} INFO - Started process (PID=2087) to work on /opt/airflow/dags/predictions.py
[2023-11-13T10:21:45.205+0000] {processor.py:756} INFO - Processing file /opt/airflow/dags/predictions.py for tasks to queue
[2023-11-13T10:21:45.206+0000] {logging_mixin.py:120} INFO - [2023-11-13T10:21:45.206+0000] {dagbag.py:537} INFO - Filling up the DagBag from /opt/airflow/dags/predictions.py
[2023-11-13T10:21:45.470+0000] {processor.py:766} INFO - DAG(s) dict_keys(['rand_user']) retrieved from /opt/airflow/dags/predictions.py
[2023-11-13T10:21:45.627+0000] {logging_mixin.py:120} INFO - [2023-11-13T10:21:45.627+0000] {dag.py:2585} INFO - Sync 1 DAGs
[2023-11-13T10:21:45.658+0000] {logging_mixin.py:120} INFO - [2023-11-13T10:21:45.658+0000] {dag.py:3340} INFO - Setting next_dagrun for rand_user to 2023-11-13T00:00:00+00:00, run_after=2023-11-14T00:00:00+00:00
[2023-11-13T10:21:45.690+0000] {processor.py:176} INFO - Processing /opt/airflow/dags/predictions.py took 0.489 seconds
[2023-11-13T10:22:15.817+0000] {processor.py:154} INFO - Started process (PID=2107) to work on /opt/airflow/dags/predictions.py
[2023-11-13T10:22:15.819+0000] {processor.py:756} INFO - Processing file /opt/airflow/dags/predictions.py for tasks to queue
[2023-11-13T10:22:15.820+0000] {logging_mixin.py:120} INFO - [2023-11-13T10:22:15.820+0000] {dagbag.py:537} INFO - Filling up the DagBag from /opt/airflow/dags/predictions.py
[2023-11-13T10:22:16.108+0000] {processor.py:766} INFO - DAG(s) dict_keys(['rand_user']) retrieved from /opt/airflow/dags/predictions.py
[2023-11-13T10:22:16.299+0000] {logging_mixin.py:120} INFO - [2023-11-13T10:22:16.298+0000] {dag.py:2585} INFO - Sync 1 DAGs
[2023-11-13T10:22:16.329+0000] {logging_mixin.py:120} INFO - [2023-11-13T10:22:16.329+0000] {dag.py:3340} INFO - Setting next_dagrun for rand_user to 2023-11-13T00:00:00+00:00, run_after=2023-11-14T00:00:00+00:00
[2023-11-13T10:22:16.360+0000] {processor.py:176} INFO - Processing /opt/airflow/dags/predictions.py took 0.546 seconds
[2023-11-13T10:22:46.441+0000] {processor.py:154} INFO - Started process (PID=2137) to work on /opt/airflow/dags/predictions.py
[2023-11-13T10:22:46.442+0000] {processor.py:756} INFO - Processing file /opt/airflow/dags/predictions.py for tasks to queue
[2023-11-13T10:22:46.443+0000] {logging_mixin.py:120} INFO - [2023-11-13T10:22:46.443+0000] {dagbag.py:537} INFO - Filling up the DagBag from /opt/airflow/dags/predictions.py
[2023-11-13T10:22:46.711+0000] {processor.py:766} INFO - DAG(s) dict_keys(['rand_user']) retrieved from /opt/airflow/dags/predictions.py
[2023-11-13T10:22:46.885+0000] {logging_mixin.py:120} INFO - [2023-11-13T10:22:46.885+0000] {dag.py:2585} INFO - Sync 1 DAGs
[2023-11-13T10:22:46.912+0000] {logging_mixin.py:120} INFO - [2023-11-13T10:22:46.912+0000] {dag.py:3340} INFO - Setting next_dagrun for rand_user to 2023-11-13T00:00:00+00:00, run_after=2023-11-14T00:00:00+00:00
[2023-11-13T10:22:46.931+0000] {processor.py:176} INFO - Processing /opt/airflow/dags/predictions.py took 0.494 seconds
[2023-11-13T10:23:17.066+0000] {processor.py:154} INFO - Started process (PID=2166) to work on /opt/airflow/dags/predictions.py
[2023-11-13T10:23:17.067+0000] {processor.py:756} INFO - Processing file /opt/airflow/dags/predictions.py for tasks to queue
[2023-11-13T10:23:17.068+0000] {logging_mixin.py:120} INFO - [2023-11-13T10:23:17.068+0000] {dagbag.py:537} INFO - Filling up the DagBag from /opt/airflow/dags/predictions.py
[2023-11-13T10:23:17.339+0000] {processor.py:766} INFO - DAG(s) dict_keys(['rand_user']) retrieved from /opt/airflow/dags/predictions.py
[2023-11-13T10:23:17.510+0000] {logging_mixin.py:120} INFO - [2023-11-13T10:23:17.510+0000] {dag.py:2585} INFO - Sync 1 DAGs
[2023-11-13T10:23:17.537+0000] {logging_mixin.py:120} INFO - [2023-11-13T10:23:17.537+0000] {dag.py:3340} INFO - Setting next_dagrun for rand_user to 2023-11-13T00:00:00+00:00, run_after=2023-11-14T00:00:00+00:00
[2023-11-13T10:23:17.568+0000] {processor.py:176} INFO - Processing /opt/airflow/dags/predictions.py took 0.507 seconds
[2023-11-13T10:23:47.707+0000] {processor.py:154} INFO - Started process (PID=2195) to work on /opt/airflow/dags/predictions.py
[2023-11-13T10:23:47.708+0000] {processor.py:756} INFO - Processing file /opt/airflow/dags/predictions.py for tasks to queue
[2023-11-13T10:23:47.710+0000] {logging_mixin.py:120} INFO - [2023-11-13T10:23:47.710+0000] {dagbag.py:537} INFO - Filling up the DagBag from /opt/airflow/dags/predictions.py
[2023-11-13T10:23:48.034+0000] {processor.py:766} INFO - DAG(s) dict_keys(['rand_user']) retrieved from /opt/airflow/dags/predictions.py
[2023-11-13T10:23:48.230+0000] {logging_mixin.py:120} INFO - [2023-11-13T10:23:48.229+0000] {dag.py:2585} INFO - Sync 1 DAGs
[2023-11-13T10:23:48.264+0000] {logging_mixin.py:120} INFO - [2023-11-13T10:23:48.264+0000] {dag.py:3340} INFO - Setting next_dagrun for rand_user to 2023-11-13T00:00:00+00:00, run_after=2023-11-14T00:00:00+00:00
[2023-11-13T10:23:48.288+0000] {processor.py:176} INFO - Processing /opt/airflow/dags/predictions.py took 0.585 seconds
[2023-11-13T10:24:18.426+0000] {processor.py:154} INFO - Started process (PID=2215) to work on /opt/airflow/dags/predictions.py
[2023-11-13T10:24:18.427+0000] {processor.py:756} INFO - Processing file /opt/airflow/dags/predictions.py for tasks to queue
[2023-11-13T10:24:18.429+0000] {logging_mixin.py:120} INFO - [2023-11-13T10:24:18.428+0000] {dagbag.py:537} INFO - Filling up the DagBag from /opt/airflow/dags/predictions.py
[2023-11-13T10:24:18.690+0000] {processor.py:766} INFO - DAG(s) dict_keys(['rand_user']) retrieved from /opt/airflow/dags/predictions.py
[2023-11-13T10:24:18.864+0000] {logging_mixin.py:120} INFO - [2023-11-13T10:24:18.863+0000] {dag.py:2585} INFO - Sync 1 DAGs
[2023-11-13T10:24:18.902+0000] {logging_mixin.py:120} INFO - [2023-11-13T10:24:18.902+0000] {dag.py:3340} INFO - Setting next_dagrun for rand_user to 2023-11-13T00:00:00+00:00, run_after=2023-11-14T00:00:00+00:00
[2023-11-13T10:24:18.940+0000] {processor.py:176} INFO - Processing /opt/airflow/dags/predictions.py took 0.517 seconds
