[2023-11-23T05:51:51.619+0000] {taskinstance.py:1165} INFO - Dependencies all met for <TaskInstance: rand_user.process_user scheduled__2023-11-23T05:21:44.704309+00:00 [queued]>
[2023-11-23T05:51:51.634+0000] {taskinstance.py:1165} INFO - Dependencies all met for <TaskInstance: rand_user.process_user scheduled__2023-11-23T05:21:44.704309+00:00 [queued]>
[2023-11-23T05:51:51.634+0000] {taskinstance.py:1362} INFO - 
--------------------------------------------------------------------------------
[2023-11-23T05:51:51.634+0000] {taskinstance.py:1363} INFO - Starting attempt 1 of 3
[2023-11-23T05:51:51.635+0000] {taskinstance.py:1364} INFO - 
--------------------------------------------------------------------------------
[2023-11-23T05:51:51.654+0000] {taskinstance.py:1383} INFO - Executing <Task(PythonOperator): process_user> on 2023-11-23 05:21:44.704309+00:00
[2023-11-23T05:51:51.661+0000] {standard_task_runner.py:55} INFO - Started process 5127 to run task
[2023-11-23T05:51:51.667+0000] {standard_task_runner.py:82} INFO - Running: ['***', 'tasks', 'run', 'rand_user', 'process_user', 'scheduled__2023-11-23T05:21:44.704309+00:00', '--job-id', '440', '--raw', '--subdir', 'DAGS_FOLDER/predictions.py', '--cfg-path', '/tmp/tmpmcit3y29']
[2023-11-23T05:51:51.670+0000] {standard_task_runner.py:83} INFO - Job 440: Subtask process_user
[2023-11-23T05:51:51.760+0000] {task_command.py:376} INFO - Running <TaskInstance: rand_user.process_user scheduled__2023-11-23T05:21:44.704309+00:00 [running]> on host f71f95879a41
[2023-11-23T05:51:51.848+0000] {taskinstance.py:1592} INFO - Exporting the following env vars:
AIRFLOW_CTX_DAG_OWNER=Gaurav
AIRFLOW_CTX_DAG_ID=rand_user
AIRFLOW_CTX_TASK_ID=process_user
AIRFLOW_CTX_EXECUTION_DATE=2023-11-23T05:21:44.704309+00:00
AIRFLOW_CTX_TRY_NUMBER=1
AIRFLOW_CTX_DAG_RUN_ID=scheduled__2023-11-23T05:21:44.704309+00:00
[2023-11-23T05:51:51.876+0000] {python.py:177} INFO - Done. Returned value was: None
[2023-11-23T05:51:51.889+0000] {taskinstance.py:1406} INFO - Marking task as SUCCESS. dag_id=rand_user, task_id=process_user, execution_date=20231123T052144, start_date=20231123T055151, end_date=20231123T055151
[2023-11-23T05:51:51.917+0000] {local_task_job.py:164} INFO - Task exited with return code 0
[2023-11-23T05:51:51.960+0000] {local_task_job.py:273} INFO - 1 downstream tasks scheduled from follow-on schedule check
