[2023-11-23T06:59:07.137+0000] {taskinstance.py:1165} INFO - Dependencies all met for <TaskInstance: rand_user.process_user manual__2023-11-23T06:58:59.115866+00:00 [queued]>
[2023-11-23T06:59:07.153+0000] {taskinstance.py:1165} INFO - Dependencies all met for <TaskInstance: rand_user.process_user manual__2023-11-23T06:58:59.115866+00:00 [queued]>
[2023-11-23T06:59:07.154+0000] {taskinstance.py:1362} INFO - 
--------------------------------------------------------------------------------
[2023-11-23T06:59:07.154+0000] {taskinstance.py:1363} INFO - Starting attempt 1 of 3
[2023-11-23T06:59:07.154+0000] {taskinstance.py:1364} INFO - 
--------------------------------------------------------------------------------
[2023-11-23T06:59:07.177+0000] {taskinstance.py:1383} INFO - Executing <Task(PythonOperator): process_user> on 2023-11-23 06:58:59.115866+00:00
[2023-11-23T06:59:07.186+0000] {standard_task_runner.py:55} INFO - Started process 8700 to run task
[2023-11-23T06:59:07.191+0000] {standard_task_runner.py:82} INFO - Running: ['***', 'tasks', 'run', 'rand_user', 'process_user', 'manual__2023-11-23T06:58:59.115866+00:00', '--job-id', '584', '--raw', '--subdir', 'DAGS_FOLDER/predictions.py', '--cfg-path', '/tmp/tmpwiw5fo4r']
[2023-11-23T06:59:07.193+0000] {standard_task_runner.py:83} INFO - Job 584: Subtask process_user
[2023-11-23T06:59:07.270+0000] {task_command.py:376} INFO - Running <TaskInstance: rand_user.process_user manual__2023-11-23T06:58:59.115866+00:00 [running]> on host f71f95879a41
[2023-11-23T06:59:07.347+0000] {taskinstance.py:1592} INFO - Exporting the following env vars:
AIRFLOW_CTX_DAG_OWNER=Gaurav
AIRFLOW_CTX_DAG_ID=rand_user
AIRFLOW_CTX_TASK_ID=process_user
AIRFLOW_CTX_EXECUTION_DATE=2023-11-23T06:58:59.115866+00:00
AIRFLOW_CTX_TRY_NUMBER=1
AIRFLOW_CTX_DAG_RUN_ID=manual__2023-11-23T06:58:59.115866+00:00
[2023-11-23T06:59:07.360+0000] {logging_mixin.py:120} INFO - printing the user-data {"results":[{"gender":"male","name":{"title":"Mr","first":"Landon","last":"Bates"},"location":{"street":{"number":9827,"name":"Washington Ave"},"city":"Wollongong","state":"Victoria","country":"Australia","postcode":1069,"coordinates":{"latitude":"-88.6018","longitude":"-81.8592"},"timezone":{"offset":"+5:30","description":"Bombay, Calcutta, Madras, New Delhi"}},"email":"landon.bates@example.com","login":{"uuid":"90bfffdd-f715-4939-82f7-bea48eb45626","username":"yellowladybug745","password":"brewster","salt":"0BfvMnMr","md5":"ee9f53bbb7c450886fbc030a76f4136c","sha1":"63234638ceb29c3c92730a9f074d2bef93cb5724","sha256":"0a79a4e1cb7d6f5694829a574efa0af434e6cb5e79a2380dd40588789870ec90"},"dob":{"date":"1995-07-22T18:25:58.259Z","age":28},"registered":{"date":"2015-10-15T08:04:06.057Z","age":8},"phone":"05-8723-3144","cell":"0407-672-423","id":{"name":"TFN","value":"928554986"},"picture":{"large":"https://randomuser.me/api/portraits/men/30.jpg","medium":"https://randomuser.me/api/portraits/med/men/30.jpg","thumbnail":"https://randomuser.me/api/portraits/thumb/men/30.jpg"},"nat":"AU"}],"info":{"seed":"8934bd061c5cb594","results":1,"page":1,"version":"1.4"}}
[2023-11-23T06:59:07.368+0000] {python.py:177} INFO - Done. Returned value was: None
[2023-11-23T06:59:07.379+0000] {taskinstance.py:1406} INFO - Marking task as SUCCESS. dag_id=rand_user, task_id=process_user, execution_date=20231123T065859, start_date=20231123T065907, end_date=20231123T065907
[2023-11-23T06:59:07.402+0000] {local_task_job.py:164} INFO - Task exited with return code 0
[2023-11-23T06:59:07.447+0000] {local_task_job.py:273} INFO - 1 downstream tasks scheduled from follow-on schedule check
