[2023-11-22T10:18:22.813+0000] {taskinstance.py:1165} INFO - Dependencies all met for <TaskInstance: Data_transfer.Create_destination_table manual__2023-11-22T10:16:06.992462+00:00 [queued]>
[2023-11-22T10:18:22.865+0000] {taskinstance.py:1165} INFO - Dependencies all met for <TaskInstance: Data_transfer.Create_destination_table manual__2023-11-22T10:16:06.992462+00:00 [queued]>
[2023-11-22T10:18:22.869+0000] {taskinstance.py:1362} INFO - 
--------------------------------------------------------------------------------
[2023-11-22T10:18:22.870+0000] {taskinstance.py:1363} INFO - Starting attempt 1 of 3
[2023-11-22T10:18:22.871+0000] {taskinstance.py:1364} INFO - 
--------------------------------------------------------------------------------
[2023-11-22T10:18:22.905+0000] {taskinstance.py:1383} INFO - Executing <Task(PostgresOperator): Create_destination_table> on 2023-11-22 10:16:06.992462+00:00
[2023-11-22T10:18:22.930+0000] {standard_task_runner.py:55} INFO - Started process 6825 to run task
[2023-11-22T10:18:22.934+0000] {standard_task_runner.py:82} INFO - Running: ['***', 'tasks', 'run', 'Data_transfer', 'Create_destination_table', 'manual__2023-11-22T10:16:06.992462+00:00', '--job-id', '181', '--raw', '--subdir', 'DAGS_FOLDER/data_transfer.py', '--cfg-path', '/tmp/tmp52i6py2b']
[2023-11-22T10:18:22.942+0000] {standard_task_runner.py:83} INFO - Job 181: Subtask Create_destination_table
[2023-11-22T10:18:23.046+0000] {task_command.py:376} INFO - Running <TaskInstance: Data_transfer.Create_destination_table manual__2023-11-22T10:16:06.992462+00:00 [running]> on host f71f95879a41
[2023-11-22T10:18:23.120+0000] {taskinstance.py:1592} INFO - Exporting the following env vars:
AIRFLOW_CTX_DAG_OWNER=Gaurav
AIRFLOW_CTX_DAG_ID=Data_transfer
AIRFLOW_CTX_TASK_ID=Create_destination_table
AIRFLOW_CTX_EXECUTION_DATE=2023-11-22T10:16:06.992462+00:00
AIRFLOW_CTX_TRY_NUMBER=1
AIRFLOW_CTX_DAG_RUN_ID=manual__2023-11-22T10:16:06.992462+00:00
[2023-11-22T10:18:23.132+0000] {base.py:71} INFO - Using connection ID 'dest_conn_id' for task execution.
[2023-11-22T10:18:23.140+0000] {sql.py:315} INFO - Running statement: 
        CREATE TABLE IF NOT EXISTS table2_dest_users (
        uuid TEXT NOT NULL,
        title TEXT NOT NULL,
        firstname TEXT NOT NULL,
        lastname TEXT NOT NULL,
        gender TEXT NOT NULL,
        country TEXT NOT NULL,
        username TEXT NOT NULL,
        password TEXT NOT NULL,
        email TEXT NOT NULL,
        age INT NOT NULL
        )
        , parameters: None
[2023-11-22T10:18:23.161+0000] {taskinstance.py:1406} INFO - Marking task as SUCCESS. dag_id=Data_transfer, task_id=Create_destination_table, execution_date=20231122T101606, start_date=20231122T101822, end_date=20231122T101823
[2023-11-22T10:18:23.191+0000] {local_task_job.py:164} INFO - Task exited with return code 0
[2023-11-22T10:18:23.212+0000] {local_task_job.py:273} INFO - 0 downstream tasks scheduled from follow-on schedule check
